
         /\      Grafana   /‾‾/  
    /\  /  \     |\  __   /  /   
   /  \/    \    | |/ /  /   ‾‾\ 
  /          \   |   (  |  (‾)  |
 / __________ \  |_|\_\  \_____/ 


     execution: local
        script: io-bound-test.js
        output: -

     scenarios: (100.00%) 1 scenario, 600 max VUs, 6m30s max duration (incl. graceful stop):
              * default: Up to 600 looping VUs for 6m0s over 3 stages (gracefulRampDown: 30s, gracefulStop: 30s)


running (0m00.8s), 016/600 VUs, 107 complete and 0 interrupted iterations
default   [   0% ] 016/600 VUs  0m00.8s/6m00.0s

running (0m01.8s), 036/600 VUs, 595 complete and 0 interrupted iterations
default   [   0% ] 036/600 VUs  0m01.8s/6m00.0s

running (0m02.8s), 056/600 VUs, 1474 complete and 0 interrupted iterations
default   [   1% ] 056/600 VUs  0m02.8s/6m00.0s

running (0m03.8s), 075/600 VUs, 2471 complete and 0 interrupted iterations
default   [   1% ] 075/600 VUs  0m03.8s/6m00.0s

running (0m04.8s), 095/600 VUs, 3461 complete and 0 interrupted iterations
default   [   1% ] 095/600 VUs  0m04.8s/6m00.0s

running (0m05.8s), 115/600 VUs, 4454 complete and 0 interrupted iterations
default   [   2% ] 115/600 VUs  0m05.8s/6m00.0s

running (0m06.8s), 135/600 VUs, 5440 complete and 0 interrupted iterations
default   [   2% ] 135/600 VUs  0m06.8s/6m00.0s

running (0m07.8s), 155/600 VUs, 6426 complete and 0 interrupted iterations
default   [   2% ] 155/600 VUs  0m07.8s/6m00.0s

running (0m08.8s), 175/600 VUs, 7424 complete and 0 interrupted iterations
default   [   2% ] 175/600 VUs  0m08.8s/6m00.0s

running (0m09.8s), 195/600 VUs, 8418 complete and 0 interrupted iterations
default   [   3% ] 195/600 VUs  0m09.8s/6m00.0s

running (0m10.8s), 215/600 VUs, 9409 complete and 0 interrupted iterations
default   [   3% ] 215/600 VUs  0m10.8s/6m00.0s

running (0m11.8s), 235/600 VUs, 10396 complete and 0 interrupted iterations
default   [   3% ] 235/600 VUs  0m11.8s/6m00.0s

running (0m12.8s), 255/600 VUs, 11379 complete and 0 interrupted iterations
default   [   4% ] 255/600 VUs  0m12.8s/6m00.0s

running (0m13.8s), 275/600 VUs, 12374 complete and 0 interrupted iterations
default   [   4% ] 275/600 VUs  0m13.8s/6m00.0s

running (0m14.8s), 295/600 VUs, 13374 complete and 0 interrupted iterations
default   [   4% ] 295/600 VUs  0m14.8s/6m00.0s

running (0m15.8s), 315/600 VUs, 14369 complete and 0 interrupted iterations
default   [   4% ] 315/600 VUs  0m15.8s/6m00.0s

running (0m16.8s), 335/600 VUs, 15361 complete and 0 interrupted iterations
default   [   5% ] 335/600 VUs  0m16.8s/6m00.0s

running (0m17.8s), 355/600 VUs, 16345 complete and 0 interrupted iterations
default   [   5% ] 355/600 VUs  0m17.8s/6m00.0s

running (0m18.8s), 375/600 VUs, 17331 complete and 0 interrupted iterations
default   [   5% ] 375/600 VUs  0m18.8s/6m00.0s

running (0m19.8s), 395/600 VUs, 18324 complete and 0 interrupted iterations
default   [   5% ] 395/600 VUs  0m19.8s/6m00.0s

running (0m20.8s), 415/600 VUs, 19324 complete and 0 interrupted iterations
default   [   6% ] 415/600 VUs  0m20.8s/6m00.0s

running (0m21.8s), 435/600 VUs, 20318 complete and 0 interrupted iterations
default   [   6% ] 435/600 VUs  0m21.8s/6m00.0s

running (0m22.8s), 455/600 VUs, 21310 complete and 0 interrupted iterations
default   [   6% ] 455/600 VUs  0m22.8s/6m00.0s

running (0m23.8s), 475/600 VUs, 22277 complete and 0 interrupted iterations
default   [   7% ] 475/600 VUs  0m23.8s/6m00.0s

running (0m24.8s), 495/600 VUs, 23274 complete and 0 interrupted iterations
default   [   7% ] 495/600 VUs  0m24.8s/6m00.0s

running (0m25.8s), 515/600 VUs, 24274 complete and 0 interrupted iterations
default   [   7% ] 515/600 VUs  0m25.8s/6m00.0s

running (0m26.8s), 535/600 VUs, 25274 complete and 0 interrupted iterations
default   [   7% ] 535/600 VUs  0m26.8s/6m00.0s

running (0m27.8s), 555/600 VUs, 26224 complete and 0 interrupted iterations
default   [   8% ] 555/600 VUs  0m27.8s/6m00.0s

running (0m28.8s), 575/600 VUs, 27224 complete and 0 interrupted iterations
default   [   8% ] 575/600 VUs  0m28.8s/6m00.0s

running (0m29.8s), 595/600 VUs, 28224 complete and 0 interrupted iterations
default   [   8% ] 595/600 VUs  0m29.8s/6m00.0s

running (0m30.8s), 600/600 VUs, 29194 complete and 0 interrupted iterations
default   [   9% ] 600/600 VUs  0m30.8s/6m00.0s

running (0m31.8s), 600/600 VUs, 30174 complete and 0 interrupted iterations
default   [   9% ] 600/600 VUs  0m31.8s/6m00.0s

running (0m32.8s), 600/600 VUs, 31174 complete and 0 interrupted iterations
default   [   9% ] 600/600 VUs  0m32.8s/6m00.0s

running (0m33.8s), 600/600 VUs, 32174 complete and 0 interrupted iterations
default   [   9% ] 600/600 VUs  0m33.8s/6m00.0s

running (0m34.8s), 600/600 VUs, 33174 complete and 0 interrupted iterations
default   [  10% ] 600/600 VUs  0m34.8s/6m00.0s

running (0m35.8s), 600/600 VUs, 34124 complete and 0 interrupted iterations
default   [  10% ] 600/600 VUs  0m35.8s/6m00.0s

running (0m36.8s), 600/600 VUs, 35124 complete and 0 interrupted iterations
default   [  10% ] 600/600 VUs  0m36.8s/6m00.0s

running (0m37.8s), 600/600 VUs, 36124 complete and 0 interrupted iterations
default   [  10% ] 600/600 VUs  0m37.8s/6m00.0s

running (0m38.8s), 600/600 VUs, 37124 complete and 0 interrupted iterations
default   [  11% ] 600/600 VUs  0m38.8s/6m00.0s

running (0m39.8s), 600/600 VUs, 38102 complete and 0 interrupted iterations
default   [  11% ] 600/600 VUs  0m39.8s/6m00.0s

running (0m40.8s), 600/600 VUs, 39079 complete and 0 interrupted iterations
default   [  11% ] 600/600 VUs  0m40.8s/6m00.0s

running (0m41.8s), 600/600 VUs, 40074 complete and 0 interrupted iterations
default   [  12% ] 600/600 VUs  0m41.8s/6m00.0s

running (0m42.8s), 600/600 VUs, 41074 complete and 0 interrupted iterations
default   [  12% ] 600/600 VUs  0m42.8s/6m00.0s

running (0m43.8s), 600/600 VUs, 42074 complete and 0 interrupted iterations
default   [  12% ] 600/600 VUs  0m43.8s/6m00.0s

running (0m44.8s), 600/600 VUs, 43042 complete and 0 interrupted iterations
default   [  12% ] 600/600 VUs  0m44.8s/6m00.0s

running (0m45.8s), 600/600 VUs, 44024 complete and 0 interrupted iterations
default   [  13% ] 600/600 VUs  0m45.8s/6m00.0s

running (0m46.8s), 600/600 VUs, 45024 complete and 0 interrupted iterations
default   [  13% ] 600/600 VUs  0m46.8s/6m00.0s

running (0m47.8s), 600/600 VUs, 46024 complete and 0 interrupted iterations
default   [  13% ] 600/600 VUs  0m47.8s/6m00.0s

running (0m48.8s), 600/600 VUs, 47024 complete and 0 interrupted iterations
default   [  14% ] 600/600 VUs  0m48.8s/6m00.0s

running (0m49.8s), 600/600 VUs, 47993 complete and 0 interrupted iterations
default   [  14% ] 600/600 VUs  0m49.8s/6m00.0s

running (0m50.8s), 600/600 VUs, 48974 complete and 0 interrupted iterations
default   [  14% ] 600/600 VUs  0m50.8s/6m00.0s

running (0m51.8s), 600/600 VUs, 49974 complete and 0 interrupted iterations
default   [  14% ] 600/600 VUs  0m51.8s/6m00.0s

running (0m52.8s), 600/600 VUs, 50974 complete and 0 interrupted iterations
default   [  15% ] 600/600 VUs  0m52.8s/6m00.0s

running (0m53.8s), 600/600 VUs, 51974 complete and 0 interrupted iterations
default   [  15% ] 600/600 VUs  0m53.8s/6m00.0s

running (0m54.8s), 600/600 VUs, 52925 complete and 0 interrupted iterations
default   [  15% ] 600/600 VUs  0m54.8s/6m00.0s

running (0m55.8s), 600/600 VUs, 53924 complete and 0 interrupted iterations
default   [  15% ] 600/600 VUs  0m55.8s/6m00.0s

running (0m56.8s), 600/600 VUs, 54924 complete and 0 interrupted iterations
default   [  16% ] 600/600 VUs  0m56.8s/6m00.0s

running (0m57.8s), 600/600 VUs, 55924 complete and 0 interrupted iterations
default   [  16% ] 600/600 VUs  0m57.8s/6m00.0s

running (0m58.8s), 600/600 VUs, 56912 complete and 0 interrupted iterations
default   [  16% ] 600/600 VUs  0m58.8s/6m00.0s

running (0m59.8s), 600/600 VUs, 57880 complete and 0 interrupted iterations
default   [  17% ] 600/600 VUs  0m59.8s/6m00.0s

running (1m00.8s), 600/600 VUs, 58874 complete and 0 interrupted iterations
default   [  17% ] 600/600 VUs  1m00.8s/6m00.0s

running (1m01.8s), 600/600 VUs, 59874 complete and 0 interrupted iterations
default   [  17% ] 600/600 VUs  1m01.8s/6m00.0s

running (1m02.8s), 600/600 VUs, 60874 complete and 0 interrupted iterations
default   [  17% ] 600/600 VUs  1m02.8s/6m00.0s

running (1m03.8s), 600/600 VUs, 61868 complete and 0 interrupted iterations
default   [  18% ] 600/600 VUs  1m03.8s/6m00.0s

running (1m04.8s), 600/600 VUs, 62824 complete and 0 interrupted iterations
default   [  18% ] 600/600 VUs  1m04.8s/6m00.0s

running (1m05.8s), 600/600 VUs, 63824 complete and 0 interrupted iterations
default   [  18% ] 600/600 VUs  1m05.8s/6m00.0s

running (1m06.8s), 600/600 VUs, 64824 complete and 0 interrupted iterations
default   [  19% ] 600/600 VUs  1m06.8s/6m00.0s

running (1m07.8s), 600/600 VUs, 65824 complete and 0 interrupted iterations
default   [  19% ] 600/600 VUs  1m07.8s/6m00.0s

running (1m08.8s), 600/600 VUs, 66809 complete and 0 interrupted iterations
default   [  19% ] 600/600 VUs  1m08.8s/6m00.0s

running (1m09.8s), 600/600 VUs, 67774 complete and 0 interrupted iterations
default   [  19% ] 600/600 VUs  1m09.8s/6m00.0s

running (1m10.8s), 600/600 VUs, 68774 complete and 0 interrupted iterations
default   [  20% ] 600/600 VUs  1m10.8s/6m00.0s

running (1m11.8s), 600/600 VUs, 69774 complete and 0 interrupted iterations
default   [  20% ] 600/600 VUs  1m11.8s/6m00.0s

running (1m12.8s), 600/600 VUs, 70774 complete and 0 interrupted iterations
default   [  20% ] 600/600 VUs  1m12.8s/6m00.0s

running (1m13.8s), 600/600 VUs, 71724 complete and 0 interrupted iterations
default   [  20% ] 600/600 VUs  1m13.8s/6m00.0s

running (1m14.8s), 600/600 VUs, 72724 complete and 0 interrupted iterations
default   [  21% ] 600/600 VUs  1m14.8s/6m00.0s

running (1m15.8s), 600/600 VUs, 73724 complete and 0 interrupted iterations
default   [  21% ] 600/600 VUs  1m15.8s/6m00.0s

running (1m16.8s), 600/600 VUs, 74700 complete and 0 interrupted iterations
default   [  21% ] 600/600 VUs  1m16.8s/6m00.0s

running (1m17.8s), 600/600 VUs, 75674 complete and 0 interrupted iterations
default   [  22% ] 600/600 VUs  1m17.8s/6m00.0s

running (1m18.8s), 600/600 VUs, 76674 complete and 0 interrupted iterations
default   [  22% ] 600/600 VUs  1m18.8s/6m00.0s

running (1m19.8s), 600/600 VUs, 77674 complete and 0 interrupted iterations
default   [  22% ] 600/600 VUs  1m19.8s/6m00.0s

running (1m20.8s), 600/600 VUs, 78645 complete and 0 interrupted iterations
default   [  22% ] 600/600 VUs  1m20.8s/6m00.0s

running (1m21.8s), 600/600 VUs, 79624 complete and 0 interrupted iterations
default   [  23% ] 600/600 VUs  1m21.8s/6m00.0s

running (1m22.8s), 600/600 VUs, 80624 complete and 0 interrupted iterations
default   [  23% ] 600/600 VUs  1m22.8s/6m00.0s

running (1m23.8s), 600/600 VUs, 81624 complete and 0 interrupted iterations
default   [  23% ] 600/600 VUs  1m23.8s/6m00.0s

running (1m24.8s), 600/600 VUs, 82604 complete and 0 interrupted iterations
default   [  24% ] 600/600 VUs  1m24.8s/6m00.0s

running (1m25.8s), 600/600 VUs, 83574 complete and 0 interrupted iterations
default   [  24% ] 600/600 VUs  1m25.8s/6m00.0s

running (1m26.8s), 600/600 VUs, 84574 complete and 0 interrupted iterations
default   [  24% ] 600/600 VUs  1m26.8s/6m00.0s

running (1m27.8s), 600/600 VUs, 85574 complete and 0 interrupted iterations
default   [  24% ] 600/600 VUs  1m27.8s/6m00.0s

running (1m28.8s), 600/600 VUs, 86524 complete and 0 interrupted iterations
default   [  25% ] 600/600 VUs  1m28.8s/6m00.0s

running (1m29.8s), 600/600 VUs, 87524 complete and 0 interrupted iterations
default   [  25% ] 600/600 VUs  1m29.8s/6m00.0s

running (1m30.8s), 600/600 VUs, 88524 complete and 0 interrupted iterations
default   [  25% ] 600/600 VUs  1m30.8s/6m00.0s

running (1m31.8s), 600/600 VUs, 89524 complete and 0 interrupted iterations
default   [  25% ] 600/600 VUs  1m31.8s/6m00.0s

running (1m32.8s), 600/600 VUs, 90493 complete and 0 interrupted iterations
default   [  26% ] 600/600 VUs  1m32.8s/6m00.0s

running (1m33.8s), 600/600 VUs, 91474 complete and 0 interrupted iterations
default   [  26% ] 600/600 VUs  1m33.8s/6m00.0s

running (1m34.8s), 600/600 VUs, 92474 complete and 0 interrupted iterations
default   [  26% ] 600/600 VUs  1m34.8s/6m00.0s

running (1m35.8s), 600/600 VUs, 93474 complete and 0 interrupted iterations
default   [  27% ] 600/600 VUs  1m35.8s/6m00.0s

running (1m36.8s), 600/600 VUs, 94447 complete and 0 interrupted iterations
default   [  27% ] 600/600 VUs  1m36.8s/6m00.0s

running (1m37.8s), 600/600 VUs, 95430 complete and 0 interrupted iterations
default   [  27% ] 600/600 VUs  1m37.8s/6m00.0s

running (1m38.8s), 600/600 VUs, 96424 complete and 0 interrupted iterations
default   [  27% ] 600/600 VUs  1m38.8s/6m00.0s

running (1m39.8s), 600/600 VUs, 97424 complete and 0 interrupted iterations
default   [  28% ] 600/600 VUs  1m39.8s/6m00.0s

running (1m40.8s), 600/600 VUs, 98424 complete and 0 interrupted iterations
default   [  28% ] 600/600 VUs  1m40.8s/6m00.0s

running (1m41.8s), 600/600 VUs, 99414 complete and 0 interrupted iterations
default   [  28% ] 600/600 VUs  1m41.8s/6m00.0s

running (1m42.8s), 600/600 VUs, 100395 complete and 0 interrupted iterations
default   [  29% ] 600/600 VUs  1m42.8s/6m00.0s

running (1m43.8s), 600/600 VUs, 101374 complete and 0 interrupted iterations
default   [  29% ] 600/600 VUs  1m43.8s/6m00.0s

running (1m44.8s), 600/600 VUs, 102374 complete and 0 interrupted iterations
default   [  29% ] 600/600 VUs  1m44.8s/6m00.0s

running (1m45.8s), 600/600 VUs, 103374 complete and 0 interrupted iterations
default   [  29% ] 600/600 VUs  1m45.8s/6m00.0s

running (1m46.8s), 600/600 VUs, 104355 complete and 0 interrupted iterations
default   [  30% ] 600/600 VUs  1m46.8s/6m00.0s

running (1m47.8s), 600/600 VUs, 105324 complete and 0 interrupted iterations
default   [  30% ] 600/600 VUs  1m47.8s/6m00.0s

running (1m48.8s), 600/600 VUs, 106324 complete and 0 interrupted iterations
default   [  30% ] 600/600 VUs  1m48.8s/6m00.0s

running (1m49.8s), 600/600 VUs, 107324 complete and 0 interrupted iterations
default   [  30% ] 600/600 VUs  1m49.8s/6m00.0s

running (1m50.8s), 600/600 VUs, 108324 complete and 0 interrupted iterations
default   [  31% ] 600/600 VUs  1m50.8s/6m00.0s

running (1m51.8s), 600/600 VUs, 109311 complete and 0 interrupted iterations
default   [  31% ] 600/600 VUs  1m51.8s/6m00.0s

running (1m52.8s), 600/600 VUs, 110281 complete and 0 interrupted iterations
default   [  31% ] 600/600 VUs  1m52.8s/6m00.0s

running (1m53.8s), 600/600 VUs, 111274 complete and 0 interrupted iterations
default   [  32% ] 600/600 VUs  1m53.8s/6m00.0s

running (1m54.8s), 600/600 VUs, 112274 complete and 0 interrupted iterations
default   [  32% ] 600/600 VUs  1m54.8s/6m00.0s

running (1m55.8s), 600/600 VUs, 113274 complete and 0 interrupted iterations
default   [  32% ] 600/600 VUs  1m55.8s/6m00.0s

running (1m56.8s), 600/600 VUs, 114246 complete and 0 interrupted iterations
default   [  32% ] 600/600 VUs  1m56.8s/6m00.0s

running (1m57.8s), 600/600 VUs, 115224 complete and 0 interrupted iterations
default   [  33% ] 600/600 VUs  1m57.8s/6m00.0s

running (1m58.8s), 600/600 VUs, 116224 complete and 0 interrupted iterations
default   [  33% ] 600/600 VUs  1m58.8s/6m00.0s

running (1m59.8s), 600/600 VUs, 117224 complete and 0 interrupted iterations
default   [  33% ] 600/600 VUs  1m59.8s/6m00.0s

running (2m00.8s), 600/600 VUs, 118213 complete and 0 interrupted iterations
default   [  34% ] 600/600 VUs  2m00.8s/6m00.0s

running (2m01.8s), 600/600 VUs, 119186 complete and 0 interrupted iterations
default   [  34% ] 600/600 VUs  2m01.8s/6m00.0s

running (2m02.8s), 600/600 VUs, 120174 complete and 0 interrupted iterations
default   [  34% ] 600/600 VUs  2m02.8s/6m00.0s

running (2m03.8s), 600/600 VUs, 121174 complete and 0 interrupted iterations
default   [  34% ] 600/600 VUs  2m03.8s/6m00.0s

running (2m04.8s), 600/600 VUs, 122174 complete and 0 interrupted iterations
default   [  35% ] 600/600 VUs  2m04.8s/6m00.0s

running (2m05.8s), 600/600 VUs, 123154 complete and 0 interrupted iterations
default   [  35% ] 600/600 VUs  2m05.8s/6m00.0s

running (2m06.8s), 600/600 VUs, 124124 complete and 0 interrupted iterations
default   [  35% ] 600/600 VUs  2m06.8s/6m00.0s

running (2m07.8s), 600/600 VUs, 125124 complete and 0 interrupted iterations
default   [  35% ] 600/600 VUs  2m07.8s/6m00.0s

running (2m08.8s), 600/600 VUs, 126124 complete and 0 interrupted iterations
default   [  36% ] 600/600 VUs  2m08.8s/6m00.0s

running (2m09.8s), 600/600 VUs, 127124 complete and 0 interrupted iterations
default   [  36% ] 600/600 VUs  2m09.8s/6m00.0s

running (2m10.8s), 600/600 VUs, 128095 complete and 0 interrupted iterations
default   [  36% ] 600/600 VUs  2m10.8s/6m00.0s

running (2m11.8s), 600/600 VUs, 129074 complete and 0 interrupted iterations
default   [  37% ] 600/600 VUs  2m11.8s/6m00.0s

running (2m12.8s), 600/600 VUs, 130074 complete and 0 interrupted iterations
default   [  37% ] 600/600 VUs  2m12.8s/6m00.0s

running (2m13.8s), 600/600 VUs, 131074 complete and 0 interrupted iterations
default   [  37% ] 600/600 VUs  2m13.8s/6m00.0s

running (2m14.8s), 600/600 VUs, 132065 complete and 0 interrupted iterations
default   [  37% ] 600/600 VUs  2m14.8s/6m00.0s

running (2m15.8s), 600/600 VUs, 133024 complete and 0 interrupted iterations
default   [  38% ] 600/600 VUs  2m15.8s/6m00.0s

running (2m16.8s), 600/600 VUs, 134024 complete and 0 interrupted iterations
default   [  38% ] 600/600 VUs  2m16.8s/6m00.0s

running (2m17.8s), 600/600 VUs, 135024 complete and 0 interrupted iterations
default   [  38% ] 600/600 VUs  2m17.8s/6m00.0s

running (2m18.8s), 600/600 VUs, 136004 complete and 0 interrupted iterations
default   [  39% ] 600/600 VUs  2m18.8s/6m00.0s

running (2m19.8s), 600/600 VUs, 136974 complete and 0 interrupted iterations
default   [  39% ] 600/600 VUs  2m19.8s/6m00.0s

running (2m20.8s), 600/600 VUs, 137974 complete and 0 interrupted iterations
default   [  39% ] 600/600 VUs  2m20.8s/6m00.0s

running (2m21.8s), 600/600 VUs, 138974 complete and 0 interrupted iterations
default   [  39% ] 600/600 VUs  2m21.8s/6m00.0s

running (2m22.8s), 600/600 VUs, 139930 complete and 0 interrupted iterations
default   [  40% ] 600/600 VUs  2m22.8s/6m00.0s

running (2m23.8s), 600/600 VUs, 140924 complete and 0 interrupted iterations
default   [  40% ] 600/600 VUs  2m23.8s/6m00.0s

running (2m24.8s), 600/600 VUs, 141924 complete and 0 interrupted iterations
default   [  40% ] 600/600 VUs  2m24.8s/6m00.0s

running (2m25.8s), 600/600 VUs, 142901 complete and 0 interrupted iterations
default   [  40% ] 600/600 VUs  2m25.8s/6m00.0s

running (2m26.8s), 600/600 VUs, 143874 complete and 0 interrupted iterations
default   [  41% ] 600/600 VUs  2m26.8s/6m00.0s

running (2m27.8s), 600/600 VUs, 144874 complete and 0 interrupted iterations
default   [  41% ] 600/600 VUs  2m27.8s/6m00.0s

running (2m28.8s), 600/600 VUs, 145867 complete and 0 interrupted iterations
default   [  41% ] 600/600 VUs  2m28.8s/6m00.0s

running (2m29.8s), 600/600 VUs, 146824 complete and 0 interrupted iterations
default   [  42% ] 600/600 VUs  2m29.8s/6m00.0s

running (2m30.8s), 600/600 VUs, 147824 complete and 0 interrupted iterations
default   [  42% ] 600/600 VUs  2m30.8s/6m00.0s

running (2m31.8s), 600/600 VUs, 148824 complete and 0 interrupted iterations
default   [  42% ] 600/600 VUs  2m31.8s/6m00.0s

running (2m32.8s), 600/600 VUs, 149774 complete and 0 interrupted iterations
default   [  42% ] 600/600 VUs  2m32.8s/6m00.0s

running (2m33.8s), 600/600 VUs, 150774 complete and 0 interrupted iterations
default   [  43% ] 600/600 VUs  2m33.8s/6m00.0s

running (2m34.8s), 600/600 VUs, 151774 complete and 0 interrupted iterations
default   [  43% ] 600/600 VUs  2m34.8s/6m00.0s

running (2m35.8s), 600/600 VUs, 152759 complete and 0 interrupted iterations
default   [  43% ] 600/600 VUs  2m35.8s/6m00.0s

running (2m36.8s), 600/600 VUs, 153724 complete and 0 interrupted iterations
default   [  44% ] 600/600 VUs  2m36.8s/6m00.0s

running (2m37.8s), 600/600 VUs, 154724 complete and 0 interrupted iterations
default   [  44% ] 600/600 VUs  2m37.8s/6m00.0s

running (2m38.8s), 600/600 VUs, 155724 complete and 0 interrupted iterations
default   [  44% ] 600/600 VUs  2m38.8s/6m00.0s

running (2m39.8s), 600/600 VUs, 156724 complete and 0 interrupted iterations
default   [  44% ] 600/600 VUs  2m39.8s/6m00.0s

running (2m40.8s), 600/600 VUs, 157714 complete and 0 interrupted iterations
default   [  45% ] 600/600 VUs  2m40.8s/6m00.0s

running (2m41.8s), 600/600 VUs, 158686 complete and 0 interrupted iterations
default   [  45% ] 600/600 VUs  2m41.8s/6m00.0s

running (2m42.8s), 600/600 VUs, 159674 complete and 0 interrupted iterations
default   [  45% ] 600/600 VUs  2m42.8s/6m00.0s

running (2m43.8s), 600/600 VUs, 160674 complete and 0 interrupted iterations
default   [  45% ] 600/600 VUs  2m43.8s/6m00.0s

running (2m44.8s), 600/600 VUs, 161674 complete and 0 interrupted iterations
default   [  46% ] 600/600 VUs  2m44.8s/6m00.0s

running (2m45.8s), 600/600 VUs, 162644 complete and 0 interrupted iterations
default   [  46% ] 600/600 VUs  2m45.8s/6m00.0s

running (2m46.8s), 600/600 VUs, 163624 complete and 0 interrupted iterations
default   [  46% ] 600/600 VUs  2m46.8s/6m00.0s

running (2m47.8s), 600/600 VUs, 164624 complete and 0 interrupted iterations
default   [  47% ] 600/600 VUs  2m47.8s/6m00.0s

running (2m48.8s), 600/600 VUs, 165624 complete and 0 interrupted iterations
default   [  47% ] 600/600 VUs  2m48.8s/6m00.0s

running (2m49.8s), 600/600 VUs, 166613 complete and 0 interrupted iterations
default   [  47% ] 600/600 VUs  2m49.8s/6m00.0s

running (2m50.8s), 600/600 VUs, 167587 complete and 0 interrupted iterations
default   [  47% ] 600/600 VUs  2m50.8s/6m00.0s

running (2m51.8s), 600/600 VUs, 168574 complete and 0 interrupted iterations
default   [  48% ] 600/600 VUs  2m51.8s/6m00.0s

running (2m52.8s), 600/600 VUs, 169574 complete and 0 interrupted iterations
default   [  48% ] 600/600 VUs  2m52.8s/6m00.0s

running (2m53.8s), 600/600 VUs, 170574 complete and 0 interrupted iterations
default   [  48% ] 600/600 VUs  2m53.8s/6m00.0s

running (2m54.8s), 600/600 VUs, 171546 complete and 0 interrupted iterations
default   [  49% ] 600/600 VUs  2m54.8s/6m00.0s

running (2m55.8s), 600/600 VUs, 172524 complete and 0 interrupted iterations
default   [  49% ] 600/600 VUs  2m55.8s/6m00.0s

running (2m56.8s), 600/600 VUs, 173524 complete and 0 interrupted iterations
default   [  49% ] 600/600 VUs  2m56.8s/6m00.0s

running (2m57.8s), 600/600 VUs, 174524 complete and 0 interrupted iterations
default   [  49% ] 600/600 VUs  2m57.8s/6m00.0s

running (2m58.8s), 600/600 VUs, 175524 complete and 0 interrupted iterations
default   [  50% ] 600/600 VUs  2m58.8s/6m00.0s

running (2m59.8s), 600/600 VUs, 176492 complete and 0 interrupted iterations
default   [  50% ] 600/600 VUs  2m59.8s/6m00.0s

running (3m00.8s), 600/600 VUs, 177474 complete and 0 interrupted iterations
default   [  50% ] 600/600 VUs  3m00.8s/6m00.0s

running (3m01.8s), 600/600 VUs, 178474 complete and 0 interrupted iterations
default   [  50% ] 600/600 VUs  3m01.8s/6m00.0s

running (3m02.8s), 600/600 VUs, 179474 complete and 0 interrupted iterations
default   [  51% ] 600/600 VUs  3m02.8s/6m00.0s

running (3m03.8s), 600/600 VUs, 180470 complete and 0 interrupted iterations
default   [  51% ] 600/600 VUs  3m03.8s/6m00.0s

running (3m04.8s), 600/600 VUs, 181442 complete and 0 interrupted iterations
default   [  51% ] 600/600 VUs  3m04.8s/6m00.0s

running (3m05.8s), 600/600 VUs, 182424 complete and 0 interrupted iterations
default   [  52% ] 600/600 VUs  3m05.8s/6m00.0s

running (3m06.8s), 600/600 VUs, 183424 complete and 0 interrupted iterations
default   [  52% ] 600/600 VUs  3m06.8s/6m00.0s

running (3m07.8s), 600/600 VUs, 184424 complete and 0 interrupted iterations
default   [  52% ] 600/600 VUs  3m07.8s/6m00.0s

running (3m08.8s), 600/600 VUs, 185424 complete and 0 interrupted iterations
default   [  52% ] 600/600 VUs  3m08.8s/6m00.0s

running (3m09.8s), 600/600 VUs, 186402 complete and 0 interrupted iterations
default   [  53% ] 600/600 VUs  3m09.8s/6m00.0s

running (3m10.8s), 600/600 VUs, 187379 complete and 0 interrupted iterations
default   [  53% ] 600/600 VUs  3m10.8s/6m00.0s

running (3m11.8s), 600/600 VUs, 188374 complete and 0 interrupted iterations
default   [  53% ] 600/600 VUs  3m11.8s/6m00.0s

running (3m12.8s), 600/600 VUs, 189374 complete and 0 interrupted iterations
default   [  54% ] 600/600 VUs  3m12.8s/6m00.0s

running (3m13.8s), 600/600 VUs, 190374 complete and 0 interrupted iterations
default   [  54% ] 600/600 VUs  3m13.8s/6m00.0s

running (3m14.8s), 600/600 VUs, 191336 complete and 0 interrupted iterations
default   [  54% ] 600/600 VUs  3m14.8s/6m00.0s

running (3m15.8s), 600/600 VUs, 192324 complete and 0 interrupted iterations
default   [  54% ] 600/600 VUs  3m15.8s/6m00.0s

running (3m16.8s), 600/600 VUs, 193324 complete and 0 interrupted iterations
default   [  55% ] 600/600 VUs  3m16.8s/6m00.0s

running (3m17.8s), 600/600 VUs, 194324 complete and 0 interrupted iterations
default   [  55% ] 600/600 VUs  3m17.8s/6m00.0s

running (3m18.8s), 600/600 VUs, 195324 complete and 0 interrupted iterations
default   [  55% ] 600/600 VUs  3m18.8s/6m00.0s

running (3m19.8s), 600/600 VUs, 196284 complete and 0 interrupted iterations
default   [  55% ] 600/600 VUs  3m19.8s/6m00.0s

running (3m20.8s), 600/600 VUs, 197274 complete and 0 interrupted iterations
default   [  56% ] 600/600 VUs  3m20.8s/6m00.0s

running (3m21.8s), 600/600 VUs, 198274 complete and 0 interrupted iterations
default   [  56% ] 600/600 VUs  3m21.8s/6m00.0s

running (3m22.8s), 600/600 VUs, 199274 complete and 0 interrupted iterations
default   [  56% ] 600/600 VUs  3m22.8s/6m00.0s

running (3m23.8s), 600/600 VUs, 200224 complete and 0 interrupted iterations
default   [  57% ] 600/600 VUs  3m23.8s/6m00.0s

running (3m24.8s), 600/600 VUs, 201224 complete and 0 interrupted iterations
default   [  57% ] 600/600 VUs  3m24.8s/6m00.0s

running (3m25.8s), 600/600 VUs, 202224 complete and 0 interrupted iterations
default   [  57% ] 600/600 VUs  3m25.8s/6m00.0s

running (3m26.8s), 600/600 VUs, 203176 complete and 0 interrupted iterations
default   [  57% ] 600/600 VUs  3m26.8s/6m00.0s

running (3m27.8s), 600/600 VUs, 204174 complete and 0 interrupted iterations
default   [  58% ] 600/600 VUs  3m27.8s/6m00.0s

running (3m28.8s), 600/600 VUs, 205174 complete and 0 interrupted iterations
default   [  58% ] 600/600 VUs  3m28.8s/6m00.0s

running (3m29.8s), 600/600 VUs, 206154 complete and 0 interrupted iterations
default   [  58% ] 600/600 VUs  3m29.8s/6m00.0s

running (3m30.8s), 600/600 VUs, 207124 complete and 0 interrupted iterations
default   [  59% ] 600/600 VUs  3m30.8s/6m00.0s

running (3m31.8s), 600/600 VUs, 208124 complete and 0 interrupted iterations
default   [  59% ] 600/600 VUs  3m31.8s/6m00.0s

running (3m32.8s), 600/600 VUs, 209124 complete and 0 interrupted iterations
default   [  59% ] 600/600 VUs  3m32.8s/6m00.0s

running (3m33.8s), 600/600 VUs, 210124 complete and 0 interrupted iterations
default   [  59% ] 600/600 VUs  3m33.8s/6m00.0s

running (3m34.8s), 600/600 VUs, 211078 complete and 0 interrupted iterations
default   [  60% ] 600/600 VUs  3m34.8s/6m00.0s

running (3m35.8s), 600/600 VUs, 212074 complete and 0 interrupted iterations
default   [  60% ] 600/600 VUs  3m35.8s/6m00.0s

running (3m36.8s), 600/600 VUs, 213074 complete and 0 interrupted iterations
default   [  60% ] 600/600 VUs  3m36.8s/6m00.0s

running (3m37.8s), 600/600 VUs, 214074 complete and 0 interrupted iterations
default   [  60% ] 600/600 VUs  3m37.8s/6m00.0s

running (3m38.8s), 600/600 VUs, 215074 complete and 0 interrupted iterations
default   [  61% ] 600/600 VUs  3m38.8s/6m00.0s

running (3m39.8s), 600/600 VUs, 216030 complete and 0 interrupted iterations
default   [  61% ] 600/600 VUs  3m39.8s/6m00.0s

running (3m40.8s), 600/600 VUs, 217024 complete and 0 interrupted iterations
default   [  61% ] 600/600 VUs  3m40.8s/6m00.0s

running (3m41.8s), 600/600 VUs, 218024 complete and 0 interrupted iterations
default   [  62% ] 600/600 VUs  3m41.8s/6m00.0s

running (3m42.8s), 600/600 VUs, 219024 complete and 0 interrupted iterations
default   [  62% ] 600/600 VUs  3m42.8s/6m00.0s

running (3m43.8s), 600/600 VUs, 220010 complete and 0 interrupted iterations
default   [  62% ] 600/600 VUs  3m43.8s/6m00.0s

running (3m44.8s), 600/600 VUs, 220974 complete and 0 interrupted iterations
default   [  62% ] 600/600 VUs  3m44.8s/6m00.0s

running (3m45.8s), 600/600 VUs, 221974 complete and 0 interrupted iterations
default   [  63% ] 600/600 VUs  3m45.8s/6m00.0s

running (3m46.8s), 600/600 VUs, 222974 complete and 0 interrupted iterations
default   [  63% ] 600/600 VUs  3m46.8s/6m00.0s

running (3m47.8s), 600/600 VUs, 223974 complete and 0 interrupted iterations
default   [  63% ] 600/600 VUs  3m47.8s/6m00.0s

running (3m48.8s), 600/600 VUs, 224962 complete and 0 interrupted iterations
default   [  64% ] 600/600 VUs  3m48.8s/6m00.0s

running (3m49.8s), 600/600 VUs, 225924 complete and 0 interrupted iterations
default   [  64% ] 600/600 VUs  3m49.8s/6m00.0s

running (3m50.8s), 600/600 VUs, 226924 complete and 0 interrupted iterations
default   [  64% ] 600/600 VUs  3m50.8s/6m00.0s

running (3m51.8s), 600/600 VUs, 227924 complete and 0 interrupted iterations
default   [  64% ] 600/600 VUs  3m51.8s/6m00.0s

running (3m52.8s), 600/600 VUs, 228924 complete and 0 interrupted iterations
default   [  65% ] 600/600 VUs  3m52.8s/6m00.0s

running (3m53.8s), 600/600 VUs, 229901 complete and 0 interrupted iterations
default   [  65% ] 600/600 VUs  3m53.8s/6m00.0s

running (3m54.8s), 600/600 VUs, 230878 complete and 0 interrupted iterations
default   [  65% ] 600/600 VUs  3m54.8s/6m00.0s

running (3m55.8s), 600/600 VUs, 231874 complete and 0 interrupted iterations
default   [  65% ] 600/600 VUs  3m55.8s/6m00.0s

running (3m56.8s), 600/600 VUs, 232874 complete and 0 interrupted iterations
default   [  66% ] 600/600 VUs  3m56.8s/6m00.0s

running (3m57.8s), 600/600 VUs, 233874 complete and 0 interrupted iterations
default   [  66% ] 600/600 VUs  3m57.8s/6m00.0s

running (3m58.8s), 600/600 VUs, 234865 complete and 0 interrupted iterations
default   [  66% ] 600/600 VUs  3m58.8s/6m00.0s

running (3m59.8s), 600/600 VUs, 235846 complete and 0 interrupted iterations
default   [  67% ] 600/600 VUs  3m59.8s/6m00.0s

running (4m00.8s), 600/600 VUs, 236824 complete and 0 interrupted iterations
default   [  67% ] 600/600 VUs  4m00.8s/6m00.0s

running (4m01.8s), 600/600 VUs, 237824 complete and 0 interrupted iterations
default   [  67% ] 600/600 VUs  4m01.8s/6m00.0s

running (4m02.8s), 600/600 VUs, 238824 complete and 0 interrupted iterations
default   [  67% ] 600/600 VUs  4m02.8s/6m00.0s

running (4m03.8s), 600/600 VUs, 239824 complete and 0 interrupted iterations
default   [  68% ] 600/600 VUs  4m03.8s/6m00.0s

running (4m04.8s), 600/600 VUs, 240798 complete and 0 interrupted iterations
default   [  68% ] 600/600 VUs  4m04.8s/6m00.0s

running (4m05.8s), 600/600 VUs, 241774 complete and 0 interrupted iterations
default   [  68% ] 600/600 VUs  4m05.8s/6m00.0s

running (4m06.8s), 600/600 VUs, 242774 complete and 0 interrupted iterations
default   [  69% ] 600/600 VUs  4m06.8s/6m00.0s

running (4m07.8s), 600/600 VUs, 243774 complete and 0 interrupted iterations
default   [  69% ] 600/600 VUs  4m07.8s/6m00.0s

running (4m08.8s), 600/600 VUs, 244774 complete and 0 interrupted iterations
default   [  69% ] 600/600 VUs  4m08.8s/6m00.0s

running (4m09.8s), 600/600 VUs, 245754 complete and 0 interrupted iterations
default   [  69% ] 600/600 VUs  4m09.8s/6m00.0s

running (4m10.8s), 600/600 VUs, 246724 complete and 0 interrupted iterations
default   [  70% ] 600/600 VUs  4m10.8s/6m00.0s

running (4m11.8s), 600/600 VUs, 247724 complete and 0 interrupted iterations
default   [  70% ] 600/600 VUs  4m11.8s/6m00.0s

running (4m12.8s), 600/600 VUs, 248724 complete and 0 interrupted iterations
default   [  70% ] 600/600 VUs  4m12.8s/6m00.0s

running (4m13.8s), 600/600 VUs, 249724 complete and 0 interrupted iterations
default   [  70% ] 600/600 VUs  4m13.8s/6m00.0s

running (4m14.8s), 600/600 VUs, 250692 complete and 0 interrupted iterations
default   [  71% ] 600/600 VUs  4m14.8s/6m00.0s

running (4m15.8s), 600/600 VUs, 251674 complete and 0 interrupted iterations
default   [  71% ] 600/600 VUs  4m15.8s/6m00.0s

running (4m16.8s), 600/600 VUs, 252674 complete and 0 interrupted iterations
default   [  71% ] 600/600 VUs  4m16.8s/6m00.0s

running (4m17.8s), 600/600 VUs, 253674 complete and 0 interrupted iterations
default   [  72% ] 600/600 VUs  4m17.8s/6m00.0s

running (4m18.8s), 600/600 VUs, 254646 complete and 0 interrupted iterations
default   [  72% ] 600/600 VUs  4m18.8s/6m00.0s

running (4m19.8s), 600/600 VUs, 255632 complete and 0 interrupted iterations
default   [  72% ] 600/600 VUs  4m19.8s/6m00.0s

running (4m20.8s), 600/600 VUs, 256624 complete and 0 interrupted iterations
default   [  72% ] 600/600 VUs  4m20.8s/6m00.0s

running (4m21.8s), 600/600 VUs, 257624 complete and 0 interrupted iterations
default   [  73% ] 600/600 VUs  4m21.8s/6m00.0s

running (4m22.8s), 600/600 VUs, 258624 complete and 0 interrupted iterations
default   [  73% ] 600/600 VUs  4m22.8s/6m00.0s

running (4m23.8s), 600/600 VUs, 259614 complete and 0 interrupted iterations
default   [  73% ] 600/600 VUs  4m23.8s/6m00.0s

running (4m24.8s), 600/600 VUs, 260596 complete and 0 interrupted iterations
default   [  74% ] 600/600 VUs  4m24.8s/6m00.0s

running (4m25.8s), 600/600 VUs, 261574 complete and 0 interrupted iterations
default   [  74% ] 600/600 VUs  4m25.8s/6m00.0s

running (4m26.8s), 600/600 VUs, 262574 complete and 0 interrupted iterations
default   [  74% ] 600/600 VUs  4m26.8s/6m00.0s

running (4m27.8s), 600/600 VUs, 263574 complete and 0 interrupted iterations
default   [  74% ] 600/600 VUs  4m27.8s/6m00.0s

running (4m28.8s), 600/600 VUs, 264524 complete and 0 interrupted iterations
default   [  75% ] 600/600 VUs  4m28.8s/6m00.0s

running (4m29.8s), 600/600 VUs, 265524 complete and 0 interrupted iterations
default   [  75% ] 600/600 VUs  4m29.8s/6m00.0s

running (4m30.8s), 600/600 VUs, 266524 complete and 0 interrupted iterations
default   [  75% ] 600/600 VUs  4m30.8s/6m00.0s

running (4m31.8s), 600/600 VUs, 267474 complete and 0 interrupted iterations
default   [  75% ] 600/600 VUs  4m31.8s/6m00.0s

running (4m32.8s), 600/600 VUs, 268474 complete and 0 interrupted iterations
default   [  76% ] 600/600 VUs  4m32.8s/6m00.0s

running (4m33.8s), 600/600 VUs, 269474 complete and 0 interrupted iterations
default   [  76% ] 600/600 VUs  4m33.8s/6m00.0s

running (4m34.8s), 600/600 VUs, 270424 complete and 0 interrupted iterations
default   [  76% ] 600/600 VUs  4m34.8s/6m00.0s

running (4m35.8s), 600/600 VUs, 271424 complete and 0 interrupted iterations
default   [  77% ] 600/600 VUs  4m35.8s/6m00.0s

running (4m36.8s), 600/600 VUs, 272424 complete and 0 interrupted iterations
default   [  77% ] 600/600 VUs  4m36.8s/6m00.0s

running (4m37.8s), 600/600 VUs, 273424 complete and 0 interrupted iterations
default   [  77% ] 600/600 VUs  4m37.8s/6m00.0s

running (4m38.8s), 600/600 VUs, 274397 complete and 0 interrupted iterations
default   [  77% ] 600/600 VUs  4m38.8s/6m00.0s

running (4m39.8s), 600/600 VUs, 275374 complete and 0 interrupted iterations
default   [  78% ] 600/600 VUs  4m39.8s/6m00.0s

running (4m40.8s), 600/600 VUs, 276374 complete and 0 interrupted iterations
default   [  78% ] 600/600 VUs  4m40.8s/6m00.0s

running (4m41.8s), 600/600 VUs, 277374 complete and 0 interrupted iterations
default   [  78% ] 600/600 VUs  4m41.8s/6m00.0s

running (4m42.8s), 600/600 VUs, 278370 complete and 0 interrupted iterations
default   [  79% ] 600/600 VUs  4m42.8s/6m00.0s

running (4m43.8s), 600/600 VUs, 279324 complete and 0 interrupted iterations
default   [  79% ] 600/600 VUs  4m43.8s/6m00.0s

running (4m44.8s), 600/600 VUs, 280324 complete and 0 interrupted iterations
default   [  79% ] 600/600 VUs  4m44.8s/6m00.0s

running (4m45.8s), 600/600 VUs, 281324 complete and 0 interrupted iterations
default   [  79% ] 600/600 VUs  4m45.8s/6m00.0s

running (4m46.8s), 600/600 VUs, 282321 complete and 0 interrupted iterations
default   [  80% ] 600/600 VUs  4m46.8s/6m00.0s

running (4m47.8s), 600/600 VUs, 283286 complete and 0 interrupted iterations
default   [  80% ] 600/600 VUs  4m47.8s/6m00.0s

running (4m48.8s), 600/600 VUs, 284274 complete and 0 interrupted iterations
default   [  80% ] 600/600 VUs  4m48.8s/6m00.0s

running (4m49.8s), 600/600 VUs, 285274 complete and 0 interrupted iterations
default   [  80% ] 600/600 VUs  4m49.8s/6m00.0s

running (4m50.8s), 600/600 VUs, 286274 complete and 0 interrupted iterations
default   [  81% ] 600/600 VUs  4m50.8s/6m00.0s

running (4m51.8s), 600/600 VUs, 287274 complete and 0 interrupted iterations
default   [  81% ] 600/600 VUs  4m51.8s/6m00.0s

running (4m52.8s), 600/600 VUs, 288244 complete and 0 interrupted iterations
default   [  81% ] 600/600 VUs  4m52.8s/6m00.0s

running (4m53.8s), 600/600 VUs, 289224 complete and 0 interrupted iterations
default   [  82% ] 600/600 VUs  4m53.8s/6m00.0s

running (4m54.8s), 600/600 VUs, 290224 complete and 0 interrupted iterations
default   [  82% ] 600/600 VUs  4m54.8s/6m00.0s

running (4m55.8s), 600/600 VUs, 291224 complete and 0 interrupted iterations
default   [  82% ] 600/600 VUs  4m55.8s/6m00.0s

running (4m56.8s), 600/600 VUs, 292193 complete and 0 interrupted iterations
default   [  82% ] 600/600 VUs  4m56.8s/6m00.0s

running (4m57.8s), 600/600 VUs, 293174 complete and 0 interrupted iterations
default   [  83% ] 600/600 VUs  4m57.8s/6m00.0s

running (4m58.8s), 600/600 VUs, 294174 complete and 0 interrupted iterations
default   [  83% ] 600/600 VUs  4m58.8s/6m00.0s

running (4m59.8s), 600/600 VUs, 295174 complete and 0 interrupted iterations
default   [  83% ] 600/600 VUs  4m59.8s/6m00.0s

running (5m00.8s), 600/600 VUs, 296174 complete and 0 interrupted iterations
default   [  84% ] 600/600 VUs  5m00.8s/6m00.0s

running (5m01.8s), 600/600 VUs, 297141 complete and 0 interrupted iterations
default   [  84% ] 600/600 VUs  5m01.8s/6m00.0s

running (5m02.8s), 600/600 VUs, 298124 complete and 0 interrupted iterations
default   [  84% ] 600/600 VUs  5m02.8s/6m00.0s

running (5m03.8s), 600/600 VUs, 299124 complete and 0 interrupted iterations
default   [  84% ] 600/600 VUs  5m03.8s/6m00.0s

running (5m04.8s), 600/600 VUs, 300124 complete and 0 interrupted iterations
default   [  85% ] 600/600 VUs  5m04.8s/6m00.0s

running (5m05.8s), 600/600 VUs, 301112 complete and 0 interrupted iterations
default   [  85% ] 600/600 VUs  5m05.8s/6m00.0s

running (5m06.8s), 600/600 VUs, 302074 complete and 0 interrupted iterations
default   [  85% ] 600/600 VUs  5m06.8s/6m00.0s

running (5m07.8s), 600/600 VUs, 303074 complete and 0 interrupted iterations
default   [  85% ] 600/600 VUs  5m07.8s/6m00.0s

running (5m08.8s), 600/600 VUs, 304074 complete and 0 interrupted iterations
default   [  86% ] 600/600 VUs  5m08.8s/6m00.0s

running (5m09.8s), 600/600 VUs, 305072 complete and 0 interrupted iterations
default   [  86% ] 600/600 VUs  5m09.8s/6m00.0s

running (5m10.8s), 600/600 VUs, 306024 complete and 0 interrupted iterations
default   [  86% ] 600/600 VUs  5m10.8s/6m00.0s

running (5m11.8s), 600/600 VUs, 307024 complete and 0 interrupted iterations
default   [  87% ] 600/600 VUs  5m11.8s/6m00.0s

running (5m12.8s), 600/600 VUs, 308024 complete and 0 interrupted iterations
default   [  87% ] 600/600 VUs  5m12.8s/6m00.0s

running (5m13.8s), 600/600 VUs, 309024 complete and 0 interrupted iterations
default   [  87% ] 600/600 VUs  5m13.8s/6m00.0s

running (5m14.8s), 600/600 VUs, 309974 complete and 0 interrupted iterations
default   [  87% ] 600/600 VUs  5m14.8s/6m00.0s

running (5m15.8s), 600/600 VUs, 310974 complete and 0 interrupted iterations
default   [  88% ] 600/600 VUs  5m15.8s/6m00.0s

running (5m16.8s), 600/600 VUs, 311974 complete and 0 interrupted iterations
default   [  88% ] 600/600 VUs  5m16.8s/6m00.0s

running (5m17.8s), 600/600 VUs, 312969 complete and 0 interrupted iterations
default   [  88% ] 600/600 VUs  5m17.8s/6m00.0s

running (5m18.8s), 600/600 VUs, 313924 complete and 0 interrupted iterations
default   [  89% ] 600/600 VUs  5m18.8s/6m00.0s

running (5m19.8s), 600/600 VUs, 314924 complete and 0 interrupted iterations
default   [  89% ] 600/600 VUs  5m19.8s/6m00.0s

running (5m20.8s), 600/600 VUs, 315924 complete and 0 interrupted iterations
default   [  89% ] 600/600 VUs  5m20.8s/6m00.0s

running (5m21.8s), 600/600 VUs, 316924 complete and 0 interrupted iterations
default   [  89% ] 600/600 VUs  5m21.8s/6m00.0s

running (5m22.8s), 600/600 VUs, 317898 complete and 0 interrupted iterations
default   [  90% ] 600/600 VUs  5m22.8s/6m00.0s

running (5m23.8s), 600/600 VUs, 318874 complete and 0 interrupted iterations
default   [  90% ] 600/600 VUs  5m23.8s/6m00.0s

running (5m24.8s), 600/600 VUs, 319874 complete and 0 interrupted iterations
default   [  90% ] 600/600 VUs  5m24.8s/6m00.0s

running (5m25.8s), 600/600 VUs, 320874 complete and 0 interrupted iterations
default   [  90% ] 600/600 VUs  5m25.8s/6m00.0s

running (5m26.8s), 600/600 VUs, 321824 complete and 0 interrupted iterations
default   [  91% ] 600/600 VUs  5m26.8s/6m00.0s

running (5m27.8s), 600/600 VUs, 322824 complete and 0 interrupted iterations
default   [  91% ] 600/600 VUs  5m27.8s/6m00.0s

running (5m28.8s), 600/600 VUs, 323824 complete and 0 interrupted iterations
default   [  91% ] 600/600 VUs  5m28.8s/6m00.0s

running (5m29.8s), 600/600 VUs, 324778 complete and 0 interrupted iterations
default   [  92% ] 600/600 VUs  5m29.8s/6m00.0s

running (5m30.8s), 591/600 VUs, 325774 complete and 0 interrupted iterations
default   [  92% ] 591/600 VUs  5m30.8s/6m00.0s

running (5m31.8s), 571/600 VUs, 326774 complete and 0 interrupted iterations
default   [  92% ] 571/600 VUs  5m31.8s/6m00.0s

running (5m32.8s), 553/600 VUs, 327774 complete and 0 interrupted iterations
default   [  92% ] 553/600 VUs  5m32.8s/6m00.0s

running (5m33.8s), 534/600 VUs, 328756 complete and 0 interrupted iterations
default   [  93% ] 534/600 VUs  5m33.8s/6m00.0s

running (5m34.8s), 511/600 VUs, 329724 complete and 0 interrupted iterations
default   [  93% ] 511/600 VUs  5m34.8s/6m00.0s

running (5m35.8s), 491/600 VUs, 330724 complete and 0 interrupted iterations
default   [  93% ] 491/600 VUs  5m35.8s/6m00.0s

running (5m36.8s), 471/600 VUs, 331724 complete and 0 interrupted iterations
default   [  94% ] 471/600 VUs  5m36.8s/6m00.0s

running (5m37.8s), 452/600 VUs, 332724 complete and 0 interrupted iterations
default   [  94% ] 452/600 VUs  5m37.8s/6m00.0s

running (5m38.8s), 430/600 VUs, 333684 complete and 0 interrupted iterations
default   [  94% ] 430/600 VUs  5m38.8s/6m00.0s

running (5m39.8s), 411/600 VUs, 334674 complete and 0 interrupted iterations
default   [  94% ] 411/600 VUs  5m39.8s/6m00.0s

running (5m40.8s), 390/600 VUs, 335674 complete and 0 interrupted iterations
default   [  95% ] 390/600 VUs  5m40.8s/6m00.0s

running (5m41.8s), 370/600 VUs, 336674 complete and 0 interrupted iterations
default   [  95% ] 370/600 VUs  5m41.8s/6m00.0s

running (5m42.8s), 349/600 VUs, 337674 complete and 0 interrupted iterations
default   [  95% ] 349/600 VUs  5m42.8s/6m00.0s

running (5m43.8s), 331/600 VUs, 338624 complete and 0 interrupted iterations
default   [  95% ] 331/600 VUs  5m43.8s/6m00.0s

running (5m44.8s), 311/600 VUs, 339624 complete and 0 interrupted iterations
default   [  96% ] 311/600 VUs  5m44.8s/6m00.0s

running (5m45.8s), 290/600 VUs, 340624 complete and 0 interrupted iterations
default   [  96% ] 290/600 VUs  5m45.8s/6m00.0s

running (5m46.8s), 269/600 VUs, 341619 complete and 0 interrupted iterations
default   [  96% ] 269/600 VUs  5m46.8s/6m00.0s

running (5m47.8s), 249/600 VUs, 342581 complete and 0 interrupted iterations
default   [  97% ] 249/600 VUs  5m47.8s/6m00.0s

running (5m48.8s), 228/600 VUs, 343574 complete and 0 interrupted iterations
default   [  97% ] 228/600 VUs  5m48.8s/6m00.0s

running (5m49.8s), 208/600 VUs, 344574 complete and 0 interrupted iterations
default   [  97% ] 208/600 VUs  5m49.8s/6m00.0s

running (5m50.8s), 189/600 VUs, 345574 complete and 0 interrupted iterations
default   [  97% ] 189/600 VUs  5m50.8s/6m00.0s

running (5m51.8s), 168/600 VUs, 346567 complete and 0 interrupted iterations
default   [  98% ] 168/600 VUs  5m51.8s/6m00.0s

running (5m52.8s), 147/600 VUs, 347541 complete and 0 interrupted iterations
default   [  98% ] 147/600 VUs  5m52.8s/6m00.0s

running (5m53.8s), 126/600 VUs, 348524 complete and 0 interrupted iterations
default   [  98% ] 126/600 VUs  5m53.8s/6m00.0s

running (5m54.8s), 107/600 VUs, 349524 complete and 0 interrupted iterations
default   [  99% ] 107/600 VUs  5m54.8s/6m00.0s

running (5m55.8s), 086/600 VUs, 350524 complete and 0 interrupted iterations
default   [  99% ] 086/600 VUs  5m55.8s/6m00.0s

running (5m56.8s), 066/600 VUs, 351524 complete and 0 interrupted iterations
default   [  99% ] 066/600 VUs  5m56.8s/6m00.0s

running (5m57.8s), 045/600 VUs, 352487 complete and 0 interrupted iterations
default   [  99% ] 045/600 VUs  5m57.8s/6m00.0s

running (5m58.8s), 026/600 VUs, 353198 complete and 0 interrupted iterations
default   [ 100% ] 026/600 VUs  5m58.8s/6m00.0s

running (5m59.8s), 005/600 VUs, 353525 complete and 0 interrupted iterations
default   [ 100% ] 005/600 VUs  5m59.8s/6m00.0s


  █ THRESHOLDS 

    checks
    ✓ 'rate>0.95' rate=100.00%

    http_req_duration
    ✓ 'p(95)<5000' p(95)=761.15ms
    ✓ 'p(99)<10000' p(99)=915.48ms

    http_req_failed
    ✓ 'rate<0.05' rate=0.00%


  █ TOTAL RESULTS 

    checks_total.......: 1414160 3928.124991/s
    checks_succeeded...: 100.00% 1414160 out of 1414160
    checks_failed......: 0.00%   0 out of 1414160

    ✓ status is 200
    ✓ content-type is json
    ✓ workloadType is IO-BOUND
    ✓ executionTimeMs exists

    CUSTOM
    response_time_ms...............: min=50.555097 avg=560.225654 med=605.457275 max=1982.74342 p(90)=757.692781 p(95)=761.153127 p(99)=915.485496
    successful_requests............: 353540 982.031248/s

    HTTP
    http_req_duration..............: min=50.55ms   avg=560.22ms   med=605.45ms   max=1.98s      p(90)=757.69ms   p(95)=761.15ms   p(99)=915.48ms  
      { expected_response:true }...: min=50.55ms   avg=560.22ms   med=605.45ms   max=1.98s      p(90)=757.69ms   p(95)=761.15ms   p(99)=915.48ms  
    http_req_failed................: 0.00%  0 out of 353540
    http_reqs......................: 353540 982.031248/s

    EXECUTION
    iteration_duration.............: min=50.68ms   avg=560.38ms   med=605.6ms    max=1.98s      p(90)=757.84ms   p(95)=761.31ms   p(99)=915.65ms  
    iterations.....................: 353540 982.031248/s
    vus............................: 5      min=5           max=600
    vus_max........................: 600    min=600         max=600

    NETWORK
    data_received..................: 98 MB  273 kB/s
    data_sent......................: 28 MB  78 kB/s




running (6m00.0s), 000/600 VUs, 353540 complete and 0 interrupted iterations
default ✓ [ 100% ] 000/600 VUs  6m0s
