
         /\      Grafana   /‾‾/  
    /\  /  \     |\  __   /  /   
   /  \/    \    | |/ /  /   ‾‾\ 
  /          \   |   (  |  (‾)  |
 / __________ \  |_|\_\  \_____/ 


     execution: local
        script: cpu-bound-test.js
        output: -

     scenarios: (100.00%) 1 scenario, 20 max VUs, 4m30s max duration (incl. graceful stop):
              * default: Up to 20 looping VUs for 4m0s over 3 stages (gracefulRampDown: 30s, gracefulStop: 30s)


running (0m01.0s), 01/20 VUs, 21 complete and 0 interrupted iterations
default   [   0% ] 01/20 VUs  0m01.0s/4m00.0s

running (0m02.0s), 02/20 VUs, 48 complete and 0 interrupted iterations
default   [   1% ] 02/20 VUs  0m02.0s/4m00.0s

running (0m03.0s), 02/20 VUs, 87 complete and 0 interrupted iterations
default   [   1% ] 02/20 VUs  0m03.0s/4m00.0s

running (0m04.0s), 03/20 VUs, 129 complete and 0 interrupted iterations
default   [   2% ] 03/20 VUs  0m04.0s/4m00.0s

running (0m05.0s), 04/20 VUs, 170 complete and 0 interrupted iterations
default   [   2% ] 04/20 VUs  0m05.0s/4m00.0s

running (0m06.0s), 04/20 VUs, 212 complete and 0 interrupted iterations
default   [   2% ] 04/20 VUs  0m06.0s/4m00.0s

running (0m07.0s), 05/20 VUs, 252 complete and 0 interrupted iterations
default   [   3% ] 05/20 VUs  0m07.0s/4m00.0s

running (0m08.0s), 06/20 VUs, 292 complete and 0 interrupted iterations
default   [   3% ] 06/20 VUs  0m08.0s/4m00.0s

running (0m09.0s), 06/20 VUs, 335 complete and 0 interrupted iterations
default   [   4% ] 06/20 VUs  0m09.0s/4m00.0s

running (0m10.0s), 07/20 VUs, 375 complete and 0 interrupted iterations
default   [   4% ] 07/20 VUs  0m10.0s/4m00.0s

running (0m11.0s), 07/20 VUs, 418 complete and 0 interrupted iterations
default   [   5% ] 07/20 VUs  0m11.0s/4m00.0s

running (0m12.0s), 08/20 VUs, 459 complete and 0 interrupted iterations
default   [   5% ] 08/20 VUs  0m12.0s/4m00.0s

running (0m13.0s), 09/20 VUs, 499 complete and 0 interrupted iterations
default   [   5% ] 09/20 VUs  0m13.0s/4m00.0s

running (0m14.0s), 09/20 VUs, 542 complete and 0 interrupted iterations
default   [   6% ] 09/20 VUs  0m14.0s/4m00.0s

running (0m15.0s), 10/20 VUs, 582 complete and 0 interrupted iterations
default   [   6% ] 10/20 VUs  0m15.0s/4m00.0s

running (0m16.0s), 11/20 VUs, 623 complete and 0 interrupted iterations
default   [   7% ] 11/20 VUs  0m16.0s/4m00.0s

running (0m17.0s), 11/20 VUs, 663 complete and 0 interrupted iterations
default   [   7% ] 11/20 VUs  0m17.0s/4m00.0s

running (0m18.0s), 12/20 VUs, 705 complete and 0 interrupted iterations
default   [   7% ] 12/20 VUs  0m18.0s/4m00.0s

running (0m19.0s), 13/20 VUs, 746 complete and 0 interrupted iterations
default   [   8% ] 13/20 VUs  0m19.0s/4m00.0s

running (0m20.0s), 13/20 VUs, 786 complete and 0 interrupted iterations
default   [   8% ] 13/20 VUs  0m20.0s/4m00.0s

running (0m21.0s), 14/20 VUs, 827 complete and 0 interrupted iterations
default   [   9% ] 14/20 VUs  0m21.0s/4m00.0s

running (0m22.0s), 14/20 VUs, 869 complete and 0 interrupted iterations
default   [   9% ] 14/20 VUs  0m22.0s/4m00.0s

running (0m23.0s), 15/20 VUs, 911 complete and 0 interrupted iterations
default   [  10% ] 15/20 VUs  0m23.0s/4m00.0s

running (0m24.0s), 16/20 VUs, 948 complete and 0 interrupted iterations
default   [  10% ] 16/20 VUs  0m24.0s/4m00.0s

running (0m25.0s), 16/20 VUs, 993 complete and 0 interrupted iterations
default   [  10% ] 16/20 VUs  0m25.0s/4m00.0s

running (0m26.0s), 17/20 VUs, 1032 complete and 0 interrupted iterations
default   [  11% ] 17/20 VUs  0m26.0s/4m00.0s

running (0m27.0s), 18/20 VUs, 1073 complete and 0 interrupted iterations
default   [  11% ] 18/20 VUs  0m27.0s/4m00.0s

running (0m28.0s), 18/20 VUs, 1114 complete and 0 interrupted iterations
default   [  12% ] 18/20 VUs  0m28.0s/4m00.0s

running (0m29.0s), 19/20 VUs, 1158 complete and 0 interrupted iterations
default   [  12% ] 19/20 VUs  0m29.0s/4m00.0s

running (0m30.0s), 19/20 VUs, 1196 complete and 0 interrupted iterations
default   [  12% ] 19/20 VUs  0m30.0s/4m00.0s

running (0m31.0s), 20/20 VUs, 1236 complete and 0 interrupted iterations
default   [  13% ] 20/20 VUs  0m31.0s/4m00.0s

running (0m32.0s), 20/20 VUs, 1278 complete and 0 interrupted iterations
default   [  13% ] 20/20 VUs  0m32.0s/4m00.0s

running (0m33.0s), 20/20 VUs, 1320 complete and 0 interrupted iterations
default   [  14% ] 20/20 VUs  0m33.0s/4m00.0s

running (0m34.0s), 20/20 VUs, 1361 complete and 0 interrupted iterations
default   [  14% ] 20/20 VUs  0m34.0s/4m00.0s

running (0m35.0s), 20/20 VUs, 1402 complete and 0 interrupted iterations
default   [  15% ] 20/20 VUs  0m35.0s/4m00.0s

running (0m36.0s), 20/20 VUs, 1443 complete and 0 interrupted iterations
default   [  15% ] 20/20 VUs  0m36.0s/4m00.0s

running (0m37.0s), 20/20 VUs, 1484 complete and 0 interrupted iterations
default   [  15% ] 20/20 VUs  0m37.0s/4m00.0s

running (0m38.0s), 20/20 VUs, 1523 complete and 0 interrupted iterations
default   [  16% ] 20/20 VUs  0m38.0s/4m00.0s

running (0m39.0s), 20/20 VUs, 1565 complete and 0 interrupted iterations
default   [  16% ] 20/20 VUs  0m39.0s/4m00.0s

running (0m40.0s), 20/20 VUs, 1610 complete and 0 interrupted iterations
default   [  17% ] 20/20 VUs  0m40.0s/4m00.0s

running (0m41.0s), 20/20 VUs, 1652 complete and 0 interrupted iterations
default   [  17% ] 20/20 VUs  0m41.0s/4m00.0s

running (0m42.0s), 20/20 VUs, 1693 complete and 0 interrupted iterations
default   [  17% ] 20/20 VUs  0m42.0s/4m00.0s

running (0m43.0s), 20/20 VUs, 1734 complete and 0 interrupted iterations
default   [  18% ] 20/20 VUs  0m43.0s/4m00.0s

running (0m44.0s), 20/20 VUs, 1774 complete and 0 interrupted iterations
default   [  18% ] 20/20 VUs  0m44.0s/4m00.0s

running (0m45.0s), 20/20 VUs, 1814 complete and 0 interrupted iterations
default   [  19% ] 20/20 VUs  0m45.0s/4m00.0s

running (0m46.0s), 20/20 VUs, 1857 complete and 0 interrupted iterations
default   [  19% ] 20/20 VUs  0m46.0s/4m00.0s

running (0m47.0s), 20/20 VUs, 1898 complete and 0 interrupted iterations
default   [  20% ] 20/20 VUs  0m47.0s/4m00.0s

running (0m48.0s), 20/20 VUs, 1940 complete and 0 interrupted iterations
default   [  20% ] 20/20 VUs  0m48.0s/4m00.0s

running (0m49.0s), 20/20 VUs, 1981 complete and 0 interrupted iterations
default   [  20% ] 20/20 VUs  0m49.0s/4m00.0s

running (0m50.0s), 20/20 VUs, 2022 complete and 0 interrupted iterations
default   [  21% ] 20/20 VUs  0m50.0s/4m00.0s

running (0m51.0s), 20/20 VUs, 2063 complete and 0 interrupted iterations
default   [  21% ] 20/20 VUs  0m51.0s/4m00.0s

running (0m52.0s), 20/20 VUs, 2101 complete and 0 interrupted iterations
default   [  22% ] 20/20 VUs  0m52.0s/4m00.0s

running (0m53.0s), 20/20 VUs, 2147 complete and 0 interrupted iterations
default   [  22% ] 20/20 VUs  0m53.0s/4m00.0s

running (0m54.0s), 20/20 VUs, 2189 complete and 0 interrupted iterations
default   [  22% ] 20/20 VUs  0m54.0s/4m00.0s

running (0m55.0s), 20/20 VUs, 2230 complete and 0 interrupted iterations
default   [  23% ] 20/20 VUs  0m55.0s/4m00.0s

running (0m56.0s), 20/20 VUs, 2270 complete and 0 interrupted iterations
default   [  23% ] 20/20 VUs  0m56.0s/4m00.0s

running (0m57.0s), 20/20 VUs, 2310 complete and 0 interrupted iterations
default   [  24% ] 20/20 VUs  0m57.0s/4m00.0s

running (0m58.0s), 20/20 VUs, 2354 complete and 0 interrupted iterations
default   [  24% ] 20/20 VUs  0m58.0s/4m00.0s

running (0m59.0s), 20/20 VUs, 2394 complete and 0 interrupted iterations
default   [  25% ] 20/20 VUs  0m59.0s/4m00.0s

running (1m00.0s), 20/20 VUs, 2435 complete and 0 interrupted iterations
default   [  25% ] 20/20 VUs  1m00.0s/4m00.0s

running (1m01.0s), 20/20 VUs, 2477 complete and 0 interrupted iterations
default   [  25% ] 20/20 VUs  1m01.0s/4m00.0s

running (1m02.0s), 20/20 VUs, 2517 complete and 0 interrupted iterations
default   [  26% ] 20/20 VUs  1m02.0s/4m00.0s

running (1m03.0s), 20/20 VUs, 2560 complete and 0 interrupted iterations
default   [  26% ] 20/20 VUs  1m03.0s/4m00.0s

running (1m04.0s), 20/20 VUs, 2600 complete and 0 interrupted iterations
default   [  27% ] 20/20 VUs  1m04.0s/4m00.0s

running (1m05.0s), 20/20 VUs, 2641 complete and 0 interrupted iterations
default   [  27% ] 20/20 VUs  1m05.0s/4m00.0s

running (1m06.0s), 20/20 VUs, 2684 complete and 0 interrupted iterations
default   [  27% ] 20/20 VUs  1m06.0s/4m00.0s

running (1m07.0s), 20/20 VUs, 2724 complete and 0 interrupted iterations
default   [  28% ] 20/20 VUs  1m07.0s/4m00.0s

running (1m08.0s), 20/20 VUs, 2766 complete and 0 interrupted iterations
default   [  28% ] 20/20 VUs  1m08.0s/4m00.0s

running (1m09.0s), 20/20 VUs, 2808 complete and 0 interrupted iterations
default   [  29% ] 20/20 VUs  1m09.0s/4m00.0s

running (1m10.0s), 20/20 VUs, 2850 complete and 0 interrupted iterations
default   [  29% ] 20/20 VUs  1m10.0s/4m00.0s

running (1m11.0s), 20/20 VUs, 2890 complete and 0 interrupted iterations
default   [  30% ] 20/20 VUs  1m11.0s/4m00.0s

running (1m12.0s), 20/20 VUs, 2934 complete and 0 interrupted iterations
default   [  30% ] 20/20 VUs  1m12.0s/4m00.0s

running (1m13.0s), 20/20 VUs, 2974 complete and 0 interrupted iterations
default   [  30% ] 20/20 VUs  1m13.0s/4m00.0s

running (1m14.0s), 20/20 VUs, 3016 complete and 0 interrupted iterations
default   [  31% ] 20/20 VUs  1m14.0s/4m00.0s

running (1m15.0s), 20/20 VUs, 3054 complete and 0 interrupted iterations
default   [  31% ] 20/20 VUs  1m15.0s/4m00.0s

running (1m16.0s), 20/20 VUs, 3099 complete and 0 interrupted iterations
default   [  32% ] 20/20 VUs  1m16.0s/4m00.0s

running (1m17.0s), 20/20 VUs, 3141 complete and 0 interrupted iterations
default   [  32% ] 20/20 VUs  1m17.0s/4m00.0s

running (1m18.0s), 20/20 VUs, 3181 complete and 0 interrupted iterations
default   [  32% ] 20/20 VUs  1m18.0s/4m00.0s

running (1m19.0s), 20/20 VUs, 3223 complete and 0 interrupted iterations
default   [  33% ] 20/20 VUs  1m19.0s/4m00.0s

running (1m20.0s), 20/20 VUs, 3261 complete and 0 interrupted iterations
default   [  33% ] 20/20 VUs  1m20.0s/4m00.0s

running (1m21.0s), 20/20 VUs, 3305 complete and 0 interrupted iterations
default   [  34% ] 20/20 VUs  1m21.0s/4m00.0s

running (1m22.0s), 20/20 VUs, 3346 complete and 0 interrupted iterations
default   [  34% ] 20/20 VUs  1m22.0s/4m00.0s

running (1m23.0s), 20/20 VUs, 3387 complete and 0 interrupted iterations
default   [  35% ] 20/20 VUs  1m23.0s/4m00.0s

running (1m24.0s), 20/20 VUs, 3426 complete and 0 interrupted iterations
default   [  35% ] 20/20 VUs  1m24.0s/4m00.0s

running (1m25.0s), 20/20 VUs, 3467 complete and 0 interrupted iterations
default   [  35% ] 20/20 VUs  1m25.0s/4m00.0s

running (1m26.0s), 20/20 VUs, 3510 complete and 0 interrupted iterations
default   [  36% ] 20/20 VUs  1m26.0s/4m00.0s

running (1m27.0s), 20/20 VUs, 3551 complete and 0 interrupted iterations
default   [  36% ] 20/20 VUs  1m27.0s/4m00.0s

running (1m28.0s), 20/20 VUs, 3591 complete and 0 interrupted iterations
default   [  37% ] 20/20 VUs  1m28.0s/4m00.0s

running (1m29.0s), 20/20 VUs, 3634 complete and 0 interrupted iterations
default   [  37% ] 20/20 VUs  1m29.0s/4m00.0s

running (1m30.0s), 20/20 VUs, 3676 complete and 0 interrupted iterations
default   [  37% ] 20/20 VUs  1m30.0s/4m00.0s

running (1m31.0s), 20/20 VUs, 3720 complete and 0 interrupted iterations
default   [  38% ] 20/20 VUs  1m31.0s/4m00.0s

running (1m32.0s), 20/20 VUs, 3759 complete and 0 interrupted iterations
default   [  38% ] 20/20 VUs  1m32.0s/4m00.0s

running (1m33.0s), 20/20 VUs, 3799 complete and 0 interrupted iterations
default   [  39% ] 20/20 VUs  1m33.0s/4m00.0s

running (1m34.0s), 20/20 VUs, 3840 complete and 0 interrupted iterations
default   [  39% ] 20/20 VUs  1m34.0s/4m00.0s

running (1m35.0s), 20/20 VUs, 3881 complete and 0 interrupted iterations
default   [  40% ] 20/20 VUs  1m35.0s/4m00.0s

running (1m36.0s), 20/20 VUs, 3923 complete and 0 interrupted iterations
default   [  40% ] 20/20 VUs  1m36.0s/4m00.0s

running (1m37.0s), 20/20 VUs, 3964 complete and 0 interrupted iterations
default   [  40% ] 20/20 VUs  1m37.0s/4m00.0s

running (1m38.0s), 20/20 VUs, 4006 complete and 0 interrupted iterations
default   [  41% ] 20/20 VUs  1m38.0s/4m00.0s

running (1m39.0s), 20/20 VUs, 4046 complete and 0 interrupted iterations
default   [  41% ] 20/20 VUs  1m39.0s/4m00.0s

running (1m40.0s), 20/20 VUs, 4088 complete and 0 interrupted iterations
default   [  42% ] 20/20 VUs  1m40.0s/4m00.0s

running (1m41.0s), 20/20 VUs, 4132 complete and 0 interrupted iterations
default   [  42% ] 20/20 VUs  1m41.0s/4m00.0s

running (1m42.0s), 20/20 VUs, 4172 complete and 0 interrupted iterations
default   [  42% ] 20/20 VUs  1m42.0s/4m00.0s

running (1m43.0s), 20/20 VUs, 4214 complete and 0 interrupted iterations
default   [  43% ] 20/20 VUs  1m43.0s/4m00.0s

running (1m44.0s), 20/20 VUs, 4255 complete and 0 interrupted iterations
default   [  43% ] 20/20 VUs  1m44.0s/4m00.0s

running (1m45.0s), 20/20 VUs, 4296 complete and 0 interrupted iterations
default   [  44% ] 20/20 VUs  1m45.0s/4m00.0s

running (1m46.0s), 20/20 VUs, 4336 complete and 0 interrupted iterations
default   [  44% ] 20/20 VUs  1m46.0s/4m00.0s

running (1m47.0s), 20/20 VUs, 4377 complete and 0 interrupted iterations
default   [  45% ] 20/20 VUs  1m47.0s/4m00.0s

running (1m48.0s), 20/20 VUs, 4419 complete and 0 interrupted iterations
default   [  45% ] 20/20 VUs  1m48.0s/4m00.0s

running (1m49.0s), 20/20 VUs, 4460 complete and 0 interrupted iterations
default   [  45% ] 20/20 VUs  1m49.0s/4m00.0s

running (1m50.0s), 20/20 VUs, 4500 complete and 0 interrupted iterations
default   [  46% ] 20/20 VUs  1m50.0s/4m00.0s

running (1m51.0s), 20/20 VUs, 4542 complete and 0 interrupted iterations
default   [  46% ] 20/20 VUs  1m51.0s/4m00.0s

running (1m52.0s), 20/20 VUs, 4585 complete and 0 interrupted iterations
default   [  47% ] 20/20 VUs  1m52.0s/4m00.0s

running (1m53.0s), 20/20 VUs, 4625 complete and 0 interrupted iterations
default   [  47% ] 20/20 VUs  1m53.0s/4m00.0s

running (1m54.0s), 20/20 VUs, 4665 complete and 0 interrupted iterations
default   [  47% ] 20/20 VUs  1m54.0s/4m00.0s

running (1m55.0s), 20/20 VUs, 4708 complete and 0 interrupted iterations
default   [  48% ] 20/20 VUs  1m55.0s/4m00.0s

running (1m56.0s), 20/20 VUs, 4748 complete and 0 interrupted iterations
default   [  48% ] 20/20 VUs  1m56.0s/4m00.0s

running (1m57.0s), 20/20 VUs, 4790 complete and 0 interrupted iterations
default   [  49% ] 20/20 VUs  1m57.0s/4m00.0s

running (1m58.0s), 20/20 VUs, 4832 complete and 0 interrupted iterations
default   [  49% ] 20/20 VUs  1m58.0s/4m00.0s

running (1m59.0s), 20/20 VUs, 4875 complete and 0 interrupted iterations
default   [  50% ] 20/20 VUs  1m59.0s/4m00.0s

running (2m00.0s), 20/20 VUs, 4916 complete and 0 interrupted iterations
default   [  50% ] 20/20 VUs  2m00.0s/4m00.0s

running (2m01.0s), 20/20 VUs, 4956 complete and 0 interrupted iterations
default   [  50% ] 20/20 VUs  2m01.0s/4m00.0s

running (2m02.0s), 20/20 VUs, 4995 complete and 0 interrupted iterations
default   [  51% ] 20/20 VUs  2m02.0s/4m00.0s

running (2m03.0s), 20/20 VUs, 5038 complete and 0 interrupted iterations
default   [  51% ] 20/20 VUs  2m03.0s/4m00.0s

running (2m04.0s), 20/20 VUs, 5081 complete and 0 interrupted iterations
default   [  52% ] 20/20 VUs  2m04.0s/4m00.0s

running (2m05.0s), 20/20 VUs, 5119 complete and 0 interrupted iterations
default   [  52% ] 20/20 VUs  2m05.0s/4m00.0s

running (2m06.0s), 20/20 VUs, 5163 complete and 0 interrupted iterations
default   [  52% ] 20/20 VUs  2m06.0s/4m00.0s

running (2m07.0s), 20/20 VUs, 5202 complete and 0 interrupted iterations
default   [  53% ] 20/20 VUs  2m07.0s/4m00.0s

running (2m08.0s), 20/20 VUs, 5245 complete and 0 interrupted iterations
default   [  53% ] 20/20 VUs  2m08.0s/4m00.0s

running (2m09.0s), 20/20 VUs, 5285 complete and 0 interrupted iterations
default   [  54% ] 20/20 VUs  2m09.0s/4m00.0s

running (2m10.0s), 20/20 VUs, 5328 complete and 0 interrupted iterations
default   [  54% ] 20/20 VUs  2m10.0s/4m00.0s

running (2m11.0s), 20/20 VUs, 5367 complete and 0 interrupted iterations
default   [  55% ] 20/20 VUs  2m11.0s/4m00.0s

running (2m12.0s), 20/20 VUs, 5408 complete and 0 interrupted iterations
default   [  55% ] 20/20 VUs  2m12.0s/4m00.0s

running (2m13.0s), 20/20 VUs, 5451 complete and 0 interrupted iterations
default   [  55% ] 20/20 VUs  2m13.0s/4m00.0s

running (2m14.0s), 20/20 VUs, 5494 complete and 0 interrupted iterations
default   [  56% ] 20/20 VUs  2m14.0s/4m00.0s

running (2m15.0s), 20/20 VUs, 5535 complete and 0 interrupted iterations
default   [  56% ] 20/20 VUs  2m15.0s/4m00.0s

running (2m16.0s), 20/20 VUs, 5575 complete and 0 interrupted iterations
default   [  57% ] 20/20 VUs  2m16.0s/4m00.0s

running (2m17.0s), 20/20 VUs, 5616 complete and 0 interrupted iterations
default   [  57% ] 20/20 VUs  2m17.0s/4m00.0s

running (2m18.0s), 20/20 VUs, 5658 complete and 0 interrupted iterations
default   [  57% ] 20/20 VUs  2m18.0s/4m00.0s

running (2m19.0s), 20/20 VUs, 5697 complete and 0 interrupted iterations
default   [  58% ] 20/20 VUs  2m19.0s/4m00.0s

running (2m20.0s), 20/20 VUs, 5739 complete and 0 interrupted iterations
default   [  58% ] 20/20 VUs  2m20.0s/4m00.0s

running (2m21.0s), 20/20 VUs, 5781 complete and 0 interrupted iterations
default   [  59% ] 20/20 VUs  2m21.0s/4m00.0s

running (2m22.0s), 20/20 VUs, 5825 complete and 0 interrupted iterations
default   [  59% ] 20/20 VUs  2m22.0s/4m00.0s

running (2m23.0s), 20/20 VUs, 5865 complete and 0 interrupted iterations
default   [  60% ] 20/20 VUs  2m23.0s/4m00.0s

running (2m24.0s), 20/20 VUs, 5907 complete and 0 interrupted iterations
default   [  60% ] 20/20 VUs  2m24.0s/4m00.0s

running (2m25.0s), 20/20 VUs, 5946 complete and 0 interrupted iterations
default   [  60% ] 20/20 VUs  2m25.0s/4m00.0s

running (2m26.0s), 20/20 VUs, 5986 complete and 0 interrupted iterations
default   [  61% ] 20/20 VUs  2m26.0s/4m00.0s

running (2m27.0s), 20/20 VUs, 6030 complete and 0 interrupted iterations
default   [  61% ] 20/20 VUs  2m27.0s/4m00.0s

running (2m28.0s), 20/20 VUs, 6070 complete and 0 interrupted iterations
default   [  62% ] 20/20 VUs  2m28.0s/4m00.0s

running (2m29.0s), 20/20 VUs, 6111 complete and 0 interrupted iterations
default   [  62% ] 20/20 VUs  2m29.0s/4m00.0s

running (2m30.0s), 20/20 VUs, 6151 complete and 0 interrupted iterations
default   [  62% ] 20/20 VUs  2m30.0s/4m00.0s

running (2m31.0s), 20/20 VUs, 6193 complete and 0 interrupted iterations
default   [  63% ] 20/20 VUs  2m31.0s/4m00.0s

running (2m32.0s), 20/20 VUs, 6238 complete and 0 interrupted iterations
default   [  63% ] 20/20 VUs  2m32.0s/4m00.0s

running (2m33.0s), 20/20 VUs, 6277 complete and 0 interrupted iterations
default   [  64% ] 20/20 VUs  2m33.0s/4m00.0s

running (2m34.0s), 20/20 VUs, 6319 complete and 0 interrupted iterations
default   [  64% ] 20/20 VUs  2m34.0s/4m00.0s

running (2m35.0s), 20/20 VUs, 6360 complete and 0 interrupted iterations
default   [  65% ] 20/20 VUs  2m35.0s/4m00.0s

running (2m36.0s), 20/20 VUs, 6401 complete and 0 interrupted iterations
default   [  65% ] 20/20 VUs  2m36.0s/4m00.0s

running (2m37.0s), 20/20 VUs, 6443 complete and 0 interrupted iterations
default   [  65% ] 20/20 VUs  2m37.0s/4m00.0s

running (2m38.0s), 20/20 VUs, 6485 complete and 0 interrupted iterations
default   [  66% ] 20/20 VUs  2m38.0s/4m00.0s

running (2m39.0s), 20/20 VUs, 6527 complete and 0 interrupted iterations
default   [  66% ] 20/20 VUs  2m39.0s/4m00.0s

running (2m40.0s), 20/20 VUs, 6566 complete and 0 interrupted iterations
default   [  67% ] 20/20 VUs  2m40.0s/4m00.0s

running (2m41.0s), 20/20 VUs, 6608 complete and 0 interrupted iterations
default   [  67% ] 20/20 VUs  2m41.0s/4m00.0s

running (2m42.0s), 20/20 VUs, 6649 complete and 0 interrupted iterations
default   [  67% ] 20/20 VUs  2m42.0s/4m00.0s

running (2m43.0s), 20/20 VUs, 6690 complete and 0 interrupted iterations
default   [  68% ] 20/20 VUs  2m43.0s/4m00.0s

running (2m44.0s), 20/20 VUs, 6730 complete and 0 interrupted iterations
default   [  68% ] 20/20 VUs  2m44.0s/4m00.0s

running (2m45.0s), 20/20 VUs, 6772 complete and 0 interrupted iterations
default   [  69% ] 20/20 VUs  2m45.0s/4m00.0s

running (2m46.0s), 20/20 VUs, 6813 complete and 0 interrupted iterations
default   [  69% ] 20/20 VUs  2m46.0s/4m00.0s

running (2m47.0s), 20/20 VUs, 6853 complete and 0 interrupted iterations
default   [  70% ] 20/20 VUs  2m47.0s/4m00.0s

running (2m48.0s), 20/20 VUs, 6896 complete and 0 interrupted iterations
default   [  70% ] 20/20 VUs  2m48.0s/4m00.0s

running (2m49.0s), 20/20 VUs, 6939 complete and 0 interrupted iterations
default   [  70% ] 20/20 VUs  2m49.0s/4m00.0s

running (2m50.0s), 20/20 VUs, 6979 complete and 0 interrupted iterations
default   [  71% ] 20/20 VUs  2m50.0s/4m00.0s

running (2m51.0s), 20/20 VUs, 7018 complete and 0 interrupted iterations
default   [  71% ] 20/20 VUs  2m51.0s/4m00.0s

running (2m52.0s), 20/20 VUs, 7060 complete and 0 interrupted iterations
default   [  72% ] 20/20 VUs  2m52.0s/4m00.0s

running (2m53.0s), 20/20 VUs, 7102 complete and 0 interrupted iterations
default   [  72% ] 20/20 VUs  2m53.0s/4m00.0s

running (2m54.0s), 20/20 VUs, 7141 complete and 0 interrupted iterations
default   [  72% ] 20/20 VUs  2m54.0s/4m00.0s

running (2m55.0s), 20/20 VUs, 7186 complete and 0 interrupted iterations
default   [  73% ] 20/20 VUs  2m55.0s/4m00.0s

running (2m56.0s), 20/20 VUs, 7227 complete and 0 interrupted iterations
default   [  73% ] 20/20 VUs  2m56.0s/4m00.0s

running (2m57.0s), 20/20 VUs, 7267 complete and 0 interrupted iterations
default   [  74% ] 20/20 VUs  2m57.0s/4m00.0s

running (2m58.0s), 20/20 VUs, 7309 complete and 0 interrupted iterations
default   [  74% ] 20/20 VUs  2m58.0s/4m00.0s

running (2m59.0s), 20/20 VUs, 7351 complete and 0 interrupted iterations
default   [  75% ] 20/20 VUs  2m59.0s/4m00.0s

running (3m00.0s), 20/20 VUs, 7393 complete and 0 interrupted iterations
default   [  75% ] 20/20 VUs  3m00.0s/4m00.0s

running (3m01.0s), 20/20 VUs, 7433 complete and 0 interrupted iterations
default   [  75% ] 20/20 VUs  3m01.0s/4m00.0s

running (3m02.0s), 20/20 VUs, 7476 complete and 0 interrupted iterations
default   [  76% ] 20/20 VUs  3m02.0s/4m00.0s

running (3m03.0s), 20/20 VUs, 7516 complete and 0 interrupted iterations
default   [  76% ] 20/20 VUs  3m03.0s/4m00.0s

running (3m04.0s), 20/20 VUs, 7558 complete and 0 interrupted iterations
default   [  77% ] 20/20 VUs  3m04.0s/4m00.0s

running (3m05.0s), 20/20 VUs, 7599 complete and 0 interrupted iterations
default   [  77% ] 20/20 VUs  3m05.0s/4m00.0s

running (3m06.0s), 20/20 VUs, 7640 complete and 0 interrupted iterations
default   [  77% ] 20/20 VUs  3m06.0s/4m00.0s

running (3m07.0s), 20/20 VUs, 7681 complete and 0 interrupted iterations
default   [  78% ] 20/20 VUs  3m07.0s/4m00.0s

running (3m08.0s), 20/20 VUs, 7722 complete and 0 interrupted iterations
default   [  78% ] 20/20 VUs  3m08.0s/4m00.0s

running (3m09.0s), 20/20 VUs, 7765 complete and 0 interrupted iterations
default   [  79% ] 20/20 VUs  3m09.0s/4m00.0s

running (3m10.0s), 20/20 VUs, 7805 complete and 0 interrupted iterations
default   [  79% ] 20/20 VUs  3m10.0s/4m00.0s

running (3m11.0s), 20/20 VUs, 7845 complete and 0 interrupted iterations
default   [  80% ] 20/20 VUs  3m11.0s/4m00.0s

running (3m12.0s), 20/20 VUs, 7887 complete and 0 interrupted iterations
default   [  80% ] 20/20 VUs  3m12.0s/4m00.0s

running (3m13.0s), 20/20 VUs, 7927 complete and 0 interrupted iterations
default   [  80% ] 20/20 VUs  3m13.0s/4m00.0s

running (3m14.0s), 20/20 VUs, 7970 complete and 0 interrupted iterations
default   [  81% ] 20/20 VUs  3m14.0s/4m00.0s

running (3m15.0s), 20/20 VUs, 8011 complete and 0 interrupted iterations
default   [  81% ] 20/20 VUs  3m15.0s/4m00.0s

running (3m16.0s), 20/20 VUs, 8050 complete and 0 interrupted iterations
default   [  82% ] 20/20 VUs  3m16.0s/4m00.0s

running (3m17.0s), 20/20 VUs, 8091 complete and 0 interrupted iterations
default   [  82% ] 20/20 VUs  3m17.0s/4m00.0s

running (3m18.0s), 20/20 VUs, 8134 complete and 0 interrupted iterations
default   [  82% ] 20/20 VUs  3m18.0s/4m00.0s

running (3m19.0s), 20/20 VUs, 8175 complete and 0 interrupted iterations
default   [  83% ] 20/20 VUs  3m19.0s/4m00.0s

running (3m20.0s), 20/20 VUs, 8217 complete and 0 interrupted iterations
default   [  83% ] 20/20 VUs  3m20.0s/4m00.0s

running (3m21.0s), 20/20 VUs, 8260 complete and 0 interrupted iterations
default   [  84% ] 20/20 VUs  3m21.0s/4m00.0s

running (3m22.0s), 20/20 VUs, 8301 complete and 0 interrupted iterations
default   [  84% ] 20/20 VUs  3m22.0s/4m00.0s

running (3m23.0s), 20/20 VUs, 8340 complete and 0 interrupted iterations
default   [  85% ] 20/20 VUs  3m23.0s/4m00.0s

running (3m24.0s), 20/20 VUs, 8384 complete and 0 interrupted iterations
default   [  85% ] 20/20 VUs  3m24.0s/4m00.0s

running (3m25.0s), 20/20 VUs, 8424 complete and 0 interrupted iterations
default   [  85% ] 20/20 VUs  3m25.0s/4m00.0s

running (3m26.0s), 20/20 VUs, 8464 complete and 0 interrupted iterations
default   [  86% ] 20/20 VUs  3m26.0s/4m00.0s

running (3m27.0s), 20/20 VUs, 8507 complete and 0 interrupted iterations
default   [  86% ] 20/20 VUs  3m27.0s/4m00.0s

running (3m28.0s), 20/20 VUs, 8549 complete and 0 interrupted iterations
default   [  87% ] 20/20 VUs  3m28.0s/4m00.0s

running (3m29.0s), 20/20 VUs, 8591 complete and 0 interrupted iterations
default   [  87% ] 20/20 VUs  3m29.0s/4m00.0s

running (3m30.0s), 20/20 VUs, 8632 complete and 0 interrupted iterations
default   [  87% ] 20/20 VUs  3m30.0s/4m00.0s

running (3m31.0s), 20/20 VUs, 8673 complete and 0 interrupted iterations
default   [  88% ] 20/20 VUs  3m31.0s/4m00.0s

running (3m32.0s), 19/20 VUs, 8711 complete and 0 interrupted iterations
default   [  88% ] 19/20 VUs  3m32.0s/4m00.0s

running (3m33.0s), 19/20 VUs, 8754 complete and 0 interrupted iterations
default   [  89% ] 19/20 VUs  3m33.0s/4m00.0s

running (3m34.0s), 18/20 VUs, 8796 complete and 0 interrupted iterations
default   [  89% ] 18/20 VUs  3m34.0s/4m00.0s

running (3m35.0s), 17/20 VUs, 8836 complete and 0 interrupted iterations
default   [  90% ] 17/20 VUs  3m35.0s/4m00.0s

running (3m36.0s), 17/20 VUs, 8881 complete and 0 interrupted iterations
default   [  90% ] 17/20 VUs  3m36.0s/4m00.0s

running (3m37.0s), 16/20 VUs, 8921 complete and 0 interrupted iterations
default   [  90% ] 16/20 VUs  3m37.0s/4m00.0s

running (3m38.0s), 15/20 VUs, 8966 complete and 0 interrupted iterations
default   [  91% ] 15/20 VUs  3m38.0s/4m00.0s

running (3m39.0s), 15/20 VUs, 9005 complete and 0 interrupted iterations
default   [  91% ] 15/20 VUs  3m39.0s/4m00.0s

running (3m40.0s), 14/20 VUs, 9045 complete and 0 interrupted iterations
default   [  92% ] 14/20 VUs  3m40.0s/4m00.0s

running (3m41.0s), 13/20 VUs, 9088 complete and 0 interrupted iterations
default   [  92% ] 13/20 VUs  3m41.0s/4m00.0s

running (3m42.0s), 13/20 VUs, 9131 complete and 0 interrupted iterations
default   [  92% ] 13/20 VUs  3m42.0s/4m00.0s

running (3m43.0s), 12/20 VUs, 9173 complete and 0 interrupted iterations
default   [  93% ] 12/20 VUs  3m43.0s/4m00.0s

running (3m44.0s), 11/20 VUs, 9216 complete and 0 interrupted iterations
default   [  93% ] 11/20 VUs  3m44.0s/4m00.0s

running (3m45.0s), 11/20 VUs, 9256 complete and 0 interrupted iterations
default   [  94% ] 11/20 VUs  3m45.0s/4m00.0s

running (3m46.0s), 10/20 VUs, 9300 complete and 0 interrupted iterations
default   [  94% ] 10/20 VUs  3m46.0s/4m00.0s

running (3m47.0s), 09/20 VUs, 9340 complete and 0 interrupted iterations
default   [  95% ] 09/20 VUs  3m47.0s/4m00.0s

running (3m48.0s), 09/20 VUs, 9380 complete and 0 interrupted iterations
default   [  95% ] 09/20 VUs  3m48.0s/4m00.0s

running (3m49.0s), 08/20 VUs, 9423 complete and 0 interrupted iterations
default   [  95% ] 08/20 VUs  3m49.0s/4m00.0s

running (3m50.0s), 07/20 VUs, 9465 complete and 0 interrupted iterations
default   [  96% ] 07/20 VUs  3m50.0s/4m00.0s

running (3m51.0s), 07/20 VUs, 9506 complete and 0 interrupted iterations
default   [  96% ] 07/20 VUs  3m51.0s/4m00.0s

running (3m52.0s), 06/20 VUs, 9548 complete and 0 interrupted iterations
default   [  97% ] 06/20 VUs  3m52.0s/4m00.0s

running (3m53.0s), 05/20 VUs, 9590 complete and 0 interrupted iterations
default   [  97% ] 05/20 VUs  3m53.0s/4m00.0s

running (3m54.0s), 05/20 VUs, 9631 complete and 0 interrupted iterations
default   [  97% ] 05/20 VUs  3m54.0s/4m00.0s

running (3m55.0s), 04/20 VUs, 9673 complete and 0 interrupted iterations
default   [  98% ] 04/20 VUs  3m55.0s/4m00.0s

running (3m56.0s), 03/20 VUs, 9716 complete and 0 interrupted iterations
default   [  98% ] 03/20 VUs  3m56.0s/4m00.0s

running (3m57.0s), 03/20 VUs, 9757 complete and 0 interrupted iterations
default   [  99% ] 03/20 VUs  3m57.0s/4m00.0s

running (3m58.0s), 02/20 VUs, 9798 complete and 0 interrupted iterations
default   [  99% ] 02/20 VUs  3m58.0s/4m00.0s

running (3m59.0s), 01/20 VUs, 9830 complete and 0 interrupted iterations
default   [ 100% ] 01/20 VUs  3m59.0s/4m00.0s

running (4m00.0s), 01/20 VUs, 9851 complete and 0 interrupted iterations
default   [ 100% ] 01/20 VUs  4m00.0s/4m00.0s


  █ THRESHOLDS 

    checks
    ✓ 'rate>0.95' rate=100.00%

    http_req_duration
    ✓ 'p(95)<5000' p(95)=581.52ms
    ✓ 'p(99)<10000' p(99)=627.25ms

    http_req_failed
    ✓ 'rate<0.05' rate=0.00%


  █ TOTAL RESULTS 

    checks_total.......: 39408   164.182049/s
    checks_succeeded...: 100.00% 39408 out of 39408
    checks_failed......: 0.00%   0 out of 39408

    ✓ status is 200
    ✓ content-type is json
    ✓ workloadType is CPU-BOUND
    ✓ executionTimeMs exists

    CUSTOM
    response_time_ms...............: min=46.231587 avg=427.97257 med=463.853278 max=734.253251 p(90)=555.404807 p(95)=581.521091 p(99)=627.257556
    successful_requests............: 9852   41.045512/s

    HTTP
    http_req_duration..............: min=46.23ms   avg=427.97ms  med=463.85ms   max=734.25ms   p(90)=555.4ms    p(95)=581.52ms   p(99)=627.25ms  
      { expected_response:true }...: min=46.23ms   avg=427.97ms  med=463.85ms   max=734.25ms   p(90)=555.4ms    p(95)=581.52ms   p(99)=627.25ms  
    http_req_failed................: 0.00%  0 out of 9852
    http_reqs......................: 9852   41.045512/s

    EXECUTION
    iteration_duration.............: min=46.39ms   avg=428.15ms  med=464.05ms   max=734.44ms   p(90)=555.65ms   p(95)=581.7ms    p(99)=627.44ms  
    iterations.....................: 9852   41.045512/s
    vus............................: 1      min=1         max=20
    vus_max........................: 20     min=20        max=20

    NETWORK
    data_received..................: 2.8 MB 12 kB/s
    data_sent......................: 788 kB 3.3 kB/s




running (4m00.0s), 00/20 VUs, 9852 complete and 0 interrupted iterations
default ✓ [ 100% ] 00/20 VUs  4m0s
