
         /\      Grafana   /‾‾/  
    /\  /  \     |\  __   /  /   
   /  \/    \    | |/ /  /   ‾‾\ 
  /          \   |   (  |  (‾)  |
 / __________ \  |_|\_\  \_____/ 


     execution: local
        script: cpu-bound-test.js
        output: -

     scenarios: (100.00%) 1 scenario, 20 max VUs, 4m30s max duration (incl. graceful stop):
              * default: Up to 20 looping VUs for 4m0s over 3 stages (gracefulRampDown: 30s, gracefulStop: 30s)


running (0m01.0s), 01/20 VUs, 20 complete and 0 interrupted iterations
default   [   0% ] 01/20 VUs  0m01.0s/4m00.0s

running (0m02.0s), 02/20 VUs, 47 complete and 0 interrupted iterations
default   [   1% ] 02/20 VUs  0m02.0s/4m00.0s

running (0m03.0s), 02/20 VUs, 84 complete and 0 interrupted iterations
default   [   1% ] 02/20 VUs  0m03.0s/4m00.0s

running (0m04.0s), 03/20 VUs, 123 complete and 0 interrupted iterations
default   [   2% ] 03/20 VUs  0m04.0s/4m00.0s

running (0m05.0s), 04/20 VUs, 164 complete and 0 interrupted iterations
default   [   2% ] 04/20 VUs  0m05.0s/4m00.0s

running (0m06.0s), 04/20 VUs, 206 complete and 0 interrupted iterations
default   [   2% ] 04/20 VUs  0m06.0s/4m00.0s

running (0m07.0s), 05/20 VUs, 248 complete and 0 interrupted iterations
default   [   3% ] 05/20 VUs  0m07.0s/4m00.0s

running (0m08.0s), 06/20 VUs, 288 complete and 0 interrupted iterations
default   [   3% ] 06/20 VUs  0m08.0s/4m00.0s

running (0m09.0s), 06/20 VUs, 330 complete and 0 interrupted iterations
default   [   4% ] 06/20 VUs  0m09.0s/4m00.0s

running (0m10.0s), 07/20 VUs, 371 complete and 0 interrupted iterations
default   [   4% ] 07/20 VUs  0m10.0s/4m00.0s

running (0m11.0s), 07/20 VUs, 411 complete and 0 interrupted iterations
default   [   5% ] 07/20 VUs  0m11.0s/4m00.0s

running (0m12.0s), 08/20 VUs, 454 complete and 0 interrupted iterations
default   [   5% ] 08/20 VUs  0m12.0s/4m00.0s

running (0m13.0s), 09/20 VUs, 495 complete and 0 interrupted iterations
default   [   5% ] 09/20 VUs  0m13.0s/4m00.0s

running (0m14.0s), 09/20 VUs, 536 complete and 0 interrupted iterations
default   [   6% ] 09/20 VUs  0m14.0s/4m00.0s

running (0m15.0s), 10/20 VUs, 577 complete and 0 interrupted iterations
default   [   6% ] 10/20 VUs  0m15.0s/4m00.0s

running (0m16.0s), 11/20 VUs, 618 complete and 0 interrupted iterations
default   [   7% ] 11/20 VUs  0m16.0s/4m00.0s

running (0m17.0s), 11/20 VUs, 659 complete and 0 interrupted iterations
default   [   7% ] 11/20 VUs  0m17.0s/4m00.0s

running (0m18.0s), 12/20 VUs, 702 complete and 0 interrupted iterations
default   [   7% ] 12/20 VUs  0m18.0s/4m00.0s

running (0m19.0s), 13/20 VUs, 739 complete and 0 interrupted iterations
default   [   8% ] 13/20 VUs  0m19.0s/4m00.0s

running (0m20.0s), 13/20 VUs, 782 complete and 0 interrupted iterations
default   [   8% ] 13/20 VUs  0m20.0s/4m00.0s

running (0m21.0s), 14/20 VUs, 824 complete and 0 interrupted iterations
default   [   9% ] 14/20 VUs  0m21.0s/4m00.0s

running (0m22.0s), 14/20 VUs, 866 complete and 0 interrupted iterations
default   [   9% ] 14/20 VUs  0m22.0s/4m00.0s

running (0m23.0s), 15/20 VUs, 906 complete and 0 interrupted iterations
default   [  10% ] 15/20 VUs  0m23.0s/4m00.0s

running (0m24.0s), 16/20 VUs, 944 complete and 0 interrupted iterations
default   [  10% ] 16/20 VUs  0m24.0s/4m00.0s

running (0m25.0s), 16/20 VUs, 990 complete and 0 interrupted iterations
default   [  10% ] 16/20 VUs  0m25.0s/4m00.0s

running (0m26.0s), 17/20 VUs, 1028 complete and 0 interrupted iterations
default   [  11% ] 17/20 VUs  0m26.0s/4m00.0s

running (0m27.0s), 18/20 VUs, 1069 complete and 0 interrupted iterations
default   [  11% ] 18/20 VUs  0m27.0s/4m00.0s

running (0m28.0s), 18/20 VUs, 1111 complete and 0 interrupted iterations
default   [  12% ] 18/20 VUs  0m28.0s/4m00.0s

running (0m29.0s), 19/20 VUs, 1152 complete and 0 interrupted iterations
default   [  12% ] 19/20 VUs  0m29.0s/4m00.0s

running (0m30.0s), 19/20 VUs, 1194 complete and 0 interrupted iterations
default   [  12% ] 19/20 VUs  0m30.0s/4m00.0s

running (0m31.0s), 20/20 VUs, 1233 complete and 0 interrupted iterations
default   [  13% ] 20/20 VUs  0m31.0s/4m00.0s

running (0m32.0s), 20/20 VUs, 1273 complete and 0 interrupted iterations
default   [  13% ] 20/20 VUs  0m32.0s/4m00.0s

running (0m33.0s), 20/20 VUs, 1314 complete and 0 interrupted iterations
default   [  14% ] 20/20 VUs  0m33.0s/4m00.0s

running (0m34.0s), 20/20 VUs, 1357 complete and 0 interrupted iterations
default   [  14% ] 20/20 VUs  0m34.0s/4m00.0s

running (0m35.0s), 20/20 VUs, 1399 complete and 0 interrupted iterations
default   [  15% ] 20/20 VUs  0m35.0s/4m00.0s

running (0m36.0s), 20/20 VUs, 1440 complete and 0 interrupted iterations
default   [  15% ] 20/20 VUs  0m36.0s/4m00.0s

running (0m37.0s), 20/20 VUs, 1480 complete and 0 interrupted iterations
default   [  15% ] 20/20 VUs  0m37.0s/4m00.0s

running (0m38.0s), 20/20 VUs, 1522 complete and 0 interrupted iterations
default   [  16% ] 20/20 VUs  0m38.0s/4m00.0s

running (0m39.0s), 20/20 VUs, 1563 complete and 0 interrupted iterations
default   [  16% ] 20/20 VUs  0m39.0s/4m00.0s

running (0m40.0s), 20/20 VUs, 1604 complete and 0 interrupted iterations
default   [  17% ] 20/20 VUs  0m40.0s/4m00.0s

running (0m41.0s), 20/20 VUs, 1644 complete and 0 interrupted iterations
default   [  17% ] 20/20 VUs  0m41.0s/4m00.0s

running (0m42.0s), 20/20 VUs, 1685 complete and 0 interrupted iterations
default   [  17% ] 20/20 VUs  0m42.0s/4m00.0s

running (0m43.0s), 20/20 VUs, 1726 complete and 0 interrupted iterations
default   [  18% ] 20/20 VUs  0m43.0s/4m00.0s

running (0m44.0s), 20/20 VUs, 1770 complete and 0 interrupted iterations
default   [  18% ] 20/20 VUs  0m44.0s/4m00.0s

running (0m45.0s), 20/20 VUs, 1809 complete and 0 interrupted iterations
default   [  19% ] 20/20 VUs  0m45.0s/4m00.0s

running (0m46.0s), 20/20 VUs, 1851 complete and 0 interrupted iterations
default   [  19% ] 20/20 VUs  0m46.0s/4m00.0s

running (0m47.0s), 20/20 VUs, 1891 complete and 0 interrupted iterations
default   [  20% ] 20/20 VUs  0m47.0s/4m00.0s

running (0m48.0s), 20/20 VUs, 1934 complete and 0 interrupted iterations
default   [  20% ] 20/20 VUs  0m48.0s/4m00.0s

running (0m49.0s), 20/20 VUs, 1974 complete and 0 interrupted iterations
default   [  20% ] 20/20 VUs  0m49.0s/4m00.0s

running (0m50.0s), 20/20 VUs, 2015 complete and 0 interrupted iterations
default   [  21% ] 20/20 VUs  0m50.0s/4m00.0s

running (0m51.0s), 20/20 VUs, 2058 complete and 0 interrupted iterations
default   [  21% ] 20/20 VUs  0m51.0s/4m00.0s

running (0m52.0s), 20/20 VUs, 2098 complete and 0 interrupted iterations
default   [  22% ] 20/20 VUs  0m52.0s/4m00.0s

running (0m53.0s), 20/20 VUs, 2137 complete and 0 interrupted iterations
default   [  22% ] 20/20 VUs  0m53.0s/4m00.0s

running (0m54.0s), 20/20 VUs, 2177 complete and 0 interrupted iterations
default   [  22% ] 20/20 VUs  0m54.0s/4m00.0s

running (0m55.0s), 20/20 VUs, 2221 complete and 0 interrupted iterations
default   [  23% ] 20/20 VUs  0m55.0s/4m00.0s

running (0m56.0s), 20/20 VUs, 2263 complete and 0 interrupted iterations
default   [  23% ] 20/20 VUs  0m56.0s/4m00.0s

running (0m57.0s), 20/20 VUs, 2304 complete and 0 interrupted iterations
default   [  24% ] 20/20 VUs  0m57.0s/4m00.0s

running (0m58.0s), 20/20 VUs, 2345 complete and 0 interrupted iterations
default   [  24% ] 20/20 VUs  0m58.0s/4m00.0s

running (0m59.0s), 20/20 VUs, 2388 complete and 0 interrupted iterations
default   [  25% ] 20/20 VUs  0m59.0s/4m00.0s

running (1m00.0s), 20/20 VUs, 2428 complete and 0 interrupted iterations
default   [  25% ] 20/20 VUs  1m00.0s/4m00.0s

running (1m01.0s), 20/20 VUs, 2468 complete and 0 interrupted iterations
default   [  25% ] 20/20 VUs  1m01.0s/4m00.0s

running (1m02.0s), 20/20 VUs, 2510 complete and 0 interrupted iterations
default   [  26% ] 20/20 VUs  1m02.0s/4m00.0s

running (1m03.0s), 20/20 VUs, 2550 complete and 0 interrupted iterations
default   [  26% ] 20/20 VUs  1m03.0s/4m00.0s

running (1m04.0s), 20/20 VUs, 2592 complete and 0 interrupted iterations
default   [  27% ] 20/20 VUs  1m04.0s/4m00.0s

running (1m05.0s), 20/20 VUs, 2632 complete and 0 interrupted iterations
default   [  27% ] 20/20 VUs  1m05.0s/4m00.0s

running (1m06.0s), 20/20 VUs, 2672 complete and 0 interrupted iterations
default   [  27% ] 20/20 VUs  1m06.0s/4m00.0s

running (1m07.0s), 20/20 VUs, 2713 complete and 0 interrupted iterations
default   [  28% ] 20/20 VUs  1m07.0s/4m00.0s

running (1m08.0s), 20/20 VUs, 2756 complete and 0 interrupted iterations
default   [  28% ] 20/20 VUs  1m08.0s/4m00.0s

running (1m09.0s), 20/20 VUs, 2796 complete and 0 interrupted iterations
default   [  29% ] 20/20 VUs  1m09.0s/4m00.0s

running (1m10.0s), 20/20 VUs, 2837 complete and 0 interrupted iterations
default   [  29% ] 20/20 VUs  1m10.0s/4m00.0s

running (1m11.0s), 20/20 VUs, 2880 complete and 0 interrupted iterations
default   [  30% ] 20/20 VUs  1m11.0s/4m00.0s

running (1m12.0s), 20/20 VUs, 2920 complete and 0 interrupted iterations
default   [  30% ] 20/20 VUs  1m12.0s/4m00.0s

running (1m13.0s), 20/20 VUs, 2961 complete and 0 interrupted iterations
default   [  30% ] 20/20 VUs  1m13.0s/4m00.0s

running (1m14.0s), 20/20 VUs, 3000 complete and 0 interrupted iterations
default   [  31% ] 20/20 VUs  1m14.0s/4m00.0s

running (1m15.0s), 20/20 VUs, 3043 complete and 0 interrupted iterations
default   [  31% ] 20/20 VUs  1m15.0s/4m00.0s

running (1m16.0s), 20/20 VUs, 3085 complete and 0 interrupted iterations
default   [  32% ] 20/20 VUs  1m16.0s/4m00.0s

running (1m17.0s), 20/20 VUs, 3126 complete and 0 interrupted iterations
default   [  32% ] 20/20 VUs  1m17.0s/4m00.0s

running (1m18.0s), 20/20 VUs, 3169 complete and 0 interrupted iterations
default   [  32% ] 20/20 VUs  1m18.0s/4m00.0s

running (1m19.0s), 20/20 VUs, 3210 complete and 0 interrupted iterations
default   [  33% ] 20/20 VUs  1m19.0s/4m00.0s

running (1m20.0s), 20/20 VUs, 3250 complete and 0 interrupted iterations
default   [  33% ] 20/20 VUs  1m20.0s/4m00.0s

running (1m21.0s), 20/20 VUs, 3288 complete and 0 interrupted iterations
default   [  34% ] 20/20 VUs  1m21.0s/4m00.0s

running (1m22.0s), 20/20 VUs, 3331 complete and 0 interrupted iterations
default   [  34% ] 20/20 VUs  1m22.0s/4m00.0s

running (1m23.0s), 20/20 VUs, 3372 complete and 0 interrupted iterations
default   [  35% ] 20/20 VUs  1m23.0s/4m00.0s

running (1m24.0s), 20/20 VUs, 3410 complete and 0 interrupted iterations
default   [  35% ] 20/20 VUs  1m24.0s/4m00.0s

running (1m25.0s), 20/20 VUs, 3454 complete and 0 interrupted iterations
default   [  35% ] 20/20 VUs  1m25.0s/4m00.0s

running (1m26.0s), 20/20 VUs, 3497 complete and 0 interrupted iterations
default   [  36% ] 20/20 VUs  1m26.0s/4m00.0s

running (1m27.0s), 20/20 VUs, 3538 complete and 0 interrupted iterations
default   [  36% ] 20/20 VUs  1m27.0s/4m00.0s

running (1m28.0s), 20/20 VUs, 3578 complete and 0 interrupted iterations
default   [  37% ] 20/20 VUs  1m28.0s/4m00.0s

running (1m29.0s), 20/20 VUs, 3619 complete and 0 interrupted iterations
default   [  37% ] 20/20 VUs  1m29.0s/4m00.0s

running (1m30.0s), 20/20 VUs, 3660 complete and 0 interrupted iterations
default   [  37% ] 20/20 VUs  1m30.0s/4m00.0s

running (1m31.0s), 20/20 VUs, 3704 complete and 0 interrupted iterations
default   [  38% ] 20/20 VUs  1m31.0s/4m00.0s

running (1m32.0s), 20/20 VUs, 3744 complete and 0 interrupted iterations
default   [  38% ] 20/20 VUs  1m32.0s/4m00.0s

running (1m33.0s), 20/20 VUs, 3786 complete and 0 interrupted iterations
default   [  39% ] 20/20 VUs  1m33.0s/4m00.0s

running (1m34.0s), 20/20 VUs, 3829 complete and 0 interrupted iterations
default   [  39% ] 20/20 VUs  1m34.0s/4m00.0s

running (1m35.0s), 20/20 VUs, 3870 complete and 0 interrupted iterations
default   [  40% ] 20/20 VUs  1m35.0s/4m00.0s

running (1m36.0s), 20/20 VUs, 3911 complete and 0 interrupted iterations
default   [  40% ] 20/20 VUs  1m36.0s/4m00.0s

running (1m37.0s), 20/20 VUs, 3952 complete and 0 interrupted iterations
default   [  40% ] 20/20 VUs  1m37.0s/4m00.0s

running (1m38.0s), 20/20 VUs, 3993 complete and 0 interrupted iterations
default   [  41% ] 20/20 VUs  1m38.0s/4m00.0s

running (1m39.0s), 20/20 VUs, 4034 complete and 0 interrupted iterations
default   [  41% ] 20/20 VUs  1m39.0s/4m00.0s

running (1m40.0s), 20/20 VUs, 4075 complete and 0 interrupted iterations
default   [  42% ] 20/20 VUs  1m40.0s/4m00.0s

running (1m41.0s), 20/20 VUs, 4117 complete and 0 interrupted iterations
default   [  42% ] 20/20 VUs  1m41.0s/4m00.0s

running (1m42.0s), 20/20 VUs, 4157 complete and 0 interrupted iterations
default   [  42% ] 20/20 VUs  1m42.0s/4m00.0s

running (1m43.0s), 20/20 VUs, 4200 complete and 0 interrupted iterations
default   [  43% ] 20/20 VUs  1m43.0s/4m00.0s

running (1m44.0s), 20/20 VUs, 4238 complete and 0 interrupted iterations
default   [  43% ] 20/20 VUs  1m44.0s/4m00.0s

running (1m45.0s), 20/20 VUs, 4282 complete and 0 interrupted iterations
default   [  44% ] 20/20 VUs  1m45.0s/4m00.0s

running (1m46.0s), 20/20 VUs, 4321 complete and 0 interrupted iterations
default   [  44% ] 20/20 VUs  1m46.0s/4m00.0s

running (1m47.0s), 20/20 VUs, 4364 complete and 0 interrupted iterations
default   [  45% ] 20/20 VUs  1m47.0s/4m00.0s

running (1m48.0s), 20/20 VUs, 4405 complete and 0 interrupted iterations
default   [  45% ] 20/20 VUs  1m48.0s/4m00.0s

running (1m49.0s), 20/20 VUs, 4446 complete and 0 interrupted iterations
default   [  45% ] 20/20 VUs  1m49.0s/4m00.0s

running (1m50.0s), 20/20 VUs, 4489 complete and 0 interrupted iterations
default   [  46% ] 20/20 VUs  1m50.0s/4m00.0s

running (1m51.0s), 20/20 VUs, 4527 complete and 0 interrupted iterations
default   [  46% ] 20/20 VUs  1m51.0s/4m00.0s

running (1m52.0s), 20/20 VUs, 4568 complete and 0 interrupted iterations
default   [  47% ] 20/20 VUs  1m52.0s/4m00.0s

running (1m53.0s), 20/20 VUs, 4610 complete and 0 interrupted iterations
default   [  47% ] 20/20 VUs  1m53.0s/4m00.0s

running (1m54.0s), 20/20 VUs, 4653 complete and 0 interrupted iterations
default   [  47% ] 20/20 VUs  1m54.0s/4m00.0s

running (1m55.0s), 20/20 VUs, 4691 complete and 0 interrupted iterations
default   [  48% ] 20/20 VUs  1m55.0s/4m00.0s

running (1m56.0s), 20/20 VUs, 4735 complete and 0 interrupted iterations
default   [  48% ] 20/20 VUs  1m56.0s/4m00.0s

running (1m57.0s), 20/20 VUs, 4773 complete and 0 interrupted iterations
default   [  49% ] 20/20 VUs  1m57.0s/4m00.0s

running (1m58.0s), 20/20 VUs, 4816 complete and 0 interrupted iterations
default   [  49% ] 20/20 VUs  1m58.0s/4m00.0s

running (1m59.0s), 20/20 VUs, 4857 complete and 0 interrupted iterations
default   [  50% ] 20/20 VUs  1m59.0s/4m00.0s

running (2m00.0s), 20/20 VUs, 4900 complete and 0 interrupted iterations
default   [  50% ] 20/20 VUs  2m00.0s/4m00.0s

running (2m01.0s), 20/20 VUs, 4943 complete and 0 interrupted iterations
default   [  50% ] 20/20 VUs  2m01.0s/4m00.0s

running (2m02.0s), 20/20 VUs, 4984 complete and 0 interrupted iterations
default   [  51% ] 20/20 VUs  2m02.0s/4m00.0s

running (2m03.0s), 20/20 VUs, 5026 complete and 0 interrupted iterations
default   [  51% ] 20/20 VUs  2m03.0s/4m00.0s

running (2m04.0s), 20/20 VUs, 5067 complete and 0 interrupted iterations
default   [  52% ] 20/20 VUs  2m04.0s/4m00.0s

running (2m05.0s), 20/20 VUs, 5108 complete and 0 interrupted iterations
default   [  52% ] 20/20 VUs  2m05.0s/4m00.0s

running (2m06.0s), 20/20 VUs, 5148 complete and 0 interrupted iterations
default   [  52% ] 20/20 VUs  2m06.0s/4m00.0s

running (2m07.0s), 20/20 VUs, 5190 complete and 0 interrupted iterations
default   [  53% ] 20/20 VUs  2m07.0s/4m00.0s

running (2m08.0s), 20/20 VUs, 5231 complete and 0 interrupted iterations
default   [  53% ] 20/20 VUs  2m08.0s/4m00.0s

running (2m09.0s), 20/20 VUs, 5274 complete and 0 interrupted iterations
default   [  54% ] 20/20 VUs  2m09.0s/4m00.0s

running (2m10.0s), 20/20 VUs, 5313 complete and 0 interrupted iterations
default   [  54% ] 20/20 VUs  2m10.0s/4m00.0s

running (2m11.0s), 20/20 VUs, 5355 complete and 0 interrupted iterations
default   [  55% ] 20/20 VUs  2m11.0s/4m00.0s

running (2m12.0s), 20/20 VUs, 5397 complete and 0 interrupted iterations
default   [  55% ] 20/20 VUs  2m12.0s/4m00.0s

running (2m13.0s), 20/20 VUs, 5438 complete and 0 interrupted iterations
default   [  55% ] 20/20 VUs  2m13.0s/4m00.0s

running (2m14.0s), 20/20 VUs, 5478 complete and 0 interrupted iterations
default   [  56% ] 20/20 VUs  2m14.0s/4m00.0s

running (2m15.0s), 20/20 VUs, 5521 complete and 0 interrupted iterations
default   [  56% ] 20/20 VUs  2m15.0s/4m00.0s

running (2m16.0s), 20/20 VUs, 5561 complete and 0 interrupted iterations
default   [  57% ] 20/20 VUs  2m16.0s/4m00.0s

running (2m17.0s), 20/20 VUs, 5600 complete and 0 interrupted iterations
default   [  57% ] 20/20 VUs  2m17.0s/4m00.0s

running (2m18.0s), 20/20 VUs, 5641 complete and 0 interrupted iterations
default   [  57% ] 20/20 VUs  2m18.0s/4m00.0s

running (2m19.0s), 20/20 VUs, 5683 complete and 0 interrupted iterations
default   [  58% ] 20/20 VUs  2m19.0s/4m00.0s

running (2m20.0s), 20/20 VUs, 5727 complete and 0 interrupted iterations
default   [  58% ] 20/20 VUs  2m20.0s/4m00.0s

running (2m21.0s), 20/20 VUs, 5770 complete and 0 interrupted iterations
default   [  59% ] 20/20 VUs  2m21.0s/4m00.0s

running (2m22.0s), 20/20 VUs, 5810 complete and 0 interrupted iterations
default   [  59% ] 20/20 VUs  2m22.0s/4m00.0s

running (2m23.0s), 20/20 VUs, 5851 complete and 0 interrupted iterations
default   [  60% ] 20/20 VUs  2m23.0s/4m00.0s

running (2m24.0s), 20/20 VUs, 5890 complete and 0 interrupted iterations
default   [  60% ] 20/20 VUs  2m24.0s/4m00.0s

running (2m25.0s), 20/20 VUs, 5931 complete and 0 interrupted iterations
default   [  60% ] 20/20 VUs  2m25.0s/4m00.0s

running (2m26.0s), 20/20 VUs, 5974 complete and 0 interrupted iterations
default   [  61% ] 20/20 VUs  2m26.0s/4m00.0s

running (2m27.0s), 20/20 VUs, 6017 complete and 0 interrupted iterations
default   [  61% ] 20/20 VUs  2m27.0s/4m00.0s

running (2m28.0s), 20/20 VUs, 6057 complete and 0 interrupted iterations
default   [  62% ] 20/20 VUs  2m28.0s/4m00.0s

running (2m29.0s), 20/20 VUs, 6099 complete and 0 interrupted iterations
default   [  62% ] 20/20 VUs  2m29.0s/4m00.0s

running (2m30.0s), 20/20 VUs, 6140 complete and 0 interrupted iterations
default   [  62% ] 20/20 VUs  2m30.0s/4m00.0s

running (2m31.0s), 20/20 VUs, 6183 complete and 0 interrupted iterations
default   [  63% ] 20/20 VUs  2m31.0s/4m00.0s

running (2m32.0s), 20/20 VUs, 6224 complete and 0 interrupted iterations
default   [  63% ] 20/20 VUs  2m32.0s/4m00.0s

running (2m33.0s), 20/20 VUs, 6264 complete and 0 interrupted iterations
default   [  64% ] 20/20 VUs  2m33.0s/4m00.0s

running (2m34.0s), 20/20 VUs, 6305 complete and 0 interrupted iterations
default   [  64% ] 20/20 VUs  2m34.0s/4m00.0s

running (2m35.0s), 20/20 VUs, 6350 complete and 0 interrupted iterations
default   [  65% ] 20/20 VUs  2m35.0s/4m00.0s

running (2m36.0s), 20/20 VUs, 6389 complete and 0 interrupted iterations
default   [  65% ] 20/20 VUs  2m36.0s/4m00.0s

running (2m37.0s), 20/20 VUs, 6431 complete and 0 interrupted iterations
default   [  65% ] 20/20 VUs  2m37.0s/4m00.0s

running (2m38.0s), 20/20 VUs, 6471 complete and 0 interrupted iterations
default   [  66% ] 20/20 VUs  2m38.0s/4m00.0s

running (2m39.0s), 20/20 VUs, 6514 complete and 0 interrupted iterations
default   [  66% ] 20/20 VUs  2m39.0s/4m00.0s

running (2m40.0s), 20/20 VUs, 6555 complete and 0 interrupted iterations
default   [  67% ] 20/20 VUs  2m40.0s/4m00.0s

running (2m41.0s), 20/20 VUs, 6596 complete and 0 interrupted iterations
default   [  67% ] 20/20 VUs  2m41.0s/4m00.0s

running (2m42.0s), 20/20 VUs, 6637 complete and 0 interrupted iterations
default   [  67% ] 20/20 VUs  2m42.0s/4m00.0s

running (2m43.0s), 20/20 VUs, 6679 complete and 0 interrupted iterations
default   [  68% ] 20/20 VUs  2m43.0s/4m00.0s

running (2m44.0s), 20/20 VUs, 6722 complete and 0 interrupted iterations
default   [  68% ] 20/20 VUs  2m44.0s/4m00.0s

running (2m45.0s), 20/20 VUs, 6761 complete and 0 interrupted iterations
default   [  69% ] 20/20 VUs  2m45.0s/4m00.0s

running (2m46.0s), 20/20 VUs, 6801 complete and 0 interrupted iterations
default   [  69% ] 20/20 VUs  2m46.0s/4m00.0s

running (2m47.0s), 20/20 VUs, 6843 complete and 0 interrupted iterations
default   [  70% ] 20/20 VUs  2m47.0s/4m00.0s

running (2m48.0s), 20/20 VUs, 6884 complete and 0 interrupted iterations
default   [  70% ] 20/20 VUs  2m48.0s/4m00.0s

running (2m49.0s), 20/20 VUs, 6925 complete and 0 interrupted iterations
default   [  70% ] 20/20 VUs  2m49.0s/4m00.0s

running (2m50.0s), 20/20 VUs, 6967 complete and 0 interrupted iterations
default   [  71% ] 20/20 VUs  2m50.0s/4m00.0s

running (2m51.0s), 20/20 VUs, 7008 complete and 0 interrupted iterations
default   [  71% ] 20/20 VUs  2m51.0s/4m00.0s

running (2m52.0s), 20/20 VUs, 7049 complete and 0 interrupted iterations
default   [  72% ] 20/20 VUs  2m52.0s/4m00.0s

running (2m53.0s), 20/20 VUs, 7090 complete and 0 interrupted iterations
default   [  72% ] 20/20 VUs  2m53.0s/4m00.0s

running (2m54.0s), 20/20 VUs, 7131 complete and 0 interrupted iterations
default   [  72% ] 20/20 VUs  2m54.0s/4m00.0s

running (2m55.0s), 20/20 VUs, 7173 complete and 0 interrupted iterations
default   [  73% ] 20/20 VUs  2m55.0s/4m00.0s

running (2m56.0s), 20/20 VUs, 7215 complete and 0 interrupted iterations
default   [  73% ] 20/20 VUs  2m56.0s/4m00.0s

running (2m57.0s), 20/20 VUs, 7256 complete and 0 interrupted iterations
default   [  74% ] 20/20 VUs  2m57.0s/4m00.0s

running (2m58.0s), 20/20 VUs, 7297 complete and 0 interrupted iterations
default   [  74% ] 20/20 VUs  2m58.0s/4m00.0s

running (2m59.0s), 20/20 VUs, 7338 complete and 0 interrupted iterations
default   [  75% ] 20/20 VUs  2m59.0s/4m00.0s

running (3m00.0s), 20/20 VUs, 7383 complete and 0 interrupted iterations
default   [  75% ] 20/20 VUs  3m00.0s/4m00.0s

running (3m01.0s), 20/20 VUs, 7422 complete and 0 interrupted iterations
default   [  75% ] 20/20 VUs  3m01.0s/4m00.0s

running (3m02.0s), 20/20 VUs, 7464 complete and 0 interrupted iterations
default   [  76% ] 20/20 VUs  3m02.0s/4m00.0s

running (3m03.0s), 20/20 VUs, 7503 complete and 0 interrupted iterations
default   [  76% ] 20/20 VUs  3m03.0s/4m00.0s

running (3m04.0s), 20/20 VUs, 7547 complete and 0 interrupted iterations
default   [  77% ] 20/20 VUs  3m04.0s/4m00.0s

running (3m05.0s), 20/20 VUs, 7586 complete and 0 interrupted iterations
default   [  77% ] 20/20 VUs  3m05.0s/4m00.0s

running (3m06.0s), 20/20 VUs, 7629 complete and 0 interrupted iterations
default   [  77% ] 20/20 VUs  3m06.0s/4m00.0s

running (3m07.0s), 20/20 VUs, 7669 complete and 0 interrupted iterations
default   [  78% ] 20/20 VUs  3m07.0s/4m00.0s

running (3m08.0s), 20/20 VUs, 7711 complete and 0 interrupted iterations
default   [  78% ] 20/20 VUs  3m08.0s/4m00.0s

running (3m09.0s), 20/20 VUs, 7753 complete and 0 interrupted iterations
default   [  79% ] 20/20 VUs  3m09.0s/4m00.0s

running (3m10.0s), 20/20 VUs, 7795 complete and 0 interrupted iterations
default   [  79% ] 20/20 VUs  3m10.0s/4m00.0s

running (3m11.0s), 20/20 VUs, 7833 complete and 0 interrupted iterations
default   [  80% ] 20/20 VUs  3m11.0s/4m00.0s

running (3m12.0s), 20/20 VUs, 7878 complete and 0 interrupted iterations
default   [  80% ] 20/20 VUs  3m12.0s/4m00.0s

running (3m13.0s), 20/20 VUs, 7918 complete and 0 interrupted iterations
default   [  80% ] 20/20 VUs  3m13.0s/4m00.0s

running (3m14.0s), 20/20 VUs, 7961 complete and 0 interrupted iterations
default   [  81% ] 20/20 VUs  3m14.0s/4m00.0s

running (3m15.0s), 20/20 VUs, 8002 complete and 0 interrupted iterations
default   [  81% ] 20/20 VUs  3m15.0s/4m00.0s

running (3m16.0s), 20/20 VUs, 8045 complete and 0 interrupted iterations
default   [  82% ] 20/20 VUs  3m16.0s/4m00.0s

running (3m17.0s), 20/20 VUs, 8086 complete and 0 interrupted iterations
default   [  82% ] 20/20 VUs  3m17.0s/4m00.0s

running (3m18.0s), 20/20 VUs, 8126 complete and 0 interrupted iterations
default   [  82% ] 20/20 VUs  3m18.0s/4m00.0s

running (3m19.0s), 20/20 VUs, 8167 complete and 0 interrupted iterations
default   [  83% ] 20/20 VUs  3m19.0s/4m00.0s

running (3m20.0s), 20/20 VUs, 8207 complete and 0 interrupted iterations
default   [  83% ] 20/20 VUs  3m20.0s/4m00.0s

running (3m21.0s), 20/20 VUs, 8251 complete and 0 interrupted iterations
default   [  84% ] 20/20 VUs  3m21.0s/4m00.0s

running (3m22.0s), 20/20 VUs, 8292 complete and 0 interrupted iterations
default   [  84% ] 20/20 VUs  3m22.0s/4m00.0s

running (3m23.0s), 20/20 VUs, 8332 complete and 0 interrupted iterations
default   [  85% ] 20/20 VUs  3m23.0s/4m00.0s

running (3m24.0s), 20/20 VUs, 8375 complete and 0 interrupted iterations
default   [  85% ] 20/20 VUs  3m24.0s/4m00.0s

running (3m25.0s), 20/20 VUs, 8413 complete and 0 interrupted iterations
default   [  85% ] 20/20 VUs  3m25.0s/4m00.0s

running (3m26.0s), 20/20 VUs, 8456 complete and 0 interrupted iterations
default   [  86% ] 20/20 VUs  3m26.0s/4m00.0s

running (3m27.0s), 20/20 VUs, 8500 complete and 0 interrupted iterations
default   [  86% ] 20/20 VUs  3m27.0s/4m00.0s

running (3m28.0s), 20/20 VUs, 8540 complete and 0 interrupted iterations
default   [  87% ] 20/20 VUs  3m28.0s/4m00.0s

running (3m29.0s), 20/20 VUs, 8580 complete and 0 interrupted iterations
default   [  87% ] 20/20 VUs  3m29.0s/4m00.0s

running (3m30.0s), 20/20 VUs, 8624 complete and 0 interrupted iterations
default   [  87% ] 20/20 VUs  3m30.0s/4m00.0s

running (3m31.0s), 20/20 VUs, 8664 complete and 0 interrupted iterations
default   [  88% ] 20/20 VUs  3m31.0s/4m00.0s

running (3m32.0s), 19/20 VUs, 8706 complete and 0 interrupted iterations
default   [  88% ] 19/20 VUs  3m32.0s/4m00.0s

running (3m33.0s), 19/20 VUs, 8746 complete and 0 interrupted iterations
default   [  89% ] 19/20 VUs  3m33.0s/4m00.0s

running (3m34.0s), 18/20 VUs, 8788 complete and 0 interrupted iterations
default   [  89% ] 18/20 VUs  3m34.0s/4m00.0s

running (3m35.0s), 17/20 VUs, 8830 complete and 0 interrupted iterations
default   [  90% ] 17/20 VUs  3m35.0s/4m00.0s

running (3m36.0s), 17/20 VUs, 8871 complete and 0 interrupted iterations
default   [  90% ] 17/20 VUs  3m36.0s/4m00.0s

running (3m37.0s), 16/20 VUs, 8914 complete and 0 interrupted iterations
default   [  90% ] 16/20 VUs  3m37.0s/4m00.0s

running (3m38.0s), 15/20 VUs, 8955 complete and 0 interrupted iterations
default   [  91% ] 15/20 VUs  3m38.0s/4m00.0s

running (3m39.0s), 15/20 VUs, 8995 complete and 0 interrupted iterations
default   [  91% ] 15/20 VUs  3m39.0s/4m00.0s

running (3m40.0s), 14/20 VUs, 9040 complete and 0 interrupted iterations
default   [  92% ] 14/20 VUs  3m40.0s/4m00.0s

running (3m41.0s), 13/20 VUs, 9081 complete and 0 interrupted iterations
default   [  92% ] 13/20 VUs  3m41.0s/4m00.0s

running (3m42.0s), 13/20 VUs, 9122 complete and 0 interrupted iterations
default   [  92% ] 13/20 VUs  3m42.0s/4m00.0s

running (3m43.0s), 12/20 VUs, 9163 complete and 0 interrupted iterations
default   [  93% ] 12/20 VUs  3m43.0s/4m00.0s

running (3m44.0s), 11/20 VUs, 9205 complete and 0 interrupted iterations
default   [  93% ] 11/20 VUs  3m44.0s/4m00.0s

running (3m45.0s), 11/20 VUs, 9248 complete and 0 interrupted iterations
default   [  94% ] 11/20 VUs  3m45.0s/4m00.0s

running (3m46.0s), 10/20 VUs, 9290 complete and 0 interrupted iterations
default   [  94% ] 10/20 VUs  3m46.0s/4m00.0s

running (3m47.0s), 09/20 VUs, 9330 complete and 0 interrupted iterations
default   [  95% ] 09/20 VUs  3m47.0s/4m00.0s

running (3m48.0s), 09/20 VUs, 9372 complete and 0 interrupted iterations
default   [  95% ] 09/20 VUs  3m48.0s/4m00.0s

running (3m49.0s), 08/20 VUs, 9414 complete and 0 interrupted iterations
default   [  95% ] 08/20 VUs  3m49.0s/4m00.0s

running (3m50.0s), 07/20 VUs, 9457 complete and 0 interrupted iterations
default   [  96% ] 07/20 VUs  3m50.0s/4m00.0s

running (3m51.0s), 07/20 VUs, 9499 complete and 0 interrupted iterations
default   [  96% ] 07/20 VUs  3m51.0s/4m00.0s

running (3m52.0s), 06/20 VUs, 9540 complete and 0 interrupted iterations
default   [  97% ] 06/20 VUs  3m52.0s/4m00.0s

running (3m53.0s), 05/20 VUs, 9582 complete and 0 interrupted iterations
default   [  97% ] 05/20 VUs  3m53.0s/4m00.0s

running (3m54.0s), 05/20 VUs, 9623 complete and 0 interrupted iterations
default   [  97% ] 05/20 VUs  3m54.0s/4m00.0s

running (3m55.0s), 04/20 VUs, 9666 complete and 0 interrupted iterations
default   [  98% ] 04/20 VUs  3m55.0s/4m00.0s

running (3m56.0s), 03/20 VUs, 9708 complete and 0 interrupted iterations
default   [  98% ] 03/20 VUs  3m56.0s/4m00.0s

running (3m57.0s), 03/20 VUs, 9750 complete and 0 interrupted iterations
default   [  99% ] 03/20 VUs  3m57.0s/4m00.0s

running (3m58.0s), 02/20 VUs, 9787 complete and 0 interrupted iterations
default   [  99% ] 02/20 VUs  3m58.0s/4m00.0s

running (3m59.0s), 01/20 VUs, 9818 complete and 0 interrupted iterations
default   [ 100% ] 01/20 VUs  3m59.0s/4m00.0s

running (4m00.0s), 01/20 VUs, 9839 complete and 0 interrupted iterations
default   [ 100% ] 01/20 VUs  4m00.0s/4m00.0s


  █ THRESHOLDS 

    checks
    ✓ 'rate>0.95' rate=100.00%

    http_req_duration
    ✓ 'p(95)<5000' p(95)=583.22ms
    ✓ 'p(99)<10000' p(99)=634.2ms

    http_req_failed
    ✓ 'rate<0.05' rate=0.00%


  █ TOTAL RESULTS 

    checks_total.......: 39364   163.992755/s
    checks_succeeded...: 100.00% 39364 out of 39364
    checks_failed......: 0.00%   0 out of 39364

    ✓ status is 200
    ✓ content-type is json
    ✓ workloadType is CPU-BOUND
    ✓ executionTimeMs exists

    CUSTOM
    response_time_ms...............: min=46.329722 avg=428.320664 med=463.761102 max=744.423811 p(90)=558.410668 p(95)=583.224055 p(99)=634.207607
    successful_requests............: 9841   40.998189/s

    HTTP
    http_req_duration..............: min=46.32ms   avg=428.32ms   med=463.76ms   max=744.42ms   p(90)=558.41ms   p(95)=583.22ms   p(99)=634.2ms   
      { expected_response:true }...: min=46.32ms   avg=428.32ms   med=463.76ms   max=744.42ms   p(90)=558.41ms   p(95)=583.22ms   p(99)=634.2ms   
    http_req_failed................: 0.00%  0 out of 9841
    http_reqs......................: 9841   40.998189/s

    EXECUTION
    iteration_duration.............: min=46.47ms   avg=428.48ms   med=463.91ms   max=744.61ms   p(90)=558.58ms   p(95)=583.38ms   p(99)=634.4ms   
    iterations.....................: 9841   40.998189/s
    vus............................: 1      min=1         max=20
    vus_max........................: 20     min=20        max=20

    NETWORK
    data_received..................: 2.8 MB 12 kB/s
    data_sent......................: 787 kB 3.3 kB/s




running (4m00.0s), 00/20 VUs, 9841 complete and 0 interrupted iterations
default ✓ [ 100% ] 00/20 VUs  4m0s
