
         /\      Grafana   /‾‾/  
    /\  /  \     |\  __   /  /   
   /  \/    \    | |/ /  /   ‾‾\ 
  /          \   |   (  |  (‾)  |
 / __________ \  |_|\_\  \_____/ 


     execution: local
        script: cpu-bound-test.js
        output: -

     scenarios: (100.00%) 1 scenario, 40 max VUs, 4m30s max duration (incl. graceful stop):
              * default: Up to 40 looping VUs for 4m0s over 3 stages (gracefulRampDown: 30s, gracefulStop: 30s)


running (0m01.0s), 02/40 VUs, 23 complete and 0 interrupted iterations
default   [   0% ] 02/40 VUs  0m01.0s/4m00.0s

running (0m02.0s), 03/40 VUs, 62 complete and 0 interrupted iterations
default   [   1% ] 03/40 VUs  0m02.0s/4m00.0s

running (0m03.0s), 04/40 VUs, 103 complete and 0 interrupted iterations
default   [   1% ] 04/40 VUs  0m03.0s/4m00.0s

running (0m04.0s), 06/40 VUs, 146 complete and 0 interrupted iterations
default   [   2% ] 06/40 VUs  0m04.0s/4m00.0s

running (0m05.0s), 07/40 VUs, 185 complete and 0 interrupted iterations
default   [   2% ] 07/40 VUs  0m05.0s/4m00.0s

running (0m06.0s), 08/40 VUs, 226 complete and 0 interrupted iterations
default   [   2% ] 08/40 VUs  0m06.0s/4m00.0s

running (0m07.0s), 10/40 VUs, 267 complete and 0 interrupted iterations
default   [   3% ] 10/40 VUs  0m07.0s/4m00.0s

running (0m08.0s), 11/40 VUs, 307 complete and 0 interrupted iterations
default   [   3% ] 11/40 VUs  0m08.0s/4m00.0s

running (0m09.0s), 12/40 VUs, 348 complete and 0 interrupted iterations
default   [   4% ] 12/40 VUs  0m09.0s/4m00.0s

running (0m10.0s), 13/40 VUs, 388 complete and 0 interrupted iterations
default   [   4% ] 13/40 VUs  0m10.0s/4m00.0s

running (0m11.0s), 15/40 VUs, 429 complete and 0 interrupted iterations
default   [   5% ] 15/40 VUs  0m11.0s/4m00.0s

running (0m12.0s), 16/40 VUs, 475 complete and 0 interrupted iterations
default   [   5% ] 16/40 VUs  0m12.0s/4m00.0s

running (0m13.0s), 17/40 VUs, 512 complete and 0 interrupted iterations
default   [   5% ] 17/40 VUs  0m13.0s/4m00.0s

running (0m14.0s), 19/40 VUs, 552 complete and 0 interrupted iterations
default   [   6% ] 19/40 VUs  0m14.0s/4m00.0s

running (0m15.0s), 20/40 VUs, 594 complete and 0 interrupted iterations
default   [   6% ] 20/40 VUs  0m15.0s/4m00.0s

running (0m16.0s), 21/40 VUs, 635 complete and 0 interrupted iterations
default   [   7% ] 21/40 VUs  0m16.0s/4m00.0s

running (0m17.0s), 23/40 VUs, 676 complete and 0 interrupted iterations
default   [   7% ] 23/40 VUs  0m17.0s/4m00.0s

running (0m18.0s), 24/40 VUs, 715 complete and 0 interrupted iterations
default   [   7% ] 24/40 VUs  0m18.0s/4m00.0s

running (0m19.0s), 25/40 VUs, 757 complete and 0 interrupted iterations
default   [   8% ] 25/40 VUs  0m19.0s/4m00.0s

running (0m20.0s), 26/40 VUs, 797 complete and 0 interrupted iterations
default   [   8% ] 26/40 VUs  0m20.0s/4m00.0s

running (0m21.0s), 28/40 VUs, 840 complete and 0 interrupted iterations
default   [   9% ] 28/40 VUs  0m21.0s/4m00.0s

running (0m22.0s), 29/40 VUs, 881 complete and 0 interrupted iterations
default   [   9% ] 29/40 VUs  0m22.0s/4m00.0s

running (0m23.0s), 30/40 VUs, 921 complete and 0 interrupted iterations
default   [  10% ] 30/40 VUs  0m23.0s/4m00.0s

running (0m24.0s), 32/40 VUs, 963 complete and 0 interrupted iterations
default   [  10% ] 32/40 VUs  0m24.0s/4m00.0s

running (0m25.0s), 33/40 VUs, 1003 complete and 0 interrupted iterations
default   [  10% ] 33/40 VUs  0m25.0s/4m00.0s

running (0m26.0s), 34/40 VUs, 1042 complete and 0 interrupted iterations
default   [  11% ] 34/40 VUs  0m26.0s/4m00.0s

running (0m27.0s), 36/40 VUs, 1086 complete and 0 interrupted iterations
default   [  11% ] 36/40 VUs  0m27.0s/4m00.0s

running (0m28.0s), 37/40 VUs, 1127 complete and 0 interrupted iterations
default   [  12% ] 37/40 VUs  0m28.0s/4m00.0s

running (0m29.0s), 38/40 VUs, 1166 complete and 0 interrupted iterations
default   [  12% ] 38/40 VUs  0m29.0s/4m00.0s

running (0m30.0s), 39/40 VUs, 1208 complete and 0 interrupted iterations
default   [  12% ] 39/40 VUs  0m30.0s/4m00.0s

running (0m31.0s), 40/40 VUs, 1247 complete and 0 interrupted iterations
default   [  13% ] 40/40 VUs  0m31.0s/4m00.0s

running (0m32.0s), 40/40 VUs, 1286 complete and 0 interrupted iterations
default   [  13% ] 40/40 VUs  0m32.0s/4m00.0s

running (0m33.0s), 40/40 VUs, 1332 complete and 0 interrupted iterations
default   [  14% ] 40/40 VUs  0m33.0s/4m00.0s

running (0m34.0s), 40/40 VUs, 1374 complete and 0 interrupted iterations
default   [  14% ] 40/40 VUs  0m34.0s/4m00.0s

running (0m35.0s), 40/40 VUs, 1415 complete and 0 interrupted iterations
default   [  15% ] 40/40 VUs  0m35.0s/4m00.0s

running (0m36.0s), 40/40 VUs, 1457 complete and 0 interrupted iterations
default   [  15% ] 40/40 VUs  0m36.0s/4m00.0s

running (0m37.0s), 40/40 VUs, 1498 complete and 0 interrupted iterations
default   [  15% ] 40/40 VUs  0m37.0s/4m00.0s

running (0m38.0s), 40/40 VUs, 1539 complete and 0 interrupted iterations
default   [  16% ] 40/40 VUs  0m38.0s/4m00.0s

running (0m39.0s), 40/40 VUs, 1588 complete and 0 interrupted iterations
default   [  16% ] 40/40 VUs  0m39.0s/4m00.0s

running (0m40.0s), 40/40 VUs, 1624 complete and 0 interrupted iterations
default   [  17% ] 40/40 VUs  0m40.0s/4m00.0s

running (0m41.0s), 40/40 VUs, 1665 complete and 0 interrupted iterations
default   [  17% ] 40/40 VUs  0m41.0s/4m00.0s

running (0m42.0s), 40/40 VUs, 1704 complete and 0 interrupted iterations
default   [  17% ] 40/40 VUs  0m42.0s/4m00.0s

running (0m43.0s), 40/40 VUs, 1747 complete and 0 interrupted iterations
default   [  18% ] 40/40 VUs  0m43.0s/4m00.0s

running (0m44.0s), 40/40 VUs, 1790 complete and 0 interrupted iterations
default   [  18% ] 40/40 VUs  0m44.0s/4m00.0s

running (0m45.0s), 40/40 VUs, 1838 complete and 0 interrupted iterations
default   [  19% ] 40/40 VUs  0m45.0s/4m00.0s

running (0m46.0s), 40/40 VUs, 1874 complete and 0 interrupted iterations
default   [  19% ] 40/40 VUs  0m46.0s/4m00.0s

running (0m47.0s), 40/40 VUs, 1914 complete and 0 interrupted iterations
default   [  20% ] 40/40 VUs  0m47.0s/4m00.0s

running (0m48.0s), 40/40 VUs, 1955 complete and 0 interrupted iterations
default   [  20% ] 40/40 VUs  0m48.0s/4m00.0s

running (0m49.0s), 40/40 VUs, 1995 complete and 0 interrupted iterations
default   [  20% ] 40/40 VUs  0m49.0s/4m00.0s

running (0m50.0s), 40/40 VUs, 2037 complete and 0 interrupted iterations
default   [  21% ] 40/40 VUs  0m50.0s/4m00.0s

running (0m51.0s), 40/40 VUs, 2079 complete and 0 interrupted iterations
default   [  21% ] 40/40 VUs  0m51.0s/4m00.0s

running (0m52.0s), 40/40 VUs, 2121 complete and 0 interrupted iterations
default   [  22% ] 40/40 VUs  0m52.0s/4m00.0s

running (0m53.0s), 40/40 VUs, 2162 complete and 0 interrupted iterations
default   [  22% ] 40/40 VUs  0m53.0s/4m00.0s

running (0m54.0s), 40/40 VUs, 2203 complete and 0 interrupted iterations
default   [  22% ] 40/40 VUs  0m54.0s/4m00.0s

running (0m55.0s), 40/40 VUs, 2248 complete and 0 interrupted iterations
default   [  23% ] 40/40 VUs  0m55.0s/4m00.0s

running (0m56.0s), 40/40 VUs, 2286 complete and 0 interrupted iterations
default   [  23% ] 40/40 VUs  0m56.0s/4m00.0s

running (0m57.0s), 40/40 VUs, 2327 complete and 0 interrupted iterations
default   [  24% ] 40/40 VUs  0m57.0s/4m00.0s

running (0m58.0s), 40/40 VUs, 2370 complete and 0 interrupted iterations
default   [  24% ] 40/40 VUs  0m58.0s/4m00.0s

running (0m59.0s), 40/40 VUs, 2413 complete and 0 interrupted iterations
default   [  25% ] 40/40 VUs  0m59.0s/4m00.0s

running (1m00.0s), 40/40 VUs, 2447 complete and 0 interrupted iterations
default   [  25% ] 40/40 VUs  1m00.0s/4m00.0s

running (1m01.0s), 40/40 VUs, 2490 complete and 0 interrupted iterations
default   [  25% ] 40/40 VUs  1m01.0s/4m00.0s

running (1m02.0s), 40/40 VUs, 2532 complete and 0 interrupted iterations
default   [  26% ] 40/40 VUs  1m02.0s/4m00.0s

running (1m03.0s), 40/40 VUs, 2570 complete and 0 interrupted iterations
default   [  26% ] 40/40 VUs  1m03.0s/4m00.0s

running (1m04.0s), 40/40 VUs, 2617 complete and 0 interrupted iterations
default   [  27% ] 40/40 VUs  1m04.0s/4m00.0s

running (1m05.0s), 40/40 VUs, 2659 complete and 0 interrupted iterations
default   [  27% ] 40/40 VUs  1m05.0s/4m00.0s

running (1m06.0s), 40/40 VUs, 2701 complete and 0 interrupted iterations
default   [  27% ] 40/40 VUs  1m06.0s/4m00.0s

running (1m07.0s), 40/40 VUs, 2740 complete and 0 interrupted iterations
default   [  28% ] 40/40 VUs  1m07.0s/4m00.0s

running (1m08.0s), 40/40 VUs, 2786 complete and 0 interrupted iterations
default   [  28% ] 40/40 VUs  1m08.0s/4m00.0s

running (1m09.0s), 40/40 VUs, 2828 complete and 0 interrupted iterations
default   [  29% ] 40/40 VUs  1m09.0s/4m00.0s

running (1m10.0s), 40/40 VUs, 2867 complete and 0 interrupted iterations
default   [  29% ] 40/40 VUs  1m10.0s/4m00.0s

running (1m11.0s), 40/40 VUs, 2908 complete and 0 interrupted iterations
default   [  30% ] 40/40 VUs  1m11.0s/4m00.0s

running (1m12.0s), 40/40 VUs, 2945 complete and 0 interrupted iterations
default   [  30% ] 40/40 VUs  1m12.0s/4m00.0s

running (1m13.0s), 40/40 VUs, 2990 complete and 0 interrupted iterations
default   [  30% ] 40/40 VUs  1m13.0s/4m00.0s

running (1m14.0s), 40/40 VUs, 3033 complete and 0 interrupted iterations
default   [  31% ] 40/40 VUs  1m14.0s/4m00.0s

running (1m15.0s), 40/40 VUs, 3075 complete and 0 interrupted iterations
default   [  31% ] 40/40 VUs  1m15.0s/4m00.0s

running (1m16.0s), 40/40 VUs, 3116 complete and 0 interrupted iterations
default   [  32% ] 40/40 VUs  1m16.0s/4m00.0s

running (1m17.0s), 40/40 VUs, 3160 complete and 0 interrupted iterations
default   [  32% ] 40/40 VUs  1m17.0s/4m00.0s

running (1m18.0s), 40/40 VUs, 3199 complete and 0 interrupted iterations
default   [  32% ] 40/40 VUs  1m18.0s/4m00.0s

running (1m19.0s), 40/40 VUs, 3243 complete and 0 interrupted iterations
default   [  33% ] 40/40 VUs  1m19.0s/4m00.0s

running (1m20.0s), 40/40 VUs, 3282 complete and 0 interrupted iterations
default   [  33% ] 40/40 VUs  1m20.0s/4m00.0s

running (1m21.0s), 40/40 VUs, 3323 complete and 0 interrupted iterations
default   [  34% ] 40/40 VUs  1m21.0s/4m00.0s

running (1m22.0s), 40/40 VUs, 3366 complete and 0 interrupted iterations
default   [  34% ] 40/40 VUs  1m22.0s/4m00.0s

running (1m23.0s), 40/40 VUs, 3407 complete and 0 interrupted iterations
default   [  35% ] 40/40 VUs  1m23.0s/4m00.0s

running (1m24.0s), 40/40 VUs, 3450 complete and 0 interrupted iterations
default   [  35% ] 40/40 VUs  1m24.0s/4m00.0s

running (1m25.0s), 40/40 VUs, 3490 complete and 0 interrupted iterations
default   [  35% ] 40/40 VUs  1m25.0s/4m00.0s

running (1m26.0s), 40/40 VUs, 3529 complete and 0 interrupted iterations
default   [  36% ] 40/40 VUs  1m26.0s/4m00.0s

running (1m27.0s), 40/40 VUs, 3570 complete and 0 interrupted iterations
default   [  36% ] 40/40 VUs  1m27.0s/4m00.0s

running (1m28.0s), 40/40 VUs, 3613 complete and 0 interrupted iterations
default   [  37% ] 40/40 VUs  1m28.0s/4m00.0s

running (1m29.0s), 40/40 VUs, 3656 complete and 0 interrupted iterations
default   [  37% ] 40/40 VUs  1m29.0s/4m00.0s

running (1m30.0s), 40/40 VUs, 3698 complete and 0 interrupted iterations
default   [  37% ] 40/40 VUs  1m30.0s/4m00.0s

running (1m31.0s), 40/40 VUs, 3741 complete and 0 interrupted iterations
default   [  38% ] 40/40 VUs  1m31.0s/4m00.0s

running (1m32.0s), 40/40 VUs, 3780 complete and 0 interrupted iterations
default   [  38% ] 40/40 VUs  1m32.0s/4m00.0s

running (1m33.0s), 40/40 VUs, 3823 complete and 0 interrupted iterations
default   [  39% ] 40/40 VUs  1m33.0s/4m00.0s

running (1m34.0s), 40/40 VUs, 3863 complete and 0 interrupted iterations
default   [  39% ] 40/40 VUs  1m34.0s/4m00.0s

running (1m35.0s), 40/40 VUs, 3901 complete and 0 interrupted iterations
default   [  40% ] 40/40 VUs  1m35.0s/4m00.0s

running (1m36.0s), 40/40 VUs, 3941 complete and 0 interrupted iterations
default   [  40% ] 40/40 VUs  1m36.0s/4m00.0s

running (1m37.0s), 40/40 VUs, 3983 complete and 0 interrupted iterations
default   [  40% ] 40/40 VUs  1m37.0s/4m00.0s

running (1m38.0s), 40/40 VUs, 4023 complete and 0 interrupted iterations
default   [  41% ] 40/40 VUs  1m38.0s/4m00.0s

running (1m39.0s), 40/40 VUs, 4066 complete and 0 interrupted iterations
default   [  41% ] 40/40 VUs  1m39.0s/4m00.0s

running (1m40.0s), 40/40 VUs, 4111 complete and 0 interrupted iterations
default   [  42% ] 40/40 VUs  1m40.0s/4m00.0s

running (1m41.0s), 40/40 VUs, 4152 complete and 0 interrupted iterations
default   [  42% ] 40/40 VUs  1m41.0s/4m00.0s

running (1m42.0s), 40/40 VUs, 4190 complete and 0 interrupted iterations
default   [  42% ] 40/40 VUs  1m42.0s/4m00.0s

running (1m43.0s), 40/40 VUs, 4233 complete and 0 interrupted iterations
default   [  43% ] 40/40 VUs  1m43.0s/4m00.0s

running (1m44.0s), 40/40 VUs, 4273 complete and 0 interrupted iterations
default   [  43% ] 40/40 VUs  1m44.0s/4m00.0s

running (1m45.0s), 40/40 VUs, 4318 complete and 0 interrupted iterations
default   [  44% ] 40/40 VUs  1m45.0s/4m00.0s

running (1m46.0s), 40/40 VUs, 4363 complete and 0 interrupted iterations
default   [  44% ] 40/40 VUs  1m46.0s/4m00.0s

running (1m47.0s), 40/40 VUs, 4402 complete and 0 interrupted iterations
default   [  45% ] 40/40 VUs  1m47.0s/4m00.0s

running (1m48.0s), 40/40 VUs, 4441 complete and 0 interrupted iterations
default   [  45% ] 40/40 VUs  1m48.0s/4m00.0s

running (1m49.0s), 40/40 VUs, 4483 complete and 0 interrupted iterations
default   [  45% ] 40/40 VUs  1m49.0s/4m00.0s

running (1m50.0s), 40/40 VUs, 4527 complete and 0 interrupted iterations
default   [  46% ] 40/40 VUs  1m50.0s/4m00.0s

running (1m51.0s), 40/40 VUs, 4567 complete and 0 interrupted iterations
default   [  46% ] 40/40 VUs  1m51.0s/4m00.0s

running (1m52.0s), 40/40 VUs, 4608 complete and 0 interrupted iterations
default   [  47% ] 40/40 VUs  1m52.0s/4m00.0s

running (1m53.0s), 40/40 VUs, 4650 complete and 0 interrupted iterations
default   [  47% ] 40/40 VUs  1m53.0s/4m00.0s

running (1m54.0s), 40/40 VUs, 4689 complete and 0 interrupted iterations
default   [  47% ] 40/40 VUs  1m54.0s/4m00.0s

running (1m55.0s), 40/40 VUs, 4731 complete and 0 interrupted iterations
default   [  48% ] 40/40 VUs  1m55.0s/4m00.0s

running (1m56.0s), 40/40 VUs, 4771 complete and 0 interrupted iterations
default   [  48% ] 40/40 VUs  1m56.0s/4m00.0s

running (1m57.0s), 40/40 VUs, 4813 complete and 0 interrupted iterations
default   [  49% ] 40/40 VUs  1m57.0s/4m00.0s

running (1m58.0s), 40/40 VUs, 4854 complete and 0 interrupted iterations
default   [  49% ] 40/40 VUs  1m58.0s/4m00.0s

running (1m59.0s), 40/40 VUs, 4895 complete and 0 interrupted iterations
default   [  50% ] 40/40 VUs  1m59.0s/4m00.0s

running (2m00.0s), 40/40 VUs, 4940 complete and 0 interrupted iterations
default   [  50% ] 40/40 VUs  2m00.0s/4m00.0s

running (2m01.0s), 40/40 VUs, 4980 complete and 0 interrupted iterations
default   [  50% ] 40/40 VUs  2m01.0s/4m00.0s

running (2m02.0s), 40/40 VUs, 5023 complete and 0 interrupted iterations
default   [  51% ] 40/40 VUs  2m02.0s/4m00.0s

running (2m03.0s), 40/40 VUs, 5065 complete and 0 interrupted iterations
default   [  51% ] 40/40 VUs  2m03.0s/4m00.0s

running (2m04.0s), 40/40 VUs, 5107 complete and 0 interrupted iterations
default   [  52% ] 40/40 VUs  2m04.0s/4m00.0s

running (2m05.0s), 40/40 VUs, 5146 complete and 0 interrupted iterations
default   [  52% ] 40/40 VUs  2m05.0s/4m00.0s

running (2m06.0s), 40/40 VUs, 5192 complete and 0 interrupted iterations
default   [  52% ] 40/40 VUs  2m06.0s/4m00.0s

running (2m07.0s), 40/40 VUs, 5230 complete and 0 interrupted iterations
default   [  53% ] 40/40 VUs  2m07.0s/4m00.0s

running (2m08.0s), 40/40 VUs, 5271 complete and 0 interrupted iterations
default   [  53% ] 40/40 VUs  2m08.0s/4m00.0s

running (2m09.0s), 40/40 VUs, 5313 complete and 0 interrupted iterations
default   [  54% ] 40/40 VUs  2m09.0s/4m00.0s

running (2m10.0s), 40/40 VUs, 5353 complete and 0 interrupted iterations
default   [  54% ] 40/40 VUs  2m10.0s/4m00.0s

running (2m11.0s), 40/40 VUs, 5395 complete and 0 interrupted iterations
default   [  55% ] 40/40 VUs  2m11.0s/4m00.0s

running (2m12.0s), 40/40 VUs, 5440 complete and 0 interrupted iterations
default   [  55% ] 40/40 VUs  2m12.0s/4m00.0s

running (2m13.0s), 40/40 VUs, 5479 complete and 0 interrupted iterations
default   [  55% ] 40/40 VUs  2m13.0s/4m00.0s

running (2m14.0s), 40/40 VUs, 5519 complete and 0 interrupted iterations
default   [  56% ] 40/40 VUs  2m14.0s/4m00.0s

running (2m15.0s), 40/40 VUs, 5563 complete and 0 interrupted iterations
default   [  56% ] 40/40 VUs  2m15.0s/4m00.0s

running (2m16.0s), 40/40 VUs, 5604 complete and 0 interrupted iterations
default   [  57% ] 40/40 VUs  2m16.0s/4m00.0s

running (2m17.0s), 40/40 VUs, 5646 complete and 0 interrupted iterations
default   [  57% ] 40/40 VUs  2m17.0s/4m00.0s

running (2m18.0s), 40/40 VUs, 5689 complete and 0 interrupted iterations
default   [  57% ] 40/40 VUs  2m18.0s/4m00.0s

running (2m19.0s), 40/40 VUs, 5728 complete and 0 interrupted iterations
default   [  58% ] 40/40 VUs  2m19.0s/4m00.0s

running (2m20.0s), 40/40 VUs, 5771 complete and 0 interrupted iterations
default   [  58% ] 40/40 VUs  2m20.0s/4m00.0s

running (2m21.0s), 40/40 VUs, 5812 complete and 0 interrupted iterations
default   [  59% ] 40/40 VUs  2m21.0s/4m00.0s

running (2m22.0s), 40/40 VUs, 5853 complete and 0 interrupted iterations
default   [  59% ] 40/40 VUs  2m22.0s/4m00.0s

running (2m23.0s), 40/40 VUs, 5893 complete and 0 interrupted iterations
default   [  60% ] 40/40 VUs  2m23.0s/4m00.0s

running (2m24.0s), 40/40 VUs, 5934 complete and 0 interrupted iterations
default   [  60% ] 40/40 VUs  2m24.0s/4m00.0s

running (2m25.0s), 40/40 VUs, 5976 complete and 0 interrupted iterations
default   [  60% ] 40/40 VUs  2m25.0s/4m00.0s

running (2m26.0s), 40/40 VUs, 6018 complete and 0 interrupted iterations
default   [  61% ] 40/40 VUs  2m26.0s/4m00.0s

running (2m27.0s), 40/40 VUs, 6061 complete and 0 interrupted iterations
default   [  61% ] 40/40 VUs  2m27.0s/4m00.0s

running (2m28.0s), 40/40 VUs, 6106 complete and 0 interrupted iterations
default   [  62% ] 40/40 VUs  2m28.0s/4m00.0s

running (2m29.0s), 40/40 VUs, 6142 complete and 0 interrupted iterations
default   [  62% ] 40/40 VUs  2m29.0s/4m00.0s

running (2m30.0s), 40/40 VUs, 6187 complete and 0 interrupted iterations
default   [  62% ] 40/40 VUs  2m30.0s/4m00.0s

running (2m31.0s), 40/40 VUs, 6226 complete and 0 interrupted iterations
default   [  63% ] 40/40 VUs  2m31.0s/4m00.0s

running (2m32.0s), 40/40 VUs, 6264 complete and 0 interrupted iterations
default   [  63% ] 40/40 VUs  2m32.0s/4m00.0s

running (2m33.0s), 40/40 VUs, 6306 complete and 0 interrupted iterations
default   [  64% ] 40/40 VUs  2m33.0s/4m00.0s

running (2m34.0s), 40/40 VUs, 6350 complete and 0 interrupted iterations
default   [  64% ] 40/40 VUs  2m34.0s/4m00.0s

running (2m35.0s), 40/40 VUs, 6389 complete and 0 interrupted iterations
default   [  65% ] 40/40 VUs  2m35.0s/4m00.0s

running (2m36.0s), 40/40 VUs, 6431 complete and 0 interrupted iterations
default   [  65% ] 40/40 VUs  2m36.0s/4m00.0s

running (2m37.0s), 40/40 VUs, 6474 complete and 0 interrupted iterations
default   [  65% ] 40/40 VUs  2m37.0s/4m00.0s

running (2m38.0s), 40/40 VUs, 6517 complete and 0 interrupted iterations
default   [  66% ] 40/40 VUs  2m38.0s/4m00.0s

running (2m39.0s), 40/40 VUs, 6555 complete and 0 interrupted iterations
default   [  66% ] 40/40 VUs  2m39.0s/4m00.0s

running (2m40.0s), 40/40 VUs, 6600 complete and 0 interrupted iterations
default   [  67% ] 40/40 VUs  2m40.0s/4m00.0s

running (2m41.0s), 40/40 VUs, 6641 complete and 0 interrupted iterations
default   [  67% ] 40/40 VUs  2m41.0s/4m00.0s

running (2m42.0s), 40/40 VUs, 6680 complete and 0 interrupted iterations
default   [  67% ] 40/40 VUs  2m42.0s/4m00.0s

running (2m43.0s), 40/40 VUs, 6720 complete and 0 interrupted iterations
default   [  68% ] 40/40 VUs  2m43.0s/4m00.0s

running (2m44.0s), 40/40 VUs, 6767 complete and 0 interrupted iterations
default   [  68% ] 40/40 VUs  2m44.0s/4m00.0s

running (2m45.0s), 40/40 VUs, 6804 complete and 0 interrupted iterations
default   [  69% ] 40/40 VUs  2m45.0s/4m00.0s

running (2m46.0s), 40/40 VUs, 6847 complete and 0 interrupted iterations
default   [  69% ] 40/40 VUs  2m46.0s/4m00.0s

running (2m47.0s), 40/40 VUs, 6887 complete and 0 interrupted iterations
default   [  70% ] 40/40 VUs  2m47.0s/4m00.0s

running (2m48.0s), 40/40 VUs, 6929 complete and 0 interrupted iterations
default   [  70% ] 40/40 VUs  2m48.0s/4m00.0s

running (2m49.0s), 40/40 VUs, 6971 complete and 0 interrupted iterations
default   [  70% ] 40/40 VUs  2m49.0s/4m00.0s

running (2m50.0s), 40/40 VUs, 7013 complete and 0 interrupted iterations
default   [  71% ] 40/40 VUs  2m50.0s/4m00.0s

running (2m51.0s), 40/40 VUs, 7054 complete and 0 interrupted iterations
default   [  71% ] 40/40 VUs  2m51.0s/4m00.0s

running (2m52.0s), 40/40 VUs, 7097 complete and 0 interrupted iterations
default   [  72% ] 40/40 VUs  2m52.0s/4m00.0s

running (2m53.0s), 40/40 VUs, 7134 complete and 0 interrupted iterations
default   [  72% ] 40/40 VUs  2m53.0s/4m00.0s

running (2m54.0s), 40/40 VUs, 7179 complete and 0 interrupted iterations
default   [  72% ] 40/40 VUs  2m54.0s/4m00.0s

running (2m55.0s), 40/40 VUs, 7221 complete and 0 interrupted iterations
default   [  73% ] 40/40 VUs  2m55.0s/4m00.0s

running (2m56.0s), 40/40 VUs, 7265 complete and 0 interrupted iterations
default   [  73% ] 40/40 VUs  2m56.0s/4m00.0s

running (2m57.0s), 40/40 VUs, 7306 complete and 0 interrupted iterations
default   [  74% ] 40/40 VUs  2m57.0s/4m00.0s

running (2m58.0s), 40/40 VUs, 7344 complete and 0 interrupted iterations
default   [  74% ] 40/40 VUs  2m58.0s/4m00.0s

running (2m59.0s), 40/40 VUs, 7384 complete and 0 interrupted iterations
default   [  75% ] 40/40 VUs  2m59.0s/4m00.0s

running (3m00.0s), 40/40 VUs, 7426 complete and 0 interrupted iterations
default   [  75% ] 40/40 VUs  3m00.0s/4m00.0s

running (3m01.0s), 40/40 VUs, 7466 complete and 0 interrupted iterations
default   [  75% ] 40/40 VUs  3m01.0s/4m00.0s

running (3m02.0s), 40/40 VUs, 7508 complete and 0 interrupted iterations
default   [  76% ] 40/40 VUs  3m02.0s/4m00.0s

running (3m03.0s), 40/40 VUs, 7549 complete and 0 interrupted iterations
default   [  76% ] 40/40 VUs  3m03.0s/4m00.0s

running (3m04.0s), 40/40 VUs, 7590 complete and 0 interrupted iterations
default   [  77% ] 40/40 VUs  3m04.0s/4m00.0s

running (3m05.0s), 40/40 VUs, 7634 complete and 0 interrupted iterations
default   [  77% ] 40/40 VUs  3m05.0s/4m00.0s

running (3m06.0s), 40/40 VUs, 7675 complete and 0 interrupted iterations
default   [  77% ] 40/40 VUs  3m06.0s/4m00.0s

running (3m07.0s), 40/40 VUs, 7718 complete and 0 interrupted iterations
default   [  78% ] 40/40 VUs  3m07.0s/4m00.0s

running (3m08.0s), 40/40 VUs, 7760 complete and 0 interrupted iterations
default   [  78% ] 40/40 VUs  3m08.0s/4m00.0s

running (3m09.0s), 40/40 VUs, 7798 complete and 0 interrupted iterations
default   [  79% ] 40/40 VUs  3m09.0s/4m00.0s

running (3m10.0s), 40/40 VUs, 7843 complete and 0 interrupted iterations
default   [  79% ] 40/40 VUs  3m10.0s/4m00.0s

running (3m11.0s), 40/40 VUs, 7885 complete and 0 interrupted iterations
default   [  80% ] 40/40 VUs  3m11.0s/4m00.0s

running (3m12.0s), 40/40 VUs, 7924 complete and 0 interrupted iterations
default   [  80% ] 40/40 VUs  3m12.0s/4m00.0s

running (3m13.0s), 40/40 VUs, 7967 complete and 0 interrupted iterations
default   [  80% ] 40/40 VUs  3m13.0s/4m00.0s

running (3m14.0s), 40/40 VUs, 8008 complete and 0 interrupted iterations
default   [  81% ] 40/40 VUs  3m14.0s/4m00.0s

running (3m15.0s), 40/40 VUs, 8047 complete and 0 interrupted iterations
default   [  81% ] 40/40 VUs  3m15.0s/4m00.0s

running (3m16.0s), 40/40 VUs, 8091 complete and 0 interrupted iterations
default   [  82% ] 40/40 VUs  3m16.0s/4m00.0s

running (3m17.0s), 40/40 VUs, 8137 complete and 0 interrupted iterations
default   [  82% ] 40/40 VUs  3m17.0s/4m00.0s

running (3m18.0s), 40/40 VUs, 8172 complete and 0 interrupted iterations
default   [  82% ] 40/40 VUs  3m18.0s/4m00.0s

running (3m19.0s), 40/40 VUs, 8217 complete and 0 interrupted iterations
default   [  83% ] 40/40 VUs  3m19.0s/4m00.0s

running (3m20.0s), 40/40 VUs, 8255 complete and 0 interrupted iterations
default   [  83% ] 40/40 VUs  3m20.0s/4m00.0s

running (3m21.0s), 40/40 VUs, 8298 complete and 0 interrupted iterations
default   [  84% ] 40/40 VUs  3m21.0s/4m00.0s

running (3m22.0s), 40/40 VUs, 8342 complete and 0 interrupted iterations
default   [  84% ] 40/40 VUs  3m22.0s/4m00.0s

running (3m23.0s), 40/40 VUs, 8380 complete and 0 interrupted iterations
default   [  85% ] 40/40 VUs  3m23.0s/4m00.0s

running (3m24.0s), 40/40 VUs, 8418 complete and 0 interrupted iterations
default   [  85% ] 40/40 VUs  3m24.0s/4m00.0s

running (3m25.0s), 40/40 VUs, 8467 complete and 0 interrupted iterations
default   [  85% ] 40/40 VUs  3m25.0s/4m00.0s

running (3m26.0s), 40/40 VUs, 8508 complete and 0 interrupted iterations
default   [  86% ] 40/40 VUs  3m26.0s/4m00.0s

running (3m27.0s), 40/40 VUs, 8547 complete and 0 interrupted iterations
default   [  86% ] 40/40 VUs  3m27.0s/4m00.0s

running (3m28.0s), 40/40 VUs, 8586 complete and 0 interrupted iterations
default   [  87% ] 40/40 VUs  3m28.0s/4m00.0s

running (3m29.0s), 40/40 VUs, 8631 complete and 0 interrupted iterations
default   [  87% ] 40/40 VUs  3m29.0s/4m00.0s

running (3m30.0s), 40/40 VUs, 8672 complete and 0 interrupted iterations
default   [  87% ] 40/40 VUs  3m30.0s/4m00.0s

running (3m31.0s), 39/40 VUs, 8716 complete and 0 interrupted iterations
default   [  88% ] 39/40 VUs  3m31.0s/4m00.0s

running (3m32.0s), 38/40 VUs, 8755 complete and 0 interrupted iterations
default   [  88% ] 38/40 VUs  3m32.0s/4m00.0s

running (3m33.0s), 37/40 VUs, 8798 complete and 0 interrupted iterations
default   [  89% ] 37/40 VUs  3m33.0s/4m00.0s

running (3m34.0s), 35/40 VUs, 8841 complete and 0 interrupted iterations
default   [  89% ] 35/40 VUs  3m34.0s/4m00.0s

running (3m35.0s), 35/40 VUs, 8879 complete and 0 interrupted iterations
default   [  90% ] 35/40 VUs  3m35.0s/4m00.0s

running (3m36.0s), 33/40 VUs, 8924 complete and 0 interrupted iterations
default   [  90% ] 33/40 VUs  3m36.0s/4m00.0s

running (3m37.0s), 32/40 VUs, 8965 complete and 0 interrupted iterations
default   [  90% ] 32/40 VUs  3m37.0s/4m00.0s

running (3m38.0s), 30/40 VUs, 9008 complete and 0 interrupted iterations
default   [  91% ] 30/40 VUs  3m38.0s/4m00.0s

running (3m39.0s), 29/40 VUs, 9054 complete and 0 interrupted iterations
default   [  91% ] 29/40 VUs  3m39.0s/4m00.0s

running (3m40.0s), 28/40 VUs, 9088 complete and 0 interrupted iterations
default   [  92% ] 28/40 VUs  3m40.0s/4m00.0s

running (3m41.0s), 26/40 VUs, 9139 complete and 0 interrupted iterations
default   [  92% ] 26/40 VUs  3m41.0s/4m00.0s

running (3m42.0s), 25/40 VUs, 9175 complete and 0 interrupted iterations
default   [  92% ] 25/40 VUs  3m42.0s/4m00.0s

running (3m43.0s), 24/40 VUs, 9219 complete and 0 interrupted iterations
default   [  93% ] 24/40 VUs  3m43.0s/4m00.0s

running (3m44.0s), 22/40 VUs, 9264 complete and 0 interrupted iterations
default   [  93% ] 22/40 VUs  3m44.0s/4m00.0s

running (3m45.0s), 21/40 VUs, 9305 complete and 0 interrupted iterations
default   [  94% ] 21/40 VUs  3m45.0s/4m00.0s

running (3m46.0s), 19/40 VUs, 9344 complete and 0 interrupted iterations
default   [  94% ] 19/40 VUs  3m46.0s/4m00.0s

running (3m47.0s), 18/40 VUs, 9387 complete and 0 interrupted iterations
default   [  95% ] 18/40 VUs  3m47.0s/4m00.0s

running (3m48.0s), 17/40 VUs, 9431 complete and 0 interrupted iterations
default   [  95% ] 17/40 VUs  3m48.0s/4m00.0s

running (3m49.0s), 16/40 VUs, 9473 complete and 0 interrupted iterations
default   [  95% ] 16/40 VUs  3m49.0s/4m00.0s

running (3m50.0s), 14/40 VUs, 9514 complete and 0 interrupted iterations
default   [  96% ] 14/40 VUs  3m50.0s/4m00.0s

running (3m51.0s), 13/40 VUs, 9557 complete and 0 interrupted iterations
default   [  96% ] 13/40 VUs  3m51.0s/4m00.0s

running (3m52.0s), 12/40 VUs, 9599 complete and 0 interrupted iterations
default   [  97% ] 12/40 VUs  3m52.0s/4m00.0s

running (3m53.0s), 10/40 VUs, 9640 complete and 0 interrupted iterations
default   [  97% ] 10/40 VUs  3m53.0s/4m00.0s

running (3m54.0s), 09/40 VUs, 9683 complete and 0 interrupted iterations
default   [  97% ] 09/40 VUs  3m54.0s/4m00.0s

running (3m55.0s), 07/40 VUs, 9726 complete and 0 interrupted iterations
default   [  98% ] 07/40 VUs  3m55.0s/4m00.0s

running (3m56.0s), 06/40 VUs, 9769 complete and 0 interrupted iterations
default   [  98% ] 06/40 VUs  3m56.0s/4m00.0s

running (3m57.0s), 05/40 VUs, 9810 complete and 0 interrupted iterations
default   [  99% ] 05/40 VUs  3m57.0s/4m00.0s

running (3m58.0s), 03/40 VUs, 9854 complete and 0 interrupted iterations
default   [  99% ] 03/40 VUs  3m58.0s/4m00.0s

running (3m59.0s), 02/40 VUs, 9894 complete and 0 interrupted iterations
default   [ 100% ] 02/40 VUs  3m59.0s/4m00.0s

running (4m00.0s), 01/40 VUs, 9921 complete and 0 interrupted iterations
default   [ 100% ] 01/40 VUs  4m00.0s/4m00.0s


  █ THRESHOLDS 

    checks
    ✓ 'rate>0.95' rate=100.00%

    http_req_duration
    ✓ 'p(95)<5000' p(95)=1.24s
    ✓ 'p(99)<10000' p(99)=1.39s

    http_req_failed
    ✓ 'rate<0.05' rate=0.00%


  █ TOTAL RESULTS 

    checks_total.......: 39688   165.357444/s
    checks_succeeded...: 100.00% 39688 out of 39688
    checks_failed......: 0.00%   0 out of 39688

    ✓ status is 200
    ✓ content-type is json
    ✓ workloadType is CPU-BOUND
    ✓ executionTimeMs exists

    CUSTOM
    response_time_ms...............: min=46.09609 avg=848.652979 med=904.328772 max=1760.609857 p(90)=1170.07461 p(95)=1247.164354 p(99)=1393.556615
    successful_requests............: 9922   41.339361/s

    HTTP
    http_req_duration..............: min=46.09ms  avg=848.65ms   med=904.32ms   max=1.76s       p(90)=1.17s      p(95)=1.24s       p(99)=1.39s      
      { expected_response:true }...: min=46.09ms  avg=848.65ms   med=904.32ms   max=1.76s       p(90)=1.17s      p(95)=1.24s       p(99)=1.39s      
    http_req_failed................: 0.00%  0 out of 9922
    http_reqs......................: 9922   41.339361/s

    EXECUTION
    iteration_duration.............: min=46.29ms  avg=848.83ms   med=904.5ms    max=1.76s       p(90)=1.17s      p(95)=1.24s       p(99)=1.39s      
    iterations.....................: 9922   41.339361/s
    vus............................: 1      min=1         max=40
    vus_max........................: 40     min=40        max=40

    NETWORK
    data_received..................: 2.8 MB 12 kB/s
    data_sent......................: 794 kB 3.3 kB/s




running (4m00.0s), 00/40 VUs, 9922 complete and 0 interrupted iterations
default ✓ [ 100% ] 00/40 VUs  4m0s
