
         /\      Grafana   /‾‾/  
    /\  /  \     |\  __   /  /   
   /  \/    \    | |/ /  /   ‾‾\ 
  /          \   |   (  |  (‾)  |
 / __________ \  |_|\_\  \_____/ 


     execution: local
        script: cpu-bound-test.js
        output: -

     scenarios: (100.00%) 1 scenario, 40 max VUs, 4m30s max duration (incl. graceful stop):
              * default: Up to 40 looping VUs for 4m0s over 3 stages (gracefulRampDown: 30s, gracefulStop: 30s)


running (0m01.0s), 02/40 VUs, 23 complete and 0 interrupted iterations
default   [   0% ] 02/40 VUs  0m01.0s/4m00.0s

running (0m02.0s), 03/40 VUs, 63 complete and 0 interrupted iterations
default   [   1% ] 03/40 VUs  0m02.0s/4m00.0s

running (0m03.0s), 04/40 VUs, 103 complete and 0 interrupted iterations
default   [   1% ] 04/40 VUs  0m03.0s/4m00.0s

running (0m04.0s), 06/40 VUs, 143 complete and 0 interrupted iterations
default   [   2% ] 06/40 VUs  0m04.0s/4m00.0s

running (0m05.0s), 07/40 VUs, 186 complete and 0 interrupted iterations
default   [   2% ] 07/40 VUs  0m05.0s/4m00.0s

running (0m06.0s), 08/40 VUs, 226 complete and 0 interrupted iterations
default   [   2% ] 08/40 VUs  0m06.0s/4m00.0s

running (0m07.0s), 10/40 VUs, 267 complete and 0 interrupted iterations
default   [   3% ] 10/40 VUs  0m07.0s/4m00.0s

running (0m08.0s), 11/40 VUs, 309 complete and 0 interrupted iterations
default   [   3% ] 11/40 VUs  0m08.0s/4m00.0s

running (0m09.0s), 12/40 VUs, 347 complete and 0 interrupted iterations
default   [   4% ] 12/40 VUs  0m09.0s/4m00.0s

running (0m10.0s), 13/40 VUs, 389 complete and 0 interrupted iterations
default   [   4% ] 13/40 VUs  0m10.0s/4m00.0s

running (0m11.0s), 15/40 VUs, 430 complete and 0 interrupted iterations
default   [   5% ] 15/40 VUs  0m11.0s/4m00.0s

running (0m12.0s), 16/40 VUs, 473 complete and 0 interrupted iterations
default   [   5% ] 16/40 VUs  0m12.0s/4m00.0s

running (0m13.0s), 17/40 VUs, 512 complete and 0 interrupted iterations
default   [   5% ] 17/40 VUs  0m13.0s/4m00.0s

running (0m14.0s), 19/40 VUs, 553 complete and 0 interrupted iterations
default   [   6% ] 19/40 VUs  0m14.0s/4m00.0s

running (0m15.0s), 20/40 VUs, 593 complete and 0 interrupted iterations
default   [   6% ] 20/40 VUs  0m15.0s/4m00.0s

running (0m16.0s), 21/40 VUs, 635 complete and 0 interrupted iterations
default   [   7% ] 21/40 VUs  0m16.0s/4m00.0s

running (0m17.0s), 23/40 VUs, 674 complete and 0 interrupted iterations
default   [   7% ] 23/40 VUs  0m17.0s/4m00.0s

running (0m18.0s), 24/40 VUs, 717 complete and 0 interrupted iterations
default   [   7% ] 24/40 VUs  0m18.0s/4m00.0s

running (0m19.0s), 25/40 VUs, 754 complete and 0 interrupted iterations
default   [   8% ] 25/40 VUs  0m19.0s/4m00.0s

running (0m20.0s), 26/40 VUs, 796 complete and 0 interrupted iterations
default   [   8% ] 26/40 VUs  0m20.0s/4m00.0s

running (0m21.0s), 28/40 VUs, 840 complete and 0 interrupted iterations
default   [   9% ] 28/40 VUs  0m21.0s/4m00.0s

running (0m22.0s), 29/40 VUs, 879 complete and 0 interrupted iterations
default   [   9% ] 29/40 VUs  0m22.0s/4m00.0s

running (0m23.0s), 30/40 VUs, 918 complete and 0 interrupted iterations
default   [  10% ] 30/40 VUs  0m23.0s/4m00.0s

running (0m24.0s), 32/40 VUs, 963 complete and 0 interrupted iterations
default   [  10% ] 32/40 VUs  0m24.0s/4m00.0s

running (0m25.0s), 33/40 VUs, 1000 complete and 0 interrupted iterations
default   [  10% ] 33/40 VUs  0m25.0s/4m00.0s

running (0m26.0s), 34/40 VUs, 1038 complete and 0 interrupted iterations
default   [  11% ] 34/40 VUs  0m26.0s/4m00.0s

running (0m27.0s), 36/40 VUs, 1083 complete and 0 interrupted iterations
default   [  11% ] 36/40 VUs  0m27.0s/4m00.0s

running (0m28.0s), 37/40 VUs, 1122 complete and 0 interrupted iterations
default   [  12% ] 37/40 VUs  0m28.0s/4m00.0s

running (0m29.0s), 38/40 VUs, 1165 complete and 0 interrupted iterations
default   [  12% ] 38/40 VUs  0m29.0s/4m00.0s

running (0m30.0s), 39/40 VUs, 1203 complete and 0 interrupted iterations
default   [  12% ] 39/40 VUs  0m30.0s/4m00.0s

running (0m31.0s), 40/40 VUs, 1245 complete and 0 interrupted iterations
default   [  13% ] 40/40 VUs  0m31.0s/4m00.0s

running (0m32.0s), 40/40 VUs, 1284 complete and 0 interrupted iterations
default   [  13% ] 40/40 VUs  0m32.0s/4m00.0s

running (0m33.0s), 40/40 VUs, 1323 complete and 0 interrupted iterations
default   [  14% ] 40/40 VUs  0m33.0s/4m00.0s

running (0m34.0s), 40/40 VUs, 1370 complete and 0 interrupted iterations
default   [  14% ] 40/40 VUs  0m34.0s/4m00.0s

running (0m35.0s), 40/40 VUs, 1410 complete and 0 interrupted iterations
default   [  15% ] 40/40 VUs  0m35.0s/4m00.0s

running (0m36.0s), 40/40 VUs, 1451 complete and 0 interrupted iterations
default   [  15% ] 40/40 VUs  0m36.0s/4m00.0s

running (0m37.0s), 40/40 VUs, 1495 complete and 0 interrupted iterations
default   [  15% ] 40/40 VUs  0m37.0s/4m00.0s

running (0m38.0s), 40/40 VUs, 1532 complete and 0 interrupted iterations
default   [  16% ] 40/40 VUs  0m38.0s/4m00.0s

running (0m39.0s), 40/40 VUs, 1578 complete and 0 interrupted iterations
default   [  16% ] 40/40 VUs  0m39.0s/4m00.0s

running (0m40.0s), 40/40 VUs, 1617 complete and 0 interrupted iterations
default   [  17% ] 40/40 VUs  0m40.0s/4m00.0s

running (0m41.0s), 40/40 VUs, 1658 complete and 0 interrupted iterations
default   [  17% ] 40/40 VUs  0m41.0s/4m00.0s

running (0m42.0s), 40/40 VUs, 1697 complete and 0 interrupted iterations
default   [  17% ] 40/40 VUs  0m42.0s/4m00.0s

running (0m43.0s), 40/40 VUs, 1740 complete and 0 interrupted iterations
default   [  18% ] 40/40 VUs  0m43.0s/4m00.0s

running (0m44.0s), 40/40 VUs, 1781 complete and 0 interrupted iterations
default   [  18% ] 40/40 VUs  0m44.0s/4m00.0s

running (0m45.0s), 40/40 VUs, 1820 complete and 0 interrupted iterations
default   [  19% ] 40/40 VUs  0m45.0s/4m00.0s

running (0m46.0s), 40/40 VUs, 1865 complete and 0 interrupted iterations
default   [  19% ] 40/40 VUs  0m46.0s/4m00.0s

running (0m47.0s), 40/40 VUs, 1904 complete and 0 interrupted iterations
default   [  20% ] 40/40 VUs  0m47.0s/4m00.0s

running (0m48.0s), 40/40 VUs, 1942 complete and 0 interrupted iterations
default   [  20% ] 40/40 VUs  0m48.0s/4m00.0s

running (0m49.0s), 40/40 VUs, 1987 complete and 0 interrupted iterations
default   [  20% ] 40/40 VUs  0m49.0s/4m00.0s

running (0m50.0s), 40/40 VUs, 2029 complete and 0 interrupted iterations
default   [  21% ] 40/40 VUs  0m50.0s/4m00.0s

running (0m51.0s), 40/40 VUs, 2071 complete and 0 interrupted iterations
default   [  21% ] 40/40 VUs  0m51.0s/4m00.0s

running (0m52.0s), 40/40 VUs, 2112 complete and 0 interrupted iterations
default   [  22% ] 40/40 VUs  0m52.0s/4m00.0s

running (0m53.0s), 40/40 VUs, 2150 complete and 0 interrupted iterations
default   [  22% ] 40/40 VUs  0m53.0s/4m00.0s

running (0m54.0s), 40/40 VUs, 2195 complete and 0 interrupted iterations
default   [  22% ] 40/40 VUs  0m54.0s/4m00.0s

running (0m55.0s), 40/40 VUs, 2235 complete and 0 interrupted iterations
default   [  23% ] 40/40 VUs  0m55.0s/4m00.0s

running (0m56.0s), 40/40 VUs, 2277 complete and 0 interrupted iterations
default   [  23% ] 40/40 VUs  0m56.0s/4m00.0s

running (0m57.0s), 40/40 VUs, 2315 complete and 0 interrupted iterations
default   [  24% ] 40/40 VUs  0m57.0s/4m00.0s

running (0m58.0s), 40/40 VUs, 2357 complete and 0 interrupted iterations
default   [  24% ] 40/40 VUs  0m58.0s/4m00.0s

running (0m59.0s), 40/40 VUs, 2402 complete and 0 interrupted iterations
default   [  25% ] 40/40 VUs  0m59.0s/4m00.0s

running (1m00.0s), 40/40 VUs, 2441 complete and 0 interrupted iterations
default   [  25% ] 40/40 VUs  1m00.0s/4m00.0s

running (1m01.0s), 40/40 VUs, 2484 complete and 0 interrupted iterations
default   [  25% ] 40/40 VUs  1m01.0s/4m00.0s

running (1m02.0s), 40/40 VUs, 2523 complete and 0 interrupted iterations
default   [  26% ] 40/40 VUs  1m02.0s/4m00.0s

running (1m03.0s), 40/40 VUs, 2566 complete and 0 interrupted iterations
default   [  26% ] 40/40 VUs  1m03.0s/4m00.0s

running (1m04.0s), 40/40 VUs, 2610 complete and 0 interrupted iterations
default   [  27% ] 40/40 VUs  1m04.0s/4m00.0s

running (1m05.0s), 40/40 VUs, 2648 complete and 0 interrupted iterations
default   [  27% ] 40/40 VUs  1m05.0s/4m00.0s

running (1m06.0s), 40/40 VUs, 2688 complete and 0 interrupted iterations
default   [  27% ] 40/40 VUs  1m06.0s/4m00.0s

running (1m07.0s), 40/40 VUs, 2732 complete and 0 interrupted iterations
default   [  28% ] 40/40 VUs  1m07.0s/4m00.0s

running (1m08.0s), 40/40 VUs, 2774 complete and 0 interrupted iterations
default   [  28% ] 40/40 VUs  1m08.0s/4m00.0s

running (1m09.0s), 40/40 VUs, 2812 complete and 0 interrupted iterations
default   [  29% ] 40/40 VUs  1m09.0s/4m00.0s

running (1m10.0s), 40/40 VUs, 2856 complete and 0 interrupted iterations
default   [  29% ] 40/40 VUs  1m10.0s/4m00.0s

running (1m11.0s), 40/40 VUs, 2898 complete and 0 interrupted iterations
default   [  30% ] 40/40 VUs  1m11.0s/4m00.0s

running (1m12.0s), 40/40 VUs, 2940 complete and 0 interrupted iterations
default   [  30% ] 40/40 VUs  1m12.0s/4m00.0s

running (1m13.0s), 40/40 VUs, 2980 complete and 0 interrupted iterations
default   [  30% ] 40/40 VUs  1m13.0s/4m00.0s

running (1m14.0s), 40/40 VUs, 3021 complete and 0 interrupted iterations
default   [  31% ] 40/40 VUs  1m14.0s/4m00.0s

running (1m15.0s), 40/40 VUs, 3062 complete and 0 interrupted iterations
default   [  31% ] 40/40 VUs  1m15.0s/4m00.0s

running (1m16.0s), 40/40 VUs, 3106 complete and 0 interrupted iterations
default   [  32% ] 40/40 VUs  1m16.0s/4m00.0s

running (1m17.0s), 40/40 VUs, 3145 complete and 0 interrupted iterations
default   [  32% ] 40/40 VUs  1m17.0s/4m00.0s

running (1m18.0s), 40/40 VUs, 3187 complete and 0 interrupted iterations
default   [  32% ] 40/40 VUs  1m18.0s/4m00.0s

running (1m19.0s), 40/40 VUs, 3229 complete and 0 interrupted iterations
default   [  33% ] 40/40 VUs  1m19.0s/4m00.0s

running (1m20.0s), 40/40 VUs, 3271 complete and 0 interrupted iterations
default   [  33% ] 40/40 VUs  1m20.0s/4m00.0s

running (1m21.0s), 40/40 VUs, 3308 complete and 0 interrupted iterations
default   [  34% ] 40/40 VUs  1m21.0s/4m00.0s

running (1m22.0s), 40/40 VUs, 3350 complete and 0 interrupted iterations
default   [  34% ] 40/40 VUs  1m22.0s/4m00.0s

running (1m23.0s), 40/40 VUs, 3389 complete and 0 interrupted iterations
default   [  35% ] 40/40 VUs  1m23.0s/4m00.0s

running (1m24.0s), 40/40 VUs, 3433 complete and 0 interrupted iterations
default   [  35% ] 40/40 VUs  1m24.0s/4m00.0s

running (1m25.0s), 40/40 VUs, 3474 complete and 0 interrupted iterations
default   [  35% ] 40/40 VUs  1m25.0s/4m00.0s

running (1m26.0s), 40/40 VUs, 3517 complete and 0 interrupted iterations
default   [  36% ] 40/40 VUs  1m26.0s/4m00.0s

running (1m27.0s), 40/40 VUs, 3557 complete and 0 interrupted iterations
default   [  36% ] 40/40 VUs  1m27.0s/4m00.0s

running (1m28.0s), 40/40 VUs, 3599 complete and 0 interrupted iterations
default   [  37% ] 40/40 VUs  1m28.0s/4m00.0s

running (1m29.0s), 40/40 VUs, 3641 complete and 0 interrupted iterations
default   [  37% ] 40/40 VUs  1m29.0s/4m00.0s

running (1m30.0s), 40/40 VUs, 3682 complete and 0 interrupted iterations
default   [  37% ] 40/40 VUs  1m30.0s/4m00.0s

running (1m31.0s), 40/40 VUs, 3724 complete and 0 interrupted iterations
default   [  38% ] 40/40 VUs  1m31.0s/4m00.0s

running (1m32.0s), 40/40 VUs, 3763 complete and 0 interrupted iterations
default   [  38% ] 40/40 VUs  1m32.0s/4m00.0s

running (1m33.0s), 40/40 VUs, 3803 complete and 0 interrupted iterations
default   [  39% ] 40/40 VUs  1m33.0s/4m00.0s

running (1m34.0s), 40/40 VUs, 3846 complete and 0 interrupted iterations
default   [  39% ] 40/40 VUs  1m34.0s/4m00.0s

running (1m35.0s), 40/40 VUs, 3888 complete and 0 interrupted iterations
default   [  40% ] 40/40 VUs  1m35.0s/4m00.0s

running (1m36.0s), 40/40 VUs, 3927 complete and 0 interrupted iterations
default   [  40% ] 40/40 VUs  1m36.0s/4m00.0s

running (1m37.0s), 40/40 VUs, 3970 complete and 0 interrupted iterations
default   [  40% ] 40/40 VUs  1m37.0s/4m00.0s

running (1m38.0s), 40/40 VUs, 4009 complete and 0 interrupted iterations
default   [  41% ] 40/40 VUs  1m38.0s/4m00.0s

running (1m39.0s), 40/40 VUs, 4053 complete and 0 interrupted iterations
default   [  41% ] 40/40 VUs  1m39.0s/4m00.0s

running (1m40.0s), 40/40 VUs, 4096 complete and 0 interrupted iterations
default   [  42% ] 40/40 VUs  1m40.0s/4m00.0s

running (1m41.0s), 40/40 VUs, 4137 complete and 0 interrupted iterations
default   [  42% ] 40/40 VUs  1m41.0s/4m00.0s

running (1m42.0s), 40/40 VUs, 4179 complete and 0 interrupted iterations
default   [  42% ] 40/40 VUs  1m42.0s/4m00.0s

running (1m43.0s), 40/40 VUs, 4217 complete and 0 interrupted iterations
default   [  43% ] 40/40 VUs  1m43.0s/4m00.0s

running (1m44.0s), 40/40 VUs, 4258 complete and 0 interrupted iterations
default   [  43% ] 40/40 VUs  1m44.0s/4m00.0s

running (1m45.0s), 40/40 VUs, 4300 complete and 0 interrupted iterations
default   [  44% ] 40/40 VUs  1m45.0s/4m00.0s

running (1m46.0s), 40/40 VUs, 4340 complete and 0 interrupted iterations
default   [  44% ] 40/40 VUs  1m46.0s/4m00.0s

running (1m47.0s), 40/40 VUs, 4381 complete and 0 interrupted iterations
default   [  45% ] 40/40 VUs  1m47.0s/4m00.0s

running (1m48.0s), 40/40 VUs, 4423 complete and 0 interrupted iterations
default   [  45% ] 40/40 VUs  1m48.0s/4m00.0s

running (1m49.0s), 40/40 VUs, 4466 complete and 0 interrupted iterations
default   [  45% ] 40/40 VUs  1m49.0s/4m00.0s

running (1m50.0s), 40/40 VUs, 4510 complete and 0 interrupted iterations
default   [  46% ] 40/40 VUs  1m50.0s/4m00.0s

running (1m51.0s), 40/40 VUs, 4547 complete and 0 interrupted iterations
default   [  46% ] 40/40 VUs  1m51.0s/4m00.0s

running (1m52.0s), 40/40 VUs, 4591 complete and 0 interrupted iterations
default   [  47% ] 40/40 VUs  1m52.0s/4m00.0s

running (1m53.0s), 40/40 VUs, 4633 complete and 0 interrupted iterations
default   [  47% ] 40/40 VUs  1m53.0s/4m00.0s

running (1m54.0s), 40/40 VUs, 4673 complete and 0 interrupted iterations
default   [  47% ] 40/40 VUs  1m54.0s/4m00.0s

running (1m55.0s), 40/40 VUs, 4713 complete and 0 interrupted iterations
default   [  48% ] 40/40 VUs  1m55.0s/4m00.0s

running (1m56.0s), 40/40 VUs, 4759 complete and 0 interrupted iterations
default   [  48% ] 40/40 VUs  1m56.0s/4m00.0s

running (1m57.0s), 40/40 VUs, 4797 complete and 0 interrupted iterations
default   [  49% ] 40/40 VUs  1m57.0s/4m00.0s

running (1m58.0s), 40/40 VUs, 4839 complete and 0 interrupted iterations
default   [  49% ] 40/40 VUs  1m58.0s/4m00.0s

running (1m59.0s), 40/40 VUs, 4878 complete and 0 interrupted iterations
default   [  50% ] 40/40 VUs  1m59.0s/4m00.0s

running (2m00.0s), 40/40 VUs, 4920 complete and 0 interrupted iterations
default   [  50% ] 40/40 VUs  2m00.0s/4m00.0s

running (2m01.0s), 40/40 VUs, 4962 complete and 0 interrupted iterations
default   [  50% ] 40/40 VUs  2m01.0s/4m00.0s

running (2m02.0s), 40/40 VUs, 4999 complete and 0 interrupted iterations
default   [  51% ] 40/40 VUs  2m02.0s/4m00.0s

running (2m03.0s), 40/40 VUs, 5042 complete and 0 interrupted iterations
default   [  51% ] 40/40 VUs  2m03.0s/4m00.0s

running (2m04.0s), 40/40 VUs, 5086 complete and 0 interrupted iterations
default   [  52% ] 40/40 VUs  2m04.0s/4m00.0s

running (2m05.0s), 40/40 VUs, 5125 complete and 0 interrupted iterations
default   [  52% ] 40/40 VUs  2m05.0s/4m00.0s

running (2m06.0s), 40/40 VUs, 5168 complete and 0 interrupted iterations
default   [  52% ] 40/40 VUs  2m06.0s/4m00.0s

running (2m07.0s), 40/40 VUs, 5208 complete and 0 interrupted iterations
default   [  53% ] 40/40 VUs  2m07.0s/4m00.0s

running (2m08.0s), 40/40 VUs, 5251 complete and 0 interrupted iterations
default   [  53% ] 40/40 VUs  2m08.0s/4m00.0s

running (2m09.0s), 40/40 VUs, 5291 complete and 0 interrupted iterations
default   [  54% ] 40/40 VUs  2m09.0s/4m00.0s

running (2m10.0s), 40/40 VUs, 5336 complete and 0 interrupted iterations
default   [  54% ] 40/40 VUs  2m10.0s/4m00.0s

running (2m11.0s), 40/40 VUs, 5372 complete and 0 interrupted iterations
default   [  55% ] 40/40 VUs  2m11.0s/4m00.0s

running (2m12.0s), 40/40 VUs, 5414 complete and 0 interrupted iterations
default   [  55% ] 40/40 VUs  2m12.0s/4m00.0s

running (2m13.0s), 40/40 VUs, 5458 complete and 0 interrupted iterations
default   [  55% ] 40/40 VUs  2m13.0s/4m00.0s

running (2m14.0s), 40/40 VUs, 5494 complete and 0 interrupted iterations
default   [  56% ] 40/40 VUs  2m14.0s/4m00.0s

running (2m15.0s), 40/40 VUs, 5541 complete and 0 interrupted iterations
default   [  56% ] 40/40 VUs  2m15.0s/4m00.0s

running (2m16.0s), 40/40 VUs, 5582 complete and 0 interrupted iterations
default   [  57% ] 40/40 VUs  2m16.0s/4m00.0s

running (2m17.0s), 40/40 VUs, 5617 complete and 0 interrupted iterations
default   [  57% ] 40/40 VUs  2m17.0s/4m00.0s

running (2m18.0s), 40/40 VUs, 5662 complete and 0 interrupted iterations
default   [  57% ] 40/40 VUs  2m18.0s/4m00.0s

running (2m19.0s), 40/40 VUs, 5702 complete and 0 interrupted iterations
default   [  58% ] 40/40 VUs  2m19.0s/4m00.0s

running (2m20.0s), 40/40 VUs, 5743 complete and 0 interrupted iterations
default   [  58% ] 40/40 VUs  2m20.0s/4m00.0s

running (2m21.0s), 40/40 VUs, 5786 complete and 0 interrupted iterations
default   [  59% ] 40/40 VUs  2m21.0s/4m00.0s

running (2m22.0s), 40/40 VUs, 5825 complete and 0 interrupted iterations
default   [  59% ] 40/40 VUs  2m22.0s/4m00.0s

running (2m23.0s), 40/40 VUs, 5871 complete and 0 interrupted iterations
default   [  60% ] 40/40 VUs  2m23.0s/4m00.0s

running (2m24.0s), 40/40 VUs, 5909 complete and 0 interrupted iterations
default   [  60% ] 40/40 VUs  2m24.0s/4m00.0s

running (2m25.0s), 40/40 VUs, 5954 complete and 0 interrupted iterations
default   [  60% ] 40/40 VUs  2m25.0s/4m00.0s

running (2m26.0s), 40/40 VUs, 5996 complete and 0 interrupted iterations
default   [  61% ] 40/40 VUs  2m26.0s/4m00.0s

running (2m27.0s), 40/40 VUs, 6035 complete and 0 interrupted iterations
default   [  61% ] 40/40 VUs  2m27.0s/4m00.0s

running (2m28.0s), 40/40 VUs, 6075 complete and 0 interrupted iterations
default   [  62% ] 40/40 VUs  2m28.0s/4m00.0s

running (2m29.0s), 40/40 VUs, 6118 complete and 0 interrupted iterations
default   [  62% ] 40/40 VUs  2m29.0s/4m00.0s

running (2m30.0s), 40/40 VUs, 6157 complete and 0 interrupted iterations
default   [  62% ] 40/40 VUs  2m30.0s/4m00.0s

running (2m31.0s), 40/40 VUs, 6200 complete and 0 interrupted iterations
default   [  63% ] 40/40 VUs  2m31.0s/4m00.0s

running (2m32.0s), 40/40 VUs, 6240 complete and 0 interrupted iterations
default   [  63% ] 40/40 VUs  2m32.0s/4m00.0s

running (2m33.0s), 40/40 VUs, 6285 complete and 0 interrupted iterations
default   [  64% ] 40/40 VUs  2m33.0s/4m00.0s

running (2m34.0s), 40/40 VUs, 6322 complete and 0 interrupted iterations
default   [  64% ] 40/40 VUs  2m34.0s/4m00.0s

running (2m35.0s), 40/40 VUs, 6365 complete and 0 interrupted iterations
default   [  65% ] 40/40 VUs  2m35.0s/4m00.0s

running (2m36.0s), 40/40 VUs, 6405 complete and 0 interrupted iterations
default   [  65% ] 40/40 VUs  2m36.0s/4m00.0s

running (2m37.0s), 40/40 VUs, 6448 complete and 0 interrupted iterations
default   [  65% ] 40/40 VUs  2m37.0s/4m00.0s

running (2m38.0s), 40/40 VUs, 6486 complete and 0 interrupted iterations
default   [  66% ] 40/40 VUs  2m38.0s/4m00.0s

running (2m39.0s), 40/40 VUs, 6530 complete and 0 interrupted iterations
default   [  66% ] 40/40 VUs  2m39.0s/4m00.0s

running (2m40.0s), 40/40 VUs, 6571 complete and 0 interrupted iterations
default   [  67% ] 40/40 VUs  2m40.0s/4m00.0s

running (2m41.0s), 40/40 VUs, 6612 complete and 0 interrupted iterations
default   [  67% ] 40/40 VUs  2m41.0s/4m00.0s

running (2m42.0s), 40/40 VUs, 6653 complete and 0 interrupted iterations
default   [  67% ] 40/40 VUs  2m42.0s/4m00.0s

running (2m43.0s), 40/40 VUs, 6696 complete and 0 interrupted iterations
default   [  68% ] 40/40 VUs  2m43.0s/4m00.0s

running (2m44.0s), 40/40 VUs, 6735 complete and 0 interrupted iterations
default   [  68% ] 40/40 VUs  2m44.0s/4m00.0s

running (2m45.0s), 40/40 VUs, 6774 complete and 0 interrupted iterations
default   [  69% ] 40/40 VUs  2m45.0s/4m00.0s

running (2m46.0s), 40/40 VUs, 6817 complete and 0 interrupted iterations
default   [  69% ] 40/40 VUs  2m46.0s/4m00.0s

running (2m47.0s), 40/40 VUs, 6863 complete and 0 interrupted iterations
default   [  70% ] 40/40 VUs  2m47.0s/4m00.0s

running (2m48.0s), 40/40 VUs, 6901 complete and 0 interrupted iterations
default   [  70% ] 40/40 VUs  2m48.0s/4m00.0s

running (2m49.0s), 40/40 VUs, 6942 complete and 0 interrupted iterations
default   [  70% ] 40/40 VUs  2m49.0s/4m00.0s

running (2m50.0s), 40/40 VUs, 6984 complete and 0 interrupted iterations
default   [  71% ] 40/40 VUs  2m50.0s/4m00.0s

running (2m51.0s), 40/40 VUs, 7025 complete and 0 interrupted iterations
default   [  71% ] 40/40 VUs  2m51.0s/4m00.0s

running (2m52.0s), 40/40 VUs, 7067 complete and 0 interrupted iterations
default   [  72% ] 40/40 VUs  2m52.0s/4m00.0s

running (2m53.0s), 40/40 VUs, 7109 complete and 0 interrupted iterations
default   [  72% ] 40/40 VUs  2m53.0s/4m00.0s

running (2m54.0s), 40/40 VUs, 7152 complete and 0 interrupted iterations
default   [  72% ] 40/40 VUs  2m54.0s/4m00.0s

running (2m55.0s), 40/40 VUs, 7192 complete and 0 interrupted iterations
default   [  73% ] 40/40 VUs  2m55.0s/4m00.0s

running (2m56.0s), 40/40 VUs, 7236 complete and 0 interrupted iterations
default   [  73% ] 40/40 VUs  2m56.0s/4m00.0s

running (2m57.0s), 40/40 VUs, 7275 complete and 0 interrupted iterations
default   [  74% ] 40/40 VUs  2m57.0s/4m00.0s

running (2m58.0s), 40/40 VUs, 7319 complete and 0 interrupted iterations
default   [  74% ] 40/40 VUs  2m58.0s/4m00.0s

running (2m59.0s), 40/40 VUs, 7359 complete and 0 interrupted iterations
default   [  75% ] 40/40 VUs  2m59.0s/4m00.0s

running (3m00.0s), 40/40 VUs, 7395 complete and 0 interrupted iterations
default   [  75% ] 40/40 VUs  3m00.0s/4m00.0s

running (3m01.0s), 40/40 VUs, 7439 complete and 0 interrupted iterations
default   [  75% ] 40/40 VUs  3m01.0s/4m00.0s

running (3m02.0s), 40/40 VUs, 7476 complete and 0 interrupted iterations
default   [  76% ] 40/40 VUs  3m02.0s/4m00.0s

running (3m03.0s), 40/40 VUs, 7520 complete and 0 interrupted iterations
default   [  76% ] 40/40 VUs  3m03.0s/4m00.0s

running (3m04.0s), 40/40 VUs, 7563 complete and 0 interrupted iterations
default   [  77% ] 40/40 VUs  3m04.0s/4m00.0s

running (3m05.0s), 40/40 VUs, 7603 complete and 0 interrupted iterations
default   [  77% ] 40/40 VUs  3m05.0s/4m00.0s

running (3m06.0s), 40/40 VUs, 7648 complete and 0 interrupted iterations
default   [  77% ] 40/40 VUs  3m06.0s/4m00.0s

running (3m07.0s), 40/40 VUs, 7688 complete and 0 interrupted iterations
default   [  78% ] 40/40 VUs  3m07.0s/4m00.0s

running (3m08.0s), 40/40 VUs, 7724 complete and 0 interrupted iterations
default   [  78% ] 40/40 VUs  3m08.0s/4m00.0s

running (3m09.0s), 40/40 VUs, 7766 complete and 0 interrupted iterations
default   [  79% ] 40/40 VUs  3m09.0s/4m00.0s

running (3m10.0s), 40/40 VUs, 7809 complete and 0 interrupted iterations
default   [  79% ] 40/40 VUs  3m10.0s/4m00.0s

running (3m11.0s), 40/40 VUs, 7854 complete and 0 interrupted iterations
default   [  80% ] 40/40 VUs  3m11.0s/4m00.0s

running (3m12.0s), 40/40 VUs, 7891 complete and 0 interrupted iterations
default   [  80% ] 40/40 VUs  3m12.0s/4m00.0s

running (3m13.0s), 40/40 VUs, 7933 complete and 0 interrupted iterations
default   [  80% ] 40/40 VUs  3m13.0s/4m00.0s

running (3m14.0s), 40/40 VUs, 7975 complete and 0 interrupted iterations
default   [  81% ] 40/40 VUs  3m14.0s/4m00.0s

running (3m15.0s), 40/40 VUs, 8022 complete and 0 interrupted iterations
default   [  81% ] 40/40 VUs  3m15.0s/4m00.0s

running (3m16.0s), 40/40 VUs, 8059 complete and 0 interrupted iterations
default   [  82% ] 40/40 VUs  3m16.0s/4m00.0s

running (3m17.0s), 40/40 VUs, 8101 complete and 0 interrupted iterations
default   [  82% ] 40/40 VUs  3m17.0s/4m00.0s

running (3m18.0s), 40/40 VUs, 8142 complete and 0 interrupted iterations
default   [  82% ] 40/40 VUs  3m18.0s/4m00.0s

running (3m19.0s), 40/40 VUs, 8183 complete and 0 interrupted iterations
default   [  83% ] 40/40 VUs  3m19.0s/4m00.0s

running (3m20.0s), 40/40 VUs, 8222 complete and 0 interrupted iterations
default   [  83% ] 40/40 VUs  3m20.0s/4m00.0s

running (3m21.0s), 40/40 VUs, 8269 complete and 0 interrupted iterations
default   [  84% ] 40/40 VUs  3m21.0s/4m00.0s

running (3m22.0s), 40/40 VUs, 8308 complete and 0 interrupted iterations
default   [  84% ] 40/40 VUs  3m22.0s/4m00.0s

running (3m23.0s), 40/40 VUs, 8345 complete and 0 interrupted iterations
default   [  85% ] 40/40 VUs  3m23.0s/4m00.0s

running (3m24.0s), 40/40 VUs, 8387 complete and 0 interrupted iterations
default   [  85% ] 40/40 VUs  3m24.0s/4m00.0s

running (3m25.0s), 40/40 VUs, 8432 complete and 0 interrupted iterations
default   [  85% ] 40/40 VUs  3m25.0s/4m00.0s

running (3m26.0s), 40/40 VUs, 8472 complete and 0 interrupted iterations
default   [  86% ] 40/40 VUs  3m26.0s/4m00.0s

running (3m27.0s), 40/40 VUs, 8514 complete and 0 interrupted iterations
default   [  86% ] 40/40 VUs  3m27.0s/4m00.0s

running (3m28.0s), 40/40 VUs, 8554 complete and 0 interrupted iterations
default   [  87% ] 40/40 VUs  3m28.0s/4m00.0s

running (3m29.0s), 40/40 VUs, 8597 complete and 0 interrupted iterations
default   [  87% ] 40/40 VUs  3m29.0s/4m00.0s

running (3m30.0s), 40/40 VUs, 8642 complete and 0 interrupted iterations
default   [  87% ] 40/40 VUs  3m30.0s/4m00.0s

running (3m31.0s), 40/40 VUs, 8680 complete and 0 interrupted iterations
default   [  88% ] 40/40 VUs  3m31.0s/4m00.0s

running (3m32.0s), 38/40 VUs, 8722 complete and 0 interrupted iterations
default   [  88% ] 38/40 VUs  3m32.0s/4m00.0s

running (3m33.0s), 37/40 VUs, 8762 complete and 0 interrupted iterations
default   [  89% ] 37/40 VUs  3m33.0s/4m00.0s

running (3m34.0s), 36/40 VUs, 8804 complete and 0 interrupted iterations
default   [  89% ] 36/40 VUs  3m34.0s/4m00.0s

running (3m35.0s), 34/40 VUs, 8849 complete and 0 interrupted iterations
default   [  90% ] 34/40 VUs  3m35.0s/4m00.0s

running (3m36.0s), 33/40 VUs, 8891 complete and 0 interrupted iterations
default   [  90% ] 33/40 VUs  3m36.0s/4m00.0s

running (3m37.0s), 32/40 VUs, 8928 complete and 0 interrupted iterations
default   [  90% ] 32/40 VUs  3m37.0s/4m00.0s

running (3m38.0s), 31/40 VUs, 8970 complete and 0 interrupted iterations
default   [  91% ] 31/40 VUs  3m38.0s/4m00.0s

running (3m39.0s), 29/40 VUs, 9016 complete and 0 interrupted iterations
default   [  91% ] 29/40 VUs  3m39.0s/4m00.0s

running (3m40.0s), 28/40 VUs, 9056 complete and 0 interrupted iterations
default   [  92% ] 28/40 VUs  3m40.0s/4m00.0s

running (3m41.0s), 27/40 VUs, 9099 complete and 0 interrupted iterations
default   [  92% ] 27/40 VUs  3m41.0s/4m00.0s

running (3m42.0s), 25/40 VUs, 9139 complete and 0 interrupted iterations
default   [  92% ] 25/40 VUs  3m42.0s/4m00.0s

running (3m43.0s), 24/40 VUs, 9184 complete and 0 interrupted iterations
default   [  93% ] 24/40 VUs  3m43.0s/4m00.0s

running (3m44.0s), 22/40 VUs, 9223 complete and 0 interrupted iterations
default   [  93% ] 22/40 VUs  3m44.0s/4m00.0s

running (3m45.0s), 21/40 VUs, 9269 complete and 0 interrupted iterations
default   [  94% ] 21/40 VUs  3m45.0s/4m00.0s

running (3m46.0s), 20/40 VUs, 9309 complete and 0 interrupted iterations
default   [  94% ] 20/40 VUs  3m46.0s/4m00.0s

running (3m47.0s), 18/40 VUs, 9353 complete and 0 interrupted iterations
default   [  95% ] 18/40 VUs  3m47.0s/4m00.0s

running (3m48.0s), 17/40 VUs, 9393 complete and 0 interrupted iterations
default   [  95% ] 17/40 VUs  3m48.0s/4m00.0s

running (3m49.0s), 16/40 VUs, 9436 complete and 0 interrupted iterations
default   [  95% ] 16/40 VUs  3m49.0s/4m00.0s

running (3m50.0s), 14/40 VUs, 9475 complete and 0 interrupted iterations
default   [  96% ] 14/40 VUs  3m50.0s/4m00.0s

running (3m51.0s), 13/40 VUs, 9520 complete and 0 interrupted iterations
default   [  96% ] 13/40 VUs  3m51.0s/4m00.0s

running (3m52.0s), 11/40 VUs, 9564 complete and 0 interrupted iterations
default   [  97% ] 11/40 VUs  3m52.0s/4m00.0s

running (3m53.0s), 10/40 VUs, 9603 complete and 0 interrupted iterations
default   [  97% ] 10/40 VUs  3m53.0s/4m00.0s

running (3m54.0s), 09/40 VUs, 9647 complete and 0 interrupted iterations
default   [  97% ] 09/40 VUs  3m54.0s/4m00.0s

running (3m55.0s), 07/40 VUs, 9689 complete and 0 interrupted iterations
default   [  98% ] 07/40 VUs  3m55.0s/4m00.0s

running (3m56.0s), 06/40 VUs, 9731 complete and 0 interrupted iterations
default   [  98% ] 06/40 VUs  3m56.0s/4m00.0s

running (3m57.0s), 05/40 VUs, 9773 complete and 0 interrupted iterations
default   [  99% ] 05/40 VUs  3m57.0s/4m00.0s

running (3m58.0s), 03/40 VUs, 9815 complete and 0 interrupted iterations
default   [  99% ] 03/40 VUs  3m58.0s/4m00.0s

running (3m59.0s), 02/40 VUs, 9855 complete and 0 interrupted iterations
default   [ 100% ] 02/40 VUs  3m59.0s/4m00.0s

running (4m00.0s), 01/40 VUs, 9882 complete and 0 interrupted iterations
default   [ 100% ] 01/40 VUs  4m00.0s/4m00.0s


  █ THRESHOLDS 

    checks
    ✓ 'rate>0.95' rate=100.00%

    http_req_duration
    ✓ 'p(95)<5000' p(95)=1.24s
    ✓ 'p(99)<10000' p(99)=1.38s

    http_req_failed
    ✓ 'rate<0.05' rate=0.00%


  █ TOTAL RESULTS 

    checks_total.......: 39536   164.715147/s
    checks_succeeded...: 100.00% 39536 out of 39536
    checks_failed......: 0.00%   0 out of 39536

    ✓ status is 200
    ✓ content-type is json
    ✓ workloadType is CPU-BOUND
    ✓ executionTimeMs exists

    CUSTOM
    response_time_ms...............: min=46.308391 avg=852.410139 med=909.112689 max=1630.087273 p(90)=1179.510951 p(95)=1249.483948 p(99)=1388.747177
    successful_requests............: 9884   41.178787/s

    HTTP
    http_req_duration..............: min=46.3ms    avg=852.41ms   med=909.11ms   max=1.63s       p(90)=1.17s       p(95)=1.24s       p(99)=1.38s      
      { expected_response:true }...: min=46.3ms    avg=852.41ms   med=909.11ms   max=1.63s       p(90)=1.17s       p(95)=1.24s       p(99)=1.38s      
    http_req_failed................: 0.00%  0 out of 9884
    http_reqs......................: 9884   41.178787/s

    EXECUTION
    iteration_duration.............: min=46.48ms   avg=852.57ms   med=909.35ms   max=1.63s       p(90)=1.17s       p(95)=1.24s       p(99)=1.38s      
    iterations.....................: 9884   41.178787/s
    vus............................: 1      min=1         max=40
    vus_max........................: 40     min=40        max=40

    NETWORK
    data_received..................: 2.8 MB 12 kB/s
    data_sent......................: 791 kB 3.3 kB/s




running (4m00.0s), 00/40 VUs, 9884 complete and 0 interrupted iterations
default ✓ [ 100% ] 00/40 VUs  4m0s
