
         /\      Grafana   /‾‾/  
    /\  /  \     |\  __   /  /   
   /  \/    \    | |/ /  /   ‾‾\ 
  /          \   |   (  |  (‾)  |
 / __________ \  |_|\_\  \_____/ 


     execution: local
        script: io-bound-test.js
        output: -

     scenarios: (100.00%) 1 scenario, 200 max VUs, 4m30s max duration (incl. graceful stop):
              * default: Up to 200 looping VUs for 4m0s over 3 stages (gracefulRampDown: 30s, gracefulStop: 30s)


running (0m00.9s), 006/200 VUs, 57 complete and 0 interrupted iterations
default   [   0% ] 006/200 VUs  0m00.9s/4m00.0s

running (0m01.9s), 013/200 VUs, 247 complete and 0 interrupted iterations
default   [   1% ] 013/200 VUs  0m01.9s/4m00.0s

running (0m02.9s), 020/200 VUs, 570 complete and 0 interrupted iterations
default   [   1% ] 020/200 VUs  0m02.9s/4m00.0s

running (0m03.9s), 026/200 VUs, 1017 complete and 0 interrupted iterations
default   [   2% ] 026/200 VUs  0m03.9s/4m00.0s

running (0m04.9s), 033/200 VUs, 1598 complete and 0 interrupted iterations
default   [   2% ] 033/200 VUs  0m04.9s/4m00.0s

running (0m05.9s), 040/200 VUs, 2310 complete and 0 interrupted iterations
default   [   2% ] 040/200 VUs  0m05.9s/4m00.0s

running (0m06.9s), 046/200 VUs, 3140 complete and 0 interrupted iterations
default   [   3% ] 046/200 VUs  0m06.9s/4m00.0s

running (0m07.9s), 053/200 VUs, 4109 complete and 0 interrupted iterations
default   [   3% ] 053/200 VUs  0m07.9s/4m00.0s

running (0m08.9s), 060/200 VUs, 5099 complete and 0 interrupted iterations
default   [   4% ] 060/200 VUs  0m08.9s/4m00.0s

running (0m09.9s), 066/200 VUs, 6090 complete and 0 interrupted iterations
default   [   4% ] 066/200 VUs  0m09.9s/4m00.0s

running (0m10.9s), 073/200 VUs, 7079 complete and 0 interrupted iterations
default   [   5% ] 073/200 VUs  0m10.9s/4m00.0s

running (0m11.9s), 079/200 VUs, 8070 complete and 0 interrupted iterations
default   [   5% ] 079/200 VUs  0m11.9s/4m00.0s

running (0m12.9s), 086/200 VUs, 9067 complete and 0 interrupted iterations
default   [   5% ] 086/200 VUs  0m12.9s/4m00.0s

running (0m13.9s), 093/200 VUs, 10061 complete and 0 interrupted iterations
default   [   6% ] 093/200 VUs  0m13.9s/4m00.0s

running (0m14.9s), 099/200 VUs, 11049 complete and 0 interrupted iterations
default   [   6% ] 099/200 VUs  0m14.9s/4m00.0s

running (0m15.9s), 106/200 VUs, 12040 complete and 0 interrupted iterations
default   [   7% ] 106/200 VUs  0m15.9s/4m00.0s

running (0m16.9s), 113/200 VUs, 13029 complete and 0 interrupted iterations
default   [   7% ] 113/200 VUs  0m16.9s/4m00.0s

running (0m17.9s), 119/200 VUs, 14021 complete and 0 interrupted iterations
default   [   7% ] 119/200 VUs  0m17.9s/4m00.0s

running (0m18.9s), 126/200 VUs, 15018 complete and 0 interrupted iterations
default   [   8% ] 126/200 VUs  0m18.9s/4m00.0s

running (0m19.9s), 133/200 VUs, 16016 complete and 0 interrupted iterations
default   [   8% ] 133/200 VUs  0m19.9s/4m00.0s

running (0m20.9s), 139/200 VUs, 16994 complete and 0 interrupted iterations
default   [   9% ] 139/200 VUs  0m20.9s/4m00.0s

running (0m21.9s), 146/200 VUs, 17987 complete and 0 interrupted iterations
default   [   9% ] 146/200 VUs  0m21.9s/4m00.0s

running (0m22.9s), 152/200 VUs, 18976 complete and 0 interrupted iterations
default   [  10% ] 152/200 VUs  0m22.9s/4m00.0s

running (0m23.9s), 159/200 VUs, 19971 complete and 0 interrupted iterations
default   [  10% ] 159/200 VUs  0m23.9s/4m00.0s

running (0m24.9s), 166/200 VUs, 20967 complete and 0 interrupted iterations
default   [  10% ] 166/200 VUs  0m24.9s/4m00.0s

running (0m25.9s), 172/200 VUs, 21961 complete and 0 interrupted iterations
default   [  11% ] 172/200 VUs  0m25.9s/4m00.0s

running (0m26.9s), 179/200 VUs, 22947 complete and 0 interrupted iterations
default   [  11% ] 179/200 VUs  0m26.9s/4m00.0s

running (0m27.9s), 186/200 VUs, 23934 complete and 0 interrupted iterations
default   [  12% ] 186/200 VUs  0m27.9s/4m00.0s

running (0m28.9s), 192/200 VUs, 24921 complete and 0 interrupted iterations
default   [  12% ] 192/200 VUs  0m28.9s/4m00.0s

running (0m29.9s), 199/200 VUs, 25917 complete and 0 interrupted iterations
default   [  12% ] 199/200 VUs  0m29.9s/4m00.0s

running (0m30.9s), 200/200 VUs, 26917 complete and 0 interrupted iterations
default   [  13% ] 200/200 VUs  0m30.9s/4m00.0s

running (0m31.9s), 200/200 VUs, 27911 complete and 0 interrupted iterations
default   [  13% ] 200/200 VUs  0m31.9s/4m00.0s

running (0m32.9s), 200/200 VUs, 28894 complete and 0 interrupted iterations
default   [  14% ] 200/200 VUs  0m32.9s/4m00.0s

running (0m33.9s), 200/200 VUs, 29879 complete and 0 interrupted iterations
default   [  14% ] 200/200 VUs  0m33.9s/4m00.0s

running (0m34.9s), 200/200 VUs, 30871 complete and 0 interrupted iterations
default   [  15% ] 200/200 VUs  0m34.9s/4m00.0s

running (0m35.9s), 200/200 VUs, 31869 complete and 0 interrupted iterations
default   [  15% ] 200/200 VUs  0m35.9s/4m00.0s

running (0m36.9s), 200/200 VUs, 32867 complete and 0 interrupted iterations
default   [  15% ] 200/200 VUs  0m36.9s/4m00.0s

running (0m37.9s), 200/200 VUs, 33853 complete and 0 interrupted iterations
default   [  16% ] 200/200 VUs  0m37.9s/4m00.0s

running (0m38.9s), 200/200 VUs, 34841 complete and 0 interrupted iterations
default   [  16% ] 200/200 VUs  0m38.9s/4m00.0s

running (0m39.9s), 200/200 VUs, 35829 complete and 0 interrupted iterations
default   [  17% ] 200/200 VUs  0m39.9s/4m00.0s

running (0m40.9s), 200/200 VUs, 36824 complete and 0 interrupted iterations
default   [  17% ] 200/200 VUs  0m40.9s/4m00.0s

running (0m41.9s), 200/200 VUs, 37821 complete and 0 interrupted iterations
default   [  17% ] 200/200 VUs  0m41.9s/4m00.0s

running (0m42.9s), 200/200 VUs, 38809 complete and 0 interrupted iterations
default   [  18% ] 200/200 VUs  0m42.9s/4m00.0s

running (0m43.9s), 200/200 VUs, 39803 complete and 0 interrupted iterations
default   [  18% ] 200/200 VUs  0m43.9s/4m00.0s

running (0m44.9s), 200/200 VUs, 40790 complete and 0 interrupted iterations
default   [  19% ] 200/200 VUs  0m44.9s/4m00.0s

running (0m45.9s), 200/200 VUs, 41780 complete and 0 interrupted iterations
default   [  19% ] 200/200 VUs  0m45.9s/4m00.0s

running (0m46.9s), 200/200 VUs, 42775 complete and 0 interrupted iterations
default   [  20% ] 200/200 VUs  0m46.9s/4m00.0s

running (0m47.9s), 200/200 VUs, 43766 complete and 0 interrupted iterations
default   [  20% ] 200/200 VUs  0m47.9s/4m00.0s

running (0m48.9s), 200/200 VUs, 44759 complete and 0 interrupted iterations
default   [  20% ] 200/200 VUs  0m48.9s/4m00.0s

running (0m49.9s), 200/200 VUs, 45755 complete and 0 interrupted iterations
default   [  21% ] 200/200 VUs  0m49.9s/4m00.0s

running (0m50.9s), 200/200 VUs, 46733 complete and 0 interrupted iterations
default   [  21% ] 200/200 VUs  0m50.9s/4m00.0s

running (0m51.9s), 200/200 VUs, 47728 complete and 0 interrupted iterations
default   [  22% ] 200/200 VUs  0m51.9s/4m00.0s

running (0m52.9s), 200/200 VUs, 48727 complete and 0 interrupted iterations
default   [  22% ] 200/200 VUs  0m52.9s/4m00.0s

running (0m53.9s), 200/200 VUs, 49718 complete and 0 interrupted iterations
default   [  22% ] 200/200 VUs  0m53.9s/4m00.0s

running (0m54.9s), 200/200 VUs, 50710 complete and 0 interrupted iterations
default   [  23% ] 200/200 VUs  0m54.9s/4m00.0s

running (0m55.9s), 200/200 VUs, 51698 complete and 0 interrupted iterations
default   [  23% ] 200/200 VUs  0m55.9s/4m00.0s

running (0m56.9s), 200/200 VUs, 52684 complete and 0 interrupted iterations
default   [  24% ] 200/200 VUs  0m56.9s/4m00.0s

running (0m57.9s), 200/200 VUs, 53678 complete and 0 interrupted iterations
default   [  24% ] 200/200 VUs  0m57.9s/4m00.0s

running (0m58.9s), 200/200 VUs, 54677 complete and 0 interrupted iterations
default   [  25% ] 200/200 VUs  0m58.9s/4m00.0s

running (0m59.9s), 200/200 VUs, 55668 complete and 0 interrupted iterations
default   [  25% ] 200/200 VUs  0m59.9s/4m00.0s

running (1m00.9s), 200/200 VUs, 56657 complete and 0 interrupted iterations
default   [  25% ] 200/200 VUs  1m00.9s/4m00.0s

running (1m01.9s), 200/200 VUs, 57641 complete and 0 interrupted iterations
default   [  26% ] 200/200 VUs  1m01.9s/4m00.0s

running (1m02.9s), 200/200 VUs, 58636 complete and 0 interrupted iterations
default   [  26% ] 200/200 VUs  1m02.9s/4m00.0s

running (1m03.9s), 200/200 VUs, 59628 complete and 0 interrupted iterations
default   [  27% ] 200/200 VUs  1m03.9s/4m00.0s

running (1m04.9s), 200/200 VUs, 60626 complete and 0 interrupted iterations
default   [  27% ] 200/200 VUs  1m04.9s/4m00.0s

running (1m05.9s), 200/200 VUs, 61614 complete and 0 interrupted iterations
default   [  27% ] 200/200 VUs  1m05.9s/4m00.0s

running (1m06.9s), 200/200 VUs, 62598 complete and 0 interrupted iterations
default   [  28% ] 200/200 VUs  1m06.9s/4m00.0s

running (1m07.9s), 200/200 VUs, 63591 complete and 0 interrupted iterations
default   [  28% ] 200/200 VUs  1m07.9s/4m00.0s

running (1m08.9s), 200/200 VUs, 64584 complete and 0 interrupted iterations
default   [  29% ] 200/200 VUs  1m08.9s/4m00.0s

running (1m09.9s), 200/200 VUs, 65578 complete and 0 interrupted iterations
default   [  29% ] 200/200 VUs  1m09.9s/4m00.0s

running (1m10.9s), 200/200 VUs, 66575 complete and 0 interrupted iterations
default   [  30% ] 200/200 VUs  1m10.9s/4m00.0s

running (1m11.9s), 200/200 VUs, 67551 complete and 0 interrupted iterations
default   [  30% ] 200/200 VUs  1m11.9s/4m00.0s

running (1m12.9s), 200/200 VUs, 68548 complete and 0 interrupted iterations
default   [  30% ] 200/200 VUs  1m12.9s/4m00.0s

running (1m13.9s), 200/200 VUs, 69541 complete and 0 interrupted iterations
default   [  31% ] 200/200 VUs  1m13.9s/4m00.0s

running (1m14.9s), 200/200 VUs, 70528 complete and 0 interrupted iterations
default   [  31% ] 200/200 VUs  1m14.9s/4m00.0s

running (1m15.9s), 200/200 VUs, 71528 complete and 0 interrupted iterations
default   [  32% ] 200/200 VUs  1m15.9s/4m00.0s

running (1m16.9s), 200/200 VUs, 72513 complete and 0 interrupted iterations
default   [  32% ] 200/200 VUs  1m16.9s/4m00.0s

running (1m17.9s), 200/200 VUs, 73498 complete and 0 interrupted iterations
default   [  32% ] 200/200 VUs  1m17.9s/4m00.0s

running (1m18.9s), 200/200 VUs, 74491 complete and 0 interrupted iterations
default   [  33% ] 200/200 VUs  1m18.9s/4m00.0s

running (1m19.9s), 200/200 VUs, 75491 complete and 0 interrupted iterations
default   [  33% ] 200/200 VUs  1m19.9s/4m00.0s

running (1m20.9s), 200/200 VUs, 76482 complete and 0 interrupted iterations
default   [  34% ] 200/200 VUs  1m20.9s/4m00.0s

running (1m21.9s), 200/200 VUs, 77454 complete and 0 interrupted iterations
default   [  34% ] 200/200 VUs  1m21.9s/4m00.0s

running (1m22.9s), 200/200 VUs, 78441 complete and 0 interrupted iterations
default   [  35% ] 200/200 VUs  1m22.9s/4m00.0s

running (1m23.9s), 200/200 VUs, 79441 complete and 0 interrupted iterations
default   [  35% ] 200/200 VUs  1m23.9s/4m00.0s

running (1m24.9s), 200/200 VUs, 80441 complete and 0 interrupted iterations
default   [  35% ] 200/200 VUs  1m24.9s/4m00.0s

running (1m25.9s), 200/200 VUs, 81391 complete and 0 interrupted iterations
default   [  36% ] 200/200 VUs  1m25.9s/4m00.0s

running (1m26.9s), 200/200 VUs, 82391 complete and 0 interrupted iterations
default   [  36% ] 200/200 VUs  1m26.9s/4m00.0s

running (1m27.9s), 200/200 VUs, 83391 complete and 0 interrupted iterations
default   [  37% ] 200/200 VUs  1m27.9s/4m00.0s

running (1m28.9s), 200/200 VUs, 84370 complete and 0 interrupted iterations
default   [  37% ] 200/200 VUs  1m28.9s/4m00.0s

running (1m29.9s), 200/200 VUs, 85341 complete and 0 interrupted iterations
default   [  37% ] 200/200 VUs  1m29.9s/4m00.0s

running (1m30.9s), 200/200 VUs, 86341 complete and 0 interrupted iterations
default   [  38% ] 200/200 VUs  1m30.9s/4m00.0s

running (1m31.9s), 200/200 VUs, 87341 complete and 0 interrupted iterations
default   [  38% ] 200/200 VUs  1m31.9s/4m00.0s

running (1m32.9s), 200/200 VUs, 88307 complete and 0 interrupted iterations
default   [  39% ] 200/200 VUs  1m32.9s/4m00.0s

running (1m33.9s), 200/200 VUs, 89291 complete and 0 interrupted iterations
default   [  39% ] 200/200 VUs  1m33.9s/4m00.0s

running (1m34.9s), 200/200 VUs, 90291 complete and 0 interrupted iterations
default   [  40% ] 200/200 VUs  1m34.9s/4m00.0s

running (1m35.9s), 200/200 VUs, 91291 complete and 0 interrupted iterations
default   [  40% ] 200/200 VUs  1m35.9s/4m00.0s

running (1m36.9s), 200/200 VUs, 92266 complete and 0 interrupted iterations
default   [  40% ] 200/200 VUs  1m36.9s/4m00.0s

running (1m37.9s), 200/200 VUs, 93241 complete and 0 interrupted iterations
default   [  41% ] 200/200 VUs  1m37.9s/4m00.0s

running (1m38.9s), 200/200 VUs, 94241 complete and 0 interrupted iterations
default   [  41% ] 200/200 VUs  1m38.9s/4m00.0s

running (1m39.9s), 200/200 VUs, 95241 complete and 0 interrupted iterations
default   [  42% ] 200/200 VUs  1m39.9s/4m00.0s

running (1m40.9s), 200/200 VUs, 96217 complete and 0 interrupted iterations
default   [  42% ] 200/200 VUs  1m40.9s/4m00.0s

running (1m41.9s), 200/200 VUs, 97191 complete and 0 interrupted iterations
default   [  42% ] 200/200 VUs  1m41.9s/4m00.0s

running (1m42.9s), 200/200 VUs, 98191 complete and 0 interrupted iterations
default   [  43% ] 200/200 VUs  1m42.9s/4m00.0s

running (1m43.9s), 200/200 VUs, 99191 complete and 0 interrupted iterations
default   [  43% ] 200/200 VUs  1m43.9s/4m00.0s

running (1m44.9s), 200/200 VUs, 100191 complete and 0 interrupted iterations
default   [  44% ] 200/200 VUs  1m44.9s/4m00.0s

running (1m45.9s), 200/200 VUs, 101141 complete and 0 interrupted iterations
default   [  44% ] 200/200 VUs  1m45.9s/4m00.0s

running (1m46.9s), 200/200 VUs, 102141 complete and 0 interrupted iterations
default   [  45% ] 200/200 VUs  1m46.9s/4m00.0s

running (1m47.9s), 200/200 VUs, 103141 complete and 0 interrupted iterations
default   [  45% ] 200/200 VUs  1m47.9s/4m00.0s

running (1m48.9s), 200/200 VUs, 104141 complete and 0 interrupted iterations
default   [  45% ] 200/200 VUs  1m48.9s/4m00.0s

running (1m49.9s), 200/200 VUs, 105091 complete and 0 interrupted iterations
default   [  46% ] 200/200 VUs  1m49.9s/4m00.0s

running (1m50.9s), 200/200 VUs, 106091 complete and 0 interrupted iterations
default   [  46% ] 200/200 VUs  1m50.9s/4m00.0s

running (1m51.9s), 200/200 VUs, 107091 complete and 0 interrupted iterations
default   [  47% ] 200/200 VUs  1m51.9s/4m00.0s

running (1m52.9s), 200/200 VUs, 108091 complete and 0 interrupted iterations
default   [  47% ] 200/200 VUs  1m52.9s/4m00.0s

running (1m53.9s), 200/200 VUs, 109091 complete and 0 interrupted iterations
default   [  47% ] 200/200 VUs  1m53.9s/4m00.0s

running (1m54.9s), 200/200 VUs, 110041 complete and 0 interrupted iterations
default   [  48% ] 200/200 VUs  1m54.9s/4m00.0s

running (1m55.9s), 200/200 VUs, 111041 complete and 0 interrupted iterations
default   [  48% ] 200/200 VUs  1m55.9s/4m00.0s

running (1m56.9s), 200/200 VUs, 112041 complete and 0 interrupted iterations
default   [  49% ] 200/200 VUs  1m56.9s/4m00.0s

running (1m57.9s), 200/200 VUs, 113041 complete and 0 interrupted iterations
default   [  49% ] 200/200 VUs  1m57.9s/4m00.0s

running (1m58.9s), 200/200 VUs, 113991 complete and 0 interrupted iterations
default   [  50% ] 200/200 VUs  1m58.9s/4m00.0s

running (1m59.9s), 200/200 VUs, 114991 complete and 0 interrupted iterations
default   [  50% ] 200/200 VUs  1m59.9s/4m00.0s

running (2m00.9s), 200/200 VUs, 115991 complete and 0 interrupted iterations
default   [  50% ] 200/200 VUs  2m00.9s/4m00.0s

running (2m01.9s), 200/200 VUs, 116990 complete and 0 interrupted iterations
default   [  51% ] 200/200 VUs  2m01.9s/4m00.0s

running (2m02.9s), 200/200 VUs, 117941 complete and 0 interrupted iterations
default   [  51% ] 200/200 VUs  2m02.9s/4m00.0s

running (2m03.9s), 200/200 VUs, 118941 complete and 0 interrupted iterations
default   [  52% ] 200/200 VUs  2m03.9s/4m00.0s

running (2m04.9s), 200/200 VUs, 119926 complete and 0 interrupted iterations
default   [  52% ] 200/200 VUs  2m04.9s/4m00.0s

running (2m05.9s), 200/200 VUs, 120915 complete and 0 interrupted iterations
default   [  52% ] 200/200 VUs  2m05.9s/4m00.0s

running (2m06.9s), 200/200 VUs, 121891 complete and 0 interrupted iterations
default   [  53% ] 200/200 VUs  2m06.9s/4m00.0s

running (2m07.9s), 200/200 VUs, 122891 complete and 0 interrupted iterations
default   [  53% ] 200/200 VUs  2m07.9s/4m00.0s

running (2m08.9s), 200/200 VUs, 123891 complete and 0 interrupted iterations
default   [  54% ] 200/200 VUs  2m08.9s/4m00.0s

running (2m09.9s), 200/200 VUs, 124891 complete and 0 interrupted iterations
default   [  54% ] 200/200 VUs  2m09.9s/4m00.0s

running (2m10.9s), 200/200 VUs, 125841 complete and 0 interrupted iterations
default   [  55% ] 200/200 VUs  2m10.9s/4m00.0s

running (2m11.9s), 200/200 VUs, 126841 complete and 0 interrupted iterations
default   [  55% ] 200/200 VUs  2m11.9s/4m00.0s

running (2m12.9s), 200/200 VUs, 127841 complete and 0 interrupted iterations
default   [  55% ] 200/200 VUs  2m12.9s/4m00.0s

running (2m13.9s), 200/200 VUs, 128841 complete and 0 interrupted iterations
default   [  56% ] 200/200 VUs  2m13.9s/4m00.0s

running (2m14.9s), 200/200 VUs, 129791 complete and 0 interrupted iterations
default   [  56% ] 200/200 VUs  2m14.9s/4m00.0s

running (2m15.9s), 200/200 VUs, 130791 complete and 0 interrupted iterations
default   [  57% ] 200/200 VUs  2m15.9s/4m00.0s

running (2m16.9s), 200/200 VUs, 131791 complete and 0 interrupted iterations
default   [  57% ] 200/200 VUs  2m16.9s/4m00.0s

running (2m17.9s), 200/200 VUs, 132791 complete and 0 interrupted iterations
default   [  57% ] 200/200 VUs  2m17.9s/4m00.0s

running (2m18.9s), 200/200 VUs, 133747 complete and 0 interrupted iterations
default   [  58% ] 200/200 VUs  2m18.9s/4m00.0s

running (2m19.9s), 200/200 VUs, 134741 complete and 0 interrupted iterations
default   [  58% ] 200/200 VUs  2m19.9s/4m00.0s

running (2m20.9s), 200/200 VUs, 135741 complete and 0 interrupted iterations
default   [  59% ] 200/200 VUs  2m20.9s/4m00.0s

running (2m21.9s), 200/200 VUs, 136709 complete and 0 interrupted iterations
default   [  59% ] 200/200 VUs  2m21.9s/4m00.0s

running (2m22.9s), 200/200 VUs, 137691 complete and 0 interrupted iterations
default   [  60% ] 200/200 VUs  2m22.9s/4m00.0s

running (2m23.9s), 200/200 VUs, 138691 complete and 0 interrupted iterations
default   [  60% ] 200/200 VUs  2m23.9s/4m00.0s

running (2m24.9s), 200/200 VUs, 139691 complete and 0 interrupted iterations
default   [  60% ] 200/200 VUs  2m24.9s/4m00.0s

running (2m25.9s), 200/200 VUs, 140645 complete and 0 interrupted iterations
default   [  61% ] 200/200 VUs  2m25.9s/4m00.0s

running (2m26.9s), 200/200 VUs, 141641 complete and 0 interrupted iterations
default   [  61% ] 200/200 VUs  2m26.9s/4m00.0s

running (2m27.9s), 200/200 VUs, 142641 complete and 0 interrupted iterations
default   [  62% ] 200/200 VUs  2m27.9s/4m00.0s

running (2m28.9s), 200/200 VUs, 143641 complete and 0 interrupted iterations
default   [  62% ] 200/200 VUs  2m28.9s/4m00.0s

running (2m29.9s), 200/200 VUs, 144591 complete and 0 interrupted iterations
default   [  62% ] 200/200 VUs  2m29.9s/4m00.0s

running (2m30.9s), 200/200 VUs, 145591 complete and 0 interrupted iterations
default   [  63% ] 200/200 VUs  2m30.9s/4m00.0s

running (2m31.9s), 200/200 VUs, 146591 complete and 0 interrupted iterations
default   [  63% ] 200/200 VUs  2m31.9s/4m00.0s

running (2m32.9s), 200/200 VUs, 147578 complete and 0 interrupted iterations
default   [  64% ] 200/200 VUs  2m32.9s/4m00.0s

running (2m33.9s), 200/200 VUs, 148541 complete and 0 interrupted iterations
default   [  64% ] 200/200 VUs  2m33.9s/4m00.0s

running (2m34.9s), 200/200 VUs, 149541 complete and 0 interrupted iterations
default   [  65% ] 200/200 VUs  2m34.9s/4m00.0s

running (2m35.9s), 200/200 VUs, 150541 complete and 0 interrupted iterations
default   [  65% ] 200/200 VUs  2m35.9s/4m00.0s

running (2m36.9s), 200/200 VUs, 151541 complete and 0 interrupted iterations
default   [  65% ] 200/200 VUs  2m36.9s/4m00.0s

running (2m37.9s), 200/200 VUs, 152499 complete and 0 interrupted iterations
default   [  66% ] 200/200 VUs  2m37.9s/4m00.0s

running (2m38.9s), 200/200 VUs, 153491 complete and 0 interrupted iterations
default   [  66% ] 200/200 VUs  2m38.9s/4m00.0s

running (2m39.9s), 200/200 VUs, 154491 complete and 0 interrupted iterations
default   [  67% ] 200/200 VUs  2m39.9s/4m00.0s

running (2m40.9s), 200/200 VUs, 155491 complete and 0 interrupted iterations
default   [  67% ] 200/200 VUs  2m40.9s/4m00.0s

running (2m41.9s), 200/200 VUs, 156456 complete and 0 interrupted iterations
default   [  67% ] 200/200 VUs  2m41.9s/4m00.0s

running (2m42.9s), 200/200 VUs, 157441 complete and 0 interrupted iterations
default   [  68% ] 200/200 VUs  2m42.9s/4m00.0s

running (2m43.9s), 200/200 VUs, 158441 complete and 0 interrupted iterations
default   [  68% ] 200/200 VUs  2m43.9s/4m00.0s

running (2m44.9s), 200/200 VUs, 159441 complete and 0 interrupted iterations
default   [  69% ] 200/200 VUs  2m44.9s/4m00.0s

running (2m45.9s), 200/200 VUs, 160425 complete and 0 interrupted iterations
default   [  69% ] 200/200 VUs  2m45.9s/4m00.0s

running (2m46.9s), 200/200 VUs, 161391 complete and 0 interrupted iterations
default   [  70% ] 200/200 VUs  2m46.9s/4m00.0s

running (2m47.9s), 200/200 VUs, 162391 complete and 0 interrupted iterations
default   [  70% ] 200/200 VUs  2m47.9s/4m00.0s

running (2m48.9s), 200/200 VUs, 163391 complete and 0 interrupted iterations
default   [  70% ] 200/200 VUs  2m48.9s/4m00.0s

running (2m49.9s), 200/200 VUs, 164391 complete and 0 interrupted iterations
default   [  71% ] 200/200 VUs  2m49.9s/4m00.0s

running (2m50.9s), 200/200 VUs, 165341 complete and 0 interrupted iterations
default   [  71% ] 200/200 VUs  2m50.9s/4m00.0s

running (2m51.9s), 200/200 VUs, 166341 complete and 0 interrupted iterations
default   [  72% ] 200/200 VUs  2m51.9s/4m00.0s

running (2m52.9s), 200/200 VUs, 167341 complete and 0 interrupted iterations
default   [  72% ] 200/200 VUs  2m52.9s/4m00.0s

running (2m53.9s), 200/200 VUs, 168293 complete and 0 interrupted iterations
default   [  72% ] 200/200 VUs  2m53.9s/4m00.0s

running (2m54.9s), 200/200 VUs, 169291 complete and 0 interrupted iterations
default   [  73% ] 200/200 VUs  2m54.9s/4m00.0s

running (2m55.9s), 200/200 VUs, 170291 complete and 0 interrupted iterations
default   [  73% ] 200/200 VUs  2m55.9s/4m00.0s

running (2m56.9s), 200/200 VUs, 171291 complete and 0 interrupted iterations
default   [  74% ] 200/200 VUs  2m56.9s/4m00.0s

running (2m57.9s), 200/200 VUs, 172290 complete and 0 interrupted iterations
default   [  74% ] 200/200 VUs  2m57.9s/4m00.0s

running (2m58.9s), 200/200 VUs, 173258 complete and 0 interrupted iterations
default   [  75% ] 200/200 VUs  2m58.9s/4m00.0s

running (2m59.9s), 200/200 VUs, 174241 complete and 0 interrupted iterations
default   [  75% ] 200/200 VUs  2m59.9s/4m00.0s

running (3m00.9s), 200/200 VUs, 175241 complete and 0 interrupted iterations
default   [  75% ] 200/200 VUs  3m00.9s/4m00.0s

running (3m01.9s), 200/200 VUs, 176241 complete and 0 interrupted iterations
default   [  76% ] 200/200 VUs  3m01.9s/4m00.0s

running (3m02.9s), 200/200 VUs, 177240 complete and 0 interrupted iterations
default   [  76% ] 200/200 VUs  3m02.9s/4m00.0s

running (3m03.9s), 200/200 VUs, 178218 complete and 0 interrupted iterations
default   [  77% ] 200/200 VUs  3m03.9s/4m00.0s

running (3m04.9s), 200/200 VUs, 179197 complete and 0 interrupted iterations
default   [  77% ] 200/200 VUs  3m04.9s/4m00.0s

running (3m05.9s), 200/200 VUs, 180191 complete and 0 interrupted iterations
default   [  77% ] 200/200 VUs  3m05.9s/4m00.0s

running (3m06.9s), 200/200 VUs, 181191 complete and 0 interrupted iterations
default   [  78% ] 200/200 VUs  3m06.9s/4m00.0s

running (3m07.9s), 200/200 VUs, 182190 complete and 0 interrupted iterations
default   [  78% ] 200/200 VUs  3m07.9s/4m00.0s

running (3m08.9s), 200/200 VUs, 183176 complete and 0 interrupted iterations
default   [  79% ] 200/200 VUs  3m08.9s/4m00.0s

running (3m09.9s), 200/200 VUs, 184141 complete and 0 interrupted iterations
default   [  79% ] 200/200 VUs  3m09.9s/4m00.0s

running (3m10.9s), 200/200 VUs, 185141 complete and 0 interrupted iterations
default   [  80% ] 200/200 VUs  3m10.9s/4m00.0s

running (3m11.9s), 200/200 VUs, 186141 complete and 0 interrupted iterations
default   [  80% ] 200/200 VUs  3m11.9s/4m00.0s

running (3m12.9s), 200/200 VUs, 187115 complete and 0 interrupted iterations
default   [  80% ] 200/200 VUs  3m12.9s/4m00.0s

running (3m13.9s), 200/200 VUs, 188091 complete and 0 interrupted iterations
default   [  81% ] 200/200 VUs  3m13.9s/4m00.0s

running (3m14.9s), 200/200 VUs, 189091 complete and 0 interrupted iterations
default   [  81% ] 200/200 VUs  3m14.9s/4m00.0s

running (3m15.9s), 200/200 VUs, 190091 complete and 0 interrupted iterations
default   [  82% ] 200/200 VUs  3m15.9s/4m00.0s

running (3m16.9s), 200/200 VUs, 191091 complete and 0 interrupted iterations
default   [  82% ] 200/200 VUs  3m16.9s/4m00.0s

running (3m17.9s), 200/200 VUs, 192041 complete and 0 interrupted iterations
default   [  82% ] 200/200 VUs  3m17.9s/4m00.0s

running (3m18.9s), 200/200 VUs, 193041 complete and 0 interrupted iterations
default   [  83% ] 200/200 VUs  3m18.9s/4m00.0s

running (3m19.9s), 200/200 VUs, 194041 complete and 0 interrupted iterations
default   [  83% ] 200/200 VUs  3m19.9s/4m00.0s

running (3m20.9s), 200/200 VUs, 195008 complete and 0 interrupted iterations
default   [  84% ] 200/200 VUs  3m20.9s/4m00.0s

running (3m21.9s), 200/200 VUs, 195991 complete and 0 interrupted iterations
default   [  84% ] 200/200 VUs  3m21.9s/4m00.0s

running (3m22.9s), 200/200 VUs, 196991 complete and 0 interrupted iterations
default   [  85% ] 200/200 VUs  3m22.9s/4m00.0s

running (3m23.9s), 200/200 VUs, 197990 complete and 0 interrupted iterations
default   [  85% ] 200/200 VUs  3m23.9s/4m00.0s

running (3m24.9s), 200/200 VUs, 198941 complete and 0 interrupted iterations
default   [  85% ] 200/200 VUs  3m24.9s/4m00.0s

running (3m25.9s), 200/200 VUs, 199941 complete and 0 interrupted iterations
default   [  86% ] 200/200 VUs  3m25.9s/4m00.0s

running (3m26.9s), 200/200 VUs, 200941 complete and 0 interrupted iterations
default   [  86% ] 200/200 VUs  3m26.9s/4m00.0s

running (3m27.9s), 200/200 VUs, 201939 complete and 0 interrupted iterations
default   [  87% ] 200/200 VUs  3m27.9s/4m00.0s

running (3m28.9s), 200/200 VUs, 202891 complete and 0 interrupted iterations
default   [  87% ] 200/200 VUs  3m28.9s/4m00.0s

running (3m29.9s), 200/200 VUs, 203891 complete and 0 interrupted iterations
default   [  87% ] 200/200 VUs  3m29.9s/4m00.0s

running (3m30.9s), 196/200 VUs, 204891 complete and 0 interrupted iterations
default   [  88% ] 196/200 VUs  3m30.9s/4m00.0s

running (3m31.9s), 188/200 VUs, 205891 complete and 0 interrupted iterations
default   [  88% ] 188/200 VUs  3m31.9s/4m00.0s

running (3m32.9s), 182/200 VUs, 206849 complete and 0 interrupted iterations
default   [  89% ] 182/200 VUs  3m32.9s/4m00.0s

running (3m33.9s), 175/200 VUs, 207841 complete and 0 interrupted iterations
default   [  89% ] 175/200 VUs  3m33.9s/4m00.0s

running (3m34.9s), 168/200 VUs, 208841 complete and 0 interrupted iterations
default   [  90% ] 168/200 VUs  3m34.9s/4m00.0s

running (3m35.9s), 162/200 VUs, 209841 complete and 0 interrupted iterations
default   [  90% ] 162/200 VUs  3m35.9s/4m00.0s

running (3m36.9s), 156/200 VUs, 210827 complete and 0 interrupted iterations
default   [  90% ] 156/200 VUs  3m36.9s/4m00.0s

running (3m37.9s), 148/200 VUs, 211791 complete and 0 interrupted iterations
default   [  91% ] 148/200 VUs  3m37.9s/4m00.0s

running (3m38.9s), 142/200 VUs, 212791 complete and 0 interrupted iterations
default   [  91% ] 142/200 VUs  3m38.9s/4m00.0s

running (3m39.9s), 135/200 VUs, 213791 complete and 0 interrupted iterations
default   [  92% ] 135/200 VUs  3m39.9s/4m00.0s

running (3m40.9s), 129/200 VUs, 214747 complete and 0 interrupted iterations
default   [  92% ] 129/200 VUs  3m40.9s/4m00.0s

running (3m41.9s), 122/200 VUs, 215741 complete and 0 interrupted iterations
default   [  92% ] 122/200 VUs  3m41.9s/4m00.0s

running (3m42.9s), 115/200 VUs, 216741 complete and 0 interrupted iterations
default   [  93% ] 115/200 VUs  3m42.9s/4m00.0s

running (3m43.9s), 108/200 VUs, 217740 complete and 0 interrupted iterations
default   [  93% ] 108/200 VUs  3m43.9s/4m00.0s

running (3m44.9s), 101/200 VUs, 218691 complete and 0 interrupted iterations
default   [  94% ] 101/200 VUs  3m44.9s/4m00.0s

running (3m45.9s), 095/200 VUs, 219691 complete and 0 interrupted iterations
default   [  94% ] 095/200 VUs  3m45.9s/4m00.0s

running (3m46.9s), 088/200 VUs, 220691 complete and 0 interrupted iterations
default   [  95% ] 088/200 VUs  3m46.9s/4m00.0s

running (3m47.9s), 081/200 VUs, 221691 complete and 0 interrupted iterations
default   [  95% ] 081/200 VUs  3m47.9s/4m00.0s

running (3m48.9s), 075/200 VUs, 222641 complete and 0 interrupted iterations
default   [  95% ] 075/200 VUs  3m48.9s/4m00.0s

running (3m49.9s), 068/200 VUs, 223641 complete and 0 interrupted iterations
default   [  96% ] 068/200 VUs  3m49.9s/4m00.0s

running (3m50.9s), 061/200 VUs, 224637 complete and 0 interrupted iterations
default   [  96% ] 061/200 VUs  3m50.9s/4m00.0s

running (3m51.9s), 055/200 VUs, 225591 complete and 0 interrupted iterations
default   [  97% ] 055/200 VUs  3m51.9s/4m00.0s

running (3m52.9s), 048/200 VUs, 226586 complete and 0 interrupted iterations
default   [  97% ] 048/200 VUs  3m52.9s/4m00.0s

running (3m53.9s), 041/200 VUs, 227461 complete and 0 interrupted iterations
default   [  97% ] 041/200 VUs  3m53.9s/4m00.0s

running (3m54.9s), 035/200 VUs, 228205 complete and 0 interrupted iterations
default   [  98% ] 035/200 VUs  3m54.9s/4m00.0s

running (3m55.9s), 028/200 VUs, 228835 complete and 0 interrupted iterations
default   [  98% ] 028/200 VUs  3m55.9s/4m00.0s

running (3m56.9s), 021/200 VUs, 229314 complete and 0 interrupted iterations
default   [  99% ] 021/200 VUs  3m56.9s/4m00.0s

running (3m57.9s), 015/200 VUs, 229671 complete and 0 interrupted iterations
default   [  99% ] 015/200 VUs  3m57.9s/4m00.0s

running (3m58.9s), 008/200 VUs, 229895 complete and 0 interrupted iterations
default   [ 100% ] 008/200 VUs  3m58.9s/4m00.0s

running (3m59.9s), 001/200 VUs, 229989 complete and 0 interrupted iterations
default   [ 100% ] 001/200 VUs  3m59.9s/4m00.0s


  █ THRESHOLDS 

    checks
    ✓ 'rate>0.95' rate=100.00%

    http_req_duration
    ✓ 'p(95)<5000' p(95)=353.59ms
    ✓ 'p(99)<10000' p(99)=505.11ms

    http_req_failed
    ✓ 'rate<0.05' rate=0.00%


  █ TOTAL RESULTS 

    checks_total.......: 919968  3832.711194/s
    checks_succeeded...: 100.00% 919968 out of 919968
    checks_failed......: 0.00%   0 out of 919968

    ✓ status is 200
    ✓ content-type is json
    ✓ workloadType is IO-BOUND
    ✓ executionTimeMs exists

    CUSTOM
    response_time_ms...............: min=50.565449 avg=182.569099 med=201.623553 max=1412.979975 p(90)=235.182613 p(95)=353.590609 p(99)=505.112196
    successful_requests............: 229992 958.177798/s

    HTTP
    http_req_duration..............: min=50.56ms   avg=182.56ms   med=201.62ms   max=1.41s       p(90)=235.18ms   p(95)=353.59ms   p(99)=505.11ms  
      { expected_response:true }...: min=50.56ms   avg=182.56ms   med=201.62ms   max=1.41s       p(90)=235.18ms   p(95)=353.59ms   p(99)=505.11ms  
    http_req_failed................: 0.00%  0 out of 229992
    http_reqs......................: 229992 958.177798/s

    EXECUTION
    iteration_duration.............: min=50.68ms   avg=182.72ms   med=201.77ms   max=1.41s       p(90)=235.36ms   p(95)=353.74ms   p(99)=505.26ms  
    iterations.....................: 229992 958.177798/s
    vus............................: 1      min=1           max=200
    vus_max........................: 200    min=200         max=200

    NETWORK
    data_received..................: 64 MB  266 kB/s
    data_sent......................: 18 MB  76 kB/s




running (4m00.0s), 000/200 VUs, 229992 complete and 0 interrupted iterations
default ✓ [ 100% ] 000/200 VUs  4m0s
