
         /\      Grafana   /‾‾/  
    /\  /  \     |\  __   /  /   
   /  \/    \    | |/ /  /   ‾‾\ 
  /          \   |   (  |  (‾)  |
 / __________ \  |_|\_\  \_____/ 


     execution: local
        script: cpu-bound-test.js
        output: -

     scenarios: (100.00%) 1 scenario, 30 max VUs, 4m30s max duration (incl. graceful stop):
              * default: Up to 30 looping VUs for 4m0s over 3 stages (gracefulRampDown: 30s, gracefulStop: 30s)


running (0m01.0s), 01/30 VUs, 20 complete and 0 interrupted iterations
default   [   0% ] 01/30 VUs  0m01.0s/4m00.0s

running (0m02.0s), 02/30 VUs, 58 complete and 0 interrupted iterations
default   [   1% ] 02/30 VUs  0m02.0s/4m00.0s

running (0m03.0s), 03/30 VUs, 99 complete and 0 interrupted iterations
default   [   1% ] 03/30 VUs  0m03.0s/4m00.0s

running (0m04.0s), 04/30 VUs, 140 complete and 0 interrupted iterations
default   [   2% ] 04/30 VUs  0m04.0s/4m00.0s

running (0m05.0s), 05/30 VUs, 182 complete and 0 interrupted iterations
default   [   2% ] 05/30 VUs  0m05.0s/4m00.0s

running (0m06.0s), 06/30 VUs, 222 complete and 0 interrupted iterations
default   [   2% ] 06/30 VUs  0m06.0s/4m00.0s

running (0m07.0s), 07/30 VUs, 263 complete and 0 interrupted iterations
default   [   3% ] 07/30 VUs  0m07.0s/4m00.0s

running (0m08.0s), 08/30 VUs, 303 complete and 0 interrupted iterations
default   [   3% ] 08/30 VUs  0m08.0s/4m00.0s

running (0m09.0s), 09/30 VUs, 344 complete and 0 interrupted iterations
default   [   4% ] 09/30 VUs  0m09.0s/4m00.0s

running (0m10.0s), 10/30 VUs, 386 complete and 0 interrupted iterations
default   [   4% ] 10/30 VUs  0m10.0s/4m00.0s

running (0m11.0s), 11/30 VUs, 426 complete and 0 interrupted iterations
default   [   5% ] 11/30 VUs  0m11.0s/4m00.0s

running (0m12.0s), 12/30 VUs, 467 complete and 0 interrupted iterations
default   [   5% ] 12/30 VUs  0m12.0s/4m00.0s

running (0m13.0s), 13/30 VUs, 510 complete and 0 interrupted iterations
default   [   5% ] 13/30 VUs  0m13.0s/4m00.0s

running (0m14.0s), 14/30 VUs, 552 complete and 0 interrupted iterations
default   [   6% ] 14/30 VUs  0m14.0s/4m00.0s

running (0m15.0s), 15/30 VUs, 590 complete and 0 interrupted iterations
default   [   6% ] 15/30 VUs  0m15.0s/4m00.0s

running (0m16.0s), 16/30 VUs, 630 complete and 0 interrupted iterations
default   [   7% ] 16/30 VUs  0m16.0s/4m00.0s

running (0m17.0s), 17/30 VUs, 672 complete and 0 interrupted iterations
default   [   7% ] 17/30 VUs  0m17.0s/4m00.0s

running (0m18.0s), 18/30 VUs, 712 complete and 0 interrupted iterations
default   [   7% ] 18/30 VUs  0m18.0s/4m00.0s

running (0m19.0s), 19/30 VUs, 754 complete and 0 interrupted iterations
default   [   8% ] 19/30 VUs  0m19.0s/4m00.0s

running (0m20.0s), 20/30 VUs, 795 complete and 0 interrupted iterations
default   [   8% ] 20/30 VUs  0m20.0s/4m00.0s

running (0m21.0s), 21/30 VUs, 835 complete and 0 interrupted iterations
default   [   9% ] 21/30 VUs  0m21.0s/4m00.0s

running (0m22.0s), 22/30 VUs, 875 complete and 0 interrupted iterations
default   [   9% ] 22/30 VUs  0m22.0s/4m00.0s

running (0m23.0s), 23/30 VUs, 918 complete and 0 interrupted iterations
default   [  10% ] 23/30 VUs  0m23.0s/4m00.0s

running (0m24.0s), 24/30 VUs, 956 complete and 0 interrupted iterations
default   [  10% ] 24/30 VUs  0m24.0s/4m00.0s

running (0m25.0s), 25/30 VUs, 999 complete and 0 interrupted iterations
default   [  10% ] 25/30 VUs  0m25.0s/4m00.0s

running (0m26.0s), 26/30 VUs, 1040 complete and 0 interrupted iterations
default   [  11% ] 26/30 VUs  0m26.0s/4m00.0s

running (0m27.0s), 27/30 VUs, 1078 complete and 0 interrupted iterations
default   [  11% ] 27/30 VUs  0m27.0s/4m00.0s

running (0m28.0s), 28/30 VUs, 1122 complete and 0 interrupted iterations
default   [  12% ] 28/30 VUs  0m28.0s/4m00.0s

running (0m29.0s), 29/30 VUs, 1160 complete and 0 interrupted iterations
default   [  12% ] 29/30 VUs  0m29.0s/4m00.0s

running (0m30.0s), 29/30 VUs, 1204 complete and 0 interrupted iterations
default   [  12% ] 29/30 VUs  0m30.0s/4m00.0s

running (0m31.0s), 30/30 VUs, 1244 complete and 0 interrupted iterations
default   [  13% ] 30/30 VUs  0m31.0s/4m00.0s

running (0m32.0s), 30/30 VUs, 1284 complete and 0 interrupted iterations
default   [  13% ] 30/30 VUs  0m32.0s/4m00.0s

running (0m33.0s), 30/30 VUs, 1326 complete and 0 interrupted iterations
default   [  14% ] 30/30 VUs  0m33.0s/4m00.0s

running (0m34.0s), 30/30 VUs, 1367 complete and 0 interrupted iterations
default   [  14% ] 30/30 VUs  0m34.0s/4m00.0s

running (0m35.0s), 30/30 VUs, 1408 complete and 0 interrupted iterations
default   [  15% ] 30/30 VUs  0m35.0s/4m00.0s

running (0m36.0s), 30/30 VUs, 1451 complete and 0 interrupted iterations
default   [  15% ] 30/30 VUs  0m36.0s/4m00.0s

running (0m37.0s), 30/30 VUs, 1492 complete and 0 interrupted iterations
default   [  15% ] 30/30 VUs  0m37.0s/4m00.0s

running (0m38.0s), 30/30 VUs, 1534 complete and 0 interrupted iterations
default   [  16% ] 30/30 VUs  0m38.0s/4m00.0s

running (0m39.0s), 30/30 VUs, 1572 complete and 0 interrupted iterations
default   [  16% ] 30/30 VUs  0m39.0s/4m00.0s

running (0m40.0s), 30/30 VUs, 1617 complete and 0 interrupted iterations
default   [  17% ] 30/30 VUs  0m40.0s/4m00.0s

running (0m41.0s), 30/30 VUs, 1657 complete and 0 interrupted iterations
default   [  17% ] 30/30 VUs  0m41.0s/4m00.0s

running (0m42.0s), 30/30 VUs, 1697 complete and 0 interrupted iterations
default   [  17% ] 30/30 VUs  0m42.0s/4m00.0s

running (0m43.0s), 30/30 VUs, 1739 complete and 0 interrupted iterations
default   [  18% ] 30/30 VUs  0m43.0s/4m00.0s

running (0m44.0s), 30/30 VUs, 1779 complete and 0 interrupted iterations
default   [  18% ] 30/30 VUs  0m44.0s/4m00.0s

running (0m45.0s), 30/30 VUs, 1820 complete and 0 interrupted iterations
default   [  19% ] 30/30 VUs  0m45.0s/4m00.0s

running (0m46.0s), 30/30 VUs, 1862 complete and 0 interrupted iterations
default   [  19% ] 30/30 VUs  0m46.0s/4m00.0s

running (0m47.0s), 30/30 VUs, 1902 complete and 0 interrupted iterations
default   [  20% ] 30/30 VUs  0m47.0s/4m00.0s

running (0m48.0s), 30/30 VUs, 1948 complete and 0 interrupted iterations
default   [  20% ] 30/30 VUs  0m48.0s/4m00.0s

running (0m49.0s), 30/30 VUs, 1983 complete and 0 interrupted iterations
default   [  20% ] 30/30 VUs  0m49.0s/4m00.0s

running (0m50.0s), 30/30 VUs, 2026 complete and 0 interrupted iterations
default   [  21% ] 30/30 VUs  0m50.0s/4m00.0s

running (0m51.0s), 30/30 VUs, 2070 complete and 0 interrupted iterations
default   [  21% ] 30/30 VUs  0m51.0s/4m00.0s

running (0m52.0s), 30/30 VUs, 2109 complete and 0 interrupted iterations
default   [  22% ] 30/30 VUs  0m52.0s/4m00.0s

running (0m53.0s), 30/30 VUs, 2155 complete and 0 interrupted iterations
default   [  22% ] 30/30 VUs  0m53.0s/4m00.0s

running (0m54.0s), 30/30 VUs, 2193 complete and 0 interrupted iterations
default   [  22% ] 30/30 VUs  0m54.0s/4m00.0s

running (0m55.0s), 30/30 VUs, 2233 complete and 0 interrupted iterations
default   [  23% ] 30/30 VUs  0m55.0s/4m00.0s

running (0m56.0s), 30/30 VUs, 2271 complete and 0 interrupted iterations
default   [  23% ] 30/30 VUs  0m56.0s/4m00.0s

running (0m57.0s), 30/30 VUs, 2312 complete and 0 interrupted iterations
default   [  24% ] 30/30 VUs  0m57.0s/4m00.0s

running (0m58.0s), 30/30 VUs, 2354 complete and 0 interrupted iterations
default   [  24% ] 30/30 VUs  0m58.0s/4m00.0s

running (0m59.0s), 30/30 VUs, 2398 complete and 0 interrupted iterations
default   [  25% ] 30/30 VUs  0m59.0s/4m00.0s

running (1m00.0s), 30/30 VUs, 2434 complete and 0 interrupted iterations
default   [  25% ] 30/30 VUs  1m00.0s/4m00.0s

running (1m01.0s), 30/30 VUs, 2479 complete and 0 interrupted iterations
default   [  25% ] 30/30 VUs  1m01.0s/4m00.0s

running (1m02.0s), 30/30 VUs, 2521 complete and 0 interrupted iterations
default   [  26% ] 30/30 VUs  1m02.0s/4m00.0s

running (1m03.0s), 30/30 VUs, 2562 complete and 0 interrupted iterations
default   [  26% ] 30/30 VUs  1m03.0s/4m00.0s

running (1m04.0s), 30/30 VUs, 2603 complete and 0 interrupted iterations
default   [  27% ] 30/30 VUs  1m04.0s/4m00.0s

running (1m05.0s), 30/30 VUs, 2643 complete and 0 interrupted iterations
default   [  27% ] 30/30 VUs  1m05.0s/4m00.0s

running (1m06.0s), 30/30 VUs, 2684 complete and 0 interrupted iterations
default   [  27% ] 30/30 VUs  1m06.0s/4m00.0s

running (1m07.0s), 30/30 VUs, 2725 complete and 0 interrupted iterations
default   [  28% ] 30/30 VUs  1m07.0s/4m00.0s

running (1m08.0s), 30/30 VUs, 2769 complete and 0 interrupted iterations
default   [  28% ] 30/30 VUs  1m08.0s/4m00.0s

running (1m09.0s), 30/30 VUs, 2808 complete and 0 interrupted iterations
default   [  29% ] 30/30 VUs  1m09.0s/4m00.0s

running (1m10.0s), 30/30 VUs, 2849 complete and 0 interrupted iterations
default   [  29% ] 30/30 VUs  1m10.0s/4m00.0s

running (1m11.0s), 30/30 VUs, 2889 complete and 0 interrupted iterations
default   [  30% ] 30/30 VUs  1m11.0s/4m00.0s

running (1m12.0s), 30/30 VUs, 2931 complete and 0 interrupted iterations
default   [  30% ] 30/30 VUs  1m12.0s/4m00.0s

running (1m13.0s), 30/30 VUs, 2977 complete and 0 interrupted iterations
default   [  30% ] 30/30 VUs  1m13.0s/4m00.0s

running (1m14.0s), 30/30 VUs, 3016 complete and 0 interrupted iterations
default   [  31% ] 30/30 VUs  1m14.0s/4m00.0s

running (1m15.0s), 30/30 VUs, 3055 complete and 0 interrupted iterations
default   [  31% ] 30/30 VUs  1m15.0s/4m00.0s

running (1m16.0s), 30/30 VUs, 3100 complete and 0 interrupted iterations
default   [  32% ] 30/30 VUs  1m16.0s/4m00.0s

running (1m17.0s), 30/30 VUs, 3140 complete and 0 interrupted iterations
default   [  32% ] 30/30 VUs  1m17.0s/4m00.0s

running (1m18.0s), 30/30 VUs, 3179 complete and 0 interrupted iterations
default   [  32% ] 30/30 VUs  1m18.0s/4m00.0s

running (1m19.0s), 30/30 VUs, 3222 complete and 0 interrupted iterations
default   [  33% ] 30/30 VUs  1m19.0s/4m00.0s

running (1m20.0s), 30/30 VUs, 3260 complete and 0 interrupted iterations
default   [  33% ] 30/30 VUs  1m20.0s/4m00.0s

running (1m21.0s), 30/30 VUs, 3303 complete and 0 interrupted iterations
default   [  34% ] 30/30 VUs  1m21.0s/4m00.0s

running (1m22.0s), 30/30 VUs, 3344 complete and 0 interrupted iterations
default   [  34% ] 30/30 VUs  1m22.0s/4m00.0s

running (1m23.0s), 30/30 VUs, 3388 complete and 0 interrupted iterations
default   [  35% ] 30/30 VUs  1m23.0s/4m00.0s

running (1m24.0s), 30/30 VUs, 3428 complete and 0 interrupted iterations
default   [  35% ] 30/30 VUs  1m24.0s/4m00.0s

running (1m25.0s), 30/30 VUs, 3467 complete and 0 interrupted iterations
default   [  35% ] 30/30 VUs  1m25.0s/4m00.0s

running (1m26.0s), 30/30 VUs, 3513 complete and 0 interrupted iterations
default   [  36% ] 30/30 VUs  1m26.0s/4m00.0s

running (1m27.0s), 30/30 VUs, 3552 complete and 0 interrupted iterations
default   [  36% ] 30/30 VUs  1m27.0s/4m00.0s

running (1m28.0s), 30/30 VUs, 3595 complete and 0 interrupted iterations
default   [  37% ] 30/30 VUs  1m28.0s/4m00.0s

running (1m29.0s), 30/30 VUs, 3635 complete and 0 interrupted iterations
default   [  37% ] 30/30 VUs  1m29.0s/4m00.0s

running (1m30.0s), 30/30 VUs, 3677 complete and 0 interrupted iterations
default   [  37% ] 30/30 VUs  1m30.0s/4m00.0s

running (1m31.0s), 30/30 VUs, 3718 complete and 0 interrupted iterations
default   [  38% ] 30/30 VUs  1m31.0s/4m00.0s

running (1m32.0s), 30/30 VUs, 3757 complete and 0 interrupted iterations
default   [  38% ] 30/30 VUs  1m32.0s/4m00.0s

running (1m33.0s), 30/30 VUs, 3797 complete and 0 interrupted iterations
default   [  39% ] 30/30 VUs  1m33.0s/4m00.0s

running (1m34.0s), 30/30 VUs, 3839 complete and 0 interrupted iterations
default   [  39% ] 30/30 VUs  1m34.0s/4m00.0s

running (1m35.0s), 30/30 VUs, 3882 complete and 0 interrupted iterations
default   [  40% ] 30/30 VUs  1m35.0s/4m00.0s

running (1m36.0s), 30/30 VUs, 3923 complete and 0 interrupted iterations
default   [  40% ] 30/30 VUs  1m36.0s/4m00.0s

running (1m37.0s), 30/30 VUs, 3964 complete and 0 interrupted iterations
default   [  40% ] 30/30 VUs  1m37.0s/4m00.0s

running (1m38.0s), 30/30 VUs, 4005 complete and 0 interrupted iterations
default   [  41% ] 30/30 VUs  1m38.0s/4m00.0s

running (1m39.0s), 30/30 VUs, 4047 complete and 0 interrupted iterations
default   [  41% ] 30/30 VUs  1m39.0s/4m00.0s

running (1m40.0s), 30/30 VUs, 4086 complete and 0 interrupted iterations
default   [  42% ] 30/30 VUs  1m40.0s/4m00.0s

running (1m41.0s), 30/30 VUs, 4130 complete and 0 interrupted iterations
default   [  42% ] 30/30 VUs  1m41.0s/4m00.0s

running (1m42.0s), 30/30 VUs, 4171 complete and 0 interrupted iterations
default   [  42% ] 30/30 VUs  1m42.0s/4m00.0s

running (1m43.0s), 30/30 VUs, 4212 complete and 0 interrupted iterations
default   [  43% ] 30/30 VUs  1m43.0s/4m00.0s

running (1m44.0s), 30/30 VUs, 4253 complete and 0 interrupted iterations
default   [  43% ] 30/30 VUs  1m44.0s/4m00.0s

running (1m45.0s), 30/30 VUs, 4294 complete and 0 interrupted iterations
default   [  44% ] 30/30 VUs  1m45.0s/4m00.0s

running (1m46.0s), 30/30 VUs, 4334 complete and 0 interrupted iterations
default   [  44% ] 30/30 VUs  1m46.0s/4m00.0s

running (1m47.0s), 30/30 VUs, 4375 complete and 0 interrupted iterations
default   [  45% ] 30/30 VUs  1m47.0s/4m00.0s

running (1m48.0s), 30/30 VUs, 4419 complete and 0 interrupted iterations
default   [  45% ] 30/30 VUs  1m48.0s/4m00.0s

running (1m49.0s), 30/30 VUs, 4458 complete and 0 interrupted iterations
default   [  45% ] 30/30 VUs  1m49.0s/4m00.0s

running (1m50.0s), 30/30 VUs, 4502 complete and 0 interrupted iterations
default   [  46% ] 30/30 VUs  1m50.0s/4m00.0s

running (1m51.0s), 30/30 VUs, 4541 complete and 0 interrupted iterations
default   [  46% ] 30/30 VUs  1m51.0s/4m00.0s

running (1m52.0s), 30/30 VUs, 4583 complete and 0 interrupted iterations
default   [  47% ] 30/30 VUs  1m52.0s/4m00.0s

running (1m53.0s), 30/30 VUs, 4621 complete and 0 interrupted iterations
default   [  47% ] 30/30 VUs  1m53.0s/4m00.0s

running (1m54.0s), 30/30 VUs, 4666 complete and 0 interrupted iterations
default   [  47% ] 30/30 VUs  1m54.0s/4m00.0s

running (1m55.0s), 30/30 VUs, 4705 complete and 0 interrupted iterations
default   [  48% ] 30/30 VUs  1m55.0s/4m00.0s

running (1m56.0s), 30/30 VUs, 4747 complete and 0 interrupted iterations
default   [  48% ] 30/30 VUs  1m56.0s/4m00.0s

running (1m57.0s), 30/30 VUs, 4788 complete and 0 interrupted iterations
default   [  49% ] 30/30 VUs  1m57.0s/4m00.0s

running (1m58.0s), 30/30 VUs, 4830 complete and 0 interrupted iterations
default   [  49% ] 30/30 VUs  1m58.0s/4m00.0s

running (1m59.0s), 30/30 VUs, 4868 complete and 0 interrupted iterations
default   [  50% ] 30/30 VUs  1m59.0s/4m00.0s

running (2m00.0s), 30/30 VUs, 4912 complete and 0 interrupted iterations
default   [  50% ] 30/30 VUs  2m00.0s/4m00.0s

running (2m01.0s), 30/30 VUs, 4955 complete and 0 interrupted iterations
default   [  50% ] 30/30 VUs  2m01.0s/4m00.0s

running (2m02.0s), 30/30 VUs, 4996 complete and 0 interrupted iterations
default   [  51% ] 30/30 VUs  2m02.0s/4m00.0s

running (2m03.0s), 30/30 VUs, 5038 complete and 0 interrupted iterations
default   [  51% ] 30/30 VUs  2m03.0s/4m00.0s

running (2m04.0s), 30/30 VUs, 5080 complete and 0 interrupted iterations
default   [  52% ] 30/30 VUs  2m04.0s/4m00.0s

running (2m05.0s), 30/30 VUs, 5116 complete and 0 interrupted iterations
default   [  52% ] 30/30 VUs  2m05.0s/4m00.0s

running (2m06.0s), 30/30 VUs, 5159 complete and 0 interrupted iterations
default   [  52% ] 30/30 VUs  2m06.0s/4m00.0s

running (2m07.0s), 30/30 VUs, 5200 complete and 0 interrupted iterations
default   [  53% ] 30/30 VUs  2m07.0s/4m00.0s

running (2m08.0s), 30/30 VUs, 5242 complete and 0 interrupted iterations
default   [  53% ] 30/30 VUs  2m08.0s/4m00.0s

running (2m09.0s), 30/30 VUs, 5286 complete and 0 interrupted iterations
default   [  54% ] 30/30 VUs  2m09.0s/4m00.0s

running (2m10.0s), 30/30 VUs, 5325 complete and 0 interrupted iterations
default   [  54% ] 30/30 VUs  2m10.0s/4m00.0s

running (2m11.0s), 30/30 VUs, 5367 complete and 0 interrupted iterations
default   [  55% ] 30/30 VUs  2m11.0s/4m00.0s

running (2m12.0s), 30/30 VUs, 5410 complete and 0 interrupted iterations
default   [  55% ] 30/30 VUs  2m12.0s/4m00.0s

running (2m13.0s), 30/30 VUs, 5449 complete and 0 interrupted iterations
default   [  55% ] 30/30 VUs  2m13.0s/4m00.0s

running (2m14.0s), 30/30 VUs, 5491 complete and 0 interrupted iterations
default   [  56% ] 30/30 VUs  2m14.0s/4m00.0s

running (2m15.0s), 30/30 VUs, 5532 complete and 0 interrupted iterations
default   [  56% ] 30/30 VUs  2m15.0s/4m00.0s

running (2m16.0s), 30/30 VUs, 5575 complete and 0 interrupted iterations
default   [  57% ] 30/30 VUs  2m16.0s/4m00.0s

running (2m17.0s), 30/30 VUs, 5614 complete and 0 interrupted iterations
default   [  57% ] 30/30 VUs  2m17.0s/4m00.0s

running (2m18.0s), 30/30 VUs, 5655 complete and 0 interrupted iterations
default   [  57% ] 30/30 VUs  2m18.0s/4m00.0s

running (2m19.0s), 30/30 VUs, 5698 complete and 0 interrupted iterations
default   [  58% ] 30/30 VUs  2m19.0s/4m00.0s

running (2m20.0s), 30/30 VUs, 5736 complete and 0 interrupted iterations
default   [  58% ] 30/30 VUs  2m20.0s/4m00.0s

running (2m21.0s), 30/30 VUs, 5777 complete and 0 interrupted iterations
default   [  59% ] 30/30 VUs  2m21.0s/4m00.0s

running (2m22.0s), 30/30 VUs, 5823 complete and 0 interrupted iterations
default   [  59% ] 30/30 VUs  2m22.0s/4m00.0s

running (2m23.0s), 30/30 VUs, 5862 complete and 0 interrupted iterations
default   [  60% ] 30/30 VUs  2m23.0s/4m00.0s

running (2m24.0s), 30/30 VUs, 5900 complete and 0 interrupted iterations
default   [  60% ] 30/30 VUs  2m24.0s/4m00.0s

running (2m25.0s), 30/30 VUs, 5945 complete and 0 interrupted iterations
default   [  60% ] 30/30 VUs  2m25.0s/4m00.0s

running (2m26.0s), 30/30 VUs, 5988 complete and 0 interrupted iterations
default   [  61% ] 30/30 VUs  2m26.0s/4m00.0s

running (2m27.0s), 30/30 VUs, 6026 complete and 0 interrupted iterations
default   [  61% ] 30/30 VUs  2m27.0s/4m00.0s

running (2m28.0s), 30/30 VUs, 6068 complete and 0 interrupted iterations
default   [  62% ] 30/30 VUs  2m28.0s/4m00.0s

running (2m29.0s), 30/30 VUs, 6109 complete and 0 interrupted iterations
default   [  62% ] 30/30 VUs  2m29.0s/4m00.0s

running (2m30.0s), 30/30 VUs, 6153 complete and 0 interrupted iterations
default   [  62% ] 30/30 VUs  2m30.0s/4m00.0s

running (2m31.0s), 30/30 VUs, 6192 complete and 0 interrupted iterations
default   [  63% ] 30/30 VUs  2m31.0s/4m00.0s

running (2m32.0s), 30/30 VUs, 6232 complete and 0 interrupted iterations
default   [  63% ] 30/30 VUs  2m32.0s/4m00.0s

running (2m33.0s), 30/30 VUs, 6274 complete and 0 interrupted iterations
default   [  64% ] 30/30 VUs  2m33.0s/4m00.0s

running (2m34.0s), 30/30 VUs, 6317 complete and 0 interrupted iterations
default   [  64% ] 30/30 VUs  2m34.0s/4m00.0s

running (2m35.0s), 30/30 VUs, 6356 complete and 0 interrupted iterations
default   [  65% ] 30/30 VUs  2m35.0s/4m00.0s

running (2m36.0s), 30/30 VUs, 6399 complete and 0 interrupted iterations
default   [  65% ] 30/30 VUs  2m36.0s/4m00.0s

running (2m37.0s), 30/30 VUs, 6439 complete and 0 interrupted iterations
default   [  65% ] 30/30 VUs  2m37.0s/4m00.0s

running (2m38.0s), 30/30 VUs, 6480 complete and 0 interrupted iterations
default   [  66% ] 30/30 VUs  2m38.0s/4m00.0s

running (2m39.0s), 30/30 VUs, 6521 complete and 0 interrupted iterations
default   [  66% ] 30/30 VUs  2m39.0s/4m00.0s

running (2m40.0s), 30/30 VUs, 6566 complete and 0 interrupted iterations
default   [  67% ] 30/30 VUs  2m40.0s/4m00.0s

running (2m41.0s), 30/30 VUs, 6603 complete and 0 interrupted iterations
default   [  67% ] 30/30 VUs  2m41.0s/4m00.0s

running (2m42.0s), 30/30 VUs, 6648 complete and 0 interrupted iterations
default   [  67% ] 30/30 VUs  2m42.0s/4m00.0s

running (2m43.0s), 30/30 VUs, 6688 complete and 0 interrupted iterations
default   [  68% ] 30/30 VUs  2m43.0s/4m00.0s

running (2m44.0s), 30/30 VUs, 6727 complete and 0 interrupted iterations
default   [  68% ] 30/30 VUs  2m44.0s/4m00.0s

running (2m45.0s), 30/30 VUs, 6767 complete and 0 interrupted iterations
default   [  69% ] 30/30 VUs  2m45.0s/4m00.0s

running (2m46.0s), 30/30 VUs, 6810 complete and 0 interrupted iterations
default   [  69% ] 30/30 VUs  2m46.0s/4m00.0s

running (2m47.0s), 30/30 VUs, 6851 complete and 0 interrupted iterations
default   [  70% ] 30/30 VUs  2m47.0s/4m00.0s

running (2m48.0s), 30/30 VUs, 6892 complete and 0 interrupted iterations
default   [  70% ] 30/30 VUs  2m48.0s/4m00.0s

running (2m49.0s), 30/30 VUs, 6932 complete and 0 interrupted iterations
default   [  70% ] 30/30 VUs  2m49.0s/4m00.0s

running (2m50.0s), 30/30 VUs, 6977 complete and 0 interrupted iterations
default   [  71% ] 30/30 VUs  2m50.0s/4m00.0s

running (2m51.0s), 30/30 VUs, 7019 complete and 0 interrupted iterations
default   [  71% ] 30/30 VUs  2m51.0s/4m00.0s

running (2m52.0s), 30/30 VUs, 7058 complete and 0 interrupted iterations
default   [  72% ] 30/30 VUs  2m52.0s/4m00.0s

running (2m53.0s), 30/30 VUs, 7096 complete and 0 interrupted iterations
default   [  72% ] 30/30 VUs  2m53.0s/4m00.0s

running (2m54.0s), 30/30 VUs, 7139 complete and 0 interrupted iterations
default   [  72% ] 30/30 VUs  2m54.0s/4m00.0s

running (2m55.0s), 30/30 VUs, 7181 complete and 0 interrupted iterations
default   [  73% ] 30/30 VUs  2m55.0s/4m00.0s

running (2m56.0s), 30/30 VUs, 7223 complete and 0 interrupted iterations
default   [  73% ] 30/30 VUs  2m56.0s/4m00.0s

running (2m57.0s), 30/30 VUs, 7267 complete and 0 interrupted iterations
default   [  74% ] 30/30 VUs  2m57.0s/4m00.0s

running (2m58.0s), 30/30 VUs, 7304 complete and 0 interrupted iterations
default   [  74% ] 30/30 VUs  2m58.0s/4m00.0s

running (2m59.0s), 30/30 VUs, 7348 complete and 0 interrupted iterations
default   [  75% ] 30/30 VUs  2m59.0s/4m00.0s

running (3m00.0s), 30/30 VUs, 7388 complete and 0 interrupted iterations
default   [  75% ] 30/30 VUs  3m00.0s/4m00.0s

running (3m01.0s), 30/30 VUs, 7428 complete and 0 interrupted iterations
default   [  75% ] 30/30 VUs  3m01.0s/4m00.0s

running (3m02.0s), 30/30 VUs, 7470 complete and 0 interrupted iterations
default   [  76% ] 30/30 VUs  3m02.0s/4m00.0s

running (3m03.0s), 30/30 VUs, 7514 complete and 0 interrupted iterations
default   [  76% ] 30/30 VUs  3m03.0s/4m00.0s

running (3m04.0s), 30/30 VUs, 7556 complete and 0 interrupted iterations
default   [  77% ] 30/30 VUs  3m04.0s/4m00.0s

running (3m05.0s), 30/30 VUs, 7593 complete and 0 interrupted iterations
default   [  77% ] 30/30 VUs  3m05.0s/4m00.0s

running (3m06.0s), 30/30 VUs, 7637 complete and 0 interrupted iterations
default   [  77% ] 30/30 VUs  3m06.0s/4m00.0s

running (3m07.0s), 30/30 VUs, 7679 complete and 0 interrupted iterations
default   [  78% ] 30/30 VUs  3m07.0s/4m00.0s

running (3m08.0s), 30/30 VUs, 7719 complete and 0 interrupted iterations
default   [  78% ] 30/30 VUs  3m08.0s/4m00.0s

running (3m09.0s), 30/30 VUs, 7761 complete and 0 interrupted iterations
default   [  79% ] 30/30 VUs  3m09.0s/4m00.0s

running (3m10.0s), 30/30 VUs, 7799 complete and 0 interrupted iterations
default   [  79% ] 30/30 VUs  3m10.0s/4m00.0s

running (3m11.0s), 30/30 VUs, 7841 complete and 0 interrupted iterations
default   [  80% ] 30/30 VUs  3m11.0s/4m00.0s

running (3m12.0s), 30/30 VUs, 7884 complete and 0 interrupted iterations
default   [  80% ] 30/30 VUs  3m12.0s/4m00.0s

running (3m13.0s), 30/30 VUs, 7924 complete and 0 interrupted iterations
default   [  80% ] 30/30 VUs  3m13.0s/4m00.0s

running (3m14.0s), 30/30 VUs, 7960 complete and 0 interrupted iterations
default   [  81% ] 30/30 VUs  3m14.0s/4m00.0s

running (3m15.0s), 30/30 VUs, 8009 complete and 0 interrupted iterations
default   [  81% ] 30/30 VUs  3m15.0s/4m00.0s

running (3m16.0s), 30/30 VUs, 8049 complete and 0 interrupted iterations
default   [  82% ] 30/30 VUs  3m16.0s/4m00.0s

running (3m17.0s), 30/30 VUs, 8091 complete and 0 interrupted iterations
default   [  82% ] 30/30 VUs  3m17.0s/4m00.0s

running (3m18.0s), 30/30 VUs, 8132 complete and 0 interrupted iterations
default   [  82% ] 30/30 VUs  3m18.0s/4m00.0s

running (3m19.0s), 30/30 VUs, 8170 complete and 0 interrupted iterations
default   [  83% ] 30/30 VUs  3m19.0s/4m00.0s

running (3m20.0s), 30/30 VUs, 8213 complete and 0 interrupted iterations
default   [  83% ] 30/30 VUs  3m20.0s/4m00.0s

running (3m21.0s), 30/30 VUs, 8254 complete and 0 interrupted iterations
default   [  84% ] 30/30 VUs  3m21.0s/4m00.0s

running (3m22.0s), 30/30 VUs, 8295 complete and 0 interrupted iterations
default   [  84% ] 30/30 VUs  3m22.0s/4m00.0s

running (3m23.0s), 30/30 VUs, 8336 complete and 0 interrupted iterations
default   [  85% ] 30/30 VUs  3m23.0s/4m00.0s

running (3m24.0s), 30/30 VUs, 8377 complete and 0 interrupted iterations
default   [  85% ] 30/30 VUs  3m24.0s/4m00.0s

running (3m25.0s), 30/30 VUs, 8418 complete and 0 interrupted iterations
default   [  85% ] 30/30 VUs  3m25.0s/4m00.0s

running (3m26.0s), 30/30 VUs, 8461 complete and 0 interrupted iterations
default   [  86% ] 30/30 VUs  3m26.0s/4m00.0s

running (3m27.0s), 30/30 VUs, 8499 complete and 0 interrupted iterations
default   [  86% ] 30/30 VUs  3m27.0s/4m00.0s

running (3m28.0s), 30/30 VUs, 8540 complete and 0 interrupted iterations
default   [  87% ] 30/30 VUs  3m28.0s/4m00.0s

running (3m29.0s), 30/30 VUs, 8588 complete and 0 interrupted iterations
default   [  87% ] 30/30 VUs  3m29.0s/4m00.0s

running (3m30.0s), 30/30 VUs, 8624 complete and 0 interrupted iterations
default   [  87% ] 30/30 VUs  3m30.0s/4m00.0s

running (3m31.0s), 30/30 VUs, 8665 complete and 0 interrupted iterations
default   [  88% ] 30/30 VUs  3m31.0s/4m00.0s

running (3m32.0s), 29/30 VUs, 8711 complete and 0 interrupted iterations
default   [  88% ] 29/30 VUs  3m32.0s/4m00.0s

running (3m33.0s), 28/30 VUs, 8752 complete and 0 interrupted iterations
default   [  89% ] 28/30 VUs  3m33.0s/4m00.0s

running (3m34.0s), 27/30 VUs, 8790 complete and 0 interrupted iterations
default   [  89% ] 27/30 VUs  3m34.0s/4m00.0s

running (3m35.0s), 26/30 VUs, 8829 complete and 0 interrupted iterations
default   [  90% ] 26/30 VUs  3m35.0s/4m00.0s

running (3m36.0s), 25/30 VUs, 8877 complete and 0 interrupted iterations
default   [  90% ] 25/30 VUs  3m36.0s/4m00.0s

running (3m37.0s), 24/30 VUs, 8917 complete and 0 interrupted iterations
default   [  90% ] 24/30 VUs  3m37.0s/4m00.0s

running (3m38.0s), 23/30 VUs, 8959 complete and 0 interrupted iterations
default   [  91% ] 23/30 VUs  3m38.0s/4m00.0s

running (3m39.0s), 22/30 VUs, 9001 complete and 0 interrupted iterations
default   [  91% ] 22/30 VUs  3m39.0s/4m00.0s

running (3m40.0s), 21/30 VUs, 9043 complete and 0 interrupted iterations
default   [  92% ] 21/30 VUs  3m40.0s/4m00.0s

running (3m41.0s), 20/30 VUs, 9086 complete and 0 interrupted iterations
default   [  92% ] 20/30 VUs  3m41.0s/4m00.0s

running (3m42.0s), 19/30 VUs, 9127 complete and 0 interrupted iterations
default   [  92% ] 19/30 VUs  3m42.0s/4m00.0s

running (3m43.0s), 18/30 VUs, 9168 complete and 0 interrupted iterations
default   [  93% ] 18/30 VUs  3m43.0s/4m00.0s

running (3m44.0s), 17/30 VUs, 9207 complete and 0 interrupted iterations
default   [  93% ] 17/30 VUs  3m44.0s/4m00.0s

running (3m45.0s), 16/30 VUs, 9251 complete and 0 interrupted iterations
default   [  94% ] 16/30 VUs  3m45.0s/4m00.0s

running (3m46.0s), 15/30 VUs, 9294 complete and 0 interrupted iterations
default   [  94% ] 15/30 VUs  3m46.0s/4m00.0s

running (3m47.0s), 14/30 VUs, 9336 complete and 0 interrupted iterations
default   [  95% ] 14/30 VUs  3m47.0s/4m00.0s

running (3m48.0s), 13/30 VUs, 9378 complete and 0 interrupted iterations
default   [  95% ] 13/30 VUs  3m48.0s/4m00.0s

running (3m49.0s), 12/30 VUs, 9417 complete and 0 interrupted iterations
default   [  95% ] 12/30 VUs  3m49.0s/4m00.0s

running (3m50.0s), 11/30 VUs, 9460 complete and 0 interrupted iterations
default   [  96% ] 11/30 VUs  3m50.0s/4m00.0s

running (3m51.0s), 10/30 VUs, 9503 complete and 0 interrupted iterations
default   [  96% ] 10/30 VUs  3m51.0s/4m00.0s

running (3m52.0s), 09/30 VUs, 9544 complete and 0 interrupted iterations
default   [  97% ] 09/30 VUs  3m52.0s/4m00.0s

running (3m53.0s), 08/30 VUs, 9586 complete and 0 interrupted iterations
default   [  97% ] 08/30 VUs  3m53.0s/4m00.0s

running (3m54.0s), 07/30 VUs, 9626 complete and 0 interrupted iterations
default   [  97% ] 07/30 VUs  3m54.0s/4m00.0s

running (3m55.0s), 06/30 VUs, 9671 complete and 0 interrupted iterations
default   [  98% ] 06/30 VUs  3m55.0s/4m00.0s

running (3m56.0s), 05/30 VUs, 9712 complete and 0 interrupted iterations
default   [  98% ] 05/30 VUs  3m56.0s/4m00.0s

running (3m57.0s), 04/30 VUs, 9754 complete and 0 interrupted iterations
default   [  99% ] 04/30 VUs  3m57.0s/4m00.0s

running (3m58.0s), 03/30 VUs, 9797 complete and 0 interrupted iterations
default   [  99% ] 03/30 VUs  3m58.0s/4m00.0s

running (3m59.0s), 02/30 VUs, 9835 complete and 0 interrupted iterations
default   [ 100% ] 02/30 VUs  3m59.0s/4m00.0s

running (4m00.0s), 01/30 VUs, 9858 complete and 0 interrupted iterations
default   [ 100% ] 01/30 VUs  4m00.0s/4m00.0s


  █ THRESHOLDS 

    checks
    ✓ 'rate>0.95' rate=100.00%

    http_req_duration
    ✓ 'p(95)<5000' p(95)=919.73ms
    ✓ 'p(99)<10000' p(99)=1.01s

    http_req_failed
    ✓ 'rate<0.05' rate=0.00%


  █ TOTAL RESULTS 

    checks_total.......: 39436   164.302793/s
    checks_succeeded...: 100.00% 39436 out of 39436
    checks_failed......: 0.00%   0 out of 39436

    ✓ status is 200
    ✓ content-type is json
    ✓ workloadType is CPU-BOUND
    ✓ executionTimeMs exists

    CUSTOM
    response_time_ms...............: min=46.324074 avg=641.056006 med=684.675395 max=1192.888006 p(90)=871.001888 p(95)=919.730081 p(99)=1014.256589
    successful_requests............: 9859   41.075698/s

    HTTP
    http_req_duration..............: min=46.32ms   avg=641.05ms   med=684.67ms   max=1.19s       p(90)=871ms      p(95)=919.73ms   p(99)=1.01s      
      { expected_response:true }...: min=46.32ms   avg=641.05ms   med=684.67ms   max=1.19s       p(90)=871ms      p(95)=919.73ms   p(99)=1.01s      
    http_req_failed................: 0.00%  0 out of 9859
    http_reqs......................: 9859   41.075698/s

    EXECUTION
    iteration_duration.............: min=46.51ms   avg=641.22ms   med=684.82ms   max=1.19s       p(90)=871.16ms   p(95)=919.87ms   p(99)=1.01s      
    iterations.....................: 9859   41.075698/s
    vus............................: 1      min=1         max=30
    vus_max........................: 30     min=30        max=30

    NETWORK
    data_received..................: 2.8 MB 12 kB/s
    data_sent......................: 789 kB 3.3 kB/s




running (4m00.0s), 00/30 VUs, 9859 complete and 0 interrupted iterations
default ✓ [ 100% ] 00/30 VUs  4m0s
