
         /\      Grafana   /‾‾/  
    /\  /  \     |\  __   /  /   
   /  \/    \    | |/ /  /   ‾‾\ 
  /          \   |   (  |  (‾)  |
 / __________ \  |_|\_\  \_____/ 


     execution: local
        script: io-bound-test.js
        output: -

     scenarios: (100.00%) 1 scenario, 250 max VUs, 4m30s max duration (incl. graceful stop):
              * default: Up to 250 looping VUs for 4m0s over 3 stages (gracefulRampDown: 30s, gracefulStop: 30s)


running (0m00.9s), 008/250 VUs, 68 complete and 0 interrupted iterations
default   [   0% ] 008/250 VUs  0m00.9s/4m00.0s

running (0m01.9s), 016/250 VUs, 298 complete and 0 interrupted iterations
default   [   1% ] 016/250 VUs  0m01.9s/4m00.0s

running (0m02.9s), 024/250 VUs, 692 complete and 0 interrupted iterations
default   [   1% ] 024/250 VUs  0m02.9s/4m00.0s

running (0m03.9s), 033/250 VUs, 1247 complete and 0 interrupted iterations
default   [   2% ] 033/250 VUs  0m03.9s/4m00.0s

running (0m04.9s), 041/250 VUs, 1969 complete and 0 interrupted iterations
default   [   2% ] 041/250 VUs  0m04.9s/4m00.0s

running (0m05.9s), 049/250 VUs, 2851 complete and 0 interrupted iterations
default   [   2% ] 049/250 VUs  0m05.9s/4m00.0s

running (0m06.9s), 058/250 VUs, 3839 complete and 0 interrupted iterations
default   [   3% ] 058/250 VUs  0m06.9s/4m00.0s

running (0m07.9s), 066/250 VUs, 4833 complete and 0 interrupted iterations
default   [   3% ] 066/250 VUs  0m07.9s/4m00.0s

running (0m08.9s), 074/250 VUs, 5827 complete and 0 interrupted iterations
default   [   4% ] 074/250 VUs  0m08.9s/4m00.0s

running (0m09.9s), 083/250 VUs, 6815 complete and 0 interrupted iterations
default   [   4% ] 083/250 VUs  0m09.9s/4m00.0s

running (0m10.9s), 091/250 VUs, 7811 complete and 0 interrupted iterations
default   [   5% ] 091/250 VUs  0m10.9s/4m00.0s

running (0m11.9s), 099/250 VUs, 8798 complete and 0 interrupted iterations
default   [   5% ] 099/250 VUs  0m11.9s/4m00.0s

running (0m12.9s), 107/250 VUs, 9792 complete and 0 interrupted iterations
default   [   5% ] 107/250 VUs  0m12.9s/4m00.0s

running (0m13.9s), 116/250 VUs, 10780 complete and 0 interrupted iterations
default   [   6% ] 116/250 VUs  0m13.9s/4m00.0s

running (0m14.9s), 124/250 VUs, 11775 complete and 0 interrupted iterations
default   [   6% ] 124/250 VUs  0m14.9s/4m00.0s

running (0m15.9s), 132/250 VUs, 12769 complete and 0 interrupted iterations
default   [   7% ] 132/250 VUs  0m15.9s/4m00.0s

running (0m16.9s), 141/250 VUs, 13758 complete and 0 interrupted iterations
default   [   7% ] 141/250 VUs  0m16.9s/4m00.0s

running (0m17.9s), 149/250 VUs, 14748 complete and 0 interrupted iterations
default   [   7% ] 149/250 VUs  0m17.9s/4m00.0s

running (0m18.9s), 157/250 VUs, 15742 complete and 0 interrupted iterations
default   [   8% ] 157/250 VUs  0m18.9s/4m00.0s

running (0m19.9s), 166/250 VUs, 16731 complete and 0 interrupted iterations
default   [   8% ] 166/250 VUs  0m19.9s/4m00.0s

running (0m20.9s), 174/250 VUs, 17727 complete and 0 interrupted iterations
default   [   9% ] 174/250 VUs  0m20.9s/4m00.0s

running (0m21.9s), 182/250 VUs, 18698 complete and 0 interrupted iterations
default   [   9% ] 182/250 VUs  0m21.9s/4m00.0s

running (0m22.9s), 190/250 VUs, 19698 complete and 0 interrupted iterations
default   [  10% ] 190/250 VUs  0m22.9s/4m00.0s

running (0m23.9s), 199/250 VUs, 20698 complete and 0 interrupted iterations
default   [  10% ] 199/250 VUs  0m23.9s/4m00.0s

running (0m24.9s), 207/250 VUs, 21684 complete and 0 interrupted iterations
default   [  10% ] 207/250 VUs  0m24.9s/4m00.0s

running (0m25.9s), 215/250 VUs, 22681 complete and 0 interrupted iterations
default   [  11% ] 215/250 VUs  0m25.9s/4m00.0s

running (0m26.9s), 224/250 VUs, 23648 complete and 0 interrupted iterations
default   [  11% ] 224/250 VUs  0m26.9s/4m00.0s

running (0m27.9s), 232/250 VUs, 24648 complete and 0 interrupted iterations
default   [  12% ] 232/250 VUs  0m27.9s/4m00.0s

running (0m28.9s), 240/250 VUs, 25648 complete and 0 interrupted iterations
default   [  12% ] 240/250 VUs  0m28.9s/4m00.0s

running (0m29.9s), 249/250 VUs, 26648 complete and 0 interrupted iterations
default   [  12% ] 249/250 VUs  0m29.9s/4m00.0s

running (0m30.9s), 250/250 VUs, 27626 complete and 0 interrupted iterations
default   [  13% ] 250/250 VUs  0m30.9s/4m00.0s

running (0m31.9s), 250/250 VUs, 28598 complete and 0 interrupted iterations
default   [  13% ] 250/250 VUs  0m31.9s/4m00.0s

running (0m32.9s), 250/250 VUs, 29598 complete and 0 interrupted iterations
default   [  14% ] 250/250 VUs  0m32.9s/4m00.0s

running (0m33.9s), 250/250 VUs, 30598 complete and 0 interrupted iterations
default   [  14% ] 250/250 VUs  0m33.9s/4m00.0s

running (0m34.9s), 250/250 VUs, 31598 complete and 0 interrupted iterations
default   [  15% ] 250/250 VUs  0m34.9s/4m00.0s

running (0m35.9s), 250/250 VUs, 32579 complete and 0 interrupted iterations
default   [  15% ] 250/250 VUs  0m35.9s/4m00.0s

running (0m36.9s), 250/250 VUs, 33556 complete and 0 interrupted iterations
default   [  15% ] 250/250 VUs  0m36.9s/4m00.0s

running (0m37.9s), 250/250 VUs, 34548 complete and 0 interrupted iterations
default   [  16% ] 250/250 VUs  0m37.9s/4m00.0s

running (0m38.9s), 250/250 VUs, 35548 complete and 0 interrupted iterations
default   [  16% ] 250/250 VUs  0m38.9s/4m00.0s

running (0m39.9s), 250/250 VUs, 36548 complete and 0 interrupted iterations
default   [  17% ] 250/250 VUs  0m39.9s/4m00.0s

running (0m40.9s), 250/250 VUs, 37505 complete and 0 interrupted iterations
default   [  17% ] 250/250 VUs  0m40.9s/4m00.0s

running (0m41.9s), 250/250 VUs, 38498 complete and 0 interrupted iterations
default   [  17% ] 250/250 VUs  0m41.9s/4m00.0s

running (0m42.9s), 250/250 VUs, 39498 complete and 0 interrupted iterations
default   [  18% ] 250/250 VUs  0m42.9s/4m00.0s

running (0m43.9s), 250/250 VUs, 40498 complete and 0 interrupted iterations
default   [  18% ] 250/250 VUs  0m43.9s/4m00.0s

running (0m44.9s), 250/250 VUs, 41492 complete and 0 interrupted iterations
default   [  19% ] 250/250 VUs  0m44.9s/4m00.0s

running (0m45.9s), 250/250 VUs, 42452 complete and 0 interrupted iterations
default   [  19% ] 250/250 VUs  0m45.9s/4m00.0s

running (0m46.9s), 250/250 VUs, 43448 complete and 0 interrupted iterations
default   [  20% ] 250/250 VUs  0m46.9s/4m00.0s

running (0m47.9s), 250/250 VUs, 44448 complete and 0 interrupted iterations
default   [  20% ] 250/250 VUs  0m47.9s/4m00.0s

running (0m48.9s), 250/250 VUs, 45448 complete and 0 interrupted iterations
default   [  20% ] 250/250 VUs  0m48.9s/4m00.0s

running (0m49.9s), 250/250 VUs, 46429 complete and 0 interrupted iterations
default   [  21% ] 250/250 VUs  0m49.9s/4m00.0s

running (0m50.9s), 250/250 VUs, 47398 complete and 0 interrupted iterations
default   [  21% ] 250/250 VUs  0m50.9s/4m00.0s

running (0m51.9s), 250/250 VUs, 48398 complete and 0 interrupted iterations
default   [  22% ] 250/250 VUs  0m51.9s/4m00.0s

running (0m52.9s), 250/250 VUs, 49398 complete and 0 interrupted iterations
default   [  22% ] 250/250 VUs  0m52.9s/4m00.0s

running (0m53.9s), 250/250 VUs, 50398 complete and 0 interrupted iterations
default   [  22% ] 250/250 VUs  0m53.9s/4m00.0s

running (0m54.9s), 250/250 VUs, 51376 complete and 0 interrupted iterations
default   [  23% ] 250/250 VUs  0m54.9s/4m00.0s

running (0m55.9s), 250/250 VUs, 52364 complete and 0 interrupted iterations
default   [  23% ] 250/250 VUs  0m55.9s/4m00.0s

running (0m56.9s), 250/250 VUs, 53349 complete and 0 interrupted iterations
default   [  24% ] 250/250 VUs  0m56.9s/4m00.0s

running (0m57.9s), 250/250 VUs, 54348 complete and 0 interrupted iterations
default   [  24% ] 250/250 VUs  0m57.9s/4m00.0s

running (0m58.9s), 250/250 VUs, 55348 complete and 0 interrupted iterations
default   [  25% ] 250/250 VUs  0m58.9s/4m00.0s

running (0m59.9s), 250/250 VUs, 56340 complete and 0 interrupted iterations
default   [  25% ] 250/250 VUs  0m59.9s/4m00.0s

running (1m00.9s), 250/250 VUs, 57328 complete and 0 interrupted iterations
default   [  25% ] 250/250 VUs  1m00.9s/4m00.0s

running (1m01.9s), 250/250 VUs, 58313 complete and 0 interrupted iterations
default   [  26% ] 250/250 VUs  1m01.9s/4m00.0s

running (1m02.9s), 250/250 VUs, 59298 complete and 0 interrupted iterations
default   [  26% ] 250/250 VUs  1m02.9s/4m00.0s

running (1m03.9s), 250/250 VUs, 60298 complete and 0 interrupted iterations
default   [  27% ] 250/250 VUs  1m03.9s/4m00.0s

running (1m04.9s), 250/250 VUs, 61298 complete and 0 interrupted iterations
default   [  27% ] 250/250 VUs  1m04.9s/4m00.0s

running (1m05.9s), 250/250 VUs, 62281 complete and 0 interrupted iterations
default   [  27% ] 250/250 VUs  1m05.9s/4m00.0s

running (1m06.9s), 250/250 VUs, 63248 complete and 0 interrupted iterations
default   [  28% ] 250/250 VUs  1m06.9s/4m00.0s

running (1m07.9s), 250/250 VUs, 64248 complete and 0 interrupted iterations
default   [  28% ] 250/250 VUs  1m07.9s/4m00.0s

running (1m08.9s), 250/250 VUs, 65248 complete and 0 interrupted iterations
default   [  29% ] 250/250 VUs  1m08.9s/4m00.0s

running (1m09.9s), 250/250 VUs, 66248 complete and 0 interrupted iterations
default   [  29% ] 250/250 VUs  1m09.9s/4m00.0s

running (1m10.9s), 250/250 VUs, 67200 complete and 0 interrupted iterations
default   [  30% ] 250/250 VUs  1m10.9s/4m00.0s

running (1m11.9s), 250/250 VUs, 68198 complete and 0 interrupted iterations
default   [  30% ] 250/250 VUs  1m11.9s/4m00.0s

running (1m12.9s), 250/250 VUs, 69198 complete and 0 interrupted iterations
default   [  30% ] 250/250 VUs  1m12.9s/4m00.0s

running (1m13.9s), 250/250 VUs, 70198 complete and 0 interrupted iterations
default   [  31% ] 250/250 VUs  1m13.9s/4m00.0s

running (1m14.9s), 250/250 VUs, 71195 complete and 0 interrupted iterations
default   [  31% ] 250/250 VUs  1m14.9s/4m00.0s

running (1m15.9s), 250/250 VUs, 72152 complete and 0 interrupted iterations
default   [  32% ] 250/250 VUs  1m15.9s/4m00.0s

running (1m16.9s), 250/250 VUs, 73148 complete and 0 interrupted iterations
default   [  32% ] 250/250 VUs  1m16.9s/4m00.0s

running (1m17.9s), 250/250 VUs, 74148 complete and 0 interrupted iterations
default   [  32% ] 250/250 VUs  1m17.9s/4m00.0s

running (1m18.9s), 250/250 VUs, 75148 complete and 0 interrupted iterations
default   [  33% ] 250/250 VUs  1m18.9s/4m00.0s

running (1m19.9s), 250/250 VUs, 76098 complete and 0 interrupted iterations
default   [  33% ] 250/250 VUs  1m19.9s/4m00.0s

running (1m20.9s), 250/250 VUs, 77098 complete and 0 interrupted iterations
default   [  34% ] 250/250 VUs  1m20.9s/4m00.0s

running (1m21.9s), 250/250 VUs, 78098 complete and 0 interrupted iterations
default   [  34% ] 250/250 VUs  1m21.9s/4m00.0s

running (1m22.9s), 250/250 VUs, 79048 complete and 0 interrupted iterations
default   [  35% ] 250/250 VUs  1m22.9s/4m00.0s

running (1m23.9s), 250/250 VUs, 80048 complete and 0 interrupted iterations
default   [  35% ] 250/250 VUs  1m23.9s/4m00.0s

running (1m24.9s), 250/250 VUs, 81048 complete and 0 interrupted iterations
default   [  35% ] 250/250 VUs  1m24.9s/4m00.0s

running (1m25.9s), 250/250 VUs, 81998 complete and 0 interrupted iterations
default   [  36% ] 250/250 VUs  1m25.9s/4m00.0s

running (1m26.9s), 250/250 VUs, 82998 complete and 0 interrupted iterations
default   [  36% ] 250/250 VUs  1m26.9s/4m00.0s

running (1m27.9s), 250/250 VUs, 83998 complete and 0 interrupted iterations
default   [  37% ] 250/250 VUs  1m27.9s/4m00.0s

running (1m28.9s), 250/250 VUs, 84972 complete and 0 interrupted iterations
default   [  37% ] 250/250 VUs  1m28.9s/4m00.0s

running (1m29.9s), 250/250 VUs, 85948 complete and 0 interrupted iterations
default   [  37% ] 250/250 VUs  1m29.9s/4m00.0s

running (1m30.9s), 250/250 VUs, 86948 complete and 0 interrupted iterations
default   [  38% ] 250/250 VUs  1m30.9s/4m00.0s

running (1m31.9s), 250/250 VUs, 87948 complete and 0 interrupted iterations
default   [  38% ] 250/250 VUs  1m31.9s/4m00.0s

running (1m32.9s), 250/250 VUs, 88944 complete and 0 interrupted iterations
default   [  39% ] 250/250 VUs  1m32.9s/4m00.0s

running (1m33.9s), 250/250 VUs, 89929 complete and 0 interrupted iterations
default   [  39% ] 250/250 VUs  1m33.9s/4m00.0s

running (1m34.9s), 250/250 VUs, 90898 complete and 0 interrupted iterations
default   [  40% ] 250/250 VUs  1m34.9s/4m00.0s

running (1m35.9s), 250/250 VUs, 91898 complete and 0 interrupted iterations
default   [  40% ] 250/250 VUs  1m35.9s/4m00.0s

running (1m36.9s), 250/250 VUs, 92887 complete and 0 interrupted iterations
default   [  40% ] 250/250 VUs  1m36.9s/4m00.0s

running (1m37.9s), 250/250 VUs, 93861 complete and 0 interrupted iterations
default   [  41% ] 250/250 VUs  1m37.9s/4m00.0s

running (1m38.9s), 250/250 VUs, 94848 complete and 0 interrupted iterations
default   [  41% ] 250/250 VUs  1m38.9s/4m00.0s

running (1m39.9s), 250/250 VUs, 95848 complete and 0 interrupted iterations
default   [  42% ] 250/250 VUs  1m39.9s/4m00.0s

running (1m40.9s), 250/250 VUs, 96848 complete and 0 interrupted iterations
default   [  42% ] 250/250 VUs  1m40.9s/4m00.0s

running (1m41.9s), 250/250 VUs, 97819 complete and 0 interrupted iterations
default   [  42% ] 250/250 VUs  1m41.9s/4m00.0s

running (1m42.9s), 250/250 VUs, 98798 complete and 0 interrupted iterations
default   [  43% ] 250/250 VUs  1m42.9s/4m00.0s

running (1m43.9s), 250/250 VUs, 99798 complete and 0 interrupted iterations
default   [  43% ] 250/250 VUs  1m43.9s/4m00.0s

running (1m44.9s), 250/250 VUs, 100798 complete and 0 interrupted iterations
default   [  44% ] 250/250 VUs  1m44.9s/4m00.0s

running (1m45.9s), 250/250 VUs, 101798 complete and 0 interrupted iterations
default   [  44% ] 250/250 VUs  1m45.9s/4m00.0s

running (1m46.9s), 250/250 VUs, 102769 complete and 0 interrupted iterations
default   [  45% ] 250/250 VUs  1m46.9s/4m00.0s

running (1m47.9s), 250/250 VUs, 103748 complete and 0 interrupted iterations
default   [  45% ] 250/250 VUs  1m47.9s/4m00.0s

running (1m48.9s), 250/250 VUs, 104748 complete and 0 interrupted iterations
default   [  45% ] 250/250 VUs  1m48.9s/4m00.0s

running (1m49.9s), 250/250 VUs, 105748 complete and 0 interrupted iterations
default   [  46% ] 250/250 VUs  1m49.9s/4m00.0s

running (1m50.9s), 250/250 VUs, 106725 complete and 0 interrupted iterations
default   [  46% ] 250/250 VUs  1m50.9s/4m00.0s

running (1m51.9s), 250/250 VUs, 107698 complete and 0 interrupted iterations
default   [  47% ] 250/250 VUs  1m51.9s/4m00.0s

running (1m52.9s), 250/250 VUs, 108698 complete and 0 interrupted iterations
default   [  47% ] 250/250 VUs  1m52.9s/4m00.0s

running (1m53.9s), 250/250 VUs, 109698 complete and 0 interrupted iterations
default   [  47% ] 250/250 VUs  1m53.9s/4m00.0s

running (1m54.9s), 250/250 VUs, 110690 complete and 0 interrupted iterations
default   [  48% ] 250/250 VUs  1m54.9s/4m00.0s

running (1m55.9s), 250/250 VUs, 111668 complete and 0 interrupted iterations
default   [  48% ] 250/250 VUs  1m55.9s/4m00.0s

running (1m56.9s), 250/250 VUs, 112648 complete and 0 interrupted iterations
default   [  49% ] 250/250 VUs  1m56.9s/4m00.0s

running (1m57.9s), 250/250 VUs, 113648 complete and 0 interrupted iterations
default   [  49% ] 250/250 VUs  1m57.9s/4m00.0s

running (1m58.9s), 250/250 VUs, 114648 complete and 0 interrupted iterations
default   [  50% ] 250/250 VUs  1m58.9s/4m00.0s

running (1m59.9s), 250/250 VUs, 115648 complete and 0 interrupted iterations
default   [  50% ] 250/250 VUs  1m59.9s/4m00.0s

running (2m00.9s), 250/250 VUs, 116598 complete and 0 interrupted iterations
default   [  50% ] 250/250 VUs  2m00.9s/4m00.0s

running (2m01.9s), 250/250 VUs, 117598 complete and 0 interrupted iterations
default   [  51% ] 250/250 VUs  2m01.9s/4m00.0s

running (2m02.9s), 250/250 VUs, 118598 complete and 0 interrupted iterations
default   [  51% ] 250/250 VUs  2m02.9s/4m00.0s

running (2m03.9s), 250/250 VUs, 119598 complete and 0 interrupted iterations
default   [  52% ] 250/250 VUs  2m03.9s/4m00.0s

running (2m04.9s), 250/250 VUs, 120561 complete and 0 interrupted iterations
default   [  52% ] 250/250 VUs  2m04.9s/4m00.0s

running (2m05.9s), 250/250 VUs, 121548 complete and 0 interrupted iterations
default   [  52% ] 250/250 VUs  2m05.9s/4m00.0s

running (2m06.9s), 250/250 VUs, 122548 complete and 0 interrupted iterations
default   [  53% ] 250/250 VUs  2m06.9s/4m00.0s

running (2m07.9s), 250/250 VUs, 123548 complete and 0 interrupted iterations
default   [  53% ] 250/250 VUs  2m07.9s/4m00.0s

running (2m08.9s), 250/250 VUs, 124498 complete and 0 interrupted iterations
default   [  54% ] 250/250 VUs  2m08.9s/4m00.0s

running (2m09.9s), 250/250 VUs, 125498 complete and 0 interrupted iterations
default   [  54% ] 250/250 VUs  2m09.9s/4m00.0s

running (2m10.9s), 250/250 VUs, 126498 complete and 0 interrupted iterations
default   [  55% ] 250/250 VUs  2m10.9s/4m00.0s

running (2m11.9s), 250/250 VUs, 127496 complete and 0 interrupted iterations
default   [  55% ] 250/250 VUs  2m11.9s/4m00.0s

running (2m12.9s), 250/250 VUs, 128468 complete and 0 interrupted iterations
default   [  55% ] 250/250 VUs  2m12.9s/4m00.0s

running (2m13.9s), 250/250 VUs, 129448 complete and 0 interrupted iterations
default   [  56% ] 250/250 VUs  2m13.9s/4m00.0s

running (2m14.9s), 250/250 VUs, 130448 complete and 0 interrupted iterations
default   [  56% ] 250/250 VUs  2m14.9s/4m00.0s

running (2m15.9s), 250/250 VUs, 131448 complete and 0 interrupted iterations
default   [  57% ] 250/250 VUs  2m15.9s/4m00.0s

running (2m16.9s), 250/250 VUs, 132448 complete and 0 interrupted iterations
default   [  57% ] 250/250 VUs  2m16.9s/4m00.0s

running (2m17.9s), 250/250 VUs, 133427 complete and 0 interrupted iterations
default   [  57% ] 250/250 VUs  2m17.9s/4m00.0s

running (2m18.9s), 250/250 VUs, 134398 complete and 0 interrupted iterations
default   [  58% ] 250/250 VUs  2m18.9s/4m00.0s

running (2m19.9s), 250/250 VUs, 135398 complete and 0 interrupted iterations
default   [  58% ] 250/250 VUs  2m19.9s/4m00.0s

running (2m20.9s), 250/250 VUs, 136398 complete and 0 interrupted iterations
default   [  59% ] 250/250 VUs  2m20.9s/4m00.0s

running (2m21.9s), 250/250 VUs, 137398 complete and 0 interrupted iterations
default   [  59% ] 250/250 VUs  2m21.9s/4m00.0s

running (2m22.9s), 250/250 VUs, 138348 complete and 0 interrupted iterations
default   [  60% ] 250/250 VUs  2m22.9s/4m00.0s

running (2m23.9s), 250/250 VUs, 139348 complete and 0 interrupted iterations
default   [  60% ] 250/250 VUs  2m23.9s/4m00.0s

running (2m24.9s), 250/250 VUs, 140348 complete and 0 interrupted iterations
default   [  60% ] 250/250 VUs  2m24.9s/4m00.0s

running (2m25.9s), 250/250 VUs, 141325 complete and 0 interrupted iterations
default   [  61% ] 250/250 VUs  2m25.9s/4m00.0s

running (2m26.9s), 250/250 VUs, 142298 complete and 0 interrupted iterations
default   [  61% ] 250/250 VUs  2m26.9s/4m00.0s

running (2m27.9s), 250/250 VUs, 143298 complete and 0 interrupted iterations
default   [  62% ] 250/250 VUs  2m27.9s/4m00.0s

running (2m28.9s), 250/250 VUs, 144298 complete and 0 interrupted iterations
default   [  62% ] 250/250 VUs  2m28.9s/4m00.0s

running (2m29.9s), 250/250 VUs, 145298 complete and 0 interrupted iterations
default   [  62% ] 250/250 VUs  2m29.9s/4m00.0s

running (2m30.9s), 250/250 VUs, 146248 complete and 0 interrupted iterations
default   [  63% ] 250/250 VUs  2m30.9s/4m00.0s

running (2m31.9s), 250/250 VUs, 147248 complete and 0 interrupted iterations
default   [  63% ] 250/250 VUs  2m31.9s/4m00.0s

running (2m32.9s), 250/250 VUs, 148248 complete and 0 interrupted iterations
default   [  64% ] 250/250 VUs  2m32.9s/4m00.0s

running (2m33.9s), 250/250 VUs, 149248 complete and 0 interrupted iterations
default   [  64% ] 250/250 VUs  2m33.9s/4m00.0s

running (2m34.9s), 250/250 VUs, 150226 complete and 0 interrupted iterations
default   [  65% ] 250/250 VUs  2m34.9s/4m00.0s

running (2m35.9s), 250/250 VUs, 151203 complete and 0 interrupted iterations
default   [  65% ] 250/250 VUs  2m35.9s/4m00.0s

running (2m36.9s), 250/250 VUs, 152198 complete and 0 interrupted iterations
default   [  65% ] 250/250 VUs  2m36.9s/4m00.0s

running (2m37.9s), 250/250 VUs, 153198 complete and 0 interrupted iterations
default   [  66% ] 250/250 VUs  2m37.9s/4m00.0s

running (2m38.9s), 250/250 VUs, 154198 complete and 0 interrupted iterations
default   [  66% ] 250/250 VUs  2m38.9s/4m00.0s

running (2m39.9s), 250/250 VUs, 155162 complete and 0 interrupted iterations
default   [  67% ] 250/250 VUs  2m39.9s/4m00.0s

running (2m40.9s), 250/250 VUs, 156148 complete and 0 interrupted iterations
default   [  67% ] 250/250 VUs  2m40.9s/4m00.0s

running (2m41.9s), 250/250 VUs, 157148 complete and 0 interrupted iterations
default   [  67% ] 250/250 VUs  2m41.9s/4m00.0s

running (2m42.9s), 250/250 VUs, 158148 complete and 0 interrupted iterations
default   [  68% ] 250/250 VUs  2m42.9s/4m00.0s

running (2m43.9s), 250/250 VUs, 159144 complete and 0 interrupted iterations
default   [  68% ] 250/250 VUs  2m43.9s/4m00.0s

running (2m44.9s), 250/250 VUs, 160104 complete and 0 interrupted iterations
default   [  69% ] 250/250 VUs  2m44.9s/4m00.0s

running (2m45.9s), 250/250 VUs, 161098 complete and 0 interrupted iterations
default   [  69% ] 250/250 VUs  2m45.9s/4m00.0s

running (2m46.9s), 250/250 VUs, 162098 complete and 0 interrupted iterations
default   [  70% ] 250/250 VUs  2m46.9s/4m00.0s

running (2m47.9s), 250/250 VUs, 163098 complete and 0 interrupted iterations
default   [  70% ] 250/250 VUs  2m47.9s/4m00.0s

running (2m48.9s), 250/250 VUs, 164080 complete and 0 interrupted iterations
default   [  70% ] 250/250 VUs  2m48.9s/4m00.0s

running (2m49.9s), 250/250 VUs, 165048 complete and 0 interrupted iterations
default   [  71% ] 250/250 VUs  2m49.9s/4m00.0s

running (2m50.9s), 250/250 VUs, 166048 complete and 0 interrupted iterations
default   [  71% ] 250/250 VUs  2m50.9s/4m00.0s

running (2m51.9s), 250/250 VUs, 167048 complete and 0 interrupted iterations
default   [  72% ] 250/250 VUs  2m51.9s/4m00.0s

running (2m52.9s), 250/250 VUs, 168048 complete and 0 interrupted iterations
default   [  72% ] 250/250 VUs  2m52.9s/4m00.0s

running (2m53.9s), 250/250 VUs, 169022 complete and 0 interrupted iterations
default   [  72% ] 250/250 VUs  2m53.9s/4m00.0s

running (2m54.9s), 250/250 VUs, 169998 complete and 0 interrupted iterations
default   [  73% ] 250/250 VUs  2m54.9s/4m00.0s

running (2m55.9s), 250/250 VUs, 170998 complete and 0 interrupted iterations
default   [  73% ] 250/250 VUs  2m55.9s/4m00.0s

running (2m56.9s), 250/250 VUs, 171998 complete and 0 interrupted iterations
default   [  74% ] 250/250 VUs  2m56.9s/4m00.0s

running (2m57.9s), 250/250 VUs, 172998 complete and 0 interrupted iterations
default   [  74% ] 250/250 VUs  2m57.9s/4m00.0s

running (2m58.9s), 250/250 VUs, 173948 complete and 0 interrupted iterations
default   [  75% ] 250/250 VUs  2m58.9s/4m00.0s

running (2m59.9s), 250/250 VUs, 174948 complete and 0 interrupted iterations
default   [  75% ] 250/250 VUs  2m59.9s/4m00.0s

running (3m00.9s), 250/250 VUs, 175948 complete and 0 interrupted iterations
default   [  75% ] 250/250 VUs  3m00.9s/4m00.0s

running (3m01.9s), 250/250 VUs, 176946 complete and 0 interrupted iterations
default   [  76% ] 250/250 VUs  3m01.9s/4m00.0s

running (3m02.9s), 250/250 VUs, 177921 complete and 0 interrupted iterations
default   [  76% ] 250/250 VUs  3m02.9s/4m00.0s

running (3m03.9s), 250/250 VUs, 178898 complete and 0 interrupted iterations
default   [  77% ] 250/250 VUs  3m03.9s/4m00.0s

running (3m04.9s), 250/250 VUs, 179898 complete and 0 interrupted iterations
default   [  77% ] 250/250 VUs  3m04.9s/4m00.0s

running (3m05.9s), 250/250 VUs, 180898 complete and 0 interrupted iterations
default   [  77% ] 250/250 VUs  3m05.9s/4m00.0s

running (3m06.9s), 250/250 VUs, 181898 complete and 0 interrupted iterations
default   [  78% ] 250/250 VUs  3m06.9s/4m00.0s

running (3m07.9s), 250/250 VUs, 182848 complete and 0 interrupted iterations
default   [  78% ] 250/250 VUs  3m07.9s/4m00.0s

running (3m08.9s), 250/250 VUs, 183848 complete and 0 interrupted iterations
default   [  79% ] 250/250 VUs  3m08.9s/4m00.0s

running (3m09.9s), 250/250 VUs, 184848 complete and 0 interrupted iterations
default   [  79% ] 250/250 VUs  3m09.9s/4m00.0s

running (3m10.9s), 250/250 VUs, 185834 complete and 0 interrupted iterations
default   [  80% ] 250/250 VUs  3m10.9s/4m00.0s

running (3m11.9s), 250/250 VUs, 186798 complete and 0 interrupted iterations
default   [  80% ] 250/250 VUs  3m11.9s/4m00.0s

running (3m12.9s), 250/250 VUs, 187798 complete and 0 interrupted iterations
default   [  80% ] 250/250 VUs  3m12.9s/4m00.0s

running (3m13.9s), 250/250 VUs, 188798 complete and 0 interrupted iterations
default   [  81% ] 250/250 VUs  3m13.9s/4m00.0s

running (3m14.9s), 250/250 VUs, 189793 complete and 0 interrupted iterations
default   [  81% ] 250/250 VUs  3m14.9s/4m00.0s

running (3m15.9s), 250/250 VUs, 190788 complete and 0 interrupted iterations
default   [  82% ] 250/250 VUs  3m15.9s/4m00.0s

running (3m16.9s), 250/250 VUs, 191748 complete and 0 interrupted iterations
default   [  82% ] 250/250 VUs  3m16.9s/4m00.0s

running (3m17.9s), 250/250 VUs, 192748 complete and 0 interrupted iterations
default   [  82% ] 250/250 VUs  3m17.9s/4m00.0s

running (3m18.9s), 250/250 VUs, 193748 complete and 0 interrupted iterations
default   [  83% ] 250/250 VUs  3m18.9s/4m00.0s

running (3m19.9s), 250/250 VUs, 194705 complete and 0 interrupted iterations
default   [  83% ] 250/250 VUs  3m19.9s/4m00.0s

running (3m20.9s), 250/250 VUs, 195698 complete and 0 interrupted iterations
default   [  84% ] 250/250 VUs  3m20.9s/4m00.0s

running (3m21.9s), 250/250 VUs, 196698 complete and 0 interrupted iterations
default   [  84% ] 250/250 VUs  3m21.9s/4m00.0s

running (3m22.9s), 250/250 VUs, 197687 complete and 0 interrupted iterations
default   [  85% ] 250/250 VUs  3m22.9s/4m00.0s

running (3m23.9s), 250/250 VUs, 198648 complete and 0 interrupted iterations
default   [  85% ] 250/250 VUs  3m23.9s/4m00.0s

running (3m24.9s), 250/250 VUs, 199648 complete and 0 interrupted iterations
default   [  85% ] 250/250 VUs  3m24.9s/4m00.0s

running (3m25.9s), 250/250 VUs, 200648 complete and 0 interrupted iterations
default   [  86% ] 250/250 VUs  3m25.9s/4m00.0s

running (3m26.9s), 250/250 VUs, 201648 complete and 0 interrupted iterations
default   [  86% ] 250/250 VUs  3m26.9s/4m00.0s

running (3m27.9s), 250/250 VUs, 202603 complete and 0 interrupted iterations
default   [  87% ] 250/250 VUs  3m27.9s/4m00.0s

running (3m28.9s), 250/250 VUs, 203598 complete and 0 interrupted iterations
default   [  87% ] 250/250 VUs  3m28.9s/4m00.0s

running (3m29.9s), 250/250 VUs, 204598 complete and 0 interrupted iterations
default   [  87% ] 250/250 VUs  3m29.9s/4m00.0s

running (3m30.9s), 245/250 VUs, 205583 complete and 0 interrupted iterations
default   [  88% ] 245/250 VUs  3m30.9s/4m00.0s

running (3m31.9s), 235/250 VUs, 206576 complete and 0 interrupted iterations
default   [  88% ] 235/250 VUs  3m31.9s/4m00.0s

running (3m32.9s), 227/250 VUs, 207548 complete and 0 interrupted iterations
default   [  89% ] 227/250 VUs  3m32.9s/4m00.0s

running (3m33.9s), 219/250 VUs, 208548 complete and 0 interrupted iterations
default   [  89% ] 219/250 VUs  3m33.9s/4m00.0s

running (3m34.9s), 212/250 VUs, 209548 complete and 0 interrupted iterations
default   [  90% ] 212/250 VUs  3m34.9s/4m00.0s

running (3m35.9s), 202/250 VUs, 210542 complete and 0 interrupted iterations
default   [  90% ] 202/250 VUs  3m35.9s/4m00.0s

running (3m36.9s), 195/250 VUs, 211498 complete and 0 interrupted iterations
default   [  90% ] 195/250 VUs  3m36.9s/4m00.0s

running (3m37.9s), 186/250 VUs, 212498 complete and 0 interrupted iterations
default   [  91% ] 186/250 VUs  3m37.9s/4m00.0s

running (3m38.9s), 178/250 VUs, 213498 complete and 0 interrupted iterations
default   [  91% ] 178/250 VUs  3m38.9s/4m00.0s

running (3m39.9s), 168/250 VUs, 214492 complete and 0 interrupted iterations
default   [  92% ] 168/250 VUs  3m39.9s/4m00.0s

running (3m40.9s), 161/250 VUs, 215448 complete and 0 interrupted iterations
default   [  92% ] 161/250 VUs  3m40.9s/4m00.0s

running (3m41.9s), 152/250 VUs, 216448 complete and 0 interrupted iterations
default   [  92% ] 152/250 VUs  3m41.9s/4m00.0s

running (3m42.9s), 144/250 VUs, 217448 complete and 0 interrupted iterations
default   [  93% ] 144/250 VUs  3m42.9s/4m00.0s

running (3m43.9s), 136/250 VUs, 218448 complete and 0 interrupted iterations
default   [  93% ] 136/250 VUs  3m43.9s/4m00.0s

running (3m44.9s), 127/250 VUs, 219413 complete and 0 interrupted iterations
default   [  94% ] 127/250 VUs  3m44.9s/4m00.0s

running (3m45.9s), 119/250 VUs, 220398 complete and 0 interrupted iterations
default   [  94% ] 119/250 VUs  3m45.9s/4m00.0s

running (3m46.9s), 111/250 VUs, 221398 complete and 0 interrupted iterations
default   [  95% ] 111/250 VUs  3m46.9s/4m00.0s

running (3m47.9s), 102/250 VUs, 222398 complete and 0 interrupted iterations
default   [  95% ] 102/250 VUs  3m47.9s/4m00.0s

running (3m48.9s), 094/250 VUs, 223398 complete and 0 interrupted iterations
default   [  95% ] 094/250 VUs  3m48.9s/4m00.0s

running (3m49.9s), 085/250 VUs, 224352 complete and 0 interrupted iterations
default   [  96% ] 085/250 VUs  3m49.9s/4m00.0s

running (3m50.9s), 077/250 VUs, 225348 complete and 0 interrupted iterations
default   [  96% ] 077/250 VUs  3m50.9s/4m00.0s

running (3m51.9s), 068/250 VUs, 226348 complete and 0 interrupted iterations
default   [  97% ] 068/250 VUs  3m51.9s/4m00.0s

running (3m52.9s), 060/250 VUs, 227343 complete and 0 interrupted iterations
default   [  97% ] 060/250 VUs  3m52.9s/4m00.0s

running (3m53.9s), 052/250 VUs, 228324 complete and 0 interrupted iterations
default   [  97% ] 052/250 VUs  3m53.9s/4m00.0s

running (3m54.9s), 043/250 VUs, 229251 complete and 0 interrupted iterations
default   [  98% ] 043/250 VUs  3m54.9s/4m00.0s

running (3m55.9s), 035/250 VUs, 230038 complete and 0 interrupted iterations
default   [  98% ] 035/250 VUs  3m55.9s/4m00.0s

running (3m56.9s), 027/250 VUs, 230629 complete and 0 interrupted iterations
default   [  99% ] 027/250 VUs  3m56.9s/4m00.0s

running (3m57.9s), 018/250 VUs, 231085 complete and 0 interrupted iterations
default   [  99% ] 018/250 VUs  3m57.9s/4m00.0s

running (3m58.9s), 010/250 VUs, 231360 complete and 0 interrupted iterations
default   [ 100% ] 010/250 VUs  3m58.9s/4m00.0s

running (3m59.9s), 002/250 VUs, 231484 complete and 0 interrupted iterations
default   [ 100% ] 002/250 VUs  3m59.9s/4m00.0s


  █ THRESHOLDS 

    checks
    ✓ 'rate>0.95' rate=100.00%

    http_req_duration
    ✓ 'p(95)<5000' p(95)=405.57ms
    ✓ 'p(99)<10000' p(99)=558.79ms

    http_req_failed
    ✓ 'rate<0.05' rate=0.00%


  █ TOTAL RESULTS 

    checks_total.......: 925952  3857.994727/s
    checks_succeeded...: 100.00% 925952 out of 925952
    checks_failed......: 0.00%   0 out of 925952

    ✓ status is 200
    ✓ content-type is json
    ✓ workloadType is IO-BOUND
    ✓ executionTimeMs exists

    CUSTOM
    response_time_ms...............: min=50.543768 avg=226.776823 med=252.058792 max=1629.997872 p(90)=403.903953 p(95)=405.572882 p(99)=558.793688
    successful_requests............: 231488 964.498682/s

    HTTP
    http_req_duration..............: min=50.54ms   avg=226.77ms   med=252.05ms   max=1.62s       p(90)=403.9ms    p(95)=405.57ms   p(99)=558.79ms  
      { expected_response:true }...: min=50.54ms   avg=226.77ms   med=252.05ms   max=1.62s       p(90)=403.9ms    p(95)=405.57ms   p(99)=558.79ms  
    http_req_failed................: 0.00%  0 out of 231488
    http_reqs......................: 231488 964.498682/s

    EXECUTION
    iteration_duration.............: min=50.67ms   avg=226.93ms   med=252.2ms    max=1.63s       p(90)=404.05ms   p(95)=405.72ms   p(99)=558.95ms  
    iterations.....................: 231488 964.498682/s
    vus............................: 2      min=2           max=250
    vus_max........................: 250    min=250         max=250

    NETWORK
    data_received..................: 64 MB  268 kB/s
    data_sent......................: 18 MB  76 kB/s




running (4m00.0s), 000/250 VUs, 231488 complete and 0 interrupted iterations
default ✓ [ 100% ] 000/250 VUs  4m0s
