
         /\      Grafana   /‾‾/  
    /\  /  \     |\  __   /  /   
   /  \/    \    | |/ /  /   ‾‾\ 
  /          \   |   (  |  (‾)  |
 / __________ \  |_|\_\  \_____/ 


     execution: local
        script: cpu-bound-test.js
        output: -

     scenarios: (100.00%) 1 scenario, 75 max VUs, 4m30s max duration (incl. graceful stop):
              * default: Up to 75 looping VUs for 4m0s over 3 stages (gracefulRampDown: 30s, gracefulStop: 30s)


running (0m01.0s), 03/75 VUs, 27 complete and 0 interrupted iterations
default   [   0% ] 03/75 VUs  0m01.0s/4m00.0s

running (0m02.0s), 05/75 VUs, 68 complete and 0 interrupted iterations
default   [   1% ] 05/75 VUs  0m02.0s/4m00.0s

running (0m03.0s), 08/75 VUs, 108 complete and 0 interrupted iterations
default   [   1% ] 08/75 VUs  0m03.0s/4m00.0s

running (0m04.0s), 10/75 VUs, 150 complete and 0 interrupted iterations
default   [   2% ] 10/75 VUs  0m04.0s/4m00.0s

running (0m05.0s), 13/75 VUs, 190 complete and 0 interrupted iterations
default   [   2% ] 13/75 VUs  0m05.0s/4m00.0s

running (0m06.0s), 15/75 VUs, 227 complete and 0 interrupted iterations
default   [   2% ] 15/75 VUs  0m06.0s/4m00.0s

running (0m07.0s), 18/75 VUs, 271 complete and 0 interrupted iterations
default   [   3% ] 18/75 VUs  0m07.0s/4m00.0s

running (0m08.0s), 20/75 VUs, 311 complete and 0 interrupted iterations
default   [   3% ] 20/75 VUs  0m08.0s/4m00.0s

running (0m09.0s), 23/75 VUs, 349 complete and 0 interrupted iterations
default   [   4% ] 23/75 VUs  0m09.0s/4m00.0s

running (0m10.0s), 25/75 VUs, 389 complete and 0 interrupted iterations
default   [   4% ] 25/75 VUs  0m10.0s/4m00.0s

running (0m11.0s), 28/75 VUs, 430 complete and 0 interrupted iterations
default   [   5% ] 28/75 VUs  0m11.0s/4m00.0s

running (0m12.0s), 30/75 VUs, 468 complete and 0 interrupted iterations
default   [   5% ] 30/75 VUs  0m12.0s/4m00.0s

running (0m13.0s), 32/75 VUs, 508 complete and 0 interrupted iterations
default   [   5% ] 32/75 VUs  0m13.0s/4m00.0s

running (0m14.0s), 35/75 VUs, 551 complete and 0 interrupted iterations
default   [   6% ] 35/75 VUs  0m14.0s/4m00.0s

running (0m15.0s), 37/75 VUs, 589 complete and 0 interrupted iterations
default   [   6% ] 37/75 VUs  0m15.0s/4m00.0s

running (0m16.0s), 40/75 VUs, 629 complete and 0 interrupted iterations
default   [   7% ] 40/75 VUs  0m16.0s/4m00.0s

running (0m17.0s), 42/75 VUs, 669 complete and 0 interrupted iterations
default   [   7% ] 42/75 VUs  0m17.0s/4m00.0s

running (0m18.0s), 45/75 VUs, 707 complete and 0 interrupted iterations
default   [   7% ] 45/75 VUs  0m18.0s/4m00.0s

running (0m19.0s), 47/75 VUs, 749 complete and 0 interrupted iterations
default   [   8% ] 47/75 VUs  0m19.0s/4m00.0s

running (0m20.0s), 50/75 VUs, 787 complete and 0 interrupted iterations
default   [   8% ] 50/75 VUs  0m20.0s/4m00.0s

running (0m21.0s), 52/75 VUs, 830 complete and 0 interrupted iterations
default   [   9% ] 52/75 VUs  0m21.0s/4m00.0s

running (0m22.0s), 55/75 VUs, 869 complete and 0 interrupted iterations
default   [   9% ] 55/75 VUs  0m22.0s/4m00.0s

running (0m23.0s), 57/75 VUs, 907 complete and 0 interrupted iterations
default   [  10% ] 57/75 VUs  0m23.0s/4m00.0s

running (0m24.0s), 60/75 VUs, 953 complete and 0 interrupted iterations
default   [  10% ] 60/75 VUs  0m24.0s/4m00.0s

running (0m25.0s), 62/75 VUs, 986 complete and 0 interrupted iterations
default   [  10% ] 62/75 VUs  0m25.0s/4m00.0s

running (0m26.0s), 65/75 VUs, 1032 complete and 0 interrupted iterations
default   [  11% ] 65/75 VUs  0m26.0s/4m00.0s

running (0m27.0s), 67/75 VUs, 1068 complete and 0 interrupted iterations
default   [  11% ] 67/75 VUs  0m27.0s/4m00.0s

running (0m28.0s), 69/75 VUs, 1109 complete and 0 interrupted iterations
default   [  12% ] 69/75 VUs  0m28.0s/4m00.0s

running (0m29.0s), 72/75 VUs, 1148 complete and 0 interrupted iterations
default   [  12% ] 72/75 VUs  0m29.0s/4m00.0s

running (0m30.0s), 74/75 VUs, 1191 complete and 0 interrupted iterations
default   [  12% ] 74/75 VUs  0m30.0s/4m00.0s

running (0m31.0s), 75/75 VUs, 1231 complete and 0 interrupted iterations
default   [  13% ] 75/75 VUs  0m31.0s/4m00.0s

running (0m32.0s), 75/75 VUs, 1279 complete and 0 interrupted iterations
default   [  13% ] 75/75 VUs  0m32.0s/4m00.0s

running (0m33.0s), 75/75 VUs, 1313 complete and 0 interrupted iterations
default   [  14% ] 75/75 VUs  0m33.0s/4m00.0s

running (0m34.0s), 75/75 VUs, 1350 complete and 0 interrupted iterations
default   [  14% ] 75/75 VUs  0m34.0s/4m00.0s

running (0m35.0s), 75/75 VUs, 1396 complete and 0 interrupted iterations
default   [  15% ] 75/75 VUs  0m35.0s/4m00.0s

running (0m36.0s), 75/75 VUs, 1434 complete and 0 interrupted iterations
default   [  15% ] 75/75 VUs  0m36.0s/4m00.0s

running (0m37.0s), 75/75 VUs, 1475 complete and 0 interrupted iterations
default   [  15% ] 75/75 VUs  0m37.0s/4m00.0s

running (0m38.0s), 75/75 VUs, 1517 complete and 0 interrupted iterations
default   [  16% ] 75/75 VUs  0m38.0s/4m00.0s

running (0m39.0s), 75/75 VUs, 1555 complete and 0 interrupted iterations
default   [  16% ] 75/75 VUs  0m39.0s/4m00.0s

running (0m40.0s), 75/75 VUs, 1597 complete and 0 interrupted iterations
default   [  17% ] 75/75 VUs  0m40.0s/4m00.0s

running (0m41.0s), 75/75 VUs, 1644 complete and 0 interrupted iterations
default   [  17% ] 75/75 VUs  0m41.0s/4m00.0s

running (0m42.0s), 75/75 VUs, 1677 complete and 0 interrupted iterations
default   [  17% ] 75/75 VUs  0m42.0s/4m00.0s

running (0m43.0s), 75/75 VUs, 1724 complete and 0 interrupted iterations
default   [  18% ] 75/75 VUs  0m43.0s/4m00.0s

running (0m44.0s), 75/75 VUs, 1763 complete and 0 interrupted iterations
default   [  18% ] 75/75 VUs  0m44.0s/4m00.0s

running (0m45.0s), 75/75 VUs, 1804 complete and 0 interrupted iterations
default   [  19% ] 75/75 VUs  0m45.0s/4m00.0s

running (0m46.0s), 75/75 VUs, 1848 complete and 0 interrupted iterations
default   [  19% ] 75/75 VUs  0m46.0s/4m00.0s

running (0m47.0s), 75/75 VUs, 1891 complete and 0 interrupted iterations
default   [  20% ] 75/75 VUs  0m47.0s/4m00.0s

running (0m48.0s), 75/75 VUs, 1924 complete and 0 interrupted iterations
default   [  20% ] 75/75 VUs  0m48.0s/4m00.0s

running (0m49.0s), 75/75 VUs, 1967 complete and 0 interrupted iterations
default   [  20% ] 75/75 VUs  0m49.0s/4m00.0s

running (0m50.0s), 75/75 VUs, 2006 complete and 0 interrupted iterations
default   [  21% ] 75/75 VUs  0m50.0s/4m00.0s

running (0m51.0s), 75/75 VUs, 2054 complete and 0 interrupted iterations
default   [  21% ] 75/75 VUs  0m51.0s/4m00.0s

running (0m52.0s), 75/75 VUs, 2088 complete and 0 interrupted iterations
default   [  22% ] 75/75 VUs  0m52.0s/4m00.0s

running (0m53.0s), 75/75 VUs, 2134 complete and 0 interrupted iterations
default   [  22% ] 75/75 VUs  0m53.0s/4m00.0s

running (0m54.0s), 75/75 VUs, 2173 complete and 0 interrupted iterations
default   [  22% ] 75/75 VUs  0m54.0s/4m00.0s

running (0m55.0s), 75/75 VUs, 2214 complete and 0 interrupted iterations
default   [  23% ] 75/75 VUs  0m55.0s/4m00.0s

running (0m56.0s), 75/75 VUs, 2252 complete and 0 interrupted iterations
default   [  23% ] 75/75 VUs  0m56.0s/4m00.0s

running (0m57.0s), 75/75 VUs, 2297 complete and 0 interrupted iterations
default   [  24% ] 75/75 VUs  0m57.0s/4m00.0s

running (0m58.0s), 75/75 VUs, 2337 complete and 0 interrupted iterations
default   [  24% ] 75/75 VUs  0m58.0s/4m00.0s

running (0m59.0s), 75/75 VUs, 2383 complete and 0 interrupted iterations
default   [  25% ] 75/75 VUs  0m59.0s/4m00.0s

running (1m00.0s), 75/75 VUs, 2422 complete and 0 interrupted iterations
default   [  25% ] 75/75 VUs  1m00.0s/4m00.0s

running (1m01.0s), 75/75 VUs, 2455 complete and 0 interrupted iterations
default   [  25% ] 75/75 VUs  1m01.0s/4m00.0s

running (1m02.0s), 75/75 VUs, 2497 complete and 0 interrupted iterations
default   [  26% ] 75/75 VUs  1m02.0s/4m00.0s

running (1m03.0s), 75/75 VUs, 2539 complete and 0 interrupted iterations
default   [  26% ] 75/75 VUs  1m03.0s/4m00.0s

running (1m04.0s), 75/75 VUs, 2578 complete and 0 interrupted iterations
default   [  27% ] 75/75 VUs  1m04.0s/4m00.0s

running (1m05.0s), 75/75 VUs, 2619 complete and 0 interrupted iterations
default   [  27% ] 75/75 VUs  1m05.0s/4m00.0s

running (1m06.0s), 75/75 VUs, 2663 complete and 0 interrupted iterations
default   [  27% ] 75/75 VUs  1m06.0s/4m00.0s

running (1m07.0s), 75/75 VUs, 2703 complete and 0 interrupted iterations
default   [  28% ] 75/75 VUs  1m07.0s/4m00.0s

running (1m08.0s), 75/75 VUs, 2744 complete and 0 interrupted iterations
default   [  28% ] 75/75 VUs  1m08.0s/4m00.0s

running (1m09.0s), 75/75 VUs, 2788 complete and 0 interrupted iterations
default   [  29% ] 75/75 VUs  1m09.0s/4m00.0s

running (1m10.0s), 75/75 VUs, 2829 complete and 0 interrupted iterations
default   [  29% ] 75/75 VUs  1m10.0s/4m00.0s

running (1m11.0s), 75/75 VUs, 2870 complete and 0 interrupted iterations
default   [  30% ] 75/75 VUs  1m11.0s/4m00.0s

running (1m12.0s), 75/75 VUs, 2907 complete and 0 interrupted iterations
default   [  30% ] 75/75 VUs  1m12.0s/4m00.0s

running (1m13.0s), 75/75 VUs, 2954 complete and 0 interrupted iterations
default   [  30% ] 75/75 VUs  1m13.0s/4m00.0s

running (1m14.0s), 75/75 VUs, 2988 complete and 0 interrupted iterations
default   [  31% ] 75/75 VUs  1m14.0s/4m00.0s

running (1m15.0s), 75/75 VUs, 3035 complete and 0 interrupted iterations
default   [  31% ] 75/75 VUs  1m15.0s/4m00.0s

running (1m16.0s), 75/75 VUs, 3071 complete and 0 interrupted iterations
default   [  32% ] 75/75 VUs  1m16.0s/4m00.0s

running (1m17.0s), 75/75 VUs, 3117 complete and 0 interrupted iterations
default   [  32% ] 75/75 VUs  1m17.0s/4m00.0s

running (1m18.0s), 75/75 VUs, 3158 complete and 0 interrupted iterations
default   [  32% ] 75/75 VUs  1m18.0s/4m00.0s

running (1m19.0s), 75/75 VUs, 3201 complete and 0 interrupted iterations
default   [  33% ] 75/75 VUs  1m19.0s/4m00.0s

running (1m20.0s), 75/75 VUs, 3236 complete and 0 interrupted iterations
default   [  33% ] 75/75 VUs  1m20.0s/4m00.0s

running (1m21.0s), 75/75 VUs, 3281 complete and 0 interrupted iterations
default   [  34% ] 75/75 VUs  1m21.0s/4m00.0s

running (1m22.0s), 75/75 VUs, 3325 complete and 0 interrupted iterations
default   [  34% ] 75/75 VUs  1m22.0s/4m00.0s

running (1m23.0s), 75/75 VUs, 3358 complete and 0 interrupted iterations
default   [  35% ] 75/75 VUs  1m23.0s/4m00.0s

running (1m24.0s), 75/75 VUs, 3402 complete and 0 interrupted iterations
default   [  35% ] 75/75 VUs  1m24.0s/4m00.0s

running (1m25.0s), 75/75 VUs, 3446 complete and 0 interrupted iterations
default   [  35% ] 75/75 VUs  1m25.0s/4m00.0s

running (1m26.0s), 75/75 VUs, 3482 complete and 0 interrupted iterations
default   [  36% ] 75/75 VUs  1m26.0s/4m00.0s

running (1m27.0s), 75/75 VUs, 3528 complete and 0 interrupted iterations
default   [  36% ] 75/75 VUs  1m27.0s/4m00.0s

running (1m28.0s), 75/75 VUs, 3565 complete and 0 interrupted iterations
default   [  37% ] 75/75 VUs  1m28.0s/4m00.0s

running (1m29.0s), 75/75 VUs, 3607 complete and 0 interrupted iterations
default   [  37% ] 75/75 VUs  1m29.0s/4m00.0s

running (1m30.0s), 75/75 VUs, 3648 complete and 0 interrupted iterations
default   [  37% ] 75/75 VUs  1m30.0s/4m00.0s

running (1m31.0s), 75/75 VUs, 3687 complete and 0 interrupted iterations
default   [  38% ] 75/75 VUs  1m31.0s/4m00.0s

running (1m32.0s), 75/75 VUs, 3731 complete and 0 interrupted iterations
default   [  38% ] 75/75 VUs  1m32.0s/4m00.0s

running (1m33.0s), 75/75 VUs, 3767 complete and 0 interrupted iterations
default   [  39% ] 75/75 VUs  1m33.0s/4m00.0s

running (1m34.0s), 75/75 VUs, 3811 complete and 0 interrupted iterations
default   [  39% ] 75/75 VUs  1m34.0s/4m00.0s

running (1m35.0s), 75/75 VUs, 3850 complete and 0 interrupted iterations
default   [  40% ] 75/75 VUs  1m35.0s/4m00.0s

running (1m36.0s), 75/75 VUs, 3892 complete and 0 interrupted iterations
default   [  40% ] 75/75 VUs  1m36.0s/4m00.0s

running (1m37.0s), 75/75 VUs, 3935 complete and 0 interrupted iterations
default   [  40% ] 75/75 VUs  1m37.0s/4m00.0s

running (1m38.0s), 75/75 VUs, 3976 complete and 0 interrupted iterations
default   [  41% ] 75/75 VUs  1m38.0s/4m00.0s

running (1m39.0s), 75/75 VUs, 4016 complete and 0 interrupted iterations
default   [  41% ] 75/75 VUs  1m39.0s/4m00.0s

running (1m40.0s), 75/75 VUs, 4062 complete and 0 interrupted iterations
default   [  42% ] 75/75 VUs  1m40.0s/4m00.0s

running (1m41.0s), 75/75 VUs, 4096 complete and 0 interrupted iterations
default   [  42% ] 75/75 VUs  1m41.0s/4m00.0s

running (1m42.0s), 75/75 VUs, 4137 complete and 0 interrupted iterations
default   [  42% ] 75/75 VUs  1m42.0s/4m00.0s

running (1m43.0s), 75/75 VUs, 4181 complete and 0 interrupted iterations
default   [  43% ] 75/75 VUs  1m43.0s/4m00.0s

running (1m44.0s), 75/75 VUs, 4221 complete and 0 interrupted iterations
default   [  43% ] 75/75 VUs  1m44.0s/4m00.0s

running (1m45.0s), 75/75 VUs, 4265 complete and 0 interrupted iterations
default   [  44% ] 75/75 VUs  1m45.0s/4m00.0s

running (1m46.0s), 75/75 VUs, 4303 complete and 0 interrupted iterations
default   [  44% ] 75/75 VUs  1m46.0s/4m00.0s

running (1m47.0s), 75/75 VUs, 4345 complete and 0 interrupted iterations
default   [  45% ] 75/75 VUs  1m47.0s/4m00.0s

running (1m48.0s), 75/75 VUs, 4389 complete and 0 interrupted iterations
default   [  45% ] 75/75 VUs  1m48.0s/4m00.0s

running (1m49.0s), 75/75 VUs, 4426 complete and 0 interrupted iterations
default   [  45% ] 75/75 VUs  1m49.0s/4m00.0s

running (1m50.0s), 75/75 VUs, 4468 complete and 0 interrupted iterations
default   [  46% ] 75/75 VUs  1m50.0s/4m00.0s

running (1m51.0s), 75/75 VUs, 4505 complete and 0 interrupted iterations
default   [  46% ] 75/75 VUs  1m51.0s/4m00.0s

running (1m52.0s), 75/75 VUs, 4550 complete and 0 interrupted iterations
default   [  47% ] 75/75 VUs  1m52.0s/4m00.0s

running (1m53.0s), 75/75 VUs, 4587 complete and 0 interrupted iterations
default   [  47% ] 75/75 VUs  1m53.0s/4m00.0s

running (1m54.0s), 75/75 VUs, 4632 complete and 0 interrupted iterations
default   [  47% ] 75/75 VUs  1m54.0s/4m00.0s

running (1m55.0s), 75/75 VUs, 4674 complete and 0 interrupted iterations
default   [  48% ] 75/75 VUs  1m55.0s/4m00.0s

running (1m56.0s), 75/75 VUs, 4709 complete and 0 interrupted iterations
default   [  48% ] 75/75 VUs  1m56.0s/4m00.0s

running (1m57.0s), 75/75 VUs, 4757 complete and 0 interrupted iterations
default   [  49% ] 75/75 VUs  1m57.0s/4m00.0s

running (1m58.0s), 75/75 VUs, 4795 complete and 0 interrupted iterations
default   [  49% ] 75/75 VUs  1m58.0s/4m00.0s

running (1m59.0s), 75/75 VUs, 4842 complete and 0 interrupted iterations
default   [  50% ] 75/75 VUs  1m59.0s/4m00.0s

running (2m00.0s), 75/75 VUs, 4877 complete and 0 interrupted iterations
default   [  50% ] 75/75 VUs  2m00.0s/4m00.0s

running (2m01.0s), 75/75 VUs, 4920 complete and 0 interrupted iterations
default   [  50% ] 75/75 VUs  2m01.0s/4m00.0s

running (2m02.0s), 75/75 VUs, 4960 complete and 0 interrupted iterations
default   [  51% ] 75/75 VUs  2m02.0s/4m00.0s

running (2m03.0s), 75/75 VUs, 4995 complete and 0 interrupted iterations
default   [  51% ] 75/75 VUs  2m03.0s/4m00.0s

running (2m04.0s), 75/75 VUs, 5041 complete and 0 interrupted iterations
default   [  52% ] 75/75 VUs  2m04.0s/4m00.0s

running (2m05.0s), 75/75 VUs, 5089 complete and 0 interrupted iterations
default   [  52% ] 75/75 VUs  2m05.0s/4m00.0s

running (2m06.0s), 75/75 VUs, 5122 complete and 0 interrupted iterations
default   [  52% ] 75/75 VUs  2m06.0s/4m00.0s

running (2m07.0s), 75/75 VUs, 5167 complete and 0 interrupted iterations
default   [  53% ] 75/75 VUs  2m07.0s/4m00.0s

running (2m08.0s), 75/75 VUs, 5204 complete and 0 interrupted iterations
default   [  53% ] 75/75 VUs  2m08.0s/4m00.0s

running (2m09.0s), 75/75 VUs, 5243 complete and 0 interrupted iterations
default   [  54% ] 75/75 VUs  2m09.0s/4m00.0s

running (2m10.0s), 75/75 VUs, 5289 complete and 0 interrupted iterations
default   [  54% ] 75/75 VUs  2m10.0s/4m00.0s

running (2m11.0s), 75/75 VUs, 5328 complete and 0 interrupted iterations
default   [  55% ] 75/75 VUs  2m11.0s/4m00.0s

running (2m12.0s), 75/75 VUs, 5367 complete and 0 interrupted iterations
default   [  55% ] 75/75 VUs  2m12.0s/4m00.0s

running (2m13.0s), 75/75 VUs, 5409 complete and 0 interrupted iterations
default   [  55% ] 75/75 VUs  2m13.0s/4m00.0s

running (2m14.0s), 75/75 VUs, 5454 complete and 0 interrupted iterations
default   [  56% ] 75/75 VUs  2m14.0s/4m00.0s

running (2m15.0s), 75/75 VUs, 5495 complete and 0 interrupted iterations
default   [  56% ] 75/75 VUs  2m15.0s/4m00.0s

running (2m16.0s), 75/75 VUs, 5535 complete and 0 interrupted iterations
default   [  57% ] 75/75 VUs  2m16.0s/4m00.0s

running (2m17.0s), 75/75 VUs, 5577 complete and 0 interrupted iterations
default   [  57% ] 75/75 VUs  2m17.0s/4m00.0s

running (2m18.0s), 75/75 VUs, 5617 complete and 0 interrupted iterations
default   [  57% ] 75/75 VUs  2m18.0s/4m00.0s

running (2m19.0s), 75/75 VUs, 5660 complete and 0 interrupted iterations
default   [  58% ] 75/75 VUs  2m19.0s/4m00.0s

running (2m20.0s), 75/75 VUs, 5697 complete and 0 interrupted iterations
default   [  58% ] 75/75 VUs  2m20.0s/4m00.0s

running (2m21.0s), 75/75 VUs, 5735 complete and 0 interrupted iterations
default   [  59% ] 75/75 VUs  2m21.0s/4m00.0s

running (2m22.0s), 75/75 VUs, 5784 complete and 0 interrupted iterations
default   [  59% ] 75/75 VUs  2m22.0s/4m00.0s

running (2m23.0s), 75/75 VUs, 5818 complete and 0 interrupted iterations
default   [  60% ] 75/75 VUs  2m23.0s/4m00.0s

running (2m24.0s), 75/75 VUs, 5862 complete and 0 interrupted iterations
default   [  60% ] 75/75 VUs  2m24.0s/4m00.0s

running (2m25.0s), 75/75 VUs, 5901 complete and 0 interrupted iterations
default   [  60% ] 75/75 VUs  2m25.0s/4m00.0s

running (2m26.0s), 75/75 VUs, 5942 complete and 0 interrupted iterations
default   [  61% ] 75/75 VUs  2m26.0s/4m00.0s

running (2m27.0s), 75/75 VUs, 5984 complete and 0 interrupted iterations
default   [  61% ] 75/75 VUs  2m27.0s/4m00.0s

running (2m28.0s), 75/75 VUs, 6026 complete and 0 interrupted iterations
default   [  62% ] 75/75 VUs  2m28.0s/4m00.0s

running (2m29.0s), 75/75 VUs, 6066 complete and 0 interrupted iterations
default   [  62% ] 75/75 VUs  2m29.0s/4m00.0s

running (2m30.0s), 75/75 VUs, 6107 complete and 0 interrupted iterations
default   [  62% ] 75/75 VUs  2m30.0s/4m00.0s

running (2m31.0s), 75/75 VUs, 6144 complete and 0 interrupted iterations
default   [  63% ] 75/75 VUs  2m31.0s/4m00.0s

running (2m32.0s), 75/75 VUs, 6190 complete and 0 interrupted iterations
default   [  63% ] 75/75 VUs  2m32.0s/4m00.0s

running (2m33.0s), 75/75 VUs, 6233 complete and 0 interrupted iterations
default   [  64% ] 75/75 VUs  2m33.0s/4m00.0s

running (2m34.0s), 75/75 VUs, 6271 complete and 0 interrupted iterations
default   [  64% ] 75/75 VUs  2m34.0s/4m00.0s

running (2m35.0s), 75/75 VUs, 6312 complete and 0 interrupted iterations
default   [  65% ] 75/75 VUs  2m35.0s/4m00.0s

running (2m36.0s), 75/75 VUs, 6353 complete and 0 interrupted iterations
default   [  65% ] 75/75 VUs  2m36.0s/4m00.0s

running (2m37.0s), 75/75 VUs, 6393 complete and 0 interrupted iterations
default   [  65% ] 75/75 VUs  2m37.0s/4m00.0s

running (2m38.0s), 75/75 VUs, 6436 complete and 0 interrupted iterations
default   [  66% ] 75/75 VUs  2m38.0s/4m00.0s

running (2m39.0s), 75/75 VUs, 6474 complete and 0 interrupted iterations
default   [  66% ] 75/75 VUs  2m39.0s/4m00.0s

running (2m40.0s), 75/75 VUs, 6517 complete and 0 interrupted iterations
default   [  67% ] 75/75 VUs  2m40.0s/4m00.0s

running (2m41.0s), 75/75 VUs, 6556 complete and 0 interrupted iterations
default   [  67% ] 75/75 VUs  2m41.0s/4m00.0s

running (2m42.0s), 75/75 VUs, 6598 complete and 0 interrupted iterations
default   [  67% ] 75/75 VUs  2m42.0s/4m00.0s

running (2m43.0s), 75/75 VUs, 6640 complete and 0 interrupted iterations
default   [  68% ] 75/75 VUs  2m43.0s/4m00.0s

running (2m44.0s), 75/75 VUs, 6684 complete and 0 interrupted iterations
default   [  68% ] 75/75 VUs  2m44.0s/4m00.0s

running (2m45.0s), 75/75 VUs, 6721 complete and 0 interrupted iterations
default   [  69% ] 75/75 VUs  2m45.0s/4m00.0s

running (2m46.0s), 75/75 VUs, 6764 complete and 0 interrupted iterations
default   [  69% ] 75/75 VUs  2m46.0s/4m00.0s

running (2m47.0s), 75/75 VUs, 6802 complete and 0 interrupted iterations
default   [  70% ] 75/75 VUs  2m47.0s/4m00.0s

running (2m48.0s), 75/75 VUs, 6850 complete and 0 interrupted iterations
default   [  70% ] 75/75 VUs  2m48.0s/4m00.0s

running (2m49.0s), 75/75 VUs, 6885 complete and 0 interrupted iterations
default   [  70% ] 75/75 VUs  2m49.0s/4m00.0s

running (2m50.0s), 75/75 VUs, 6925 complete and 0 interrupted iterations
default   [  71% ] 75/75 VUs  2m50.0s/4m00.0s

running (2m51.0s), 75/75 VUs, 6969 complete and 0 interrupted iterations
default   [  71% ] 75/75 VUs  2m51.0s/4m00.0s

running (2m52.0s), 75/75 VUs, 7007 complete and 0 interrupted iterations
default   [  72% ] 75/75 VUs  2m52.0s/4m00.0s

running (2m53.0s), 75/75 VUs, 7054 complete and 0 interrupted iterations
default   [  72% ] 75/75 VUs  2m53.0s/4m00.0s

running (2m54.0s), 75/75 VUs, 7090 complete and 0 interrupted iterations
default   [  72% ] 75/75 VUs  2m54.0s/4m00.0s

running (2m55.0s), 75/75 VUs, 7131 complete and 0 interrupted iterations
default   [  73% ] 75/75 VUs  2m55.0s/4m00.0s

running (2m56.0s), 75/75 VUs, 7177 complete and 0 interrupted iterations
default   [  73% ] 75/75 VUs  2m56.0s/4m00.0s

running (2m57.0s), 75/75 VUs, 7213 complete and 0 interrupted iterations
default   [  74% ] 75/75 VUs  2m57.0s/4m00.0s

running (2m58.0s), 75/75 VUs, 7258 complete and 0 interrupted iterations
default   [  74% ] 75/75 VUs  2m58.0s/4m00.0s

running (2m59.0s), 75/75 VUs, 7294 complete and 0 interrupted iterations
default   [  75% ] 75/75 VUs  2m59.0s/4m00.0s

running (3m00.0s), 75/75 VUs, 7335 complete and 0 interrupted iterations
default   [  75% ] 75/75 VUs  3m00.0s/4m00.0s

running (3m01.0s), 75/75 VUs, 7375 complete and 0 interrupted iterations
default   [  75% ] 75/75 VUs  3m01.0s/4m00.0s

running (3m02.0s), 75/75 VUs, 7418 complete and 0 interrupted iterations
default   [  76% ] 75/75 VUs  3m02.0s/4m00.0s

running (3m03.0s), 75/75 VUs, 7463 complete and 0 interrupted iterations
default   [  76% ] 75/75 VUs  3m03.0s/4m00.0s

running (3m04.0s), 75/75 VUs, 7501 complete and 0 interrupted iterations
default   [  77% ] 75/75 VUs  3m04.0s/4m00.0s

running (3m05.0s), 75/75 VUs, 7547 complete and 0 interrupted iterations
default   [  77% ] 75/75 VUs  3m05.0s/4m00.0s

running (3m06.0s), 75/75 VUs, 7580 complete and 0 interrupted iterations
default   [  77% ] 75/75 VUs  3m06.0s/4m00.0s

running (3m07.0s), 75/75 VUs, 7621 complete and 0 interrupted iterations
default   [  78% ] 75/75 VUs  3m07.0s/4m00.0s

running (3m08.0s), 75/75 VUs, 7665 complete and 0 interrupted iterations
default   [  78% ] 75/75 VUs  3m08.0s/4m00.0s

running (3m09.0s), 75/75 VUs, 7706 complete and 0 interrupted iterations
default   [  79% ] 75/75 VUs  3m09.0s/4m00.0s

running (3m10.0s), 75/75 VUs, 7747 complete and 0 interrupted iterations
default   [  79% ] 75/75 VUs  3m10.0s/4m00.0s

running (3m11.0s), 75/75 VUs, 7790 complete and 0 interrupted iterations
default   [  80% ] 75/75 VUs  3m11.0s/4m00.0s

running (3m12.0s), 75/75 VUs, 7833 complete and 0 interrupted iterations
default   [  80% ] 75/75 VUs  3m12.0s/4m00.0s

running (3m13.0s), 75/75 VUs, 7868 complete and 0 interrupted iterations
default   [  80% ] 75/75 VUs  3m13.0s/4m00.0s

running (3m14.0s), 75/75 VUs, 7914 complete and 0 interrupted iterations
default   [  81% ] 75/75 VUs  3m14.0s/4m00.0s

running (3m15.0s), 75/75 VUs, 7953 complete and 0 interrupted iterations
default   [  81% ] 75/75 VUs  3m15.0s/4m00.0s

running (3m16.0s), 75/75 VUs, 7993 complete and 0 interrupted iterations
default   [  82% ] 75/75 VUs  3m16.0s/4m00.0s

running (3m17.0s), 75/75 VUs, 8032 complete and 0 interrupted iterations
default   [  82% ] 75/75 VUs  3m17.0s/4m00.0s

running (3m18.0s), 75/75 VUs, 8075 complete and 0 interrupted iterations
default   [  82% ] 75/75 VUs  3m18.0s/4m00.0s

running (3m19.0s), 75/75 VUs, 8120 complete and 0 interrupted iterations
default   [  83% ] 75/75 VUs  3m19.0s/4m00.0s

running (3m20.0s), 75/75 VUs, 8158 complete and 0 interrupted iterations
default   [  83% ] 75/75 VUs  3m20.0s/4m00.0s

running (3m21.0s), 75/75 VUs, 8197 complete and 0 interrupted iterations
default   [  84% ] 75/75 VUs  3m21.0s/4m00.0s

running (3m22.0s), 75/75 VUs, 8241 complete and 0 interrupted iterations
default   [  84% ] 75/75 VUs  3m22.0s/4m00.0s

running (3m23.0s), 75/75 VUs, 8283 complete and 0 interrupted iterations
default   [  85% ] 75/75 VUs  3m23.0s/4m00.0s

running (3m24.0s), 75/75 VUs, 8318 complete and 0 interrupted iterations
default   [  85% ] 75/75 VUs  3m24.0s/4m00.0s

running (3m25.0s), 75/75 VUs, 8365 complete and 0 interrupted iterations
default   [  85% ] 75/75 VUs  3m25.0s/4m00.0s

running (3m26.0s), 75/75 VUs, 8399 complete and 0 interrupted iterations
default   [  86% ] 75/75 VUs  3m26.0s/4m00.0s

running (3m27.0s), 75/75 VUs, 8445 complete and 0 interrupted iterations
default   [  86% ] 75/75 VUs  3m27.0s/4m00.0s

running (3m28.0s), 75/75 VUs, 8485 complete and 0 interrupted iterations
default   [  87% ] 75/75 VUs  3m28.0s/4m00.0s

running (3m29.0s), 75/75 VUs, 8528 complete and 0 interrupted iterations
default   [  87% ] 75/75 VUs  3m29.0s/4m00.0s

running (3m30.0s), 75/75 VUs, 8567 complete and 0 interrupted iterations
default   [  87% ] 75/75 VUs  3m30.0s/4m00.0s

running (3m31.0s), 74/75 VUs, 8609 complete and 0 interrupted iterations
default   [  88% ] 74/75 VUs  3m31.0s/4m00.0s

running (3m32.0s), 74/75 VUs, 8650 complete and 0 interrupted iterations
default   [  88% ] 74/75 VUs  3m32.0s/4m00.0s

running (3m33.0s), 72/75 VUs, 8692 complete and 0 interrupted iterations
default   [  89% ] 72/75 VUs  3m33.0s/4m00.0s

running (3m34.0s), 68/75 VUs, 8739 complete and 0 interrupted iterations
default   [  89% ] 68/75 VUs  3m34.0s/4m00.0s

running (3m35.0s), 65/75 VUs, 8776 complete and 0 interrupted iterations
default   [  90% ] 65/75 VUs  3m35.0s/4m00.0s

running (3m36.0s), 62/75 VUs, 8824 complete and 0 interrupted iterations
default   [  90% ] 62/75 VUs  3m36.0s/4m00.0s

running (3m37.0s), 61/75 VUs, 8862 complete and 0 interrupted iterations
default   [  90% ] 61/75 VUs  3m37.0s/4m00.0s

running (3m38.0s), 57/75 VUs, 8905 complete and 0 interrupted iterations
default   [  91% ] 57/75 VUs  3m38.0s/4m00.0s

running (3m39.0s), 55/75 VUs, 8945 complete and 0 interrupted iterations
default   [  91% ] 55/75 VUs  3m39.0s/4m00.0s

running (3m40.0s), 53/75 VUs, 8987 complete and 0 interrupted iterations
default   [  92% ] 53/75 VUs  3m40.0s/4m00.0s

running (3m41.0s), 49/75 VUs, 9031 complete and 0 interrupted iterations
default   [  92% ] 49/75 VUs  3m41.0s/4m00.0s

running (3m42.0s), 48/75 VUs, 9073 complete and 0 interrupted iterations
default   [  92% ] 48/75 VUs  3m42.0s/4m00.0s

running (3m43.0s), 44/75 VUs, 9120 complete and 0 interrupted iterations
default   [  93% ] 44/75 VUs  3m43.0s/4m00.0s

running (3m44.0s), 42/75 VUs, 9162 complete and 0 interrupted iterations
default   [  93% ] 42/75 VUs  3m44.0s/4m00.0s

running (3m45.0s), 40/75 VUs, 9199 complete and 0 interrupted iterations
default   [  94% ] 40/75 VUs  3m45.0s/4m00.0s

running (3m46.0s), 37/75 VUs, 9243 complete and 0 interrupted iterations
default   [  94% ] 37/75 VUs  3m46.0s/4m00.0s

running (3m47.0s), 34/75 VUs, 9286 complete and 0 interrupted iterations
default   [  95% ] 34/75 VUs  3m47.0s/4m00.0s

running (3m48.0s), 32/75 VUs, 9327 complete and 0 interrupted iterations
default   [  95% ] 32/75 VUs  3m48.0s/4m00.0s

running (3m49.0s), 30/75 VUs, 9371 complete and 0 interrupted iterations
default   [  95% ] 30/75 VUs  3m49.0s/4m00.0s

running (3m50.0s), 27/75 VUs, 9411 complete and 0 interrupted iterations
default   [  96% ] 27/75 VUs  3m50.0s/4m00.0s

running (3m51.0s), 23/75 VUs, 9456 complete and 0 interrupted iterations
default   [  96% ] 23/75 VUs  3m51.0s/4m00.0s

running (3m52.0s), 22/75 VUs, 9499 complete and 0 interrupted iterations
default   [  97% ] 22/75 VUs  3m52.0s/4m00.0s

running (3m53.0s), 18/75 VUs, 9540 complete and 0 interrupted iterations
default   [  97% ] 18/75 VUs  3m53.0s/4m00.0s

running (3m54.0s), 16/75 VUs, 9585 complete and 0 interrupted iterations
default   [  97% ] 16/75 VUs  3m54.0s/4m00.0s

running (3m55.0s), 14/75 VUs, 9624 complete and 0 interrupted iterations
default   [  98% ] 14/75 VUs  3m55.0s/4m00.0s

running (3m56.0s), 11/75 VUs, 9667 complete and 0 interrupted iterations
default   [  98% ] 11/75 VUs  3m56.0s/4m00.0s

running (3m57.0s), 08/75 VUs, 9712 complete and 0 interrupted iterations
default   [  99% ] 08/75 VUs  3m57.0s/4m00.0s

running (3m58.0s), 06/75 VUs, 9756 complete and 0 interrupted iterations
default   [  99% ] 06/75 VUs  3m58.0s/4m00.0s

running (3m59.0s), 03/75 VUs, 9797 complete and 0 interrupted iterations
default   [ 100% ] 03/75 VUs  3m59.0s/4m00.0s

running (4m00.0s), 01/75 VUs, 9831 complete and 0 interrupted iterations
default   [ 100% ] 01/75 VUs  4m00.0s/4m00.0s


  █ THRESHOLDS 

    checks
    ✓ 'rate>0.95' rate=100.00%

    http_req_duration
    ✓ 'p(95)<5000' p(95)=2.45s
    ✓ 'p(99)<10000' p(99)=2.72s

    http_req_failed
    ✓ 'rate<0.05' rate=0.00%


  █ TOTAL RESULTS 

    checks_total.......: 39332   163.879575/s
    checks_succeeded...: 100.00% 39332 out of 39332
    checks_failed......: 0.00%   0 out of 39332

    ✓ status is 200
    ✓ content-type is json
    ✓ workloadType is CPU-BOUND
    ✓ executionTimeMs exists

    CUSTOM
    response_time_ms...............: min=46.371352 avg=1607.066606 med=1710.872519 max=3284.741658 p(90)=2313.158715 p(95)=2458.929897 p(99)=2729.56653
    successful_requests............: 9833   40.969894/s

    HTTP
    http_req_duration..............: min=46.37ms   avg=1.6s        med=1.71s       max=3.28s       p(90)=2.31s       p(95)=2.45s       p(99)=2.72s     
      { expected_response:true }...: min=46.37ms   avg=1.6s        med=1.71s       max=3.28s       p(90)=2.31s       p(95)=2.45s       p(99)=2.72s     
    http_req_failed................: 0.00%  0 out of 9833
    http_reqs......................: 9833   40.969894/s

    EXECUTION
    iteration_duration.............: min=46.51ms   avg=1.6s        med=1.71s       max=3.28s       p(90)=2.31s       p(95)=2.45s       p(99)=2.72s     
    iterations.....................: 9833   40.969894/s
    vus............................: 1      min=1         max=75
    vus_max........................: 75     min=75        max=75

    NETWORK
    data_received..................: 2.8 MB 12 kB/s
    data_sent......................: 787 kB 3.3 kB/s




running (4m00.0s), 00/75 VUs, 9833 complete and 0 interrupted iterations
default ✓ [ 100% ] 00/75 VUs  4m0s
