
         /\      Grafana   /‾‾/  
    /\  /  \     |\  __   /  /   
   /  \/    \    | |/ /  /   ‾‾\ 
  /          \   |   (  |  (‾)  |
 / __________ \  |_|\_\  \_____/ 


     execution: local
        script: io-bound-test.js
        output: -

     scenarios: (100.00%) 1 scenario, 300 max VUs, 6m30s max duration (incl. graceful stop):
              * default: Up to 300 looping VUs for 6m0s over 3 stages (gracefulRampDown: 30s, gracefulStop: 30s)


running (0m00.9s), 009/300 VUs, 80 complete and 0 interrupted iterations
default   [   0% ] 009/300 VUs  0m00.9s/6m00.0s

running (0m01.9s), 019/300 VUs, 354 complete and 0 interrupted iterations
default   [   1% ] 019/300 VUs  0m01.9s/6m00.0s

running (0m02.9s), 029/300 VUs, 821 complete and 0 interrupted iterations
default   [   1% ] 029/300 VUs  0m02.9s/6m00.0s

running (0m03.9s), 039/300 VUs, 1488 complete and 0 interrupted iterations
default   [   1% ] 039/300 VUs  0m03.9s/6m00.0s

running (0m04.9s), 049/300 VUs, 2347 complete and 0 interrupted iterations
default   [   1% ] 049/300 VUs  0m04.9s/6m00.0s

running (0m05.9s), 059/300 VUs, 3328 complete and 0 interrupted iterations
default   [   2% ] 059/300 VUs  0m05.9s/6m00.0s

running (0m06.9s), 069/300 VUs, 4326 complete and 0 interrupted iterations
default   [   2% ] 069/300 VUs  0m06.9s/6m00.0s

running (0m07.9s), 079/300 VUs, 5321 complete and 0 interrupted iterations
default   [   2% ] 079/300 VUs  0m07.9s/6m00.0s

running (0m08.9s), 089/300 VUs, 6310 complete and 0 interrupted iterations
default   [   2% ] 089/300 VUs  0m08.9s/6m00.0s

running (0m09.9s), 099/300 VUs, 7298 complete and 0 interrupted iterations
default   [   3% ] 099/300 VUs  0m09.9s/6m00.0s

running (0m10.9s), 109/300 VUs, 8287 complete and 0 interrupted iterations
default   [   3% ] 109/300 VUs  0m10.9s/6m00.0s

running (0m11.9s), 119/300 VUs, 9278 complete and 0 interrupted iterations
default   [   3% ] 119/300 VUs  0m11.9s/6m00.0s

running (0m12.9s), 129/300 VUs, 10278 complete and 0 interrupted iterations
default   [   4% ] 129/300 VUs  0m12.9s/6m00.0s

running (0m13.9s), 139/300 VUs, 11273 complete and 0 interrupted iterations
default   [   4% ] 139/300 VUs  0m13.9s/6m00.0s

running (0m14.9s), 149/300 VUs, 12260 complete and 0 interrupted iterations
default   [   4% ] 149/300 VUs  0m14.9s/6m00.0s

running (0m15.9s), 159/300 VUs, 13242 complete and 0 interrupted iterations
default   [   4% ] 159/300 VUs  0m15.9s/6m00.0s

running (0m16.9s), 169/300 VUs, 14233 complete and 0 interrupted iterations
default   [   5% ] 169/300 VUs  0m16.9s/6m00.0s

running (0m17.9s), 179/300 VUs, 15228 complete and 0 interrupted iterations
default   [   5% ] 179/300 VUs  0m17.9s/6m00.0s

running (0m18.9s), 189/300 VUs, 16228 complete and 0 interrupted iterations
default   [   5% ] 189/300 VUs  0m18.9s/6m00.0s

running (0m19.9s), 199/300 VUs, 17219 complete and 0 interrupted iterations
default   [   6% ] 199/300 VUs  0m19.9s/6m00.0s

running (0m20.9s), 209/300 VUs, 18202 complete and 0 interrupted iterations
default   [   6% ] 209/300 VUs  0m20.9s/6m00.0s

running (0m21.9s), 219/300 VUs, 19190 complete and 0 interrupted iterations
default   [   6% ] 219/300 VUs  0m21.9s/6m00.0s

running (0m22.9s), 228/300 VUs, 20178 complete and 0 interrupted iterations
default   [   6% ] 228/300 VUs  0m22.9s/6m00.0s

running (0m23.9s), 238/300 VUs, 21178 complete and 0 interrupted iterations
default   [   7% ] 238/300 VUs  0m23.9s/6m00.0s

running (0m24.9s), 248/300 VUs, 22176 complete and 0 interrupted iterations
default   [   7% ] 248/300 VUs  0m24.9s/6m00.0s

running (0m25.9s), 258/300 VUs, 23155 complete and 0 interrupted iterations
default   [   7% ] 258/300 VUs  0m25.9s/6m00.0s

running (0m26.9s), 268/300 VUs, 24142 complete and 0 interrupted iterations
default   [   7% ] 268/300 VUs  0m26.9s/6m00.0s

running (0m27.9s), 278/300 VUs, 25128 complete and 0 interrupted iterations
default   [   8% ] 278/300 VUs  0m27.9s/6m00.0s

running (0m28.9s), 288/300 VUs, 26128 complete and 0 interrupted iterations
default   [   8% ] 288/300 VUs  0m28.9s/6m00.0s

running (0m29.9s), 298/300 VUs, 27128 complete and 0 interrupted iterations
default   [   8% ] 298/300 VUs  0m29.9s/6m00.0s

running (0m30.9s), 300/300 VUs, 28116 complete and 0 interrupted iterations
default   [   9% ] 300/300 VUs  0m30.9s/6m00.0s

running (0m31.9s), 300/300 VUs, 29092 complete and 0 interrupted iterations
default   [   9% ] 300/300 VUs  0m31.9s/6m00.0s

running (0m32.9s), 300/300 VUs, 30078 complete and 0 interrupted iterations
default   [   9% ] 300/300 VUs  0m32.9s/6m00.0s

running (0m33.9s), 300/300 VUs, 31078 complete and 0 interrupted iterations
default   [   9% ] 300/300 VUs  0m33.9s/6m00.0s

running (0m34.9s), 300/300 VUs, 32078 complete and 0 interrupted iterations
default   [  10% ] 300/300 VUs  0m34.9s/6m00.0s

running (0m35.9s), 300/300 VUs, 33078 complete and 0 interrupted iterations
default   [  10% ] 300/300 VUs  0m35.9s/6m00.0s

running (0m36.9s), 300/300 VUs, 34061 complete and 0 interrupted iterations
default   [  10% ] 300/300 VUs  0m36.9s/6m00.0s

running (0m37.9s), 300/300 VUs, 35038 complete and 0 interrupted iterations
default   [  11% ] 300/300 VUs  0m37.9s/6m00.0s

running (0m38.9s), 300/300 VUs, 36028 complete and 0 interrupted iterations
default   [  11% ] 300/300 VUs  0m38.9s/6m00.0s

running (0m39.9s), 300/300 VUs, 37028 complete and 0 interrupted iterations
default   [  11% ] 300/300 VUs  0m39.9s/6m00.0s

running (0m40.9s), 300/300 VUs, 38028 complete and 0 interrupted iterations
default   [  11% ] 300/300 VUs  0m40.9s/6m00.0s

running (0m41.9s), 300/300 VUs, 39021 complete and 0 interrupted iterations
default   [  12% ] 300/300 VUs  0m41.9s/6m00.0s

running (0m42.9s), 300/300 VUs, 39993 complete and 0 interrupted iterations
default   [  12% ] 300/300 VUs  0m42.9s/6m00.0s

running (0m43.9s), 300/300 VUs, 40978 complete and 0 interrupted iterations
default   [  12% ] 300/300 VUs  0m43.9s/6m00.0s

running (0m44.9s), 300/300 VUs, 41978 complete and 0 interrupted iterations
default   [  12% ] 300/300 VUs  0m44.9s/6m00.0s

running (0m45.9s), 300/300 VUs, 42978 complete and 0 interrupted iterations
default   [  13% ] 300/300 VUs  0m45.9s/6m00.0s

running (0m46.9s), 300/300 VUs, 43973 complete and 0 interrupted iterations
default   [  13% ] 300/300 VUs  0m46.9s/6m00.0s

running (0m47.9s), 300/300 VUs, 44957 complete and 0 interrupted iterations
default   [  13% ] 300/300 VUs  0m47.9s/6m00.0s

running (0m48.9s), 300/300 VUs, 45928 complete and 0 interrupted iterations
default   [  14% ] 300/300 VUs  0m48.9s/6m00.0s

running (0m49.9s), 300/300 VUs, 46928 complete and 0 interrupted iterations
default   [  14% ] 300/300 VUs  0m49.9s/6m00.0s

running (0m50.9s), 300/300 VUs, 47928 complete and 0 interrupted iterations
default   [  14% ] 300/300 VUs  0m50.9s/6m00.0s

running (0m51.9s), 300/300 VUs, 48928 complete and 0 interrupted iterations
default   [  14% ] 300/300 VUs  0m51.9s/6m00.0s

running (0m52.9s), 300/300 VUs, 49889 complete and 0 interrupted iterations
default   [  15% ] 300/300 VUs  0m52.9s/6m00.0s

running (0m53.9s), 300/300 VUs, 50878 complete and 0 interrupted iterations
default   [  15% ] 300/300 VUs  0m53.9s/6m00.0s

running (0m54.9s), 300/300 VUs, 51878 complete and 0 interrupted iterations
default   [  15% ] 300/300 VUs  0m54.9s/6m00.0s

running (0m55.9s), 300/300 VUs, 52878 complete and 0 interrupted iterations
default   [  16% ] 300/300 VUs  0m55.9s/6m00.0s

running (0m56.9s), 300/300 VUs, 53861 complete and 0 interrupted iterations
default   [  16% ] 300/300 VUs  0m56.9s/6m00.0s

running (0m57.9s), 300/300 VUs, 54833 complete and 0 interrupted iterations
default   [  16% ] 300/300 VUs  0m57.9s/6m00.0s

running (0m58.9s), 300/300 VUs, 55828 complete and 0 interrupted iterations
default   [  16% ] 300/300 VUs  0m58.9s/6m00.0s

running (0m59.9s), 300/300 VUs, 56828 complete and 0 interrupted iterations
default   [  17% ] 300/300 VUs  0m59.9s/6m00.0s

running (1m00.9s), 300/300 VUs, 57828 complete and 0 interrupted iterations
default   [  17% ] 300/300 VUs  1m00.9s/6m00.0s

running (1m01.9s), 300/300 VUs, 58828 complete and 0 interrupted iterations
default   [  17% ] 300/300 VUs  1m01.9s/6m00.0s

running (1m02.9s), 300/300 VUs, 59778 complete and 0 interrupted iterations
default   [  17% ] 300/300 VUs  1m02.9s/6m00.0s

running (1m03.9s), 300/300 VUs, 60778 complete and 0 interrupted iterations
default   [  18% ] 300/300 VUs  1m03.9s/6m00.0s

running (1m04.9s), 300/300 VUs, 61778 complete and 0 interrupted iterations
default   [  18% ] 300/300 VUs  1m04.9s/6m00.0s

running (1m05.9s), 300/300 VUs, 62778 complete and 0 interrupted iterations
default   [  18% ] 300/300 VUs  1m05.9s/6m00.0s

running (1m06.9s), 300/300 VUs, 63759 complete and 0 interrupted iterations
default   [  19% ] 300/300 VUs  1m06.9s/6m00.0s

running (1m07.9s), 300/300 VUs, 64728 complete and 0 interrupted iterations
default   [  19% ] 300/300 VUs  1m07.9s/6m00.0s

running (1m08.9s), 300/300 VUs, 65728 complete and 0 interrupted iterations
default   [  19% ] 300/300 VUs  1m08.9s/6m00.0s

running (1m09.9s), 300/300 VUs, 66728 complete and 0 interrupted iterations
default   [  19% ] 300/300 VUs  1m09.9s/6m00.0s

running (1m10.9s), 300/300 VUs, 67723 complete and 0 interrupted iterations
default   [  20% ] 300/300 VUs  1m10.9s/6m00.0s

running (1m11.9s), 300/300 VUs, 68702 complete and 0 interrupted iterations
default   [  20% ] 300/300 VUs  1m11.9s/6m00.0s

running (1m12.9s), 300/300 VUs, 69678 complete and 0 interrupted iterations
default   [  20% ] 300/300 VUs  1m12.9s/6m00.0s

running (1m13.9s), 300/300 VUs, 70678 complete and 0 interrupted iterations
default   [  21% ] 300/300 VUs  1m13.9s/6m00.0s

running (1m14.9s), 300/300 VUs, 71678 complete and 0 interrupted iterations
default   [  21% ] 300/300 VUs  1m14.9s/6m00.0s

running (1m15.9s), 300/300 VUs, 72678 complete and 0 interrupted iterations
default   [  21% ] 300/300 VUs  1m15.9s/6m00.0s

running (1m16.9s), 300/300 VUs, 73647 complete and 0 interrupted iterations
default   [  21% ] 300/300 VUs  1m16.9s/6m00.0s

running (1m17.9s), 300/300 VUs, 74628 complete and 0 interrupted iterations
default   [  22% ] 300/300 VUs  1m17.9s/6m00.0s

running (1m18.9s), 300/300 VUs, 75628 complete and 0 interrupted iterations
default   [  22% ] 300/300 VUs  1m18.9s/6m00.0s

running (1m19.9s), 300/300 VUs, 76628 complete and 0 interrupted iterations
default   [  22% ] 300/300 VUs  1m19.9s/6m00.0s

running (1m20.9s), 300/300 VUs, 77578 complete and 0 interrupted iterations
default   [  22% ] 300/300 VUs  1m20.9s/6m00.0s

running (1m21.9s), 300/300 VUs, 78578 complete and 0 interrupted iterations
default   [  23% ] 300/300 VUs  1m21.9s/6m00.0s

running (1m22.9s), 300/300 VUs, 79577 complete and 0 interrupted iterations
default   [  23% ] 300/300 VUs  1m22.9s/6m00.0s

running (1m23.9s), 300/300 VUs, 80528 complete and 0 interrupted iterations
default   [  23% ] 300/300 VUs  1m23.9s/6m00.0s

running (1m24.9s), 300/300 VUs, 81528 complete and 0 interrupted iterations
default   [  24% ] 300/300 VUs  1m24.9s/6m00.0s

running (1m25.9s), 300/300 VUs, 82528 complete and 0 interrupted iterations
default   [  24% ] 300/300 VUs  1m25.9s/6m00.0s

running (1m26.9s), 300/300 VUs, 83478 complete and 0 interrupted iterations
default   [  24% ] 300/300 VUs  1m26.9s/6m00.0s

running (1m27.9s), 300/300 VUs, 84478 complete and 0 interrupted iterations
default   [  24% ] 300/300 VUs  1m27.9s/6m00.0s

running (1m28.9s), 300/300 VUs, 85478 complete and 0 interrupted iterations
default   [  25% ] 300/300 VUs  1m28.9s/6m00.0s

running (1m29.9s), 300/300 VUs, 86428 complete and 0 interrupted iterations
default   [  25% ] 300/300 VUs  1m29.9s/6m00.0s

running (1m30.9s), 300/300 VUs, 87428 complete and 0 interrupted iterations
default   [  25% ] 300/300 VUs  1m30.9s/6m00.0s

running (1m31.9s), 300/300 VUs, 88428 complete and 0 interrupted iterations
default   [  26% ] 300/300 VUs  1m31.9s/6m00.0s

running (1m32.9s), 300/300 VUs, 89428 complete and 0 interrupted iterations
default   [  26% ] 300/300 VUs  1m32.9s/6m00.0s

running (1m33.9s), 300/300 VUs, 90405 complete and 0 interrupted iterations
default   [  26% ] 300/300 VUs  1m33.9s/6m00.0s

running (1m34.9s), 300/300 VUs, 91378 complete and 0 interrupted iterations
default   [  26% ] 300/300 VUs  1m34.9s/6m00.0s

running (1m35.9s), 300/300 VUs, 92378 complete and 0 interrupted iterations
default   [  27% ] 300/300 VUs  1m35.9s/6m00.0s

running (1m36.9s), 300/300 VUs, 93378 complete and 0 interrupted iterations
default   [  27% ] 300/300 VUs  1m36.9s/6m00.0s

running (1m37.9s), 300/300 VUs, 94355 complete and 0 interrupted iterations
default   [  27% ] 300/300 VUs  1m37.9s/6m00.0s

running (1m38.9s), 300/300 VUs, 95328 complete and 0 interrupted iterations
default   [  27% ] 300/300 VUs  1m38.9s/6m00.0s

running (1m39.9s), 300/300 VUs, 96328 complete and 0 interrupted iterations
default   [  28% ] 300/300 VUs  1m39.9s/6m00.0s

running (1m40.9s), 300/300 VUs, 97327 complete and 0 interrupted iterations
default   [  28% ] 300/300 VUs  1m40.9s/6m00.0s

running (1m41.9s), 300/300 VUs, 98307 complete and 0 interrupted iterations
default   [  28% ] 300/300 VUs  1m41.9s/6m00.0s

running (1m42.9s), 300/300 VUs, 99278 complete and 0 interrupted iterations
default   [  29% ] 300/300 VUs  1m42.9s/6m00.0s

running (1m43.9s), 300/300 VUs, 100278 complete and 0 interrupted iterations
default   [  29% ] 300/300 VUs  1m43.9s/6m00.0s

running (1m44.9s), 300/300 VUs, 101278 complete and 0 interrupted iterations
default   [  29% ] 300/300 VUs  1m44.9s/6m00.0s

running (1m45.9s), 300/300 VUs, 102278 complete and 0 interrupted iterations
default   [  29% ] 300/300 VUs  1m45.9s/6m00.0s

running (1m46.9s), 300/300 VUs, 103235 complete and 0 interrupted iterations
default   [  30% ] 300/300 VUs  1m46.9s/6m00.0s

running (1m47.9s), 300/300 VUs, 104228 complete and 0 interrupted iterations
default   [  30% ] 300/300 VUs  1m47.9s/6m00.0s

running (1m48.9s), 300/300 VUs, 105228 complete and 0 interrupted iterations
default   [  30% ] 300/300 VUs  1m48.9s/6m00.0s

running (1m49.9s), 300/300 VUs, 106228 complete and 0 interrupted iterations
default   [  31% ] 300/300 VUs  1m49.9s/6m00.0s

running (1m50.9s), 300/300 VUs, 107181 complete and 0 interrupted iterations
default   [  31% ] 300/300 VUs  1m50.9s/6m00.0s

running (1m51.9s), 300/300 VUs, 108178 complete and 0 interrupted iterations
default   [  31% ] 300/300 VUs  1m51.9s/6m00.0s

running (1m52.9s), 300/300 VUs, 109178 complete and 0 interrupted iterations
default   [  31% ] 300/300 VUs  1m52.9s/6m00.0s

running (1m53.9s), 300/300 VUs, 110178 complete and 0 interrupted iterations
default   [  32% ] 300/300 VUs  1m53.9s/6m00.0s

running (1m54.9s), 300/300 VUs, 111167 complete and 0 interrupted iterations
default   [  32% ] 300/300 VUs  1m54.9s/6m00.0s

running (1m55.9s), 300/300 VUs, 112137 complete and 0 interrupted iterations
default   [  32% ] 300/300 VUs  1m55.9s/6m00.0s

running (1m56.9s), 300/300 VUs, 113128 complete and 0 interrupted iterations
default   [  32% ] 300/300 VUs  1m56.9s/6m00.0s

running (1m57.9s), 300/300 VUs, 114128 complete and 0 interrupted iterations
default   [  33% ] 300/300 VUs  1m57.9s/6m00.0s

running (1m58.9s), 300/300 VUs, 115128 complete and 0 interrupted iterations
default   [  33% ] 300/300 VUs  1m58.9s/6m00.0s

running (1m59.9s), 300/300 VUs, 116111 complete and 0 interrupted iterations
default   [  33% ] 300/300 VUs  1m59.9s/6m00.0s

running (2m00.9s), 300/300 VUs, 117078 complete and 0 interrupted iterations
default   [  34% ] 300/300 VUs  2m00.9s/6m00.0s

running (2m01.9s), 300/300 VUs, 118078 complete and 0 interrupted iterations
default   [  34% ] 300/300 VUs  2m01.9s/6m00.0s

running (2m02.9s), 300/300 VUs, 119078 complete and 0 interrupted iterations
default   [  34% ] 300/300 VUs  2m02.9s/6m00.0s

running (2m03.9s), 300/300 VUs, 120078 complete and 0 interrupted iterations
default   [  34% ] 300/300 VUs  2m03.9s/6m00.0s

running (2m04.9s), 300/300 VUs, 121039 complete and 0 interrupted iterations
default   [  35% ] 300/300 VUs  2m04.9s/6m00.0s

running (2m05.9s), 300/300 VUs, 122028 complete and 0 interrupted iterations
default   [  35% ] 300/300 VUs  2m05.9s/6m00.0s

running (2m06.9s), 300/300 VUs, 123028 complete and 0 interrupted iterations
default   [  35% ] 300/300 VUs  2m06.9s/6m00.0s

running (2m07.9s), 300/300 VUs, 124028 complete and 0 interrupted iterations
default   [  36% ] 300/300 VUs  2m07.9s/6m00.0s

running (2m08.9s), 300/300 VUs, 124986 complete and 0 interrupted iterations
default   [  36% ] 300/300 VUs  2m08.9s/6m00.0s

running (2m09.9s), 300/300 VUs, 125978 complete and 0 interrupted iterations
default   [  36% ] 300/300 VUs  2m09.9s/6m00.0s

running (2m10.9s), 300/300 VUs, 126978 complete and 0 interrupted iterations
default   [  36% ] 300/300 VUs  2m10.9s/6m00.0s

running (2m11.9s), 300/300 VUs, 127978 complete and 0 interrupted iterations
default   [  37% ] 300/300 VUs  2m11.9s/6m00.0s

running (2m12.9s), 300/300 VUs, 128964 complete and 0 interrupted iterations
default   [  37% ] 300/300 VUs  2m12.9s/6m00.0s

running (2m13.9s), 300/300 VUs, 129928 complete and 0 interrupted iterations
default   [  37% ] 300/300 VUs  2m13.9s/6m00.0s

running (2m14.9s), 300/300 VUs, 130928 complete and 0 interrupted iterations
default   [  37% ] 300/300 VUs  2m14.9s/6m00.0s

running (2m15.9s), 300/300 VUs, 131928 complete and 0 interrupted iterations
default   [  38% ] 300/300 VUs  2m15.9s/6m00.0s

running (2m16.9s), 300/300 VUs, 132928 complete and 0 interrupted iterations
default   [  38% ] 300/300 VUs  2m16.9s/6m00.0s

running (2m17.9s), 300/300 VUs, 133923 complete and 0 interrupted iterations
default   [  38% ] 300/300 VUs  2m17.9s/6m00.0s

running (2m18.9s), 300/300 VUs, 134878 complete and 0 interrupted iterations
default   [  39% ] 300/300 VUs  2m18.9s/6m00.0s

running (2m19.9s), 300/300 VUs, 135878 complete and 0 interrupted iterations
default   [  39% ] 300/300 VUs  2m19.9s/6m00.0s

running (2m20.9s), 300/300 VUs, 136878 complete and 0 interrupted iterations
default   [  39% ] 300/300 VUs  2m20.9s/6m00.0s

running (2m21.9s), 300/300 VUs, 137828 complete and 0 interrupted iterations
default   [  39% ] 300/300 VUs  2m21.9s/6m00.0s

running (2m22.9s), 300/300 VUs, 138828 complete and 0 interrupted iterations
default   [  40% ] 300/300 VUs  2m22.9s/6m00.0s

running (2m23.9s), 300/300 VUs, 139828 complete and 0 interrupted iterations
default   [  40% ] 300/300 VUs  2m23.9s/6m00.0s

running (2m24.9s), 300/300 VUs, 140824 complete and 0 interrupted iterations
default   [  40% ] 300/300 VUs  2m24.9s/6m00.0s

running (2m25.9s), 300/300 VUs, 141782 complete and 0 interrupted iterations
default   [  41% ] 300/300 VUs  2m25.9s/6m00.0s

running (2m26.9s), 300/300 VUs, 142778 complete and 0 interrupted iterations
default   [  41% ] 300/300 VUs  2m26.9s/6m00.0s

running (2m27.9s), 300/300 VUs, 143778 complete and 0 interrupted iterations
default   [  41% ] 300/300 VUs  2m27.9s/6m00.0s

running (2m28.9s), 300/300 VUs, 144778 complete and 0 interrupted iterations
default   [  41% ] 300/300 VUs  2m28.9s/6m00.0s

running (2m29.9s), 300/300 VUs, 145773 complete and 0 interrupted iterations
default   [  42% ] 300/300 VUs  2m29.9s/6m00.0s

running (2m30.9s), 300/300 VUs, 146728 complete and 0 interrupted iterations
default   [  42% ] 300/300 VUs  2m30.9s/6m00.0s

running (2m31.9s), 300/300 VUs, 147728 complete and 0 interrupted iterations
default   [  42% ] 300/300 VUs  2m31.9s/6m00.0s

running (2m32.9s), 300/300 VUs, 148728 complete and 0 interrupted iterations
default   [  42% ] 300/300 VUs  2m32.9s/6m00.0s

running (2m33.9s), 300/300 VUs, 149708 complete and 0 interrupted iterations
default   [  43% ] 300/300 VUs  2m33.9s/6m00.0s

running (2m34.9s), 300/300 VUs, 150678 complete and 0 interrupted iterations
default   [  43% ] 300/300 VUs  2m34.9s/6m00.0s

running (2m35.9s), 300/300 VUs, 151678 complete and 0 interrupted iterations
default   [  43% ] 300/300 VUs  2m35.9s/6m00.0s

running (2m36.9s), 300/300 VUs, 152678 complete and 0 interrupted iterations
default   [  44% ] 300/300 VUs  2m36.9s/6m00.0s

running (2m37.9s), 300/300 VUs, 153678 complete and 0 interrupted iterations
default   [  44% ] 300/300 VUs  2m37.9s/6m00.0s

running (2m38.9s), 300/300 VUs, 154635 complete and 0 interrupted iterations
default   [  44% ] 300/300 VUs  2m38.9s/6m00.0s

running (2m39.9s), 300/300 VUs, 155628 complete and 0 interrupted iterations
default   [  44% ] 300/300 VUs  2m39.9s/6m00.0s

running (2m40.9s), 300/300 VUs, 156628 complete and 0 interrupted iterations
default   [  45% ] 300/300 VUs  2m40.9s/6m00.0s

running (2m41.9s), 300/300 VUs, 157628 complete and 0 interrupted iterations
default   [  45% ] 300/300 VUs  2m41.9s/6m00.0s

running (2m42.9s), 300/300 VUs, 158628 complete and 0 interrupted iterations
default   [  45% ] 300/300 VUs  2m42.9s/6m00.0s

running (2m43.9s), 300/300 VUs, 159594 complete and 0 interrupted iterations
default   [  46% ] 300/300 VUs  2m43.9s/6m00.0s

running (2m44.9s), 300/300 VUs, 160578 complete and 0 interrupted iterations
default   [  46% ] 300/300 VUs  2m44.9s/6m00.0s

running (2m45.9s), 300/300 VUs, 161578 complete and 0 interrupted iterations
default   [  46% ] 300/300 VUs  2m45.9s/6m00.0s

running (2m46.9s), 300/300 VUs, 162578 complete and 0 interrupted iterations
default   [  46% ] 300/300 VUs  2m46.9s/6m00.0s

running (2m47.9s), 300/300 VUs, 163571 complete and 0 interrupted iterations
default   [  47% ] 300/300 VUs  2m47.9s/6m00.0s

running (2m48.9s), 300/300 VUs, 164553 complete and 0 interrupted iterations
default   [  47% ] 300/300 VUs  2m48.9s/6m00.0s

running (2m49.9s), 300/300 VUs, 165528 complete and 0 interrupted iterations
default   [  47% ] 300/300 VUs  2m49.9s/6m00.0s

running (2m50.9s), 300/300 VUs, 166528 complete and 0 interrupted iterations
default   [  47% ] 300/300 VUs  2m50.9s/6m00.0s

running (2m51.9s), 300/300 VUs, 167528 complete and 0 interrupted iterations
default   [  48% ] 300/300 VUs  2m51.9s/6m00.0s

running (2m52.9s), 300/300 VUs, 168528 complete and 0 interrupted iterations
default   [  48% ] 300/300 VUs  2m52.9s/6m00.0s

running (2m53.9s), 300/300 VUs, 169494 complete and 0 interrupted iterations
default   [  48% ] 300/300 VUs  2m53.9s/6m00.0s

running (2m54.9s), 300/300 VUs, 170478 complete and 0 interrupted iterations
default   [  49% ] 300/300 VUs  2m54.9s/6m00.0s

running (2m55.9s), 300/300 VUs, 171478 complete and 0 interrupted iterations
default   [  49% ] 300/300 VUs  2m55.9s/6m00.0s

running (2m56.9s), 300/300 VUs, 172478 complete and 0 interrupted iterations
default   [  49% ] 300/300 VUs  2m56.9s/6m00.0s

running (2m57.9s), 300/300 VUs, 173464 complete and 0 interrupted iterations
default   [  49% ] 300/300 VUs  2m57.9s/6m00.0s

running (2m58.9s), 300/300 VUs, 174428 complete and 0 interrupted iterations
default   [  50% ] 300/300 VUs  2m58.9s/6m00.0s

running (2m59.9s), 300/300 VUs, 175428 complete and 0 interrupted iterations
default   [  50% ] 300/300 VUs  2m59.9s/6m00.0s

running (3m00.9s), 300/300 VUs, 176428 complete and 0 interrupted iterations
default   [  50% ] 300/300 VUs  3m00.9s/6m00.0s

running (3m01.9s), 300/300 VUs, 177428 complete and 0 interrupted iterations
default   [  51% ] 300/300 VUs  3m01.9s/6m00.0s

running (3m02.9s), 300/300 VUs, 178406 complete and 0 interrupted iterations
default   [  51% ] 300/300 VUs  3m02.9s/6m00.0s

running (3m03.9s), 300/300 VUs, 179378 complete and 0 interrupted iterations
default   [  51% ] 300/300 VUs  3m03.9s/6m00.0s

running (3m04.9s), 300/300 VUs, 180378 complete and 0 interrupted iterations
default   [  51% ] 300/300 VUs  3m04.9s/6m00.0s

running (3m05.9s), 300/300 VUs, 181378 complete and 0 interrupted iterations
default   [  52% ] 300/300 VUs  3m05.9s/6m00.0s

running (3m06.9s), 300/300 VUs, 182378 complete and 0 interrupted iterations
default   [  52% ] 300/300 VUs  3m06.9s/6m00.0s

running (3m07.9s), 300/300 VUs, 183328 complete and 0 interrupted iterations
default   [  52% ] 300/300 VUs  3m07.9s/6m00.0s

running (3m08.9s), 300/300 VUs, 184328 complete and 0 interrupted iterations
default   [  52% ] 300/300 VUs  3m08.9s/6m00.0s

running (3m09.9s), 300/300 VUs, 185328 complete and 0 interrupted iterations
default   [  53% ] 300/300 VUs  3m09.9s/6m00.0s

running (3m10.9s), 300/300 VUs, 186328 complete and 0 interrupted iterations
default   [  53% ] 300/300 VUs  3m10.9s/6m00.0s

running (3m11.9s), 300/300 VUs, 187328 complete and 0 interrupted iterations
default   [  53% ] 300/300 VUs  3m11.9s/6m00.0s

running (3m12.9s), 300/300 VUs, 188278 complete and 0 interrupted iterations
default   [  54% ] 300/300 VUs  3m12.9s/6m00.0s

running (3m13.9s), 300/300 VUs, 189278 complete and 0 interrupted iterations
default   [  54% ] 300/300 VUs  3m13.9s/6m00.0s

running (3m14.9s), 300/300 VUs, 190278 complete and 0 interrupted iterations
default   [  54% ] 300/300 VUs  3m14.9s/6m00.0s

running (3m15.9s), 300/300 VUs, 191266 complete and 0 interrupted iterations
default   [  54% ] 300/300 VUs  3m15.9s/6m00.0s

running (3m16.9s), 300/300 VUs, 192228 complete and 0 interrupted iterations
default   [  55% ] 300/300 VUs  3m16.9s/6m00.0s

running (3m17.9s), 300/300 VUs, 193228 complete and 0 interrupted iterations
default   [  55% ] 300/300 VUs  3m17.9s/6m00.0s

running (3m18.9s), 300/300 VUs, 194228 complete and 0 interrupted iterations
default   [  55% ] 300/300 VUs  3m18.9s/6m00.0s

running (3m19.9s), 300/300 VUs, 195198 complete and 0 interrupted iterations
default   [  56% ] 300/300 VUs  3m19.9s/6m00.0s

running (3m20.9s), 300/300 VUs, 196178 complete and 0 interrupted iterations
default   [  56% ] 300/300 VUs  3m20.9s/6m00.0s

running (3m21.9s), 300/300 VUs, 197178 complete and 0 interrupted iterations
default   [  56% ] 300/300 VUs  3m21.9s/6m00.0s

running (3m22.9s), 300/300 VUs, 198178 complete and 0 interrupted iterations
default   [  56% ] 300/300 VUs  3m22.9s/6m00.0s

running (3m23.9s), 300/300 VUs, 199137 complete and 0 interrupted iterations
default   [  57% ] 300/300 VUs  3m23.9s/6m00.0s

running (3m24.9s), 300/300 VUs, 200128 complete and 0 interrupted iterations
default   [  57% ] 300/300 VUs  3m24.9s/6m00.0s

running (3m25.9s), 300/300 VUs, 201128 complete and 0 interrupted iterations
default   [  57% ] 300/300 VUs  3m25.9s/6m00.0s

running (3m26.9s), 300/300 VUs, 202128 complete and 0 interrupted iterations
default   [  57% ] 300/300 VUs  3m26.9s/6m00.0s

running (3m27.9s), 300/300 VUs, 203126 complete and 0 interrupted iterations
default   [  58% ] 300/300 VUs  3m27.9s/6m00.0s

running (3m28.9s), 300/300 VUs, 204078 complete and 0 interrupted iterations
default   [  58% ] 300/300 VUs  3m28.9s/6m00.0s

running (3m29.9s), 300/300 VUs, 205078 complete and 0 interrupted iterations
default   [  58% ] 300/300 VUs  3m29.9s/6m00.0s

running (3m30.9s), 300/300 VUs, 206078 complete and 0 interrupted iterations
default   [  59% ] 300/300 VUs  3m30.9s/6m00.0s

running (3m31.9s), 300/300 VUs, 207078 complete and 0 interrupted iterations
default   [  59% ] 300/300 VUs  3m31.9s/6m00.0s

running (3m32.9s), 300/300 VUs, 208044 complete and 0 interrupted iterations
default   [  59% ] 300/300 VUs  3m32.9s/6m00.0s

running (3m33.9s), 300/300 VUs, 209028 complete and 0 interrupted iterations
default   [  59% ] 300/300 VUs  3m33.9s/6m00.0s

running (3m34.9s), 300/300 VUs, 210028 complete and 0 interrupted iterations
default   [  60% ] 300/300 VUs  3m34.9s/6m00.0s

running (3m35.9s), 300/300 VUs, 211028 complete and 0 interrupted iterations
default   [  60% ] 300/300 VUs  3m35.9s/6m00.0s

running (3m36.9s), 300/300 VUs, 212019 complete and 0 interrupted iterations
default   [  60% ] 300/300 VUs  3m36.9s/6m00.0s

running (3m37.9s), 300/300 VUs, 213001 complete and 0 interrupted iterations
default   [  61% ] 300/300 VUs  3m37.9s/6m00.0s

running (3m38.9s), 300/300 VUs, 213978 complete and 0 interrupted iterations
default   [  61% ] 300/300 VUs  3m38.9s/6m00.0s

running (3m39.9s), 300/300 VUs, 214978 complete and 0 interrupted iterations
default   [  61% ] 300/300 VUs  3m39.9s/6m00.0s

running (3m40.9s), 300/300 VUs, 215978 complete and 0 interrupted iterations
default   [  61% ] 300/300 VUs  3m40.9s/6m00.0s

running (3m41.9s), 300/300 VUs, 216978 complete and 0 interrupted iterations
default   [  62% ] 300/300 VUs  3m41.9s/6m00.0s

running (3m42.9s), 300/300 VUs, 217950 complete and 0 interrupted iterations
default   [  62% ] 300/300 VUs  3m42.9s/6m00.0s

running (3m43.9s), 300/300 VUs, 218928 complete and 0 interrupted iterations
default   [  62% ] 300/300 VUs  3m43.9s/6m00.0s

running (3m44.9s), 300/300 VUs, 219928 complete and 0 interrupted iterations
default   [  62% ] 300/300 VUs  3m44.9s/6m00.0s

running (3m45.9s), 300/300 VUs, 220928 complete and 0 interrupted iterations
default   [  63% ] 300/300 VUs  3m45.9s/6m00.0s

running (3m46.9s), 300/300 VUs, 221928 complete and 0 interrupted iterations
default   [  63% ] 300/300 VUs  3m46.9s/6m00.0s

running (3m47.9s), 300/300 VUs, 222896 complete and 0 interrupted iterations
default   [  63% ] 300/300 VUs  3m47.9s/6m00.0s

running (3m48.9s), 300/300 VUs, 223878 complete and 0 interrupted iterations
default   [  64% ] 300/300 VUs  3m48.9s/6m00.0s

running (3m49.9s), 300/300 VUs, 224878 complete and 0 interrupted iterations
default   [  64% ] 300/300 VUs  3m49.9s/6m00.0s

running (3m50.9s), 300/300 VUs, 225878 complete and 0 interrupted iterations
default   [  64% ] 300/300 VUs  3m50.9s/6m00.0s

running (3m51.9s), 300/300 VUs, 226866 complete and 0 interrupted iterations
default   [  64% ] 300/300 VUs  3m51.9s/6m00.0s

running (3m52.9s), 300/300 VUs, 227828 complete and 0 interrupted iterations
default   [  65% ] 300/300 VUs  3m52.9s/6m00.0s

running (3m53.9s), 300/300 VUs, 228828 complete and 0 interrupted iterations
default   [  65% ] 300/300 VUs  3m53.9s/6m00.0s

running (3m54.9s), 300/300 VUs, 229828 complete and 0 interrupted iterations
default   [  65% ] 300/300 VUs  3m54.9s/6m00.0s

running (3m55.9s), 300/300 VUs, 230812 complete and 0 interrupted iterations
default   [  66% ] 300/300 VUs  3m55.9s/6m00.0s

running (3m56.9s), 300/300 VUs, 231778 complete and 0 interrupted iterations
default   [  66% ] 300/300 VUs  3m56.9s/6m00.0s

running (3m57.9s), 300/300 VUs, 232778 complete and 0 interrupted iterations
default   [  66% ] 300/300 VUs  3m57.9s/6m00.0s

running (3m58.9s), 300/300 VUs, 233778 complete and 0 interrupted iterations
default   [  66% ] 300/300 VUs  3m58.9s/6m00.0s

running (3m59.9s), 300/300 VUs, 234728 complete and 0 interrupted iterations
default   [  67% ] 300/300 VUs  3m59.9s/6m00.0s

running (4m00.9s), 300/300 VUs, 235728 complete and 0 interrupted iterations
default   [  67% ] 300/300 VUs  4m00.9s/6m00.0s

running (4m01.9s), 300/300 VUs, 236728 complete and 0 interrupted iterations
default   [  67% ] 300/300 VUs  4m01.9s/6m00.0s

running (4m02.9s), 300/300 VUs, 237703 complete and 0 interrupted iterations
default   [  67% ] 300/300 VUs  4m02.9s/6m00.0s

running (4m03.9s), 300/300 VUs, 238678 complete and 0 interrupted iterations
default   [  68% ] 300/300 VUs  4m03.9s/6m00.0s

running (4m04.9s), 300/300 VUs, 239678 complete and 0 interrupted iterations
default   [  68% ] 300/300 VUs  4m04.9s/6m00.0s

running (4m05.9s), 300/300 VUs, 240678 complete and 0 interrupted iterations
default   [  68% ] 300/300 VUs  4m05.9s/6m00.0s

running (4m06.9s), 300/300 VUs, 241665 complete and 0 interrupted iterations
default   [  69% ] 300/300 VUs  4m06.9s/6m00.0s

running (4m07.9s), 300/300 VUs, 242628 complete and 0 interrupted iterations
default   [  69% ] 300/300 VUs  4m07.9s/6m00.0s

running (4m08.9s), 300/300 VUs, 243628 complete and 0 interrupted iterations
default   [  69% ] 300/300 VUs  4m08.9s/6m00.0s

running (4m09.9s), 300/300 VUs, 244628 complete and 0 interrupted iterations
default   [  69% ] 300/300 VUs  4m09.9s/6m00.0s

running (4m10.9s), 300/300 VUs, 245604 complete and 0 interrupted iterations
default   [  70% ] 300/300 VUs  4m10.9s/6m00.0s

running (4m11.9s), 300/300 VUs, 246578 complete and 0 interrupted iterations
default   [  70% ] 300/300 VUs  4m11.9s/6m00.0s

running (4m12.9s), 300/300 VUs, 247578 complete and 0 interrupted iterations
default   [  70% ] 300/300 VUs  4m12.9s/6m00.0s

running (4m13.9s), 300/300 VUs, 248578 complete and 0 interrupted iterations
default   [  71% ] 300/300 VUs  4m13.9s/6m00.0s

running (4m14.9s), 300/300 VUs, 249578 complete and 0 interrupted iterations
default   [  71% ] 300/300 VUs  4m14.9s/6m00.0s

running (4m15.9s), 300/300 VUs, 250546 complete and 0 interrupted iterations
default   [  71% ] 300/300 VUs  4m15.9s/6m00.0s

running (4m16.9s), 300/300 VUs, 251528 complete and 0 interrupted iterations
default   [  71% ] 300/300 VUs  4m16.9s/6m00.0s

running (4m17.9s), 300/300 VUs, 252528 complete and 0 interrupted iterations
default   [  72% ] 300/300 VUs  4m17.9s/6m00.0s

running (4m18.9s), 300/300 VUs, 253528 complete and 0 interrupted iterations
default   [  72% ] 300/300 VUs  4m18.9s/6m00.0s

running (4m19.9s), 300/300 VUs, 254493 complete and 0 interrupted iterations
default   [  72% ] 300/300 VUs  4m19.9s/6m00.0s

running (4m20.9s), 300/300 VUs, 255478 complete and 0 interrupted iterations
default   [  72% ] 300/300 VUs  4m20.9s/6m00.0s

running (4m21.9s), 300/300 VUs, 256478 complete and 0 interrupted iterations
default   [  73% ] 300/300 VUs  4m21.9s/6m00.0s

running (4m22.9s), 300/300 VUs, 257444 complete and 0 interrupted iterations
default   [  73% ] 300/300 VUs  4m22.9s/6m00.0s

running (4m23.9s), 300/300 VUs, 258428 complete and 0 interrupted iterations
default   [  73% ] 300/300 VUs  4m23.9s/6m00.0s

running (4m24.9s), 300/300 VUs, 259428 complete and 0 interrupted iterations
default   [  74% ] 300/300 VUs  4m24.9s/6m00.0s

running (4m25.9s), 300/300 VUs, 260428 complete and 0 interrupted iterations
default   [  74% ] 300/300 VUs  4m25.9s/6m00.0s

running (4m26.9s), 300/300 VUs, 261428 complete and 0 interrupted iterations
default   [  74% ] 300/300 VUs  4m26.9s/6m00.0s

running (4m27.9s), 300/300 VUs, 262394 complete and 0 interrupted iterations
default   [  74% ] 300/300 VUs  4m27.9s/6m00.0s

running (4m28.9s), 300/300 VUs, 263378 complete and 0 interrupted iterations
default   [  75% ] 300/300 VUs  4m28.9s/6m00.0s

running (4m29.9s), 300/300 VUs, 264378 complete and 0 interrupted iterations
default   [  75% ] 300/300 VUs  4m29.9s/6m00.0s

running (4m30.9s), 300/300 VUs, 265378 complete and 0 interrupted iterations
default   [  75% ] 300/300 VUs  4m30.9s/6m00.0s

running (4m31.9s), 300/300 VUs, 266369 complete and 0 interrupted iterations
default   [  76% ] 300/300 VUs  4m31.9s/6m00.0s

running (4m32.9s), 300/300 VUs, 267328 complete and 0 interrupted iterations
default   [  76% ] 300/300 VUs  4m32.9s/6m00.0s

running (4m33.9s), 300/300 VUs, 268328 complete and 0 interrupted iterations
default   [  76% ] 300/300 VUs  4m33.9s/6m00.0s

running (4m34.9s), 300/300 VUs, 269328 complete and 0 interrupted iterations
default   [  76% ] 300/300 VUs  4m34.9s/6m00.0s

running (4m35.9s), 300/300 VUs, 270328 complete and 0 interrupted iterations
default   [  77% ] 300/300 VUs  4m35.9s/6m00.0s

running (4m36.9s), 300/300 VUs, 271316 complete and 0 interrupted iterations
default   [  77% ] 300/300 VUs  4m36.9s/6m00.0s

running (4m37.9s), 300/300 VUs, 272278 complete and 0 interrupted iterations
default   [  77% ] 300/300 VUs  4m37.9s/6m00.0s

running (4m38.9s), 300/300 VUs, 273278 complete and 0 interrupted iterations
default   [  77% ] 300/300 VUs  4m38.9s/6m00.0s

running (4m39.9s), 300/300 VUs, 274278 complete and 0 interrupted iterations
default   [  78% ] 300/300 VUs  4m39.9s/6m00.0s

running (4m40.9s), 300/300 VUs, 275278 complete and 0 interrupted iterations
default   [  78% ] 300/300 VUs  4m40.9s/6m00.0s

running (4m41.9s), 300/300 VUs, 276246 complete and 0 interrupted iterations
default   [  78% ] 300/300 VUs  4m41.9s/6m00.0s

running (4m42.9s), 300/300 VUs, 277228 complete and 0 interrupted iterations
default   [  79% ] 300/300 VUs  4m42.9s/6m00.0s

running (4m43.9s), 300/300 VUs, 278228 complete and 0 interrupted iterations
default   [  79% ] 300/300 VUs  4m43.9s/6m00.0s

running (4m44.9s), 300/300 VUs, 279228 complete and 0 interrupted iterations
default   [  79% ] 300/300 VUs  4m44.9s/6m00.0s

running (4m45.9s), 300/300 VUs, 280222 complete and 0 interrupted iterations
default   [  79% ] 300/300 VUs  4m45.9s/6m00.0s

running (4m46.9s), 300/300 VUs, 281190 complete and 0 interrupted iterations
default   [  80% ] 300/300 VUs  4m46.9s/6m00.0s

running (4m47.9s), 300/300 VUs, 282178 complete and 0 interrupted iterations
default   [  80% ] 300/300 VUs  4m47.9s/6m00.0s

running (4m48.9s), 300/300 VUs, 283178 complete and 0 interrupted iterations
default   [  80% ] 300/300 VUs  4m48.9s/6m00.0s

running (4m49.9s), 300/300 VUs, 284178 complete and 0 interrupted iterations
default   [  81% ] 300/300 VUs  4m49.9s/6m00.0s

running (4m50.9s), 300/300 VUs, 285150 complete and 0 interrupted iterations
default   [  81% ] 300/300 VUs  4m50.9s/6m00.0s

running (4m51.9s), 300/300 VUs, 286128 complete and 0 interrupted iterations
default   [  81% ] 300/300 VUs  4m51.9s/6m00.0s

running (4m52.9s), 300/300 VUs, 287128 complete and 0 interrupted iterations
default   [  81% ] 300/300 VUs  4m52.9s/6m00.0s

running (4m53.9s), 300/300 VUs, 288128 complete and 0 interrupted iterations
default   [  82% ] 300/300 VUs  4m53.9s/6m00.0s

running (4m54.9s), 300/300 VUs, 289128 complete and 0 interrupted iterations
default   [  82% ] 300/300 VUs  4m54.9s/6m00.0s

running (4m55.9s), 300/300 VUs, 290109 complete and 0 interrupted iterations
default   [  82% ] 300/300 VUs  4m55.9s/6m00.0s

running (4m56.9s), 300/300 VUs, 291083 complete and 0 interrupted iterations
default   [  82% ] 300/300 VUs  4m56.9s/6m00.0s

running (4m57.9s), 300/300 VUs, 292078 complete and 0 interrupted iterations
default   [  83% ] 300/300 VUs  4m57.9s/6m00.0s

running (4m58.9s), 300/300 VUs, 293078 complete and 0 interrupted iterations
default   [  83% ] 300/300 VUs  4m58.9s/6m00.0s

running (4m59.9s), 300/300 VUs, 294078 complete and 0 interrupted iterations
default   [  83% ] 300/300 VUs  4m59.9s/6m00.0s

running (5m00.9s), 300/300 VUs, 295052 complete and 0 interrupted iterations
default   [  84% ] 300/300 VUs  5m00.9s/6m00.0s

running (5m01.9s), 300/300 VUs, 296028 complete and 0 interrupted iterations
default   [  84% ] 300/300 VUs  5m01.9s/6m00.0s

running (5m02.9s), 300/300 VUs, 297028 complete and 0 interrupted iterations
default   [  84% ] 300/300 VUs  5m02.9s/6m00.0s

running (5m03.9s), 300/300 VUs, 298028 complete and 0 interrupted iterations
default   [  84% ] 300/300 VUs  5m03.9s/6m00.0s

running (5m04.9s), 300/300 VUs, 299028 complete and 0 interrupted iterations
default   [  85% ] 300/300 VUs  5m04.9s/6m00.0s

running (5m05.9s), 300/300 VUs, 299999 complete and 0 interrupted iterations
default   [  85% ] 300/300 VUs  5m05.9s/6m00.0s

running (5m06.9s), 300/300 VUs, 300978 complete and 0 interrupted iterations
default   [  85% ] 300/300 VUs  5m06.9s/6m00.0s

running (5m07.9s), 300/300 VUs, 301978 complete and 0 interrupted iterations
default   [  86% ] 300/300 VUs  5m07.9s/6m00.0s

running (5m08.9s), 300/300 VUs, 302978 complete and 0 interrupted iterations
default   [  86% ] 300/300 VUs  5m08.9s/6m00.0s

running (5m09.9s), 300/300 VUs, 303928 complete and 0 interrupted iterations
default   [  86% ] 300/300 VUs  5m09.9s/6m00.0s

running (5m10.9s), 300/300 VUs, 304928 complete and 0 interrupted iterations
default   [  86% ] 300/300 VUs  5m10.9s/6m00.0s

running (5m11.9s), 300/300 VUs, 305928 complete and 0 interrupted iterations
default   [  87% ] 300/300 VUs  5m11.9s/6m00.0s

running (5m12.9s), 300/300 VUs, 306928 complete and 0 interrupted iterations
default   [  87% ] 300/300 VUs  5m12.9s/6m00.0s

running (5m13.9s), 300/300 VUs, 307900 complete and 0 interrupted iterations
default   [  87% ] 300/300 VUs  5m13.9s/6m00.0s

running (5m14.9s), 300/300 VUs, 308878 complete and 0 interrupted iterations
default   [  87% ] 300/300 VUs  5m14.9s/6m00.0s

running (5m15.9s), 300/300 VUs, 309878 complete and 0 interrupted iterations
default   [  88% ] 300/300 VUs  5m15.9s/6m00.0s

running (5m16.9s), 300/300 VUs, 310878 complete and 0 interrupted iterations
default   [  88% ] 300/300 VUs  5m16.9s/6m00.0s

running (5m17.9s), 300/300 VUs, 311878 complete and 0 interrupted iterations
default   [  88% ] 300/300 VUs  5m17.9s/6m00.0s

running (5m18.9s), 300/300 VUs, 312835 complete and 0 interrupted iterations
default   [  89% ] 300/300 VUs  5m18.9s/6m00.0s

running (5m19.9s), 300/300 VUs, 313828 complete and 0 interrupted iterations
default   [  89% ] 300/300 VUs  5m19.9s/6m00.0s

running (5m20.9s), 300/300 VUs, 314828 complete and 0 interrupted iterations
default   [  89% ] 300/300 VUs  5m20.9s/6m00.0s

running (5m21.9s), 300/300 VUs, 315793 complete and 0 interrupted iterations
default   [  89% ] 300/300 VUs  5m21.9s/6m00.0s

running (5m22.9s), 300/300 VUs, 316778 complete and 0 interrupted iterations
default   [  90% ] 300/300 VUs  5m22.9s/6m00.0s

running (5m23.9s), 300/300 VUs, 317778 complete and 0 interrupted iterations
default   [  90% ] 300/300 VUs  5m23.9s/6m00.0s

running (5m24.9s), 300/300 VUs, 318778 complete and 0 interrupted iterations
default   [  90% ] 300/300 VUs  5m24.9s/6m00.0s

running (5m25.9s), 300/300 VUs, 319766 complete and 0 interrupted iterations
default   [  91% ] 300/300 VUs  5m25.9s/6m00.0s

running (5m26.9s), 300/300 VUs, 320728 complete and 0 interrupted iterations
default   [  91% ] 300/300 VUs  5m26.9s/6m00.0s

running (5m27.9s), 300/300 VUs, 321728 complete and 0 interrupted iterations
default   [  91% ] 300/300 VUs  5m27.9s/6m00.0s

running (5m28.9s), 300/300 VUs, 322708 complete and 0 interrupted iterations
default   [  91% ] 300/300 VUs  5m28.9s/6m00.0s

running (5m29.9s), 300/300 VUs, 323705 complete and 0 interrupted iterations
default   [  92% ] 300/300 VUs  5m29.9s/6m00.0s

running (5m30.9s), 293/300 VUs, 324678 complete and 0 interrupted iterations
default   [  92% ] 293/300 VUs  5m30.9s/6m00.0s

running (5m31.9s), 284/300 VUs, 325678 complete and 0 interrupted iterations
default   [  92% ] 284/300 VUs  5m31.9s/6m00.0s

running (5m32.9s), 273/300 VUs, 326678 complete and 0 interrupted iterations
default   [  92% ] 273/300 VUs  5m32.9s/6m00.0s

running (5m33.9s), 263/300 VUs, 327678 complete and 0 interrupted iterations
default   [  93% ] 263/300 VUs  5m33.9s/6m00.0s

running (5m34.9s), 253/300 VUs, 328664 complete and 0 interrupted iterations
default   [  93% ] 253/300 VUs  5m34.9s/6m00.0s

running (5m35.9s), 244/300 VUs, 329637 complete and 0 interrupted iterations
default   [  93% ] 244/300 VUs  5m35.9s/6m00.0s

running (5m36.9s), 232/300 VUs, 330628 complete and 0 interrupted iterations
default   [  94% ] 232/300 VUs  5m36.9s/6m00.0s

running (5m37.9s), 226/300 VUs, 331628 complete and 0 interrupted iterations
default   [  94% ] 226/300 VUs  5m37.9s/6m00.0s

running (5m38.9s), 213/300 VUs, 332628 complete and 0 interrupted iterations
default   [  94% ] 213/300 VUs  5m38.9s/6m00.0s

running (5m39.9s), 203/300 VUs, 333592 complete and 0 interrupted iterations
default   [  94% ] 203/300 VUs  5m39.9s/6m00.0s

running (5m40.9s), 193/300 VUs, 334578 complete and 0 interrupted iterations
default   [  95% ] 193/300 VUs  5m40.9s/6m00.0s

running (5m41.9s), 183/300 VUs, 335578 complete and 0 interrupted iterations
default   [  95% ] 183/300 VUs  5m41.9s/6m00.0s

running (5m42.9s), 172/300 VUs, 336578 complete and 0 interrupted iterations
default   [  95% ] 172/300 VUs  5m42.9s/6m00.0s

running (5m43.9s), 162/300 VUs, 337578 complete and 0 interrupted iterations
default   [  96% ] 162/300 VUs  5m43.9s/6m00.0s

running (5m44.9s), 152/300 VUs, 338544 complete and 0 interrupted iterations
default   [  96% ] 152/300 VUs  5m44.9s/6m00.0s

running (5m45.9s), 143/300 VUs, 339528 complete and 0 interrupted iterations
default   [  96% ] 143/300 VUs  5m45.9s/6m00.0s

running (5m46.9s), 132/300 VUs, 340528 complete and 0 interrupted iterations
default   [  96% ] 132/300 VUs  5m46.9s/6m00.0s

running (5m47.9s), 123/300 VUs, 341528 complete and 0 interrupted iterations
default   [  97% ] 123/300 VUs  5m47.9s/6m00.0s

running (5m48.9s), 112/300 VUs, 342528 complete and 0 interrupted iterations
default   [  97% ] 112/300 VUs  5m48.9s/6m00.0s

running (5m49.9s), 102/300 VUs, 343508 complete and 0 interrupted iterations
default   [  97% ] 102/300 VUs  5m49.9s/6m00.0s

running (5m50.9s), 093/300 VUs, 344478 complete and 0 interrupted iterations
default   [  97% ] 093/300 VUs  5m50.9s/6m00.0s

running (5m51.9s), 082/300 VUs, 345478 complete and 0 interrupted iterations
default   [  98% ] 082/300 VUs  5m51.9s/6m00.0s

running (5m52.9s), 072/300 VUs, 346478 complete and 0 interrupted iterations
default   [  98% ] 072/300 VUs  5m52.9s/6m00.0s

running (5m53.9s), 062/300 VUs, 347478 complete and 0 interrupted iterations
default   [  98% ] 062/300 VUs  5m53.9s/6m00.0s

running (5m54.9s), 052/300 VUs, 348449 complete and 0 interrupted iterations
default   [  99% ] 052/300 VUs  5m54.9s/6m00.0s

running (5m55.9s), 042/300 VUs, 349372 complete and 0 interrupted iterations
default   [  99% ] 042/300 VUs  5m55.9s/6m00.0s

running (5m56.9s), 032/300 VUs, 350114 complete and 0 interrupted iterations
default   [  99% ] 032/300 VUs  5m56.9s/6m00.0s

running (5m57.9s), 022/300 VUs, 350632 complete and 0 interrupted iterations
default   [  99% ] 022/300 VUs  5m57.9s/6m00.0s

running (5m58.9s), 012/300 VUs, 350977 complete and 0 interrupted iterations
default   [ 100% ] 012/300 VUs  5m58.9s/6m00.0s

running (5m59.9s), 002/300 VUs, 351115 complete and 0 interrupted iterations
default   [ 100% ] 002/300 VUs  5m59.9s/6m00.0s


  █ THRESHOLDS 

    checks
    ✓ 'rate>0.95' rate=100.00%

    http_req_duration
    ✓ 'p(95)<5000' p(95)=456.59ms
    ✓ 'p(99)<10000' p(99)=610.15ms

    http_req_failed
    ✓ 'rate<0.05' rate=0.00%


  █ TOTAL RESULTS 

    checks_total.......: 1404484 3900.910093/s
    checks_succeeded...: 100.00% 1404484 out of 1404484
    checks_failed......: 0.00%   0 out of 1404484

    ✓ status is 200
    ✓ content-type is json
    ✓ workloadType is IO-BOUND
    ✓ executionTimeMs exists

    CUSTOM
    response_time_ms...............: min=50.557528 avg=281.906261 med=302.621641 max=1830.285349 p(90)=454.618248 p(95)=456.596077 p(99)=610.155487
    successful_requests............: 351121 975.227523/s

    HTTP
    http_req_duration..............: min=50.55ms   avg=281.9ms    med=302.62ms   max=1.83s       p(90)=454.61ms   p(95)=456.59ms   p(99)=610.15ms  
      { expected_response:true }...: min=50.55ms   avg=281.9ms    med=302.62ms   max=1.83s       p(90)=454.61ms   p(95)=456.59ms   p(99)=610.15ms  
    http_req_failed................: 0.00%  0 out of 351121
    http_reqs......................: 351121 975.227523/s

    EXECUTION
    iteration_duration.............: min=50.68ms   avg=282.06ms   med=302.76ms   max=1.83s       p(90)=454.76ms   p(95)=456.76ms   p(99)=610.33ms  
    iterations.....................: 351121 975.227523/s
    vus............................: 2      min=2           max=300
    vus_max........................: 300    min=300         max=300

    NETWORK
    data_received..................: 98 MB  271 kB/s
    data_sent......................: 28 MB  77 kB/s




running (6m00.0s), 000/300 VUs, 351121 complete and 0 interrupted iterations
default ✓ [ 100% ] 000/300 VUs  6m0s
