
         /\      Grafana   /‾‾/  
    /\  /  \     |\  __   /  /   
   /  \/    \    | |/ /  /   ‾‾\ 
  /          \   |   (  |  (‾)  |
 / __________ \  |_|\_\  \_____/ 


     execution: local
        script: io-bound-test.js
        output: -

     scenarios: (100.00%) 1 scenario, 250 max VUs, 4m30s max duration (incl. graceful stop):
              * default: Up to 250 looping VUs for 4m0s over 3 stages (gracefulRampDown: 30s, gracefulStop: 30s)


running (0m00.9s), 008/250 VUs, 70 complete and 0 interrupted iterations
default   [   0% ] 008/250 VUs  0m00.9s/4m00.0s

running (0m01.9s), 016/250 VUs, 303 complete and 0 interrupted iterations
default   [   1% ] 016/250 VUs  0m01.9s/4m00.0s

running (0m02.9s), 025/250 VUs, 697 complete and 0 interrupted iterations
default   [   1% ] 025/250 VUs  0m02.9s/4m00.0s

running (0m03.9s), 033/250 VUs, 1258 complete and 0 interrupted iterations
default   [   2% ] 033/250 VUs  0m03.9s/4m00.0s

running (0m04.9s), 041/250 VUs, 1979 complete and 0 interrupted iterations
default   [   2% ] 041/250 VUs  0m04.9s/4m00.0s

running (0m05.9s), 049/250 VUs, 2861 complete and 0 interrupted iterations
default   [   2% ] 049/250 VUs  0m05.9s/4m00.0s

running (0m06.9s), 058/250 VUs, 3850 complete and 0 interrupted iterations
default   [   3% ] 058/250 VUs  0m06.9s/4m00.0s

running (0m07.9s), 066/250 VUs, 4821 complete and 0 interrupted iterations
default   [   3% ] 066/250 VUs  0m07.9s/4m00.0s

running (0m08.9s), 074/250 VUs, 5819 complete and 0 interrupted iterations
default   [   4% ] 074/250 VUs  0m08.9s/4m00.0s

running (0m09.9s), 083/250 VUs, 6807 complete and 0 interrupted iterations
default   [   4% ] 083/250 VUs  0m09.9s/4m00.0s

running (0m10.9s), 091/250 VUs, 7769 complete and 0 interrupted iterations
default   [   5% ] 091/250 VUs  0m10.9s/4m00.0s

running (0m11.9s), 099/250 VUs, 8769 complete and 0 interrupted iterations
default   [   5% ] 099/250 VUs  0m11.9s/4m00.0s

running (0m12.9s), 108/250 VUs, 9769 complete and 0 interrupted iterations
default   [   5% ] 108/250 VUs  0m12.9s/4m00.0s

running (0m13.9s), 116/250 VUs, 10726 complete and 0 interrupted iterations
default   [   6% ] 116/250 VUs  0m13.9s/4m00.0s

running (0m14.9s), 124/250 VUs, 11719 complete and 0 interrupted iterations
default   [   6% ] 124/250 VUs  0m14.9s/4m00.0s

running (0m15.9s), 132/250 VUs, 12719 complete and 0 interrupted iterations
default   [   7% ] 132/250 VUs  0m15.9s/4m00.0s

running (0m16.9s), 141/250 VUs, 13687 complete and 0 interrupted iterations
default   [   7% ] 141/250 VUs  0m16.9s/4m00.0s

running (0m17.9s), 149/250 VUs, 14669 complete and 0 interrupted iterations
default   [   7% ] 149/250 VUs  0m17.9s/4m00.0s

running (0m18.9s), 157/250 VUs, 15669 complete and 0 interrupted iterations
default   [   8% ] 157/250 VUs  0m18.9s/4m00.0s

running (0m19.9s), 166/250 VUs, 16650 complete and 0 interrupted iterations
default   [   8% ] 166/250 VUs  0m19.9s/4m00.0s

running (0m20.9s), 174/250 VUs, 17619 complete and 0 interrupted iterations
default   [   9% ] 174/250 VUs  0m20.9s/4m00.0s

running (0m21.9s), 182/250 VUs, 18619 complete and 0 interrupted iterations
default   [   9% ] 182/250 VUs  0m21.9s/4m00.0s

running (0m22.9s), 191/250 VUs, 19603 complete and 0 interrupted iterations
default   [  10% ] 191/250 VUs  0m22.9s/4m00.0s

running (0m23.9s), 199/250 VUs, 20569 complete and 0 interrupted iterations
default   [  10% ] 199/250 VUs  0m23.9s/4m00.0s

running (0m24.9s), 207/250 VUs, 21569 complete and 0 interrupted iterations
default   [  10% ] 207/250 VUs  0m24.9s/4m00.0s

running (0m25.9s), 215/250 VUs, 22569 complete and 0 interrupted iterations
default   [  11% ] 215/250 VUs  0m25.9s/4m00.0s

running (0m26.9s), 224/250 VUs, 23519 complete and 0 interrupted iterations
default   [  11% ] 224/250 VUs  0m26.9s/4m00.0s

running (0m27.9s), 232/250 VUs, 24519 complete and 0 interrupted iterations
default   [  12% ] 232/250 VUs  0m27.9s/4m00.0s

running (0m28.9s), 240/250 VUs, 25519 complete and 0 interrupted iterations
default   [  12% ] 240/250 VUs  0m28.9s/4m00.0s

running (0m29.9s), 249/250 VUs, 26469 complete and 0 interrupted iterations
default   [  12% ] 249/250 VUs  0m29.9s/4m00.0s

running (0m30.9s), 250/250 VUs, 27469 complete and 0 interrupted iterations
default   [  13% ] 250/250 VUs  0m30.9s/4m00.0s

running (0m31.9s), 250/250 VUs, 28469 complete and 0 interrupted iterations
default   [  13% ] 250/250 VUs  0m31.9s/4m00.0s

running (0m32.9s), 250/250 VUs, 29419 complete and 0 interrupted iterations
default   [  14% ] 250/250 VUs  0m32.9s/4m00.0s

running (0m33.9s), 250/250 VUs, 30419 complete and 0 interrupted iterations
default   [  14% ] 250/250 VUs  0m33.9s/4m00.0s

running (0m34.9s), 250/250 VUs, 31419 complete and 0 interrupted iterations
default   [  15% ] 250/250 VUs  0m34.9s/4m00.0s

running (0m35.9s), 250/250 VUs, 32369 complete and 0 interrupted iterations
default   [  15% ] 250/250 VUs  0m35.9s/4m00.0s

running (0m36.9s), 250/250 VUs, 33369 complete and 0 interrupted iterations
default   [  15% ] 250/250 VUs  0m36.9s/4m00.0s

running (0m37.9s), 250/250 VUs, 34362 complete and 0 interrupted iterations
default   [  16% ] 250/250 VUs  0m37.9s/4m00.0s

running (0m38.9s), 250/250 VUs, 35319 complete and 0 interrupted iterations
default   [  16% ] 250/250 VUs  0m38.9s/4m00.0s

running (0m39.9s), 250/250 VUs, 36319 complete and 0 interrupted iterations
default   [  17% ] 250/250 VUs  0m39.9s/4m00.0s

running (0m40.9s), 250/250 VUs, 37312 complete and 0 interrupted iterations
default   [  17% ] 250/250 VUs  0m40.9s/4m00.0s

running (0m41.9s), 250/250 VUs, 38269 complete and 0 interrupted iterations
default   [  17% ] 250/250 VUs  0m41.9s/4m00.0s

running (0m42.9s), 250/250 VUs, 39269 complete and 0 interrupted iterations
default   [  18% ] 250/250 VUs  0m42.9s/4m00.0s

running (0m43.9s), 250/250 VUs, 40250 complete and 0 interrupted iterations
default   [  18% ] 250/250 VUs  0m43.9s/4m00.0s

running (0m44.9s), 250/250 VUs, 41219 complete and 0 interrupted iterations
default   [  19% ] 250/250 VUs  0m44.9s/4m00.0s

running (0m45.9s), 250/250 VUs, 42219 complete and 0 interrupted iterations
default   [  19% ] 250/250 VUs  0m45.9s/4m00.0s

running (0m46.9s), 250/250 VUs, 43201 complete and 0 interrupted iterations
default   [  20% ] 250/250 VUs  0m46.9s/4m00.0s

running (0m47.9s), 250/250 VUs, 44169 complete and 0 interrupted iterations
default   [  20% ] 250/250 VUs  0m47.9s/4m00.0s

running (0m48.9s), 250/250 VUs, 45169 complete and 0 interrupted iterations
default   [  20% ] 250/250 VUs  0m48.9s/4m00.0s

running (0m49.9s), 250/250 VUs, 46130 complete and 0 interrupted iterations
default   [  21% ] 250/250 VUs  0m49.9s/4m00.0s

running (0m50.9s), 250/250 VUs, 47119 complete and 0 interrupted iterations
default   [  21% ] 250/250 VUs  0m50.9s/4m00.0s

running (0m51.9s), 250/250 VUs, 48119 complete and 0 interrupted iterations
default   [  22% ] 250/250 VUs  0m51.9s/4m00.0s

running (0m52.9s), 250/250 VUs, 49076 complete and 0 interrupted iterations
default   [  22% ] 250/250 VUs  0m52.9s/4m00.0s

running (0m53.9s), 250/250 VUs, 50069 complete and 0 interrupted iterations
default   [  22% ] 250/250 VUs  0m53.9s/4m00.0s

running (0m54.9s), 250/250 VUs, 51069 complete and 0 interrupted iterations
default   [  23% ] 250/250 VUs  0m54.9s/4m00.0s

running (0m55.9s), 250/250 VUs, 52033 complete and 0 interrupted iterations
default   [  23% ] 250/250 VUs  0m55.9s/4m00.0s

running (0m56.9s), 250/250 VUs, 53019 complete and 0 interrupted iterations
default   [  24% ] 250/250 VUs  0m56.9s/4m00.0s

running (0m57.9s), 250/250 VUs, 54019 complete and 0 interrupted iterations
default   [  24% ] 250/250 VUs  0m57.9s/4m00.0s

running (0m58.9s), 250/250 VUs, 54980 complete and 0 interrupted iterations
default   [  25% ] 250/250 VUs  0m58.9s/4m00.0s

running (0m59.9s), 250/250 VUs, 55969 complete and 0 interrupted iterations
default   [  25% ] 250/250 VUs  0m59.9s/4m00.0s

running (1m00.9s), 250/250 VUs, 56969 complete and 0 interrupted iterations
default   [  25% ] 250/250 VUs  1m00.9s/4m00.0s

running (1m01.9s), 250/250 VUs, 57925 complete and 0 interrupted iterations
default   [  26% ] 250/250 VUs  1m01.9s/4m00.0s

running (1m02.9s), 250/250 VUs, 58919 complete and 0 interrupted iterations
default   [  26% ] 250/250 VUs  1m02.9s/4m00.0s

running (1m03.9s), 250/250 VUs, 59919 complete and 0 interrupted iterations
default   [  27% ] 250/250 VUs  1m03.9s/4m00.0s

running (1m04.9s), 250/250 VUs, 60869 complete and 0 interrupted iterations
default   [  27% ] 250/250 VUs  1m04.9s/4m00.0s

running (1m05.9s), 250/250 VUs, 61869 complete and 0 interrupted iterations
default   [  27% ] 250/250 VUs  1m05.9s/4m00.0s

running (1m06.9s), 250/250 VUs, 62869 complete and 0 interrupted iterations
default   [  28% ] 250/250 VUs  1m06.9s/4m00.0s

running (1m07.9s), 250/250 VUs, 63833 complete and 0 interrupted iterations
default   [  28% ] 250/250 VUs  1m07.9s/4m00.0s

running (1m08.9s), 250/250 VUs, 64819 complete and 0 interrupted iterations
default   [  29% ] 250/250 VUs  1m08.9s/4m00.0s

running (1m09.9s), 250/250 VUs, 65819 complete and 0 interrupted iterations
default   [  29% ] 250/250 VUs  1m09.9s/4m00.0s

running (1m10.9s), 250/250 VUs, 66769 complete and 0 interrupted iterations
default   [  30% ] 250/250 VUs  1m10.9s/4m00.0s

running (1m11.9s), 250/250 VUs, 67769 complete and 0 interrupted iterations
default   [  30% ] 250/250 VUs  1m11.9s/4m00.0s

running (1m12.9s), 250/250 VUs, 68765 complete and 0 interrupted iterations
default   [  30% ] 250/250 VUs  1m12.9s/4m00.0s

running (1m13.9s), 250/250 VUs, 69719 complete and 0 interrupted iterations
default   [  31% ] 250/250 VUs  1m13.9s/4m00.0s

running (1m14.9s), 250/250 VUs, 70719 complete and 0 interrupted iterations
default   [  31% ] 250/250 VUs  1m14.9s/4m00.0s

running (1m15.9s), 250/250 VUs, 71719 complete and 0 interrupted iterations
default   [  32% ] 250/250 VUs  1m15.9s/4m00.0s

running (1m16.9s), 250/250 VUs, 72669 complete and 0 interrupted iterations
default   [  32% ] 250/250 VUs  1m16.9s/4m00.0s

running (1m17.9s), 250/250 VUs, 73669 complete and 0 interrupted iterations
default   [  32% ] 250/250 VUs  1m17.9s/4m00.0s

running (1m18.9s), 250/250 VUs, 74669 complete and 0 interrupted iterations
default   [  33% ] 250/250 VUs  1m18.9s/4m00.0s

running (1m19.9s), 250/250 VUs, 75619 complete and 0 interrupted iterations
default   [  33% ] 250/250 VUs  1m19.9s/4m00.0s

running (1m20.9s), 250/250 VUs, 76619 complete and 0 interrupted iterations
default   [  34% ] 250/250 VUs  1m20.9s/4m00.0s

running (1m21.9s), 250/250 VUs, 77619 complete and 0 interrupted iterations
default   [  34% ] 250/250 VUs  1m21.9s/4m00.0s

running (1m22.9s), 250/250 VUs, 78569 complete and 0 interrupted iterations
default   [  35% ] 250/250 VUs  1m22.9s/4m00.0s

running (1m23.9s), 250/250 VUs, 79569 complete and 0 interrupted iterations
default   [  35% ] 250/250 VUs  1m23.9s/4m00.0s

running (1m24.9s), 250/250 VUs, 80569 complete and 0 interrupted iterations
default   [  35% ] 250/250 VUs  1m24.9s/4m00.0s

running (1m25.9s), 250/250 VUs, 81519 complete and 0 interrupted iterations
default   [  36% ] 250/250 VUs  1m25.9s/4m00.0s

running (1m26.9s), 250/250 VUs, 82519 complete and 0 interrupted iterations
default   [  36% ] 250/250 VUs  1m26.9s/4m00.0s

running (1m27.9s), 250/250 VUs, 83519 complete and 0 interrupted iterations
default   [  37% ] 250/250 VUs  1m27.9s/4m00.0s

running (1m28.9s), 250/250 VUs, 84478 complete and 0 interrupted iterations
default   [  37% ] 250/250 VUs  1m28.9s/4m00.0s

running (1m29.9s), 250/250 VUs, 85469 complete and 0 interrupted iterations
default   [  37% ] 250/250 VUs  1m29.9s/4m00.0s

running (1m30.9s), 250/250 VUs, 86469 complete and 0 interrupted iterations
default   [  38% ] 250/250 VUs  1m30.9s/4m00.0s

running (1m31.9s), 250/250 VUs, 87430 complete and 0 interrupted iterations
default   [  38% ] 250/250 VUs  1m31.9s/4m00.0s

running (1m32.9s), 250/250 VUs, 88419 complete and 0 interrupted iterations
default   [  39% ] 250/250 VUs  1m32.9s/4m00.0s

running (1m33.9s), 250/250 VUs, 89419 complete and 0 interrupted iterations
default   [  39% ] 250/250 VUs  1m33.9s/4m00.0s

running (1m34.9s), 250/250 VUs, 90391 complete and 0 interrupted iterations
default   [  40% ] 250/250 VUs  1m34.9s/4m00.0s

running (1m35.9s), 250/250 VUs, 91369 complete and 0 interrupted iterations
default   [  40% ] 250/250 VUs  1m35.9s/4m00.0s

running (1m36.9s), 250/250 VUs, 92369 complete and 0 interrupted iterations
default   [  40% ] 250/250 VUs  1m36.9s/4m00.0s

running (1m37.9s), 250/250 VUs, 93319 complete and 0 interrupted iterations
default   [  41% ] 250/250 VUs  1m37.9s/4m00.0s

running (1m38.9s), 250/250 VUs, 94319 complete and 0 interrupted iterations
default   [  41% ] 250/250 VUs  1m38.9s/4m00.0s

running (1m39.9s), 250/250 VUs, 95319 complete and 0 interrupted iterations
default   [  42% ] 250/250 VUs  1m39.9s/4m00.0s

running (1m40.9s), 250/250 VUs, 96269 complete and 0 interrupted iterations
default   [  42% ] 250/250 VUs  1m40.9s/4m00.0s

running (1m41.9s), 250/250 VUs, 97269 complete and 0 interrupted iterations
default   [  42% ] 250/250 VUs  1m41.9s/4m00.0s

running (1m42.9s), 250/250 VUs, 98244 complete and 0 interrupted iterations
default   [  43% ] 250/250 VUs  1m42.9s/4m00.0s

running (1m43.9s), 250/250 VUs, 99219 complete and 0 interrupted iterations
default   [  43% ] 250/250 VUs  1m43.9s/4m00.0s

running (1m44.9s), 250/250 VUs, 100219 complete and 0 interrupted iterations
default   [  44% ] 250/250 VUs  1m44.9s/4m00.0s

running (1m45.9s), 250/250 VUs, 101205 complete and 0 interrupted iterations
default   [  44% ] 250/250 VUs  1m45.9s/4m00.0s

running (1m46.9s), 250/250 VUs, 102169 complete and 0 interrupted iterations
default   [  45% ] 250/250 VUs  1m46.9s/4m00.0s

running (1m47.9s), 250/250 VUs, 103169 complete and 0 interrupted iterations
default   [  45% ] 250/250 VUs  1m47.9s/4m00.0s

running (1m48.9s), 250/250 VUs, 104169 complete and 0 interrupted iterations
default   [  45% ] 250/250 VUs  1m48.9s/4m00.0s

running (1m49.9s), 250/250 VUs, 105119 complete and 0 interrupted iterations
default   [  46% ] 250/250 VUs  1m49.9s/4m00.0s

running (1m50.9s), 250/250 VUs, 106119 complete and 0 interrupted iterations
default   [  46% ] 250/250 VUs  1m50.9s/4m00.0s

running (1m51.9s), 250/250 VUs, 107117 complete and 0 interrupted iterations
default   [  47% ] 250/250 VUs  1m51.9s/4m00.0s

running (1m52.9s), 250/250 VUs, 108069 complete and 0 interrupted iterations
default   [  47% ] 250/250 VUs  1m52.9s/4m00.0s

running (1m53.9s), 250/250 VUs, 109069 complete and 0 interrupted iterations
default   [  47% ] 250/250 VUs  1m53.9s/4m00.0s

running (1m54.9s), 250/250 VUs, 110069 complete and 0 interrupted iterations
default   [  48% ] 250/250 VUs  1m54.9s/4m00.0s

running (1m55.9s), 250/250 VUs, 111019 complete and 0 interrupted iterations
default   [  48% ] 250/250 VUs  1m55.9s/4m00.0s

running (1m56.9s), 250/250 VUs, 112019 complete and 0 interrupted iterations
default   [  49% ] 250/250 VUs  1m56.9s/4m00.0s

running (1m57.9s), 250/250 VUs, 113019 complete and 0 interrupted iterations
default   [  49% ] 250/250 VUs  1m57.9s/4m00.0s

running (1m58.9s), 250/250 VUs, 113969 complete and 0 interrupted iterations
default   [  50% ] 250/250 VUs  1m58.9s/4m00.0s

running (1m59.9s), 250/250 VUs, 114969 complete and 0 interrupted iterations
default   [  50% ] 250/250 VUs  1m59.9s/4m00.0s

running (2m00.9s), 250/250 VUs, 115969 complete and 0 interrupted iterations
default   [  50% ] 250/250 VUs  2m00.9s/4m00.0s

running (2m01.9s), 250/250 VUs, 116919 complete and 0 interrupted iterations
default   [  51% ] 250/250 VUs  2m01.9s/4m00.0s

running (2m02.9s), 250/250 VUs, 117919 complete and 0 interrupted iterations
default   [  51% ] 250/250 VUs  2m02.9s/4m00.0s

running (2m03.9s), 250/250 VUs, 118919 complete and 0 interrupted iterations
default   [  52% ] 250/250 VUs  2m03.9s/4m00.0s

running (2m04.9s), 250/250 VUs, 119869 complete and 0 interrupted iterations
default   [  52% ] 250/250 VUs  2m04.9s/4m00.0s

running (2m05.9s), 250/250 VUs, 120869 complete and 0 interrupted iterations
default   [  52% ] 250/250 VUs  2m05.9s/4m00.0s

running (2m06.9s), 250/250 VUs, 121869 complete and 0 interrupted iterations
default   [  53% ] 250/250 VUs  2m06.9s/4m00.0s

running (2m07.9s), 250/250 VUs, 122819 complete and 0 interrupted iterations
default   [  53% ] 250/250 VUs  2m07.9s/4m00.0s

running (2m08.9s), 250/250 VUs, 123819 complete and 0 interrupted iterations
default   [  54% ] 250/250 VUs  2m08.9s/4m00.0s

running (2m09.9s), 250/250 VUs, 124819 complete and 0 interrupted iterations
default   [  54% ] 250/250 VUs  2m09.9s/4m00.0s

running (2m10.9s), 250/250 VUs, 125769 complete and 0 interrupted iterations
default   [  55% ] 250/250 VUs  2m10.9s/4m00.0s

running (2m11.9s), 250/250 VUs, 126769 complete and 0 interrupted iterations
default   [  55% ] 250/250 VUs  2m11.9s/4m00.0s

running (2m12.9s), 250/250 VUs, 127769 complete and 0 interrupted iterations
default   [  55% ] 250/250 VUs  2m12.9s/4m00.0s

running (2m13.9s), 250/250 VUs, 128719 complete and 0 interrupted iterations
default   [  56% ] 250/250 VUs  2m13.9s/4m00.0s

running (2m14.9s), 250/250 VUs, 129719 complete and 0 interrupted iterations
default   [  56% ] 250/250 VUs  2m14.9s/4m00.0s

running (2m15.9s), 250/250 VUs, 130719 complete and 0 interrupted iterations
default   [  57% ] 250/250 VUs  2m15.9s/4m00.0s

running (2m16.9s), 250/250 VUs, 131669 complete and 0 interrupted iterations
default   [  57% ] 250/250 VUs  2m16.9s/4m00.0s

running (2m17.9s), 250/250 VUs, 132669 complete and 0 interrupted iterations
default   [  57% ] 250/250 VUs  2m17.9s/4m00.0s

running (2m18.9s), 250/250 VUs, 133669 complete and 0 interrupted iterations
default   [  58% ] 250/250 VUs  2m18.9s/4m00.0s

running (2m19.9s), 250/250 VUs, 134619 complete and 0 interrupted iterations
default   [  58% ] 250/250 VUs  2m19.9s/4m00.0s

running (2m20.9s), 250/250 VUs, 135619 complete and 0 interrupted iterations
default   [  59% ] 250/250 VUs  2m20.9s/4m00.0s

running (2m21.9s), 250/250 VUs, 136619 complete and 0 interrupted iterations
default   [  59% ] 250/250 VUs  2m21.9s/4m00.0s

running (2m22.9s), 250/250 VUs, 137569 complete and 0 interrupted iterations
default   [  60% ] 250/250 VUs  2m22.9s/4m00.0s

running (2m23.9s), 250/250 VUs, 138569 complete and 0 interrupted iterations
default   [  60% ] 250/250 VUs  2m23.9s/4m00.0s

running (2m24.9s), 250/250 VUs, 139569 complete and 0 interrupted iterations
default   [  60% ] 250/250 VUs  2m24.9s/4m00.0s

running (2m25.9s), 250/250 VUs, 140519 complete and 0 interrupted iterations
default   [  61% ] 250/250 VUs  2m25.9s/4m00.0s

running (2m26.9s), 250/250 VUs, 141519 complete and 0 interrupted iterations
default   [  61% ] 250/250 VUs  2m26.9s/4m00.0s

running (2m27.9s), 250/250 VUs, 142519 complete and 0 interrupted iterations
default   [  62% ] 250/250 VUs  2m27.9s/4m00.0s

running (2m28.9s), 250/250 VUs, 143477 complete and 0 interrupted iterations
default   [  62% ] 250/250 VUs  2m28.9s/4m00.0s

running (2m29.9s), 250/250 VUs, 144469 complete and 0 interrupted iterations
default   [  62% ] 250/250 VUs  2m29.9s/4m00.0s

running (2m30.9s), 250/250 VUs, 145469 complete and 0 interrupted iterations
default   [  63% ] 250/250 VUs  2m30.9s/4m00.0s

running (2m31.9s), 250/250 VUs, 146469 complete and 0 interrupted iterations
default   [  63% ] 250/250 VUs  2m31.9s/4m00.0s

running (2m32.9s), 250/250 VUs, 147419 complete and 0 interrupted iterations
default   [  64% ] 250/250 VUs  2m32.9s/4m00.0s

running (2m33.9s), 250/250 VUs, 148419 complete and 0 interrupted iterations
default   [  64% ] 250/250 VUs  2m33.9s/4m00.0s

running (2m34.9s), 250/250 VUs, 149400 complete and 0 interrupted iterations
default   [  65% ] 250/250 VUs  2m34.9s/4m00.0s

running (2m35.9s), 250/250 VUs, 150369 complete and 0 interrupted iterations
default   [  65% ] 250/250 VUs  2m35.9s/4m00.0s

running (2m36.9s), 250/250 VUs, 151369 complete and 0 interrupted iterations
default   [  65% ] 250/250 VUs  2m36.9s/4m00.0s

running (2m37.9s), 250/250 VUs, 152369 complete and 0 interrupted iterations
default   [  66% ] 250/250 VUs  2m37.9s/4m00.0s

running (2m38.9s), 250/250 VUs, 153319 complete and 0 interrupted iterations
default   [  66% ] 250/250 VUs  2m38.9s/4m00.0s

running (2m39.9s), 250/250 VUs, 154319 complete and 0 interrupted iterations
default   [  67% ] 250/250 VUs  2m39.9s/4m00.0s

running (2m40.9s), 250/250 VUs, 155269 complete and 0 interrupted iterations
default   [  67% ] 250/250 VUs  2m40.9s/4m00.0s

running (2m41.9s), 250/250 VUs, 156269 complete and 0 interrupted iterations
default   [  67% ] 250/250 VUs  2m41.9s/4m00.0s

running (2m42.9s), 250/250 VUs, 157269 complete and 0 interrupted iterations
default   [  68% ] 250/250 VUs  2m42.9s/4m00.0s

running (2m43.9s), 250/250 VUs, 158219 complete and 0 interrupted iterations
default   [  68% ] 250/250 VUs  2m43.9s/4m00.0s

running (2m44.9s), 250/250 VUs, 159219 complete and 0 interrupted iterations
default   [  69% ] 250/250 VUs  2m44.9s/4m00.0s

running (2m45.9s), 250/250 VUs, 160219 complete and 0 interrupted iterations
default   [  69% ] 250/250 VUs  2m45.9s/4m00.0s

running (2m46.9s), 250/250 VUs, 161169 complete and 0 interrupted iterations
default   [  70% ] 250/250 VUs  2m46.9s/4m00.0s

running (2m47.9s), 250/250 VUs, 162169 complete and 0 interrupted iterations
default   [  70% ] 250/250 VUs  2m47.9s/4m00.0s

running (2m48.9s), 250/250 VUs, 163157 complete and 0 interrupted iterations
default   [  70% ] 250/250 VUs  2m48.9s/4m00.0s

running (2m49.9s), 250/250 VUs, 164119 complete and 0 interrupted iterations
default   [  71% ] 250/250 VUs  2m49.9s/4m00.0s

running (2m50.9s), 250/250 VUs, 165119 complete and 0 interrupted iterations
default   [  71% ] 250/250 VUs  2m50.9s/4m00.0s

running (2m51.9s), 250/250 VUs, 166119 complete and 0 interrupted iterations
default   [  72% ] 250/250 VUs  2m51.9s/4m00.0s

running (2m52.9s), 250/250 VUs, 167069 complete and 0 interrupted iterations
default   [  72% ] 250/250 VUs  2m52.9s/4m00.0s

running (2m53.9s), 250/250 VUs, 168069 complete and 0 interrupted iterations
default   [  72% ] 250/250 VUs  2m53.9s/4m00.0s

running (2m54.9s), 250/250 VUs, 169019 complete and 0 interrupted iterations
default   [  73% ] 250/250 VUs  2m54.9s/4m00.0s

running (2m55.9s), 250/250 VUs, 170019 complete and 0 interrupted iterations
default   [  73% ] 250/250 VUs  2m55.9s/4m00.0s

running (2m56.9s), 250/250 VUs, 171019 complete and 0 interrupted iterations
default   [  74% ] 250/250 VUs  2m56.9s/4m00.0s

running (2m57.9s), 250/250 VUs, 171969 complete and 0 interrupted iterations
default   [  74% ] 250/250 VUs  2m57.9s/4m00.0s

running (2m58.9s), 250/250 VUs, 172969 complete and 0 interrupted iterations
default   [  75% ] 250/250 VUs  2m58.9s/4m00.0s

running (2m59.9s), 250/250 VUs, 173969 complete and 0 interrupted iterations
default   [  75% ] 250/250 VUs  2m59.9s/4m00.0s

running (3m00.9s), 250/250 VUs, 174919 complete and 0 interrupted iterations
default   [  75% ] 250/250 VUs  3m00.9s/4m00.0s

running (3m01.9s), 250/250 VUs, 175919 complete and 0 interrupted iterations
default   [  76% ] 250/250 VUs  3m01.9s/4m00.0s

running (3m02.9s), 250/250 VUs, 176877 complete and 0 interrupted iterations
default   [  76% ] 250/250 VUs  3m02.9s/4m00.0s

running (3m03.9s), 250/250 VUs, 177869 complete and 0 interrupted iterations
default   [  77% ] 250/250 VUs  3m03.9s/4m00.0s

running (3m04.9s), 250/250 VUs, 178869 complete and 0 interrupted iterations
default   [  77% ] 250/250 VUs  3m04.9s/4m00.0s

running (3m05.9s), 250/250 VUs, 179819 complete and 0 interrupted iterations
default   [  77% ] 250/250 VUs  3m05.9s/4m00.0s

running (3m06.9s), 250/250 VUs, 180819 complete and 0 interrupted iterations
default   [  78% ] 250/250 VUs  3m06.9s/4m00.0s

running (3m07.9s), 250/250 VUs, 181819 complete and 0 interrupted iterations
default   [  78% ] 250/250 VUs  3m07.9s/4m00.0s

running (3m08.9s), 250/250 VUs, 182769 complete and 0 interrupted iterations
default   [  79% ] 250/250 VUs  3m08.9s/4m00.0s

running (3m09.9s), 250/250 VUs, 183769 complete and 0 interrupted iterations
default   [  79% ] 250/250 VUs  3m09.9s/4m00.0s

running (3m10.9s), 250/250 VUs, 184766 complete and 0 interrupted iterations
default   [  80% ] 250/250 VUs  3m10.9s/4m00.0s

running (3m11.9s), 250/250 VUs, 185719 complete and 0 interrupted iterations
default   [  80% ] 250/250 VUs  3m11.9s/4m00.0s

running (3m12.9s), 250/250 VUs, 186719 complete and 0 interrupted iterations
default   [  80% ] 250/250 VUs  3m12.9s/4m00.0s

running (3m13.9s), 250/250 VUs, 187719 complete and 0 interrupted iterations
default   [  81% ] 250/250 VUs  3m13.9s/4m00.0s

running (3m14.9s), 250/250 VUs, 188669 complete and 0 interrupted iterations
default   [  81% ] 250/250 VUs  3m14.9s/4m00.0s

running (3m15.9s), 250/250 VUs, 189669 complete and 0 interrupted iterations
default   [  82% ] 250/250 VUs  3m15.9s/4m00.0s

running (3m16.9s), 250/250 VUs, 190645 complete and 0 interrupted iterations
default   [  82% ] 250/250 VUs  3m16.9s/4m00.0s

running (3m17.9s), 250/250 VUs, 191619 complete and 0 interrupted iterations
default   [  82% ] 250/250 VUs  3m17.9s/4m00.0s

running (3m18.9s), 250/250 VUs, 192619 complete and 0 interrupted iterations
default   [  83% ] 250/250 VUs  3m18.9s/4m00.0s

running (3m19.9s), 250/250 VUs, 193619 complete and 0 interrupted iterations
default   [  83% ] 250/250 VUs  3m19.9s/4m00.0s

running (3m20.9s), 250/250 VUs, 194569 complete and 0 interrupted iterations
default   [  84% ] 250/250 VUs  3m20.9s/4m00.0s

running (3m21.9s), 250/250 VUs, 195569 complete and 0 interrupted iterations
default   [  84% ] 250/250 VUs  3m21.9s/4m00.0s

running (3m22.9s), 250/250 VUs, 196523 complete and 0 interrupted iterations
default   [  85% ] 250/250 VUs  3m22.9s/4m00.0s

running (3m23.9s), 250/250 VUs, 197519 complete and 0 interrupted iterations
default   [  85% ] 250/250 VUs  3m23.9s/4m00.0s

running (3m24.9s), 250/250 VUs, 198519 complete and 0 interrupted iterations
default   [  85% ] 250/250 VUs  3m24.9s/4m00.0s

running (3m25.9s), 250/250 VUs, 199469 complete and 0 interrupted iterations
default   [  86% ] 250/250 VUs  3m25.9s/4m00.0s

running (3m26.9s), 250/250 VUs, 200469 complete and 0 interrupted iterations
default   [  86% ] 250/250 VUs  3m26.9s/4m00.0s

running (3m27.9s), 250/250 VUs, 201469 complete and 0 interrupted iterations
default   [  87% ] 250/250 VUs  3m27.9s/4m00.0s

running (3m28.9s), 250/250 VUs, 202419 complete and 0 interrupted iterations
default   [  87% ] 250/250 VUs  3m28.9s/4m00.0s

running (3m29.9s), 250/250 VUs, 203419 complete and 0 interrupted iterations
default   [  87% ] 250/250 VUs  3m29.9s/4m00.0s

running (3m30.9s), 246/250 VUs, 204419 complete and 0 interrupted iterations
default   [  88% ] 246/250 VUs  3m30.9s/4m00.0s

running (3m31.9s), 236/250 VUs, 205369 complete and 0 interrupted iterations
default   [  88% ] 236/250 VUs  3m31.9s/4m00.0s

running (3m32.9s), 229/250 VUs, 206369 complete and 0 interrupted iterations
default   [  89% ] 229/250 VUs  3m32.9s/4m00.0s

running (3m33.9s), 218/250 VUs, 207369 complete and 0 interrupted iterations
default   [  89% ] 218/250 VUs  3m33.9s/4m00.0s

running (3m34.9s), 210/250 VUs, 208319 complete and 0 interrupted iterations
default   [  90% ] 210/250 VUs  3m34.9s/4m00.0s

running (3m35.9s), 202/250 VUs, 209319 complete and 0 interrupted iterations
default   [  90% ] 202/250 VUs  3m35.9s/4m00.0s

running (3m36.9s), 194/250 VUs, 210319 complete and 0 interrupted iterations
default   [  90% ] 194/250 VUs  3m36.9s/4m00.0s

running (3m37.9s), 186/250 VUs, 211269 complete and 0 interrupted iterations
default   [  91% ] 186/250 VUs  3m37.9s/4m00.0s

running (3m38.9s), 177/250 VUs, 212269 complete and 0 interrupted iterations
default   [  91% ] 177/250 VUs  3m38.9s/4m00.0s

running (3m39.9s), 169/250 VUs, 213269 complete and 0 interrupted iterations
default   [  92% ] 169/250 VUs  3m39.9s/4m00.0s

running (3m40.9s), 161/250 VUs, 214219 complete and 0 interrupted iterations
default   [  92% ] 161/250 VUs  3m40.9s/4m00.0s

running (3m41.9s), 153/250 VUs, 215219 complete and 0 interrupted iterations
default   [  92% ] 153/250 VUs  3m41.9s/4m00.0s

running (3m42.9s), 143/250 VUs, 216219 complete and 0 interrupted iterations
default   [  93% ] 143/250 VUs  3m42.9s/4m00.0s

running (3m43.9s), 136/250 VUs, 217169 complete and 0 interrupted iterations
default   [  93% ] 136/250 VUs  3m43.9s/4m00.0s

running (3m44.9s), 127/250 VUs, 218169 complete and 0 interrupted iterations
default   [  94% ] 127/250 VUs  3m44.9s/4m00.0s

running (3m45.9s), 119/250 VUs, 219169 complete and 0 interrupted iterations
default   [  94% ] 119/250 VUs  3m45.9s/4m00.0s

running (3m46.9s), 111/250 VUs, 220119 complete and 0 interrupted iterations
default   [  95% ] 111/250 VUs  3m46.9s/4m00.0s

running (3m47.9s), 102/250 VUs, 221119 complete and 0 interrupted iterations
default   [  95% ] 102/250 VUs  3m47.9s/4m00.0s

running (3m48.9s), 093/250 VUs, 222119 complete and 0 interrupted iterations
default   [  95% ] 093/250 VUs  3m48.9s/4m00.0s

running (3m49.9s), 085/250 VUs, 223069 complete and 0 interrupted iterations
default   [  96% ] 085/250 VUs  3m49.9s/4m00.0s

running (3m50.9s), 077/250 VUs, 224069 complete and 0 interrupted iterations
default   [  96% ] 077/250 VUs  3m50.9s/4m00.0s

running (3m51.9s), 069/250 VUs, 225069 complete and 0 interrupted iterations
default   [  97% ] 069/250 VUs  3m51.9s/4m00.0s

running (3m52.9s), 060/250 VUs, 226019 complete and 0 interrupted iterations
default   [  97% ] 060/250 VUs  3m52.9s/4m00.0s

running (3m53.9s), 052/250 VUs, 227019 complete and 0 interrupted iterations
default   [  97% ] 052/250 VUs  3m53.9s/4m00.0s

running (3m54.9s), 043/250 VUs, 227956 complete and 0 interrupted iterations
default   [  98% ] 043/250 VUs  3m54.9s/4m00.0s

running (3m55.9s), 035/250 VUs, 228713 complete and 0 interrupted iterations
default   [  98% ] 035/250 VUs  3m55.9s/4m00.0s

running (3m56.9s), 027/250 VUs, 229302 complete and 0 interrupted iterations
default   [  99% ] 027/250 VUs  3m56.9s/4m00.0s

running (3m57.9s), 018/250 VUs, 229755 complete and 0 interrupted iterations
default   [  99% ] 018/250 VUs  3m57.9s/4m00.0s

running (3m58.9s), 010/250 VUs, 230026 complete and 0 interrupted iterations
default   [ 100% ] 010/250 VUs  3m58.9s/4m00.0s

running (3m59.9s), 001/250 VUs, 230145 complete and 0 interrupted iterations
default   [ 100% ] 001/250 VUs  3m59.9s/4m00.0s


  █ THRESHOLDS 

    checks
    ✓ 'rate>0.95' rate=100.00%

    http_req_duration
    ✓ 'p(95)<5000' p(95)=559.3ms
    ✓ 'p(99)<10000' p(99)=716.35ms

    http_req_failed
    ✓ 'rate<0.05' rate=0.00%


  █ TOTAL RESULTS 

    checks_total.......: 920592  3835.180189/s
    checks_succeeded...: 100.00% 920592 out of 920592
    checks_failed......: 0.00%   0 out of 920592

    ✓ status is 200
    ✓ content-type is json
    ✓ workloadType is IO-BOUND
    ✓ executionTimeMs exists

    CUSTOM
    response_time_ms...............: min=50.52517 avg=228.111056 med=202.196785 max=1934.922573 p(90)=407.558599 p(95)=559.307904 p(99)=716.358788
    successful_requests............: 230148 958.795047/s

    HTTP
    http_req_duration..............: min=50.52ms  avg=228.11ms   med=202.19ms   max=1.93s       p(90)=407.55ms   p(95)=559.3ms    p(99)=716.35ms  
      { expected_response:true }...: min=50.52ms  avg=228.11ms   med=202.19ms   max=1.93s       p(90)=407.55ms   p(95)=559.3ms    p(99)=716.35ms  
    http_req_failed................: 0.00%  0 out of 230148
    http_reqs......................: 230148 958.795047/s

    EXECUTION
    iteration_duration.............: min=50.63ms  avg=228.27ms   med=202.36ms   max=1.93s       p(90)=407.73ms   p(95)=559.47ms   p(99)=716.54ms  
    iterations.....................: 230148 958.795047/s
    vus............................: 1      min=1           max=250
    vus_max........................: 250    min=250         max=250

    NETWORK
    data_received..................: 64 MB  265 kB/s
    data_sent......................: 18 MB  76 kB/s




running (4m00.0s), 000/250 VUs, 230148 complete and 0 interrupted iterations
default ✓ [ 100% ] 000/250 VUs  4m0s
