
         /\      Grafana   /‾‾/  
    /\  /  \     |\  __   /  /   
   /  \/    \    | |/ /  /   ‾‾\ 
  /          \   |   (  |  (‾)  |
 / __________ \  |_|\_\  \_____/ 


     execution: local
        script: io-bound-test.js
        output: -

     scenarios: (100.00%) 1 scenario, 100 max VUs, 4m30s max duration (incl. graceful stop):
              * default: Up to 100 looping VUs for 4m0s over 3 stages (gracefulRampDown: 30s, gracefulStop: 30s)


running (0m00.9s), 004/100 VUs, 36 complete and 0 interrupted iterations
default   [   0% ] 004/100 VUs  0m00.9s/4m00.0s

running (0m01.9s), 007/100 VUs, 140 complete and 0 interrupted iterations
default   [   1% ] 007/100 VUs  0m01.9s/4m00.0s

running (0m02.9s), 010/100 VUs, 304 complete and 0 interrupted iterations
default   [   1% ] 010/100 VUs  0m02.9s/4m00.0s

running (0m03.9s), 014/100 VUs, 534 complete and 0 interrupted iterations
default   [   2% ] 014/100 VUs  0m03.9s/4m00.0s

running (0m04.9s), 017/100 VUs, 832 complete and 0 interrupted iterations
default   [   2% ] 017/100 VUs  0m04.9s/4m00.0s

running (0m05.9s), 020/100 VUs, 1191 complete and 0 interrupted iterations
default   [   2% ] 020/100 VUs  0m05.9s/4m00.0s

running (0m06.9s), 023/100 VUs, 1619 complete and 0 interrupted iterations
default   [   3% ] 023/100 VUs  0m06.9s/4m00.0s

running (0m07.9s), 027/100 VUs, 2102 complete and 0 interrupted iterations
default   [   3% ] 027/100 VUs  0m07.9s/4m00.0s

running (0m08.9s), 030/100 VUs, 2653 complete and 0 interrupted iterations
default   [   4% ] 030/100 VUs  0m08.9s/4m00.0s

running (0m09.9s), 033/100 VUs, 3270 complete and 0 interrupted iterations
default   [   4% ] 033/100 VUs  0m09.9s/4m00.0s

running (0m10.9s), 037/100 VUs, 3955 complete and 0 interrupted iterations
default   [   5% ] 037/100 VUs  0m10.9s/4m00.0s

running (0m11.9s), 040/100 VUs, 4699 complete and 0 interrupted iterations
default   [   5% ] 040/100 VUs  0m11.9s/4m00.0s

running (0m12.9s), 043/100 VUs, 5496 complete and 0 interrupted iterations
default   [   5% ] 043/100 VUs  0m12.9s/4m00.0s

running (0m13.9s), 047/100 VUs, 6372 complete and 0 interrupted iterations
default   [   6% ] 047/100 VUs  0m13.9s/4m00.0s

running (0m14.9s), 050/100 VUs, 7324 complete and 0 interrupted iterations
default   [   6% ] 050/100 VUs  0m14.9s/4m00.0s

running (0m15.9s), 053/100 VUs, 8305 complete and 0 interrupted iterations
default   [   7% ] 053/100 VUs  0m15.9s/4m00.0s

running (0m16.9s), 056/100 VUs, 9281 complete and 0 interrupted iterations
default   [   7% ] 056/100 VUs  0m16.9s/4m00.0s

running (0m17.9s), 060/100 VUs, 10276 complete and 0 interrupted iterations
default   [   7% ] 060/100 VUs  0m17.9s/4m00.0s

running (0m18.9s), 063/100 VUs, 11276 complete and 0 interrupted iterations
default   [   8% ] 063/100 VUs  0m18.9s/4m00.0s

running (0m19.9s), 066/100 VUs, 12275 complete and 0 interrupted iterations
default   [   8% ] 066/100 VUs  0m19.9s/4m00.0s

running (0m20.9s), 070/100 VUs, 13244 complete and 0 interrupted iterations
default   [   9% ] 070/100 VUs  0m20.9s/4m00.0s

running (0m21.9s), 073/100 VUs, 14226 complete and 0 interrupted iterations
default   [   9% ] 073/100 VUs  0m21.9s/4m00.0s

running (0m22.9s), 076/100 VUs, 15226 complete and 0 interrupted iterations
default   [  10% ] 076/100 VUs  0m22.9s/4m00.0s

running (0m23.9s), 080/100 VUs, 16225 complete and 0 interrupted iterations
default   [  10% ] 080/100 VUs  0m23.9s/4m00.0s

running (0m24.9s), 083/100 VUs, 17176 complete and 0 interrupted iterations
default   [  10% ] 083/100 VUs  0m24.9s/4m00.0s

running (0m25.9s), 086/100 VUs, 18176 complete and 0 interrupted iterations
default   [  11% ] 086/100 VUs  0m25.9s/4m00.0s

running (0m26.9s), 089/100 VUs, 19176 complete and 0 interrupted iterations
default   [  11% ] 089/100 VUs  0m26.9s/4m00.0s

running (0m27.9s), 093/100 VUs, 20126 complete and 0 interrupted iterations
default   [  12% ] 093/100 VUs  0m27.9s/4m00.0s

running (0m28.9s), 096/100 VUs, 21126 complete and 0 interrupted iterations
default   [  12% ] 096/100 VUs  0m28.9s/4m00.0s

running (0m29.9s), 099/100 VUs, 22126 complete and 0 interrupted iterations
default   [  12% ] 099/100 VUs  0m29.9s/4m00.0s

running (0m30.9s), 100/100 VUs, 23076 complete and 0 interrupted iterations
default   [  13% ] 100/100 VUs  0m30.9s/4m00.0s

running (0m31.9s), 100/100 VUs, 24076 complete and 0 interrupted iterations
default   [  13% ] 100/100 VUs  0m31.9s/4m00.0s

running (0m32.9s), 100/100 VUs, 25076 complete and 0 interrupted iterations
default   [  14% ] 100/100 VUs  0m32.9s/4m00.0s

running (0m33.9s), 100/100 VUs, 26026 complete and 0 interrupted iterations
default   [  14% ] 100/100 VUs  0m33.9s/4m00.0s

running (0m34.9s), 100/100 VUs, 27026 complete and 0 interrupted iterations
default   [  15% ] 100/100 VUs  0m34.9s/4m00.0s

running (0m35.9s), 100/100 VUs, 28026 complete and 0 interrupted iterations
default   [  15% ] 100/100 VUs  0m35.9s/4m00.0s

running (0m36.9s), 100/100 VUs, 28976 complete and 0 interrupted iterations
default   [  15% ] 100/100 VUs  0m36.9s/4m00.0s

running (0m37.9s), 100/100 VUs, 29976 complete and 0 interrupted iterations
default   [  16% ] 100/100 VUs  0m37.9s/4m00.0s

running (0m38.9s), 100/100 VUs, 30976 complete and 0 interrupted iterations
default   [  16% ] 100/100 VUs  0m38.9s/4m00.0s

running (0m39.9s), 100/100 VUs, 31929 complete and 0 interrupted iterations
default   [  17% ] 100/100 VUs  0m39.9s/4m00.0s

running (0m40.9s), 100/100 VUs, 32926 complete and 0 interrupted iterations
default   [  17% ] 100/100 VUs  0m40.9s/4m00.0s

running (0m41.9s), 100/100 VUs, 33926 complete and 0 interrupted iterations
default   [  17% ] 100/100 VUs  0m41.9s/4m00.0s

running (0m42.9s), 100/100 VUs, 34883 complete and 0 interrupted iterations
default   [  18% ] 100/100 VUs  0m42.9s/4m00.0s

running (0m43.9s), 100/100 VUs, 35876 complete and 0 interrupted iterations
default   [  18% ] 100/100 VUs  0m43.9s/4m00.0s

running (0m44.9s), 100/100 VUs, 36876 complete and 0 interrupted iterations
default   [  19% ] 100/100 VUs  0m44.9s/4m00.0s

running (0m45.9s), 100/100 VUs, 37852 complete and 0 interrupted iterations
default   [  19% ] 100/100 VUs  0m45.9s/4m00.0s

running (0m46.9s), 100/100 VUs, 38826 complete and 0 interrupted iterations
default   [  20% ] 100/100 VUs  0m46.9s/4m00.0s

running (0m47.9s), 100/100 VUs, 39826 complete and 0 interrupted iterations
default   [  20% ] 100/100 VUs  0m47.9s/4m00.0s

running (0m48.9s), 100/100 VUs, 40803 complete and 0 interrupted iterations
default   [  20% ] 100/100 VUs  0m48.9s/4m00.0s

running (0m49.9s), 100/100 VUs, 41776 complete and 0 interrupted iterations
default   [  21% ] 100/100 VUs  0m49.9s/4m00.0s

running (0m50.9s), 100/100 VUs, 42776 complete and 0 interrupted iterations
default   [  21% ] 100/100 VUs  0m50.9s/4m00.0s

running (0m51.9s), 100/100 VUs, 43754 complete and 0 interrupted iterations
default   [  22% ] 100/100 VUs  0m51.9s/4m00.0s

running (0m52.9s), 100/100 VUs, 44726 complete and 0 interrupted iterations
default   [  22% ] 100/100 VUs  0m52.9s/4m00.0s

running (0m53.9s), 100/100 VUs, 45726 complete and 0 interrupted iterations
default   [  22% ] 100/100 VUs  0m53.9s/4m00.0s

running (0m54.9s), 100/100 VUs, 46726 complete and 0 interrupted iterations
default   [  23% ] 100/100 VUs  0m54.9s/4m00.0s

running (0m55.9s), 100/100 VUs, 47676 complete and 0 interrupted iterations
default   [  23% ] 100/100 VUs  0m55.9s/4m00.0s

running (0m56.9s), 100/100 VUs, 48676 complete and 0 interrupted iterations
default   [  24% ] 100/100 VUs  0m56.9s/4m00.0s

running (0m57.9s), 100/100 VUs, 49676 complete and 0 interrupted iterations
default   [  24% ] 100/100 VUs  0m57.9s/4m00.0s

running (0m58.9s), 100/100 VUs, 50626 complete and 0 interrupted iterations
default   [  25% ] 100/100 VUs  0m58.9s/4m00.0s

running (0m59.9s), 100/100 VUs, 51626 complete and 0 interrupted iterations
default   [  25% ] 100/100 VUs  0m59.9s/4m00.0s

running (1m00.9s), 100/100 VUs, 52626 complete and 0 interrupted iterations
default   [  25% ] 100/100 VUs  1m00.9s/4m00.0s

running (1m01.9s), 100/100 VUs, 53576 complete and 0 interrupted iterations
default   [  26% ] 100/100 VUs  1m01.9s/4m00.0s

running (1m02.9s), 100/100 VUs, 54576 complete and 0 interrupted iterations
default   [  26% ] 100/100 VUs  1m02.9s/4m00.0s

running (1m03.9s), 100/100 VUs, 55576 complete and 0 interrupted iterations
default   [  27% ] 100/100 VUs  1m03.9s/4m00.0s

running (1m04.9s), 100/100 VUs, 56526 complete and 0 interrupted iterations
default   [  27% ] 100/100 VUs  1m04.9s/4m00.0s

running (1m05.9s), 100/100 VUs, 57526 complete and 0 interrupted iterations
default   [  27% ] 100/100 VUs  1m05.9s/4m00.0s

running (1m06.9s), 100/100 VUs, 58526 complete and 0 interrupted iterations
default   [  28% ] 100/100 VUs  1m06.9s/4m00.0s

running (1m07.9s), 100/100 VUs, 59476 complete and 0 interrupted iterations
default   [  28% ] 100/100 VUs  1m07.9s/4m00.0s

running (1m08.9s), 100/100 VUs, 60476 complete and 0 interrupted iterations
default   [  29% ] 100/100 VUs  1m08.9s/4m00.0s

running (1m09.9s), 100/100 VUs, 61476 complete and 0 interrupted iterations
default   [  29% ] 100/100 VUs  1m09.9s/4m00.0s

running (1m10.9s), 100/100 VUs, 62429 complete and 0 interrupted iterations
default   [  30% ] 100/100 VUs  1m10.9s/4m00.0s

running (1m11.9s), 100/100 VUs, 63426 complete and 0 interrupted iterations
default   [  30% ] 100/100 VUs  1m11.9s/4m00.0s

running (1m12.9s), 100/100 VUs, 64426 complete and 0 interrupted iterations
default   [  30% ] 100/100 VUs  1m12.9s/4m00.0s

running (1m13.9s), 100/100 VUs, 65381 complete and 0 interrupted iterations
default   [  31% ] 100/100 VUs  1m13.9s/4m00.0s

running (1m14.9s), 100/100 VUs, 66376 complete and 0 interrupted iterations
default   [  31% ] 100/100 VUs  1m14.9s/4m00.0s

running (1m15.9s), 100/100 VUs, 67376 complete and 0 interrupted iterations
default   [  32% ] 100/100 VUs  1m15.9s/4m00.0s

running (1m16.9s), 100/100 VUs, 68338 complete and 0 interrupted iterations
default   [  32% ] 100/100 VUs  1m16.9s/4m00.0s

running (1m17.9s), 100/100 VUs, 69326 complete and 0 interrupted iterations
default   [  32% ] 100/100 VUs  1m17.9s/4m00.0s

running (1m18.9s), 100/100 VUs, 70326 complete and 0 interrupted iterations
default   [  33% ] 100/100 VUs  1m18.9s/4m00.0s

running (1m19.9s), 100/100 VUs, 71305 complete and 0 interrupted iterations
default   [  33% ] 100/100 VUs  1m19.9s/4m00.0s

running (1m20.9s), 100/100 VUs, 72276 complete and 0 interrupted iterations
default   [  34% ] 100/100 VUs  1m20.9s/4m00.0s

running (1m21.9s), 100/100 VUs, 73276 complete and 0 interrupted iterations
default   [  34% ] 100/100 VUs  1m21.9s/4m00.0s

running (1m22.9s), 100/100 VUs, 74265 complete and 0 interrupted iterations
default   [  35% ] 100/100 VUs  1m22.9s/4m00.0s

running (1m23.9s), 100/100 VUs, 75226 complete and 0 interrupted iterations
default   [  35% ] 100/100 VUs  1m23.9s/4m00.0s

running (1m24.9s), 100/100 VUs, 76226 complete and 0 interrupted iterations
default   [  35% ] 100/100 VUs  1m24.9s/4m00.0s

running (1m25.9s), 100/100 VUs, 77210 complete and 0 interrupted iterations
default   [  36% ] 100/100 VUs  1m25.9s/4m00.0s

running (1m26.9s), 100/100 VUs, 78176 complete and 0 interrupted iterations
default   [  36% ] 100/100 VUs  1m26.9s/4m00.0s

running (1m27.9s), 100/100 VUs, 79176 complete and 0 interrupted iterations
default   [  37% ] 100/100 VUs  1m27.9s/4m00.0s

running (1m28.9s), 100/100 VUs, 80162 complete and 0 interrupted iterations
default   [  37% ] 100/100 VUs  1m28.9s/4m00.0s

running (1m29.9s), 100/100 VUs, 81126 complete and 0 interrupted iterations
default   [  37% ] 100/100 VUs  1m29.9s/4m00.0s

running (1m30.9s), 100/100 VUs, 82126 complete and 0 interrupted iterations
default   [  38% ] 100/100 VUs  1m30.9s/4m00.0s

running (1m31.9s), 100/100 VUs, 83105 complete and 0 interrupted iterations
default   [  38% ] 100/100 VUs  1m31.9s/4m00.0s

running (1m32.9s), 100/100 VUs, 84076 complete and 0 interrupted iterations
default   [  39% ] 100/100 VUs  1m32.9s/4m00.0s

running (1m33.9s), 100/100 VUs, 85076 complete and 0 interrupted iterations
default   [  39% ] 100/100 VUs  1m33.9s/4m00.0s

running (1m34.9s), 100/100 VUs, 86067 complete and 0 interrupted iterations
default   [  40% ] 100/100 VUs  1m34.9s/4m00.0s

running (1m35.9s), 100/100 VUs, 87026 complete and 0 interrupted iterations
default   [  40% ] 100/100 VUs  1m35.9s/4m00.0s

running (1m36.9s), 100/100 VUs, 88026 complete and 0 interrupted iterations
default   [  40% ] 100/100 VUs  1m36.9s/4m00.0s

running (1m38.0s), 100/100 VUs, 89008 complete and 0 interrupted iterations
default   [  41% ] 100/100 VUs  1m38.0s/4m00.0s

running (1m38.9s), 100/100 VUs, 89976 complete and 0 interrupted iterations
default   [  41% ] 100/100 VUs  1m38.9s/4m00.0s

running (1m39.9s), 100/100 VUs, 90976 complete and 0 interrupted iterations
default   [  42% ] 100/100 VUs  1m39.9s/4m00.0s

running (1m40.9s), 100/100 VUs, 91971 complete and 0 interrupted iterations
default   [  42% ] 100/100 VUs  1m40.9s/4m00.0s

running (1m41.9s), 100/100 VUs, 92926 complete and 0 interrupted iterations
default   [  42% ] 100/100 VUs  1m41.9s/4m00.0s

running (1m42.9s), 100/100 VUs, 93926 complete and 0 interrupted iterations
default   [  43% ] 100/100 VUs  1m42.9s/4m00.0s

running (1m43.9s), 100/100 VUs, 94926 complete and 0 interrupted iterations
default   [  43% ] 100/100 VUs  1m43.9s/4m00.0s

running (1m44.9s), 100/100 VUs, 95876 complete and 0 interrupted iterations
default   [  44% ] 100/100 VUs  1m44.9s/4m00.0s

running (1m45.9s), 100/100 VUs, 96876 complete and 0 interrupted iterations
default   [  44% ] 100/100 VUs  1m45.9s/4m00.0s

running (1m46.9s), 100/100 VUs, 97870 complete and 0 interrupted iterations
default   [  45% ] 100/100 VUs  1m46.9s/4m00.0s

running (1m47.9s), 100/100 VUs, 98826 complete and 0 interrupted iterations
default   [  45% ] 100/100 VUs  1m47.9s/4m00.0s

running (1m48.9s), 100/100 VUs, 99826 complete and 0 interrupted iterations
default   [  45% ] 100/100 VUs  1m48.9s/4m00.0s

running (1m49.9s), 100/100 VUs, 100826 complete and 0 interrupted iterations
default   [  46% ] 100/100 VUs  1m49.9s/4m00.0s

running (1m50.9s), 100/100 VUs, 101776 complete and 0 interrupted iterations
default   [  46% ] 100/100 VUs  1m50.9s/4m00.0s

running (1m51.9s), 100/100 VUs, 102776 complete and 0 interrupted iterations
default   [  47% ] 100/100 VUs  1m51.9s/4m00.0s

running (1m52.9s), 100/100 VUs, 103774 complete and 0 interrupted iterations
default   [  47% ] 100/100 VUs  1m52.9s/4m00.0s

running (1m53.9s), 100/100 VUs, 104726 complete and 0 interrupted iterations
default   [  47% ] 100/100 VUs  1m53.9s/4m00.0s

running (1m54.9s), 100/100 VUs, 105726 complete and 0 interrupted iterations
default   [  48% ] 100/100 VUs  1m54.9s/4m00.0s

running (1m56.0s), 100/100 VUs, 106726 complete and 0 interrupted iterations
default   [  48% ] 100/100 VUs  1m56.0s/4m00.0s

running (1m56.9s), 100/100 VUs, 107676 complete and 0 interrupted iterations
default   [  49% ] 100/100 VUs  1m56.9s/4m00.0s

running (1m57.9s), 100/100 VUs, 108676 complete and 0 interrupted iterations
default   [  49% ] 100/100 VUs  1m57.9s/4m00.0s

running (1m58.9s), 100/100 VUs, 109649 complete and 0 interrupted iterations
default   [  50% ] 100/100 VUs  1m58.9s/4m00.0s

running (1m59.9s), 100/100 VUs, 110626 complete and 0 interrupted iterations
default   [  50% ] 100/100 VUs  1m59.9s/4m00.0s

running (2m00.9s), 100/100 VUs, 111626 complete and 0 interrupted iterations
default   [  50% ] 100/100 VUs  2m00.9s/4m00.0s

running (2m01.9s), 100/100 VUs, 112614 complete and 0 interrupted iterations
default   [  51% ] 100/100 VUs  2m01.9s/4m00.0s

running (2m02.9s), 100/100 VUs, 113576 complete and 0 interrupted iterations
default   [  51% ] 100/100 VUs  2m02.9s/4m00.0s

running (2m03.9s), 100/100 VUs, 114576 complete and 0 interrupted iterations
default   [  52% ] 100/100 VUs  2m03.9s/4m00.0s

running (2m04.9s), 100/100 VUs, 115576 complete and 0 interrupted iterations
default   [  52% ] 100/100 VUs  2m04.9s/4m00.0s

running (2m05.9s), 100/100 VUs, 116526 complete and 0 interrupted iterations
default   [  52% ] 100/100 VUs  2m05.9s/4m00.0s

running (2m06.9s), 100/100 VUs, 117526 complete and 0 interrupted iterations
default   [  53% ] 100/100 VUs  2m06.9s/4m00.0s

running (2m07.9s), 100/100 VUs, 118526 complete and 0 interrupted iterations
default   [  53% ] 100/100 VUs  2m07.9s/4m00.0s

running (2m08.9s), 100/100 VUs, 119476 complete and 0 interrupted iterations
default   [  54% ] 100/100 VUs  2m08.9s/4m00.0s

running (2m09.9s), 100/100 VUs, 120476 complete and 0 interrupted iterations
default   [  54% ] 100/100 VUs  2m09.9s/4m00.0s

running (2m10.9s), 100/100 VUs, 121476 complete and 0 interrupted iterations
default   [  55% ] 100/100 VUs  2m10.9s/4m00.0s

running (2m11.9s), 100/100 VUs, 122426 complete and 0 interrupted iterations
default   [  55% ] 100/100 VUs  2m11.9s/4m00.0s

running (2m12.9s), 100/100 VUs, 123426 complete and 0 interrupted iterations
default   [  55% ] 100/100 VUs  2m12.9s/4m00.0s

running (2m13.9s), 100/100 VUs, 124426 complete and 0 interrupted iterations
default   [  56% ] 100/100 VUs  2m13.9s/4m00.0s

running (2m14.9s), 100/100 VUs, 125376 complete and 0 interrupted iterations
default   [  56% ] 100/100 VUs  2m14.9s/4m00.0s

running (2m15.9s), 100/100 VUs, 126376 complete and 0 interrupted iterations
default   [  57% ] 100/100 VUs  2m15.9s/4m00.0s

running (2m16.9s), 100/100 VUs, 127376 complete and 0 interrupted iterations
default   [  57% ] 100/100 VUs  2m16.9s/4m00.0s

running (2m17.9s), 100/100 VUs, 128326 complete and 0 interrupted iterations
default   [  57% ] 100/100 VUs  2m17.9s/4m00.0s

running (2m18.9s), 100/100 VUs, 129326 complete and 0 interrupted iterations
default   [  58% ] 100/100 VUs  2m18.9s/4m00.0s

running (2m19.9s), 100/100 VUs, 130326 complete and 0 interrupted iterations
default   [  58% ] 100/100 VUs  2m19.9s/4m00.0s

running (2m20.9s), 100/100 VUs, 131290 complete and 0 interrupted iterations
default   [  59% ] 100/100 VUs  2m20.9s/4m00.0s

running (2m21.9s), 100/100 VUs, 132276 complete and 0 interrupted iterations
default   [  59% ] 100/100 VUs  2m21.9s/4m00.0s

running (2m22.9s), 100/100 VUs, 133276 complete and 0 interrupted iterations
default   [  60% ] 100/100 VUs  2m22.9s/4m00.0s

running (2m24.0s), 100/100 VUs, 134276 complete and 0 interrupted iterations
default   [  60% ] 100/100 VUs  2m24.0s/4m00.0s

running (2m24.9s), 100/100 VUs, 135226 complete and 0 interrupted iterations
default   [  60% ] 100/100 VUs  2m24.9s/4m00.0s

running (2m25.9s), 100/100 VUs, 136226 complete and 0 interrupted iterations
default   [  61% ] 100/100 VUs  2m25.9s/4m00.0s

running (2m26.9s), 100/100 VUs, 137226 complete and 0 interrupted iterations
default   [  61% ] 100/100 VUs  2m26.9s/4m00.0s

running (2m27.9s), 100/100 VUs, 138176 complete and 0 interrupted iterations
default   [  62% ] 100/100 VUs  2m27.9s/4m00.0s

running (2m28.9s), 100/100 VUs, 139176 complete and 0 interrupted iterations
default   [  62% ] 100/100 VUs  2m28.9s/4m00.0s

running (2m29.9s), 100/100 VUs, 140176 complete and 0 interrupted iterations
default   [  62% ] 100/100 VUs  2m29.9s/4m00.0s

running (2m30.9s), 100/100 VUs, 141126 complete and 0 interrupted iterations
default   [  63% ] 100/100 VUs  2m30.9s/4m00.0s

running (2m31.9s), 100/100 VUs, 142126 complete and 0 interrupted iterations
default   [  63% ] 100/100 VUs  2m31.9s/4m00.0s

running (2m32.9s), 100/100 VUs, 143126 complete and 0 interrupted iterations
default   [  64% ] 100/100 VUs  2m32.9s/4m00.0s

running (2m33.9s), 100/100 VUs, 144126 complete and 0 interrupted iterations
default   [  64% ] 100/100 VUs  2m33.9s/4m00.0s

running (2m34.9s), 100/100 VUs, 145076 complete and 0 interrupted iterations
default   [  65% ] 100/100 VUs  2m34.9s/4m00.0s

running (2m35.9s), 100/100 VUs, 146076 complete and 0 interrupted iterations
default   [  65% ] 100/100 VUs  2m35.9s/4m00.0s

running (2m36.9s), 100/100 VUs, 147076 complete and 0 interrupted iterations
default   [  65% ] 100/100 VUs  2m36.9s/4m00.0s

running (2m37.9s), 100/100 VUs, 148026 complete and 0 interrupted iterations
default   [  66% ] 100/100 VUs  2m37.9s/4m00.0s

running (2m38.9s), 100/100 VUs, 149026 complete and 0 interrupted iterations
default   [  66% ] 100/100 VUs  2m38.9s/4m00.0s

running (2m39.9s), 100/100 VUs, 150026 complete and 0 interrupted iterations
default   [  67% ] 100/100 VUs  2m39.9s/4m00.0s

running (2m40.9s), 100/100 VUs, 150976 complete and 0 interrupted iterations
default   [  67% ] 100/100 VUs  2m40.9s/4m00.0s

running (2m41.9s), 100/100 VUs, 151976 complete and 0 interrupted iterations
default   [  67% ] 100/100 VUs  2m41.9s/4m00.0s

running (2m42.9s), 100/100 VUs, 152976 complete and 0 interrupted iterations
default   [  68% ] 100/100 VUs  2m42.9s/4m00.0s

running (2m43.9s), 100/100 VUs, 153929 complete and 0 interrupted iterations
default   [  68% ] 100/100 VUs  2m43.9s/4m00.0s

running (2m44.9s), 100/100 VUs, 154926 complete and 0 interrupted iterations
default   [  69% ] 100/100 VUs  2m44.9s/4m00.0s

running (2m45.9s), 100/100 VUs, 155926 complete and 0 interrupted iterations
default   [  69% ] 100/100 VUs  2m45.9s/4m00.0s

running (2m46.9s), 100/100 VUs, 156887 complete and 0 interrupted iterations
default   [  70% ] 100/100 VUs  2m46.9s/4m00.0s

running (2m47.9s), 100/100 VUs, 157876 complete and 0 interrupted iterations
default   [  70% ] 100/100 VUs  2m47.9s/4m00.0s

running (2m48.9s), 100/100 VUs, 158876 complete and 0 interrupted iterations
default   [  70% ] 100/100 VUs  2m48.9s/4m00.0s

running (2m50.0s), 100/100 VUs, 159876 complete and 0 interrupted iterations
default   [  71% ] 100/100 VUs  2m50.0s/4m00.0s

running (2m50.9s), 100/100 VUs, 160826 complete and 0 interrupted iterations
default   [  71% ] 100/100 VUs  2m50.9s/4m00.0s

running (2m51.9s), 100/100 VUs, 161826 complete and 0 interrupted iterations
default   [  72% ] 100/100 VUs  2m51.9s/4m00.0s

running (2m52.9s), 100/100 VUs, 162826 complete and 0 interrupted iterations
default   [  72% ] 100/100 VUs  2m52.9s/4m00.0s

running (2m53.9s), 100/100 VUs, 163776 complete and 0 interrupted iterations
default   [  72% ] 100/100 VUs  2m53.9s/4m00.0s

running (2m54.9s), 100/100 VUs, 164776 complete and 0 interrupted iterations
default   [  73% ] 100/100 VUs  2m54.9s/4m00.0s

running (2m55.9s), 100/100 VUs, 165776 complete and 0 interrupted iterations
default   [  73% ] 100/100 VUs  2m55.9s/4m00.0s

running (2m56.9s), 100/100 VUs, 166726 complete and 0 interrupted iterations
default   [  74% ] 100/100 VUs  2m56.9s/4m00.0s

running (2m57.9s), 100/100 VUs, 167726 complete and 0 interrupted iterations
default   [  74% ] 100/100 VUs  2m57.9s/4m00.0s

running (2m58.9s), 100/100 VUs, 168726 complete and 0 interrupted iterations
default   [  75% ] 100/100 VUs  2m58.9s/4m00.0s

running (2m59.9s), 100/100 VUs, 169676 complete and 0 interrupted iterations
default   [  75% ] 100/100 VUs  2m59.9s/4m00.0s

running (3m00.9s), 100/100 VUs, 170676 complete and 0 interrupted iterations
default   [  75% ] 100/100 VUs  3m00.9s/4m00.0s

running (3m01.9s), 100/100 VUs, 171676 complete and 0 interrupted iterations
default   [  76% ] 100/100 VUs  3m01.9s/4m00.0s

running (3m02.9s), 100/100 VUs, 172626 complete and 0 interrupted iterations
default   [  76% ] 100/100 VUs  3m02.9s/4m00.0s

running (3m03.9s), 100/100 VUs, 173626 complete and 0 interrupted iterations
default   [  77% ] 100/100 VUs  3m03.9s/4m00.0s

running (3m04.9s), 100/100 VUs, 174626 complete and 0 interrupted iterations
default   [  77% ] 100/100 VUs  3m04.9s/4m00.0s

running (3m05.9s), 100/100 VUs, 175585 complete and 0 interrupted iterations
default   [  77% ] 100/100 VUs  3m05.9s/4m00.0s

running (3m06.9s), 100/100 VUs, 176576 complete and 0 interrupted iterations
default   [  78% ] 100/100 VUs  3m06.9s/4m00.0s

running (3m07.9s), 100/100 VUs, 177576 complete and 0 interrupted iterations
default   [  78% ] 100/100 VUs  3m07.9s/4m00.0s

running (3m08.9s), 100/100 VUs, 178545 complete and 0 interrupted iterations
default   [  79% ] 100/100 VUs  3m08.9s/4m00.0s

running (3m09.9s), 100/100 VUs, 179526 complete and 0 interrupted iterations
default   [  79% ] 100/100 VUs  3m09.9s/4m00.0s

running (3m10.9s), 100/100 VUs, 180526 complete and 0 interrupted iterations
default   [  80% ] 100/100 VUs  3m10.9s/4m00.0s

running (3m12.0s), 100/100 VUs, 181526 complete and 0 interrupted iterations
default   [  80% ] 100/100 VUs  3m12.0s/4m00.0s

running (3m12.9s), 100/100 VUs, 182476 complete and 0 interrupted iterations
default   [  80% ] 100/100 VUs  3m12.9s/4m00.0s

running (3m13.9s), 100/100 VUs, 183476 complete and 0 interrupted iterations
default   [  81% ] 100/100 VUs  3m13.9s/4m00.0s

running (3m14.9s), 100/100 VUs, 184456 complete and 0 interrupted iterations
default   [  81% ] 100/100 VUs  3m14.9s/4m00.0s

running (3m15.9s), 100/100 VUs, 185426 complete and 0 interrupted iterations
default   [  82% ] 100/100 VUs  3m15.9s/4m00.0s

running (3m16.9s), 100/100 VUs, 186426 complete and 0 interrupted iterations
default   [  82% ] 100/100 VUs  3m16.9s/4m00.0s

running (3m17.9s), 100/100 VUs, 187395 complete and 0 interrupted iterations
default   [  82% ] 100/100 VUs  3m17.9s/4m00.0s

running (3m18.9s), 100/100 VUs, 188376 complete and 0 interrupted iterations
default   [  83% ] 100/100 VUs  3m18.9s/4m00.0s

running (3m19.9s), 100/100 VUs, 189376 complete and 0 interrupted iterations
default   [  83% ] 100/100 VUs  3m19.9s/4m00.0s

running (3m20.9s), 100/100 VUs, 190351 complete and 0 interrupted iterations
default   [  84% ] 100/100 VUs  3m20.9s/4m00.0s

running (3m21.9s), 100/100 VUs, 191326 complete and 0 interrupted iterations
default   [  84% ] 100/100 VUs  3m21.9s/4m00.0s

running (3m22.9s), 100/100 VUs, 192326 complete and 0 interrupted iterations
default   [  85% ] 100/100 VUs  3m22.9s/4m00.0s

running (3m23.9s), 100/100 VUs, 193325 complete and 0 interrupted iterations
default   [  85% ] 100/100 VUs  3m23.9s/4m00.0s

running (3m24.9s), 100/100 VUs, 194276 complete and 0 interrupted iterations
default   [  85% ] 100/100 VUs  3m24.9s/4m00.0s

running (3m25.9s), 100/100 VUs, 195276 complete and 0 interrupted iterations
default   [  86% ] 100/100 VUs  3m25.9s/4m00.0s

running (3m26.9s), 100/100 VUs, 196266 complete and 0 interrupted iterations
default   [  86% ] 100/100 VUs  3m26.9s/4m00.0s

running (3m27.9s), 100/100 VUs, 197226 complete and 0 interrupted iterations
default   [  87% ] 100/100 VUs  3m27.9s/4m00.0s

running (3m28.9s), 100/100 VUs, 198226 complete and 0 interrupted iterations
default   [  87% ] 100/100 VUs  3m28.9s/4m00.0s

running (3m29.9s), 100/100 VUs, 199214 complete and 0 interrupted iterations
default   [  87% ] 100/100 VUs  3m29.9s/4m00.0s

running (3m30.9s), 097/100 VUs, 200176 complete and 0 interrupted iterations
default   [  88% ] 097/100 VUs  3m30.9s/4m00.0s

running (3m31.9s), 094/100 VUs, 201176 complete and 0 interrupted iterations
default   [  88% ] 094/100 VUs  3m31.9s/4m00.0s

running (3m32.9s), 091/100 VUs, 202176 complete and 0 interrupted iterations
default   [  89% ] 091/100 VUs  3m32.9s/4m00.0s

running (3m33.9s), 087/100 VUs, 203126 complete and 0 interrupted iterations
default   [  89% ] 087/100 VUs  3m33.9s/4m00.0s

running (3m34.9s), 084/100 VUs, 204126 complete and 0 interrupted iterations
default   [  90% ] 084/100 VUs  3m34.9s/4m00.0s

running (3m35.9s), 081/100 VUs, 205126 complete and 0 interrupted iterations
default   [  90% ] 081/100 VUs  3m35.9s/4m00.0s

running (3m36.9s), 077/100 VUs, 206076 complete and 0 interrupted iterations
default   [  90% ] 077/100 VUs  3m36.9s/4m00.0s

running (3m37.9s), 074/100 VUs, 207076 complete and 0 interrupted iterations
default   [  91% ] 074/100 VUs  3m37.9s/4m00.0s

running (3m38.9s), 071/100 VUs, 208076 complete and 0 interrupted iterations
default   [  91% ] 071/100 VUs  3m38.9s/4m00.0s

running (3m39.9s), 067/100 VUs, 209026 complete and 0 interrupted iterations
default   [  92% ] 067/100 VUs  3m39.9s/4m00.0s

running (3m40.9s), 064/100 VUs, 210026 complete and 0 interrupted iterations
default   [  92% ] 064/100 VUs  3m40.9s/4m00.0s

running (3m41.9s), 061/100 VUs, 211026 complete and 0 interrupted iterations
default   [  92% ] 061/100 VUs  3m41.9s/4m00.0s

running (3m42.9s), 058/100 VUs, 211976 complete and 0 interrupted iterations
default   [  93% ] 058/100 VUs  3m42.9s/4m00.0s

running (3m43.9s), 054/100 VUs, 212976 complete and 0 interrupted iterations
default   [  93% ] 054/100 VUs  3m43.9s/4m00.0s

running (3m44.9s), 051/100 VUs, 213969 complete and 0 interrupted iterations
default   [  94% ] 051/100 VUs  3m44.9s/4m00.0s

running (3m45.9s), 047/100 VUs, 214909 complete and 0 interrupted iterations
default   [  94% ] 047/100 VUs  3m45.9s/4m00.0s

running (3m46.9s), 044/100 VUs, 215821 complete and 0 interrupted iterations
default   [  95% ] 044/100 VUs  3m46.9s/4m00.0s

running (3m47.9s), 041/100 VUs, 216632 complete and 0 interrupted iterations
default   [  95% ] 041/100 VUs  3m47.9s/4m00.0s

running (3m48.9s), 037/100 VUs, 217416 complete and 0 interrupted iterations
default   [  95% ] 037/100 VUs  3m48.9s/4m00.0s

running (3m49.9s), 034/100 VUs, 218096 complete and 0 interrupted iterations
default   [  96% ] 034/100 VUs  3m49.9s/4m00.0s

running (3m50.9s), 031/100 VUs, 218737 complete and 0 interrupted iterations
default   [  96% ] 031/100 VUs  3m50.9s/4m00.0s

running (3m51.9s), 027/100 VUs, 219300 complete and 0 interrupted iterations
default   [  97% ] 027/100 VUs  3m51.9s/4m00.0s

running (3m52.9s), 024/100 VUs, 219792 complete and 0 interrupted iterations
default   [  97% ] 024/100 VUs  3m52.9s/4m00.0s

running (3m53.9s), 021/100 VUs, 220242 complete and 0 interrupted iterations
default   [  97% ] 021/100 VUs  3m53.9s/4m00.0s

running (3m54.9s), 017/100 VUs, 220607 complete and 0 interrupted iterations
default   [  98% ] 017/100 VUs  3m54.9s/4m00.0s

running (3m55.9s), 014/100 VUs, 220923 complete and 0 interrupted iterations
default   [  98% ] 014/100 VUs  3m55.9s/4m00.0s

running (3m56.9s), 011/100 VUs, 221161 complete and 0 interrupted iterations
default   [  99% ] 011/100 VUs  3m56.9s/4m00.0s

running (3m57.9s), 007/100 VUs, 221345 complete and 0 interrupted iterations
default   [  99% ] 007/100 VUs  3m57.9s/4m00.0s

running (3m58.9s), 004/100 VUs, 221455 complete and 0 interrupted iterations
default   [ 100% ] 004/100 VUs  3m58.9s/4m00.0s

running (3m59.9s), 001/100 VUs, 221504 complete and 0 interrupted iterations
default   [ 100% ] 001/100 VUs  3m59.9s/4m00.0s


  █ THRESHOLDS 

    checks
    ✓ 'rate>0.95' rate=100.00%

    http_req_duration
    ✓ 'p(95)<5000' p(95)=177.26ms
    ✓ 'p(99)<10000' p(99)=251.32ms

    http_req_failed
    ✓ 'rate<0.05' rate=0.00%


  █ TOTAL RESULTS 

    checks_total.......: 886024  3691.733406/s
    checks_succeeded...: 100.00% 886024 out of 886024
    checks_failed......: 0.00%   0 out of 886024

    ✓ status is 200
    ✓ content-type is json
    ✓ workloadType is IO-BOUND
    ✓ executionTimeMs exists

    CUSTOM
    response_time_ms...............: min=50.579234 avg=94.719236 med=101.059543 max=552.135623 p(90)=151.62586 p(95)=177.262851 p(99)=251.326228
    successful_requests............: 221506 922.933351/s

    HTTP
    http_req_duration..............: min=50.57ms   avg=94.71ms   med=101.05ms   max=552.13ms   p(90)=151.62ms  p(95)=177.26ms   p(99)=251.32ms  
      { expected_response:true }...: min=50.57ms   avg=94.71ms   med=101.05ms   max=552.13ms   p(90)=151.62ms  p(95)=177.26ms   p(99)=251.32ms  
    http_req_failed................: 0.00%  0 out of 221506
    http_reqs......................: 221506 922.933351/s

    EXECUTION
    iteration_duration.............: min=50.69ms   avg=94.87ms   med=101.2ms    max=552.28ms   p(90)=151.78ms  p(95)=177.82ms   p(99)=251.47ms  
    iterations.....................: 221506 922.933351/s
    vus............................: 1      min=1           max=100
    vus_max........................: 100    min=100         max=100

    NETWORK
    data_received..................: 61 MB  255 kB/s
    data_sent......................: 18 MB  73 kB/s




running (4m00.0s), 000/100 VUs, 221506 complete and 0 interrupted iterations
default ✓ [ 100% ] 000/100 VUs  4m0s
