
         /\      Grafana   /‾‾/  
    /\  /  \     |\  __   /  /   
   /  \/    \    | |/ /  /   ‾‾\ 
  /          \   |   (  |  (‾)  |
 / __________ \  |_|\_\  \_____/ 


     execution: local
        script: cpu-bound-test.js
        output: -

     scenarios: (100.00%) 1 scenario, 10 max VUs, 4m30s max duration (incl. graceful stop):
              * default: Up to 10 looping VUs for 4m0s over 3 stages (gracefulRampDown: 30s, gracefulStop: 30s)


running (0m01.0s), 01/10 VUs, 21 complete and 0 interrupted iterations
default   [   0% ] 01/10 VUs  0m01.0s/4m00.0s

running (0m02.0s), 01/10 VUs, 42 complete and 0 interrupted iterations
default   [   1% ] 01/10 VUs  0m02.0s/4m00.0s

running (0m03.0s), 01/10 VUs, 63 complete and 0 interrupted iterations
default   [   1% ] 01/10 VUs  0m03.0s/4m00.0s

running (0m04.0s), 02/10 VUs, 97 complete and 0 interrupted iterations
default   [   2% ] 02/10 VUs  0m04.0s/4m00.0s

running (0m05.0s), 02/10 VUs, 137 complete and 0 interrupted iterations
default   [   2% ] 02/10 VUs  0m05.0s/4m00.0s

running (0m06.0s), 02/10 VUs, 175 complete and 0 interrupted iterations
default   [   2% ] 02/10 VUs  0m06.0s/4m00.0s

running (0m07.0s), 03/10 VUs, 215 complete and 0 interrupted iterations
default   [   3% ] 03/10 VUs  0m07.0s/4m00.0s

running (0m08.0s), 03/10 VUs, 258 complete and 0 interrupted iterations
default   [   3% ] 03/10 VUs  0m08.0s/4m00.0s

running (0m09.0s), 03/10 VUs, 300 complete and 0 interrupted iterations
default   [   4% ] 03/10 VUs  0m09.0s/4m00.0s

running (0m10.0s), 03/10 VUs, 341 complete and 0 interrupted iterations
default   [   4% ] 03/10 VUs  0m10.0s/4m00.0s

running (0m11.0s), 04/10 VUs, 383 complete and 0 interrupted iterations
default   [   5% ] 04/10 VUs  0m11.0s/4m00.0s

running (0m12.0s), 04/10 VUs, 424 complete and 0 interrupted iterations
default   [   5% ] 04/10 VUs  0m12.0s/4m00.0s

running (0m13.0s), 04/10 VUs, 466 complete and 0 interrupted iterations
default   [   5% ] 04/10 VUs  0m13.0s/4m00.0s

running (0m14.0s), 05/10 VUs, 506 complete and 0 interrupted iterations
default   [   6% ] 05/10 VUs  0m14.0s/4m00.0s

running (0m15.0s), 05/10 VUs, 548 complete and 0 interrupted iterations
default   [   6% ] 05/10 VUs  0m15.0s/4m00.0s

running (0m16.0s), 05/10 VUs, 590 complete and 0 interrupted iterations
default   [   7% ] 05/10 VUs  0m16.0s/4m00.0s

running (0m17.0s), 06/10 VUs, 631 complete and 0 interrupted iterations
default   [   7% ] 06/10 VUs  0m17.0s/4m00.0s

running (0m18.0s), 06/10 VUs, 673 complete and 0 interrupted iterations
default   [   7% ] 06/10 VUs  0m18.0s/4m00.0s

running (0m19.0s), 06/10 VUs, 714 complete and 0 interrupted iterations
default   [   8% ] 06/10 VUs  0m19.0s/4m00.0s

running (0m20.0s), 06/10 VUs, 754 complete and 0 interrupted iterations
default   [   8% ] 06/10 VUs  0m20.0s/4m00.0s

running (0m21.0s), 07/10 VUs, 796 complete and 0 interrupted iterations
default   [   9% ] 07/10 VUs  0m21.0s/4m00.0s

running (0m22.0s), 07/10 VUs, 839 complete and 0 interrupted iterations
default   [   9% ] 07/10 VUs  0m22.0s/4m00.0s

running (0m23.0s), 07/10 VUs, 880 complete and 0 interrupted iterations
default   [  10% ] 07/10 VUs  0m23.0s/4m00.0s

running (0m24.0s), 08/10 VUs, 920 complete and 0 interrupted iterations
default   [  10% ] 08/10 VUs  0m24.0s/4m00.0s

running (0m25.0s), 08/10 VUs, 962 complete and 0 interrupted iterations
default   [  10% ] 08/10 VUs  0m25.0s/4m00.0s

running (0m26.0s), 08/10 VUs, 1003 complete and 0 interrupted iterations
default   [  11% ] 08/10 VUs  0m26.0s/4m00.0s

running (0m27.0s), 09/10 VUs, 1044 complete and 0 interrupted iterations
default   [  11% ] 09/10 VUs  0m27.0s/4m00.0s

running (0m28.0s), 09/10 VUs, 1084 complete and 0 interrupted iterations
default   [  12% ] 09/10 VUs  0m28.0s/4m00.0s

running (0m29.0s), 09/10 VUs, 1127 complete and 0 interrupted iterations
default   [  12% ] 09/10 VUs  0m29.0s/4m00.0s

running (0m30.0s), 09/10 VUs, 1168 complete and 0 interrupted iterations
default   [  12% ] 09/10 VUs  0m30.0s/4m00.0s

running (0m31.0s), 10/10 VUs, 1209 complete and 0 interrupted iterations
default   [  13% ] 10/10 VUs  0m31.0s/4m00.0s

running (0m32.0s), 10/10 VUs, 1250 complete and 0 interrupted iterations
default   [  13% ] 10/10 VUs  0m32.0s/4m00.0s

running (0m33.0s), 10/10 VUs, 1292 complete and 0 interrupted iterations
default   [  14% ] 10/10 VUs  0m33.0s/4m00.0s

running (0m34.0s), 10/10 VUs, 1335 complete and 0 interrupted iterations
default   [  14% ] 10/10 VUs  0m34.0s/4m00.0s

running (0m35.0s), 10/10 VUs, 1375 complete and 0 interrupted iterations
default   [  15% ] 10/10 VUs  0m35.0s/4m00.0s

running (0m36.0s), 10/10 VUs, 1415 complete and 0 interrupted iterations
default   [  15% ] 10/10 VUs  0m36.0s/4m00.0s

running (0m37.0s), 10/10 VUs, 1457 complete and 0 interrupted iterations
default   [  15% ] 10/10 VUs  0m37.0s/4m00.0s

running (0m38.0s), 10/10 VUs, 1499 complete and 0 interrupted iterations
default   [  16% ] 10/10 VUs  0m38.0s/4m00.0s

running (0m39.0s), 10/10 VUs, 1540 complete and 0 interrupted iterations
default   [  16% ] 10/10 VUs  0m39.0s/4m00.0s

running (0m40.0s), 10/10 VUs, 1581 complete and 0 interrupted iterations
default   [  17% ] 10/10 VUs  0m40.0s/4m00.0s

running (0m41.0s), 10/10 VUs, 1626 complete and 0 interrupted iterations
default   [  17% ] 10/10 VUs  0m41.0s/4m00.0s

running (0m42.0s), 10/10 VUs, 1665 complete and 0 interrupted iterations
default   [  17% ] 10/10 VUs  0m42.0s/4m00.0s

running (0m43.0s), 10/10 VUs, 1707 complete and 0 interrupted iterations
default   [  18% ] 10/10 VUs  0m43.0s/4m00.0s

running (0m44.0s), 10/10 VUs, 1748 complete and 0 interrupted iterations
default   [  18% ] 10/10 VUs  0m44.0s/4m00.0s

running (0m45.0s), 10/10 VUs, 1790 complete and 0 interrupted iterations
default   [  19% ] 10/10 VUs  0m45.0s/4m00.0s

running (0m46.0s), 10/10 VUs, 1829 complete and 0 interrupted iterations
default   [  19% ] 10/10 VUs  0m46.0s/4m00.0s

running (0m47.0s), 10/10 VUs, 1871 complete and 0 interrupted iterations
default   [  20% ] 10/10 VUs  0m47.0s/4m00.0s

running (0m48.0s), 10/10 VUs, 1912 complete and 0 interrupted iterations
default   [  20% ] 10/10 VUs  0m48.0s/4m00.0s

running (0m49.0s), 10/10 VUs, 1956 complete and 0 interrupted iterations
default   [  20% ] 10/10 VUs  0m49.0s/4m00.0s

running (0m50.0s), 10/10 VUs, 1997 complete and 0 interrupted iterations
default   [  21% ] 10/10 VUs  0m50.0s/4m00.0s

running (0m51.0s), 10/10 VUs, 2038 complete and 0 interrupted iterations
default   [  21% ] 10/10 VUs  0m51.0s/4m00.0s

running (0m52.0s), 10/10 VUs, 2079 complete and 0 interrupted iterations
default   [  22% ] 10/10 VUs  0m52.0s/4m00.0s

running (0m53.0s), 10/10 VUs, 2120 complete and 0 interrupted iterations
default   [  22% ] 10/10 VUs  0m53.0s/4m00.0s

running (0m54.0s), 10/10 VUs, 2161 complete and 0 interrupted iterations
default   [  22% ] 10/10 VUs  0m54.0s/4m00.0s

running (0m55.0s), 10/10 VUs, 2205 complete and 0 interrupted iterations
default   [  23% ] 10/10 VUs  0m55.0s/4m00.0s

running (0m56.0s), 10/10 VUs, 2245 complete and 0 interrupted iterations
default   [  23% ] 10/10 VUs  0m56.0s/4m00.0s

running (0m57.0s), 10/10 VUs, 2287 complete and 0 interrupted iterations
default   [  24% ] 10/10 VUs  0m57.0s/4m00.0s

running (0m58.0s), 10/10 VUs, 2329 complete and 0 interrupted iterations
default   [  24% ] 10/10 VUs  0m58.0s/4m00.0s

running (0m59.0s), 10/10 VUs, 2368 complete and 0 interrupted iterations
default   [  25% ] 10/10 VUs  0m59.0s/4m00.0s

running (1m00.0s), 10/10 VUs, 2411 complete and 0 interrupted iterations
default   [  25% ] 10/10 VUs  1m00.0s/4m00.0s

running (1m01.0s), 10/10 VUs, 2451 complete and 0 interrupted iterations
default   [  25% ] 10/10 VUs  1m01.0s/4m00.0s

running (1m02.0s), 10/10 VUs, 2494 complete and 0 interrupted iterations
default   [  26% ] 10/10 VUs  1m02.0s/4m00.0s

running (1m03.0s), 10/10 VUs, 2534 complete and 0 interrupted iterations
default   [  26% ] 10/10 VUs  1m03.0s/4m00.0s

running (1m04.0s), 10/10 VUs, 2577 complete and 0 interrupted iterations
default   [  27% ] 10/10 VUs  1m04.0s/4m00.0s

running (1m05.0s), 10/10 VUs, 2618 complete and 0 interrupted iterations
default   [  27% ] 10/10 VUs  1m05.0s/4m00.0s

running (1m06.0s), 10/10 VUs, 2660 complete and 0 interrupted iterations
default   [  27% ] 10/10 VUs  1m06.0s/4m00.0s

running (1m07.0s), 10/10 VUs, 2701 complete and 0 interrupted iterations
default   [  28% ] 10/10 VUs  1m07.0s/4m00.0s

running (1m08.0s), 10/10 VUs, 2743 complete and 0 interrupted iterations
default   [  28% ] 10/10 VUs  1m08.0s/4m00.0s

running (1m09.0s), 10/10 VUs, 2785 complete and 0 interrupted iterations
default   [  29% ] 10/10 VUs  1m09.0s/4m00.0s

running (1m10.0s), 10/10 VUs, 2826 complete and 0 interrupted iterations
default   [  29% ] 10/10 VUs  1m10.0s/4m00.0s

running (1m11.0s), 10/10 VUs, 2870 complete and 0 interrupted iterations
default   [  30% ] 10/10 VUs  1m11.0s/4m00.0s

running (1m12.0s), 10/10 VUs, 2909 complete and 0 interrupted iterations
default   [  30% ] 10/10 VUs  1m12.0s/4m00.0s

running (1m13.0s), 10/10 VUs, 2949 complete and 0 interrupted iterations
default   [  30% ] 10/10 VUs  1m13.0s/4m00.0s

running (1m14.0s), 10/10 VUs, 2992 complete and 0 interrupted iterations
default   [  31% ] 10/10 VUs  1m14.0s/4m00.0s

running (1m15.0s), 10/10 VUs, 3032 complete and 0 interrupted iterations
default   [  31% ] 10/10 VUs  1m15.0s/4m00.0s

running (1m16.0s), 10/10 VUs, 3074 complete and 0 interrupted iterations
default   [  32% ] 10/10 VUs  1m16.0s/4m00.0s

running (1m17.0s), 10/10 VUs, 3116 complete and 0 interrupted iterations
default   [  32% ] 10/10 VUs  1m17.0s/4m00.0s

running (1m18.0s), 10/10 VUs, 3158 complete and 0 interrupted iterations
default   [  32% ] 10/10 VUs  1m18.0s/4m00.0s

running (1m19.0s), 10/10 VUs, 3199 complete and 0 interrupted iterations
default   [  33% ] 10/10 VUs  1m19.0s/4m00.0s

running (1m20.0s), 10/10 VUs, 3242 complete and 0 interrupted iterations
default   [  33% ] 10/10 VUs  1m20.0s/4m00.0s

running (1m21.0s), 10/10 VUs, 3282 complete and 0 interrupted iterations
default   [  34% ] 10/10 VUs  1m21.0s/4m00.0s

running (1m22.0s), 10/10 VUs, 3322 complete and 0 interrupted iterations
default   [  34% ] 10/10 VUs  1m22.0s/4m00.0s

running (1m23.0s), 10/10 VUs, 3364 complete and 0 interrupted iterations
default   [  35% ] 10/10 VUs  1m23.0s/4m00.0s

running (1m24.0s), 10/10 VUs, 3407 complete and 0 interrupted iterations
default   [  35% ] 10/10 VUs  1m24.0s/4m00.0s

running (1m25.0s), 10/10 VUs, 3448 complete and 0 interrupted iterations
default   [  35% ] 10/10 VUs  1m25.0s/4m00.0s

running (1m26.0s), 10/10 VUs, 3489 complete and 0 interrupted iterations
default   [  36% ] 10/10 VUs  1m26.0s/4m00.0s

running (1m27.0s), 10/10 VUs, 3531 complete and 0 interrupted iterations
default   [  36% ] 10/10 VUs  1m27.0s/4m00.0s

running (1m28.0s), 10/10 VUs, 3572 complete and 0 interrupted iterations
default   [  37% ] 10/10 VUs  1m28.0s/4m00.0s

running (1m29.0s), 10/10 VUs, 3614 complete and 0 interrupted iterations
default   [  37% ] 10/10 VUs  1m29.0s/4m00.0s

running (1m30.0s), 10/10 VUs, 3654 complete and 0 interrupted iterations
default   [  37% ] 10/10 VUs  1m30.0s/4m00.0s

running (1m31.0s), 10/10 VUs, 3695 complete and 0 interrupted iterations
default   [  38% ] 10/10 VUs  1m31.0s/4m00.0s

running (1m32.0s), 10/10 VUs, 3738 complete and 0 interrupted iterations
default   [  38% ] 10/10 VUs  1m32.0s/4m00.0s

running (1m33.0s), 10/10 VUs, 3778 complete and 0 interrupted iterations
default   [  39% ] 10/10 VUs  1m33.0s/4m00.0s

running (1m34.0s), 10/10 VUs, 3820 complete and 0 interrupted iterations
default   [  39% ] 10/10 VUs  1m34.0s/4m00.0s

running (1m35.0s), 10/10 VUs, 3863 complete and 0 interrupted iterations
default   [  40% ] 10/10 VUs  1m35.0s/4m00.0s

running (1m36.0s), 10/10 VUs, 3902 complete and 0 interrupted iterations
default   [  40% ] 10/10 VUs  1m36.0s/4m00.0s

running (1m37.0s), 10/10 VUs, 3944 complete and 0 interrupted iterations
default   [  40% ] 10/10 VUs  1m37.0s/4m00.0s

running (1m38.0s), 10/10 VUs, 3985 complete and 0 interrupted iterations
default   [  41% ] 10/10 VUs  1m38.0s/4m00.0s

running (1m39.0s), 10/10 VUs, 4026 complete and 0 interrupted iterations
default   [  41% ] 10/10 VUs  1m39.0s/4m00.0s

running (1m40.0s), 10/10 VUs, 4068 complete and 0 interrupted iterations
default   [  42% ] 10/10 VUs  1m40.0s/4m00.0s

running (1m41.0s), 10/10 VUs, 4110 complete and 0 interrupted iterations
default   [  42% ] 10/10 VUs  1m41.0s/4m00.0s

running (1m42.0s), 10/10 VUs, 4151 complete and 0 interrupted iterations
default   [  42% ] 10/10 VUs  1m42.0s/4m00.0s

running (1m43.0s), 10/10 VUs, 4193 complete and 0 interrupted iterations
default   [  43% ] 10/10 VUs  1m43.0s/4m00.0s

running (1m44.0s), 10/10 VUs, 4233 complete and 0 interrupted iterations
default   [  43% ] 10/10 VUs  1m44.0s/4m00.0s

running (1m45.0s), 10/10 VUs, 4276 complete and 0 interrupted iterations
default   [  44% ] 10/10 VUs  1m45.0s/4m00.0s

running (1m46.0s), 10/10 VUs, 4316 complete and 0 interrupted iterations
default   [  44% ] 10/10 VUs  1m46.0s/4m00.0s

running (1m47.0s), 10/10 VUs, 4358 complete and 0 interrupted iterations
default   [  45% ] 10/10 VUs  1m47.0s/4m00.0s

running (1m48.0s), 10/10 VUs, 4401 complete and 0 interrupted iterations
default   [  45% ] 10/10 VUs  1m48.0s/4m00.0s

running (1m49.0s), 10/10 VUs, 4440 complete and 0 interrupted iterations
default   [  45% ] 10/10 VUs  1m49.0s/4m00.0s

running (1m50.0s), 10/10 VUs, 4482 complete and 0 interrupted iterations
default   [  46% ] 10/10 VUs  1m50.0s/4m00.0s

running (1m51.0s), 10/10 VUs, 4524 complete and 0 interrupted iterations
default   [  46% ] 10/10 VUs  1m51.0s/4m00.0s

running (1m52.0s), 10/10 VUs, 4565 complete and 0 interrupted iterations
default   [  47% ] 10/10 VUs  1m52.0s/4m00.0s

running (1m53.0s), 10/10 VUs, 4608 complete and 0 interrupted iterations
default   [  47% ] 10/10 VUs  1m53.0s/4m00.0s

running (1m54.0s), 10/10 VUs, 4648 complete and 0 interrupted iterations
default   [  47% ] 10/10 VUs  1m54.0s/4m00.0s

running (1m55.0s), 10/10 VUs, 4690 complete and 0 interrupted iterations
default   [  48% ] 10/10 VUs  1m55.0s/4m00.0s

running (1m56.0s), 10/10 VUs, 4734 complete and 0 interrupted iterations
default   [  48% ] 10/10 VUs  1m56.0s/4m00.0s

running (1m57.0s), 10/10 VUs, 4774 complete and 0 interrupted iterations
default   [  49% ] 10/10 VUs  1m57.0s/4m00.0s

running (1m58.0s), 10/10 VUs, 4814 complete and 0 interrupted iterations
default   [  49% ] 10/10 VUs  1m58.0s/4m00.0s

running (1m59.0s), 10/10 VUs, 4855 complete and 0 interrupted iterations
default   [  50% ] 10/10 VUs  1m59.0s/4m00.0s

running (2m00.0s), 10/10 VUs, 4896 complete and 0 interrupted iterations
default   [  50% ] 10/10 VUs  2m00.0s/4m00.0s

running (2m01.0s), 10/10 VUs, 4938 complete and 0 interrupted iterations
default   [  50% ] 10/10 VUs  2m01.0s/4m00.0s

running (2m02.0s), 10/10 VUs, 4980 complete and 0 interrupted iterations
default   [  51% ] 10/10 VUs  2m02.0s/4m00.0s

running (2m03.0s), 10/10 VUs, 5021 complete and 0 interrupted iterations
default   [  51% ] 10/10 VUs  2m03.0s/4m00.0s

running (2m04.0s), 10/10 VUs, 5061 complete and 0 interrupted iterations
default   [  52% ] 10/10 VUs  2m04.0s/4m00.0s

running (2m05.0s), 10/10 VUs, 5104 complete and 0 interrupted iterations
default   [  52% ] 10/10 VUs  2m05.0s/4m00.0s

running (2m06.0s), 10/10 VUs, 5146 complete and 0 interrupted iterations
default   [  52% ] 10/10 VUs  2m06.0s/4m00.0s

running (2m07.0s), 10/10 VUs, 5185 complete and 0 interrupted iterations
default   [  53% ] 10/10 VUs  2m07.0s/4m00.0s

running (2m08.0s), 10/10 VUs, 5228 complete and 0 interrupted iterations
default   [  53% ] 10/10 VUs  2m08.0s/4m00.0s

running (2m09.0s), 10/10 VUs, 5269 complete and 0 interrupted iterations
default   [  54% ] 10/10 VUs  2m09.0s/4m00.0s

running (2m10.0s), 10/10 VUs, 5310 complete and 0 interrupted iterations
default   [  54% ] 10/10 VUs  2m10.0s/4m00.0s

running (2m11.0s), 10/10 VUs, 5353 complete and 0 interrupted iterations
default   [  55% ] 10/10 VUs  2m11.0s/4m00.0s

running (2m12.0s), 10/10 VUs, 5394 complete and 0 interrupted iterations
default   [  55% ] 10/10 VUs  2m12.0s/4m00.0s

running (2m13.0s), 10/10 VUs, 5434 complete and 0 interrupted iterations
default   [  55% ] 10/10 VUs  2m13.0s/4m00.0s

running (2m14.0s), 10/10 VUs, 5476 complete and 0 interrupted iterations
default   [  56% ] 10/10 VUs  2m14.0s/4m00.0s

running (2m15.0s), 10/10 VUs, 5519 complete and 0 interrupted iterations
default   [  56% ] 10/10 VUs  2m15.0s/4m00.0s

running (2m16.0s), 10/10 VUs, 5559 complete and 0 interrupted iterations
default   [  57% ] 10/10 VUs  2m16.0s/4m00.0s

running (2m17.0s), 10/10 VUs, 5600 complete and 0 interrupted iterations
default   [  57% ] 10/10 VUs  2m17.0s/4m00.0s

running (2m18.0s), 10/10 VUs, 5641 complete and 0 interrupted iterations
default   [  57% ] 10/10 VUs  2m18.0s/4m00.0s

running (2m19.0s), 10/10 VUs, 5684 complete and 0 interrupted iterations
default   [  58% ] 10/10 VUs  2m19.0s/4m00.0s

running (2m20.0s), 10/10 VUs, 5725 complete and 0 interrupted iterations
default   [  58% ] 10/10 VUs  2m20.0s/4m00.0s

running (2m21.0s), 10/10 VUs, 5765 complete and 0 interrupted iterations
default   [  59% ] 10/10 VUs  2m21.0s/4m00.0s

running (2m22.0s), 10/10 VUs, 5806 complete and 0 interrupted iterations
default   [  59% ] 10/10 VUs  2m22.0s/4m00.0s

running (2m23.0s), 10/10 VUs, 5850 complete and 0 interrupted iterations
default   [  60% ] 10/10 VUs  2m23.0s/4m00.0s

running (2m24.0s), 10/10 VUs, 5891 complete and 0 interrupted iterations
default   [  60% ] 10/10 VUs  2m24.0s/4m00.0s

running (2m25.0s), 10/10 VUs, 5932 complete and 0 interrupted iterations
default   [  60% ] 10/10 VUs  2m25.0s/4m00.0s

running (2m26.0s), 10/10 VUs, 5973 complete and 0 interrupted iterations
default   [  61% ] 10/10 VUs  2m26.0s/4m00.0s

running (2m27.0s), 10/10 VUs, 6013 complete and 0 interrupted iterations
default   [  61% ] 10/10 VUs  2m27.0s/4m00.0s

running (2m28.0s), 10/10 VUs, 6056 complete and 0 interrupted iterations
default   [  62% ] 10/10 VUs  2m28.0s/4m00.0s

running (2m29.0s), 10/10 VUs, 6099 complete and 0 interrupted iterations
default   [  62% ] 10/10 VUs  2m29.0s/4m00.0s

running (2m30.0s), 10/10 VUs, 6139 complete and 0 interrupted iterations
default   [  62% ] 10/10 VUs  2m30.0s/4m00.0s

running (2m31.0s), 10/10 VUs, 6179 complete and 0 interrupted iterations
default   [  63% ] 10/10 VUs  2m31.0s/4m00.0s

running (2m32.0s), 10/10 VUs, 6221 complete and 0 interrupted iterations
default   [  63% ] 10/10 VUs  2m32.0s/4m00.0s

running (2m33.0s), 10/10 VUs, 6263 complete and 0 interrupted iterations
default   [  64% ] 10/10 VUs  2m33.0s/4m00.0s

running (2m34.0s), 10/10 VUs, 6304 complete and 0 interrupted iterations
default   [  64% ] 10/10 VUs  2m34.0s/4m00.0s

running (2m35.0s), 10/10 VUs, 6346 complete and 0 interrupted iterations
default   [  65% ] 10/10 VUs  2m35.0s/4m00.0s

running (2m36.0s), 10/10 VUs, 6387 complete and 0 interrupted iterations
default   [  65% ] 10/10 VUs  2m36.0s/4m00.0s

running (2m37.0s), 10/10 VUs, 6428 complete and 0 interrupted iterations
default   [  65% ] 10/10 VUs  2m37.0s/4m00.0s

running (2m38.0s), 10/10 VUs, 6469 complete and 0 interrupted iterations
default   [  66% ] 10/10 VUs  2m38.0s/4m00.0s

running (2m39.0s), 10/10 VUs, 6511 complete and 0 interrupted iterations
default   [  66% ] 10/10 VUs  2m39.0s/4m00.0s

running (2m40.0s), 10/10 VUs, 6552 complete and 0 interrupted iterations
default   [  67% ] 10/10 VUs  2m40.0s/4m00.0s

running (2m41.0s), 10/10 VUs, 6596 complete and 0 interrupted iterations
default   [  67% ] 10/10 VUs  2m41.0s/4m00.0s

running (2m42.0s), 10/10 VUs, 6637 complete and 0 interrupted iterations
default   [  67% ] 10/10 VUs  2m42.0s/4m00.0s

running (2m43.0s), 10/10 VUs, 6676 complete and 0 interrupted iterations
default   [  68% ] 10/10 VUs  2m43.0s/4m00.0s

running (2m44.0s), 10/10 VUs, 6717 complete and 0 interrupted iterations
default   [  68% ] 10/10 VUs  2m44.0s/4m00.0s

running (2m45.0s), 10/10 VUs, 6758 complete and 0 interrupted iterations
default   [  69% ] 10/10 VUs  2m45.0s/4m00.0s

running (2m46.0s), 10/10 VUs, 6798 complete and 0 interrupted iterations
default   [  69% ] 10/10 VUs  2m46.0s/4m00.0s

running (2m47.0s), 10/10 VUs, 6840 complete and 0 interrupted iterations
default   [  70% ] 10/10 VUs  2m47.0s/4m00.0s

running (2m48.0s), 10/10 VUs, 6879 complete and 0 interrupted iterations
default   [  70% ] 10/10 VUs  2m48.0s/4m00.0s

running (2m49.0s), 10/10 VUs, 6923 complete and 0 interrupted iterations
default   [  70% ] 10/10 VUs  2m49.0s/4m00.0s

running (2m50.0s), 10/10 VUs, 6965 complete and 0 interrupted iterations
default   [  71% ] 10/10 VUs  2m50.0s/4m00.0s

running (2m51.0s), 10/10 VUs, 7004 complete and 0 interrupted iterations
default   [  71% ] 10/10 VUs  2m51.0s/4m00.0s

running (2m52.0s), 10/10 VUs, 7046 complete and 0 interrupted iterations
default   [  72% ] 10/10 VUs  2m52.0s/4m00.0s

running (2m53.0s), 10/10 VUs, 7087 complete and 0 interrupted iterations
default   [  72% ] 10/10 VUs  2m53.0s/4m00.0s

running (2m54.0s), 10/10 VUs, 7129 complete and 0 interrupted iterations
default   [  72% ] 10/10 VUs  2m54.0s/4m00.0s

running (2m55.0s), 10/10 VUs, 7171 complete and 0 interrupted iterations
default   [  73% ] 10/10 VUs  2m55.0s/4m00.0s

running (2m56.0s), 10/10 VUs, 7212 complete and 0 interrupted iterations
default   [  73% ] 10/10 VUs  2m56.0s/4m00.0s

running (2m57.0s), 10/10 VUs, 7253 complete and 0 interrupted iterations
default   [  74% ] 10/10 VUs  2m57.0s/4m00.0s

running (2m58.0s), 10/10 VUs, 7295 complete and 0 interrupted iterations
default   [  74% ] 10/10 VUs  2m58.0s/4m00.0s

running (2m59.0s), 10/10 VUs, 7338 complete and 0 interrupted iterations
default   [  75% ] 10/10 VUs  2m59.0s/4m00.0s

running (3m00.0s), 10/10 VUs, 7378 complete and 0 interrupted iterations
default   [  75% ] 10/10 VUs  3m00.0s/4m00.0s

running (3m01.0s), 10/10 VUs, 7420 complete and 0 interrupted iterations
default   [  75% ] 10/10 VUs  3m01.0s/4m00.0s

running (3m02.0s), 10/10 VUs, 7460 complete and 0 interrupted iterations
default   [  76% ] 10/10 VUs  3m02.0s/4m00.0s

running (3m03.0s), 10/10 VUs, 7503 complete and 0 interrupted iterations
default   [  76% ] 10/10 VUs  3m03.0s/4m00.0s

running (3m04.0s), 10/10 VUs, 7543 complete and 0 interrupted iterations
default   [  77% ] 10/10 VUs  3m04.0s/4m00.0s

running (3m05.0s), 10/10 VUs, 7583 complete and 0 interrupted iterations
default   [  77% ] 10/10 VUs  3m05.0s/4m00.0s

running (3m06.0s), 10/10 VUs, 7626 complete and 0 interrupted iterations
default   [  77% ] 10/10 VUs  3m06.0s/4m00.0s

running (3m07.0s), 10/10 VUs, 7666 complete and 0 interrupted iterations
default   [  78% ] 10/10 VUs  3m07.0s/4m00.0s

running (3m08.0s), 10/10 VUs, 7709 complete and 0 interrupted iterations
default   [  78% ] 10/10 VUs  3m08.0s/4m00.0s

running (3m09.0s), 10/10 VUs, 7752 complete and 0 interrupted iterations
default   [  79% ] 10/10 VUs  3m09.0s/4m00.0s

running (3m10.0s), 10/10 VUs, 7793 complete and 0 interrupted iterations
default   [  79% ] 10/10 VUs  3m10.0s/4m00.0s

running (3m11.0s), 10/10 VUs, 7833 complete and 0 interrupted iterations
default   [  80% ] 10/10 VUs  3m11.0s/4m00.0s

running (3m12.0s), 10/10 VUs, 7875 complete and 0 interrupted iterations
default   [  80% ] 10/10 VUs  3m12.0s/4m00.0s

running (3m13.0s), 10/10 VUs, 7917 complete and 0 interrupted iterations
default   [  80% ] 10/10 VUs  3m13.0s/4m00.0s

running (3m14.0s), 10/10 VUs, 7957 complete and 0 interrupted iterations
default   [  81% ] 10/10 VUs  3m14.0s/4m00.0s

running (3m15.0s), 10/10 VUs, 7999 complete and 0 interrupted iterations
default   [  81% ] 10/10 VUs  3m15.0s/4m00.0s

running (3m16.0s), 10/10 VUs, 8041 complete and 0 interrupted iterations
default   [  82% ] 10/10 VUs  3m16.0s/4m00.0s

running (3m17.0s), 10/10 VUs, 8082 complete and 0 interrupted iterations
default   [  82% ] 10/10 VUs  3m17.0s/4m00.0s

running (3m18.0s), 10/10 VUs, 8121 complete and 0 interrupted iterations
default   [  82% ] 10/10 VUs  3m18.0s/4m00.0s

running (3m19.0s), 10/10 VUs, 8165 complete and 0 interrupted iterations
default   [  83% ] 10/10 VUs  3m19.0s/4m00.0s

running (3m20.0s), 10/10 VUs, 8207 complete and 0 interrupted iterations
default   [  83% ] 10/10 VUs  3m20.0s/4m00.0s

running (3m21.0s), 10/10 VUs, 8248 complete and 0 interrupted iterations
default   [  84% ] 10/10 VUs  3m21.0s/4m00.0s

running (3m22.0s), 10/10 VUs, 8290 complete and 0 interrupted iterations
default   [  84% ] 10/10 VUs  3m22.0s/4m00.0s

running (3m23.0s), 10/10 VUs, 8332 complete and 0 interrupted iterations
default   [  85% ] 10/10 VUs  3m23.0s/4m00.0s

running (3m24.0s), 10/10 VUs, 8374 complete and 0 interrupted iterations
default   [  85% ] 10/10 VUs  3m24.0s/4m00.0s

running (3m25.0s), 10/10 VUs, 8413 complete and 0 interrupted iterations
default   [  85% ] 10/10 VUs  3m25.0s/4m00.0s

running (3m26.0s), 10/10 VUs, 8455 complete and 0 interrupted iterations
default   [  86% ] 10/10 VUs  3m26.0s/4m00.0s

running (3m27.0s), 10/10 VUs, 8497 complete and 0 interrupted iterations
default   [  86% ] 10/10 VUs  3m27.0s/4m00.0s

running (3m28.0s), 10/10 VUs, 8538 complete and 0 interrupted iterations
default   [  87% ] 10/10 VUs  3m28.0s/4m00.0s

running (3m29.0s), 10/10 VUs, 8580 complete and 0 interrupted iterations
default   [  87% ] 10/10 VUs  3m29.0s/4m00.0s

running (3m30.0s), 10/10 VUs, 8620 complete and 0 interrupted iterations
default   [  87% ] 10/10 VUs  3m30.0s/4m00.0s

running (3m31.0s), 10/10 VUs, 8663 complete and 0 interrupted iterations
default   [  88% ] 10/10 VUs  3m31.0s/4m00.0s

running (3m32.0s), 10/10 VUs, 8703 complete and 0 interrupted iterations
default   [  88% ] 10/10 VUs  3m32.0s/4m00.0s

running (3m33.0s), 10/10 VUs, 8746 complete and 0 interrupted iterations
default   [  89% ] 10/10 VUs  3m33.0s/4m00.0s

running (3m34.0s), 09/10 VUs, 8788 complete and 0 interrupted iterations
default   [  89% ] 09/10 VUs  3m34.0s/4m00.0s

running (3m35.0s), 09/10 VUs, 8829 complete and 0 interrupted iterations
default   [  90% ] 09/10 VUs  3m35.0s/4m00.0s

running (3m36.0s), 09/10 VUs, 8871 complete and 0 interrupted iterations
default   [  90% ] 09/10 VUs  3m36.0s/4m00.0s

running (3m37.0s), 08/10 VUs, 8913 complete and 0 interrupted iterations
default   [  90% ] 08/10 VUs  3m37.0s/4m00.0s

running (3m38.0s), 08/10 VUs, 8955 complete and 0 interrupted iterations
default   [  91% ] 08/10 VUs  3m38.0s/4m00.0s

running (3m39.0s), 08/10 VUs, 8996 complete and 0 interrupted iterations
default   [  91% ] 08/10 VUs  3m39.0s/4m00.0s

running (3m40.0s), 07/10 VUs, 9038 complete and 0 interrupted iterations
default   [  92% ] 07/10 VUs  3m40.0s/4m00.0s

running (3m41.0s), 07/10 VUs, 9080 complete and 0 interrupted iterations
default   [  92% ] 07/10 VUs  3m41.0s/4m00.0s

running (3m42.0s), 07/10 VUs, 9121 complete and 0 interrupted iterations
default   [  92% ] 07/10 VUs  3m42.0s/4m00.0s

running (3m43.0s), 06/10 VUs, 9162 complete and 0 interrupted iterations
default   [  93% ] 06/10 VUs  3m43.0s/4m00.0s

running (3m44.0s), 06/10 VUs, 9203 complete and 0 interrupted iterations
default   [  93% ] 06/10 VUs  3m44.0s/4m00.0s

running (3m45.0s), 06/10 VUs, 9245 complete and 0 interrupted iterations
default   [  94% ] 06/10 VUs  3m45.0s/4m00.0s

running (3m46.0s), 05/10 VUs, 9287 complete and 0 interrupted iterations
default   [  94% ] 05/10 VUs  3m46.0s/4m00.0s

running (3m47.0s), 05/10 VUs, 9329 complete and 0 interrupted iterations
default   [  95% ] 05/10 VUs  3m47.0s/4m00.0s

running (3m48.0s), 05/10 VUs, 9370 complete and 0 interrupted iterations
default   [  95% ] 05/10 VUs  3m48.0s/4m00.0s

running (3m49.0s), 04/10 VUs, 9413 complete and 0 interrupted iterations
default   [  95% ] 04/10 VUs  3m49.0s/4m00.0s

running (3m50.0s), 04/10 VUs, 9453 complete and 0 interrupted iterations
default   [  96% ] 04/10 VUs  3m50.0s/4m00.0s

running (3m51.0s), 04/10 VUs, 9495 complete and 0 interrupted iterations
default   [  96% ] 04/10 VUs  3m51.0s/4m00.0s

running (3m52.0s), 03/10 VUs, 9538 complete and 0 interrupted iterations
default   [  97% ] 03/10 VUs  3m52.0s/4m00.0s

running (3m53.0s), 03/10 VUs, 9579 complete and 0 interrupted iterations
default   [  97% ] 03/10 VUs  3m53.0s/4m00.0s

running (3m54.0s), 03/10 VUs, 9621 complete and 0 interrupted iterations
default   [  97% ] 03/10 VUs  3m54.0s/4m00.0s

running (3m55.0s), 02/10 VUs, 9661 complete and 0 interrupted iterations
default   [  98% ] 02/10 VUs  3m55.0s/4m00.0s

running (3m56.0s), 02/10 VUs, 9698 complete and 0 interrupted iterations
default   [  98% ] 02/10 VUs  3m56.0s/4m00.0s

running (3m57.0s), 02/10 VUs, 9736 complete and 0 interrupted iterations
default   [  99% ] 02/10 VUs  3m57.0s/4m00.0s

running (3m58.0s), 01/10 VUs, 9759 complete and 0 interrupted iterations
default   [  99% ] 01/10 VUs  3m58.0s/4m00.0s

running (3m59.0s), 01/10 VUs, 9780 complete and 0 interrupted iterations
default   [ 100% ] 01/10 VUs  3m59.0s/4m00.0s

running (4m00.0s), 01/10 VUs, 9801 complete and 0 interrupted iterations
default   [ 100% ] 01/10 VUs  4m00.0s/4m00.0s


  █ THRESHOLDS 

    checks
    ✓ 'rate>0.95' rate=100.00%

    http_req_duration
    ✓ 'p(95)<5000' p(95)=295.85ms
    ✓ 'p(99)<10000' p(99)=317.69ms

    http_req_failed
    ✓ 'rate<0.05' rate=0.00%


  █ TOTAL RESULTS 

    checks_total.......: 39208   163.359209/s
    checks_succeeded...: 100.00% 39208 out of 39208
    checks_failed......: 0.00%   0 out of 39208

    ✓ status is 200
    ✓ content-type is json
    ✓ workloadType is CPU-BOUND
    ✓ executionTimeMs exists

    CUSTOM
    response_time_ms...............: min=46.258952 avg=215.655778 med=232.400991 max=362.697163 p(90)=284.356699 p(95)=295.851022 p(99)=317.690574
    successful_requests............: 9802   40.839802/s

    HTTP
    http_req_duration..............: min=46.25ms   avg=215.65ms   med=232.4ms    max=362.69ms   p(90)=284.35ms   p(95)=295.85ms   p(99)=317.69ms  
      { expected_response:true }...: min=46.25ms   avg=215.65ms   med=232.4ms    max=362.69ms   p(90)=284.35ms   p(95)=295.85ms   p(99)=317.69ms  
    http_req_failed................: 0.00%  0 out of 9802
    http_reqs......................: 9802   40.839802/s

    EXECUTION
    iteration_duration.............: min=46.4ms    avg=215.82ms   med=232.56ms   max=362.84ms   p(90)=284.51ms   p(95)=296ms      p(99)=317.88ms  
    iterations.....................: 9802   40.839802/s
    vus............................: 1      min=1         max=10
    vus_max........................: 10     min=10        max=10

    NETWORK
    data_received..................: 2.8 MB 12 kB/s
    data_sent......................: 784 kB 3.3 kB/s




running (4m00.0s), 00/10 VUs, 9802 complete and 0 interrupted iterations
default ✓ [ 100% ] 00/10 VUs  4m0s
