
         /\      Grafana   /‾‾/  
    /\  /  \     |\  __   /  /   
   /  \/    \    | |/ /  /   ‾‾\ 
  /          \   |   (  |  (‾)  |
 / __________ \  |_|\_\  \_____/ 


     execution: local
        script: io-bound-test.js
        output: -

     scenarios: (100.00%) 1 scenario, 200 max VUs, 4m30s max duration (incl. graceful stop):
              * default: Up to 200 looping VUs for 4m0s over 3 stages (gracefulRampDown: 30s, gracefulStop: 30s)


running (0m00.9s), 006/200 VUs, 57 complete and 0 interrupted iterations
default   [   0% ] 006/200 VUs  0m00.9s/4m00.0s

running (0m01.9s), 013/200 VUs, 247 complete and 0 interrupted iterations
default   [   1% ] 013/200 VUs  0m01.9s/4m00.0s

running (0m02.9s), 020/200 VUs, 563 complete and 0 interrupted iterations
default   [   1% ] 020/200 VUs  0m02.9s/4m00.0s

running (0m03.9s), 026/200 VUs, 1014 complete and 0 interrupted iterations
default   [   2% ] 026/200 VUs  0m03.9s/4m00.0s

running (0m04.9s), 033/200 VUs, 1586 complete and 0 interrupted iterations
default   [   2% ] 033/200 VUs  0m04.9s/4m00.0s

running (0m05.9s), 040/200 VUs, 2298 complete and 0 interrupted iterations
default   [   2% ] 040/200 VUs  0m05.9s/4m00.0s

running (0m06.9s), 046/200 VUs, 3131 complete and 0 interrupted iterations
default   [   3% ] 046/200 VUs  0m06.9s/4m00.0s

running (0m07.9s), 053/200 VUs, 4083 complete and 0 interrupted iterations
default   [   3% ] 053/200 VUs  0m07.9s/4m00.0s

running (0m08.9s), 060/200 VUs, 5071 complete and 0 interrupted iterations
default   [   4% ] 060/200 VUs  0m08.9s/4m00.0s

running (0m09.9s), 066/200 VUs, 6068 complete and 0 interrupted iterations
default   [   4% ] 066/200 VUs  0m09.9s/4m00.0s

running (0m10.9s), 073/200 VUs, 7050 complete and 0 interrupted iterations
default   [   5% ] 073/200 VUs  0m10.9s/4m00.0s

running (0m11.9s), 079/200 VUs, 8021 complete and 0 interrupted iterations
default   [   5% ] 079/200 VUs  0m11.9s/4m00.0s

running (0m12.9s), 086/200 VUs, 9013 complete and 0 interrupted iterations
default   [   5% ] 086/200 VUs  0m12.9s/4m00.0s

running (0m13.9s), 093/200 VUs, 10000 complete and 0 interrupted iterations
default   [   6% ] 093/200 VUs  0m13.9s/4m00.0s

running (0m14.9s), 099/200 VUs, 10971 complete and 0 interrupted iterations
default   [   6% ] 099/200 VUs  0m14.9s/4m00.0s

running (0m15.9s), 106/200 VUs, 11955 complete and 0 interrupted iterations
default   [   7% ] 106/200 VUs  0m15.9s/4m00.0s

running (0m16.9s), 113/200 VUs, 12950 complete and 0 interrupted iterations
default   [   7% ] 113/200 VUs  0m16.9s/4m00.0s

running (0m17.9s), 119/200 VUs, 13921 complete and 0 interrupted iterations
default   [   7% ] 119/200 VUs  0m17.9s/4m00.0s

running (0m18.9s), 126/200 VUs, 14900 complete and 0 interrupted iterations
default   [   8% ] 126/200 VUs  0m18.9s/4m00.0s

running (0m19.9s), 132/200 VUs, 15900 complete and 0 interrupted iterations
default   [   8% ] 132/200 VUs  0m19.9s/4m00.0s

running (0m20.9s), 139/200 VUs, 16871 complete and 0 interrupted iterations
default   [   9% ] 139/200 VUs  0m20.9s/4m00.0s

running (0m21.9s), 146/200 VUs, 17850 complete and 0 interrupted iterations
default   [   9% ] 146/200 VUs  0m21.9s/4m00.0s

running (0m22.9s), 152/200 VUs, 18850 complete and 0 interrupted iterations
default   [  10% ] 152/200 VUs  0m22.9s/4m00.0s

running (0m23.9s), 159/200 VUs, 19829 complete and 0 interrupted iterations
default   [  10% ] 159/200 VUs  0m23.9s/4m00.0s

running (0m24.9s), 166/200 VUs, 20806 complete and 0 interrupted iterations
default   [  10% ] 166/200 VUs  0m24.9s/4m00.0s

running (0m25.9s), 172/200 VUs, 21800 complete and 0 interrupted iterations
default   [  11% ] 172/200 VUs  0m25.9s/4m00.0s

running (0m26.9s), 179/200 VUs, 22800 complete and 0 interrupted iterations
default   [  11% ] 179/200 VUs  0m26.9s/4m00.0s

running (0m27.9s), 186/200 VUs, 23767 complete and 0 interrupted iterations
default   [  12% ] 186/200 VUs  0m27.9s/4m00.0s

running (0m28.9s), 192/200 VUs, 24750 complete and 0 interrupted iterations
default   [  12% ] 192/200 VUs  0m28.9s/4m00.0s

running (0m29.9s), 199/200 VUs, 25750 complete and 0 interrupted iterations
default   [  12% ] 199/200 VUs  0m29.9s/4m00.0s

running (0m30.9s), 200/200 VUs, 26727 complete and 0 interrupted iterations
default   [  13% ] 200/200 VUs  0m30.9s/4m00.0s

running (0m31.9s), 200/200 VUs, 27700 complete and 0 interrupted iterations
default   [  13% ] 200/200 VUs  0m31.9s/4m00.0s

running (0m32.9s), 200/200 VUs, 28700 complete and 0 interrupted iterations
default   [  14% ] 200/200 VUs  0m32.9s/4m00.0s

running (0m33.9s), 200/200 VUs, 29678 complete and 0 interrupted iterations
default   [  14% ] 200/200 VUs  0m33.9s/4m00.0s

running (0m34.9s), 200/200 VUs, 30650 complete and 0 interrupted iterations
default   [  15% ] 200/200 VUs  0m34.9s/4m00.0s

running (0m35.9s), 200/200 VUs, 31650 complete and 0 interrupted iterations
default   [  15% ] 200/200 VUs  0m35.9s/4m00.0s

running (0m36.9s), 200/200 VUs, 32636 complete and 0 interrupted iterations
default   [  15% ] 200/200 VUs  0m36.9s/4m00.0s

running (0m37.9s), 200/200 VUs, 33600 complete and 0 interrupted iterations
default   [  16% ] 200/200 VUs  0m37.9s/4m00.0s

running (0m38.9s), 200/200 VUs, 34600 complete and 0 interrupted iterations
default   [  16% ] 200/200 VUs  0m38.9s/4m00.0s

running (0m39.9s), 200/200 VUs, 35590 complete and 0 interrupted iterations
default   [  17% ] 200/200 VUs  0m39.9s/4m00.0s

running (0m40.9s), 200/200 VUs, 36550 complete and 0 interrupted iterations
default   [  17% ] 200/200 VUs  0m40.9s/4m00.0s

running (0m41.9s), 200/200 VUs, 37550 complete and 0 interrupted iterations
default   [  17% ] 200/200 VUs  0m41.9s/4m00.0s

running (0m42.9s), 200/200 VUs, 38531 complete and 0 interrupted iterations
default   [  18% ] 200/200 VUs  0m42.9s/4m00.0s

running (0m43.9s), 200/200 VUs, 39500 complete and 0 interrupted iterations
default   [  18% ] 200/200 VUs  0m43.9s/4m00.0s

running (0m44.9s), 200/200 VUs, 40500 complete and 0 interrupted iterations
default   [  19% ] 200/200 VUs  0m44.9s/4m00.0s

running (0m45.9s), 200/200 VUs, 41499 complete and 0 interrupted iterations
default   [  19% ] 200/200 VUs  0m45.9s/4m00.0s

running (0m46.9s), 200/200 VUs, 42450 complete and 0 interrupted iterations
default   [  20% ] 200/200 VUs  0m46.9s/4m00.0s

running (0m47.9s), 200/200 VUs, 43450 complete and 0 interrupted iterations
default   [  20% ] 200/200 VUs  0m47.9s/4m00.0s

running (0m48.9s), 200/200 VUs, 44436 complete and 0 interrupted iterations
default   [  20% ] 200/200 VUs  0m48.9s/4m00.0s

running (0m49.9s), 200/200 VUs, 45400 complete and 0 interrupted iterations
default   [  21% ] 200/200 VUs  0m49.9s/4m00.0s

running (0m50.9s), 200/200 VUs, 46400 complete and 0 interrupted iterations
default   [  21% ] 200/200 VUs  0m50.9s/4m00.0s

running (0m51.9s), 200/200 VUs, 47398 complete and 0 interrupted iterations
default   [  22% ] 200/200 VUs  0m51.9s/4m00.0s

running (0m52.9s), 200/200 VUs, 48350 complete and 0 interrupted iterations
default   [  22% ] 200/200 VUs  0m52.9s/4m00.0s

running (0m53.9s), 200/200 VUs, 49350 complete and 0 interrupted iterations
default   [  22% ] 200/200 VUs  0m53.9s/4m00.0s

running (0m54.9s), 200/200 VUs, 50343 complete and 0 interrupted iterations
default   [  23% ] 200/200 VUs  0m54.9s/4m00.0s

running (0m55.9s), 200/200 VUs, 51300 complete and 0 interrupted iterations
default   [  23% ] 200/200 VUs  0m55.9s/4m00.0s

running (0m56.9s), 200/200 VUs, 52300 complete and 0 interrupted iterations
default   [  24% ] 200/200 VUs  0m56.9s/4m00.0s

running (0m57.9s), 200/200 VUs, 53300 complete and 0 interrupted iterations
default   [  24% ] 200/200 VUs  0m57.9s/4m00.0s

running (0m58.9s), 200/200 VUs, 54250 complete and 0 interrupted iterations
default   [  25% ] 200/200 VUs  0m58.9s/4m00.0s

running (0m59.9s), 200/200 VUs, 55250 complete and 0 interrupted iterations
default   [  25% ] 200/200 VUs  0m59.9s/4m00.0s

running (1m00.9s), 200/200 VUs, 56236 complete and 0 interrupted iterations
default   [  25% ] 200/200 VUs  1m00.9s/4m00.0s

running (1m01.9s), 200/200 VUs, 57200 complete and 0 interrupted iterations
default   [  26% ] 200/200 VUs  1m01.9s/4m00.0s

running (1m02.9s), 200/200 VUs, 58200 complete and 0 interrupted iterations
default   [  26% ] 200/200 VUs  1m02.9s/4m00.0s

running (1m03.9s), 200/200 VUs, 59200 complete and 0 interrupted iterations
default   [  27% ] 200/200 VUs  1m03.9s/4m00.0s

running (1m04.9s), 200/200 VUs, 60150 complete and 0 interrupted iterations
default   [  27% ] 200/200 VUs  1m04.9s/4m00.0s

running (1m05.9s), 200/200 VUs, 61150 complete and 0 interrupted iterations
default   [  27% ] 200/200 VUs  1m05.9s/4m00.0s

running (1m06.9s), 200/200 VUs, 62150 complete and 0 interrupted iterations
default   [  28% ] 200/200 VUs  1m06.9s/4m00.0s

running (1m07.9s), 200/200 VUs, 63100 complete and 0 interrupted iterations
default   [  28% ] 200/200 VUs  1m07.9s/4m00.0s

running (1m08.9s), 200/200 VUs, 64100 complete and 0 interrupted iterations
default   [  29% ] 200/200 VUs  1m08.9s/4m00.0s

running (1m09.9s), 200/200 VUs, 65100 complete and 0 interrupted iterations
default   [  29% ] 200/200 VUs  1m09.9s/4m00.0s

running (1m10.9s), 200/200 VUs, 66050 complete and 0 interrupted iterations
default   [  30% ] 200/200 VUs  1m10.9s/4m00.0s

running (1m11.9s), 200/200 VUs, 67050 complete and 0 interrupted iterations
default   [  30% ] 200/200 VUs  1m11.9s/4m00.0s

running (1m12.9s), 200/200 VUs, 68050 complete and 0 interrupted iterations
default   [  30% ] 200/200 VUs  1m12.9s/4m00.0s

running (1m13.9s), 200/200 VUs, 69000 complete and 0 interrupted iterations
default   [  31% ] 200/200 VUs  1m13.9s/4m00.0s

running (1m14.9s), 200/200 VUs, 70000 complete and 0 interrupted iterations
default   [  31% ] 200/200 VUs  1m14.9s/4m00.0s

running (1m15.9s), 200/200 VUs, 71000 complete and 0 interrupted iterations
default   [  32% ] 200/200 VUs  1m15.9s/4m00.0s

running (1m16.9s), 200/200 VUs, 71950 complete and 0 interrupted iterations
default   [  32% ] 200/200 VUs  1m16.9s/4m00.0s

running (1m17.9s), 200/200 VUs, 72950 complete and 0 interrupted iterations
default   [  32% ] 200/200 VUs  1m17.9s/4m00.0s

running (1m18.9s), 200/200 VUs, 73950 complete and 0 interrupted iterations
default   [  33% ] 200/200 VUs  1m18.9s/4m00.0s

running (1m19.9s), 200/200 VUs, 74900 complete and 0 interrupted iterations
default   [  33% ] 200/200 VUs  1m19.9s/4m00.0s

running (1m20.9s), 200/200 VUs, 75900 complete and 0 interrupted iterations
default   [  34% ] 200/200 VUs  1m20.9s/4m00.0s

running (1m21.9s), 200/200 VUs, 76900 complete and 0 interrupted iterations
default   [  34% ] 200/200 VUs  1m21.9s/4m00.0s

running (1m22.9s), 200/200 VUs, 77863 complete and 0 interrupted iterations
default   [  35% ] 200/200 VUs  1m22.9s/4m00.0s

running (1m23.9s), 200/200 VUs, 78850 complete and 0 interrupted iterations
default   [  35% ] 200/200 VUs  1m23.9s/4m00.0s

running (1m24.9s), 200/200 VUs, 79850 complete and 0 interrupted iterations
default   [  35% ] 200/200 VUs  1m24.9s/4m00.0s

running (1m25.9s), 200/200 VUs, 80823 complete and 0 interrupted iterations
default   [  36% ] 200/200 VUs  1m25.9s/4m00.0s

running (1m26.9s), 200/200 VUs, 81800 complete and 0 interrupted iterations
default   [  36% ] 200/200 VUs  1m26.9s/4m00.0s

running (1m27.9s), 200/200 VUs, 82800 complete and 0 interrupted iterations
default   [  37% ] 200/200 VUs  1m27.9s/4m00.0s

running (1m28.9s), 200/200 VUs, 83800 complete and 0 interrupted iterations
default   [  37% ] 200/200 VUs  1m28.9s/4m00.0s

running (1m29.9s), 200/200 VUs, 84750 complete and 0 interrupted iterations
default   [  37% ] 200/200 VUs  1m29.9s/4m00.0s

running (1m30.9s), 200/200 VUs, 85750 complete and 0 interrupted iterations
default   [  38% ] 200/200 VUs  1m30.9s/4m00.0s

running (1m31.9s), 200/200 VUs, 86750 complete and 0 interrupted iterations
default   [  38% ] 200/200 VUs  1m31.9s/4m00.0s

running (1m32.9s), 200/200 VUs, 87700 complete and 0 interrupted iterations
default   [  39% ] 200/200 VUs  1m32.9s/4m00.0s

running (1m33.9s), 200/200 VUs, 88700 complete and 0 interrupted iterations
default   [  39% ] 200/200 VUs  1m33.9s/4m00.0s

running (1m34.9s), 200/200 VUs, 89700 complete and 0 interrupted iterations
default   [  40% ] 200/200 VUs  1m34.9s/4m00.0s

running (1m35.9s), 200/200 VUs, 90650 complete and 0 interrupted iterations
default   [  40% ] 200/200 VUs  1m35.9s/4m00.0s

running (1m36.9s), 200/200 VUs, 91650 complete and 0 interrupted iterations
default   [  40% ] 200/200 VUs  1m36.9s/4m00.0s

running (1m37.9s), 200/200 VUs, 92650 complete and 0 interrupted iterations
default   [  41% ] 200/200 VUs  1m37.9s/4m00.0s

running (1m38.9s), 200/200 VUs, 93600 complete and 0 interrupted iterations
default   [  41% ] 200/200 VUs  1m38.9s/4m00.0s

running (1m39.9s), 200/200 VUs, 94600 complete and 0 interrupted iterations
default   [  42% ] 200/200 VUs  1m39.9s/4m00.0s

running (1m40.9s), 200/200 VUs, 95577 complete and 0 interrupted iterations
default   [  42% ] 200/200 VUs  1m40.9s/4m00.0s

running (1m41.9s), 200/200 VUs, 96550 complete and 0 interrupted iterations
default   [  42% ] 200/200 VUs  1m41.9s/4m00.0s

running (1m42.9s), 200/200 VUs, 97550 complete and 0 interrupted iterations
default   [  43% ] 200/200 VUs  1m42.9s/4m00.0s

running (1m43.9s), 200/200 VUs, 98550 complete and 0 interrupted iterations
default   [  43% ] 200/200 VUs  1m43.9s/4m00.0s

running (1m44.9s), 200/200 VUs, 99500 complete and 0 interrupted iterations
default   [  44% ] 200/200 VUs  1m44.9s/4m00.0s

running (1m45.9s), 200/200 VUs, 100500 complete and 0 interrupted iterations
default   [  44% ] 200/200 VUs  1m45.9s/4m00.0s

running (1m46.9s), 200/200 VUs, 101500 complete and 0 interrupted iterations
default   [  45% ] 200/200 VUs  1m46.9s/4m00.0s

running (1m47.9s), 200/200 VUs, 102450 complete and 0 interrupted iterations
default   [  45% ] 200/200 VUs  1m47.9s/4m00.0s

running (1m48.9s), 200/200 VUs, 103450 complete and 0 interrupted iterations
default   [  45% ] 200/200 VUs  1m48.9s/4m00.0s

running (1m49.9s), 200/200 VUs, 104450 complete and 0 interrupted iterations
default   [  46% ] 200/200 VUs  1m49.9s/4m00.0s

running (1m50.9s), 200/200 VUs, 105400 complete and 0 interrupted iterations
default   [  46% ] 200/200 VUs  1m50.9s/4m00.0s

running (1m51.9s), 200/200 VUs, 106400 complete and 0 interrupted iterations
default   [  47% ] 200/200 VUs  1m51.9s/4m00.0s

running (1m52.9s), 200/200 VUs, 107400 complete and 0 interrupted iterations
default   [  47% ] 200/200 VUs  1m52.9s/4m00.0s

running (1m53.9s), 200/200 VUs, 108350 complete and 0 interrupted iterations
default   [  47% ] 200/200 VUs  1m53.9s/4m00.0s

running (1m54.9s), 200/200 VUs, 109350 complete and 0 interrupted iterations
default   [  48% ] 200/200 VUs  1m54.9s/4m00.0s

running (1m55.9s), 200/200 VUs, 110350 complete and 0 interrupted iterations
default   [  48% ] 200/200 VUs  1m55.9s/4m00.0s

running (1m56.9s), 200/200 VUs, 111300 complete and 0 interrupted iterations
default   [  49% ] 200/200 VUs  1m56.9s/4m00.0s

running (1m57.9s), 200/200 VUs, 112300 complete and 0 interrupted iterations
default   [  49% ] 200/200 VUs  1m57.9s/4m00.0s

running (1m58.9s), 200/200 VUs, 113300 complete and 0 interrupted iterations
default   [  50% ] 200/200 VUs  1m58.9s/4m00.0s

running (1m59.9s), 200/200 VUs, 114250 complete and 0 interrupted iterations
default   [  50% ] 200/200 VUs  1m59.9s/4m00.0s

running (2m00.9s), 200/200 VUs, 115250 complete and 0 interrupted iterations
default   [  50% ] 200/200 VUs  2m00.9s/4m00.0s

running (2m01.9s), 200/200 VUs, 116250 complete and 0 interrupted iterations
default   [  51% ] 200/200 VUs  2m01.9s/4m00.0s

running (2m02.9s), 200/200 VUs, 117200 complete and 0 interrupted iterations
default   [  51% ] 200/200 VUs  2m02.9s/4m00.0s

running (2m03.9s), 200/200 VUs, 118200 complete and 0 interrupted iterations
default   [  52% ] 200/200 VUs  2m03.9s/4m00.0s

running (2m04.9s), 200/200 VUs, 119200 complete and 0 interrupted iterations
default   [  52% ] 200/200 VUs  2m04.9s/4m00.0s

running (2m05.9s), 200/200 VUs, 120150 complete and 0 interrupted iterations
default   [  52% ] 200/200 VUs  2m05.9s/4m00.0s

running (2m06.9s), 200/200 VUs, 121150 complete and 0 interrupted iterations
default   [  53% ] 200/200 VUs  2m06.9s/4m00.0s

running (2m07.9s), 200/200 VUs, 122150 complete and 0 interrupted iterations
default   [  53% ] 200/200 VUs  2m07.9s/4m00.0s

running (2m08.9s), 200/200 VUs, 123100 complete and 0 interrupted iterations
default   [  54% ] 200/200 VUs  2m08.9s/4m00.0s

running (2m09.9s), 200/200 VUs, 124100 complete and 0 interrupted iterations
default   [  54% ] 200/200 VUs  2m09.9s/4m00.0s

running (2m10.9s), 200/200 VUs, 125100 complete and 0 interrupted iterations
default   [  55% ] 200/200 VUs  2m10.9s/4m00.0s

running (2m11.9s), 200/200 VUs, 126050 complete and 0 interrupted iterations
default   [  55% ] 200/200 VUs  2m11.9s/4m00.0s

running (2m12.9s), 200/200 VUs, 127050 complete and 0 interrupted iterations
default   [  55% ] 200/200 VUs  2m12.9s/4m00.0s

running (2m13.9s), 200/200 VUs, 128050 complete and 0 interrupted iterations
default   [  56% ] 200/200 VUs  2m13.9s/4m00.0s

running (2m14.9s), 200/200 VUs, 129000 complete and 0 interrupted iterations
default   [  56% ] 200/200 VUs  2m14.9s/4m00.0s

running (2m15.9s), 200/200 VUs, 130000 complete and 0 interrupted iterations
default   [  57% ] 200/200 VUs  2m15.9s/4m00.0s

running (2m16.9s), 200/200 VUs, 131000 complete and 0 interrupted iterations
default   [  57% ] 200/200 VUs  2m16.9s/4m00.0s

running (2m17.9s), 200/200 VUs, 131950 complete and 0 interrupted iterations
default   [  57% ] 200/200 VUs  2m17.9s/4m00.0s

running (2m18.9s), 200/200 VUs, 132950 complete and 0 interrupted iterations
default   [  58% ] 200/200 VUs  2m18.9s/4m00.0s

running (2m19.9s), 200/200 VUs, 133950 complete and 0 interrupted iterations
default   [  58% ] 200/200 VUs  2m19.9s/4m00.0s

running (2m20.9s), 200/200 VUs, 134900 complete and 0 interrupted iterations
default   [  59% ] 200/200 VUs  2m20.9s/4m00.0s

running (2m21.9s), 200/200 VUs, 135900 complete and 0 interrupted iterations
default   [  59% ] 200/200 VUs  2m21.9s/4m00.0s

running (2m22.9s), 200/200 VUs, 136900 complete and 0 interrupted iterations
default   [  60% ] 200/200 VUs  2m22.9s/4m00.0s

running (2m23.9s), 200/200 VUs, 137900 complete and 0 interrupted iterations
default   [  60% ] 200/200 VUs  2m23.9s/4m00.0s

running (2m24.9s), 200/200 VUs, 138850 complete and 0 interrupted iterations
default   [  60% ] 200/200 VUs  2m24.9s/4m00.0s

running (2m25.9s), 200/200 VUs, 139850 complete and 0 interrupted iterations
default   [  61% ] 200/200 VUs  2m25.9s/4m00.0s

running (2m26.9s), 200/200 VUs, 140818 complete and 0 interrupted iterations
default   [  61% ] 200/200 VUs  2m26.9s/4m00.0s

running (2m27.9s), 200/200 VUs, 141800 complete and 0 interrupted iterations
default   [  62% ] 200/200 VUs  2m27.9s/4m00.0s

running (2m28.9s), 200/200 VUs, 142800 complete and 0 interrupted iterations
default   [  62% ] 200/200 VUs  2m28.9s/4m00.0s

running (2m29.9s), 200/200 VUs, 143800 complete and 0 interrupted iterations
default   [  62% ] 200/200 VUs  2m29.9s/4m00.0s

running (2m30.9s), 200/200 VUs, 144750 complete and 0 interrupted iterations
default   [  63% ] 200/200 VUs  2m30.9s/4m00.0s

running (2m31.9s), 200/200 VUs, 145750 complete and 0 interrupted iterations
default   [  63% ] 200/200 VUs  2m31.9s/4m00.0s

running (2m32.9s), 200/200 VUs, 146726 complete and 0 interrupted iterations
default   [  64% ] 200/200 VUs  2m32.9s/4m00.0s

running (2m33.9s), 200/200 VUs, 147700 complete and 0 interrupted iterations
default   [  64% ] 200/200 VUs  2m33.9s/4m00.0s

running (2m34.9s), 200/200 VUs, 148700 complete and 0 interrupted iterations
default   [  65% ] 200/200 VUs  2m34.9s/4m00.0s

running (2m35.9s), 200/200 VUs, 149700 complete and 0 interrupted iterations
default   [  65% ] 200/200 VUs  2m35.9s/4m00.0s

running (2m36.9s), 200/200 VUs, 150650 complete and 0 interrupted iterations
default   [  65% ] 200/200 VUs  2m36.9s/4m00.0s

running (2m37.9s), 200/200 VUs, 151650 complete and 0 interrupted iterations
default   [  66% ] 200/200 VUs  2m37.9s/4m00.0s

running (2m38.9s), 200/200 VUs, 152650 complete and 0 interrupted iterations
default   [  66% ] 200/200 VUs  2m38.9s/4m00.0s

running (2m39.9s), 200/200 VUs, 153600 complete and 0 interrupted iterations
default   [  67% ] 200/200 VUs  2m39.9s/4m00.0s

running (2m40.9s), 200/200 VUs, 154600 complete and 0 interrupted iterations
default   [  67% ] 200/200 VUs  2m40.9s/4m00.0s

running (2m41.9s), 200/200 VUs, 155600 complete and 0 interrupted iterations
default   [  67% ] 200/200 VUs  2m41.9s/4m00.0s

running (2m42.9s), 200/200 VUs, 156551 complete and 0 interrupted iterations
default   [  68% ] 200/200 VUs  2m42.9s/4m00.0s

running (2m43.9s), 200/200 VUs, 157550 complete and 0 interrupted iterations
default   [  68% ] 200/200 VUs  2m43.9s/4m00.0s

running (2m44.9s), 200/200 VUs, 158550 complete and 0 interrupted iterations
default   [  69% ] 200/200 VUs  2m44.9s/4m00.0s

running (2m45.9s), 200/200 VUs, 159522 complete and 0 interrupted iterations
default   [  69% ] 200/200 VUs  2m45.9s/4m00.0s

running (2m46.9s), 200/200 VUs, 160500 complete and 0 interrupted iterations
default   [  70% ] 200/200 VUs  2m46.9s/4m00.0s

running (2m47.9s), 200/200 VUs, 161500 complete and 0 interrupted iterations
default   [  70% ] 200/200 VUs  2m47.9s/4m00.0s

running (2m48.9s), 200/200 VUs, 162468 complete and 0 interrupted iterations
default   [  70% ] 200/200 VUs  2m48.9s/4m00.0s

running (2m49.9s), 200/200 VUs, 163450 complete and 0 interrupted iterations
default   [  71% ] 200/200 VUs  2m49.9s/4m00.0s

running (2m50.9s), 200/200 VUs, 164450 complete and 0 interrupted iterations
default   [  71% ] 200/200 VUs  2m50.9s/4m00.0s

running (2m51.9s), 200/200 VUs, 165450 complete and 0 interrupted iterations
default   [  72% ] 200/200 VUs  2m51.9s/4m00.0s

running (2m52.9s), 200/200 VUs, 166400 complete and 0 interrupted iterations
default   [  72% ] 200/200 VUs  2m52.9s/4m00.0s

running (2m53.9s), 200/200 VUs, 167400 complete and 0 interrupted iterations
default   [  72% ] 200/200 VUs  2m53.9s/4m00.0s

running (2m54.9s), 200/200 VUs, 168371 complete and 0 interrupted iterations
default   [  73% ] 200/200 VUs  2m54.9s/4m00.0s

running (2m55.9s), 200/200 VUs, 169350 complete and 0 interrupted iterations
default   [  73% ] 200/200 VUs  2m55.9s/4m00.0s

running (2m56.9s), 200/200 VUs, 170350 complete and 0 interrupted iterations
default   [  74% ] 200/200 VUs  2m56.9s/4m00.0s

running (2m57.9s), 200/200 VUs, 171325 complete and 0 interrupted iterations
default   [  74% ] 200/200 VUs  2m57.9s/4m00.0s

running (2m58.9s), 200/200 VUs, 172300 complete and 0 interrupted iterations
default   [  75% ] 200/200 VUs  2m58.9s/4m00.0s

running (2m59.9s), 200/200 VUs, 173300 complete and 0 interrupted iterations
default   [  75% ] 200/200 VUs  2m59.9s/4m00.0s

running (3m00.9s), 200/200 VUs, 174274 complete and 0 interrupted iterations
default   [  75% ] 200/200 VUs  3m00.9s/4m00.0s

running (3m01.9s), 200/200 VUs, 175250 complete and 0 interrupted iterations
default   [  76% ] 200/200 VUs  3m01.9s/4m00.0s

running (3m02.9s), 200/200 VUs, 176250 complete and 0 interrupted iterations
default   [  76% ] 200/200 VUs  3m02.9s/4m00.0s

running (3m03.9s), 200/200 VUs, 177250 complete and 0 interrupted iterations
default   [  77% ] 200/200 VUs  3m03.9s/4m00.0s

running (3m04.9s), 200/200 VUs, 178200 complete and 0 interrupted iterations
default   [  77% ] 200/200 VUs  3m04.9s/4m00.0s

running (3m05.9s), 200/200 VUs, 179200 complete and 0 interrupted iterations
default   [  77% ] 200/200 VUs  3m05.9s/4m00.0s

running (3m06.9s), 200/200 VUs, 180157 complete and 0 interrupted iterations
default   [  78% ] 200/200 VUs  3m06.9s/4m00.0s

running (3m07.9s), 200/200 VUs, 181150 complete and 0 interrupted iterations
default   [  78% ] 200/200 VUs  3m07.9s/4m00.0s

running (3m08.9s), 200/200 VUs, 182150 complete and 0 interrupted iterations
default   [  79% ] 200/200 VUs  3m08.9s/4m00.0s

running (3m09.9s), 200/200 VUs, 183150 complete and 0 interrupted iterations
default   [  79% ] 200/200 VUs  3m09.9s/4m00.0s

running (3m10.9s), 200/200 VUs, 184100 complete and 0 interrupted iterations
default   [  80% ] 200/200 VUs  3m10.9s/4m00.0s

running (3m11.9s), 200/200 VUs, 185100 complete and 0 interrupted iterations
default   [  80% ] 200/200 VUs  3m11.9s/4m00.0s

running (3m12.9s), 200/200 VUs, 186086 complete and 0 interrupted iterations
default   [  80% ] 200/200 VUs  3m12.9s/4m00.0s

running (3m13.9s), 200/200 VUs, 187050 complete and 0 interrupted iterations
default   [  81% ] 200/200 VUs  3m13.9s/4m00.0s

running (3m14.9s), 200/200 VUs, 188050 complete and 0 interrupted iterations
default   [  81% ] 200/200 VUs  3m14.9s/4m00.0s

running (3m15.9s), 200/200 VUs, 189030 complete and 0 interrupted iterations
default   [  82% ] 200/200 VUs  3m15.9s/4m00.0s

running (3m16.9s), 200/200 VUs, 190000 complete and 0 interrupted iterations
default   [  82% ] 200/200 VUs  3m16.9s/4m00.0s

running (3m17.9s), 200/200 VUs, 191000 complete and 0 interrupted iterations
default   [  82% ] 200/200 VUs  3m17.9s/4m00.0s

running (3m18.9s), 200/200 VUs, 191985 complete and 0 interrupted iterations
default   [  83% ] 200/200 VUs  3m18.9s/4m00.0s

running (3m19.9s), 200/200 VUs, 192950 complete and 0 interrupted iterations
default   [  83% ] 200/200 VUs  3m19.9s/4m00.0s

running (3m20.9s), 200/200 VUs, 193950 complete and 0 interrupted iterations
default   [  84% ] 200/200 VUs  3m20.9s/4m00.0s

running (3m21.9s), 200/200 VUs, 194927 complete and 0 interrupted iterations
default   [  84% ] 200/200 VUs  3m21.9s/4m00.0s

running (3m22.9s), 200/200 VUs, 195900 complete and 0 interrupted iterations
default   [  85% ] 200/200 VUs  3m22.9s/4m00.0s

running (3m23.9s), 200/200 VUs, 196900 complete and 0 interrupted iterations
default   [  85% ] 200/200 VUs  3m23.9s/4m00.0s

running (3m24.9s), 200/200 VUs, 197871 complete and 0 interrupted iterations
default   [  85% ] 200/200 VUs  3m24.9s/4m00.0s

running (3m25.9s), 200/200 VUs, 198850 complete and 0 interrupted iterations
default   [  86% ] 200/200 VUs  3m25.9s/4m00.0s

running (3m26.9s), 200/200 VUs, 199850 complete and 0 interrupted iterations
default   [  86% ] 200/200 VUs  3m26.9s/4m00.0s

running (3m27.9s), 200/200 VUs, 200817 complete and 0 interrupted iterations
default   [  87% ] 200/200 VUs  3m27.9s/4m00.0s

running (3m28.9s), 200/200 VUs, 201800 complete and 0 interrupted iterations
default   [  87% ] 200/200 VUs  3m28.9s/4m00.0s

running (3m29.9s), 200/200 VUs, 202800 complete and 0 interrupted iterations
default   [  87% ] 200/200 VUs  3m29.9s/4m00.0s

running (3m30.9s), 196/200 VUs, 203764 complete and 0 interrupted iterations
default   [  88% ] 196/200 VUs  3m30.9s/4m00.0s

running (3m31.9s), 188/200 VUs, 204750 complete and 0 interrupted iterations
default   [  88% ] 188/200 VUs  3m31.9s/4m00.0s

running (3m32.9s), 182/200 VUs, 205750 complete and 0 interrupted iterations
default   [  89% ] 182/200 VUs  3m32.9s/4m00.0s

running (3m33.9s), 176/200 VUs, 206748 complete and 0 interrupted iterations
default   [  89% ] 176/200 VUs  3m33.9s/4m00.0s

running (3m34.9s), 169/200 VUs, 207700 complete and 0 interrupted iterations
default   [  90% ] 169/200 VUs  3m34.9s/4m00.0s

running (3m35.9s), 163/200 VUs, 208700 complete and 0 interrupted iterations
default   [  90% ] 163/200 VUs  3m35.9s/4m00.0s

running (3m36.9s), 155/200 VUs, 209650 complete and 0 interrupted iterations
default   [  90% ] 155/200 VUs  3m36.9s/4m00.0s

running (3m37.9s), 148/200 VUs, 210650 complete and 0 interrupted iterations
default   [  91% ] 148/200 VUs  3m37.9s/4m00.0s

running (3m38.9s), 142/200 VUs, 211650 complete and 0 interrupted iterations
default   [  91% ] 142/200 VUs  3m38.9s/4m00.0s

running (3m39.9s), 135/200 VUs, 212650 complete and 0 interrupted iterations
default   [  92% ] 135/200 VUs  3m39.9s/4m00.0s

running (3m40.9s), 129/200 VUs, 213600 complete and 0 interrupted iterations
default   [  92% ] 129/200 VUs  3m40.9s/4m00.0s

running (3m41.9s), 121/200 VUs, 214600 complete and 0 interrupted iterations
default   [  92% ] 121/200 VUs  3m41.9s/4m00.0s

running (3m42.9s), 115/200 VUs, 215550 complete and 0 interrupted iterations
default   [  93% ] 115/200 VUs  3m42.9s/4m00.0s

running (3m43.9s), 109/200 VUs, 216550 complete and 0 interrupted iterations
default   [  93% ] 109/200 VUs  3m43.9s/4m00.0s

running (3m44.9s), 101/200 VUs, 217550 complete and 0 interrupted iterations
default   [  94% ] 101/200 VUs  3m44.9s/4m00.0s

running (3m45.9s), 095/200 VUs, 218500 complete and 0 interrupted iterations
default   [  94% ] 095/200 VUs  3m45.9s/4m00.0s

running (3m46.9s), 088/200 VUs, 219500 complete and 0 interrupted iterations
default   [  95% ] 088/200 VUs  3m46.9s/4m00.0s

running (3m47.9s), 082/200 VUs, 220500 complete and 0 interrupted iterations
default   [  95% ] 082/200 VUs  3m47.9s/4m00.0s

running (3m48.9s), 075/200 VUs, 221450 complete and 0 interrupted iterations
default   [  95% ] 075/200 VUs  3m48.9s/4m00.0s

running (3m49.9s), 068/200 VUs, 222450 complete and 0 interrupted iterations
default   [  96% ] 068/200 VUs  3m49.9s/4m00.0s

running (3m50.9s), 062/200 VUs, 223450 complete and 0 interrupted iterations
default   [  96% ] 062/200 VUs  3m50.9s/4m00.0s

running (3m51.9s), 054/200 VUs, 224450 complete and 0 interrupted iterations
default   [  97% ] 054/200 VUs  3m51.9s/4m00.0s

running (3m52.9s), 048/200 VUs, 225395 complete and 0 interrupted iterations
default   [  97% ] 048/200 VUs  3m52.9s/4m00.0s

running (3m53.9s), 041/200 VUs, 226292 complete and 0 interrupted iterations
default   [  97% ] 041/200 VUs  3m53.9s/4m00.0s

running (3m54.9s), 035/200 VUs, 227014 complete and 0 interrupted iterations
default   [  98% ] 035/200 VUs  3m54.9s/4m00.0s

running (3m55.9s), 028/200 VUs, 227615 complete and 0 interrupted iterations
default   [  98% ] 028/200 VUs  3m55.9s/4m00.0s

running (3m56.9s), 021/200 VUs, 228112 complete and 0 interrupted iterations
default   [  99% ] 021/200 VUs  3m56.9s/4m00.0s

running (3m57.9s), 015/200 VUs, 228458 complete and 0 interrupted iterations
default   [  99% ] 015/200 VUs  3m57.9s/4m00.0s

running (3m58.9s), 008/200 VUs, 228688 complete and 0 interrupted iterations
default   [ 100% ] 008/200 VUs  3m58.9s/4m00.0s

running (3m59.9s), 001/200 VUs, 228780 complete and 0 interrupted iterations
default   [ 100% ] 001/200 VUs  3m59.9s/4m00.0s


  █ THRESHOLDS 

    checks
    ✓ 'rate>0.95' rate=100.00%

    http_req_duration
    ✓ 'p(95)<5000' p(95)=501.81ms
    ✓ 'p(99)<10000' p(99)=658.06ms

    http_req_failed
    ✓ 'rate<0.05' rate=0.00%


  █ TOTAL RESULTS 

    checks_total.......: 915132  3812.76573/s
    checks_succeeded...: 100.00% 915132 out of 915132
    checks_failed......: 0.00%   0 out of 915132

    ✓ status is 200
    ✓ content-type is json
    ✓ workloadType is IO-BOUND
    ✓ executionTimeMs exists

    CUSTOM
    response_time_ms...............: min=50.598967 avg=183.533376 med=202.56697 max=1567.836962 p(90)=355.028233 p(95)=501.819447 p(99)=658.067152
    successful_requests............: 228783 953.191433/s

    HTTP
    http_req_duration..............: min=50.59ms   avg=183.53ms   med=202.56ms  max=1.56s       p(90)=355.02ms   p(95)=501.81ms   p(99)=658.06ms  
      { expected_response:true }...: min=50.59ms   avg=183.53ms   med=202.56ms  max=1.56s       p(90)=355.02ms   p(95)=501.81ms   p(99)=658.06ms  
    http_req_failed................: 0.00%  0 out of 228783
    http_reqs......................: 228783 953.191433/s

    EXECUTION
    iteration_duration.............: min=50.72ms   avg=183.7ms    med=202.72ms  max=1.56s       p(90)=355.18ms   p(95)=502.14ms   p(99)=658.22ms  
    iterations.....................: 228783 953.191433/s
    vus............................: 1      min=1           max=200
    vus_max........................: 200    min=200         max=200

    NETWORK
    data_received..................: 64 MB  265 kB/s
    data_sent......................: 18 MB  75 kB/s




running (4m00.0s), 000/200 VUs, 228783 complete and 0 interrupted iterations
default ✓ [ 100% ] 000/200 VUs  4m0s
