
         /\      Grafana   /‾‾/  
    /\  /  \     |\  __   /  /   
   /  \/    \    | |/ /  /   ‾‾\ 
  /          \   |   (  |  (‾)  |
 / __________ \  |_|\_\  \_____/ 


     execution: local
        script: io-bound-test.js
        output: -

     scenarios: (100.00%) 1 scenario, 400 max VUs, 6m30s max duration (incl. graceful stop):
              * default: Up to 400 looping VUs for 6m0s over 3 stages (gracefulRampDown: 30s, gracefulStop: 30s)


running (0m00.8s), 011/400 VUs, 91 complete and 0 interrupted iterations
default   [   0% ] 011/400 VUs  0m00.8s/6m00.0s

running (0m01.8s), 025/400 VUs, 438 complete and 0 interrupted iterations
default   [   1% ] 025/400 VUs  0m01.8s/6m00.0s

running (0m02.8s), 038/400 VUs, 1046 complete and 0 interrupted iterations
default   [   1% ] 038/400 VUs  0m02.8s/6m00.0s

running (0m03.8s), 051/400 VUs, 1911 complete and 0 interrupted iterations
default   [   1% ] 051/400 VUs  0m03.8s/6m00.0s

running (0m04.8s), 065/400 VUs, 2905 complete and 0 interrupted iterations
default   [   1% ] 065/400 VUs  0m04.8s/6m00.0s

running (0m05.8s), 078/400 VUs, 3900 complete and 0 interrupted iterations
default   [   2% ] 078/400 VUs  0m05.8s/6m00.0s

running (0m06.8s), 091/400 VUs, 4895 complete and 0 interrupted iterations
default   [   2% ] 091/400 VUs  0m06.8s/6m00.0s

running (0m07.8s), 105/400 VUs, 5886 complete and 0 interrupted iterations
default   [   2% ] 105/400 VUs  0m07.8s/6m00.0s

running (0m08.8s), 118/400 VUs, 6873 complete and 0 interrupted iterations
default   [   2% ] 118/400 VUs  0m08.8s/6m00.0s

running (0m09.8s), 131/400 VUs, 7863 complete and 0 interrupted iterations
default   [   3% ] 131/400 VUs  0m09.8s/6m00.0s

running (0m10.8s), 144/400 VUs, 8855 complete and 0 interrupted iterations
default   [   3% ] 144/400 VUs  0m10.8s/6m00.0s

running (0m11.8s), 158/400 VUs, 9849 complete and 0 interrupted iterations
default   [   3% ] 158/400 VUs  0m11.8s/6m00.0s

running (0m12.8s), 171/400 VUs, 10845 complete and 0 interrupted iterations
default   [   4% ] 171/400 VUs  0m12.8s/6m00.0s

running (0m13.8s), 184/400 VUs, 11836 complete and 0 interrupted iterations
default   [   4% ] 184/400 VUs  0m13.8s/6m00.0s

running (0m14.8s), 198/400 VUs, 12822 complete and 0 interrupted iterations
default   [   4% ] 198/400 VUs  0m14.8s/6m00.0s

running (0m15.8s), 211/400 VUs, 13814 complete and 0 interrupted iterations
default   [   4% ] 211/400 VUs  0m15.8s/6m00.0s

running (0m16.8s), 224/400 VUs, 14808 complete and 0 interrupted iterations
default   [   5% ] 224/400 VUs  0m16.8s/6m00.0s

running (0m17.8s), 238/400 VUs, 15799 complete and 0 interrupted iterations
default   [   5% ] 238/400 VUs  0m17.8s/6m00.0s

running (0m18.8s), 251/400 VUs, 16786 complete and 0 interrupted iterations
default   [   5% ] 251/400 VUs  0m18.8s/6m00.0s

running (0m19.8s), 264/400 VUs, 17784 complete and 0 interrupted iterations
default   [   6% ] 264/400 VUs  0m19.8s/6m00.0s

running (0m20.8s), 277/400 VUs, 18772 complete and 0 interrupted iterations
default   [   6% ] 277/400 VUs  0m20.8s/6m00.0s

running (0m21.8s), 291/400 VUs, 19765 complete and 0 interrupted iterations
default   [   6% ] 291/400 VUs  0m21.8s/6m00.0s

running (0m22.8s), 304/400 VUs, 20756 complete and 0 interrupted iterations
default   [   6% ] 304/400 VUs  0m22.8s/6m00.0s

running (0m23.8s), 317/400 VUs, 21743 complete and 0 interrupted iterations
default   [   7% ] 317/400 VUs  0m23.8s/6m00.0s

running (0m24.8s), 331/400 VUs, 22734 complete and 0 interrupted iterations
default   [   7% ] 331/400 VUs  0m24.8s/6m00.0s

running (0m25.8s), 344/400 VUs, 23733 complete and 0 interrupted iterations
default   [   7% ] 344/400 VUs  0m25.8s/6m00.0s

running (0m26.8s), 357/400 VUs, 24723 complete and 0 interrupted iterations
default   [   7% ] 357/400 VUs  0m26.8s/6m00.0s

running (0m27.8s), 371/400 VUs, 25717 complete and 0 interrupted iterations
default   [   8% ] 371/400 VUs  0m27.8s/6m00.0s

running (0m28.8s), 384/400 VUs, 26704 complete and 0 interrupted iterations
default   [   8% ] 384/400 VUs  0m28.8s/6m00.0s

running (0m29.8s), 397/400 VUs, 27697 complete and 0 interrupted iterations
default   [   8% ] 397/400 VUs  0m29.8s/6m00.0s

running (0m30.8s), 400/400 VUs, 28683 complete and 0 interrupted iterations
default   [   9% ] 400/400 VUs  0m30.8s/6m00.0s

running (0m31.8s), 400/400 VUs, 29682 complete and 0 interrupted iterations
default   [   9% ] 400/400 VUs  0m31.8s/6m00.0s

running (0m32.8s), 400/400 VUs, 30674 complete and 0 interrupted iterations
default   [   9% ] 400/400 VUs  0m32.8s/6m00.0s

running (0m33.8s), 400/400 VUs, 31666 complete and 0 interrupted iterations
default   [   9% ] 400/400 VUs  0m33.8s/6m00.0s

running (0m34.8s), 400/400 VUs, 32651 complete and 0 interrupted iterations
default   [  10% ] 400/400 VUs  0m34.8s/6m00.0s

running (0m35.8s), 400/400 VUs, 33642 complete and 0 interrupted iterations
default   [  10% ] 400/400 VUs  0m35.8s/6m00.0s

running (0m36.8s), 400/400 VUs, 34637 complete and 0 interrupted iterations
default   [  10% ] 400/400 VUs  0m36.8s/6m00.0s

running (0m37.8s), 400/400 VUs, 35633 complete and 0 interrupted iterations
default   [  11% ] 400/400 VUs  0m37.8s/6m00.0s

running (0m38.8s), 400/400 VUs, 36630 complete and 0 interrupted iterations
default   [  11% ] 400/400 VUs  0m38.8s/6m00.0s

running (0m39.8s), 400/400 VUs, 37610 complete and 0 interrupted iterations
default   [  11% ] 400/400 VUs  0m39.8s/6m00.0s

running (0m40.8s), 400/400 VUs, 38602 complete and 0 interrupted iterations
default   [  11% ] 400/400 VUs  0m40.8s/6m00.0s

running (0m41.8s), 400/400 VUs, 39596 complete and 0 interrupted iterations
default   [  12% ] 400/400 VUs  0m41.8s/6m00.0s

running (0m42.8s), 400/400 VUs, 40589 complete and 0 interrupted iterations
default   [  12% ] 400/400 VUs  0m42.8s/6m00.0s

running (0m43.8s), 400/400 VUs, 41581 complete and 0 interrupted iterations
default   [  12% ] 400/400 VUs  0m43.8s/6m00.0s

running (0m44.8s), 400/400 VUs, 42577 complete and 0 interrupted iterations
default   [  12% ] 400/400 VUs  0m44.8s/6m00.0s

running (0m45.8s), 400/400 VUs, 43554 complete and 0 interrupted iterations
default   [  13% ] 400/400 VUs  0m45.8s/6m00.0s

running (0m46.8s), 400/400 VUs, 44551 complete and 0 interrupted iterations
default   [  13% ] 400/400 VUs  0m46.8s/6m00.0s

running (0m47.8s), 400/400 VUs, 45549 complete and 0 interrupted iterations
default   [  13% ] 400/400 VUs  0m47.8s/6m00.0s

running (0m48.8s), 400/400 VUs, 46541 complete and 0 interrupted iterations
default   [  14% ] 400/400 VUs  0m48.8s/6m00.0s

running (0m49.8s), 400/400 VUs, 47531 complete and 0 interrupted iterations
default   [  14% ] 400/400 VUs  0m49.8s/6m00.0s

running (0m50.8s), 400/400 VUs, 48515 complete and 0 interrupted iterations
default   [  14% ] 400/400 VUs  0m50.8s/6m00.0s

running (0m51.8s), 400/400 VUs, 49507 complete and 0 interrupted iterations
default   [  14% ] 400/400 VUs  0m51.8s/6m00.0s

running (0m52.8s), 400/400 VUs, 50502 complete and 0 interrupted iterations
default   [  15% ] 400/400 VUs  0m52.8s/6m00.0s

running (0m53.8s), 400/400 VUs, 51494 complete and 0 interrupted iterations
default   [  15% ] 400/400 VUs  0m53.8s/6m00.0s

running (0m54.8s), 400/400 VUs, 52494 complete and 0 interrupted iterations
default   [  15% ] 400/400 VUs  0m54.8s/6m00.0s

running (0m55.8s), 400/400 VUs, 53486 complete and 0 interrupted iterations
default   [  16% ] 400/400 VUs  0m55.8s/6m00.0s

running (0m56.8s), 400/400 VUs, 54470 complete and 0 interrupted iterations
default   [  16% ] 400/400 VUs  0m56.8s/6m00.0s

running (0m57.8s), 400/400 VUs, 55461 complete and 0 interrupted iterations
default   [  16% ] 400/400 VUs  0m57.8s/6m00.0s

running (0m58.8s), 400/400 VUs, 56453 complete and 0 interrupted iterations
default   [  16% ] 400/400 VUs  0m58.8s/6m00.0s

running (0m59.8s), 400/400 VUs, 57443 complete and 0 interrupted iterations
default   [  17% ] 400/400 VUs  0m59.8s/6m00.0s

running (1m00.8s), 400/400 VUs, 58443 complete and 0 interrupted iterations
default   [  17% ] 400/400 VUs  1m00.8s/6m00.0s

running (1m01.8s), 400/400 VUs, 59436 complete and 0 interrupted iterations
default   [  17% ] 400/400 VUs  1m01.8s/6m00.0s

running (1m02.8s), 400/400 VUs, 60425 complete and 0 interrupted iterations
default   [  17% ] 400/400 VUs  1m02.8s/6m00.0s

running (1m03.8s), 400/400 VUs, 61411 complete and 0 interrupted iterations
default   [  18% ] 400/400 VUs  1m03.8s/6m00.0s

running (1m04.8s), 400/400 VUs, 62396 complete and 0 interrupted iterations
default   [  18% ] 400/400 VUs  1m04.8s/6m00.0s

running (1m05.8s), 400/400 VUs, 63393 complete and 0 interrupted iterations
default   [  18% ] 400/400 VUs  1m05.8s/6m00.0s

running (1m06.8s), 400/400 VUs, 64392 complete and 0 interrupted iterations
default   [  19% ] 400/400 VUs  1m06.8s/6m00.0s

running (1m07.8s), 400/400 VUs, 65391 complete and 0 interrupted iterations
default   [  19% ] 400/400 VUs  1m07.8s/6m00.0s

running (1m08.8s), 400/400 VUs, 66371 complete and 0 interrupted iterations
default   [  19% ] 400/400 VUs  1m08.8s/6m00.0s

running (1m09.8s), 400/400 VUs, 67364 complete and 0 interrupted iterations
default   [  19% ] 400/400 VUs  1m09.8s/6m00.0s

running (1m10.8s), 400/400 VUs, 68343 complete and 0 interrupted iterations
default   [  20% ] 400/400 VUs  1m10.8s/6m00.0s

running (1m11.8s), 400/400 VUs, 69343 complete and 0 interrupted iterations
default   [  20% ] 400/400 VUs  1m11.8s/6m00.0s

running (1m12.8s), 400/400 VUs, 70341 complete and 0 interrupted iterations
default   [  20% ] 400/400 VUs  1m12.8s/6m00.0s

running (1m13.8s), 400/400 VUs, 71331 complete and 0 interrupted iterations
default   [  21% ] 400/400 VUs  1m13.8s/6m00.0s

running (1m14.8s), 400/400 VUs, 72317 complete and 0 interrupted iterations
default   [  21% ] 400/400 VUs  1m14.8s/6m00.0s

running (1m15.8s), 400/400 VUs, 73303 complete and 0 interrupted iterations
default   [  21% ] 400/400 VUs  1m15.8s/6m00.0s

running (1m16.8s), 400/400 VUs, 74293 complete and 0 interrupted iterations
default   [  21% ] 400/400 VUs  1m16.8s/6m00.0s

running (1m17.8s), 400/400 VUs, 75293 complete and 0 interrupted iterations
default   [  22% ] 400/400 VUs  1m17.8s/6m00.0s

running (1m18.8s), 400/400 VUs, 76291 complete and 0 interrupted iterations
default   [  22% ] 400/400 VUs  1m18.8s/6m00.0s

running (1m19.8s), 400/400 VUs, 77281 complete and 0 interrupted iterations
default   [  22% ] 400/400 VUs  1m19.8s/6m00.0s

running (1m20.8s), 400/400 VUs, 78243 complete and 0 interrupted iterations
default   [  22% ] 400/400 VUs  1m20.8s/6m00.0s

running (1m21.8s), 400/400 VUs, 79243 complete and 0 interrupted iterations
default   [  23% ] 400/400 VUs  1m21.8s/6m00.0s

running (1m22.8s), 400/400 VUs, 80243 complete and 0 interrupted iterations
default   [  23% ] 400/400 VUs  1m22.8s/6m00.0s

running (1m23.8s), 400/400 VUs, 81241 complete and 0 interrupted iterations
default   [  23% ] 400/400 VUs  1m23.8s/6m00.0s

running (1m24.8s), 400/400 VUs, 82219 complete and 0 interrupted iterations
default   [  24% ] 400/400 VUs  1m24.8s/6m00.0s

running (1m25.8s), 400/400 VUs, 83193 complete and 0 interrupted iterations
default   [  24% ] 400/400 VUs  1m25.8s/6m00.0s

running (1m26.8s), 400/400 VUs, 84193 complete and 0 interrupted iterations
default   [  24% ] 400/400 VUs  1m26.8s/6m00.0s

running (1m27.8s), 400/400 VUs, 85193 complete and 0 interrupted iterations
default   [  24% ] 400/400 VUs  1m27.8s/6m00.0s

running (1m28.8s), 400/400 VUs, 86170 complete and 0 interrupted iterations
default   [  25% ] 400/400 VUs  1m28.8s/6m00.0s

running (1m29.8s), 400/400 VUs, 87143 complete and 0 interrupted iterations
default   [  25% ] 400/400 VUs  1m29.8s/6m00.0s

running (1m30.8s), 400/400 VUs, 88143 complete and 0 interrupted iterations
default   [  25% ] 400/400 VUs  1m30.8s/6m00.0s

running (1m31.8s), 400/400 VUs, 89143 complete and 0 interrupted iterations
default   [  26% ] 400/400 VUs  1m31.8s/6m00.0s

running (1m32.8s), 400/400 VUs, 90143 complete and 0 interrupted iterations
default   [  26% ] 400/400 VUs  1m32.8s/6m00.0s

running (1m33.8s), 400/400 VUs, 91130 complete and 0 interrupted iterations
default   [  26% ] 400/400 VUs  1m33.8s/6m00.0s

running (1m34.8s), 400/400 VUs, 92100 complete and 0 interrupted iterations
default   [  26% ] 400/400 VUs  1m34.8s/6m00.0s

running (1m35.8s), 400/400 VUs, 93093 complete and 0 interrupted iterations
default   [  27% ] 400/400 VUs  1m35.8s/6m00.0s

running (1m36.8s), 400/400 VUs, 94093 complete and 0 interrupted iterations
default   [  27% ] 400/400 VUs  1m36.8s/6m00.0s

running (1m37.8s), 400/400 VUs, 95092 complete and 0 interrupted iterations
default   [  27% ] 400/400 VUs  1m37.8s/6m00.0s

running (1m38.8s), 400/400 VUs, 96051 complete and 0 interrupted iterations
default   [  27% ] 400/400 VUs  1m38.8s/6m00.0s

running (1m39.8s), 400/400 VUs, 97043 complete and 0 interrupted iterations
default   [  28% ] 400/400 VUs  1m39.8s/6m00.0s

running (1m40.8s), 400/400 VUs, 98043 complete and 0 interrupted iterations
default   [  28% ] 400/400 VUs  1m40.8s/6m00.0s

running (1m41.8s), 400/400 VUs, 99043 complete and 0 interrupted iterations
default   [  28% ] 400/400 VUs  1m41.8s/6m00.0s

running (1m42.8s), 400/400 VUs, 100043 complete and 0 interrupted iterations
default   [  29% ] 400/400 VUs  1m42.8s/6m00.0s

running (1m43.8s), 400/400 VUs, 101018 complete and 0 interrupted iterations
default   [  29% ] 400/400 VUs  1m43.8s/6m00.0s

running (1m44.8s), 400/400 VUs, 101996 complete and 0 interrupted iterations
default   [  29% ] 400/400 VUs  1m44.8s/6m00.0s

running (1m45.8s), 400/400 VUs, 102993 complete and 0 interrupted iterations
default   [  29% ] 400/400 VUs  1m45.8s/6m00.0s

running (1m46.8s), 400/400 VUs, 103993 complete and 0 interrupted iterations
default   [  30% ] 400/400 VUs  1m46.8s/6m00.0s

running (1m47.8s), 400/400 VUs, 104993 complete and 0 interrupted iterations
default   [  30% ] 400/400 VUs  1m47.8s/6m00.0s

running (1m48.8s), 400/400 VUs, 105965 complete and 0 interrupted iterations
default   [  30% ] 400/400 VUs  1m48.8s/6m00.0s

running (1m49.8s), 400/400 VUs, 106943 complete and 0 interrupted iterations
default   [  31% ] 400/400 VUs  1m49.8s/6m00.0s

running (1m50.8s), 400/400 VUs, 107943 complete and 0 interrupted iterations
default   [  31% ] 400/400 VUs  1m50.8s/6m00.0s

running (1m51.8s), 400/400 VUs, 108943 complete and 0 interrupted iterations
default   [  31% ] 400/400 VUs  1m51.8s/6m00.0s

running (1m52.8s), 400/400 VUs, 109943 complete and 0 interrupted iterations
default   [  31% ] 400/400 VUs  1m52.8s/6m00.0s

running (1m53.8s), 400/400 VUs, 110913 complete and 0 interrupted iterations
default   [  32% ] 400/400 VUs  1m53.8s/6m00.0s

running (1m54.8s), 400/400 VUs, 111893 complete and 0 interrupted iterations
default   [  32% ] 400/400 VUs  1m54.8s/6m00.0s

running (1m55.8s), 400/400 VUs, 112893 complete and 0 interrupted iterations
default   [  32% ] 400/400 VUs  1m55.8s/6m00.0s

running (1m56.8s), 400/400 VUs, 113893 complete and 0 interrupted iterations
default   [  32% ] 400/400 VUs  1m56.8s/6m00.0s

running (1m57.8s), 400/400 VUs, 114883 complete and 0 interrupted iterations
default   [  33% ] 400/400 VUs  1m57.8s/6m00.0s

running (1m58.8s), 400/400 VUs, 115868 complete and 0 interrupted iterations
default   [  33% ] 400/400 VUs  1m58.8s/6m00.0s

running (1m59.8s), 400/400 VUs, 116843 complete and 0 interrupted iterations
default   [  33% ] 400/400 VUs  1m59.8s/6m00.0s

running (2m00.8s), 400/400 VUs, 117843 complete and 0 interrupted iterations
default   [  34% ] 400/400 VUs  2m00.8s/6m00.0s

running (2m01.8s), 400/400 VUs, 118843 complete and 0 interrupted iterations
default   [  34% ] 400/400 VUs  2m01.8s/6m00.0s

running (2m02.8s), 400/400 VUs, 119843 complete and 0 interrupted iterations
default   [  34% ] 400/400 VUs  2m02.8s/6m00.0s

running (2m03.8s), 400/400 VUs, 120843 complete and 0 interrupted iterations
default   [  34% ] 400/400 VUs  2m03.8s/6m00.0s

running (2m04.8s), 400/400 VUs, 121793 complete and 0 interrupted iterations
default   [  35% ] 400/400 VUs  2m04.8s/6m00.0s

running (2m05.8s), 400/400 VUs, 122793 complete and 0 interrupted iterations
default   [  35% ] 400/400 VUs  2m05.8s/6m00.0s

running (2m06.8s), 400/400 VUs, 123793 complete and 0 interrupted iterations
default   [  35% ] 400/400 VUs  2m06.8s/6m00.0s

running (2m07.8s), 400/400 VUs, 124743 complete and 0 interrupted iterations
default   [  36% ] 400/400 VUs  2m07.8s/6m00.0s

running (2m08.8s), 400/400 VUs, 125743 complete and 0 interrupted iterations
default   [  36% ] 400/400 VUs  2m08.8s/6m00.0s

running (2m09.8s), 400/400 VUs, 126743 complete and 0 interrupted iterations
default   [  36% ] 400/400 VUs  2m09.8s/6m00.0s

running (2m10.8s), 400/400 VUs, 127721 complete and 0 interrupted iterations
default   [  36% ] 400/400 VUs  2m10.8s/6m00.0s

running (2m11.8s), 400/400 VUs, 128704 complete and 0 interrupted iterations
default   [  37% ] 400/400 VUs  2m11.8s/6m00.0s

running (2m12.8s), 400/400 VUs, 129693 complete and 0 interrupted iterations
default   [  37% ] 400/400 VUs  2m12.8s/6m00.0s

running (2m13.8s), 400/400 VUs, 130693 complete and 0 interrupted iterations
default   [  37% ] 400/400 VUs  2m13.8s/6m00.0s

running (2m14.8s), 400/400 VUs, 131693 complete and 0 interrupted iterations
default   [  37% ] 400/400 VUs  2m14.8s/6m00.0s

running (2m15.8s), 400/400 VUs, 132689 complete and 0 interrupted iterations
default   [  38% ] 400/400 VUs  2m15.8s/6m00.0s

running (2m16.8s), 400/400 VUs, 133669 complete and 0 interrupted iterations
default   [  38% ] 400/400 VUs  2m16.8s/6m00.0s

running (2m17.8s), 400/400 VUs, 134664 complete and 0 interrupted iterations
default   [  38% ] 400/400 VUs  2m17.8s/6m00.0s

running (2m18.8s), 400/400 VUs, 135643 complete and 0 interrupted iterations
default   [  39% ] 400/400 VUs  2m18.8s/6m00.0s

running (2m19.8s), 400/400 VUs, 136643 complete and 0 interrupted iterations
default   [  39% ] 400/400 VUs  2m19.8s/6m00.0s

running (2m20.8s), 400/400 VUs, 137612 complete and 0 interrupted iterations
default   [  39% ] 400/400 VUs  2m20.8s/6m00.0s

running (2m21.8s), 400/400 VUs, 138593 complete and 0 interrupted iterations
default   [  39% ] 400/400 VUs  2m21.8s/6m00.0s

running (2m22.8s), 400/400 VUs, 139593 complete and 0 interrupted iterations
default   [  40% ] 400/400 VUs  2m22.8s/6m00.0s

running (2m23.8s), 400/400 VUs, 140593 complete and 0 interrupted iterations
default   [  40% ] 400/400 VUs  2m23.8s/6m00.0s

running (2m24.8s), 400/400 VUs, 141543 complete and 0 interrupted iterations
default   [  40% ] 400/400 VUs  2m24.8s/6m00.0s

running (2m25.8s), 400/400 VUs, 142543 complete and 0 interrupted iterations
default   [  41% ] 400/400 VUs  2m25.8s/6m00.0s

running (2m26.8s), 400/400 VUs, 143535 complete and 0 interrupted iterations
default   [  41% ] 400/400 VUs  2m26.8s/6m00.0s

running (2m27.8s), 400/400 VUs, 144493 complete and 0 interrupted iterations
default   [  41% ] 400/400 VUs  2m27.8s/6m00.0s

running (2m28.8s), 400/400 VUs, 145493 complete and 0 interrupted iterations
default   [  41% ] 400/400 VUs  2m28.8s/6m00.0s

running (2m29.8s), 400/400 VUs, 146493 complete and 0 interrupted iterations
default   [  42% ] 400/400 VUs  2m29.8s/6m00.0s

running (2m30.8s), 400/400 VUs, 147493 complete and 0 interrupted iterations
default   [  42% ] 400/400 VUs  2m30.8s/6m00.0s

running (2m31.8s), 400/400 VUs, 148493 complete and 0 interrupted iterations
default   [  42% ] 400/400 VUs  2m31.8s/6m00.0s

running (2m32.8s), 400/400 VUs, 149443 complete and 0 interrupted iterations
default   [  42% ] 400/400 VUs  2m32.8s/6m00.0s

running (2m33.8s), 400/400 VUs, 150443 complete and 0 interrupted iterations
default   [  43% ] 400/400 VUs  2m33.8s/6m00.0s

running (2m34.8s), 400/400 VUs, 151443 complete and 0 interrupted iterations
default   [  43% ] 400/400 VUs  2m34.8s/6m00.0s

running (2m35.8s), 400/400 VUs, 152410 complete and 0 interrupted iterations
default   [  43% ] 400/400 VUs  2m35.8s/6m00.0s

running (2m36.8s), 400/400 VUs, 153393 complete and 0 interrupted iterations
default   [  44% ] 400/400 VUs  2m36.8s/6m00.0s

running (2m37.8s), 400/400 VUs, 154393 complete and 0 interrupted iterations
default   [  44% ] 400/400 VUs  2m37.8s/6m00.0s

running (2m38.8s), 400/400 VUs, 155393 complete and 0 interrupted iterations
default   [  44% ] 400/400 VUs  2m38.8s/6m00.0s

running (2m39.8s), 400/400 VUs, 156352 complete and 0 interrupted iterations
default   [  44% ] 400/400 VUs  2m39.8s/6m00.0s

running (2m40.8s), 400/400 VUs, 157343 complete and 0 interrupted iterations
default   [  45% ] 400/400 VUs  2m40.8s/6m00.0s

running (2m41.8s), 400/400 VUs, 158343 complete and 0 interrupted iterations
default   [  45% ] 400/400 VUs  2m41.8s/6m00.0s

running (2m42.8s), 400/400 VUs, 159343 complete and 0 interrupted iterations
default   [  45% ] 400/400 VUs  2m42.8s/6m00.0s

running (2m43.8s), 400/400 VUs, 160343 complete and 0 interrupted iterations
default   [  46% ] 400/400 VUs  2m43.8s/6m00.0s

running (2m44.8s), 400/400 VUs, 161302 complete and 0 interrupted iterations
default   [  46% ] 400/400 VUs  2m44.8s/6m00.0s

running (2m45.8s), 400/400 VUs, 162293 complete and 0 interrupted iterations
default   [  46% ] 400/400 VUs  2m45.8s/6m00.0s

running (2m46.8s), 400/400 VUs, 163293 complete and 0 interrupted iterations
default   [  46% ] 400/400 VUs  2m46.8s/6m00.0s

running (2m47.8s), 400/400 VUs, 164293 complete and 0 interrupted iterations
default   [  47% ] 400/400 VUs  2m47.8s/6m00.0s

running (2m48.8s), 400/400 VUs, 165243 complete and 0 interrupted iterations
default   [  47% ] 400/400 VUs  2m48.8s/6m00.0s

running (2m49.8s), 400/400 VUs, 166243 complete and 0 interrupted iterations
default   [  47% ] 400/400 VUs  2m49.8s/6m00.0s

running (2m50.8s), 400/400 VUs, 167243 complete and 0 interrupted iterations
default   [  47% ] 400/400 VUs  2m50.8s/6m00.0s

running (2m51.8s), 400/400 VUs, 168243 complete and 0 interrupted iterations
default   [  48% ] 400/400 VUs  2m51.8s/6m00.0s

running (2m52.8s), 400/400 VUs, 169224 complete and 0 interrupted iterations
default   [  48% ] 400/400 VUs  2m52.8s/6m00.0s

running (2m53.8s), 400/400 VUs, 170193 complete and 0 interrupted iterations
default   [  48% ] 400/400 VUs  2m53.8s/6m00.0s

running (2m54.8s), 400/400 VUs, 171193 complete and 0 interrupted iterations
default   [  49% ] 400/400 VUs  2m54.8s/6m00.0s

running (2m55.8s), 400/400 VUs, 172193 complete and 0 interrupted iterations
default   [  49% ] 400/400 VUs  2m55.8s/6m00.0s

running (2m56.8s), 400/400 VUs, 173190 complete and 0 interrupted iterations
default   [  49% ] 400/400 VUs  2m56.8s/6m00.0s

running (2m57.8s), 400/400 VUs, 174180 complete and 0 interrupted iterations
default   [  49% ] 400/400 VUs  2m57.8s/6m00.0s

running (2m58.8s), 400/400 VUs, 175144 complete and 0 interrupted iterations
default   [  50% ] 400/400 VUs  2m58.8s/6m00.0s

running (2m59.8s), 400/400 VUs, 176143 complete and 0 interrupted iterations
default   [  50% ] 400/400 VUs  2m59.8s/6m00.0s

running (3m00.8s), 400/400 VUs, 177143 complete and 0 interrupted iterations
default   [  50% ] 400/400 VUs  3m00.8s/6m00.0s

running (3m01.8s), 400/400 VUs, 178143 complete and 0 interrupted iterations
default   [  51% ] 400/400 VUs  3m01.8s/6m00.0s

running (3m02.8s), 400/400 VUs, 179107 complete and 0 interrupted iterations
default   [  51% ] 400/400 VUs  3m02.8s/6m00.0s

running (3m03.8s), 400/400 VUs, 180093 complete and 0 interrupted iterations
default   [  51% ] 400/400 VUs  3m03.8s/6m00.0s

running (3m04.8s), 400/400 VUs, 181093 complete and 0 interrupted iterations
default   [  51% ] 400/400 VUs  3m04.8s/6m00.0s

running (3m05.8s), 400/400 VUs, 182093 complete and 0 interrupted iterations
default   [  52% ] 400/400 VUs  3m05.8s/6m00.0s

running (3m06.8s), 400/400 VUs, 183051 complete and 0 interrupted iterations
default   [  52% ] 400/400 VUs  3m06.8s/6m00.0s

running (3m07.8s), 400/400 VUs, 184043 complete and 0 interrupted iterations
default   [  52% ] 400/400 VUs  3m07.8s/6m00.0s

running (3m08.8s), 400/400 VUs, 185043 complete and 0 interrupted iterations
default   [  52% ] 400/400 VUs  3m08.8s/6m00.0s

running (3m09.8s), 400/400 VUs, 186043 complete and 0 interrupted iterations
default   [  53% ] 400/400 VUs  3m09.8s/6m00.0s

running (3m10.8s), 400/400 VUs, 187006 complete and 0 interrupted iterations
default   [  53% ] 400/400 VUs  3m10.8s/6m00.0s

running (3m11.8s), 400/400 VUs, 187993 complete and 0 interrupted iterations
default   [  53% ] 400/400 VUs  3m11.8s/6m00.0s

running (3m12.8s), 400/400 VUs, 188993 complete and 0 interrupted iterations
default   [  54% ] 400/400 VUs  3m12.8s/6m00.0s

running (3m13.8s), 400/400 VUs, 189993 complete and 0 interrupted iterations
default   [  54% ] 400/400 VUs  3m13.8s/6m00.0s

running (3m14.8s), 400/400 VUs, 190962 complete and 0 interrupted iterations
default   [  54% ] 400/400 VUs  3m14.8s/6m00.0s

running (3m15.8s), 400/400 VUs, 191943 complete and 0 interrupted iterations
default   [  54% ] 400/400 VUs  3m15.8s/6m00.0s

running (3m16.8s), 400/400 VUs, 192943 complete and 0 interrupted iterations
default   [  55% ] 400/400 VUs  3m16.8s/6m00.0s

running (3m17.8s), 400/400 VUs, 193943 complete and 0 interrupted iterations
default   [  55% ] 400/400 VUs  3m17.8s/6m00.0s

running (3m18.8s), 400/400 VUs, 194905 complete and 0 interrupted iterations
default   [  55% ] 400/400 VUs  3m18.8s/6m00.0s

running (3m19.8s), 400/400 VUs, 195893 complete and 0 interrupted iterations
default   [  56% ] 400/400 VUs  3m19.8s/6m00.0s

running (3m20.8s), 400/400 VUs, 196893 complete and 0 interrupted iterations
default   [  56% ] 400/400 VUs  3m20.8s/6m00.0s

running (3m21.8s), 400/400 VUs, 197888 complete and 0 interrupted iterations
default   [  56% ] 400/400 VUs  3m21.8s/6m00.0s

running (3m22.8s), 400/400 VUs, 198843 complete and 0 interrupted iterations
default   [  56% ] 400/400 VUs  3m22.8s/6m00.0s

running (3m23.8s), 400/400 VUs, 199843 complete and 0 interrupted iterations
default   [  57% ] 400/400 VUs  3m23.8s/6m00.0s

running (3m24.8s), 400/400 VUs, 200843 complete and 0 interrupted iterations
default   [  57% ] 400/400 VUs  3m24.8s/6m00.0s

running (3m25.8s), 400/400 VUs, 201843 complete and 0 interrupted iterations
default   [  57% ] 400/400 VUs  3m25.8s/6m00.0s

running (3m26.8s), 400/400 VUs, 202793 complete and 0 interrupted iterations
default   [  57% ] 400/400 VUs  3m26.8s/6m00.0s

running (3m27.8s), 400/400 VUs, 203793 complete and 0 interrupted iterations
default   [  58% ] 400/400 VUs  3m27.8s/6m00.0s

running (3m28.8s), 400/400 VUs, 204793 complete and 0 interrupted iterations
default   [  58% ] 400/400 VUs  3m28.8s/6m00.0s

running (3m29.8s), 400/400 VUs, 205793 complete and 0 interrupted iterations
default   [  58% ] 400/400 VUs  3m29.8s/6m00.0s

running (3m30.8s), 400/400 VUs, 206745 complete and 0 interrupted iterations
default   [  59% ] 400/400 VUs  3m30.8s/6m00.0s

running (3m31.8s), 400/400 VUs, 207743 complete and 0 interrupted iterations
default   [  59% ] 400/400 VUs  3m31.8s/6m00.0s

running (3m32.8s), 400/400 VUs, 208743 complete and 0 interrupted iterations
default   [  59% ] 400/400 VUs  3m32.8s/6m00.0s

running (3m33.8s), 400/400 VUs, 209743 complete and 0 interrupted iterations
default   [  59% ] 400/400 VUs  3m33.8s/6m00.0s

running (3m34.8s), 400/400 VUs, 210721 complete and 0 interrupted iterations
default   [  60% ] 400/400 VUs  3m34.8s/6m00.0s

running (3m35.8s), 400/400 VUs, 211694 complete and 0 interrupted iterations
default   [  60% ] 400/400 VUs  3m35.8s/6m00.0s

running (3m36.8s), 400/400 VUs, 212693 complete and 0 interrupted iterations
default   [  60% ] 400/400 VUs  3m36.8s/6m00.0s

running (3m37.8s), 400/400 VUs, 213693 complete and 0 interrupted iterations
default   [  61% ] 400/400 VUs  3m37.8s/6m00.0s

running (3m38.8s), 400/400 VUs, 214693 complete and 0 interrupted iterations
default   [  61% ] 400/400 VUs  3m38.8s/6m00.0s

running (3m39.8s), 400/400 VUs, 215676 complete and 0 interrupted iterations
default   [  61% ] 400/400 VUs  3m39.8s/6m00.0s

running (3m40.8s), 400/400 VUs, 216643 complete and 0 interrupted iterations
default   [  61% ] 400/400 VUs  3m40.8s/6m00.0s

running (3m41.8s), 400/400 VUs, 217643 complete and 0 interrupted iterations
default   [  62% ] 400/400 VUs  3m41.8s/6m00.0s

running (3m42.8s), 400/400 VUs, 218643 complete and 0 interrupted iterations
default   [  62% ] 400/400 VUs  3m42.8s/6m00.0s

running (3m43.8s), 400/400 VUs, 219643 complete and 0 interrupted iterations
default   [  62% ] 400/400 VUs  3m43.8s/6m00.0s

running (3m44.8s), 400/400 VUs, 220613 complete and 0 interrupted iterations
default   [  62% ] 400/400 VUs  3m44.8s/6m00.0s

running (3m45.8s), 400/400 VUs, 221602 complete and 0 interrupted iterations
default   [  63% ] 400/400 VUs  3m45.8s/6m00.0s

running (3m46.8s), 400/400 VUs, 222593 complete and 0 interrupted iterations
default   [  63% ] 400/400 VUs  3m46.8s/6m00.0s

running (3m47.8s), 400/400 VUs, 223593 complete and 0 interrupted iterations
default   [  63% ] 400/400 VUs  3m47.8s/6m00.0s

running (3m48.8s), 400/400 VUs, 224593 complete and 0 interrupted iterations
default   [  64% ] 400/400 VUs  3m48.8s/6m00.0s

running (3m49.8s), 400/400 VUs, 225574 complete and 0 interrupted iterations
default   [  64% ] 400/400 VUs  3m49.8s/6m00.0s

running (3m50.8s), 400/400 VUs, 226543 complete and 0 interrupted iterations
default   [  64% ] 400/400 VUs  3m50.8s/6m00.0s

running (3m51.8s), 400/400 VUs, 227543 complete and 0 interrupted iterations
default   [  64% ] 400/400 VUs  3m51.8s/6m00.0s

running (3m52.8s), 400/400 VUs, 228543 complete and 0 interrupted iterations
default   [  65% ] 400/400 VUs  3m52.8s/6m00.0s

running (3m53.8s), 400/400 VUs, 229543 complete and 0 interrupted iterations
default   [  65% ] 400/400 VUs  3m53.8s/6m00.0s

running (3m54.8s), 400/400 VUs, 230527 complete and 0 interrupted iterations
default   [  65% ] 400/400 VUs  3m54.8s/6m00.0s

running (3m55.8s), 400/400 VUs, 231493 complete and 0 interrupted iterations
default   [  66% ] 400/400 VUs  3m55.8s/6m00.0s

running (3m56.8s), 400/400 VUs, 232493 complete and 0 interrupted iterations
default   [  66% ] 400/400 VUs  3m56.8s/6m00.0s

running (3m57.8s), 400/400 VUs, 233493 complete and 0 interrupted iterations
default   [  66% ] 400/400 VUs  3m57.8s/6m00.0s

running (3m58.8s), 400/400 VUs, 234478 complete and 0 interrupted iterations
default   [  66% ] 400/400 VUs  3m58.8s/6m00.0s

running (3m59.8s), 400/400 VUs, 235443 complete and 0 interrupted iterations
default   [  67% ] 400/400 VUs  3m59.8s/6m00.0s

running (4m00.8s), 400/400 VUs, 236443 complete and 0 interrupted iterations
default   [  67% ] 400/400 VUs  4m00.8s/6m00.0s

running (4m01.8s), 400/400 VUs, 237443 complete and 0 interrupted iterations
default   [  67% ] 400/400 VUs  4m01.8s/6m00.0s

running (4m02.8s), 400/400 VUs, 238443 complete and 0 interrupted iterations
default   [  67% ] 400/400 VUs  4m02.8s/6m00.0s

running (4m03.8s), 400/400 VUs, 239411 complete and 0 interrupted iterations
default   [  68% ] 400/400 VUs  4m03.8s/6m00.0s

running (4m04.8s), 400/400 VUs, 240393 complete and 0 interrupted iterations
default   [  68% ] 400/400 VUs  4m04.8s/6m00.0s

running (4m05.8s), 400/400 VUs, 241393 complete and 0 interrupted iterations
default   [  68% ] 400/400 VUs  4m05.8s/6m00.0s

running (4m06.8s), 400/400 VUs, 242393 complete and 0 interrupted iterations
default   [  69% ] 400/400 VUs  4m06.8s/6m00.0s

running (4m07.8s), 400/400 VUs, 243343 complete and 0 interrupted iterations
default   [  69% ] 400/400 VUs  4m07.8s/6m00.0s

running (4m08.8s), 400/400 VUs, 244343 complete and 0 interrupted iterations
default   [  69% ] 400/400 VUs  4m08.8s/6m00.0s

running (4m09.8s), 400/400 VUs, 245343 complete and 0 interrupted iterations
default   [  69% ] 400/400 VUs  4m09.8s/6m00.0s

running (4m10.8s), 400/400 VUs, 246343 complete and 0 interrupted iterations
default   [  70% ] 400/400 VUs  4m10.8s/6m00.0s

running (4m11.8s), 400/400 VUs, 247303 complete and 0 interrupted iterations
default   [  70% ] 400/400 VUs  4m11.8s/6m00.0s

running (4m12.8s), 400/400 VUs, 248293 complete and 0 interrupted iterations
default   [  70% ] 400/400 VUs  4m12.8s/6m00.0s

running (4m13.8s), 400/400 VUs, 249293 complete and 0 interrupted iterations
default   [  71% ] 400/400 VUs  4m13.8s/6m00.0s

running (4m14.8s), 400/400 VUs, 250293 complete and 0 interrupted iterations
default   [  71% ] 400/400 VUs  4m14.8s/6m00.0s

running (4m15.8s), 400/400 VUs, 251288 complete and 0 interrupted iterations
default   [  71% ] 400/400 VUs  4m15.8s/6m00.0s

running (4m16.8s), 400/400 VUs, 252243 complete and 0 interrupted iterations
default   [  71% ] 400/400 VUs  4m16.8s/6m00.0s

running (4m17.8s), 400/400 VUs, 253243 complete and 0 interrupted iterations
default   [  72% ] 400/400 VUs  4m17.8s/6m00.0s

running (4m18.8s), 400/400 VUs, 254243 complete and 0 interrupted iterations
default   [  72% ] 400/400 VUs  4m18.8s/6m00.0s

running (4m19.8s), 400/400 VUs, 255193 complete and 0 interrupted iterations
default   [  72% ] 400/400 VUs  4m19.8s/6m00.0s

running (4m20.8s), 400/400 VUs, 256193 complete and 0 interrupted iterations
default   [  72% ] 400/400 VUs  4m20.8s/6m00.0s

running (4m21.8s), 400/400 VUs, 257193 complete and 0 interrupted iterations
default   [  73% ] 400/400 VUs  4m21.8s/6m00.0s

running (4m22.8s), 400/400 VUs, 258192 complete and 0 interrupted iterations
default   [  73% ] 400/400 VUs  4m22.8s/6m00.0s

running (4m23.8s), 400/400 VUs, 259143 complete and 0 interrupted iterations
default   [  73% ] 400/400 VUs  4m23.8s/6m00.0s

running (4m24.8s), 400/400 VUs, 260143 complete and 0 interrupted iterations
default   [  74% ] 400/400 VUs  4m24.8s/6m00.0s

running (4m25.8s), 400/400 VUs, 261143 complete and 0 interrupted iterations
default   [  74% ] 400/400 VUs  4m25.8s/6m00.0s

running (4m26.8s), 400/400 VUs, 262143 complete and 0 interrupted iterations
default   [  74% ] 400/400 VUs  4m26.8s/6m00.0s

running (4m27.8s), 400/400 VUs, 263093 complete and 0 interrupted iterations
default   [  74% ] 400/400 VUs  4m27.8s/6m00.0s

running (4m28.8s), 400/400 VUs, 264093 complete and 0 interrupted iterations
default   [  75% ] 400/400 VUs  4m28.8s/6m00.0s

running (4m29.8s), 400/400 VUs, 265093 complete and 0 interrupted iterations
default   [  75% ] 400/400 VUs  4m29.8s/6m00.0s

running (4m30.8s), 400/400 VUs, 266093 complete and 0 interrupted iterations
default   [  75% ] 400/400 VUs  4m30.8s/6m00.0s

running (4m31.8s), 400/400 VUs, 267093 complete and 0 interrupted iterations
default   [  76% ] 400/400 VUs  4m31.8s/6m00.0s

running (4m32.8s), 400/400 VUs, 268043 complete and 0 interrupted iterations
default   [  76% ] 400/400 VUs  4m32.8s/6m00.0s

running (4m33.8s), 400/400 VUs, 269043 complete and 0 interrupted iterations
default   [  76% ] 400/400 VUs  4m33.8s/6m00.0s

running (4m34.8s), 400/400 VUs, 270043 complete and 0 interrupted iterations
default   [  76% ] 400/400 VUs  4m34.8s/6m00.0s

running (4m35.8s), 400/400 VUs, 271043 complete and 0 interrupted iterations
default   [  77% ] 400/400 VUs  4m35.8s/6m00.0s

running (4m36.8s), 400/400 VUs, 272008 complete and 0 interrupted iterations
default   [  77% ] 400/400 VUs  4m36.8s/6m00.0s

running (4m37.8s), 400/400 VUs, 272993 complete and 0 interrupted iterations
default   [  77% ] 400/400 VUs  4m37.8s/6m00.0s

running (4m38.8s), 400/400 VUs, 273993 complete and 0 interrupted iterations
default   [  77% ] 400/400 VUs  4m38.8s/6m00.0s

running (4m39.8s), 400/400 VUs, 274993 complete and 0 interrupted iterations
default   [  78% ] 400/400 VUs  4m39.8s/6m00.0s

running (4m40.8s), 400/400 VUs, 275993 complete and 0 interrupted iterations
default   [  78% ] 400/400 VUs  4m40.8s/6m00.0s

running (4m41.8s), 400/400 VUs, 276972 complete and 0 interrupted iterations
default   [  78% ] 400/400 VUs  4m41.8s/6m00.0s

running (4m42.8s), 400/400 VUs, 277943 complete and 0 interrupted iterations
default   [  79% ] 400/400 VUs  4m42.8s/6m00.0s

running (4m43.8s), 400/400 VUs, 278943 complete and 0 interrupted iterations
default   [  79% ] 400/400 VUs  4m43.8s/6m00.0s

running (4m44.8s), 400/400 VUs, 279943 complete and 0 interrupted iterations
default   [  79% ] 400/400 VUs  4m44.8s/6m00.0s

running (4m45.8s), 400/400 VUs, 280943 complete and 0 interrupted iterations
default   [  79% ] 400/400 VUs  4m45.8s/6m00.0s

running (4m46.8s), 400/400 VUs, 281893 complete and 0 interrupted iterations
default   [  80% ] 400/400 VUs  4m46.8s/6m00.0s

running (4m47.8s), 400/400 VUs, 282893 complete and 0 interrupted iterations
default   [  80% ] 400/400 VUs  4m47.8s/6m00.0s

running (4m48.8s), 400/400 VUs, 283893 complete and 0 interrupted iterations
default   [  80% ] 400/400 VUs  4m48.8s/6m00.0s

running (4m49.8s), 400/400 VUs, 284858 complete and 0 interrupted iterations
default   [  81% ] 400/400 VUs  4m49.8s/6m00.0s

running (4m50.8s), 400/400 VUs, 285843 complete and 0 interrupted iterations
default   [  81% ] 400/400 VUs  4m50.8s/6m00.0s

running (4m51.8s), 400/400 VUs, 286843 complete and 0 interrupted iterations
default   [  81% ] 400/400 VUs  4m51.8s/6m00.0s

running (4m52.8s), 400/400 VUs, 287843 complete and 0 interrupted iterations
default   [  81% ] 400/400 VUs  4m52.8s/6m00.0s

running (4m53.8s), 400/400 VUs, 288807 complete and 0 interrupted iterations
default   [  82% ] 400/400 VUs  4m53.8s/6m00.0s

running (4m54.8s), 400/400 VUs, 289793 complete and 0 interrupted iterations
default   [  82% ] 400/400 VUs  4m54.8s/6m00.0s

running (4m55.8s), 400/400 VUs, 290793 complete and 0 interrupted iterations
default   [  82% ] 400/400 VUs  4m55.8s/6m00.0s

running (4m56.8s), 400/400 VUs, 291793 complete and 0 interrupted iterations
default   [  82% ] 400/400 VUs  4m56.8s/6m00.0s

running (4m57.8s), 400/400 VUs, 292743 complete and 0 interrupted iterations
default   [  83% ] 400/400 VUs  4m57.8s/6m00.0s

running (4m58.8s), 400/400 VUs, 293743 complete and 0 interrupted iterations
default   [  83% ] 400/400 VUs  4m58.8s/6m00.0s

running (4m59.8s), 400/400 VUs, 294743 complete and 0 interrupted iterations
default   [  83% ] 400/400 VUs  4m59.8s/6m00.0s

running (5m00.8s), 400/400 VUs, 295743 complete and 0 interrupted iterations
default   [  84% ] 400/400 VUs  5m00.8s/6m00.0s

running (5m01.8s), 400/400 VUs, 296709 complete and 0 interrupted iterations
default   [  84% ] 400/400 VUs  5m01.8s/6m00.0s

running (5m02.8s), 400/400 VUs, 297693 complete and 0 interrupted iterations
default   [  84% ] 400/400 VUs  5m02.8s/6m00.0s

running (5m03.8s), 400/400 VUs, 298693 complete and 0 interrupted iterations
default   [  84% ] 400/400 VUs  5m03.8s/6m00.0s

running (5m04.8s), 400/400 VUs, 299693 complete and 0 interrupted iterations
default   [  85% ] 400/400 VUs  5m04.8s/6m00.0s

running (5m05.8s), 400/400 VUs, 300693 complete and 0 interrupted iterations
default   [  85% ] 400/400 VUs  5m05.8s/6m00.0s

running (5m06.8s), 400/400 VUs, 301643 complete and 0 interrupted iterations
default   [  85% ] 400/400 VUs  5m06.8s/6m00.0s

running (5m07.8s), 400/400 VUs, 302643 complete and 0 interrupted iterations
default   [  86% ] 400/400 VUs  5m07.8s/6m00.0s

running (5m08.8s), 400/400 VUs, 303643 complete and 0 interrupted iterations
default   [  86% ] 400/400 VUs  5m08.8s/6m00.0s

running (5m09.8s), 400/400 VUs, 304636 complete and 0 interrupted iterations
default   [  86% ] 400/400 VUs  5m09.8s/6m00.0s

running (5m10.8s), 400/400 VUs, 305597 complete and 0 interrupted iterations
default   [  86% ] 400/400 VUs  5m10.8s/6m00.0s

running (5m11.8s), 400/400 VUs, 306593 complete and 0 interrupted iterations
default   [  87% ] 400/400 VUs  5m11.8s/6m00.0s

running (5m12.8s), 400/400 VUs, 307593 complete and 0 interrupted iterations
default   [  87% ] 400/400 VUs  5m12.8s/6m00.0s

running (5m13.8s), 400/400 VUs, 308593 complete and 0 interrupted iterations
default   [  87% ] 400/400 VUs  5m13.8s/6m00.0s

running (5m14.8s), 400/400 VUs, 309576 complete and 0 interrupted iterations
default   [  87% ] 400/400 VUs  5m14.8s/6m00.0s

running (5m15.8s), 400/400 VUs, 310543 complete and 0 interrupted iterations
default   [  88% ] 400/400 VUs  5m15.8s/6m00.0s

running (5m16.8s), 400/400 VUs, 311543 complete and 0 interrupted iterations
default   [  88% ] 400/400 VUs  5m16.8s/6m00.0s

running (5m17.8s), 400/400 VUs, 312543 complete and 0 interrupted iterations
default   [  88% ] 400/400 VUs  5m17.8s/6m00.0s

running (5m18.8s), 400/400 VUs, 313520 complete and 0 interrupted iterations
default   [  89% ] 400/400 VUs  5m18.8s/6m00.0s

running (5m19.8s), 400/400 VUs, 314493 complete and 0 interrupted iterations
default   [  89% ] 400/400 VUs  5m19.8s/6m00.0s

running (5m20.8s), 400/400 VUs, 315493 complete and 0 interrupted iterations
default   [  89% ] 400/400 VUs  5m20.8s/6m00.0s

running (5m21.8s), 400/400 VUs, 316491 complete and 0 interrupted iterations
default   [  89% ] 400/400 VUs  5m21.8s/6m00.0s

running (5m22.8s), 400/400 VUs, 317443 complete and 0 interrupted iterations
default   [  90% ] 400/400 VUs  5m22.8s/6m00.0s

running (5m23.8s), 400/400 VUs, 318443 complete and 0 interrupted iterations
default   [  90% ] 400/400 VUs  5m23.8s/6m00.0s

running (5m24.8s), 400/400 VUs, 319443 complete and 0 interrupted iterations
default   [  90% ] 400/400 VUs  5m24.8s/6m00.0s

running (5m25.8s), 400/400 VUs, 320443 complete and 0 interrupted iterations
default   [  91% ] 400/400 VUs  5m25.8s/6m00.0s

running (5m26.8s), 400/400 VUs, 321409 complete and 0 interrupted iterations
default   [  91% ] 400/400 VUs  5m26.8s/6m00.0s

running (5m27.8s), 400/400 VUs, 322393 complete and 0 interrupted iterations
default   [  91% ] 400/400 VUs  5m27.8s/6m00.0s

running (5m28.8s), 400/400 VUs, 323393 complete and 0 interrupted iterations
default   [  91% ] 400/400 VUs  5m28.8s/6m00.0s

running (5m29.8s), 400/400 VUs, 324393 complete and 0 interrupted iterations
default   [  92% ] 400/400 VUs  5m29.8s/6m00.0s

running (5m30.8s), 391/400 VUs, 325393 complete and 0 interrupted iterations
default   [  92% ] 391/400 VUs  5m30.8s/6m00.0s

running (5m31.8s), 379/400 VUs, 326388 complete and 0 interrupted iterations
default   [  92% ] 379/400 VUs  5m31.8s/6m00.0s

running (5m32.8s), 365/400 VUs, 327343 complete and 0 interrupted iterations
default   [  92% ] 365/400 VUs  5m32.8s/6m00.0s

running (5m33.8s), 354/400 VUs, 328343 complete and 0 interrupted iterations
default   [  93% ] 354/400 VUs  5m33.8s/6m00.0s

running (5m34.8s), 338/400 VUs, 329343 complete and 0 interrupted iterations
default   [  93% ] 338/400 VUs  5m34.8s/6m00.0s

running (5m35.8s), 326/400 VUs, 330343 complete and 0 interrupted iterations
default   [  93% ] 326/400 VUs  5m35.8s/6m00.0s

running (5m36.8s), 311/400 VUs, 331293 complete and 0 interrupted iterations
default   [  94% ] 311/400 VUs  5m36.8s/6m00.0s

running (5m37.8s), 298/400 VUs, 332293 complete and 0 interrupted iterations
default   [  94% ] 298/400 VUs  5m37.8s/6m00.0s

running (5m38.8s), 284/400 VUs, 333293 complete and 0 interrupted iterations
default   [  94% ] 284/400 VUs  5m38.8s/6m00.0s

running (5m39.8s), 272/400 VUs, 334277 complete and 0 interrupted iterations
default   [  94% ] 272/400 VUs  5m39.8s/6m00.0s

running (5m40.8s), 258/400 VUs, 335245 complete and 0 interrupted iterations
default   [  95% ] 258/400 VUs  5m40.8s/6m00.0s

running (5m41.8s), 244/400 VUs, 336243 complete and 0 interrupted iterations
default   [  95% ] 244/400 VUs  5m41.8s/6m00.0s

running (5m42.8s), 230/400 VUs, 337243 complete and 0 interrupted iterations
default   [  95% ] 230/400 VUs  5m42.8s/6m00.0s

running (5m43.8s), 217/400 VUs, 338243 complete and 0 interrupted iterations
default   [  96% ] 217/400 VUs  5m43.8s/6m00.0s

running (5m44.8s), 205/400 VUs, 339233 complete and 0 interrupted iterations
default   [  96% ] 205/400 VUs  5m44.8s/6m00.0s

running (5m45.8s), 190/400 VUs, 340194 complete and 0 interrupted iterations
default   [  96% ] 190/400 VUs  5m45.8s/6m00.0s

running (5m46.8s), 178/400 VUs, 341193 complete and 0 interrupted iterations
default   [  96% ] 178/400 VUs  5m46.8s/6m00.0s

running (5m47.8s), 165/400 VUs, 342193 complete and 0 interrupted iterations
default   [  97% ] 165/400 VUs  5m47.8s/6m00.0s

running (5m48.8s), 150/400 VUs, 343193 complete and 0 interrupted iterations
default   [  97% ] 150/400 VUs  5m48.8s/6m00.0s

running (5m49.8s), 138/400 VUs, 344166 complete and 0 interrupted iterations
default   [  97% ] 138/400 VUs  5m49.8s/6m00.0s

running (5m50.8s), 124/400 VUs, 345149 complete and 0 interrupted iterations
default   [  97% ] 124/400 VUs  5m50.8s/6m00.0s

running (5m51.8s), 110/400 VUs, 346143 complete and 0 interrupted iterations
default   [  98% ] 110/400 VUs  5m51.8s/6m00.0s

running (5m52.8s), 096/400 VUs, 347143 complete and 0 interrupted iterations
default   [  98% ] 096/400 VUs  5m52.8s/6m00.0s

running (5m53.8s), 083/400 VUs, 348143 complete and 0 interrupted iterations
default   [  98% ] 083/400 VUs  5m53.8s/6m00.0s

running (5m54.8s), 070/400 VUs, 349133 complete and 0 interrupted iterations
default   [  99% ] 070/400 VUs  5m54.8s/6m00.0s

running (5m55.8s), 057/400 VUs, 350101 complete and 0 interrupted iterations
default   [  99% ] 057/400 VUs  5m55.8s/6m00.0s

running (5m56.8s), 043/400 VUs, 351063 complete and 0 interrupted iterations
default   [  99% ] 043/400 VUs  5m56.8s/6m00.0s

running (5m57.8s), 030/400 VUs, 351799 complete and 0 interrupted iterations
default   [  99% ] 030/400 VUs  5m57.8s/6m00.0s

running (5m58.8s), 017/400 VUs, 352246 complete and 0 interrupted iterations
default   [ 100% ] 017/400 VUs  5m58.8s/6m00.0s

running (5m59.8s), 003/400 VUs, 352451 complete and 0 interrupted iterations
default   [ 100% ] 003/400 VUs  5m59.8s/6m00.0s


  █ THRESHOLDS 

    checks
    ✓ 'rate>0.95' rate=100.00%

    http_req_duration
    ✓ 'p(95)<5000' p(95)=557.6ms
    ✓ 'p(99)<10000' p(99)=711.45ms

    http_req_failed
    ✓ 'rate<0.05' rate=0.00%


  █ TOTAL RESULTS 

    checks_total.......: 1409836 3916.082106/s
    checks_succeeded...: 100.00% 1409836 out of 1409836
    checks_failed......: 0.00%   0 out of 1409836

    ✓ status is 200
    ✓ content-type is json
    ✓ workloadType is IO-BOUND
    ✓ executionTimeMs exists

    CUSTOM
    response_time_ms...............: min=50.541112 avg=374.515136 med=403.374783 max=1781.037486 p(90)=555.259741 p(95)=557.606525 p(99)=711.45873
    successful_requests............: 352459 979.020526/s

    HTTP
    http_req_duration..............: min=50.54ms   avg=374.51ms   med=403.37ms   max=1.78s       p(90)=555.25ms   p(95)=557.6ms    p(99)=711.45ms 
      { expected_response:true }...: min=50.54ms   avg=374.51ms   med=403.37ms   max=1.78s       p(90)=555.25ms   p(95)=557.6ms    p(99)=711.45ms 
    http_req_failed................: 0.00%  0 out of 352459
    http_reqs......................: 352459 979.020526/s

    EXECUTION
    iteration_duration.............: min=50.67ms   avg=374.67ms   med=403.52ms   max=1.78s       p(90)=555.41ms   p(95)=557.77ms   p(99)=711.62ms 
    iterations.....................: 352459 979.020526/s
    vus............................: 3      min=3           max=400
    vus_max........................: 400    min=400         max=400

    NETWORK
    data_received..................: 98 MB  272 kB/s
    data_sent......................: 28 MB  77 kB/s




running (6m00.0s), 000/400 VUs, 352459 complete and 0 interrupted iterations
default ✓ [ 100% ] 000/400 VUs  6m0s
