
         /\      Grafana   /‾‾/  
    /\  /  \     |\  __   /  /   
   /  \/    \    | |/ /  /   ‾‾\ 
  /          \   |   (  |  (‾)  |
 / __________ \  |_|\_\  \_____/ 


     execution: local
        script: cpu-bound-test.js
        output: -

     scenarios: (100.00%) 1 scenario, 30 max VUs, 4m30s max duration (incl. graceful stop):
              * default: Up to 30 looping VUs for 4m0s over 3 stages (gracefulRampDown: 30s, gracefulStop: 30s)


running (0m01.0s), 01/30 VUs, 20 complete and 0 interrupted iterations
default   [   0% ] 01/30 VUs  0m01.0s/4m00.0s

running (0m02.0s), 02/30 VUs, 58 complete and 0 interrupted iterations
default   [   1% ] 02/30 VUs  0m02.0s/4m00.0s

running (0m03.0s), 03/30 VUs, 100 complete and 0 interrupted iterations
default   [   1% ] 03/30 VUs  0m03.0s/4m00.0s

running (0m04.0s), 04/30 VUs, 141 complete and 0 interrupted iterations
default   [   2% ] 04/30 VUs  0m04.0s/4m00.0s

running (0m05.0s), 05/30 VUs, 182 complete and 0 interrupted iterations
default   [   2% ] 05/30 VUs  0m05.0s/4m00.0s

running (0m06.0s), 06/30 VUs, 223 complete and 0 interrupted iterations
default   [   2% ] 06/30 VUs  0m06.0s/4m00.0s

running (0m07.0s), 07/30 VUs, 264 complete and 0 interrupted iterations
default   [   3% ] 07/30 VUs  0m07.0s/4m00.0s

running (0m08.0s), 08/30 VUs, 306 complete and 0 interrupted iterations
default   [   3% ] 08/30 VUs  0m08.0s/4m00.0s

running (0m09.0s), 09/30 VUs, 347 complete and 0 interrupted iterations
default   [   4% ] 09/30 VUs  0m09.0s/4m00.0s

running (0m10.0s), 10/30 VUs, 387 complete and 0 interrupted iterations
default   [   4% ] 10/30 VUs  0m10.0s/4m00.0s

running (0m11.0s), 11/30 VUs, 428 complete and 0 interrupted iterations
default   [   5% ] 11/30 VUs  0m11.0s/4m00.0s

running (0m12.0s), 12/30 VUs, 469 complete and 0 interrupted iterations
default   [   5% ] 12/30 VUs  0m12.0s/4m00.0s

running (0m13.0s), 13/30 VUs, 509 complete and 0 interrupted iterations
default   [   5% ] 13/30 VUs  0m13.0s/4m00.0s

running (0m14.0s), 14/30 VUs, 550 complete and 0 interrupted iterations
default   [   6% ] 14/30 VUs  0m14.0s/4m00.0s

running (0m15.0s), 15/30 VUs, 590 complete and 0 interrupted iterations
default   [   6% ] 15/30 VUs  0m15.0s/4m00.0s

running (0m16.0s), 16/30 VUs, 631 complete and 0 interrupted iterations
default   [   7% ] 16/30 VUs  0m16.0s/4m00.0s

running (0m17.0s), 17/30 VUs, 672 complete and 0 interrupted iterations
default   [   7% ] 17/30 VUs  0m17.0s/4m00.0s

running (0m18.0s), 18/30 VUs, 712 complete and 0 interrupted iterations
default   [   7% ] 18/30 VUs  0m18.0s/4m00.0s

running (0m19.0s), 19/30 VUs, 754 complete and 0 interrupted iterations
default   [   8% ] 19/30 VUs  0m19.0s/4m00.0s

running (0m20.0s), 20/30 VUs, 792 complete and 0 interrupted iterations
default   [   8% ] 20/30 VUs  0m20.0s/4m00.0s

running (0m21.0s), 21/30 VUs, 833 complete and 0 interrupted iterations
default   [   9% ] 21/30 VUs  0m21.0s/4m00.0s

running (0m22.0s), 22/30 VUs, 876 complete and 0 interrupted iterations
default   [   9% ] 22/30 VUs  0m22.0s/4m00.0s

running (0m23.0s), 23/30 VUs, 919 complete and 0 interrupted iterations
default   [  10% ] 23/30 VUs  0m23.0s/4m00.0s

running (0m24.0s), 24/30 VUs, 962 complete and 0 interrupted iterations
default   [  10% ] 24/30 VUs  0m24.0s/4m00.0s

running (0m25.0s), 25/30 VUs, 1003 complete and 0 interrupted iterations
default   [  10% ] 25/30 VUs  0m25.0s/4m00.0s

running (0m26.0s), 26/30 VUs, 1042 complete and 0 interrupted iterations
default   [  11% ] 26/30 VUs  0m26.0s/4m00.0s

running (0m27.0s), 27/30 VUs, 1081 complete and 0 interrupted iterations
default   [  11% ] 27/30 VUs  0m27.0s/4m00.0s

running (0m28.0s), 28/30 VUs, 1122 complete and 0 interrupted iterations
default   [  12% ] 28/30 VUs  0m28.0s/4m00.0s

running (0m29.0s), 29/30 VUs, 1161 complete and 0 interrupted iterations
default   [  12% ] 29/30 VUs  0m29.0s/4m00.0s

running (0m30.0s), 29/30 VUs, 1203 complete and 0 interrupted iterations
default   [  12% ] 29/30 VUs  0m30.0s/4m00.0s

running (0m31.0s), 30/30 VUs, 1248 complete and 0 interrupted iterations
default   [  13% ] 30/30 VUs  0m31.0s/4m00.0s

running (0m32.0s), 30/30 VUs, 1287 complete and 0 interrupted iterations
default   [  13% ] 30/30 VUs  0m32.0s/4m00.0s

running (0m33.0s), 30/30 VUs, 1326 complete and 0 interrupted iterations
default   [  14% ] 30/30 VUs  0m33.0s/4m00.0s

running (0m34.0s), 30/30 VUs, 1369 complete and 0 interrupted iterations
default   [  14% ] 30/30 VUs  0m34.0s/4m00.0s

running (0m35.0s), 30/30 VUs, 1410 complete and 0 interrupted iterations
default   [  15% ] 30/30 VUs  0m35.0s/4m00.0s

running (0m36.0s), 30/30 VUs, 1453 complete and 0 interrupted iterations
default   [  15% ] 30/30 VUs  0m36.0s/4m00.0s

running (0m37.0s), 30/30 VUs, 1490 complete and 0 interrupted iterations
default   [  15% ] 30/30 VUs  0m37.0s/4m00.0s

running (0m38.0s), 30/30 VUs, 1532 complete and 0 interrupted iterations
default   [  16% ] 30/30 VUs  0m38.0s/4m00.0s

running (0m39.0s), 30/30 VUs, 1578 complete and 0 interrupted iterations
default   [  16% ] 30/30 VUs  0m39.0s/4m00.0s

running (0m40.0s), 30/30 VUs, 1618 complete and 0 interrupted iterations
default   [  17% ] 30/30 VUs  0m40.0s/4m00.0s

running (0m41.0s), 30/30 VUs, 1659 complete and 0 interrupted iterations
default   [  17% ] 30/30 VUs  0m41.0s/4m00.0s

running (0m42.0s), 30/30 VUs, 1698 complete and 0 interrupted iterations
default   [  17% ] 30/30 VUs  0m42.0s/4m00.0s

running (0m43.0s), 30/30 VUs, 1741 complete and 0 interrupted iterations
default   [  18% ] 30/30 VUs  0m43.0s/4m00.0s

running (0m44.0s), 30/30 VUs, 1781 complete and 0 interrupted iterations
default   [  18% ] 30/30 VUs  0m44.0s/4m00.0s

running (0m45.0s), 30/30 VUs, 1824 complete and 0 interrupted iterations
default   [  19% ] 30/30 VUs  0m45.0s/4m00.0s

running (0m46.0s), 30/30 VUs, 1863 complete and 0 interrupted iterations
default   [  19% ] 30/30 VUs  0m46.0s/4m00.0s

running (0m47.0s), 30/30 VUs, 1906 complete and 0 interrupted iterations
default   [  20% ] 30/30 VUs  0m47.0s/4m00.0s

running (0m48.0s), 30/30 VUs, 1946 complete and 0 interrupted iterations
default   [  20% ] 30/30 VUs  0m48.0s/4m00.0s

running (0m49.0s), 30/30 VUs, 1988 complete and 0 interrupted iterations
default   [  20% ] 30/30 VUs  0m49.0s/4m00.0s

running (0m50.0s), 30/30 VUs, 2029 complete and 0 interrupted iterations
default   [  21% ] 30/30 VUs  0m50.0s/4m00.0s

running (0m51.0s), 30/30 VUs, 2073 complete and 0 interrupted iterations
default   [  21% ] 30/30 VUs  0m51.0s/4m00.0s

running (0m52.0s), 30/30 VUs, 2113 complete and 0 interrupted iterations
default   [  22% ] 30/30 VUs  0m52.0s/4m00.0s

running (0m53.0s), 30/30 VUs, 2151 complete and 0 interrupted iterations
default   [  22% ] 30/30 VUs  0m53.0s/4m00.0s

running (0m54.0s), 30/30 VUs, 2193 complete and 0 interrupted iterations
default   [  22% ] 30/30 VUs  0m54.0s/4m00.0s

running (0m55.0s), 30/30 VUs, 2236 complete and 0 interrupted iterations
default   [  23% ] 30/30 VUs  0m55.0s/4m00.0s

running (0m56.0s), 30/30 VUs, 2276 complete and 0 interrupted iterations
default   [  23% ] 30/30 VUs  0m56.0s/4m00.0s

running (0m57.0s), 30/30 VUs, 2317 complete and 0 interrupted iterations
default   [  24% ] 30/30 VUs  0m57.0s/4m00.0s

running (0m58.0s), 30/30 VUs, 2359 complete and 0 interrupted iterations
default   [  24% ] 30/30 VUs  0m58.0s/4m00.0s

running (0m59.0s), 30/30 VUs, 2399 complete and 0 interrupted iterations
default   [  25% ] 30/30 VUs  0m59.0s/4m00.0s

running (1m00.0s), 30/30 VUs, 2442 complete and 0 interrupted iterations
default   [  25% ] 30/30 VUs  1m00.0s/4m00.0s

running (1m01.0s), 30/30 VUs, 2484 complete and 0 interrupted iterations
default   [  25% ] 30/30 VUs  1m01.0s/4m00.0s

running (1m02.0s), 30/30 VUs, 2526 complete and 0 interrupted iterations
default   [  26% ] 30/30 VUs  1m02.0s/4m00.0s

running (1m03.0s), 30/30 VUs, 2565 complete and 0 interrupted iterations
default   [  26% ] 30/30 VUs  1m03.0s/4m00.0s

running (1m04.0s), 30/30 VUs, 2605 complete and 0 interrupted iterations
default   [  27% ] 30/30 VUs  1m04.0s/4m00.0s

running (1m05.0s), 30/30 VUs, 2647 complete and 0 interrupted iterations
default   [  27% ] 30/30 VUs  1m05.0s/4m00.0s

running (1m06.0s), 30/30 VUs, 2689 complete and 0 interrupted iterations
default   [  27% ] 30/30 VUs  1m06.0s/4m00.0s

running (1m07.0s), 30/30 VUs, 2729 complete and 0 interrupted iterations
default   [  28% ] 30/30 VUs  1m07.0s/4m00.0s

running (1m08.0s), 30/30 VUs, 2772 complete and 0 interrupted iterations
default   [  28% ] 30/30 VUs  1m08.0s/4m00.0s

running (1m09.0s), 30/30 VUs, 2812 complete and 0 interrupted iterations
default   [  29% ] 30/30 VUs  1m09.0s/4m00.0s

running (1m10.0s), 30/30 VUs, 2854 complete and 0 interrupted iterations
default   [  29% ] 30/30 VUs  1m10.0s/4m00.0s

running (1m11.0s), 30/30 VUs, 2894 complete and 0 interrupted iterations
default   [  30% ] 30/30 VUs  1m11.0s/4m00.0s

running (1m12.0s), 30/30 VUs, 2937 complete and 0 interrupted iterations
default   [  30% ] 30/30 VUs  1m12.0s/4m00.0s

running (1m13.0s), 30/30 VUs, 2978 complete and 0 interrupted iterations
default   [  30% ] 30/30 VUs  1m13.0s/4m00.0s

running (1m14.0s), 30/30 VUs, 3021 complete and 0 interrupted iterations
default   [  31% ] 30/30 VUs  1m14.0s/4m00.0s

running (1m15.0s), 30/30 VUs, 3061 complete and 0 interrupted iterations
default   [  31% ] 30/30 VUs  1m15.0s/4m00.0s

running (1m16.0s), 30/30 VUs, 3104 complete and 0 interrupted iterations
default   [  32% ] 30/30 VUs  1m16.0s/4m00.0s

running (1m17.0s), 30/30 VUs, 3145 complete and 0 interrupted iterations
default   [  32% ] 30/30 VUs  1m17.0s/4m00.0s

running (1m18.0s), 30/30 VUs, 3183 complete and 0 interrupted iterations
default   [  32% ] 30/30 VUs  1m18.0s/4m00.0s

running (1m19.0s), 30/30 VUs, 3226 complete and 0 interrupted iterations
default   [  33% ] 30/30 VUs  1m19.0s/4m00.0s

running (1m20.0s), 30/30 VUs, 3268 complete and 0 interrupted iterations
default   [  33% ] 30/30 VUs  1m20.0s/4m00.0s

running (1m21.0s), 30/30 VUs, 3311 complete and 0 interrupted iterations
default   [  34% ] 30/30 VUs  1m21.0s/4m00.0s

running (1m22.0s), 30/30 VUs, 3349 complete and 0 interrupted iterations
default   [  34% ] 30/30 VUs  1m22.0s/4m00.0s

running (1m23.0s), 30/30 VUs, 3390 complete and 0 interrupted iterations
default   [  35% ] 30/30 VUs  1m23.0s/4m00.0s

running (1m24.0s), 30/30 VUs, 3434 complete and 0 interrupted iterations
default   [  35% ] 30/30 VUs  1m24.0s/4m00.0s

running (1m25.0s), 30/30 VUs, 3474 complete and 0 interrupted iterations
default   [  35% ] 30/30 VUs  1m25.0s/4m00.0s

running (1m26.0s), 30/30 VUs, 3516 complete and 0 interrupted iterations
default   [  36% ] 30/30 VUs  1m26.0s/4m00.0s

running (1m27.0s), 30/30 VUs, 3555 complete and 0 interrupted iterations
default   [  36% ] 30/30 VUs  1m27.0s/4m00.0s

running (1m28.0s), 30/30 VUs, 3598 complete and 0 interrupted iterations
default   [  37% ] 30/30 VUs  1m28.0s/4m00.0s

running (1m29.0s), 30/30 VUs, 3637 complete and 0 interrupted iterations
default   [  37% ] 30/30 VUs  1m29.0s/4m00.0s

running (1m30.0s), 30/30 VUs, 3680 complete and 0 interrupted iterations
default   [  37% ] 30/30 VUs  1m30.0s/4m00.0s

running (1m31.0s), 30/30 VUs, 3726 complete and 0 interrupted iterations
default   [  38% ] 30/30 VUs  1m31.0s/4m00.0s

running (1m32.0s), 30/30 VUs, 3765 complete and 0 interrupted iterations
default   [  38% ] 30/30 VUs  1m32.0s/4m00.0s

running (1m33.0s), 30/30 VUs, 3802 complete and 0 interrupted iterations
default   [  39% ] 30/30 VUs  1m33.0s/4m00.0s

running (1m34.0s), 30/30 VUs, 3847 complete and 0 interrupted iterations
default   [  39% ] 30/30 VUs  1m34.0s/4m00.0s

running (1m35.0s), 30/30 VUs, 3886 complete and 0 interrupted iterations
default   [  40% ] 30/30 VUs  1m35.0s/4m00.0s

running (1m36.0s), 30/30 VUs, 3929 complete and 0 interrupted iterations
default   [  40% ] 30/30 VUs  1m36.0s/4m00.0s

running (1m37.0s), 30/30 VUs, 3970 complete and 0 interrupted iterations
default   [  40% ] 30/30 VUs  1m37.0s/4m00.0s

running (1m38.0s), 30/30 VUs, 4012 complete and 0 interrupted iterations
default   [  41% ] 30/30 VUs  1m38.0s/4m00.0s

running (1m39.0s), 30/30 VUs, 4052 complete and 0 interrupted iterations
default   [  41% ] 30/30 VUs  1m39.0s/4m00.0s

running (1m40.0s), 30/30 VUs, 4093 complete and 0 interrupted iterations
default   [  42% ] 30/30 VUs  1m40.0s/4m00.0s

running (1m41.0s), 30/30 VUs, 4137 complete and 0 interrupted iterations
default   [  42% ] 30/30 VUs  1m41.0s/4m00.0s

running (1m42.0s), 30/30 VUs, 4175 complete and 0 interrupted iterations
default   [  42% ] 30/30 VUs  1m42.0s/4m00.0s

running (1m43.0s), 30/30 VUs, 4216 complete and 0 interrupted iterations
default   [  43% ] 30/30 VUs  1m43.0s/4m00.0s

running (1m44.0s), 30/30 VUs, 4255 complete and 0 interrupted iterations
default   [  43% ] 30/30 VUs  1m44.0s/4m00.0s

running (1m45.0s), 30/30 VUs, 4299 complete and 0 interrupted iterations
default   [  44% ] 30/30 VUs  1m45.0s/4m00.0s

running (1m46.0s), 30/30 VUs, 4342 complete and 0 interrupted iterations
default   [  44% ] 30/30 VUs  1m46.0s/4m00.0s

running (1m47.0s), 30/30 VUs, 4381 complete and 0 interrupted iterations
default   [  45% ] 30/30 VUs  1m47.0s/4m00.0s

running (1m48.0s), 30/30 VUs, 4424 complete and 0 interrupted iterations
default   [  45% ] 30/30 VUs  1m48.0s/4m00.0s

running (1m49.0s), 30/30 VUs, 4463 complete and 0 interrupted iterations
default   [  45% ] 30/30 VUs  1m49.0s/4m00.0s

running (1m50.0s), 30/30 VUs, 4506 complete and 0 interrupted iterations
default   [  46% ] 30/30 VUs  1m50.0s/4m00.0s

running (1m51.0s), 30/30 VUs, 4547 complete and 0 interrupted iterations
default   [  46% ] 30/30 VUs  1m51.0s/4m00.0s

running (1m52.0s), 30/30 VUs, 4587 complete and 0 interrupted iterations
default   [  47% ] 30/30 VUs  1m52.0s/4m00.0s

running (1m53.0s), 30/30 VUs, 4628 complete and 0 interrupted iterations
default   [  47% ] 30/30 VUs  1m53.0s/4m00.0s

running (1m54.0s), 30/30 VUs, 4673 complete and 0 interrupted iterations
default   [  47% ] 30/30 VUs  1m54.0s/4m00.0s

running (1m55.0s), 30/30 VUs, 4711 complete and 0 interrupted iterations
default   [  48% ] 30/30 VUs  1m55.0s/4m00.0s

running (1m56.0s), 30/30 VUs, 4753 complete and 0 interrupted iterations
default   [  48% ] 30/30 VUs  1m56.0s/4m00.0s

running (1m57.0s), 30/30 VUs, 4795 complete and 0 interrupted iterations
default   [  49% ] 30/30 VUs  1m57.0s/4m00.0s

running (1m58.0s), 30/30 VUs, 4834 complete and 0 interrupted iterations
default   [  49% ] 30/30 VUs  1m58.0s/4m00.0s

running (1m59.0s), 30/30 VUs, 4875 complete and 0 interrupted iterations
default   [  50% ] 30/30 VUs  1m59.0s/4m00.0s

running (2m00.0s), 30/30 VUs, 4921 complete and 0 interrupted iterations
default   [  50% ] 30/30 VUs  2m00.0s/4m00.0s

running (2m01.0s), 30/30 VUs, 4957 complete and 0 interrupted iterations
default   [  50% ] 30/30 VUs  2m01.0s/4m00.0s

running (2m02.0s), 30/30 VUs, 5003 complete and 0 interrupted iterations
default   [  51% ] 30/30 VUs  2m02.0s/4m00.0s

running (2m03.0s), 30/30 VUs, 5042 complete and 0 interrupted iterations
default   [  51% ] 30/30 VUs  2m03.0s/4m00.0s

running (2m04.0s), 30/30 VUs, 5078 complete and 0 interrupted iterations
default   [  52% ] 30/30 VUs  2m04.0s/4m00.0s

running (2m05.0s), 30/30 VUs, 5125 complete and 0 interrupted iterations
default   [  52% ] 30/30 VUs  2m05.0s/4m00.0s

running (2m06.0s), 30/30 VUs, 5165 complete and 0 interrupted iterations
default   [  52% ] 30/30 VUs  2m06.0s/4m00.0s

running (2m07.0s), 30/30 VUs, 5208 complete and 0 interrupted iterations
default   [  53% ] 30/30 VUs  2m07.0s/4m00.0s

running (2m08.0s), 30/30 VUs, 5249 complete and 0 interrupted iterations
default   [  53% ] 30/30 VUs  2m08.0s/4m00.0s

running (2m09.0s), 30/30 VUs, 5287 complete and 0 interrupted iterations
default   [  54% ] 30/30 VUs  2m09.0s/4m00.0s

running (2m10.0s), 30/30 VUs, 5330 complete and 0 interrupted iterations
default   [  54% ] 30/30 VUs  2m10.0s/4m00.0s

running (2m11.0s), 30/30 VUs, 5372 complete and 0 interrupted iterations
default   [  55% ] 30/30 VUs  2m11.0s/4m00.0s

running (2m12.0s), 30/30 VUs, 5411 complete and 0 interrupted iterations
default   [  55% ] 30/30 VUs  2m12.0s/4m00.0s

running (2m13.0s), 30/30 VUs, 5455 complete and 0 interrupted iterations
default   [  55% ] 30/30 VUs  2m13.0s/4m00.0s

running (2m14.0s), 30/30 VUs, 5496 complete and 0 interrupted iterations
default   [  56% ] 30/30 VUs  2m14.0s/4m00.0s

running (2m15.0s), 30/30 VUs, 5536 complete and 0 interrupted iterations
default   [  56% ] 30/30 VUs  2m15.0s/4m00.0s

running (2m16.0s), 30/30 VUs, 5577 complete and 0 interrupted iterations
default   [  57% ] 30/30 VUs  2m16.0s/4m00.0s

running (2m17.0s), 30/30 VUs, 5619 complete and 0 interrupted iterations
default   [  57% ] 30/30 VUs  2m17.0s/4m00.0s

running (2m18.0s), 30/30 VUs, 5663 complete and 0 interrupted iterations
default   [  57% ] 30/30 VUs  2m18.0s/4m00.0s

running (2m19.0s), 30/30 VUs, 5702 complete and 0 interrupted iterations
default   [  58% ] 30/30 VUs  2m19.0s/4m00.0s

running (2m20.0s), 30/30 VUs, 5742 complete and 0 interrupted iterations
default   [  58% ] 30/30 VUs  2m20.0s/4m00.0s

running (2m21.0s), 30/30 VUs, 5784 complete and 0 interrupted iterations
default   [  59% ] 30/30 VUs  2m21.0s/4m00.0s

running (2m22.0s), 30/30 VUs, 5824 complete and 0 interrupted iterations
default   [  59% ] 30/30 VUs  2m22.0s/4m00.0s

running (2m23.0s), 30/30 VUs, 5867 complete and 0 interrupted iterations
default   [  60% ] 30/30 VUs  2m23.0s/4m00.0s

running (2m24.0s), 30/30 VUs, 5910 complete and 0 interrupted iterations
default   [  60% ] 30/30 VUs  2m24.0s/4m00.0s

running (2m25.0s), 30/30 VUs, 5949 complete and 0 interrupted iterations
default   [  60% ] 30/30 VUs  2m25.0s/4m00.0s

running (2m26.0s), 30/30 VUs, 5992 complete and 0 interrupted iterations
default   [  61% ] 30/30 VUs  2m26.0s/4m00.0s

running (2m27.0s), 30/30 VUs, 6035 complete and 0 interrupted iterations
default   [  61% ] 30/30 VUs  2m27.0s/4m00.0s

running (2m28.0s), 30/30 VUs, 6074 complete and 0 interrupted iterations
default   [  62% ] 30/30 VUs  2m28.0s/4m00.0s

running (2m29.0s), 30/30 VUs, 6115 complete and 0 interrupted iterations
default   [  62% ] 30/30 VUs  2m29.0s/4m00.0s

running (2m30.0s), 30/30 VUs, 6156 complete and 0 interrupted iterations
default   [  62% ] 30/30 VUs  2m30.0s/4m00.0s

running (2m31.0s), 30/30 VUs, 6197 complete and 0 interrupted iterations
default   [  63% ] 30/30 VUs  2m31.0s/4m00.0s

running (2m32.0s), 30/30 VUs, 6241 complete and 0 interrupted iterations
default   [  63% ] 30/30 VUs  2m32.0s/4m00.0s

running (2m33.0s), 30/30 VUs, 6278 complete and 0 interrupted iterations
default   [  64% ] 30/30 VUs  2m33.0s/4m00.0s

running (2m34.0s), 30/30 VUs, 6320 complete and 0 interrupted iterations
default   [  64% ] 30/30 VUs  2m34.0s/4m00.0s

running (2m35.0s), 30/30 VUs, 6362 complete and 0 interrupted iterations
default   [  65% ] 30/30 VUs  2m35.0s/4m00.0s

running (2m36.0s), 30/30 VUs, 6402 complete and 0 interrupted iterations
default   [  65% ] 30/30 VUs  2m36.0s/4m00.0s

running (2m37.0s), 30/30 VUs, 6445 complete and 0 interrupted iterations
default   [  65% ] 30/30 VUs  2m37.0s/4m00.0s

running (2m38.0s), 30/30 VUs, 6488 complete and 0 interrupted iterations
default   [  66% ] 30/30 VUs  2m38.0s/4m00.0s

running (2m39.0s), 30/30 VUs, 6528 complete and 0 interrupted iterations
default   [  66% ] 30/30 VUs  2m39.0s/4m00.0s

running (2m40.0s), 30/30 VUs, 6568 complete and 0 interrupted iterations
default   [  67% ] 30/30 VUs  2m40.0s/4m00.0s

running (2m41.0s), 30/30 VUs, 6611 complete and 0 interrupted iterations
default   [  67% ] 30/30 VUs  2m41.0s/4m00.0s

running (2m42.0s), 30/30 VUs, 6651 complete and 0 interrupted iterations
default   [  67% ] 30/30 VUs  2m42.0s/4m00.0s

running (2m43.0s), 30/30 VUs, 6693 complete and 0 interrupted iterations
default   [  68% ] 30/30 VUs  2m43.0s/4m00.0s

running (2m44.0s), 30/30 VUs, 6734 complete and 0 interrupted iterations
default   [  68% ] 30/30 VUs  2m44.0s/4m00.0s

running (2m45.0s), 30/30 VUs, 6772 complete and 0 interrupted iterations
default   [  69% ] 30/30 VUs  2m45.0s/4m00.0s

running (2m46.0s), 30/30 VUs, 6817 complete and 0 interrupted iterations
default   [  69% ] 30/30 VUs  2m46.0s/4m00.0s

running (2m47.0s), 30/30 VUs, 6857 complete and 0 interrupted iterations
default   [  70% ] 30/30 VUs  2m47.0s/4m00.0s

running (2m48.0s), 30/30 VUs, 6901 complete and 0 interrupted iterations
default   [  70% ] 30/30 VUs  2m48.0s/4m00.0s

running (2m49.0s), 30/30 VUs, 6940 complete and 0 interrupted iterations
default   [  70% ] 30/30 VUs  2m49.0s/4m00.0s

running (2m50.0s), 30/30 VUs, 6982 complete and 0 interrupted iterations
default   [  71% ] 30/30 VUs  2m50.0s/4m00.0s

running (2m51.0s), 30/30 VUs, 7023 complete and 0 interrupted iterations
default   [  71% ] 30/30 VUs  2m51.0s/4m00.0s

running (2m52.0s), 30/30 VUs, 7065 complete and 0 interrupted iterations
default   [  72% ] 30/30 VUs  2m52.0s/4m00.0s

running (2m53.0s), 30/30 VUs, 7105 complete and 0 interrupted iterations
default   [  72% ] 30/30 VUs  2m53.0s/4m00.0s

running (2m54.0s), 30/30 VUs, 7145 complete and 0 interrupted iterations
default   [  72% ] 30/30 VUs  2m54.0s/4m00.0s

running (2m55.0s), 30/30 VUs, 7190 complete and 0 interrupted iterations
default   [  73% ] 30/30 VUs  2m55.0s/4m00.0s

running (2m56.0s), 30/30 VUs, 7225 complete and 0 interrupted iterations
default   [  73% ] 30/30 VUs  2m56.0s/4m00.0s

running (2m57.0s), 30/30 VUs, 7270 complete and 0 interrupted iterations
default   [  74% ] 30/30 VUs  2m57.0s/4m00.0s

running (2m58.0s), 30/30 VUs, 7311 complete and 0 interrupted iterations
default   [  74% ] 30/30 VUs  2m58.0s/4m00.0s

running (2m59.0s), 30/30 VUs, 7351 complete and 0 interrupted iterations
default   [  75% ] 30/30 VUs  2m59.0s/4m00.0s

running (3m00.0s), 30/30 VUs, 7395 complete and 0 interrupted iterations
default   [  75% ] 30/30 VUs  3m00.0s/4m00.0s

running (3m01.0s), 30/30 VUs, 7435 complete and 0 interrupted iterations
default   [  75% ] 30/30 VUs  3m01.0s/4m00.0s

running (3m02.0s), 30/30 VUs, 7477 complete and 0 interrupted iterations
default   [  76% ] 30/30 VUs  3m02.0s/4m00.0s

running (3m03.0s), 30/30 VUs, 7521 complete and 0 interrupted iterations
default   [  76% ] 30/30 VUs  3m03.0s/4m00.0s

running (3m04.0s), 30/30 VUs, 7561 complete and 0 interrupted iterations
default   [  77% ] 30/30 VUs  3m04.0s/4m00.0s

running (3m05.0s), 30/30 VUs, 7602 complete and 0 interrupted iterations
default   [  77% ] 30/30 VUs  3m05.0s/4m00.0s

running (3m06.0s), 30/30 VUs, 7644 complete and 0 interrupted iterations
default   [  77% ] 30/30 VUs  3m06.0s/4m00.0s

running (3m07.0s), 30/30 VUs, 7685 complete and 0 interrupted iterations
default   [  78% ] 30/30 VUs  3m07.0s/4m00.0s

running (3m08.0s), 30/30 VUs, 7727 complete and 0 interrupted iterations
default   [  78% ] 30/30 VUs  3m08.0s/4m00.0s

running (3m09.0s), 30/30 VUs, 7764 complete and 0 interrupted iterations
default   [  79% ] 30/30 VUs  3m09.0s/4m00.0s

running (3m10.0s), 30/30 VUs, 7808 complete and 0 interrupted iterations
default   [  79% ] 30/30 VUs  3m10.0s/4m00.0s

running (3m11.0s), 30/30 VUs, 7848 complete and 0 interrupted iterations
default   [  80% ] 30/30 VUs  3m11.0s/4m00.0s

running (3m12.0s), 30/30 VUs, 7890 complete and 0 interrupted iterations
default   [  80% ] 30/30 VUs  3m12.0s/4m00.0s

running (3m13.0s), 30/30 VUs, 7929 complete and 0 interrupted iterations
default   [  80% ] 30/30 VUs  3m13.0s/4m00.0s

running (3m14.0s), 30/30 VUs, 7974 complete and 0 interrupted iterations
default   [  81% ] 30/30 VUs  3m14.0s/4m00.0s

running (3m15.0s), 30/30 VUs, 8016 complete and 0 interrupted iterations
default   [  81% ] 30/30 VUs  3m15.0s/4m00.0s

running (3m16.0s), 30/30 VUs, 8055 complete and 0 interrupted iterations
default   [  82% ] 30/30 VUs  3m16.0s/4m00.0s

running (3m17.0s), 30/30 VUs, 8098 complete and 0 interrupted iterations
default   [  82% ] 30/30 VUs  3m17.0s/4m00.0s

running (3m18.0s), 30/30 VUs, 8141 complete and 0 interrupted iterations
default   [  82% ] 30/30 VUs  3m18.0s/4m00.0s

running (3m19.0s), 30/30 VUs, 8180 complete and 0 interrupted iterations
default   [  83% ] 30/30 VUs  3m19.0s/4m00.0s

running (3m20.0s), 30/30 VUs, 8221 complete and 0 interrupted iterations
default   [  83% ] 30/30 VUs  3m20.0s/4m00.0s

running (3m21.0s), 30/30 VUs, 8262 complete and 0 interrupted iterations
default   [  84% ] 30/30 VUs  3m21.0s/4m00.0s

running (3m22.0s), 30/30 VUs, 8304 complete and 0 interrupted iterations
default   [  84% ] 30/30 VUs  3m22.0s/4m00.0s

running (3m23.0s), 30/30 VUs, 8342 complete and 0 interrupted iterations
default   [  85% ] 30/30 VUs  3m23.0s/4m00.0s

running (3m24.0s), 30/30 VUs, 8387 complete and 0 interrupted iterations
default   [  85% ] 30/30 VUs  3m24.0s/4m00.0s

running (3m25.0s), 30/30 VUs, 8428 complete and 0 interrupted iterations
default   [  85% ] 30/30 VUs  3m25.0s/4m00.0s

running (3m26.0s), 30/30 VUs, 8466 complete and 0 interrupted iterations
default   [  86% ] 30/30 VUs  3m26.0s/4m00.0s

running (3m27.0s), 30/30 VUs, 8511 complete and 0 interrupted iterations
default   [  86% ] 30/30 VUs  3m27.0s/4m00.0s

running (3m28.0s), 30/30 VUs, 8552 complete and 0 interrupted iterations
default   [  87% ] 30/30 VUs  3m28.0s/4m00.0s

running (3m29.0s), 30/30 VUs, 8593 complete and 0 interrupted iterations
default   [  87% ] 30/30 VUs  3m29.0s/4m00.0s

running (3m30.0s), 30/30 VUs, 8636 complete and 0 interrupted iterations
default   [  87% ] 30/30 VUs  3m30.0s/4m00.0s

running (3m31.0s), 30/30 VUs, 8673 complete and 0 interrupted iterations
default   [  88% ] 30/30 VUs  3m31.0s/4m00.0s

running (3m32.0s), 29/30 VUs, 8716 complete and 0 interrupted iterations
default   [  88% ] 29/30 VUs  3m32.0s/4m00.0s

running (3m33.0s), 28/30 VUs, 8758 complete and 0 interrupted iterations
default   [  89% ] 28/30 VUs  3m33.0s/4m00.0s

running (3m34.0s), 27/30 VUs, 8802 complete and 0 interrupted iterations
default   [  89% ] 27/30 VUs  3m34.0s/4m00.0s

running (3m35.0s), 26/30 VUs, 8843 complete and 0 interrupted iterations
default   [  90% ] 26/30 VUs  3m35.0s/4m00.0s

running (3m36.0s), 25/30 VUs, 8884 complete and 0 interrupted iterations
default   [  90% ] 25/30 VUs  3m36.0s/4m00.0s

running (3m37.0s), 24/30 VUs, 8923 complete and 0 interrupted iterations
default   [  90% ] 24/30 VUs  3m37.0s/4m00.0s

running (3m38.0s), 23/30 VUs, 8966 complete and 0 interrupted iterations
default   [  91% ] 23/30 VUs  3m38.0s/4m00.0s

running (3m39.0s), 22/30 VUs, 9010 complete and 0 interrupted iterations
default   [  91% ] 22/30 VUs  3m39.0s/4m00.0s

running (3m40.0s), 21/30 VUs, 9051 complete and 0 interrupted iterations
default   [  92% ] 21/30 VUs  3m40.0s/4m00.0s

running (3m41.0s), 20/30 VUs, 9093 complete and 0 interrupted iterations
default   [  92% ] 20/30 VUs  3m41.0s/4m00.0s

running (3m42.0s), 19/30 VUs, 9136 complete and 0 interrupted iterations
default   [  92% ] 19/30 VUs  3m42.0s/4m00.0s

running (3m43.0s), 18/30 VUs, 9179 complete and 0 interrupted iterations
default   [  93% ] 18/30 VUs  3m43.0s/4m00.0s

running (3m44.0s), 17/30 VUs, 9218 complete and 0 interrupted iterations
default   [  93% ] 17/30 VUs  3m44.0s/4m00.0s

running (3m45.0s), 16/30 VUs, 9262 complete and 0 interrupted iterations
default   [  94% ] 16/30 VUs  3m45.0s/4m00.0s

running (3m46.0s), 15/30 VUs, 9300 complete and 0 interrupted iterations
default   [  94% ] 15/30 VUs  3m46.0s/4m00.0s

running (3m47.0s), 14/30 VUs, 9342 complete and 0 interrupted iterations
default   [  95% ] 14/30 VUs  3m47.0s/4m00.0s

running (3m48.0s), 13/30 VUs, 9387 complete and 0 interrupted iterations
default   [  95% ] 13/30 VUs  3m48.0s/4m00.0s

running (3m49.0s), 12/30 VUs, 9429 complete and 0 interrupted iterations
default   [  95% ] 12/30 VUs  3m49.0s/4m00.0s

running (3m50.0s), 11/30 VUs, 9470 complete and 0 interrupted iterations
default   [  96% ] 11/30 VUs  3m50.0s/4m00.0s

running (3m51.0s), 10/30 VUs, 9512 complete and 0 interrupted iterations
default   [  96% ] 10/30 VUs  3m51.0s/4m00.0s

running (3m52.0s), 09/30 VUs, 9552 complete and 0 interrupted iterations
default   [  97% ] 09/30 VUs  3m52.0s/4m00.0s

running (3m53.0s), 08/30 VUs, 9594 complete and 0 interrupted iterations
default   [  97% ] 08/30 VUs  3m53.0s/4m00.0s

running (3m54.0s), 07/30 VUs, 9638 complete and 0 interrupted iterations
default   [  97% ] 07/30 VUs  3m54.0s/4m00.0s

running (3m55.0s), 06/30 VUs, 9681 complete and 0 interrupted iterations
default   [  98% ] 06/30 VUs  3m55.0s/4m00.0s

running (3m56.0s), 05/30 VUs, 9721 complete and 0 interrupted iterations
default   [  98% ] 05/30 VUs  3m56.0s/4m00.0s

running (3m57.0s), 04/30 VUs, 9763 complete and 0 interrupted iterations
default   [  99% ] 04/30 VUs  3m57.0s/4m00.0s

running (3m58.0s), 03/30 VUs, 9805 complete and 0 interrupted iterations
default   [  99% ] 03/30 VUs  3m58.0s/4m00.0s

running (3m59.0s), 02/30 VUs, 9845 complete and 0 interrupted iterations
default   [ 100% ] 02/30 VUs  3m59.0s/4m00.0s

running (4m00.0s), 01/30 VUs, 9868 complete and 0 interrupted iterations
default   [ 100% ] 01/30 VUs  4m00.0s/4m00.0s


  █ THRESHOLDS 

    checks
    ✓ 'rate>0.95' rate=100.00%

    http_req_duration
    ✓ 'p(95)<5000' p(95)=921.81ms
    ✓ 'p(99)<10000' p(99)=1s

    http_req_failed
    ✓ 'rate<0.05' rate=0.00%


  █ TOTAL RESULTS 

    checks_total.......: 39476   164.467847/s
    checks_succeeded...: 100.00% 39476 out of 39476
    checks_failed......: 0.00%   0 out of 39476

    ✓ status is 200
    ✓ content-type is json
    ✓ workloadType is CPU-BOUND
    ✓ executionTimeMs exists

    CUSTOM
    response_time_ms...............: min=46.187938 avg=640.34973 med=685.801456 max=1197.676181 p(90)=867.885125 p(95)=921.810013 p(99)=1007.687159
    successful_requests............: 9869   41.116962/s

    HTTP
    http_req_duration..............: min=46.18ms   avg=640.34ms  med=685.8ms    max=1.19s       p(90)=867.88ms   p(95)=921.81ms   p(99)=1s         
      { expected_response:true }...: min=46.18ms   avg=640.34ms  med=685.8ms    max=1.19s       p(90)=867.88ms   p(95)=921.81ms   p(99)=1s         
    http_req_failed................: 0.00%  0 out of 9869
    http_reqs......................: 9869   41.116962/s

    EXECUTION
    iteration_duration.............: min=46.33ms   avg=640.51ms  med=685.95ms   max=1.19s       p(90)=868.02ms   p(95)=921.98ms   p(99)=1s         
    iterations.....................: 9869   41.116962/s
    vus............................: 1      min=1         max=30
    vus_max........................: 30     min=30        max=30

    NETWORK
    data_received..................: 2.8 MB 12 kB/s
    data_sent......................: 790 kB 3.3 kB/s




running (4m00.0s), 00/30 VUs, 9869 complete and 0 interrupted iterations
default ✓ [ 100% ] 00/30 VUs  4m0s
