
         /\      Grafana   /‾‾/  
    /\  /  \     |\  __   /  /   
   /  \/    \    | |/ /  /   ‾‾\ 
  /          \   |   (  |  (‾)  |
 / __________ \  |_|\_\  \_____/ 


     execution: local
        script: io-bound-test.js
        output: -

     scenarios: (100.00%) 1 scenario, 250 max VUs, 4m30s max duration (incl. graceful stop):
              * default: Up to 250 looping VUs for 4m0s over 3 stages (gracefulRampDown: 30s, gracefulStop: 30s)


running (0m00.9s), 008/250 VUs, 69 complete and 0 interrupted iterations
default   [   0% ] 008/250 VUs  0m00.9s/4m00.0s

running (0m01.9s), 016/250 VUs, 300 complete and 0 interrupted iterations
default   [   1% ] 016/250 VUs  0m01.9s/4m00.0s

running (0m02.9s), 024/250 VUs, 696 complete and 0 interrupted iterations
default   [   1% ] 024/250 VUs  0m02.9s/4m00.0s

running (0m03.9s), 033/250 VUs, 1251 complete and 0 interrupted iterations
default   [   2% ] 033/250 VUs  0m03.9s/4m00.0s

running (0m04.9s), 041/250 VUs, 1970 complete and 0 interrupted iterations
default   [   2% ] 041/250 VUs  0m04.9s/4m00.0s

running (0m05.9s), 049/250 VUs, 2853 complete and 0 interrupted iterations
default   [   2% ] 049/250 VUs  0m05.9s/4m00.0s

running (0m06.9s), 058/250 VUs, 3832 complete and 0 interrupted iterations
default   [   3% ] 058/250 VUs  0m06.9s/4m00.0s

running (0m07.9s), 066/250 VUs, 4831 complete and 0 interrupted iterations
default   [   3% ] 066/250 VUs  0m07.9s/4m00.0s

running (0m08.9s), 074/250 VUs, 5805 complete and 0 interrupted iterations
default   [   4% ] 074/250 VUs  0m08.9s/4m00.0s

running (0m09.9s), 083/250 VUs, 6782 complete and 0 interrupted iterations
default   [   4% ] 083/250 VUs  0m09.9s/4m00.0s

running (0m10.9s), 091/250 VUs, 7782 complete and 0 interrupted iterations
default   [   5% ] 091/250 VUs  0m10.9s/4m00.0s

running (0m11.9s), 099/250 VUs, 8755 complete and 0 interrupted iterations
default   [   5% ] 099/250 VUs  0m11.9s/4m00.0s

running (0m12.9s), 107/250 VUs, 9732 complete and 0 interrupted iterations
default   [   5% ] 107/250 VUs  0m12.9s/4m00.0s

running (0m13.9s), 116/250 VUs, 10732 complete and 0 interrupted iterations
default   [   6% ] 116/250 VUs  0m13.9s/4m00.0s

running (0m14.9s), 124/250 VUs, 11705 complete and 0 interrupted iterations
default   [   6% ] 124/250 VUs  0m14.9s/4m00.0s

running (0m15.9s), 132/250 VUs, 12686 complete and 0 interrupted iterations
default   [   7% ] 132/250 VUs  0m15.9s/4m00.0s

running (0m16.9s), 141/250 VUs, 13682 complete and 0 interrupted iterations
default   [   7% ] 141/250 VUs  0m16.9s/4m00.0s

running (0m17.9s), 149/250 VUs, 14655 complete and 0 interrupted iterations
default   [   7% ] 149/250 VUs  0m17.9s/4m00.0s

running (0m18.9s), 157/250 VUs, 15644 complete and 0 interrupted iterations
default   [   8% ] 157/250 VUs  0m18.9s/4m00.0s

running (0m19.9s), 166/250 VUs, 16632 complete and 0 interrupted iterations
default   [   8% ] 166/250 VUs  0m19.9s/4m00.0s

running (0m20.9s), 174/250 VUs, 17615 complete and 0 interrupted iterations
default   [   9% ] 174/250 VUs  0m20.9s/4m00.0s

running (0m21.9s), 182/250 VUs, 18605 complete and 0 interrupted iterations
default   [   9% ] 182/250 VUs  0m21.9s/4m00.0s

running (0m22.9s), 190/250 VUs, 19582 complete and 0 interrupted iterations
default   [  10% ] 190/250 VUs  0m22.9s/4m00.0s

running (0m23.9s), 199/250 VUs, 20582 complete and 0 interrupted iterations
default   [  10% ] 199/250 VUs  0m23.9s/4m00.0s

running (0m24.9s), 207/250 VUs, 21573 complete and 0 interrupted iterations
default   [  10% ] 207/250 VUs  0m24.9s/4m00.0s

running (0m25.9s), 215/250 VUs, 22532 complete and 0 interrupted iterations
default   [  11% ] 215/250 VUs  0m25.9s/4m00.0s

running (0m26.9s), 224/250 VUs, 23532 complete and 0 interrupted iterations
default   [  11% ] 224/250 VUs  0m26.9s/4m00.0s

running (0m27.9s), 232/250 VUs, 24521 complete and 0 interrupted iterations
default   [  12% ] 232/250 VUs  0m27.9s/4m00.0s

running (0m28.9s), 240/250 VUs, 25482 complete and 0 interrupted iterations
default   [  12% ] 240/250 VUs  0m28.9s/4m00.0s

running (0m29.9s), 249/250 VUs, 26482 complete and 0 interrupted iterations
default   [  12% ] 249/250 VUs  0m29.9s/4m00.0s

running (0m30.9s), 250/250 VUs, 27482 complete and 0 interrupted iterations
default   [  13% ] 250/250 VUs  0m30.9s/4m00.0s

running (0m31.9s), 250/250 VUs, 28432 complete and 0 interrupted iterations
default   [  13% ] 250/250 VUs  0m31.9s/4m00.0s

running (0m32.9s), 250/250 VUs, 29432 complete and 0 interrupted iterations
default   [  14% ] 250/250 VUs  0m32.9s/4m00.0s

running (0m33.9s), 250/250 VUs, 30432 complete and 0 interrupted iterations
default   [  14% ] 250/250 VUs  0m33.9s/4m00.0s

running (0m34.9s), 250/250 VUs, 31382 complete and 0 interrupted iterations
default   [  15% ] 250/250 VUs  0m34.9s/4m00.0s

running (0m35.9s), 250/250 VUs, 32382 complete and 0 interrupted iterations
default   [  15% ] 250/250 VUs  0m35.9s/4m00.0s

running (0m36.9s), 250/250 VUs, 33368 complete and 0 interrupted iterations
default   [  15% ] 250/250 VUs  0m36.9s/4m00.0s

running (0m37.9s), 250/250 VUs, 34332 complete and 0 interrupted iterations
default   [  16% ] 250/250 VUs  0m37.9s/4m00.0s

running (0m38.9s), 250/250 VUs, 35332 complete and 0 interrupted iterations
default   [  16% ] 250/250 VUs  0m38.9s/4m00.0s

running (0m39.9s), 250/250 VUs, 36320 complete and 0 interrupted iterations
default   [  17% ] 250/250 VUs  0m39.9s/4m00.0s

running (0m40.9s), 250/250 VUs, 37282 complete and 0 interrupted iterations
default   [  17% ] 250/250 VUs  0m40.9s/4m00.0s

running (0m41.9s), 250/250 VUs, 38282 complete and 0 interrupted iterations
default   [  17% ] 250/250 VUs  0m41.9s/4m00.0s

running (0m42.9s), 250/250 VUs, 39258 complete and 0 interrupted iterations
default   [  18% ] 250/250 VUs  0m42.9s/4m00.0s

running (0m43.9s), 250/250 VUs, 40232 complete and 0 interrupted iterations
default   [  18% ] 250/250 VUs  0m43.9s/4m00.0s

running (0m44.9s), 250/250 VUs, 41232 complete and 0 interrupted iterations
default   [  19% ] 250/250 VUs  0m44.9s/4m00.0s

running (0m45.9s), 250/250 VUs, 42200 complete and 0 interrupted iterations
default   [  19% ] 250/250 VUs  0m45.9s/4m00.0s

running (0m46.9s), 250/250 VUs, 43182 complete and 0 interrupted iterations
default   [  20% ] 250/250 VUs  0m46.9s/4m00.0s

running (0m47.9s), 250/250 VUs, 44182 complete and 0 interrupted iterations
default   [  20% ] 250/250 VUs  0m47.9s/4m00.0s

running (0m48.9s), 250/250 VUs, 45132 complete and 0 interrupted iterations
default   [  20% ] 250/250 VUs  0m48.9s/4m00.0s

running (0m49.9s), 250/250 VUs, 46132 complete and 0 interrupted iterations
default   [  21% ] 250/250 VUs  0m49.9s/4m00.0s

running (0m50.9s), 250/250 VUs, 47132 complete and 0 interrupted iterations
default   [  21% ] 250/250 VUs  0m50.9s/4m00.0s

running (0m51.9s), 250/250 VUs, 48082 complete and 0 interrupted iterations
default   [  22% ] 250/250 VUs  0m51.9s/4m00.0s

running (0m52.9s), 250/250 VUs, 49082 complete and 0 interrupted iterations
default   [  22% ] 250/250 VUs  0m52.9s/4m00.0s

running (0m53.9s), 250/250 VUs, 50082 complete and 0 interrupted iterations
default   [  22% ] 250/250 VUs  0m53.9s/4m00.0s

running (0m54.9s), 250/250 VUs, 51032 complete and 0 interrupted iterations
default   [  23% ] 250/250 VUs  0m54.9s/4m00.0s

running (0m55.9s), 250/250 VUs, 52032 complete and 0 interrupted iterations
default   [  23% ] 250/250 VUs  0m55.9s/4m00.0s

running (0m56.9s), 250/250 VUs, 53032 complete and 0 interrupted iterations
default   [  24% ] 250/250 VUs  0m56.9s/4m00.0s

running (0m57.9s), 250/250 VUs, 53982 complete and 0 interrupted iterations
default   [  24% ] 250/250 VUs  0m57.9s/4m00.0s

running (0m58.9s), 250/250 VUs, 54982 complete and 0 interrupted iterations
default   [  25% ] 250/250 VUs  0m58.9s/4m00.0s

running (0m59.9s), 250/250 VUs, 55982 complete and 0 interrupted iterations
default   [  25% ] 250/250 VUs  0m59.9s/4m00.0s

running (1m00.9s), 250/250 VUs, 56932 complete and 0 interrupted iterations
default   [  25% ] 250/250 VUs  1m00.9s/4m00.0s

running (1m01.9s), 250/250 VUs, 57932 complete and 0 interrupted iterations
default   [  26% ] 250/250 VUs  1m01.9s/4m00.0s

running (1m02.9s), 250/250 VUs, 58932 complete and 0 interrupted iterations
default   [  26% ] 250/250 VUs  1m02.9s/4m00.0s

running (1m03.9s), 250/250 VUs, 59882 complete and 0 interrupted iterations
default   [  27% ] 250/250 VUs  1m03.9s/4m00.0s

running (1m04.9s), 250/250 VUs, 60882 complete and 0 interrupted iterations
default   [  27% ] 250/250 VUs  1m04.9s/4m00.0s

running (1m05.9s), 250/250 VUs, 61871 complete and 0 interrupted iterations
default   [  27% ] 250/250 VUs  1m05.9s/4m00.0s

running (1m06.9s), 250/250 VUs, 62832 complete and 0 interrupted iterations
default   [  28% ] 250/250 VUs  1m06.9s/4m00.0s

running (1m07.9s), 250/250 VUs, 63832 complete and 0 interrupted iterations
default   [  28% ] 250/250 VUs  1m07.9s/4m00.0s

running (1m08.9s), 250/250 VUs, 64802 complete and 0 interrupted iterations
default   [  29% ] 250/250 VUs  1m08.9s/4m00.0s

running (1m09.9s), 250/250 VUs, 65782 complete and 0 interrupted iterations
default   [  29% ] 250/250 VUs  1m09.9s/4m00.0s

running (1m10.9s), 250/250 VUs, 66782 complete and 0 interrupted iterations
default   [  30% ] 250/250 VUs  1m10.9s/4m00.0s

running (1m11.9s), 250/250 VUs, 67753 complete and 0 interrupted iterations
default   [  30% ] 250/250 VUs  1m11.9s/4m00.0s

running (1m12.9s), 250/250 VUs, 68732 complete and 0 interrupted iterations
default   [  30% ] 250/250 VUs  1m12.9s/4m00.0s

running (1m13.9s), 250/250 VUs, 69732 complete and 0 interrupted iterations
default   [  31% ] 250/250 VUs  1m13.9s/4m00.0s

running (1m14.9s), 250/250 VUs, 70695 complete and 0 interrupted iterations
default   [  31% ] 250/250 VUs  1m14.9s/4m00.0s

running (1m15.9s), 250/250 VUs, 71682 complete and 0 interrupted iterations
default   [  32% ] 250/250 VUs  1m15.9s/4m00.0s

running (1m16.9s), 250/250 VUs, 72682 complete and 0 interrupted iterations
default   [  32% ] 250/250 VUs  1m16.9s/4m00.0s

running (1m17.9s), 250/250 VUs, 73663 complete and 0 interrupted iterations
default   [  32% ] 250/250 VUs  1m17.9s/4m00.0s

running (1m18.9s), 250/250 VUs, 74632 complete and 0 interrupted iterations
default   [  33% ] 250/250 VUs  1m18.9s/4m00.0s

running (1m19.9s), 250/250 VUs, 75632 complete and 0 interrupted iterations
default   [  33% ] 250/250 VUs  1m19.9s/4m00.0s

running (1m20.9s), 250/250 VUs, 76600 complete and 0 interrupted iterations
default   [  34% ] 250/250 VUs  1m20.9s/4m00.0s

running (1m21.9s), 250/250 VUs, 77582 complete and 0 interrupted iterations
default   [  34% ] 250/250 VUs  1m21.9s/4m00.0s

running (1m22.9s), 250/250 VUs, 78582 complete and 0 interrupted iterations
default   [  35% ] 250/250 VUs  1m22.9s/4m00.0s

running (1m23.9s), 250/250 VUs, 79532 complete and 0 interrupted iterations
default   [  35% ] 250/250 VUs  1m23.9s/4m00.0s

running (1m24.9s), 250/250 VUs, 80532 complete and 0 interrupted iterations
default   [  35% ] 250/250 VUs  1m24.9s/4m00.0s

running (1m25.9s), 250/250 VUs, 81532 complete and 0 interrupted iterations
default   [  36% ] 250/250 VUs  1m25.9s/4m00.0s

running (1m26.9s), 250/250 VUs, 82482 complete and 0 interrupted iterations
default   [  36% ] 250/250 VUs  1m26.9s/4m00.0s

running (1m27.9s), 250/250 VUs, 83482 complete and 0 interrupted iterations
default   [  37% ] 250/250 VUs  1m27.9s/4m00.0s

running (1m28.9s), 250/250 VUs, 84482 complete and 0 interrupted iterations
default   [  37% ] 250/250 VUs  1m28.9s/4m00.0s

running (1m29.9s), 250/250 VUs, 85432 complete and 0 interrupted iterations
default   [  37% ] 250/250 VUs  1m29.9s/4m00.0s

running (1m30.9s), 250/250 VUs, 86432 complete and 0 interrupted iterations
default   [  38% ] 250/250 VUs  1m30.9s/4m00.0s

running (1m31.9s), 250/250 VUs, 87432 complete and 0 interrupted iterations
default   [  38% ] 250/250 VUs  1m31.9s/4m00.0s

running (1m32.9s), 250/250 VUs, 88382 complete and 0 interrupted iterations
default   [  39% ] 250/250 VUs  1m32.9s/4m00.0s

running (1m33.9s), 250/250 VUs, 89382 complete and 0 interrupted iterations
default   [  39% ] 250/250 VUs  1m33.9s/4m00.0s

running (1m34.9s), 250/250 VUs, 90382 complete and 0 interrupted iterations
default   [  40% ] 250/250 VUs  1m34.9s/4m00.0s

running (1m35.9s), 250/250 VUs, 91332 complete and 0 interrupted iterations
default   [  40% ] 250/250 VUs  1m35.9s/4m00.0s

running (1m36.9s), 250/250 VUs, 92332 complete and 0 interrupted iterations
default   [  40% ] 250/250 VUs  1m36.9s/4m00.0s

running (1m37.9s), 250/250 VUs, 93331 complete and 0 interrupted iterations
default   [  41% ] 250/250 VUs  1m37.9s/4m00.0s

running (1m38.9s), 250/250 VUs, 94282 complete and 0 interrupted iterations
default   [  41% ] 250/250 VUs  1m38.9s/4m00.0s

running (1m39.9s), 250/250 VUs, 95282 complete and 0 interrupted iterations
default   [  42% ] 250/250 VUs  1m39.9s/4m00.0s

running (1m40.9s), 250/250 VUs, 96263 complete and 0 interrupted iterations
default   [  42% ] 250/250 VUs  1m40.9s/4m00.0s

running (1m41.9s), 250/250 VUs, 97232 complete and 0 interrupted iterations
default   [  42% ] 250/250 VUs  1m41.9s/4m00.0s

running (1m42.9s), 250/250 VUs, 98232 complete and 0 interrupted iterations
default   [  43% ] 250/250 VUs  1m42.9s/4m00.0s

running (1m43.9s), 250/250 VUs, 99232 complete and 0 interrupted iterations
default   [  43% ] 250/250 VUs  1m43.9s/4m00.0s

running (1m44.9s), 250/250 VUs, 100182 complete and 0 interrupted iterations
default   [  44% ] 250/250 VUs  1m44.9s/4m00.0s

running (1m45.9s), 250/250 VUs, 101182 complete and 0 interrupted iterations
default   [  44% ] 250/250 VUs  1m45.9s/4m00.0s

running (1m46.9s), 250/250 VUs, 102132 complete and 0 interrupted iterations
default   [  45% ] 250/250 VUs  1m46.9s/4m00.0s

running (1m47.9s), 250/250 VUs, 103132 complete and 0 interrupted iterations
default   [  45% ] 250/250 VUs  1m47.9s/4m00.0s

running (1m48.9s), 250/250 VUs, 104132 complete and 0 interrupted iterations
default   [  45% ] 250/250 VUs  1m48.9s/4m00.0s

running (1m49.9s), 250/250 VUs, 105082 complete and 0 interrupted iterations
default   [  46% ] 250/250 VUs  1m49.9s/4m00.0s

running (1m50.9s), 250/250 VUs, 106082 complete and 0 interrupted iterations
default   [  46% ] 250/250 VUs  1m50.9s/4m00.0s

running (1m51.9s), 250/250 VUs, 107082 complete and 0 interrupted iterations
default   [  47% ] 250/250 VUs  1m51.9s/4m00.0s

running (1m52.9s), 250/250 VUs, 108032 complete and 0 interrupted iterations
default   [  47% ] 250/250 VUs  1m52.9s/4m00.0s

running (1m53.9s), 250/250 VUs, 109032 complete and 0 interrupted iterations
default   [  47% ] 250/250 VUs  1m53.9s/4m00.0s

running (1m54.9s), 250/250 VUs, 110032 complete and 0 interrupted iterations
default   [  48% ] 250/250 VUs  1m54.9s/4m00.0s

running (1m55.9s), 250/250 VUs, 110982 complete and 0 interrupted iterations
default   [  48% ] 250/250 VUs  1m55.9s/4m00.0s

running (1m56.9s), 250/250 VUs, 111982 complete and 0 interrupted iterations
default   [  49% ] 250/250 VUs  1m56.9s/4m00.0s

running (1m57.9s), 250/250 VUs, 112982 complete and 0 interrupted iterations
default   [  49% ] 250/250 VUs  1m57.9s/4m00.0s

running (1m58.9s), 250/250 VUs, 113932 complete and 0 interrupted iterations
default   [  50% ] 250/250 VUs  1m58.9s/4m00.0s

running (1m59.9s), 250/250 VUs, 114932 complete and 0 interrupted iterations
default   [  50% ] 250/250 VUs  1m59.9s/4m00.0s

running (2m00.9s), 250/250 VUs, 115913 complete and 0 interrupted iterations
default   [  50% ] 250/250 VUs  2m00.9s/4m00.0s

running (2m01.9s), 250/250 VUs, 116882 complete and 0 interrupted iterations
default   [  51% ] 250/250 VUs  2m01.9s/4m00.0s

running (2m02.9s), 250/250 VUs, 117882 complete and 0 interrupted iterations
default   [  51% ] 250/250 VUs  2m02.9s/4m00.0s

running (2m03.9s), 250/250 VUs, 118873 complete and 0 interrupted iterations
default   [  52% ] 250/250 VUs  2m03.9s/4m00.0s

running (2m04.9s), 250/250 VUs, 119832 complete and 0 interrupted iterations
default   [  52% ] 250/250 VUs  2m04.9s/4m00.0s

running (2m05.9s), 250/250 VUs, 120832 complete and 0 interrupted iterations
default   [  52% ] 250/250 VUs  2m05.9s/4m00.0s

running (2m06.9s), 250/250 VUs, 121782 complete and 0 interrupted iterations
default   [  53% ] 250/250 VUs  2m06.9s/4m00.0s

running (2m07.9s), 250/250 VUs, 122782 complete and 0 interrupted iterations
default   [  53% ] 250/250 VUs  2m07.9s/4m00.0s

running (2m08.9s), 250/250 VUs, 123782 complete and 0 interrupted iterations
default   [  54% ] 250/250 VUs  2m08.9s/4m00.0s

running (2m09.9s), 250/250 VUs, 124732 complete and 0 interrupted iterations
default   [  54% ] 250/250 VUs  2m09.9s/4m00.0s

running (2m10.9s), 250/250 VUs, 125732 complete and 0 interrupted iterations
default   [  55% ] 250/250 VUs  2m10.9s/4m00.0s

running (2m11.9s), 250/250 VUs, 126732 complete and 0 interrupted iterations
default   [  55% ] 250/250 VUs  2m11.9s/4m00.0s

running (2m12.9s), 250/250 VUs, 127682 complete and 0 interrupted iterations
default   [  55% ] 250/250 VUs  2m12.9s/4m00.0s

running (2m13.9s), 250/250 VUs, 128682 complete and 0 interrupted iterations
default   [  56% ] 250/250 VUs  2m13.9s/4m00.0s

running (2m14.9s), 250/250 VUs, 129682 complete and 0 interrupted iterations
default   [  56% ] 250/250 VUs  2m14.9s/4m00.0s

running (2m15.9s), 250/250 VUs, 130632 complete and 0 interrupted iterations
default   [  57% ] 250/250 VUs  2m15.9s/4m00.0s

running (2m16.9s), 250/250 VUs, 131632 complete and 0 interrupted iterations
default   [  57% ] 250/250 VUs  2m16.9s/4m00.0s

running (2m17.9s), 250/250 VUs, 132625 complete and 0 interrupted iterations
default   [  57% ] 250/250 VUs  2m17.9s/4m00.0s

running (2m18.9s), 250/250 VUs, 133582 complete and 0 interrupted iterations
default   [  58% ] 250/250 VUs  2m18.9s/4m00.0s

running (2m19.9s), 250/250 VUs, 134582 complete and 0 interrupted iterations
default   [  58% ] 250/250 VUs  2m19.9s/4m00.0s

running (2m20.9s), 250/250 VUs, 135560 complete and 0 interrupted iterations
default   [  59% ] 250/250 VUs  2m20.9s/4m00.0s

running (2m21.9s), 250/250 VUs, 136532 complete and 0 interrupted iterations
default   [  59% ] 250/250 VUs  2m21.9s/4m00.0s

running (2m22.9s), 250/250 VUs, 137532 complete and 0 interrupted iterations
default   [  60% ] 250/250 VUs  2m22.9s/4m00.0s

running (2m23.9s), 250/250 VUs, 138507 complete and 0 interrupted iterations
default   [  60% ] 250/250 VUs  2m23.9s/4m00.0s

running (2m24.9s), 250/250 VUs, 139482 complete and 0 interrupted iterations
default   [  60% ] 250/250 VUs  2m24.9s/4m00.0s

running (2m25.9s), 250/250 VUs, 140482 complete and 0 interrupted iterations
default   [  61% ] 250/250 VUs  2m25.9s/4m00.0s

running (2m26.9s), 250/250 VUs, 141435 complete and 0 interrupted iterations
default   [  61% ] 250/250 VUs  2m26.9s/4m00.0s

running (2m27.9s), 250/250 VUs, 142432 complete and 0 interrupted iterations
default   [  62% ] 250/250 VUs  2m27.9s/4m00.0s

running (2m28.9s), 250/250 VUs, 143432 complete and 0 interrupted iterations
default   [  62% ] 250/250 VUs  2m28.9s/4m00.0s

running (2m29.9s), 250/250 VUs, 144382 complete and 0 interrupted iterations
default   [  62% ] 250/250 VUs  2m29.9s/4m00.0s

running (2m30.9s), 250/250 VUs, 145382 complete and 0 interrupted iterations
default   [  63% ] 250/250 VUs  2m30.9s/4m00.0s

running (2m31.9s), 250/250 VUs, 146382 complete and 0 interrupted iterations
default   [  63% ] 250/250 VUs  2m31.9s/4m00.0s

running (2m32.9s), 250/250 VUs, 147332 complete and 0 interrupted iterations
default   [  64% ] 250/250 VUs  2m32.9s/4m00.0s

running (2m33.9s), 250/250 VUs, 148332 complete and 0 interrupted iterations
default   [  64% ] 250/250 VUs  2m33.9s/4m00.0s

running (2m34.9s), 250/250 VUs, 149324 complete and 0 interrupted iterations
default   [  65% ] 250/250 VUs  2m34.9s/4m00.0s

running (2m35.9s), 250/250 VUs, 150282 complete and 0 interrupted iterations
default   [  65% ] 250/250 VUs  2m35.9s/4m00.0s

running (2m36.9s), 250/250 VUs, 151282 complete and 0 interrupted iterations
default   [  65% ] 250/250 VUs  2m36.9s/4m00.0s

running (2m37.9s), 250/250 VUs, 152258 complete and 0 interrupted iterations
default   [  66% ] 250/250 VUs  2m37.9s/4m00.0s

running (2m38.9s), 250/250 VUs, 153232 complete and 0 interrupted iterations
default   [  66% ] 250/250 VUs  2m38.9s/4m00.0s

running (2m39.9s), 250/250 VUs, 154232 complete and 0 interrupted iterations
default   [  67% ] 250/250 VUs  2m39.9s/4m00.0s

running (2m40.9s), 250/250 VUs, 155190 complete and 0 interrupted iterations
default   [  67% ] 250/250 VUs  2m40.9s/4m00.0s

running (2m41.9s), 250/250 VUs, 156182 complete and 0 interrupted iterations
default   [  67% ] 250/250 VUs  2m41.9s/4m00.0s

running (2m42.9s), 250/250 VUs, 157182 complete and 0 interrupted iterations
default   [  68% ] 250/250 VUs  2m42.9s/4m00.0s

running (2m43.9s), 250/250 VUs, 158132 complete and 0 interrupted iterations
default   [  68% ] 250/250 VUs  2m43.9s/4m00.0s

running (2m44.9s), 250/250 VUs, 159132 complete and 0 interrupted iterations
default   [  69% ] 250/250 VUs  2m44.9s/4m00.0s

running (2m45.9s), 250/250 VUs, 160132 complete and 0 interrupted iterations
default   [  69% ] 250/250 VUs  2m45.9s/4m00.0s

running (2m46.9s), 250/250 VUs, 161082 complete and 0 interrupted iterations
default   [  70% ] 250/250 VUs  2m46.9s/4m00.0s

running (2m47.9s), 250/250 VUs, 162082 complete and 0 interrupted iterations
default   [  70% ] 250/250 VUs  2m47.9s/4m00.0s

running (2m48.9s), 250/250 VUs, 163073 complete and 0 interrupted iterations
default   [  70% ] 250/250 VUs  2m48.9s/4m00.0s

running (2m49.9s), 250/250 VUs, 164032 complete and 0 interrupted iterations
default   [  71% ] 250/250 VUs  2m49.9s/4m00.0s

running (2m50.9s), 250/250 VUs, 165032 complete and 0 interrupted iterations
default   [  71% ] 250/250 VUs  2m50.9s/4m00.0s

running (2m51.9s), 250/250 VUs, 166005 complete and 0 interrupted iterations
default   [  72% ] 250/250 VUs  2m51.9s/4m00.0s

running (2m52.9s), 250/250 VUs, 166982 complete and 0 interrupted iterations
default   [  72% ] 250/250 VUs  2m52.9s/4m00.0s

running (2m53.9s), 250/250 VUs, 167982 complete and 0 interrupted iterations
default   [  72% ] 250/250 VUs  2m53.9s/4m00.0s

running (2m54.9s), 250/250 VUs, 168951 complete and 0 interrupted iterations
default   [  73% ] 250/250 VUs  2m54.9s/4m00.0s

running (2m55.9s), 250/250 VUs, 169932 complete and 0 interrupted iterations
default   [  73% ] 250/250 VUs  2m55.9s/4m00.0s

running (2m56.9s), 250/250 VUs, 170932 complete and 0 interrupted iterations
default   [  74% ] 250/250 VUs  2m56.9s/4m00.0s

running (2m57.9s), 250/250 VUs, 171896 complete and 0 interrupted iterations
default   [  74% ] 250/250 VUs  2m57.9s/4m00.0s

running (2m58.9s), 250/250 VUs, 172882 complete and 0 interrupted iterations
default   [  75% ] 250/250 VUs  2m58.9s/4m00.0s

running (2m59.9s), 250/250 VUs, 173882 complete and 0 interrupted iterations
default   [  75% ] 250/250 VUs  2m59.9s/4m00.0s

running (3m00.9s), 250/250 VUs, 174836 complete and 0 interrupted iterations
default   [  75% ] 250/250 VUs  3m00.9s/4m00.0s

running (3m01.9s), 250/250 VUs, 175832 complete and 0 interrupted iterations
default   [  76% ] 250/250 VUs  3m01.9s/4m00.0s

running (3m02.9s), 250/250 VUs, 176832 complete and 0 interrupted iterations
default   [  76% ] 250/250 VUs  3m02.9s/4m00.0s

running (3m03.9s), 250/250 VUs, 177784 complete and 0 interrupted iterations
default   [  77% ] 250/250 VUs  3m03.9s/4m00.0s

running (3m04.9s), 250/250 VUs, 178782 complete and 0 interrupted iterations
default   [  77% ] 250/250 VUs  3m04.9s/4m00.0s

running (3m05.9s), 250/250 VUs, 179782 complete and 0 interrupted iterations
default   [  77% ] 250/250 VUs  3m05.9s/4m00.0s

running (3m06.9s), 250/250 VUs, 180740 complete and 0 interrupted iterations
default   [  78% ] 250/250 VUs  3m06.9s/4m00.0s

running (3m07.9s), 250/250 VUs, 181732 complete and 0 interrupted iterations
default   [  78% ] 250/250 VUs  3m07.9s/4m00.0s

running (3m08.9s), 250/250 VUs, 182732 complete and 0 interrupted iterations
default   [  79% ] 250/250 VUs  3m08.9s/4m00.0s

running (3m09.9s), 250/250 VUs, 183684 complete and 0 interrupted iterations
default   [  79% ] 250/250 VUs  3m09.9s/4m00.0s

running (3m10.9s), 250/250 VUs, 184682 complete and 0 interrupted iterations
default   [  80% ] 250/250 VUs  3m10.9s/4m00.0s

running (3m11.9s), 250/250 VUs, 185682 complete and 0 interrupted iterations
default   [  80% ] 250/250 VUs  3m11.9s/4m00.0s

running (3m12.9s), 250/250 VUs, 186632 complete and 0 interrupted iterations
default   [  80% ] 250/250 VUs  3m12.9s/4m00.0s

running (3m13.9s), 250/250 VUs, 187632 complete and 0 interrupted iterations
default   [  81% ] 250/250 VUs  3m13.9s/4m00.0s

running (3m14.9s), 250/250 VUs, 188631 complete and 0 interrupted iterations
default   [  81% ] 250/250 VUs  3m14.9s/4m00.0s

running (3m15.9s), 250/250 VUs, 189582 complete and 0 interrupted iterations
default   [  82% ] 250/250 VUs  3m15.9s/4m00.0s

running (3m16.9s), 250/250 VUs, 190582 complete and 0 interrupted iterations
default   [  82% ] 250/250 VUs  3m16.9s/4m00.0s

running (3m17.9s), 250/250 VUs, 191568 complete and 0 interrupted iterations
default   [  82% ] 250/250 VUs  3m17.9s/4m00.0s

running (3m18.9s), 250/250 VUs, 192532 complete and 0 interrupted iterations
default   [  83% ] 250/250 VUs  3m18.9s/4m00.0s

running (3m19.9s), 250/250 VUs, 193532 complete and 0 interrupted iterations
default   [  83% ] 250/250 VUs  3m19.9s/4m00.0s

running (3m20.9s), 250/250 VUs, 194532 complete and 0 interrupted iterations
default   [  84% ] 250/250 VUs  3m20.9s/4m00.0s

running (3m21.9s), 250/250 VUs, 195482 complete and 0 interrupted iterations
default   [  84% ] 250/250 VUs  3m21.9s/4m00.0s

running (3m22.9s), 250/250 VUs, 196482 complete and 0 interrupted iterations
default   [  85% ] 250/250 VUs  3m22.9s/4m00.0s

running (3m23.9s), 250/250 VUs, 197479 complete and 0 interrupted iterations
default   [  85% ] 250/250 VUs  3m23.9s/4m00.0s

running (3m24.9s), 250/250 VUs, 198432 complete and 0 interrupted iterations
default   [  85% ] 250/250 VUs  3m24.9s/4m00.0s

running (3m25.9s), 250/250 VUs, 199432 complete and 0 interrupted iterations
default   [  86% ] 250/250 VUs  3m25.9s/4m00.0s

running (3m26.9s), 250/250 VUs, 200426 complete and 0 interrupted iterations
default   [  86% ] 250/250 VUs  3m26.9s/4m00.0s

running (3m27.9s), 250/250 VUs, 201382 complete and 0 interrupted iterations
default   [  87% ] 250/250 VUs  3m27.9s/4m00.0s

running (3m28.9s), 250/250 VUs, 202382 complete and 0 interrupted iterations
default   [  87% ] 250/250 VUs  3m28.9s/4m00.0s

running (3m29.9s), 250/250 VUs, 203346 complete and 0 interrupted iterations
default   [  87% ] 250/250 VUs  3m29.9s/4m00.0s

running (3m30.9s), 245/250 VUs, 204332 complete and 0 interrupted iterations
default   [  88% ] 245/250 VUs  3m30.9s/4m00.0s

running (3m31.9s), 237/250 VUs, 205332 complete and 0 interrupted iterations
default   [  88% ] 237/250 VUs  3m31.9s/4m00.0s

running (3m32.9s), 228/250 VUs, 206286 complete and 0 interrupted iterations
default   [  89% ] 228/250 VUs  3m32.9s/4m00.0s

running (3m33.9s), 218/250 VUs, 207282 complete and 0 interrupted iterations
default   [  89% ] 218/250 VUs  3m33.9s/4m00.0s

running (3m34.9s), 210/250 VUs, 208282 complete and 0 interrupted iterations
default   [  90% ] 210/250 VUs  3m34.9s/4m00.0s

running (3m35.9s), 204/250 VUs, 209262 complete and 0 interrupted iterations
default   [  90% ] 204/250 VUs  3m35.9s/4m00.0s

running (3m36.9s), 194/250 VUs, 210232 complete and 0 interrupted iterations
default   [  90% ] 194/250 VUs  3m36.9s/4m00.0s

running (3m37.9s), 187/250 VUs, 211232 complete and 0 interrupted iterations
default   [  91% ] 187/250 VUs  3m37.9s/4m00.0s

running (3m38.9s), 178/250 VUs, 212203 complete and 0 interrupted iterations
default   [  91% ] 178/250 VUs  3m38.9s/4m00.0s

running (3m39.9s), 168/250 VUs, 213182 complete and 0 interrupted iterations
default   [  92% ] 168/250 VUs  3m39.9s/4m00.0s

running (3m40.9s), 160/250 VUs, 214182 complete and 0 interrupted iterations
default   [  92% ] 160/250 VUs  3m40.9s/4m00.0s

running (3m41.9s), 152/250 VUs, 215182 complete and 0 interrupted iterations
default   [  92% ] 152/250 VUs  3m41.9s/4m00.0s

running (3m42.9s), 143/250 VUs, 216132 complete and 0 interrupted iterations
default   [  93% ] 143/250 VUs  3m42.9s/4m00.0s

running (3m43.9s), 135/250 VUs, 217132 complete and 0 interrupted iterations
default   [  93% ] 135/250 VUs  3m43.9s/4m00.0s

running (3m44.9s), 127/250 VUs, 218105 complete and 0 interrupted iterations
default   [  94% ] 127/250 VUs  3m44.9s/4m00.0s

running (3m45.9s), 119/250 VUs, 219082 complete and 0 interrupted iterations
default   [  94% ] 119/250 VUs  3m45.9s/4m00.0s

running (3m46.9s), 110/250 VUs, 220082 complete and 0 interrupted iterations
default   [  95% ] 110/250 VUs  3m46.9s/4m00.0s

running (3m47.9s), 101/250 VUs, 221068 complete and 0 interrupted iterations
default   [  95% ] 101/250 VUs  3m47.9s/4m00.0s

running (3m48.9s), 094/250 VUs, 222032 complete and 0 interrupted iterations
default   [  95% ] 094/250 VUs  3m48.9s/4m00.0s

running (3m49.9s), 085/250 VUs, 223032 complete and 0 interrupted iterations
default   [  96% ] 085/250 VUs  3m49.9s/4m00.0s

running (3m50.9s), 076/250 VUs, 224019 complete and 0 interrupted iterations
default   [  96% ] 076/250 VUs  3m50.9s/4m00.0s

running (3m51.9s), 068/250 VUs, 224982 complete and 0 interrupted iterations
default   [  97% ] 068/250 VUs  3m51.9s/4m00.0s

running (3m52.9s), 060/250 VUs, 225982 complete and 0 interrupted iterations
default   [  97% ] 060/250 VUs  3m52.9s/4m00.0s

running (3m53.9s), 052/250 VUs, 226971 complete and 0 interrupted iterations
default   [  97% ] 052/250 VUs  3m53.9s/4m00.0s

running (3m54.9s), 043/250 VUs, 227883 complete and 0 interrupted iterations
default   [  98% ] 043/250 VUs  3m54.9s/4m00.0s

running (3m55.9s), 035/250 VUs, 228648 complete and 0 interrupted iterations
default   [  98% ] 035/250 VUs  3m55.9s/4m00.0s

running (3m56.9s), 027/250 VUs, 229253 complete and 0 interrupted iterations
default   [  99% ] 027/250 VUs  3m56.9s/4m00.0s

running (3m57.9s), 018/250 VUs, 229685 complete and 0 interrupted iterations
default   [  99% ] 018/250 VUs  3m57.9s/4m00.0s

running (3m58.9s), 010/250 VUs, 229972 complete and 0 interrupted iterations
default   [ 100% ] 010/250 VUs  3m58.9s/4m00.0s

running (3m59.9s), 002/250 VUs, 230086 complete and 0 interrupted iterations
default   [ 100% ] 002/250 VUs  3m59.9s/4m00.0s


  █ THRESHOLDS 

    checks
    ✓ 'rate>0.95' rate=100.00%

    http_req_duration
    ✓ 'p(95)<5000' p(95)=559.59ms
    ✓ 'p(99)<10000' p(99)=861.71ms

    http_req_failed
    ✓ 'rate<0.05' rate=0.00%


  █ TOTAL RESULTS 

    checks_total.......: 920364  3834.033652/s
    checks_succeeded...: 100.00% 920364 out of 920364
    checks_failed......: 0.00%   0 out of 920364

    ✓ status is 200
    ✓ content-type is json
    ✓ workloadType is IO-BOUND
    ✓ executionTimeMs exists

    CUSTOM
    response_time_ms...............: min=50.594346 avg=228.153968 med=186.017192 max=1936.121996 p(90)=407.766916 p(95)=559.593757 p(99)=861.719294
    successful_requests............: 230091 958.508413/s

    HTTP
    http_req_duration..............: min=50.59ms   avg=228.15ms   med=186.01ms   max=1.93s       p(90)=407.76ms   p(95)=559.59ms   p(99)=861.71ms  
      { expected_response:true }...: min=50.59ms   avg=228.15ms   med=186.01ms   max=1.93s       p(90)=407.76ms   p(95)=559.59ms   p(99)=861.71ms  
    http_req_failed................: 0.00%  0 out of 230091
    http_reqs......................: 230091 958.508413/s

    EXECUTION
    iteration_duration.............: min=50.72ms   avg=228.32ms   med=186.26ms   max=1.93s       p(90)=407.94ms   p(95)=559.76ms   p(99)=861.89ms  
    iterations.....................: 230091 958.508413/s
    vus............................: 2      min=2           max=250
    vus_max........................: 250    min=250         max=250

    NETWORK
    data_received..................: 64 MB  266 kB/s
    data_sent......................: 18 MB  76 kB/s




running (4m00.1s), 000/250 VUs, 230091 complete and 0 interrupted iterations
default ✓ [ 100% ] 000/250 VUs  4m0s
