
         /\      Grafana   /‾‾/  
    /\  /  \     |\  __   /  /   
   /  \/    \    | |/ /  /   ‾‾\ 
  /          \   |   (  |  (‾)  |
 / __________ \  |_|\_\  \_____/ 


     execution: local
        script: cpu-bound-test.js
        output: -

     scenarios: (100.00%) 1 scenario, 40 max VUs, 4m30s max duration (incl. graceful stop):
              * default: Up to 40 looping VUs for 4m0s over 3 stages (gracefulRampDown: 30s, gracefulStop: 30s)


running (0m01.0s), 02/40 VUs, 23 complete and 0 interrupted iterations
default   [   0% ] 02/40 VUs  0m01.0s/4m00.0s

running (0m02.0s), 03/40 VUs, 62 complete and 0 interrupted iterations
default   [   1% ] 03/40 VUs  0m02.0s/4m00.0s

running (0m03.0s), 04/40 VUs, 104 complete and 0 interrupted iterations
default   [   1% ] 04/40 VUs  0m03.0s/4m00.0s

running (0m04.0s), 06/40 VUs, 143 complete and 0 interrupted iterations
default   [   2% ] 06/40 VUs  0m04.0s/4m00.0s

running (0m05.0s), 07/40 VUs, 185 complete and 0 interrupted iterations
default   [   2% ] 07/40 VUs  0m05.0s/4m00.0s

running (0m06.0s), 08/40 VUs, 228 complete and 0 interrupted iterations
default   [   2% ] 08/40 VUs  0m06.0s/4m00.0s

running (0m07.0s), 10/40 VUs, 266 complete and 0 interrupted iterations
default   [   3% ] 10/40 VUs  0m07.0s/4m00.0s

running (0m08.0s), 11/40 VUs, 307 complete and 0 interrupted iterations
default   [   3% ] 11/40 VUs  0m08.0s/4m00.0s

running (0m09.0s), 12/40 VUs, 350 complete and 0 interrupted iterations
default   [   4% ] 12/40 VUs  0m09.0s/4m00.0s

running (0m10.0s), 13/40 VUs, 391 complete and 0 interrupted iterations
default   [   4% ] 13/40 VUs  0m10.0s/4m00.0s

running (0m11.0s), 15/40 VUs, 431 complete and 0 interrupted iterations
default   [   5% ] 15/40 VUs  0m11.0s/4m00.0s

running (0m12.0s), 16/40 VUs, 471 complete and 0 interrupted iterations
default   [   5% ] 16/40 VUs  0m12.0s/4m00.0s

running (0m13.0s), 17/40 VUs, 511 complete and 0 interrupted iterations
default   [   5% ] 17/40 VUs  0m13.0s/4m00.0s

running (0m14.0s), 19/40 VUs, 550 complete and 0 interrupted iterations
default   [   6% ] 19/40 VUs  0m14.0s/4m00.0s

running (0m15.0s), 20/40 VUs, 594 complete and 0 interrupted iterations
default   [   6% ] 20/40 VUs  0m15.0s/4m00.0s

running (0m16.0s), 21/40 VUs, 632 complete and 0 interrupted iterations
default   [   7% ] 21/40 VUs  0m16.0s/4m00.0s

running (0m17.0s), 23/40 VUs, 675 complete and 0 interrupted iterations
default   [   7% ] 23/40 VUs  0m17.0s/4m00.0s

running (0m18.0s), 24/40 VUs, 716 complete and 0 interrupted iterations
default   [   7% ] 24/40 VUs  0m18.0s/4m00.0s

running (0m19.0s), 25/40 VUs, 754 complete and 0 interrupted iterations
default   [   8% ] 25/40 VUs  0m19.0s/4m00.0s

running (0m20.0s), 26/40 VUs, 798 complete and 0 interrupted iterations
default   [   8% ] 26/40 VUs  0m20.0s/4m00.0s

running (0m21.0s), 28/40 VUs, 838 complete and 0 interrupted iterations
default   [   9% ] 28/40 VUs  0m21.0s/4m00.0s

running (0m22.0s), 29/40 VUs, 879 complete and 0 interrupted iterations
default   [   9% ] 29/40 VUs  0m22.0s/4m00.0s

running (0m23.0s), 30/40 VUs, 919 complete and 0 interrupted iterations
default   [  10% ] 30/40 VUs  0m23.0s/4m00.0s

running (0m24.0s), 32/40 VUs, 960 complete and 0 interrupted iterations
default   [  10% ] 32/40 VUs  0m24.0s/4m00.0s

running (0m25.0s), 33/40 VUs, 1000 complete and 0 interrupted iterations
default   [  10% ] 33/40 VUs  0m25.0s/4m00.0s

running (0m26.0s), 34/40 VUs, 1040 complete and 0 interrupted iterations
default   [  11% ] 34/40 VUs  0m26.0s/4m00.0s

running (0m27.0s), 36/40 VUs, 1083 complete and 0 interrupted iterations
default   [  11% ] 36/40 VUs  0m27.0s/4m00.0s

running (0m28.0s), 37/40 VUs, 1120 complete and 0 interrupted iterations
default   [  12% ] 37/40 VUs  0m28.0s/4m00.0s

running (0m29.0s), 38/40 VUs, 1160 complete and 0 interrupted iterations
default   [  12% ] 38/40 VUs  0m29.0s/4m00.0s

running (0m30.0s), 39/40 VUs, 1202 complete and 0 interrupted iterations
default   [  12% ] 39/40 VUs  0m30.0s/4m00.0s

running (0m31.0s), 40/40 VUs, 1240 complete and 0 interrupted iterations
default   [  13% ] 40/40 VUs  0m31.0s/4m00.0s

running (0m32.0s), 40/40 VUs, 1279 complete and 0 interrupted iterations
default   [  13% ] 40/40 VUs  0m32.0s/4m00.0s

running (0m33.0s), 40/40 VUs, 1325 complete and 0 interrupted iterations
default   [  14% ] 40/40 VUs  0m33.0s/4m00.0s

running (0m34.0s), 40/40 VUs, 1367 complete and 0 interrupted iterations
default   [  14% ] 40/40 VUs  0m34.0s/4m00.0s

running (0m35.0s), 40/40 VUs, 1407 complete and 0 interrupted iterations
default   [  15% ] 40/40 VUs  0m35.0s/4m00.0s

running (0m36.0s), 40/40 VUs, 1448 complete and 0 interrupted iterations
default   [  15% ] 40/40 VUs  0m36.0s/4m00.0s

running (0m37.0s), 40/40 VUs, 1492 complete and 0 interrupted iterations
default   [  15% ] 40/40 VUs  0m37.0s/4m00.0s

running (0m38.0s), 40/40 VUs, 1534 complete and 0 interrupted iterations
default   [  16% ] 40/40 VUs  0m38.0s/4m00.0s

running (0m39.0s), 40/40 VUs, 1575 complete and 0 interrupted iterations
default   [  16% ] 40/40 VUs  0m39.0s/4m00.0s

running (0m40.0s), 40/40 VUs, 1618 complete and 0 interrupted iterations
default   [  17% ] 40/40 VUs  0m40.0s/4m00.0s

running (0m41.0s), 40/40 VUs, 1659 complete and 0 interrupted iterations
default   [  17% ] 40/40 VUs  0m41.0s/4m00.0s

running (0m42.0s), 40/40 VUs, 1700 complete and 0 interrupted iterations
default   [  17% ] 40/40 VUs  0m42.0s/4m00.0s

running (0m43.0s), 40/40 VUs, 1742 complete and 0 interrupted iterations
default   [  18% ] 40/40 VUs  0m43.0s/4m00.0s

running (0m44.0s), 40/40 VUs, 1783 complete and 0 interrupted iterations
default   [  18% ] 40/40 VUs  0m44.0s/4m00.0s

running (0m45.0s), 40/40 VUs, 1825 complete and 0 interrupted iterations
default   [  19% ] 40/40 VUs  0m45.0s/4m00.0s

running (0m46.0s), 40/40 VUs, 1864 complete and 0 interrupted iterations
default   [  19% ] 40/40 VUs  0m46.0s/4m00.0s

running (0m47.0s), 40/40 VUs, 1906 complete and 0 interrupted iterations
default   [  20% ] 40/40 VUs  0m47.0s/4m00.0s

running (0m48.0s), 40/40 VUs, 1946 complete and 0 interrupted iterations
default   [  20% ] 40/40 VUs  0m48.0s/4m00.0s

running (0m49.0s), 40/40 VUs, 1985 complete and 0 interrupted iterations
default   [  20% ] 40/40 VUs  0m49.0s/4m00.0s

running (0m50.0s), 40/40 VUs, 2025 complete and 0 interrupted iterations
default   [  21% ] 40/40 VUs  0m50.0s/4m00.0s

running (0m51.0s), 40/40 VUs, 2068 complete and 0 interrupted iterations
default   [  21% ] 40/40 VUs  0m51.0s/4m00.0s

running (0m52.0s), 40/40 VUs, 2109 complete and 0 interrupted iterations
default   [  22% ] 40/40 VUs  0m52.0s/4m00.0s

running (0m53.0s), 40/40 VUs, 2151 complete and 0 interrupted iterations
default   [  22% ] 40/40 VUs  0m53.0s/4m00.0s

running (0m54.0s), 40/40 VUs, 2191 complete and 0 interrupted iterations
default   [  22% ] 40/40 VUs  0m54.0s/4m00.0s

running (0m55.0s), 40/40 VUs, 2231 complete and 0 interrupted iterations
default   [  23% ] 40/40 VUs  0m55.0s/4m00.0s

running (0m56.0s), 40/40 VUs, 2273 complete and 0 interrupted iterations
default   [  23% ] 40/40 VUs  0m56.0s/4m00.0s

running (0m57.0s), 40/40 VUs, 2317 complete and 0 interrupted iterations
default   [  24% ] 40/40 VUs  0m57.0s/4m00.0s

running (0m58.0s), 40/40 VUs, 2356 complete and 0 interrupted iterations
default   [  24% ] 40/40 VUs  0m58.0s/4m00.0s

running (0m59.0s), 40/40 VUs, 2397 complete and 0 interrupted iterations
default   [  25% ] 40/40 VUs  0m59.0s/4m00.0s

running (1m00.0s), 40/40 VUs, 2438 complete and 0 interrupted iterations
default   [  25% ] 40/40 VUs  1m00.0s/4m00.0s

running (1m01.0s), 40/40 VUs, 2483 complete and 0 interrupted iterations
default   [  25% ] 40/40 VUs  1m01.0s/4m00.0s

running (1m02.0s), 40/40 VUs, 2520 complete and 0 interrupted iterations
default   [  26% ] 40/40 VUs  1m02.0s/4m00.0s

running (1m03.0s), 40/40 VUs, 2562 complete and 0 interrupted iterations
default   [  26% ] 40/40 VUs  1m03.0s/4m00.0s

running (1m04.0s), 40/40 VUs, 2605 complete and 0 interrupted iterations
default   [  27% ] 40/40 VUs  1m04.0s/4m00.0s

running (1m05.0s), 40/40 VUs, 2645 complete and 0 interrupted iterations
default   [  27% ] 40/40 VUs  1m05.0s/4m00.0s

running (1m06.0s), 40/40 VUs, 2685 complete and 0 interrupted iterations
default   [  27% ] 40/40 VUs  1m06.0s/4m00.0s

running (1m07.0s), 40/40 VUs, 2725 complete and 0 interrupted iterations
default   [  28% ] 40/40 VUs  1m07.0s/4m00.0s

running (1m08.0s), 40/40 VUs, 2767 complete and 0 interrupted iterations
default   [  28% ] 40/40 VUs  1m08.0s/4m00.0s

running (1m09.0s), 40/40 VUs, 2810 complete and 0 interrupted iterations
default   [  29% ] 40/40 VUs  1m09.0s/4m00.0s

running (1m10.0s), 40/40 VUs, 2853 complete and 0 interrupted iterations
default   [  29% ] 40/40 VUs  1m10.0s/4m00.0s

running (1m11.0s), 40/40 VUs, 2891 complete and 0 interrupted iterations
default   [  30% ] 40/40 VUs  1m11.0s/4m00.0s

running (1m12.0s), 40/40 VUs, 2930 complete and 0 interrupted iterations
default   [  30% ] 40/40 VUs  1m12.0s/4m00.0s

running (1m13.0s), 40/40 VUs, 2974 complete and 0 interrupted iterations
default   [  30% ] 40/40 VUs  1m13.0s/4m00.0s

running (1m14.0s), 40/40 VUs, 3014 complete and 0 interrupted iterations
default   [  31% ] 40/40 VUs  1m14.0s/4m00.0s

running (1m15.0s), 40/40 VUs, 3055 complete and 0 interrupted iterations
default   [  31% ] 40/40 VUs  1m15.0s/4m00.0s

running (1m16.0s), 40/40 VUs, 3096 complete and 0 interrupted iterations
default   [  32% ] 40/40 VUs  1m16.0s/4m00.0s

running (1m17.0s), 40/40 VUs, 3139 complete and 0 interrupted iterations
default   [  32% ] 40/40 VUs  1m17.0s/4m00.0s

running (1m18.0s), 40/40 VUs, 3180 complete and 0 interrupted iterations
default   [  32% ] 40/40 VUs  1m18.0s/4m00.0s

running (1m19.0s), 40/40 VUs, 3220 complete and 0 interrupted iterations
default   [  33% ] 40/40 VUs  1m19.0s/4m00.0s

running (1m20.0s), 40/40 VUs, 3262 complete and 0 interrupted iterations
default   [  33% ] 40/40 VUs  1m20.0s/4m00.0s

running (1m21.0s), 40/40 VUs, 3304 complete and 0 interrupted iterations
default   [  34% ] 40/40 VUs  1m21.0s/4m00.0s

running (1m22.0s), 40/40 VUs, 3347 complete and 0 interrupted iterations
default   [  34% ] 40/40 VUs  1m22.0s/4m00.0s

running (1m23.0s), 40/40 VUs, 3383 complete and 0 interrupted iterations
default   [  35% ] 40/40 VUs  1m23.0s/4m00.0s

running (1m24.0s), 40/40 VUs, 3426 complete and 0 interrupted iterations
default   [  35% ] 40/40 VUs  1m24.0s/4m00.0s

running (1m25.0s), 40/40 VUs, 3469 complete and 0 interrupted iterations
default   [  35% ] 40/40 VUs  1m25.0s/4m00.0s

running (1m26.0s), 40/40 VUs, 3512 complete and 0 interrupted iterations
default   [  36% ] 40/40 VUs  1m26.0s/4m00.0s

running (1m27.0s), 40/40 VUs, 3550 complete and 0 interrupted iterations
default   [  36% ] 40/40 VUs  1m27.0s/4m00.0s

running (1m28.0s), 40/40 VUs, 3593 complete and 0 interrupted iterations
default   [  37% ] 40/40 VUs  1m28.0s/4m00.0s

running (1m29.0s), 40/40 VUs, 3632 complete and 0 interrupted iterations
default   [  37% ] 40/40 VUs  1m29.0s/4m00.0s

running (1m30.0s), 40/40 VUs, 3673 complete and 0 interrupted iterations
default   [  37% ] 40/40 VUs  1m30.0s/4m00.0s

running (1m31.0s), 40/40 VUs, 3715 complete and 0 interrupted iterations
default   [  38% ] 40/40 VUs  1m31.0s/4m00.0s

running (1m32.0s), 40/40 VUs, 3755 complete and 0 interrupted iterations
default   [  38% ] 40/40 VUs  1m32.0s/4m00.0s

running (1m33.0s), 40/40 VUs, 3800 complete and 0 interrupted iterations
default   [  39% ] 40/40 VUs  1m33.0s/4m00.0s

running (1m34.0s), 40/40 VUs, 3840 complete and 0 interrupted iterations
default   [  39% ] 40/40 VUs  1m34.0s/4m00.0s

running (1m35.0s), 40/40 VUs, 3881 complete and 0 interrupted iterations
default   [  40% ] 40/40 VUs  1m35.0s/4m00.0s

running (1m36.0s), 40/40 VUs, 3919 complete and 0 interrupted iterations
default   [  40% ] 40/40 VUs  1m36.0s/4m00.0s

running (1m37.0s), 40/40 VUs, 3961 complete and 0 interrupted iterations
default   [  40% ] 40/40 VUs  1m37.0s/4m00.0s

running (1m38.0s), 40/40 VUs, 4002 complete and 0 interrupted iterations
default   [  41% ] 40/40 VUs  1m38.0s/4m00.0s

running (1m39.0s), 40/40 VUs, 4045 complete and 0 interrupted iterations
default   [  41% ] 40/40 VUs  1m39.0s/4m00.0s

running (1m40.0s), 40/40 VUs, 4085 complete and 0 interrupted iterations
default   [  42% ] 40/40 VUs  1m40.0s/4m00.0s

running (1m41.0s), 40/40 VUs, 4126 complete and 0 interrupted iterations
default   [  42% ] 40/40 VUs  1m41.0s/4m00.0s

running (1m42.0s), 40/40 VUs, 4167 complete and 0 interrupted iterations
default   [  42% ] 40/40 VUs  1m42.0s/4m00.0s

running (1m43.0s), 40/40 VUs, 4209 complete and 0 interrupted iterations
default   [  43% ] 40/40 VUs  1m43.0s/4m00.0s

running (1m44.0s), 40/40 VUs, 4253 complete and 0 interrupted iterations
default   [  43% ] 40/40 VUs  1m44.0s/4m00.0s

running (1m45.0s), 40/40 VUs, 4290 complete and 0 interrupted iterations
default   [  44% ] 40/40 VUs  1m45.0s/4m00.0s

running (1m46.0s), 40/40 VUs, 4330 complete and 0 interrupted iterations
default   [  44% ] 40/40 VUs  1m46.0s/4m00.0s

running (1m47.0s), 40/40 VUs, 4372 complete and 0 interrupted iterations
default   [  45% ] 40/40 VUs  1m47.0s/4m00.0s

running (1m48.0s), 40/40 VUs, 4413 complete and 0 interrupted iterations
default   [  45% ] 40/40 VUs  1m48.0s/4m00.0s

running (1m49.0s), 40/40 VUs, 4457 complete and 0 interrupted iterations
default   [  45% ] 40/40 VUs  1m49.0s/4m00.0s

running (1m50.0s), 40/40 VUs, 4497 complete and 0 interrupted iterations
default   [  46% ] 40/40 VUs  1m50.0s/4m00.0s

running (1m51.0s), 40/40 VUs, 4535 complete and 0 interrupted iterations
default   [  46% ] 40/40 VUs  1m51.0s/4m00.0s

running (1m52.0s), 40/40 VUs, 4581 complete and 0 interrupted iterations
default   [  47% ] 40/40 VUs  1m52.0s/4m00.0s

running (1m53.0s), 40/40 VUs, 4617 complete and 0 interrupted iterations
default   [  47% ] 40/40 VUs  1m53.0s/4m00.0s

running (1m54.0s), 40/40 VUs, 4660 complete and 0 interrupted iterations
default   [  47% ] 40/40 VUs  1m54.0s/4m00.0s

running (1m55.0s), 40/40 VUs, 4701 complete and 0 interrupted iterations
default   [  48% ] 40/40 VUs  1m55.0s/4m00.0s

running (1m56.0s), 40/40 VUs, 4738 complete and 0 interrupted iterations
default   [  48% ] 40/40 VUs  1m56.0s/4m00.0s

running (1m57.0s), 40/40 VUs, 4784 complete and 0 interrupted iterations
default   [  49% ] 40/40 VUs  1m57.0s/4m00.0s

running (1m58.0s), 40/40 VUs, 4826 complete and 0 interrupted iterations
default   [  49% ] 40/40 VUs  1m58.0s/4m00.0s

running (1m59.0s), 40/40 VUs, 4864 complete and 0 interrupted iterations
default   [  50% ] 40/40 VUs  1m59.0s/4m00.0s

running (2m00.0s), 40/40 VUs, 4909 complete and 0 interrupted iterations
default   [  50% ] 40/40 VUs  2m00.0s/4m00.0s

running (2m01.0s), 40/40 VUs, 4951 complete and 0 interrupted iterations
default   [  50% ] 40/40 VUs  2m01.0s/4m00.0s

running (2m02.0s), 40/40 VUs, 4992 complete and 0 interrupted iterations
default   [  51% ] 40/40 VUs  2m02.0s/4m00.0s

running (2m03.0s), 40/40 VUs, 5029 complete and 0 interrupted iterations
default   [  51% ] 40/40 VUs  2m03.0s/4m00.0s

running (2m04.0s), 40/40 VUs, 5075 complete and 0 interrupted iterations
default   [  52% ] 40/40 VUs  2m04.0s/4m00.0s

running (2m05.0s), 40/40 VUs, 5113 complete and 0 interrupted iterations
default   [  52% ] 40/40 VUs  2m05.0s/4m00.0s

running (2m06.0s), 40/40 VUs, 5153 complete and 0 interrupted iterations
default   [  52% ] 40/40 VUs  2m06.0s/4m00.0s

running (2m07.0s), 40/40 VUs, 5195 complete and 0 interrupted iterations
default   [  53% ] 40/40 VUs  2m07.0s/4m00.0s

running (2m08.0s), 40/40 VUs, 5236 complete and 0 interrupted iterations
default   [  53% ] 40/40 VUs  2m08.0s/4m00.0s

running (2m09.0s), 40/40 VUs, 5276 complete and 0 interrupted iterations
default   [  54% ] 40/40 VUs  2m09.0s/4m00.0s

running (2m10.0s), 40/40 VUs, 5319 complete and 0 interrupted iterations
default   [  54% ] 40/40 VUs  2m10.0s/4m00.0s

running (2m11.0s), 40/40 VUs, 5362 complete and 0 interrupted iterations
default   [  55% ] 40/40 VUs  2m11.0s/4m00.0s

running (2m12.0s), 40/40 VUs, 5403 complete and 0 interrupted iterations
default   [  55% ] 40/40 VUs  2m12.0s/4m00.0s

running (2m13.0s), 40/40 VUs, 5443 complete and 0 interrupted iterations
default   [  55% ] 40/40 VUs  2m13.0s/4m00.0s

running (2m14.0s), 40/40 VUs, 5485 complete and 0 interrupted iterations
default   [  56% ] 40/40 VUs  2m14.0s/4m00.0s

running (2m15.0s), 40/40 VUs, 5526 complete and 0 interrupted iterations
default   [  56% ] 40/40 VUs  2m15.0s/4m00.0s

running (2m16.0s), 40/40 VUs, 5567 complete and 0 interrupted iterations
default   [  57% ] 40/40 VUs  2m16.0s/4m00.0s

running (2m17.0s), 40/40 VUs, 5610 complete and 0 interrupted iterations
default   [  57% ] 40/40 VUs  2m17.0s/4m00.0s

running (2m18.0s), 40/40 VUs, 5648 complete and 0 interrupted iterations
default   [  57% ] 40/40 VUs  2m18.0s/4m00.0s

running (2m19.0s), 40/40 VUs, 5691 complete and 0 interrupted iterations
default   [  58% ] 40/40 VUs  2m19.0s/4m00.0s

running (2m20.0s), 40/40 VUs, 5728 complete and 0 interrupted iterations
default   [  58% ] 40/40 VUs  2m20.0s/4m00.0s

running (2m21.0s), 40/40 VUs, 5772 complete and 0 interrupted iterations
default   [  59% ] 40/40 VUs  2m21.0s/4m00.0s

running (2m22.0s), 40/40 VUs, 5814 complete and 0 interrupted iterations
default   [  59% ] 40/40 VUs  2m22.0s/4m00.0s

running (2m23.0s), 40/40 VUs, 5853 complete and 0 interrupted iterations
default   [  60% ] 40/40 VUs  2m23.0s/4m00.0s

running (2m24.0s), 40/40 VUs, 5898 complete and 0 interrupted iterations
default   [  60% ] 40/40 VUs  2m24.0s/4m00.0s

running (2m25.0s), 40/40 VUs, 5936 complete and 0 interrupted iterations
default   [  60% ] 40/40 VUs  2m25.0s/4m00.0s

running (2m26.0s), 40/40 VUs, 5976 complete and 0 interrupted iterations
default   [  61% ] 40/40 VUs  2m26.0s/4m00.0s

running (2m27.0s), 40/40 VUs, 6017 complete and 0 interrupted iterations
default   [  61% ] 40/40 VUs  2m27.0s/4m00.0s

running (2m28.0s), 40/40 VUs, 6058 complete and 0 interrupted iterations
default   [  62% ] 40/40 VUs  2m28.0s/4m00.0s

running (2m29.0s), 40/40 VUs, 6099 complete and 0 interrupted iterations
default   [  62% ] 40/40 VUs  2m29.0s/4m00.0s

running (2m30.0s), 40/40 VUs, 6144 complete and 0 interrupted iterations
default   [  62% ] 40/40 VUs  2m30.0s/4m00.0s

running (2m31.0s), 40/40 VUs, 6181 complete and 0 interrupted iterations
default   [  63% ] 40/40 VUs  2m31.0s/4m00.0s

running (2m32.0s), 40/40 VUs, 6226 complete and 0 interrupted iterations
default   [  63% ] 40/40 VUs  2m32.0s/4m00.0s

running (2m33.0s), 40/40 VUs, 6263 complete and 0 interrupted iterations
default   [  64% ] 40/40 VUs  2m33.0s/4m00.0s

running (2m34.0s), 40/40 VUs, 6307 complete and 0 interrupted iterations
default   [  64% ] 40/40 VUs  2m34.0s/4m00.0s

running (2m35.0s), 40/40 VUs, 6347 complete and 0 interrupted iterations
default   [  65% ] 40/40 VUs  2m35.0s/4m00.0s

running (2m36.0s), 40/40 VUs, 6388 complete and 0 interrupted iterations
default   [  65% ] 40/40 VUs  2m36.0s/4m00.0s

running (2m37.0s), 40/40 VUs, 6429 complete and 0 interrupted iterations
default   [  65% ] 40/40 VUs  2m37.0s/4m00.0s

running (2m38.0s), 40/40 VUs, 6471 complete and 0 interrupted iterations
default   [  66% ] 40/40 VUs  2m38.0s/4m00.0s

running (2m39.0s), 40/40 VUs, 6511 complete and 0 interrupted iterations
default   [  66% ] 40/40 VUs  2m39.0s/4m00.0s

running (2m40.0s), 40/40 VUs, 6549 complete and 0 interrupted iterations
default   [  67% ] 40/40 VUs  2m40.0s/4m00.0s

running (2m41.0s), 40/40 VUs, 6593 complete and 0 interrupted iterations
default   [  67% ] 40/40 VUs  2m41.0s/4m00.0s

running (2m42.0s), 40/40 VUs, 6630 complete and 0 interrupted iterations
default   [  67% ] 40/40 VUs  2m42.0s/4m00.0s

running (2m43.0s), 40/40 VUs, 6674 complete and 0 interrupted iterations
default   [  68% ] 40/40 VUs  2m43.0s/4m00.0s

running (2m44.0s), 40/40 VUs, 6716 complete and 0 interrupted iterations
default   [  68% ] 40/40 VUs  2m44.0s/4m00.0s

running (2m45.0s), 40/40 VUs, 6758 complete and 0 interrupted iterations
default   [  69% ] 40/40 VUs  2m45.0s/4m00.0s

running (2m46.0s), 40/40 VUs, 6800 complete and 0 interrupted iterations
default   [  69% ] 40/40 VUs  2m46.0s/4m00.0s

running (2m47.0s), 40/40 VUs, 6839 complete and 0 interrupted iterations
default   [  70% ] 40/40 VUs  2m47.0s/4m00.0s

running (2m48.0s), 40/40 VUs, 6879 complete and 0 interrupted iterations
default   [  70% ] 40/40 VUs  2m48.0s/4m00.0s

running (2m49.0s), 40/40 VUs, 6923 complete and 0 interrupted iterations
default   [  70% ] 40/40 VUs  2m49.0s/4m00.0s

running (2m50.0s), 40/40 VUs, 6966 complete and 0 interrupted iterations
default   [  71% ] 40/40 VUs  2m50.0s/4m00.0s

running (2m51.0s), 40/40 VUs, 7004 complete and 0 interrupted iterations
default   [  71% ] 40/40 VUs  2m51.0s/4m00.0s

running (2m52.0s), 40/40 VUs, 7042 complete and 0 interrupted iterations
default   [  72% ] 40/40 VUs  2m52.0s/4m00.0s

running (2m53.0s), 40/40 VUs, 7087 complete and 0 interrupted iterations
default   [  72% ] 40/40 VUs  2m53.0s/4m00.0s

running (2m54.0s), 40/40 VUs, 7128 complete and 0 interrupted iterations
default   [  72% ] 40/40 VUs  2m54.0s/4m00.0s

running (2m55.0s), 40/40 VUs, 7171 complete and 0 interrupted iterations
default   [  73% ] 40/40 VUs  2m55.0s/4m00.0s

running (2m56.0s), 40/40 VUs, 7213 complete and 0 interrupted iterations
default   [  73% ] 40/40 VUs  2m56.0s/4m00.0s

running (2m57.0s), 40/40 VUs, 7253 complete and 0 interrupted iterations
default   [  74% ] 40/40 VUs  2m57.0s/4m00.0s

running (2m58.0s), 40/40 VUs, 7295 complete and 0 interrupted iterations
default   [  74% ] 40/40 VUs  2m58.0s/4m00.0s

running (2m59.0s), 40/40 VUs, 7335 complete and 0 interrupted iterations
default   [  75% ] 40/40 VUs  2m59.0s/4m00.0s

running (3m00.0s), 40/40 VUs, 7377 complete and 0 interrupted iterations
default   [  75% ] 40/40 VUs  3m00.0s/4m00.0s

running (3m01.0s), 40/40 VUs, 7418 complete and 0 interrupted iterations
default   [  75% ] 40/40 VUs  3m01.0s/4m00.0s

running (3m02.0s), 40/40 VUs, 7457 complete and 0 interrupted iterations
default   [  76% ] 40/40 VUs  3m02.0s/4m00.0s

running (3m03.0s), 40/40 VUs, 7499 complete and 0 interrupted iterations
default   [  76% ] 40/40 VUs  3m03.0s/4m00.0s

running (3m04.0s), 40/40 VUs, 7542 complete and 0 interrupted iterations
default   [  77% ] 40/40 VUs  3m04.0s/4m00.0s

running (3m05.0s), 40/40 VUs, 7581 complete and 0 interrupted iterations
default   [  77% ] 40/40 VUs  3m05.0s/4m00.0s

running (3m06.0s), 40/40 VUs, 7623 complete and 0 interrupted iterations
default   [  77% ] 40/40 VUs  3m06.0s/4m00.0s

running (3m07.0s), 40/40 VUs, 7664 complete and 0 interrupted iterations
default   [  78% ] 40/40 VUs  3m07.0s/4m00.0s

running (3m08.0s), 40/40 VUs, 7706 complete and 0 interrupted iterations
default   [  78% ] 40/40 VUs  3m08.0s/4m00.0s

running (3m09.0s), 40/40 VUs, 7749 complete and 0 interrupted iterations
default   [  79% ] 40/40 VUs  3m09.0s/4m00.0s

running (3m10.0s), 40/40 VUs, 7787 complete and 0 interrupted iterations
default   [  79% ] 40/40 VUs  3m10.0s/4m00.0s

running (3m11.0s), 40/40 VUs, 7827 complete and 0 interrupted iterations
default   [  80% ] 40/40 VUs  3m11.0s/4m00.0s

running (3m12.0s), 40/40 VUs, 7872 complete and 0 interrupted iterations
default   [  80% ] 40/40 VUs  3m12.0s/4m00.0s

running (3m13.0s), 40/40 VUs, 7912 complete and 0 interrupted iterations
default   [  80% ] 40/40 VUs  3m13.0s/4m00.0s

running (3m14.0s), 40/40 VUs, 7954 complete and 0 interrupted iterations
default   [  81% ] 40/40 VUs  3m14.0s/4m00.0s

running (3m15.0s), 40/40 VUs, 7993 complete and 0 interrupted iterations
default   [  81% ] 40/40 VUs  3m15.0s/4m00.0s

running (3m16.0s), 40/40 VUs, 8037 complete and 0 interrupted iterations
default   [  82% ] 40/40 VUs  3m16.0s/4m00.0s

running (3m17.0s), 40/40 VUs, 8077 complete and 0 interrupted iterations
default   [  82% ] 40/40 VUs  3m17.0s/4m00.0s

running (3m18.0s), 40/40 VUs, 8118 complete and 0 interrupted iterations
default   [  82% ] 40/40 VUs  3m18.0s/4m00.0s

running (3m19.0s), 40/40 VUs, 8159 complete and 0 interrupted iterations
default   [  83% ] 40/40 VUs  3m19.0s/4m00.0s

running (3m20.0s), 40/40 VUs, 8197 complete and 0 interrupted iterations
default   [  83% ] 40/40 VUs  3m20.0s/4m00.0s

running (3m21.0s), 40/40 VUs, 8237 complete and 0 interrupted iterations
default   [  84% ] 40/40 VUs  3m21.0s/4m00.0s

running (3m22.0s), 40/40 VUs, 8280 complete and 0 interrupted iterations
default   [  84% ] 40/40 VUs  3m22.0s/4m00.0s

running (3m23.0s), 40/40 VUs, 8323 complete and 0 interrupted iterations
default   [  85% ] 40/40 VUs  3m23.0s/4m00.0s

running (3m24.0s), 40/40 VUs, 8362 complete and 0 interrupted iterations
default   [  85% ] 40/40 VUs  3m24.0s/4m00.0s

running (3m25.0s), 40/40 VUs, 8400 complete and 0 interrupted iterations
default   [  85% ] 40/40 VUs  3m25.0s/4m00.0s

running (3m26.0s), 40/40 VUs, 8443 complete and 0 interrupted iterations
default   [  86% ] 40/40 VUs  3m26.0s/4m00.0s

running (3m27.0s), 40/40 VUs, 8481 complete and 0 interrupted iterations
default   [  86% ] 40/40 VUs  3m27.0s/4m00.0s

running (3m28.0s), 40/40 VUs, 8526 complete and 0 interrupted iterations
default   [  87% ] 40/40 VUs  3m28.0s/4m00.0s

running (3m29.0s), 40/40 VUs, 8568 complete and 0 interrupted iterations
default   [  87% ] 40/40 VUs  3m29.0s/4m00.0s

running (3m30.0s), 40/40 VUs, 8610 complete and 0 interrupted iterations
default   [  87% ] 40/40 VUs  3m30.0s/4m00.0s

running (3m31.0s), 40/40 VUs, 8651 complete and 0 interrupted iterations
default   [  88% ] 40/40 VUs  3m31.0s/4m00.0s

running (3m32.0s), 38/40 VUs, 8693 complete and 0 interrupted iterations
default   [  88% ] 38/40 VUs  3m32.0s/4m00.0s

running (3m33.0s), 37/40 VUs, 8739 complete and 0 interrupted iterations
default   [  89% ] 37/40 VUs  3m33.0s/4m00.0s

running (3m34.0s), 36/40 VUs, 8779 complete and 0 interrupted iterations
default   [  89% ] 36/40 VUs  3m34.0s/4m00.0s

running (3m35.0s), 35/40 VUs, 8819 complete and 0 interrupted iterations
default   [  90% ] 35/40 VUs  3m35.0s/4m00.0s

running (3m36.0s), 34/40 VUs, 8860 complete and 0 interrupted iterations
default   [  90% ] 34/40 VUs  3m36.0s/4m00.0s

running (3m37.0s), 32/40 VUs, 8900 complete and 0 interrupted iterations
default   [  90% ] 32/40 VUs  3m37.0s/4m00.0s

running (3m38.0s), 31/40 VUs, 8944 complete and 0 interrupted iterations
default   [  91% ] 31/40 VUs  3m38.0s/4m00.0s

running (3m39.0s), 29/40 VUs, 8985 complete and 0 interrupted iterations
default   [  91% ] 29/40 VUs  3m39.0s/4m00.0s

running (3m40.0s), 27/40 VUs, 9025 complete and 0 interrupted iterations
default   [  92% ] 27/40 VUs  3m40.0s/4m00.0s

running (3m41.0s), 27/40 VUs, 9069 complete and 0 interrupted iterations
default   [  92% ] 27/40 VUs  3m41.0s/4m00.0s

running (3m42.0s), 25/40 VUs, 9109 complete and 0 interrupted iterations
default   [  92% ] 25/40 VUs  3m42.0s/4m00.0s

running (3m43.0s), 24/40 VUs, 9150 complete and 0 interrupted iterations
default   [  93% ] 24/40 VUs  3m43.0s/4m00.0s

running (3m44.0s), 22/40 VUs, 9196 complete and 0 interrupted iterations
default   [  93% ] 22/40 VUs  3m44.0s/4m00.0s

running (3m45.0s), 21/40 VUs, 9236 complete and 0 interrupted iterations
default   [  94% ] 21/40 VUs  3m45.0s/4m00.0s

running (3m46.0s), 19/40 VUs, 9280 complete and 0 interrupted iterations
default   [  94% ] 19/40 VUs  3m46.0s/4m00.0s

running (3m47.0s), 18/40 VUs, 9321 complete and 0 interrupted iterations
default   [  95% ] 18/40 VUs  3m47.0s/4m00.0s

running (3m48.0s), 17/40 VUs, 9362 complete and 0 interrupted iterations
default   [  95% ] 17/40 VUs  3m48.0s/4m00.0s

running (3m49.0s), 15/40 VUs, 9405 complete and 0 interrupted iterations
default   [  95% ] 15/40 VUs  3m49.0s/4m00.0s

running (3m50.0s), 14/40 VUs, 9448 complete and 0 interrupted iterations
default   [  96% ] 14/40 VUs  3m50.0s/4m00.0s

running (3m51.0s), 13/40 VUs, 9487 complete and 0 interrupted iterations
default   [  96% ] 13/40 VUs  3m51.0s/4m00.0s

running (3m52.0s), 12/40 VUs, 9531 complete and 0 interrupted iterations
default   [  97% ] 12/40 VUs  3m52.0s/4m00.0s

running (3m53.0s), 10/40 VUs, 9572 complete and 0 interrupted iterations
default   [  97% ] 10/40 VUs  3m53.0s/4m00.0s

running (3m54.0s), 09/40 VUs, 9615 complete and 0 interrupted iterations
default   [  97% ] 09/40 VUs  3m54.0s/4m00.0s

running (3m55.0s), 07/40 VUs, 9657 complete and 0 interrupted iterations
default   [  98% ] 07/40 VUs  3m55.0s/4m00.0s

running (3m56.0s), 06/40 VUs, 9700 complete and 0 interrupted iterations
default   [  98% ] 06/40 VUs  3m56.0s/4m00.0s

running (3m57.0s), 05/40 VUs, 9741 complete and 0 interrupted iterations
default   [  99% ] 05/40 VUs  3m57.0s/4m00.0s

running (3m58.0s), 03/40 VUs, 9783 complete and 0 interrupted iterations
default   [  99% ] 03/40 VUs  3m58.0s/4m00.0s

running (3m59.0s), 02/40 VUs, 9824 complete and 0 interrupted iterations
default   [ 100% ] 02/40 VUs  3m59.0s/4m00.0s

running (4m00.0s), 01/40 VUs, 9850 complete and 0 interrupted iterations
default   [ 100% ] 01/40 VUs  4m00.0s/4m00.0s


  █ THRESHOLDS 

    checks
    ✓ 'rate>0.95' rate=100.00%

    http_req_duration
    ✓ 'p(95)<5000' p(95)=1.25s
    ✓ 'p(99)<10000' p(99)=1.4s

    http_req_failed
    ✓ 'rate<0.05' rate=0.00%


  █ TOTAL RESULTS 

    checks_total.......: 39408   164.185867/s
    checks_succeeded...: 100.00% 39408 out of 39408
    checks_failed......: 0.00%   0 out of 39408

    ✓ status is 200
    ✓ content-type is json
    ✓ workloadType is CPU-BOUND
    ✓ executionTimeMs exists

    CUSTOM
    response_time_ms...............: min=46.316817 avg=855.179314 med=911.661335 max=1733.4593 p(90)=1181.77942 p(95)=1256.067586 p(99)=1400.27122
    successful_requests............: 9852   41.046467/s

    HTTP
    http_req_duration..............: min=46.31ms   avg=855.17ms   med=911.66ms   max=1.73s     p(90)=1.18s      p(95)=1.25s       p(99)=1.4s      
      { expected_response:true }...: min=46.31ms   avg=855.17ms   med=911.66ms   max=1.73s     p(90)=1.18s      p(95)=1.25s       p(99)=1.4s      
    http_req_failed................: 0.00%  0 out of 9852
    http_reqs......................: 9852   41.046467/s

    EXECUTION
    iteration_duration.............: min=46.5ms    avg=855.35ms   med=911.81ms   max=1.73s     p(90)=1.18s      p(95)=1.25s       p(99)=1.4s      
    iterations.....................: 9852   41.046467/s
    vus............................: 1      min=1         max=40
    vus_max........................: 40     min=40        max=40

    NETWORK
    data_received..................: 2.8 MB 12 kB/s
    data_sent......................: 788 kB 3.3 kB/s




running (4m00.0s), 00/40 VUs, 9852 complete and 0 interrupted iterations
default ✓ [ 100% ] 00/40 VUs  4m0s
