
         /\      Grafana   /‾‾/  
    /\  /  \     |\  __   /  /   
   /  \/    \    | |/ /  /   ‾‾\ 
  /          \   |   (  |  (‾)  |
 / __________ \  |_|\_\  \_____/ 


     execution: local
        script: io-bound-test.js
        output: -

     scenarios: (100.00%) 1 scenario, 800 max VUs, 6m30s max duration (incl. graceful stop):
              * default: Up to 800 looping VUs for 6m0s over 3 stages (gracefulRampDown: 30s, gracefulStop: 30s)


running (0m00.6s), 018/800 VUs, 104 complete and 0 interrupted iterations
default   [   0% ] 018/800 VUs  0m00.6s/6m00.0s

running (0m01.6s), 044/800 VUs, 699 complete and 0 interrupted iterations
default   [   0% ] 044/800 VUs  0m01.6s/6m00.0s

running (0m02.6s), 071/800 VUs, 1674 complete and 0 interrupted iterations
default   [   1% ] 071/800 VUs  0m02.6s/6m00.0s

running (0m03.6s), 097/800 VUs, 2666 complete and 0 interrupted iterations
default   [   1% ] 097/800 VUs  0m03.6s/6m00.0s

running (0m04.6s), 124/800 VUs, 3660 complete and 0 interrupted iterations
default   [   1% ] 124/800 VUs  0m04.6s/6m00.0s

running (0m05.6s), 151/800 VUs, 4651 complete and 0 interrupted iterations
default   [   2% ] 151/800 VUs  0m05.6s/6m00.0s

running (0m06.6s), 177/800 VUs, 5644 complete and 0 interrupted iterations
default   [   2% ] 177/800 VUs  0m06.6s/6m00.0s

running (0m07.6s), 204/800 VUs, 6632 complete and 0 interrupted iterations
default   [   2% ] 204/800 VUs  0m07.6s/6m00.0s

running (0m08.6s), 231/800 VUs, 7630 complete and 0 interrupted iterations
default   [   2% ] 231/800 VUs  0m08.6s/6m00.0s

running (0m09.6s), 257/800 VUs, 8622 complete and 0 interrupted iterations
default   [   3% ] 257/800 VUs  0m09.6s/6m00.0s

running (0m10.6s), 284/800 VUs, 9613 complete and 0 interrupted iterations
default   [   3% ] 284/800 VUs  0m10.6s/6m00.0s

running (0m11.6s), 311/800 VUs, 10605 complete and 0 interrupted iterations
default   [   3% ] 311/800 VUs  0m11.6s/6m00.0s

running (0m12.6s), 337/800 VUs, 11597 complete and 0 interrupted iterations
default   [   4% ] 337/800 VUs  0m12.6s/6m00.0s

running (0m13.6s), 364/800 VUs, 12583 complete and 0 interrupted iterations
default   [   4% ] 364/800 VUs  0m13.6s/6m00.0s

running (0m14.6s), 390/800 VUs, 13580 complete and 0 interrupted iterations
default   [   4% ] 390/800 VUs  0m14.6s/6m00.0s

running (0m15.6s), 417/800 VUs, 14561 complete and 0 interrupted iterations
default   [   4% ] 417/800 VUs  0m15.6s/6m00.0s

running (0m16.6s), 444/800 VUs, 15561 complete and 0 interrupted iterations
default   [   5% ] 444/800 VUs  0m16.6s/6m00.0s

running (0m17.6s), 470/800 VUs, 16530 complete and 0 interrupted iterations
default   [   5% ] 470/800 VUs  0m17.6s/6m00.0s

running (0m18.6s), 497/800 VUs, 17521 complete and 0 interrupted iterations
default   [   5% ] 497/800 VUs  0m18.6s/6m00.0s

running (0m19.6s), 524/800 VUs, 18511 complete and 0 interrupted iterations
default   [   5% ] 524/800 VUs  0m19.6s/6m00.0s

running (0m20.6s), 550/800 VUs, 19511 complete and 0 interrupted iterations
default   [   6% ] 550/800 VUs  0m20.6s/6m00.0s

running (0m21.6s), 577/800 VUs, 20488 complete and 0 interrupted iterations
default   [   6% ] 577/800 VUs  0m21.6s/6m00.0s

running (0m22.6s), 604/800 VUs, 21461 complete and 0 interrupted iterations
default   [   6% ] 604/800 VUs  0m22.6s/6m00.0s

running (0m23.6s), 630/800 VUs, 22461 complete and 0 interrupted iterations
default   [   7% ] 630/800 VUs  0m23.6s/6m00.0s

running (0m24.6s), 657/800 VUs, 23461 complete and 0 interrupted iterations
default   [   7% ] 657/800 VUs  0m24.6s/6m00.0s

running (0m25.6s), 683/800 VUs, 24461 complete and 0 interrupted iterations
default   [   7% ] 683/800 VUs  0m25.6s/6m00.0s

running (0m26.6s), 710/800 VUs, 25411 complete and 0 interrupted iterations
default   [   7% ] 710/800 VUs  0m26.6s/6m00.0s

running (0m27.6s), 737/800 VUs, 26411 complete and 0 interrupted iterations
default   [   8% ] 737/800 VUs  0m27.6s/6m00.0s

running (0m28.6s), 763/800 VUs, 27411 complete and 0 interrupted iterations
default   [   8% ] 763/800 VUs  0m28.6s/6m00.0s

running (0m29.6s), 790/800 VUs, 28374 complete and 0 interrupted iterations
default   [   8% ] 790/800 VUs  0m29.6s/6m00.0s

running (0m30.6s), 800/800 VUs, 29361 complete and 0 interrupted iterations
default   [   9% ] 800/800 VUs  0m30.6s/6m00.0s

running (0m31.6s), 800/800 VUs, 30361 complete and 0 interrupted iterations
default   [   9% ] 800/800 VUs  0m31.6s/6m00.0s

running (0m32.6s), 800/800 VUs, 31361 complete and 0 interrupted iterations
default   [   9% ] 800/800 VUs  0m32.6s/6m00.0s

running (0m33.6s), 800/800 VUs, 32348 complete and 0 interrupted iterations
default   [   9% ] 800/800 VUs  0m33.6s/6m00.0s

running (0m34.6s), 800/800 VUs, 33311 complete and 0 interrupted iterations
default   [  10% ] 800/800 VUs  0m34.6s/6m00.0s

running (0m35.6s), 800/800 VUs, 34311 complete and 0 interrupted iterations
default   [  10% ] 800/800 VUs  0m35.6s/6m00.0s

running (0m36.6s), 800/800 VUs, 35311 complete and 0 interrupted iterations
default   [  10% ] 800/800 VUs  0m36.6s/6m00.0s

running (0m37.6s), 800/800 VUs, 36301 complete and 0 interrupted iterations
default   [  10% ] 800/800 VUs  0m37.6s/6m00.0s

running (0m38.6s), 800/800 VUs, 37261 complete and 0 interrupted iterations
default   [  11% ] 800/800 VUs  0m38.6s/6m00.0s

running (0m39.6s), 800/800 VUs, 38261 complete and 0 interrupted iterations
default   [  11% ] 800/800 VUs  0m39.6s/6m00.0s

running (0m40.6s), 800/800 VUs, 39261 complete and 0 interrupted iterations
default   [  11% ] 800/800 VUs  0m40.6s/6m00.0s

running (0m41.6s), 800/800 VUs, 40261 complete and 0 interrupted iterations
default   [  12% ] 800/800 VUs  0m41.6s/6m00.0s

running (0m42.6s), 800/800 VUs, 41223 complete and 0 interrupted iterations
default   [  12% ] 800/800 VUs  0m42.6s/6m00.0s

running (0m43.6s), 800/800 VUs, 42211 complete and 0 interrupted iterations
default   [  12% ] 800/800 VUs  0m43.6s/6m00.0s

running (0m44.6s), 800/800 VUs, 43211 complete and 0 interrupted iterations
default   [  12% ] 800/800 VUs  0m44.6s/6m00.0s

running (0m45.6s), 800/800 VUs, 44203 complete and 0 interrupted iterations
default   [  13% ] 800/800 VUs  0m45.6s/6m00.0s

running (0m46.6s), 800/800 VUs, 45174 complete and 0 interrupted iterations
default   [  13% ] 800/800 VUs  0m46.6s/6m00.0s

running (0m47.6s), 800/800 VUs, 46161 complete and 0 interrupted iterations
default   [  13% ] 800/800 VUs  0m47.6s/6m00.0s

running (0m48.6s), 800/800 VUs, 47161 complete and 0 interrupted iterations
default   [  14% ] 800/800 VUs  0m48.6s/6m00.0s

running (0m49.6s), 800/800 VUs, 48161 complete and 0 interrupted iterations
default   [  14% ] 800/800 VUs  0m49.6s/6m00.0s

running (0m50.6s), 800/800 VUs, 49156 complete and 0 interrupted iterations
default   [  14% ] 800/800 VUs  0m50.6s/6m00.0s

running (0m51.6s), 800/800 VUs, 50121 complete and 0 interrupted iterations
default   [  14% ] 800/800 VUs  0m51.6s/6m00.0s

running (0m52.6s), 800/800 VUs, 51111 complete and 0 interrupted iterations
default   [  15% ] 800/800 VUs  0m52.6s/6m00.0s

running (0m53.6s), 800/800 VUs, 52111 complete and 0 interrupted iterations
default   [  15% ] 800/800 VUs  0m53.6s/6m00.0s

running (0m54.6s), 800/800 VUs, 53111 complete and 0 interrupted iterations
default   [  15% ] 800/800 VUs  0m54.6s/6m00.0s

running (0m55.6s), 800/800 VUs, 54075 complete and 0 interrupted iterations
default   [  15% ] 800/800 VUs  0m55.6s/6m00.0s

running (0m56.6s), 800/800 VUs, 55061 complete and 0 interrupted iterations
default   [  16% ] 800/800 VUs  0m56.6s/6m00.0s

running (0m57.6s), 800/800 VUs, 56061 complete and 0 interrupted iterations
default   [  16% ] 800/800 VUs  0m57.6s/6m00.0s

running (0m58.6s), 800/800 VUs, 57061 complete and 0 interrupted iterations
default   [  16% ] 800/800 VUs  0m58.6s/6m00.0s

running (0m59.6s), 800/800 VUs, 58059 complete and 0 interrupted iterations
default   [  17% ] 800/800 VUs  0m59.6s/6m00.0s

running (1m00.6s), 800/800 VUs, 59020 complete and 0 interrupted iterations
default   [  17% ] 800/800 VUs  1m00.6s/6m00.0s

running (1m01.6s), 800/800 VUs, 60011 complete and 0 interrupted iterations
default   [  17% ] 800/800 VUs  1m01.6s/6m00.0s

running (1m02.6s), 800/800 VUs, 61011 complete and 0 interrupted iterations
default   [  17% ] 800/800 VUs  1m02.6s/6m00.0s

running (1m03.6s), 800/800 VUs, 62011 complete and 0 interrupted iterations
default   [  18% ] 800/800 VUs  1m03.6s/6m00.0s

running (1m04.6s), 800/800 VUs, 62974 complete and 0 interrupted iterations
default   [  18% ] 800/800 VUs  1m04.6s/6m00.0s

running (1m05.6s), 800/800 VUs, 63961 complete and 0 interrupted iterations
default   [  18% ] 800/800 VUs  1m05.6s/6m00.0s

running (1m06.6s), 800/800 VUs, 64961 complete and 0 interrupted iterations
default   [  19% ] 800/800 VUs  1m06.6s/6m00.0s

running (1m07.6s), 800/800 VUs, 65961 complete and 0 interrupted iterations
default   [  19% ] 800/800 VUs  1m07.6s/6m00.0s

running (1m08.6s), 800/800 VUs, 66953 complete and 0 interrupted iterations
default   [  19% ] 800/800 VUs  1m08.6s/6m00.0s

running (1m09.6s), 800/800 VUs, 67913 complete and 0 interrupted iterations
default   [  19% ] 800/800 VUs  1m09.6s/6m00.0s

running (1m10.6s), 800/800 VUs, 68911 complete and 0 interrupted iterations
default   [  20% ] 800/800 VUs  1m10.6s/6m00.0s

running (1m11.6s), 800/800 VUs, 69911 complete and 0 interrupted iterations
default   [  20% ] 800/800 VUs  1m11.6s/6m00.0s

running (1m12.6s), 800/800 VUs, 70911 complete and 0 interrupted iterations
default   [  20% ] 800/800 VUs  1m12.6s/6m00.0s

running (1m13.6s), 800/800 VUs, 71888 complete and 0 interrupted iterations
default   [  20% ] 800/800 VUs  1m13.6s/6m00.0s

running (1m14.6s), 800/800 VUs, 72861 complete and 0 interrupted iterations
default   [  21% ] 800/800 VUs  1m14.6s/6m00.0s

running (1m15.6s), 800/800 VUs, 73861 complete and 0 interrupted iterations
default   [  21% ] 800/800 VUs  1m15.6s/6m00.0s

running (1m16.6s), 800/800 VUs, 74848 complete and 0 interrupted iterations
default   [  21% ] 800/800 VUs  1m16.6s/6m00.0s

running (1m17.6s), 800/800 VUs, 75811 complete and 0 interrupted iterations
default   [  22% ] 800/800 VUs  1m17.6s/6m00.0s

running (1m18.6s), 800/800 VUs, 76811 complete and 0 interrupted iterations
default   [  22% ] 800/800 VUs  1m18.6s/6m00.0s

running (1m19.6s), 800/800 VUs, 77811 complete and 0 interrupted iterations
default   [  22% ] 800/800 VUs  1m19.6s/6m00.0s

running (1m20.6s), 800/800 VUs, 78796 complete and 0 interrupted iterations
default   [  22% ] 800/800 VUs  1m20.6s/6m00.0s

running (1m21.6s), 800/800 VUs, 79761 complete and 0 interrupted iterations
default   [  23% ] 800/800 VUs  1m21.6s/6m00.0s

running (1m22.6s), 800/800 VUs, 80761 complete and 0 interrupted iterations
default   [  23% ] 800/800 VUs  1m22.6s/6m00.0s

running (1m23.6s), 800/800 VUs, 81761 complete and 0 interrupted iterations
default   [  23% ] 800/800 VUs  1m23.6s/6m00.0s

running (1m24.6s), 800/800 VUs, 82761 complete and 0 interrupted iterations
default   [  24% ] 800/800 VUs  1m24.6s/6m00.0s

running (1m25.6s), 800/800 VUs, 83723 complete and 0 interrupted iterations
default   [  24% ] 800/800 VUs  1m25.6s/6m00.0s

running (1m26.6s), 800/800 VUs, 84711 complete and 0 interrupted iterations
default   [  24% ] 800/800 VUs  1m26.6s/6m00.0s

running (1m27.6s), 800/800 VUs, 85711 complete and 0 interrupted iterations
default   [  24% ] 800/800 VUs  1m27.6s/6m00.0s

running (1m28.6s), 800/800 VUs, 86711 complete and 0 interrupted iterations
default   [  25% ] 800/800 VUs  1m28.6s/6m00.0s

running (1m29.6s), 800/800 VUs, 87711 complete and 0 interrupted iterations
default   [  25% ] 800/800 VUs  1m29.6s/6m00.0s

running (1m30.6s), 800/800 VUs, 88675 complete and 0 interrupted iterations
default   [  25% ] 800/800 VUs  1m30.6s/6m00.0s

running (1m31.6s), 800/800 VUs, 89661 complete and 0 interrupted iterations
default   [  25% ] 800/800 VUs  1m31.6s/6m00.0s

running (1m32.6s), 800/800 VUs, 90661 complete and 0 interrupted iterations
default   [  26% ] 800/800 VUs  1m32.6s/6m00.0s

running (1m33.6s), 800/800 VUs, 91661 complete and 0 interrupted iterations
default   [  26% ] 800/800 VUs  1m33.6s/6m00.0s

running (1m34.6s), 800/800 VUs, 92641 complete and 0 interrupted iterations
default   [  26% ] 800/800 VUs  1m34.6s/6m00.0s

running (1m35.6s), 800/800 VUs, 93615 complete and 0 interrupted iterations
default   [  27% ] 800/800 VUs  1m35.6s/6m00.0s

running (1m36.6s), 800/800 VUs, 94611 complete and 0 interrupted iterations
default   [  27% ] 800/800 VUs  1m36.6s/6m00.0s

running (1m37.6s), 800/800 VUs, 95611 complete and 0 interrupted iterations
default   [  27% ] 800/800 VUs  1m37.6s/6m00.0s

running (1m38.6s), 800/800 VUs, 96611 complete and 0 interrupted iterations
default   [  27% ] 800/800 VUs  1m38.6s/6m00.0s

running (1m39.6s), 800/800 VUs, 97602 complete and 0 interrupted iterations
default   [  28% ] 800/800 VUs  1m39.6s/6m00.0s

running (1m40.6s), 800/800 VUs, 98562 complete and 0 interrupted iterations
default   [  28% ] 800/800 VUs  1m40.6s/6m00.0s

running (1m41.6s), 800/800 VUs, 99561 complete and 0 interrupted iterations
default   [  28% ] 800/800 VUs  1m41.6s/6m00.0s

running (1m42.6s), 800/800 VUs, 100561 complete and 0 interrupted iterations
default   [  29% ] 800/800 VUs  1m42.6s/6m00.0s

running (1m43.6s), 800/800 VUs, 101561 complete and 0 interrupted iterations
default   [  29% ] 800/800 VUs  1m43.6s/6m00.0s

running (1m44.6s), 800/800 VUs, 102533 complete and 0 interrupted iterations
default   [  29% ] 800/800 VUs  1m44.6s/6m00.0s

running (1m45.6s), 800/800 VUs, 103511 complete and 0 interrupted iterations
default   [  29% ] 800/800 VUs  1m45.6s/6m00.0s

running (1m46.6s), 800/800 VUs, 104511 complete and 0 interrupted iterations
default   [  30% ] 800/800 VUs  1m46.6s/6m00.0s

running (1m47.6s), 800/800 VUs, 105511 complete and 0 interrupted iterations
default   [  30% ] 800/800 VUs  1m47.6s/6m00.0s

running (1m48.6s), 800/800 VUs, 106490 complete and 0 interrupted iterations
default   [  30% ] 800/800 VUs  1m48.6s/6m00.0s

running (1m49.6s), 800/800 VUs, 107475 complete and 0 interrupted iterations
default   [  30% ] 800/800 VUs  1m49.6s/6m00.0s

running (1m50.6s), 800/800 VUs, 108461 complete and 0 interrupted iterations
default   [  31% ] 800/800 VUs  1m50.6s/6m00.0s

running (1m51.6s), 800/800 VUs, 109461 complete and 0 interrupted iterations
default   [  31% ] 800/800 VUs  1m51.6s/6m00.0s

running (1m52.6s), 800/800 VUs, 110461 complete and 0 interrupted iterations
default   [  31% ] 800/800 VUs  1m52.6s/6m00.0s

running (1m53.6s), 800/800 VUs, 111454 complete and 0 interrupted iterations
default   [  32% ] 800/800 VUs  1m53.6s/6m00.0s

running (1m54.6s), 800/800 VUs, 112414 complete and 0 interrupted iterations
default   [  32% ] 800/800 VUs  1m54.6s/6m00.0s

running (1m55.6s), 800/800 VUs, 113411 complete and 0 interrupted iterations
default   [  32% ] 800/800 VUs  1m55.6s/6m00.0s

running (1m56.6s), 800/800 VUs, 114411 complete and 0 interrupted iterations
default   [  32% ] 800/800 VUs  1m56.6s/6m00.0s

running (1m57.6s), 800/800 VUs, 115411 complete and 0 interrupted iterations
default   [  33% ] 800/800 VUs  1m57.6s/6m00.0s

running (1m58.6s), 800/800 VUs, 116396 complete and 0 interrupted iterations
default   [  33% ] 800/800 VUs  1m58.6s/6m00.0s

running (1m59.6s), 800/800 VUs, 117361 complete and 0 interrupted iterations
default   [  33% ] 800/800 VUs  1m59.6s/6m00.0s

running (2m00.6s), 800/800 VUs, 118361 complete and 0 interrupted iterations
default   [  34% ] 800/800 VUs  2m00.6s/6m00.0s

running (2m01.6s), 800/800 VUs, 119361 complete and 0 interrupted iterations
default   [  34% ] 800/800 VUs  2m01.6s/6m00.0s

running (2m02.6s), 800/800 VUs, 120361 complete and 0 interrupted iterations
default   [  34% ] 800/800 VUs  2m02.6s/6m00.0s

running (2m03.6s), 800/800 VUs, 121311 complete and 0 interrupted iterations
default   [  34% ] 800/800 VUs  2m03.6s/6m00.0s

running (2m04.6s), 800/800 VUs, 122311 complete and 0 interrupted iterations
default   [  35% ] 800/800 VUs  2m04.6s/6m00.0s

running (2m05.6s), 800/800 VUs, 123311 complete and 0 interrupted iterations
default   [  35% ] 800/800 VUs  2m05.6s/6m00.0s

running (2m06.6s), 800/800 VUs, 124305 complete and 0 interrupted iterations
default   [  35% ] 800/800 VUs  2m06.6s/6m00.0s

running (2m07.6s), 800/800 VUs, 125261 complete and 0 interrupted iterations
default   [  35% ] 800/800 VUs  2m07.6s/6m00.0s

running (2m08.6s), 800/800 VUs, 126261 complete and 0 interrupted iterations
default   [  36% ] 800/800 VUs  2m08.6s/6m00.0s

running (2m09.6s), 800/800 VUs, 127261 complete and 0 interrupted iterations
default   [  36% ] 800/800 VUs  2m09.6s/6m00.0s

running (2m10.6s), 800/800 VUs, 128261 complete and 0 interrupted iterations
default   [  36% ] 800/800 VUs  2m10.6s/6m00.0s

running (2m11.6s), 800/800 VUs, 129233 complete and 0 interrupted iterations
default   [  37% ] 800/800 VUs  2m11.6s/6m00.0s

running (2m12.6s), 800/800 VUs, 130211 complete and 0 interrupted iterations
default   [  37% ] 800/800 VUs  2m12.6s/6m00.0s

running (2m13.6s), 800/800 VUs, 131211 complete and 0 interrupted iterations
default   [  37% ] 800/800 VUs  2m13.6s/6m00.0s

running (2m14.6s), 800/800 VUs, 132211 complete and 0 interrupted iterations
default   [  37% ] 800/800 VUs  2m14.6s/6m00.0s

running (2m15.6s), 800/800 VUs, 133179 complete and 0 interrupted iterations
default   [  38% ] 800/800 VUs  2m15.6s/6m00.0s

running (2m16.6s), 800/800 VUs, 134161 complete and 0 interrupted iterations
default   [  38% ] 800/800 VUs  2m16.6s/6m00.0s

running (2m17.6s), 800/800 VUs, 135161 complete and 0 interrupted iterations
default   [  38% ] 800/800 VUs  2m17.6s/6m00.0s

running (2m18.6s), 800/800 VUs, 136141 complete and 0 interrupted iterations
default   [  39% ] 800/800 VUs  2m18.6s/6m00.0s

running (2m19.6s), 800/800 VUs, 137111 complete and 0 interrupted iterations
default   [  39% ] 800/800 VUs  2m19.6s/6m00.0s

running (2m20.6s), 800/800 VUs, 138111 complete and 0 interrupted iterations
default   [  39% ] 800/800 VUs  2m20.6s/6m00.0s

running (2m21.6s), 800/800 VUs, 139111 complete and 0 interrupted iterations
default   [  39% ] 800/800 VUs  2m21.6s/6m00.0s

running (2m22.6s), 800/800 VUs, 140104 complete and 0 interrupted iterations
default   [  40% ] 800/800 VUs  2m22.6s/6m00.0s

running (2m23.6s), 800/800 VUs, 141061 complete and 0 interrupted iterations
default   [  40% ] 800/800 VUs  2m23.6s/6m00.0s

running (2m24.6s), 800/800 VUs, 142061 complete and 0 interrupted iterations
default   [  40% ] 800/800 VUs  2m24.6s/6m00.0s

running (2m25.6s), 800/800 VUs, 143061 complete and 0 interrupted iterations
default   [  40% ] 800/800 VUs  2m25.6s/6m00.0s

running (2m26.6s), 800/800 VUs, 144061 complete and 0 interrupted iterations
default   [  41% ] 800/800 VUs  2m26.6s/6m00.0s

running (2m27.6s), 800/800 VUs, 145025 complete and 0 interrupted iterations
default   [  41% ] 800/800 VUs  2m27.6s/6m00.0s

running (2m28.6s), 800/800 VUs, 146011 complete and 0 interrupted iterations
default   [  41% ] 800/800 VUs  2m28.6s/6m00.0s

running (2m29.6s), 800/800 VUs, 147011 complete and 0 interrupted iterations
default   [  42% ] 800/800 VUs  2m29.6s/6m00.0s

running (2m30.6s), 800/800 VUs, 148011 complete and 0 interrupted iterations
default   [  42% ] 800/800 VUs  2m30.6s/6m00.0s

running (2m31.6s), 800/800 VUs, 149011 complete and 0 interrupted iterations
default   [  42% ] 800/800 VUs  2m31.6s/6m00.0s

running (2m32.6s), 800/800 VUs, 149973 complete and 0 interrupted iterations
default   [  42% ] 800/800 VUs  2m32.6s/6m00.0s

running (2m33.6s), 800/800 VUs, 150961 complete and 0 interrupted iterations
default   [  43% ] 800/800 VUs  2m33.6s/6m00.0s

running (2m34.6s), 800/800 VUs, 151961 complete and 0 interrupted iterations
default   [  43% ] 800/800 VUs  2m34.6s/6m00.0s

running (2m35.6s), 800/800 VUs, 152961 complete and 0 interrupted iterations
default   [  43% ] 800/800 VUs  2m35.6s/6m00.0s

running (2m36.6s), 800/800 VUs, 153928 complete and 0 interrupted iterations
default   [  44% ] 800/800 VUs  2m36.6s/6m00.0s

running (2m37.6s), 800/800 VUs, 154911 complete and 0 interrupted iterations
default   [  44% ] 800/800 VUs  2m37.6s/6m00.0s

running (2m38.6s), 800/800 VUs, 155911 complete and 0 interrupted iterations
default   [  44% ] 800/800 VUs  2m38.6s/6m00.0s

running (2m39.6s), 800/800 VUs, 156911 complete and 0 interrupted iterations
default   [  44% ] 800/800 VUs  2m39.6s/6m00.0s

running (2m40.6s), 800/800 VUs, 157911 complete and 0 interrupted iterations
default   [  45% ] 800/800 VUs  2m40.6s/6m00.0s

running (2m41.6s), 800/800 VUs, 158879 complete and 0 interrupted iterations
default   [  45% ] 800/800 VUs  2m41.6s/6m00.0s

running (2m42.6s), 800/800 VUs, 159861 complete and 0 interrupted iterations
default   [  45% ] 800/800 VUs  2m42.6s/6m00.0s

running (2m43.6s), 800/800 VUs, 160861 complete and 0 interrupted iterations
default   [  45% ] 800/800 VUs  2m43.6s/6m00.0s

running (2m44.6s), 800/800 VUs, 161861 complete and 0 interrupted iterations
default   [  46% ] 800/800 VUs  2m44.6s/6m00.0s

running (2m45.6s), 800/800 VUs, 162840 complete and 0 interrupted iterations
default   [  46% ] 800/800 VUs  2m45.6s/6m00.0s

running (2m46.6s), 800/800 VUs, 163811 complete and 0 interrupted iterations
default   [  46% ] 800/800 VUs  2m46.6s/6m00.0s

running (2m47.7s), 800/800 VUs, 164811 complete and 0 interrupted iterations
default   [  47% ] 800/800 VUs  2m47.7s/6m00.0s

running (2m48.6s), 800/800 VUs, 165811 complete and 0 interrupted iterations
default   [  47% ] 800/800 VUs  2m48.6s/6m00.0s

running (2m49.6s), 800/800 VUs, 166811 complete and 0 interrupted iterations
default   [  47% ] 800/800 VUs  2m49.6s/6m00.0s

running (2m50.6s), 800/800 VUs, 167777 complete and 0 interrupted iterations
default   [  47% ] 800/800 VUs  2m50.6s/6m00.0s

running (2m51.6s), 800/800 VUs, 168761 complete and 0 interrupted iterations
default   [  48% ] 800/800 VUs  2m51.6s/6m00.0s

running (2m52.6s), 800/800 VUs, 169761 complete and 0 interrupted iterations
default   [  48% ] 800/800 VUs  2m52.6s/6m00.0s

running (2m53.6s), 800/800 VUs, 170761 complete and 0 interrupted iterations
default   [  48% ] 800/800 VUs  2m53.6s/6m00.0s

running (2m54.6s), 800/800 VUs, 171742 complete and 0 interrupted iterations
default   [  49% ] 800/800 VUs  2m54.6s/6m00.0s

running (2m55.6s), 800/800 VUs, 172711 complete and 0 interrupted iterations
default   [  49% ] 800/800 VUs  2m55.6s/6m00.0s

running (2m56.6s), 800/800 VUs, 173711 complete and 0 interrupted iterations
default   [  49% ] 800/800 VUs  2m56.6s/6m00.0s

running (2m57.6s), 800/800 VUs, 174711 complete and 0 interrupted iterations
default   [  49% ] 800/800 VUs  2m57.6s/6m00.0s

running (2m58.6s), 800/800 VUs, 175711 complete and 0 interrupted iterations
default   [  50% ] 800/800 VUs  2m58.6s/6m00.0s

running (2m59.6s), 800/800 VUs, 176661 complete and 0 interrupted iterations
default   [  50% ] 800/800 VUs  2m59.6s/6m00.0s

running (3m00.6s), 800/800 VUs, 177661 complete and 0 interrupted iterations
default   [  50% ] 800/800 VUs  3m00.6s/6m00.0s

running (3m01.6s), 800/800 VUs, 178661 complete and 0 interrupted iterations
default   [  50% ] 800/800 VUs  3m01.6s/6m00.0s

running (3m02.6s), 800/800 VUs, 179642 complete and 0 interrupted iterations
default   [  51% ] 800/800 VUs  3m02.6s/6m00.0s

running (3m03.6s), 800/800 VUs, 180611 complete and 0 interrupted iterations
default   [  51% ] 800/800 VUs  3m03.6s/6m00.0s

running (3m04.6s), 800/800 VUs, 181611 complete and 0 interrupted iterations
default   [  51% ] 800/800 VUs  3m04.6s/6m00.0s

running (3m05.6s), 800/800 VUs, 182592 complete and 0 interrupted iterations
default   [  52% ] 800/800 VUs  3m05.6s/6m00.0s

running (3m06.6s), 800/800 VUs, 183561 complete and 0 interrupted iterations
default   [  52% ] 800/800 VUs  3m06.6s/6m00.0s

running (3m07.6s), 800/800 VUs, 184561 complete and 0 interrupted iterations
default   [  52% ] 800/800 VUs  3m07.6s/6m00.0s

running (3m08.6s), 800/800 VUs, 185530 complete and 0 interrupted iterations
default   [  52% ] 800/800 VUs  3m08.6s/6m00.0s

running (3m09.6s), 800/800 VUs, 186511 complete and 0 interrupted iterations
default   [  53% ] 800/800 VUs  3m09.6s/6m00.0s

running (3m10.6s), 800/800 VUs, 187511 complete and 0 interrupted iterations
default   [  53% ] 800/800 VUs  3m10.6s/6m00.0s

running (3m11.6s), 800/800 VUs, 188511 complete and 0 interrupted iterations
default   [  53% ] 800/800 VUs  3m11.6s/6m00.0s

running (3m12.6s), 800/800 VUs, 189486 complete and 0 interrupted iterations
default   [  54% ] 800/800 VUs  3m12.6s/6m00.0s

running (3m13.6s), 800/800 VUs, 190461 complete and 0 interrupted iterations
default   [  54% ] 800/800 VUs  3m13.6s/6m00.0s

running (3m14.6s), 800/800 VUs, 191461 complete and 0 interrupted iterations
default   [  54% ] 800/800 VUs  3m14.6s/6m00.0s

running (3m15.6s), 800/800 VUs, 192449 complete and 0 interrupted iterations
default   [  54% ] 800/800 VUs  3m15.6s/6m00.0s

running (3m16.6s), 800/800 VUs, 193411 complete and 0 interrupted iterations
default   [  55% ] 800/800 VUs  3m16.6s/6m00.0s

running (3m17.6s), 800/800 VUs, 194411 complete and 0 interrupted iterations
default   [  55% ] 800/800 VUs  3m17.6s/6m00.0s

running (3m18.6s), 800/800 VUs, 195411 complete and 0 interrupted iterations
default   [  55% ] 800/800 VUs  3m18.6s/6m00.0s

running (3m19.6s), 800/800 VUs, 196364 complete and 0 interrupted iterations
default   [  55% ] 800/800 VUs  3m19.6s/6m00.0s

running (3m20.6s), 800/800 VUs, 197361 complete and 0 interrupted iterations
default   [  56% ] 800/800 VUs  3m20.6s/6m00.0s

running (3m21.6s), 800/800 VUs, 198361 complete and 0 interrupted iterations
default   [  56% ] 800/800 VUs  3m21.6s/6m00.0s

running (3m22.6s), 800/800 VUs, 199361 complete and 0 interrupted iterations
default   [  56% ] 800/800 VUs  3m22.6s/6m00.0s

running (3m23.6s), 800/800 VUs, 200325 complete and 0 interrupted iterations
default   [  57% ] 800/800 VUs  3m23.6s/6m00.0s

running (3m24.6s), 800/800 VUs, 201311 complete and 0 interrupted iterations
default   [  57% ] 800/800 VUs  3m24.6s/6m00.0s

running (3m25.6s), 800/800 VUs, 202311 complete and 0 interrupted iterations
default   [  57% ] 800/800 VUs  3m25.6s/6m00.0s

running (3m26.6s), 800/800 VUs, 203311 complete and 0 interrupted iterations
default   [  57% ] 800/800 VUs  3m26.6s/6m00.0s

running (3m27.6s), 800/800 VUs, 204287 complete and 0 interrupted iterations
default   [  58% ] 800/800 VUs  3m27.6s/6m00.0s

running (3m28.6s), 800/800 VUs, 205269 complete and 0 interrupted iterations
default   [  58% ] 800/800 VUs  3m28.6s/6m00.0s

running (3m29.6s), 800/800 VUs, 206261 complete and 0 interrupted iterations
default   [  58% ] 800/800 VUs  3m29.6s/6m00.0s

running (3m30.6s), 800/800 VUs, 207261 complete and 0 interrupted iterations
default   [  59% ] 800/800 VUs  3m30.6s/6m00.0s

running (3m31.6s), 800/800 VUs, 208261 complete and 0 interrupted iterations
default   [  59% ] 800/800 VUs  3m31.6s/6m00.0s

running (3m32.6s), 800/800 VUs, 209250 complete and 0 interrupted iterations
default   [  59% ] 800/800 VUs  3m32.6s/6m00.0s

running (3m33.6s), 800/800 VUs, 210228 complete and 0 interrupted iterations
default   [  59% ] 800/800 VUs  3m33.6s/6m00.0s

running (3m34.6s), 800/800 VUs, 211211 complete and 0 interrupted iterations
default   [  60% ] 800/800 VUs  3m34.6s/6m00.0s

running (3m35.6s), 800/800 VUs, 212211 complete and 0 interrupted iterations
default   [  60% ] 800/800 VUs  3m35.6s/6m00.0s

running (3m36.6s), 800/800 VUs, 213211 complete and 0 interrupted iterations
default   [  60% ] 800/800 VUs  3m36.6s/6m00.0s

running (3m37.6s), 800/800 VUs, 214211 complete and 0 interrupted iterations
default   [  60% ] 800/800 VUs  3m37.6s/6m00.0s

running (3m38.6s), 800/800 VUs, 215187 complete and 0 interrupted iterations
default   [  61% ] 800/800 VUs  3m38.6s/6m00.0s

running (3m39.6s), 800/800 VUs, 216161 complete and 0 interrupted iterations
default   [  61% ] 800/800 VUs  3m39.6s/6m00.0s

running (3m40.6s), 800/800 VUs, 217161 complete and 0 interrupted iterations
default   [  61% ] 800/800 VUs  3m40.6s/6m00.0s

running (3m41.6s), 800/800 VUs, 218161 complete and 0 interrupted iterations
default   [  62% ] 800/800 VUs  3m41.6s/6m00.0s

running (3m42.6s), 800/800 VUs, 219156 complete and 0 interrupted iterations
default   [  62% ] 800/800 VUs  3m42.6s/6m00.0s

running (3m43.6s), 800/800 VUs, 220127 complete and 0 interrupted iterations
default   [  62% ] 800/800 VUs  3m43.6s/6m00.0s

running (3m44.6s), 800/800 VUs, 221111 complete and 0 interrupted iterations
default   [  62% ] 800/800 VUs  3m44.6s/6m00.0s

running (3m45.6s), 800/800 VUs, 222111 complete and 0 interrupted iterations
default   [  63% ] 800/800 VUs  3m45.6s/6m00.0s

running (3m46.6s), 800/800 VUs, 223111 complete and 0 interrupted iterations
default   [  63% ] 800/800 VUs  3m46.6s/6m00.0s

running (3m47.6s), 800/800 VUs, 224061 complete and 0 interrupted iterations
default   [  63% ] 800/800 VUs  3m47.6s/6m00.0s

running (3m48.6s), 800/800 VUs, 225061 complete and 0 interrupted iterations
default   [  64% ] 800/800 VUs  3m48.6s/6m00.0s

running (3m49.6s), 800/800 VUs, 226061 complete and 0 interrupted iterations
default   [  64% ] 800/800 VUs  3m49.6s/6m00.0s

running (3m50.6s), 800/800 VUs, 227011 complete and 0 interrupted iterations
default   [  64% ] 800/800 VUs  3m50.6s/6m00.0s

running (3m51.6s), 800/800 VUs, 228011 complete and 0 interrupted iterations
default   [  64% ] 800/800 VUs  3m51.6s/6m00.0s

running (3m52.6s), 800/800 VUs, 229011 complete and 0 interrupted iterations
default   [  65% ] 800/800 VUs  3m52.6s/6m00.0s

running (3m53.6s), 800/800 VUs, 229961 complete and 0 interrupted iterations
default   [  65% ] 800/800 VUs  3m53.6s/6m00.0s

running (3m54.6s), 800/800 VUs, 230961 complete and 0 interrupted iterations
default   [  65% ] 800/800 VUs  3m54.6s/6m00.0s

running (3m55.6s), 800/800 VUs, 231951 complete and 0 interrupted iterations
default   [  65% ] 800/800 VUs  3m55.6s/6m00.0s

running (3m56.6s), 800/800 VUs, 232911 complete and 0 interrupted iterations
default   [  66% ] 800/800 VUs  3m56.6s/6m00.0s

running (3m57.6s), 800/800 VUs, 233897 complete and 0 interrupted iterations
default   [  66% ] 800/800 VUs  3m57.6s/6m00.0s

running (3m58.6s), 800/800 VUs, 234868 complete and 0 interrupted iterations
default   [  66% ] 800/800 VUs  3m58.6s/6m00.0s

running (3m59.6s), 800/800 VUs, 235861 complete and 0 interrupted iterations
default   [  67% ] 800/800 VUs  3m59.6s/6m00.0s

running (4m00.6s), 800/800 VUs, 236861 complete and 0 interrupted iterations
default   [  67% ] 800/800 VUs  4m00.6s/6m00.0s

running (4m01.6s), 800/800 VUs, 237833 complete and 0 interrupted iterations
default   [  67% ] 800/800 VUs  4m01.6s/6m00.0s

running (4m02.6s), 800/800 VUs, 238811 complete and 0 interrupted iterations
default   [  67% ] 800/800 VUs  4m02.6s/6m00.0s

running (4m03.6s), 800/800 VUs, 239811 complete and 0 interrupted iterations
default   [  68% ] 800/800 VUs  4m03.6s/6m00.0s

running (4m04.6s), 800/800 VUs, 240761 complete and 0 interrupted iterations
default   [  68% ] 800/800 VUs  4m04.6s/6m00.0s

running (4m05.6s), 800/800 VUs, 241761 complete and 0 interrupted iterations
default   [  68% ] 800/800 VUs  4m05.6s/6m00.0s

running (4m06.6s), 800/800 VUs, 242761 complete and 0 interrupted iterations
default   [  69% ] 800/800 VUs  4m06.6s/6m00.0s

running (4m07.6s), 800/800 VUs, 243711 complete and 0 interrupted iterations
default   [  69% ] 800/800 VUs  4m07.6s/6m00.0s

running (4m08.6s), 800/800 VUs, 244711 complete and 0 interrupted iterations
default   [  69% ] 800/800 VUs  4m08.6s/6m00.0s

running (4m09.6s), 800/800 VUs, 245711 complete and 0 interrupted iterations
default   [  69% ] 800/800 VUs  4m09.6s/6m00.0s

running (4m10.6s), 800/800 VUs, 246699 complete and 0 interrupted iterations
default   [  70% ] 800/800 VUs  4m10.6s/6m00.0s

running (4m11.7s), 800/800 VUs, 247706 complete and 0 interrupted iterations
default   [  70% ] 800/800 VUs  4m11.7s/6m00.0s

running (4m12.6s), 800/800 VUs, 248661 complete and 0 interrupted iterations
default   [  70% ] 800/800 VUs  4m12.6s/6m00.0s

running (4m13.6s), 800/800 VUs, 249661 complete and 0 interrupted iterations
default   [  70% ] 800/800 VUs  4m13.6s/6m00.0s

running (4m14.6s), 800/800 VUs, 250611 complete and 0 interrupted iterations
default   [  71% ] 800/800 VUs  4m14.6s/6m00.0s

running (4m15.6s), 800/800 VUs, 251611 complete and 0 interrupted iterations
default   [  71% ] 800/800 VUs  4m15.6s/6m00.0s

running (4m16.6s), 800/800 VUs, 252611 complete and 0 interrupted iterations
default   [  71% ] 800/800 VUs  4m16.6s/6m00.0s

running (4m17.6s), 800/800 VUs, 253561 complete and 0 interrupted iterations
default   [  72% ] 800/800 VUs  4m17.6s/6m00.0s

running (4m18.6s), 800/800 VUs, 254561 complete and 0 interrupted iterations
default   [  72% ] 800/800 VUs  4m18.6s/6m00.0s

running (4m19.6s), 800/800 VUs, 255561 complete and 0 interrupted iterations
default   [  72% ] 800/800 VUs  4m19.6s/6m00.0s

running (4m20.6s), 800/800 VUs, 256545 complete and 0 interrupted iterations
default   [  72% ] 800/800 VUs  4m20.6s/6m00.0s

running (4m21.6s), 800/800 VUs, 257511 complete and 0 interrupted iterations
default   [  73% ] 800/800 VUs  4m21.6s/6m00.0s

running (4m22.6s), 800/800 VUs, 258511 complete and 0 interrupted iterations
default   [  73% ] 800/800 VUs  4m22.6s/6m00.0s

running (4m23.6s), 800/800 VUs, 259511 complete and 0 interrupted iterations
default   [  73% ] 800/800 VUs  4m23.6s/6m00.0s

running (4m24.6s), 800/800 VUs, 260507 complete and 0 interrupted iterations
default   [  74% ] 800/800 VUs  4m24.6s/6m00.0s

running (4m25.6s), 800/800 VUs, 261461 complete and 0 interrupted iterations
default   [  74% ] 800/800 VUs  4m25.6s/6m00.0s

running (4m26.6s), 800/800 VUs, 262461 complete and 0 interrupted iterations
default   [  74% ] 800/800 VUs  4m26.6s/6m00.0s

running (4m27.6s), 800/800 VUs, 263461 complete and 0 interrupted iterations
default   [  74% ] 800/800 VUs  4m27.6s/6m00.0s

running (4m28.6s), 800/800 VUs, 264441 complete and 0 interrupted iterations
default   [  75% ] 800/800 VUs  4m28.6s/6m00.0s

running (4m29.6s), 800/800 VUs, 265421 complete and 0 interrupted iterations
default   [  75% ] 800/800 VUs  4m29.6s/6m00.0s

running (4m30.6s), 800/800 VUs, 266411 complete and 0 interrupted iterations
default   [  75% ] 800/800 VUs  4m30.6s/6m00.0s

running (4m31.6s), 800/800 VUs, 267411 complete and 0 interrupted iterations
default   [  75% ] 800/800 VUs  4m31.6s/6m00.0s

running (4m32.6s), 800/800 VUs, 268411 complete and 0 interrupted iterations
default   [  76% ] 800/800 VUs  4m32.6s/6m00.0s

running (4m33.6s), 800/800 VUs, 269404 complete and 0 interrupted iterations
default   [  76% ] 800/800 VUs  4m33.6s/6m00.0s

running (4m34.6s), 800/800 VUs, 270361 complete and 0 interrupted iterations
default   [  76% ] 800/800 VUs  4m34.6s/6m00.0s

running (4m35.6s), 800/800 VUs, 271361 complete and 0 interrupted iterations
default   [  77% ] 800/800 VUs  4m35.6s/6m00.0s

running (4m36.6s), 800/800 VUs, 272361 complete and 0 interrupted iterations
default   [  77% ] 800/800 VUs  4m36.6s/6m00.0s

running (4m37.6s), 800/800 VUs, 273361 complete and 0 interrupted iterations
default   [  77% ] 800/800 VUs  4m37.6s/6m00.0s

running (4m38.6s), 800/800 VUs, 274355 complete and 0 interrupted iterations
default   [  77% ] 800/800 VUs  4m38.6s/6m00.0s

running (4m39.6s), 800/800 VUs, 275326 complete and 0 interrupted iterations
default   [  78% ] 800/800 VUs  4m39.6s/6m00.0s

running (4m40.6s), 800/800 VUs, 276311 complete and 0 interrupted iterations
default   [  78% ] 800/800 VUs  4m40.6s/6m00.0s

running (4m41.6s), 800/800 VUs, 277311 complete and 0 interrupted iterations
default   [  78% ] 800/800 VUs  4m41.6s/6m00.0s

running (4m42.6s), 800/800 VUs, 278311 complete and 0 interrupted iterations
default   [  79% ] 800/800 VUs  4m42.6s/6m00.0s

running (4m43.6s), 800/800 VUs, 279311 complete and 0 interrupted iterations
default   [  79% ] 800/800 VUs  4m43.6s/6m00.0s

running (4m44.6s), 800/800 VUs, 280261 complete and 0 interrupted iterations
default   [  79% ] 800/800 VUs  4m44.6s/6m00.0s

running (4m45.6s), 800/800 VUs, 281261 complete and 0 interrupted iterations
default   [  79% ] 800/800 VUs  4m45.6s/6m00.0s

running (4m46.6s), 800/800 VUs, 282261 complete and 0 interrupted iterations
default   [  80% ] 800/800 VUs  4m46.6s/6m00.0s

running (4m47.6s), 800/800 VUs, 283261 complete and 0 interrupted iterations
default   [  80% ] 800/800 VUs  4m47.6s/6m00.0s

running (4m48.6s), 800/800 VUs, 284253 complete and 0 interrupted iterations
default   [  80% ] 800/800 VUs  4m48.6s/6m00.0s

running (4m49.6s), 800/800 VUs, 285218 complete and 0 interrupted iterations
default   [  80% ] 800/800 VUs  4m49.6s/6m00.0s

running (4m50.6s), 800/800 VUs, 286211 complete and 0 interrupted iterations
default   [  81% ] 800/800 VUs  4m50.6s/6m00.0s

running (4m51.6s), 800/800 VUs, 287211 complete and 0 interrupted iterations
default   [  81% ] 800/800 VUs  4m51.6s/6m00.0s

running (4m52.6s), 800/800 VUs, 288211 complete and 0 interrupted iterations
default   [  81% ] 800/800 VUs  4m52.6s/6m00.0s

running (4m53.6s), 800/800 VUs, 289207 complete and 0 interrupted iterations
default   [  82% ] 800/800 VUs  4m53.6s/6m00.0s

running (4m54.6s), 800/800 VUs, 290163 complete and 0 interrupted iterations
default   [  82% ] 800/800 VUs  4m54.6s/6m00.0s

running (4m55.6s), 800/800 VUs, 291161 complete and 0 interrupted iterations
default   [  82% ] 800/800 VUs  4m55.6s/6m00.0s

running (4m56.6s), 800/800 VUs, 292161 complete and 0 interrupted iterations
default   [  82% ] 800/800 VUs  4m56.6s/6m00.0s

running (4m57.6s), 800/800 VUs, 293161 complete and 0 interrupted iterations
default   [  83% ] 800/800 VUs  4m57.6s/6m00.0s

running (4m58.6s), 800/800 VUs, 294160 complete and 0 interrupted iterations
default   [  83% ] 800/800 VUs  4m58.6s/6m00.0s

running (4m59.6s), 800/800 VUs, 295125 complete and 0 interrupted iterations
default   [  83% ] 800/800 VUs  4m59.6s/6m00.0s

running (5m00.6s), 800/800 VUs, 296111 complete and 0 interrupted iterations
default   [  84% ] 800/800 VUs  5m00.6s/6m00.0s

running (5m01.6s), 800/800 VUs, 297111 complete and 0 interrupted iterations
default   [  84% ] 800/800 VUs  5m01.6s/6m00.0s

running (5m02.6s), 800/800 VUs, 298111 complete and 0 interrupted iterations
default   [  84% ] 800/800 VUs  5m02.6s/6m00.0s

running (5m03.6s), 800/800 VUs, 299096 complete and 0 interrupted iterations
default   [  84% ] 800/800 VUs  5m03.6s/6m00.0s

running (5m04.6s), 800/800 VUs, 300061 complete and 0 interrupted iterations
default   [  85% ] 800/800 VUs  5m04.6s/6m00.0s

running (5m05.6s), 800/800 VUs, 301061 complete and 0 interrupted iterations
default   [  85% ] 800/800 VUs  5m05.6s/6m00.0s

running (5m06.6s), 800/800 VUs, 302061 complete and 0 interrupted iterations
default   [  85% ] 800/800 VUs  5m06.6s/6m00.0s

running (5m07.6s), 800/800 VUs, 303061 complete and 0 interrupted iterations
default   [  85% ] 800/800 VUs  5m07.6s/6m00.0s

running (5m08.6s), 800/800 VUs, 304044 complete and 0 interrupted iterations
default   [  86% ] 800/800 VUs  5m08.6s/6m00.0s

running (5m09.6s), 800/800 VUs, 305011 complete and 0 interrupted iterations
default   [  86% ] 800/800 VUs  5m09.6s/6m00.0s

running (5m10.6s), 800/800 VUs, 306011 complete and 0 interrupted iterations
default   [  86% ] 800/800 VUs  5m10.6s/6m00.0s

running (5m11.6s), 800/800 VUs, 307011 complete and 0 interrupted iterations
default   [  87% ] 800/800 VUs  5m11.6s/6m00.0s

running (5m12.6s), 800/800 VUs, 308011 complete and 0 interrupted iterations
default   [  87% ] 800/800 VUs  5m12.6s/6m00.0s

running (5m13.6s), 800/800 VUs, 309002 complete and 0 interrupted iterations
default   [  87% ] 800/800 VUs  5m13.6s/6m00.0s

running (5m14.6s), 800/800 VUs, 309961 complete and 0 interrupted iterations
default   [  87% ] 800/800 VUs  5m14.6s/6m00.0s

running (5m15.6s), 800/800 VUs, 310961 complete and 0 interrupted iterations
default   [  88% ] 800/800 VUs  5m15.6s/6m00.0s

running (5m16.6s), 800/800 VUs, 311938 complete and 0 interrupted iterations
default   [  88% ] 800/800 VUs  5m16.6s/6m00.0s

running (5m17.6s), 800/800 VUs, 312911 complete and 0 interrupted iterations
default   [  88% ] 800/800 VUs  5m17.6s/6m00.0s

running (5m18.6s), 800/800 VUs, 313911 complete and 0 interrupted iterations
default   [  89% ] 800/800 VUs  5m18.6s/6m00.0s

running (5m19.6s), 800/800 VUs, 314911 complete and 0 interrupted iterations
default   [  89% ] 800/800 VUs  5m19.6s/6m00.0s

running (5m20.6s), 800/800 VUs, 315861 complete and 0 interrupted iterations
default   [  89% ] 800/800 VUs  5m20.6s/6m00.0s

running (5m21.6s), 800/800 VUs, 316861 complete and 0 interrupted iterations
default   [  89% ] 800/800 VUs  5m21.6s/6m00.0s

running (5m22.6s), 800/800 VUs, 317861 complete and 0 interrupted iterations
default   [  90% ] 800/800 VUs  5m22.6s/6m00.0s

running (5m23.6s), 800/800 VUs, 318811 complete and 0 interrupted iterations
default   [  90% ] 800/800 VUs  5m23.6s/6m00.0s

running (5m24.6s), 800/800 VUs, 319811 complete and 0 interrupted iterations
default   [  90% ] 800/800 VUs  5m24.6s/6m00.0s

running (5m25.6s), 800/800 VUs, 320811 complete and 0 interrupted iterations
default   [  90% ] 800/800 VUs  5m25.6s/6m00.0s

running (5m26.6s), 800/800 VUs, 321792 complete and 0 interrupted iterations
default   [  91% ] 800/800 VUs  5m26.6s/6m00.0s

running (5m27.6s), 800/800 VUs, 322761 complete and 0 interrupted iterations
default   [  91% ] 800/800 VUs  5m27.6s/6m00.0s

running (5m28.6s), 800/800 VUs, 323761 complete and 0 interrupted iterations
default   [  91% ] 800/800 VUs  5m28.6s/6m00.0s

running (5m29.6s), 800/800 VUs, 324761 complete and 0 interrupted iterations
default   [  92% ] 800/800 VUs  5m29.6s/6m00.0s

running (5m30.6s), 793/800 VUs, 325748 complete and 0 interrupted iterations
default   [  92% ] 793/800 VUs  5m30.6s/6m00.0s

running (5m31.6s), 768/800 VUs, 326711 complete and 0 interrupted iterations
default   [  92% ] 768/800 VUs  5m31.6s/6m00.0s

running (5m32.6s), 739/800 VUs, 327711 complete and 0 interrupted iterations
default   [  92% ] 739/800 VUs  5m32.6s/6m00.0s

running (5m33.6s), 712/800 VUs, 328711 complete and 0 interrupted iterations
default   [  93% ] 712/800 VUs  5m33.6s/6m00.0s

running (5m34.6s), 687/800 VUs, 329661 complete and 0 interrupted iterations
default   [  93% ] 687/800 VUs  5m34.6s/6m00.0s

running (5m35.6s), 660/800 VUs, 330661 complete and 0 interrupted iterations
default   [  93% ] 660/800 VUs  5m35.6s/6m00.0s

running (5m36.6s), 630/800 VUs, 331661 complete and 0 interrupted iterations
default   [  94% ] 630/800 VUs  5m36.6s/6m00.0s

running (5m37.6s), 606/800 VUs, 332661 complete and 0 interrupted iterations
default   [  94% ] 606/800 VUs  5m37.6s/6m00.0s

running (5m38.6s), 581/800 VUs, 333661 complete and 0 interrupted iterations
default   [  94% ] 581/800 VUs  5m38.6s/6m00.0s

running (5m39.7s), 549/800 VUs, 334653 complete and 0 interrupted iterations
default   [  94% ] 549/800 VUs  5m39.7s/6m00.0s

running (5m40.6s), 522/800 VUs, 335611 complete and 0 interrupted iterations
default   [  95% ] 522/800 VUs  5m40.6s/6m00.0s

running (5m41.6s), 495/800 VUs, 336611 complete and 0 interrupted iterations
default   [  95% ] 495/800 VUs  5m41.6s/6m00.0s

running (5m42.6s), 472/800 VUs, 337611 complete and 0 interrupted iterations
default   [  95% ] 472/800 VUs  5m42.6s/6m00.0s

running (5m43.6s), 442/800 VUs, 338596 complete and 0 interrupted iterations
default   [  95% ] 442/800 VUs  5m43.6s/6m00.0s

running (5m44.6s), 417/800 VUs, 339561 complete and 0 interrupted iterations
default   [  96% ] 417/800 VUs  5m44.6s/6m00.0s

running (5m45.6s), 391/800 VUs, 340561 complete and 0 interrupted iterations
default   [  96% ] 391/800 VUs  5m45.6s/6m00.0s

running (5m46.6s), 361/800 VUs, 341561 complete and 0 interrupted iterations
default   [  96% ] 361/800 VUs  5m46.6s/6m00.0s

running (5m47.6s), 334/800 VUs, 342550 complete and 0 interrupted iterations
default   [  97% ] 334/800 VUs  5m47.6s/6m00.0s

running (5m48.6s), 308/800 VUs, 343511 complete and 0 interrupted iterations
default   [  97% ] 308/800 VUs  5m48.6s/6m00.0s

running (5m49.6s), 283/800 VUs, 344511 complete and 0 interrupted iterations
default   [  97% ] 283/800 VUs  5m49.6s/6m00.0s

running (5m50.6s), 254/800 VUs, 345511 complete and 0 interrupted iterations
default   [  97% ] 254/800 VUs  5m50.6s/6m00.0s

running (5m51.6s), 228/800 VUs, 346511 complete and 0 interrupted iterations
default   [  98% ] 228/800 VUs  5m51.6s/6m00.0s

running (5m52.6s), 200/800 VUs, 347490 complete and 0 interrupted iterations
default   [  98% ] 200/800 VUs  5m52.6s/6m00.0s

running (5m53.6s), 172/800 VUs, 348461 complete and 0 interrupted iterations
default   [  98% ] 172/800 VUs  5m53.6s/6m00.0s

running (5m54.6s), 146/800 VUs, 349461 complete and 0 interrupted iterations
default   [  99% ] 146/800 VUs  5m54.6s/6m00.0s

running (5m55.7s), 118/800 VUs, 350461 complete and 0 interrupted iterations
default   [  99% ] 118/800 VUs  5m55.7s/6m00.0s

running (5m56.6s), 091/800 VUs, 351447 complete and 0 interrupted iterations
default   [  99% ] 091/800 VUs  5m56.6s/6m00.0s

running (5m57.6s), 064/800 VUs, 352411 complete and 0 interrupted iterations
default   [  99% ] 064/800 VUs  5m57.6s/6m00.0s

running (5m58.6s), 037/800 VUs, 353359 complete and 0 interrupted iterations
default   [ 100% ] 037/800 VUs  5m58.6s/6m00.0s

running (5m59.6s), 010/800 VUs, 353848 complete and 0 interrupted iterations
default   [ 100% ] 010/800 VUs  5m59.6s/6m00.0s


  █ THRESHOLDS 

    checks
    ✓ 'rate>0.95' rate=100.00%

    http_req_duration
    ✓ 'p(95)<5000' p(95)=966.81ms
    ✓ 'p(99)<10000' p(99)=1.26s

    http_req_failed
    ✓ 'rate<0.05' rate=0.00%


  █ TOTAL RESULTS 

    checks_total.......: 1415568 3931.656536/s
    checks_succeeded...: 100.00% 1415568 out of 1415568
    checks_failed......: 0.00%   0 out of 1415568

    ✓ status is 200
    ✓ content-type is json
    ✓ workloadType is IO-BOUND
    ✓ executionTimeMs exists

    CUSTOM
    response_time_ms...............: min=50.545049 avg=746.359943 med=807.491753 max=2340.64515 p(90)=960.875884 p(95)=966.818248 p(99)=1262.588732
    successful_requests............: 353892 982.914134/s

    HTTP
    http_req_duration..............: min=50.54ms   avg=746.35ms   med=807.49ms   max=2.34s      p(90)=960.87ms   p(95)=966.81ms   p(99)=1.26s      
      { expected_response:true }...: min=50.54ms   avg=746.35ms   med=807.49ms   max=2.34s      p(90)=960.87ms   p(95)=966.81ms   p(99)=1.26s      
    http_req_failed................: 0.00%  0 out of 353892
    http_reqs......................: 353892 982.914134/s

    EXECUTION
    iteration_duration.............: min=50.65ms   avg=746.52ms   med=807.64ms   max=2.34s      p(90)=961.03ms   p(95)=966.99ms   p(99)=1.26s      
    iterations.....................: 353892 982.914134/s
    vus............................: 10     min=10          max=800
    vus_max........................: 800    min=800         max=800

    NETWORK
    data_received..................: 98 MB  273 kB/s
    data_sent......................: 28 MB  78 kB/s




running (6m00.0s), 000/800 VUs, 353892 complete and 0 interrupted iterations
default ✓ [ 100% ] 000/800 VUs  6m0s
