
         /\      Grafana   /‾‾/  
    /\  /  \     |\  __   /  /   
   /  \/    \    | |/ /  /   ‾‾\ 
  /          \   |   (  |  (‾)  |
 / __________ \  |_|\_\  \_____/ 


     execution: local
        script: io-bound-test.js
        output: -

     scenarios: (100.00%) 1 scenario, 500 max VUs, 6m30s max duration (incl. graceful stop):
              * default: Up to 500 looping VUs for 6m0s over 3 stages (gracefulRampDown: 30s, gracefulStop: 30s)


running (0m00.8s), 014/500 VUs, 102 complete and 0 interrupted iterations
default   [   0% ] 014/500 VUs  0m00.8s/6m00.0s

running (0m01.8s), 030/500 VUs, 521 complete and 0 interrupted iterations
default   [   0% ] 030/500 VUs  0m01.8s/6m00.0s

running (0m02.8s), 047/500 VUs, 1271 complete and 0 interrupted iterations
default   [   1% ] 047/500 VUs  0m02.8s/6m00.0s

running (0m03.8s), 063/500 VUs, 2252 complete and 0 interrupted iterations
default   [   1% ] 063/500 VUs  0m03.8s/6m00.0s

running (0m04.8s), 080/500 VUs, 3243 complete and 0 interrupted iterations
default   [   1% ] 080/500 VUs  0m04.8s/6m00.0s

running (0m05.8s), 097/500 VUs, 4234 complete and 0 interrupted iterations
default   [   2% ] 097/500 VUs  0m05.8s/6m00.0s

running (0m06.8s), 113/500 VUs, 5222 complete and 0 interrupted iterations
default   [   2% ] 113/500 VUs  0m06.8s/6m00.0s

running (0m07.8s), 130/500 VUs, 6204 complete and 0 interrupted iterations
default   [   2% ] 130/500 VUs  0m07.8s/6m00.0s

running (0m08.8s), 147/500 VUs, 7204 complete and 0 interrupted iterations
default   [   2% ] 147/500 VUs  0m08.8s/6m00.0s

running (0m09.8s), 163/500 VUs, 8184 complete and 0 interrupted iterations
default   [   3% ] 163/500 VUs  0m09.8s/6m00.0s

running (0m10.8s), 180/500 VUs, 9154 complete and 0 interrupted iterations
default   [   3% ] 180/500 VUs  0m10.8s/6m00.0s

running (0m11.8s), 197/500 VUs, 10154 complete and 0 interrupted iterations
default   [   3% ] 197/500 VUs  0m11.8s/6m00.0s

running (0m12.8s), 213/500 VUs, 11154 complete and 0 interrupted iterations
default   [   4% ] 213/500 VUs  0m12.8s/6m00.0s

running (0m13.8s), 230/500 VUs, 12104 complete and 0 interrupted iterations
default   [   4% ] 230/500 VUs  0m13.8s/6m00.0s

running (0m14.8s), 246/500 VUs, 13104 complete and 0 interrupted iterations
default   [   4% ] 246/500 VUs  0m14.8s/6m00.0s

running (0m15.8s), 263/500 VUs, 14104 complete and 0 interrupted iterations
default   [   4% ] 263/500 VUs  0m15.8s/6m00.0s

running (0m16.8s), 280/500 VUs, 15054 complete and 0 interrupted iterations
default   [   5% ] 280/500 VUs  0m16.8s/6m00.0s

running (0m17.8s), 296/500 VUs, 16054 complete and 0 interrupted iterations
default   [   5% ] 296/500 VUs  0m17.8s/6m00.0s

running (0m18.8s), 313/500 VUs, 17054 complete and 0 interrupted iterations
default   [   5% ] 313/500 VUs  0m18.8s/6m00.0s

running (0m19.8s), 330/500 VUs, 18004 complete and 0 interrupted iterations
default   [   5% ] 330/500 VUs  0m19.8s/6m00.0s

running (0m20.8s), 346/500 VUs, 19004 complete and 0 interrupted iterations
default   [   6% ] 346/500 VUs  0m20.8s/6m00.0s

running (0m21.8s), 363/500 VUs, 20004 complete and 0 interrupted iterations
default   [   6% ] 363/500 VUs  0m21.8s/6m00.0s

running (0m22.8s), 380/500 VUs, 21001 complete and 0 interrupted iterations
default   [   6% ] 380/500 VUs  0m22.8s/6m00.0s

running (0m23.8s), 396/500 VUs, 21954 complete and 0 interrupted iterations
default   [   7% ] 396/500 VUs  0m23.8s/6m00.0s

running (0m24.8s), 413/500 VUs, 22954 complete and 0 interrupted iterations
default   [   7% ] 413/500 VUs  0m24.8s/6m00.0s

running (0m25.8s), 429/500 VUs, 23954 complete and 0 interrupted iterations
default   [   7% ] 429/500 VUs  0m25.8s/6m00.0s

running (0m26.8s), 446/500 VUs, 24904 complete and 0 interrupted iterations
default   [   7% ] 446/500 VUs  0m26.8s/6m00.0s

running (0m27.8s), 463/500 VUs, 25904 complete and 0 interrupted iterations
default   [   8% ] 463/500 VUs  0m27.8s/6m00.0s

running (0m28.8s), 479/500 VUs, 26904 complete and 0 interrupted iterations
default   [   8% ] 479/500 VUs  0m28.8s/6m00.0s

running (0m29.8s), 496/500 VUs, 27856 complete and 0 interrupted iterations
default   [   8% ] 496/500 VUs  0m29.8s/6m00.0s

running (0m30.8s), 500/500 VUs, 28854 complete and 0 interrupted iterations
default   [   9% ] 500/500 VUs  0m30.8s/6m00.0s

running (0m31.8s), 500/500 VUs, 29854 complete and 0 interrupted iterations
default   [   9% ] 500/500 VUs  0m31.8s/6m00.0s

running (0m32.8s), 500/500 VUs, 30827 complete and 0 interrupted iterations
default   [   9% ] 500/500 VUs  0m32.8s/6m00.0s

running (0m33.8s), 500/500 VUs, 31804 complete and 0 interrupted iterations
default   [   9% ] 500/500 VUs  0m33.8s/6m00.0s

running (0m34.8s), 500/500 VUs, 32804 complete and 0 interrupted iterations
default   [  10% ] 500/500 VUs  0m34.8s/6m00.0s

running (0m35.8s), 500/500 VUs, 33789 complete and 0 interrupted iterations
default   [  10% ] 500/500 VUs  0m35.8s/6m00.0s

running (0m36.8s), 500/500 VUs, 34754 complete and 0 interrupted iterations
default   [  10% ] 500/500 VUs  0m36.8s/6m00.0s

running (0m37.8s), 500/500 VUs, 35754 complete and 0 interrupted iterations
default   [  10% ] 500/500 VUs  0m37.8s/6m00.0s

running (0m38.8s), 500/500 VUs, 36746 complete and 0 interrupted iterations
default   [  11% ] 500/500 VUs  0m38.8s/6m00.0s

running (0m39.8s), 500/500 VUs, 37704 complete and 0 interrupted iterations
default   [  11% ] 500/500 VUs  0m39.8s/6m00.0s

running (0m40.8s), 500/500 VUs, 38704 complete and 0 interrupted iterations
default   [  11% ] 500/500 VUs  0m40.8s/6m00.0s

running (0m41.8s), 500/500 VUs, 39695 complete and 0 interrupted iterations
default   [  12% ] 500/500 VUs  0m41.8s/6m00.0s

running (0m42.8s), 500/500 VUs, 40654 complete and 0 interrupted iterations
default   [  12% ] 500/500 VUs  0m42.8s/6m00.0s

running (0m43.8s), 500/500 VUs, 41654 complete and 0 interrupted iterations
default   [  12% ] 500/500 VUs  0m43.8s/6m00.0s

running (0m44.8s), 500/500 VUs, 42654 complete and 0 interrupted iterations
default   [  12% ] 500/500 VUs  0m44.8s/6m00.0s

running (0m45.8s), 500/500 VUs, 43604 complete and 0 interrupted iterations
default   [  13% ] 500/500 VUs  0m45.8s/6m00.0s

running (0m46.8s), 500/500 VUs, 44604 complete and 0 interrupted iterations
default   [  13% ] 500/500 VUs  0m46.8s/6m00.0s

running (0m47.8s), 500/500 VUs, 45602 complete and 0 interrupted iterations
default   [  13% ] 500/500 VUs  0m47.8s/6m00.0s

running (0m48.8s), 500/500 VUs, 46556 complete and 0 interrupted iterations
default   [  14% ] 500/500 VUs  0m48.8s/6m00.0s

running (0m49.8s), 500/500 VUs, 47554 complete and 0 interrupted iterations
default   [  14% ] 500/500 VUs  0m49.8s/6m00.0s

running (0m50.8s), 500/500 VUs, 48554 complete and 0 interrupted iterations
default   [  14% ] 500/500 VUs  0m50.8s/6m00.0s

running (0m51.8s), 500/500 VUs, 49522 complete and 0 interrupted iterations
default   [  14% ] 500/500 VUs  0m51.8s/6m00.0s

running (0m52.8s), 500/500 VUs, 50504 complete and 0 interrupted iterations
default   [  15% ] 500/500 VUs  0m52.8s/6m00.0s

running (0m53.8s), 500/500 VUs, 51504 complete and 0 interrupted iterations
default   [  15% ] 500/500 VUs  0m53.8s/6m00.0s

running (0m54.8s), 500/500 VUs, 52470 complete and 0 interrupted iterations
default   [  15% ] 500/500 VUs  0m54.8s/6m00.0s

running (0m55.8s), 500/500 VUs, 53454 complete and 0 interrupted iterations
default   [  15% ] 500/500 VUs  0m55.8s/6m00.0s

running (0m56.8s), 500/500 VUs, 54454 complete and 0 interrupted iterations
default   [  16% ] 500/500 VUs  0m56.8s/6m00.0s

running (0m57.8s), 500/500 VUs, 55423 complete and 0 interrupted iterations
default   [  16% ] 500/500 VUs  0m57.8s/6m00.0s

running (0m58.8s), 500/500 VUs, 56404 complete and 0 interrupted iterations
default   [  16% ] 500/500 VUs  0m58.8s/6m00.0s

running (0m59.8s), 500/500 VUs, 57404 complete and 0 interrupted iterations
default   [  17% ] 500/500 VUs  0m59.8s/6m00.0s

running (1m00.8s), 500/500 VUs, 58404 complete and 0 interrupted iterations
default   [  17% ] 500/500 VUs  1m00.8s/6m00.0s

running (1m01.8s), 500/500 VUs, 59354 complete and 0 interrupted iterations
default   [  17% ] 500/500 VUs  1m01.8s/6m00.0s

running (1m02.8s), 500/500 VUs, 60354 complete and 0 interrupted iterations
default   [  17% ] 500/500 VUs  1m02.8s/6m00.0s

running (1m03.8s), 500/500 VUs, 61354 complete and 0 interrupted iterations
default   [  18% ] 500/500 VUs  1m03.8s/6m00.0s

running (1m04.8s), 500/500 VUs, 62304 complete and 0 interrupted iterations
default   [  18% ] 500/500 VUs  1m04.8s/6m00.0s

running (1m05.8s), 500/500 VUs, 63304 complete and 0 interrupted iterations
default   [  18% ] 500/500 VUs  1m05.8s/6m00.0s

running (1m06.8s), 500/500 VUs, 64304 complete and 0 interrupted iterations
default   [  19% ] 500/500 VUs  1m06.8s/6m00.0s

running (1m07.8s), 500/500 VUs, 65254 complete and 0 interrupted iterations
default   [  19% ] 500/500 VUs  1m07.8s/6m00.0s

running (1m08.8s), 500/500 VUs, 66254 complete and 0 interrupted iterations
default   [  19% ] 500/500 VUs  1m08.8s/6m00.0s

running (1m09.8s), 500/500 VUs, 67254 complete and 0 interrupted iterations
default   [  19% ] 500/500 VUs  1m09.8s/6m00.0s

running (1m10.8s), 500/500 VUs, 68204 complete and 0 interrupted iterations
default   [  20% ] 500/500 VUs  1m10.8s/6m00.0s

running (1m11.8s), 500/500 VUs, 69204 complete and 0 interrupted iterations
default   [  20% ] 500/500 VUs  1m11.8s/6m00.0s

running (1m12.8s), 500/500 VUs, 70199 complete and 0 interrupted iterations
default   [  20% ] 500/500 VUs  1m12.8s/6m00.0s

running (1m13.8s), 500/500 VUs, 71154 complete and 0 interrupted iterations
default   [  20% ] 500/500 VUs  1m13.8s/6m00.0s

running (1m14.8s), 500/500 VUs, 72154 complete and 0 interrupted iterations
default   [  21% ] 500/500 VUs  1m14.8s/6m00.0s

running (1m15.8s), 500/500 VUs, 73145 complete and 0 interrupted iterations
default   [  21% ] 500/500 VUs  1m15.8s/6m00.0s

running (1m16.8s), 500/500 VUs, 74104 complete and 0 interrupted iterations
default   [  21% ] 500/500 VUs  1m16.8s/6m00.0s

running (1m17.8s), 500/500 VUs, 75104 complete and 0 interrupted iterations
default   [  22% ] 500/500 VUs  1m17.8s/6m00.0s

running (1m18.8s), 500/500 VUs, 76093 complete and 0 interrupted iterations
default   [  22% ] 500/500 VUs  1m18.8s/6m00.0s

running (1m19.8s), 500/500 VUs, 77054 complete and 0 interrupted iterations
default   [  22% ] 500/500 VUs  1m19.8s/6m00.0s

running (1m20.8s), 500/500 VUs, 78054 complete and 0 interrupted iterations
default   [  22% ] 500/500 VUs  1m20.8s/6m00.0s

running (1m21.8s), 500/500 VUs, 79046 complete and 0 interrupted iterations
default   [  23% ] 500/500 VUs  1m21.8s/6m00.0s

running (1m22.8s), 500/500 VUs, 80004 complete and 0 interrupted iterations
default   [  23% ] 500/500 VUs  1m22.8s/6m00.0s

running (1m23.8s), 500/500 VUs, 81004 complete and 0 interrupted iterations
default   [  23% ] 500/500 VUs  1m23.8s/6m00.0s

running (1m24.8s), 500/500 VUs, 81991 complete and 0 interrupted iterations
default   [  24% ] 500/500 VUs  1m24.8s/6m00.0s

running (1m25.8s), 500/500 VUs, 82954 complete and 0 interrupted iterations
default   [  24% ] 500/500 VUs  1m25.8s/6m00.0s

running (1m26.8s), 500/500 VUs, 83954 complete and 0 interrupted iterations
default   [  24% ] 500/500 VUs  1m26.8s/6m00.0s

running (1m27.8s), 500/500 VUs, 84904 complete and 0 interrupted iterations
default   [  24% ] 500/500 VUs  1m27.8s/6m00.0s

running (1m28.8s), 500/500 VUs, 85904 complete and 0 interrupted iterations
default   [  25% ] 500/500 VUs  1m28.8s/6m00.0s

running (1m29.8s), 500/500 VUs, 86904 complete and 0 interrupted iterations
default   [  25% ] 500/500 VUs  1m29.8s/6m00.0s

running (1m30.8s), 500/500 VUs, 87854 complete and 0 interrupted iterations
default   [  25% ] 500/500 VUs  1m30.8s/6m00.0s

running (1m31.8s), 500/500 VUs, 88854 complete and 0 interrupted iterations
default   [  25% ] 500/500 VUs  1m31.8s/6m00.0s

running (1m32.8s), 500/500 VUs, 89854 complete and 0 interrupted iterations
default   [  26% ] 500/500 VUs  1m32.8s/6m00.0s

running (1m33.8s), 500/500 VUs, 90804 complete and 0 interrupted iterations
default   [  26% ] 500/500 VUs  1m33.8s/6m00.0s

running (1m34.8s), 500/500 VUs, 91804 complete and 0 interrupted iterations
default   [  26% ] 500/500 VUs  1m34.8s/6m00.0s

running (1m35.8s), 500/500 VUs, 92804 complete and 0 interrupted iterations
default   [  27% ] 500/500 VUs  1m35.8s/6m00.0s

running (1m36.8s), 500/500 VUs, 93754 complete and 0 interrupted iterations
default   [  27% ] 500/500 VUs  1m36.8s/6m00.0s

running (1m37.8s), 500/500 VUs, 94754 complete and 0 interrupted iterations
default   [  27% ] 500/500 VUs  1m37.8s/6m00.0s

running (1m38.8s), 500/500 VUs, 95754 complete and 0 interrupted iterations
default   [  27% ] 500/500 VUs  1m38.8s/6m00.0s

running (1m39.8s), 500/500 VUs, 96704 complete and 0 interrupted iterations
default   [  28% ] 500/500 VUs  1m39.8s/6m00.0s

running (1m40.8s), 500/500 VUs, 97704 complete and 0 interrupted iterations
default   [  28% ] 500/500 VUs  1m40.8s/6m00.0s

running (1m41.8s), 500/500 VUs, 98693 complete and 0 interrupted iterations
default   [  28% ] 500/500 VUs  1m41.8s/6m00.0s

running (1m42.8s), 500/500 VUs, 99654 complete and 0 interrupted iterations
default   [  29% ] 500/500 VUs  1m42.8s/6m00.0s

running (1m43.8s), 500/500 VUs, 100654 complete and 0 interrupted iterations
default   [  29% ] 500/500 VUs  1m43.8s/6m00.0s

running (1m44.8s), 500/500 VUs, 101641 complete and 0 interrupted iterations
default   [  29% ] 500/500 VUs  1m44.8s/6m00.0s

running (1m45.8s), 500/500 VUs, 102604 complete and 0 interrupted iterations
default   [  29% ] 500/500 VUs  1m45.8s/6m00.0s

running (1m46.8s), 500/500 VUs, 103604 complete and 0 interrupted iterations
default   [  30% ] 500/500 VUs  1m46.8s/6m00.0s

running (1m47.8s), 500/500 VUs, 104575 complete and 0 interrupted iterations
default   [  30% ] 500/500 VUs  1m47.8s/6m00.0s

running (1m48.8s), 500/500 VUs, 105554 complete and 0 interrupted iterations
default   [  30% ] 500/500 VUs  1m48.8s/6m00.0s

running (1m49.8s), 500/500 VUs, 106554 complete and 0 interrupted iterations
default   [  30% ] 500/500 VUs  1m49.8s/6m00.0s

running (1m50.8s), 500/500 VUs, 107541 complete and 0 interrupted iterations
default   [  31% ] 500/500 VUs  1m50.8s/6m00.0s

running (1m51.8s), 500/500 VUs, 108504 complete and 0 interrupted iterations
default   [  31% ] 500/500 VUs  1m51.8s/6m00.0s

running (1m52.8s), 500/500 VUs, 109503 complete and 0 interrupted iterations
default   [  31% ] 500/500 VUs  1m52.8s/6m00.0s

running (1m53.8s), 500/500 VUs, 110492 complete and 0 interrupted iterations
default   [  32% ] 500/500 VUs  1m53.8s/6m00.0s

running (1m54.8s), 500/500 VUs, 111454 complete and 0 interrupted iterations
default   [  32% ] 500/500 VUs  1m54.8s/6m00.0s

running (1m55.8s), 500/500 VUs, 112454 complete and 0 interrupted iterations
default   [  32% ] 500/500 VUs  1m55.8s/6m00.0s

running (1m56.8s), 500/500 VUs, 113427 complete and 0 interrupted iterations
default   [  32% ] 500/500 VUs  1m56.8s/6m00.0s

running (1m57.8s), 500/500 VUs, 114404 complete and 0 interrupted iterations
default   [  33% ] 500/500 VUs  1m57.8s/6m00.0s

running (1m58.8s), 500/500 VUs, 115404 complete and 0 interrupted iterations
default   [  33% ] 500/500 VUs  1m58.8s/6m00.0s

running (1m59.8s), 500/500 VUs, 116389 complete and 0 interrupted iterations
default   [  33% ] 500/500 VUs  1m59.8s/6m00.0s

running (2m00.8s), 500/500 VUs, 117354 complete and 0 interrupted iterations
default   [  34% ] 500/500 VUs  2m00.8s/6m00.0s

running (2m01.8s), 500/500 VUs, 118354 complete and 0 interrupted iterations
default   [  34% ] 500/500 VUs  2m01.8s/6m00.0s

running (2m02.8s), 500/500 VUs, 119321 complete and 0 interrupted iterations
default   [  34% ] 500/500 VUs  2m02.8s/6m00.0s

running (2m03.8s), 500/500 VUs, 120304 complete and 0 interrupted iterations
default   [  34% ] 500/500 VUs  2m03.8s/6m00.0s

running (2m04.8s), 500/500 VUs, 121304 complete and 0 interrupted iterations
default   [  35% ] 500/500 VUs  2m04.8s/6m00.0s

running (2m05.8s), 500/500 VUs, 122256 complete and 0 interrupted iterations
default   [  35% ] 500/500 VUs  2m05.8s/6m00.0s

running (2m06.8s), 500/500 VUs, 123254 complete and 0 interrupted iterations
default   [  35% ] 500/500 VUs  2m06.8s/6m00.0s

running (2m07.8s), 500/500 VUs, 124254 complete and 0 interrupted iterations
default   [  35% ] 500/500 VUs  2m07.8s/6m00.0s

running (2m08.8s), 500/500 VUs, 125204 complete and 0 interrupted iterations
default   [  36% ] 500/500 VUs  2m08.8s/6m00.0s

running (2m09.8s), 500/500 VUs, 126204 complete and 0 interrupted iterations
default   [  36% ] 500/500 VUs  2m09.8s/6m00.0s

running (2m10.8s), 500/500 VUs, 127204 complete and 0 interrupted iterations
default   [  36% ] 500/500 VUs  2m10.8s/6m00.0s

running (2m11.8s), 500/500 VUs, 128154 complete and 0 interrupted iterations
default   [  37% ] 500/500 VUs  2m11.8s/6m00.0s

running (2m12.8s), 500/500 VUs, 129154 complete and 0 interrupted iterations
default   [  37% ] 500/500 VUs  2m12.8s/6m00.0s

running (2m13.8s), 500/500 VUs, 130154 complete and 0 interrupted iterations
default   [  37% ] 500/500 VUs  2m13.8s/6m00.0s

running (2m14.8s), 500/500 VUs, 131104 complete and 0 interrupted iterations
default   [  37% ] 500/500 VUs  2m14.8s/6m00.0s

running (2m15.8s), 500/500 VUs, 132104 complete and 0 interrupted iterations
default   [  38% ] 500/500 VUs  2m15.8s/6m00.0s

running (2m16.8s), 500/500 VUs, 133104 complete and 0 interrupted iterations
default   [  38% ] 500/500 VUs  2m16.8s/6m00.0s

running (2m17.8s), 500/500 VUs, 134054 complete and 0 interrupted iterations
default   [  38% ] 500/500 VUs  2m17.8s/6m00.0s

running (2m18.8s), 500/500 VUs, 135054 complete and 0 interrupted iterations
default   [  39% ] 500/500 VUs  2m18.8s/6m00.0s

running (2m19.8s), 500/500 VUs, 136054 complete and 0 interrupted iterations
default   [  39% ] 500/500 VUs  2m19.8s/6m00.0s

running (2m20.8s), 500/500 VUs, 137004 complete and 0 interrupted iterations
default   [  39% ] 500/500 VUs  2m20.8s/6m00.0s

running (2m21.8s), 500/500 VUs, 138004 complete and 0 interrupted iterations
default   [  39% ] 500/500 VUs  2m21.8s/6m00.0s

running (2m22.8s), 500/500 VUs, 139004 complete and 0 interrupted iterations
default   [  40% ] 500/500 VUs  2m22.8s/6m00.0s

running (2m23.8s), 500/500 VUs, 139954 complete and 0 interrupted iterations
default   [  40% ] 500/500 VUs  2m23.8s/6m00.0s

running (2m24.8s), 500/500 VUs, 140954 complete and 0 interrupted iterations
default   [  40% ] 500/500 VUs  2m24.8s/6m00.0s

running (2m25.8s), 500/500 VUs, 141954 complete and 0 interrupted iterations
default   [  40% ] 500/500 VUs  2m25.8s/6m00.0s

running (2m26.8s), 500/500 VUs, 142904 complete and 0 interrupted iterations
default   [  41% ] 500/500 VUs  2m26.8s/6m00.0s

running (2m27.8s), 500/500 VUs, 143904 complete and 0 interrupted iterations
default   [  41% ] 500/500 VUs  2m27.8s/6m00.0s

running (2m28.8s), 500/500 VUs, 144895 complete and 0 interrupted iterations
default   [  41% ] 500/500 VUs  2m28.8s/6m00.0s

running (2m29.8s), 500/500 VUs, 145854 complete and 0 interrupted iterations
default   [  42% ] 500/500 VUs  2m29.8s/6m00.0s

running (2m30.8s), 500/500 VUs, 146854 complete and 0 interrupted iterations
default   [  42% ] 500/500 VUs  2m30.8s/6m00.0s

running (2m31.8s), 500/500 VUs, 147845 complete and 0 interrupted iterations
default   [  42% ] 500/500 VUs  2m31.8s/6m00.0s

running (2m32.8s), 500/500 VUs, 148804 complete and 0 interrupted iterations
default   [  42% ] 500/500 VUs  2m32.8s/6m00.0s

running (2m33.8s), 500/500 VUs, 149804 complete and 0 interrupted iterations
default   [  43% ] 500/500 VUs  2m33.8s/6m00.0s

running (2m34.8s), 500/500 VUs, 150799 complete and 0 interrupted iterations
default   [  43% ] 500/500 VUs  2m34.8s/6m00.0s

running (2m35.8s), 500/500 VUs, 151754 complete and 0 interrupted iterations
default   [  43% ] 500/500 VUs  2m35.8s/6m00.0s

running (2m36.8s), 500/500 VUs, 152754 complete and 0 interrupted iterations
default   [  44% ] 500/500 VUs  2m36.8s/6m00.0s

running (2m37.8s), 500/500 VUs, 153739 complete and 0 interrupted iterations
default   [  44% ] 500/500 VUs  2m37.8s/6m00.0s

running (2m38.8s), 500/500 VUs, 154704 complete and 0 interrupted iterations
default   [  44% ] 500/500 VUs  2m38.8s/6m00.0s

running (2m39.8s), 500/500 VUs, 155704 complete and 0 interrupted iterations
default   [  44% ] 500/500 VUs  2m39.8s/6m00.0s

running (2m40.8s), 500/500 VUs, 156680 complete and 0 interrupted iterations
default   [  45% ] 500/500 VUs  2m40.8s/6m00.0s

running (2m41.8s), 500/500 VUs, 157654 complete and 0 interrupted iterations
default   [  45% ] 500/500 VUs  2m41.8s/6m00.0s

running (2m42.8s), 500/500 VUs, 158654 complete and 0 interrupted iterations
default   [  45% ] 500/500 VUs  2m42.8s/6m00.0s

running (2m43.8s), 500/500 VUs, 159654 complete and 0 interrupted iterations
default   [  45% ] 500/500 VUs  2m43.8s/6m00.0s

running (2m44.8s), 500/500 VUs, 160604 complete and 0 interrupted iterations
default   [  46% ] 500/500 VUs  2m44.8s/6m00.0s

running (2m45.8s), 500/500 VUs, 161604 complete and 0 interrupted iterations
default   [  46% ] 500/500 VUs  2m45.8s/6m00.0s

running (2m46.8s), 500/500 VUs, 162575 complete and 0 interrupted iterations
default   [  46% ] 500/500 VUs  2m46.8s/6m00.0s

running (2m47.8s), 500/500 VUs, 163554 complete and 0 interrupted iterations
default   [  47% ] 500/500 VUs  2m47.8s/6m00.0s

running (2m48.8s), 500/500 VUs, 164554 complete and 0 interrupted iterations
default   [  47% ] 500/500 VUs  2m48.8s/6m00.0s

running (2m49.8s), 500/500 VUs, 165554 complete and 0 interrupted iterations
default   [  47% ] 500/500 VUs  2m49.8s/6m00.0s

running (2m50.8s), 500/500 VUs, 166504 complete and 0 interrupted iterations
default   [  47% ] 500/500 VUs  2m50.8s/6m00.0s

running (2m51.8s), 500/500 VUs, 167504 complete and 0 interrupted iterations
default   [  48% ] 500/500 VUs  2m51.8s/6m00.0s

running (2m52.8s), 500/500 VUs, 168468 complete and 0 interrupted iterations
default   [  48% ] 500/500 VUs  2m52.8s/6m00.0s

running (2m53.8s), 500/500 VUs, 169454 complete and 0 interrupted iterations
default   [  48% ] 500/500 VUs  2m53.8s/6m00.0s

running (2m54.8s), 500/500 VUs, 170454 complete and 0 interrupted iterations
default   [  49% ] 500/500 VUs  2m54.8s/6m00.0s

running (2m55.8s), 500/500 VUs, 171426 complete and 0 interrupted iterations
default   [  49% ] 500/500 VUs  2m55.8s/6m00.0s

running (2m56.8s), 500/500 VUs, 172404 complete and 0 interrupted iterations
default   [  49% ] 500/500 VUs  2m56.8s/6m00.0s

running (2m57.8s), 500/500 VUs, 173404 complete and 0 interrupted iterations
default   [  49% ] 500/500 VUs  2m57.8s/6m00.0s

running (2m58.8s), 500/500 VUs, 174404 complete and 0 interrupted iterations
default   [  50% ] 500/500 VUs  2m58.8s/6m00.0s

running (2m59.8s), 500/500 VUs, 175354 complete and 0 interrupted iterations
default   [  50% ] 500/500 VUs  2m59.8s/6m00.0s

running (3m00.8s), 500/500 VUs, 176354 complete and 0 interrupted iterations
default   [  50% ] 500/500 VUs  3m00.8s/6m00.0s

running (3m01.8s), 500/500 VUs, 177354 complete and 0 interrupted iterations
default   [  50% ] 500/500 VUs  3m01.8s/6m00.0s

running (3m02.8s), 500/500 VUs, 178304 complete and 0 interrupted iterations
default   [  51% ] 500/500 VUs  3m02.8s/6m00.0s

running (3m03.8s), 500/500 VUs, 179304 complete and 0 interrupted iterations
default   [  51% ] 500/500 VUs  3m03.8s/6m00.0s

running (3m04.8s), 500/500 VUs, 180304 complete and 0 interrupted iterations
default   [  51% ] 500/500 VUs  3m04.8s/6m00.0s

running (3m05.8s), 500/500 VUs, 181254 complete and 0 interrupted iterations
default   [  52% ] 500/500 VUs  3m05.8s/6m00.0s

running (3m06.8s), 500/500 VUs, 182254 complete and 0 interrupted iterations
default   [  52% ] 500/500 VUs  3m06.8s/6m00.0s

running (3m07.8s), 500/500 VUs, 183254 complete and 0 interrupted iterations
default   [  52% ] 500/500 VUs  3m07.8s/6m00.0s

running (3m08.8s), 500/500 VUs, 184204 complete and 0 interrupted iterations
default   [  52% ] 500/500 VUs  3m08.8s/6m00.0s

running (3m09.8s), 500/500 VUs, 185204 complete and 0 interrupted iterations
default   [  53% ] 500/500 VUs  3m09.8s/6m00.0s

running (3m10.8s), 500/500 VUs, 186191 complete and 0 interrupted iterations
default   [  53% ] 500/500 VUs  3m10.8s/6m00.0s

running (3m11.8s), 500/500 VUs, 187154 complete and 0 interrupted iterations
default   [  53% ] 500/500 VUs  3m11.8s/6m00.0s

running (3m12.8s), 500/500 VUs, 188154 complete and 0 interrupted iterations
default   [  54% ] 500/500 VUs  3m12.8s/6m00.0s

running (3m13.8s), 500/500 VUs, 189154 complete and 0 interrupted iterations
default   [  54% ] 500/500 VUs  3m13.8s/6m00.0s

running (3m14.8s), 500/500 VUs, 190104 complete and 0 interrupted iterations
default   [  54% ] 500/500 VUs  3m14.8s/6m00.0s

running (3m15.8s), 500/500 VUs, 191104 complete and 0 interrupted iterations
default   [  54% ] 500/500 VUs  3m15.8s/6m00.0s

running (3m16.8s), 500/500 VUs, 192104 complete and 0 interrupted iterations
default   [  55% ] 500/500 VUs  3m16.8s/6m00.0s

running (3m17.8s), 500/500 VUs, 193070 complete and 0 interrupted iterations
default   [  55% ] 500/500 VUs  3m17.8s/6m00.0s

running (3m18.8s), 500/500 VUs, 194054 complete and 0 interrupted iterations
default   [  55% ] 500/500 VUs  3m18.8s/6m00.0s

running (3m19.8s), 500/500 VUs, 195054 complete and 0 interrupted iterations
default   [  55% ] 500/500 VUs  3m19.8s/6m00.0s

running (3m20.8s), 500/500 VUs, 196048 complete and 0 interrupted iterations
default   [  56% ] 500/500 VUs  3m20.8s/6m00.0s

running (3m21.8s), 500/500 VUs, 197004 complete and 0 interrupted iterations
default   [  56% ] 500/500 VUs  3m21.8s/6m00.0s

running (3m22.8s), 500/500 VUs, 198004 complete and 0 interrupted iterations
default   [  56% ] 500/500 VUs  3m22.8s/6m00.0s

running (3m23.8s), 500/500 VUs, 199004 complete and 0 interrupted iterations
default   [  57% ] 500/500 VUs  3m23.8s/6m00.0s

running (3m24.8s), 500/500 VUs, 199954 complete and 0 interrupted iterations
default   [  57% ] 500/500 VUs  3m24.8s/6m00.0s

running (3m25.8s), 500/500 VUs, 200954 complete and 0 interrupted iterations
default   [  57% ] 500/500 VUs  3m25.8s/6m00.0s

running (3m26.8s), 500/500 VUs, 201954 complete and 0 interrupted iterations
default   [  57% ] 500/500 VUs  3m26.8s/6m00.0s

running (3m27.8s), 500/500 VUs, 202938 complete and 0 interrupted iterations
default   [  58% ] 500/500 VUs  3m27.8s/6m00.0s

running (3m28.8s), 500/500 VUs, 203904 complete and 0 interrupted iterations
default   [  58% ] 500/500 VUs  3m28.8s/6m00.0s

running (3m29.8s), 500/500 VUs, 204904 complete and 0 interrupted iterations
default   [  58% ] 500/500 VUs  3m29.8s/6m00.0s

running (3m30.8s), 500/500 VUs, 205904 complete and 0 interrupted iterations
default   [  59% ] 500/500 VUs  3m30.8s/6m00.0s

running (3m31.8s), 500/500 VUs, 206904 complete and 0 interrupted iterations
default   [  59% ] 500/500 VUs  3m31.8s/6m00.0s

running (3m32.8s), 500/500 VUs, 207854 complete and 0 interrupted iterations
default   [  59% ] 500/500 VUs  3m32.8s/6m00.0s

running (3m33.8s), 500/500 VUs, 208854 complete and 0 interrupted iterations
default   [  59% ] 500/500 VUs  3m33.8s/6m00.0s

running (3m34.8s), 500/500 VUs, 209854 complete and 0 interrupted iterations
default   [  60% ] 500/500 VUs  3m34.8s/6m00.0s

running (3m35.8s), 500/500 VUs, 210804 complete and 0 interrupted iterations
default   [  60% ] 500/500 VUs  3m35.8s/6m00.0s

running (3m36.8s), 500/500 VUs, 211804 complete and 0 interrupted iterations
default   [  60% ] 500/500 VUs  3m36.8s/6m00.0s

running (3m37.8s), 500/500 VUs, 212804 complete and 0 interrupted iterations
default   [  60% ] 500/500 VUs  3m37.8s/6m00.0s

running (3m38.8s), 500/500 VUs, 213754 complete and 0 interrupted iterations
default   [  61% ] 500/500 VUs  3m38.8s/6m00.0s

running (3m39.8s), 500/500 VUs, 214754 complete and 0 interrupted iterations
default   [  61% ] 500/500 VUs  3m39.8s/6m00.0s

running (3m40.8s), 500/500 VUs, 215754 complete and 0 interrupted iterations
default   [  61% ] 500/500 VUs  3m40.8s/6m00.0s

running (3m41.8s), 500/500 VUs, 216704 complete and 0 interrupted iterations
default   [  62% ] 500/500 VUs  3m41.8s/6m00.0s

running (3m42.8s), 500/500 VUs, 217704 complete and 0 interrupted iterations
default   [  62% ] 500/500 VUs  3m42.8s/6m00.0s

running (3m43.8s), 500/500 VUs, 218704 complete and 0 interrupted iterations
default   [  62% ] 500/500 VUs  3m43.8s/6m00.0s

running (3m44.8s), 500/500 VUs, 219654 complete and 0 interrupted iterations
default   [  62% ] 500/500 VUs  3m44.8s/6m00.0s

running (3m45.8s), 500/500 VUs, 220654 complete and 0 interrupted iterations
default   [  63% ] 500/500 VUs  3m45.8s/6m00.0s

running (3m46.8s), 500/500 VUs, 221623 complete and 0 interrupted iterations
default   [  63% ] 500/500 VUs  3m46.8s/6m00.0s

running (3m47.8s), 500/500 VUs, 222604 complete and 0 interrupted iterations
default   [  63% ] 500/500 VUs  3m47.8s/6m00.0s

running (3m48.8s), 500/500 VUs, 223604 complete and 0 interrupted iterations
default   [  64% ] 500/500 VUs  3m48.8s/6m00.0s

running (3m49.8s), 500/500 VUs, 224602 complete and 0 interrupted iterations
default   [  64% ] 500/500 VUs  3m49.8s/6m00.0s

running (3m50.8s), 500/500 VUs, 225554 complete and 0 interrupted iterations
default   [  64% ] 500/500 VUs  3m50.8s/6m00.0s

running (3m51.8s), 500/500 VUs, 226554 complete and 0 interrupted iterations
default   [  64% ] 500/500 VUs  3m51.8s/6m00.0s

running (3m52.8s), 500/500 VUs, 227554 complete and 0 interrupted iterations
default   [  65% ] 500/500 VUs  3m52.8s/6m00.0s

running (3m53.8s), 500/500 VUs, 228504 complete and 0 interrupted iterations
default   [  65% ] 500/500 VUs  3m53.8s/6m00.0s

running (3m54.8s), 500/500 VUs, 229504 complete and 0 interrupted iterations
default   [  65% ] 500/500 VUs  3m54.8s/6m00.0s

running (3m55.8s), 500/500 VUs, 230503 complete and 0 interrupted iterations
default   [  65% ] 500/500 VUs  3m55.8s/6m00.0s

running (3m56.8s), 500/500 VUs, 231454 complete and 0 interrupted iterations
default   [  66% ] 500/500 VUs  3m56.8s/6m00.0s

running (3m57.8s), 500/500 VUs, 232454 complete and 0 interrupted iterations
default   [  66% ] 500/500 VUs  3m57.8s/6m00.0s

running (3m58.8s), 500/500 VUs, 233449 complete and 0 interrupted iterations
default   [  66% ] 500/500 VUs  3m58.8s/6m00.0s

running (3m59.8s), 500/500 VUs, 234404 complete and 0 interrupted iterations
default   [  67% ] 500/500 VUs  3m59.8s/6m00.0s

running (4m00.8s), 500/500 VUs, 235404 complete and 0 interrupted iterations
default   [  67% ] 500/500 VUs  4m00.8s/6m00.0s

running (4m01.8s), 500/500 VUs, 236399 complete and 0 interrupted iterations
default   [  67% ] 500/500 VUs  4m01.8s/6m00.0s

running (4m02.8s), 500/500 VUs, 237354 complete and 0 interrupted iterations
default   [  67% ] 500/500 VUs  4m02.8s/6m00.0s

running (4m03.8s), 500/500 VUs, 238354 complete and 0 interrupted iterations
default   [  68% ] 500/500 VUs  4m03.8s/6m00.0s

running (4m04.8s), 500/500 VUs, 239315 complete and 0 interrupted iterations
default   [  68% ] 500/500 VUs  4m04.8s/6m00.0s

running (4m05.8s), 500/500 VUs, 240304 complete and 0 interrupted iterations
default   [  68% ] 500/500 VUs  4m05.8s/6m00.0s

running (4m06.8s), 500/500 VUs, 241304 complete and 0 interrupted iterations
default   [  69% ] 500/500 VUs  4m06.8s/6m00.0s

running (4m07.8s), 500/500 VUs, 242262 complete and 0 interrupted iterations
default   [  69% ] 500/500 VUs  4m07.8s/6m00.0s

running (4m08.8s), 500/500 VUs, 243254 complete and 0 interrupted iterations
default   [  69% ] 500/500 VUs  4m08.8s/6m00.0s

running (4m09.8s), 500/500 VUs, 244254 complete and 0 interrupted iterations
default   [  69% ] 500/500 VUs  4m09.8s/6m00.0s

running (4m10.8s), 500/500 VUs, 245204 complete and 0 interrupted iterations
default   [  70% ] 500/500 VUs  4m10.8s/6m00.0s

running (4m11.8s), 500/500 VUs, 246204 complete and 0 interrupted iterations
default   [  70% ] 500/500 VUs  4m11.8s/6m00.0s

running (4m12.8s), 500/500 VUs, 247204 complete and 0 interrupted iterations
default   [  70% ] 500/500 VUs  4m12.8s/6m00.0s

running (4m13.8s), 500/500 VUs, 248154 complete and 0 interrupted iterations
default   [  70% ] 500/500 VUs  4m13.8s/6m00.0s

running (4m14.8s), 500/500 VUs, 249154 complete and 0 interrupted iterations
default   [  71% ] 500/500 VUs  4m14.8s/6m00.0s

running (4m15.8s), 500/500 VUs, 250154 complete and 0 interrupted iterations
default   [  71% ] 500/500 VUs  4m15.8s/6m00.0s

running (4m16.8s), 500/500 VUs, 251104 complete and 0 interrupted iterations
default   [  71% ] 500/500 VUs  4m16.8s/6m00.0s

running (4m17.8s), 500/500 VUs, 252104 complete and 0 interrupted iterations
default   [  72% ] 500/500 VUs  4m17.8s/6m00.0s

running (4m18.8s), 500/500 VUs, 253104 complete and 0 interrupted iterations
default   [  72% ] 500/500 VUs  4m18.8s/6m00.0s

running (4m19.8s), 500/500 VUs, 254054 complete and 0 interrupted iterations
default   [  72% ] 500/500 VUs  4m19.8s/6m00.0s

running (4m20.8s), 500/500 VUs, 255054 complete and 0 interrupted iterations
default   [  72% ] 500/500 VUs  4m20.8s/6m00.0s

running (4m21.8s), 500/500 VUs, 256053 complete and 0 interrupted iterations
default   [  73% ] 500/500 VUs  4m21.8s/6m00.0s

running (4m22.8s), 500/500 VUs, 257004 complete and 0 interrupted iterations
default   [  73% ] 500/500 VUs  4m22.8s/6m00.0s

running (4m23.8s), 500/500 VUs, 258004 complete and 0 interrupted iterations
default   [  73% ] 500/500 VUs  4m23.8s/6m00.0s

running (4m24.8s), 500/500 VUs, 258981 complete and 0 interrupted iterations
default   [  74% ] 500/500 VUs  4m24.8s/6m00.0s

running (4m25.8s), 500/500 VUs, 259954 complete and 0 interrupted iterations
default   [  74% ] 500/500 VUs  4m25.8s/6m00.0s

running (4m26.8s), 500/500 VUs, 260954 complete and 0 interrupted iterations
default   [  74% ] 500/500 VUs  4m26.8s/6m00.0s

running (4m27.8s), 500/500 VUs, 261904 complete and 0 interrupted iterations
default   [  74% ] 500/500 VUs  4m27.8s/6m00.0s

running (4m28.8s), 500/500 VUs, 262904 complete and 0 interrupted iterations
default   [  75% ] 500/500 VUs  4m28.8s/6m00.0s

running (4m29.8s), 500/500 VUs, 263904 complete and 0 interrupted iterations
default   [  75% ] 500/500 VUs  4m29.8s/6m00.0s

running (4m30.8s), 500/500 VUs, 264854 complete and 0 interrupted iterations
default   [  75% ] 500/500 VUs  4m30.8s/6m00.0s

running (4m31.8s), 500/500 VUs, 265854 complete and 0 interrupted iterations
default   [  75% ] 500/500 VUs  4m31.8s/6m00.0s

running (4m32.8s), 500/500 VUs, 266850 complete and 0 interrupted iterations
default   [  76% ] 500/500 VUs  4m32.8s/6m00.0s

running (4m33.8s), 500/500 VUs, 267804 complete and 0 interrupted iterations
default   [  76% ] 500/500 VUs  4m33.8s/6m00.0s

running (4m34.8s), 500/500 VUs, 268804 complete and 0 interrupted iterations
default   [  76% ] 500/500 VUs  4m34.8s/6m00.0s

running (4m35.8s), 500/500 VUs, 269792 complete and 0 interrupted iterations
default   [  77% ] 500/500 VUs  4m35.8s/6m00.0s

running (4m36.8s), 500/500 VUs, 270754 complete and 0 interrupted iterations
default   [  77% ] 500/500 VUs  4m36.8s/6m00.0s

running (4m37.8s), 500/500 VUs, 271754 complete and 0 interrupted iterations
default   [  77% ] 500/500 VUs  4m37.8s/6m00.0s

running (4m38.8s), 500/500 VUs, 272723 complete and 0 interrupted iterations
default   [  77% ] 500/500 VUs  4m38.8s/6m00.0s

running (4m39.8s), 500/500 VUs, 273704 complete and 0 interrupted iterations
default   [  78% ] 500/500 VUs  4m39.8s/6m00.0s

running (4m40.8s), 500/500 VUs, 274704 complete and 0 interrupted iterations
default   [  78% ] 500/500 VUs  4m40.8s/6m00.0s

running (4m41.8s), 500/500 VUs, 275656 complete and 0 interrupted iterations
default   [  78% ] 500/500 VUs  4m41.8s/6m00.0s

running (4m42.8s), 500/500 VUs, 276654 complete and 0 interrupted iterations
default   [  79% ] 500/500 VUs  4m42.8s/6m00.0s

running (4m43.8s), 500/500 VUs, 277654 complete and 0 interrupted iterations
default   [  79% ] 500/500 VUs  4m43.8s/6m00.0s

running (4m44.8s), 500/500 VUs, 278604 complete and 0 interrupted iterations
default   [  79% ] 500/500 VUs  4m44.8s/6m00.0s

running (4m45.8s), 500/500 VUs, 279604 complete and 0 interrupted iterations
default   [  79% ] 500/500 VUs  4m45.8s/6m00.0s

running (4m46.8s), 500/500 VUs, 280604 complete and 0 interrupted iterations
default   [  80% ] 500/500 VUs  4m46.8s/6m00.0s

running (4m47.8s), 500/500 VUs, 281554 complete and 0 interrupted iterations
default   [  80% ] 500/500 VUs  4m47.8s/6m00.0s

running (4m48.8s), 500/500 VUs, 282554 complete and 0 interrupted iterations
default   [  80% ] 500/500 VUs  4m48.8s/6m00.0s

running (4m49.8s), 500/500 VUs, 283554 complete and 0 interrupted iterations
default   [  80% ] 500/500 VUs  4m49.8s/6m00.0s

running (4m50.8s), 500/500 VUs, 284504 complete and 0 interrupted iterations
default   [  81% ] 500/500 VUs  4m50.8s/6m00.0s

running (4m51.8s), 500/500 VUs, 285504 complete and 0 interrupted iterations
default   [  81% ] 500/500 VUs  4m51.8s/6m00.0s

running (4m52.8s), 500/500 VUs, 286504 complete and 0 interrupted iterations
default   [  81% ] 500/500 VUs  4m52.8s/6m00.0s

running (4m53.8s), 500/500 VUs, 287454 complete and 0 interrupted iterations
default   [  82% ] 500/500 VUs  4m53.8s/6m00.0s

running (4m54.8s), 500/500 VUs, 288454 complete and 0 interrupted iterations
default   [  82% ] 500/500 VUs  4m54.8s/6m00.0s

running (4m55.8s), 500/500 VUs, 289454 complete and 0 interrupted iterations
default   [  82% ] 500/500 VUs  4m55.8s/6m00.0s

running (4m56.8s), 500/500 VUs, 290404 complete and 0 interrupted iterations
default   [  82% ] 500/500 VUs  4m56.8s/6m00.0s

running (4m57.8s), 500/500 VUs, 291404 complete and 0 interrupted iterations
default   [  83% ] 500/500 VUs  4m57.8s/6m00.0s

running (4m58.8s), 500/500 VUs, 292404 complete and 0 interrupted iterations
default   [  83% ] 500/500 VUs  4m58.8s/6m00.0s

running (4m59.8s), 500/500 VUs, 293354 complete and 0 interrupted iterations
default   [  83% ] 500/500 VUs  4m59.8s/6m00.0s

running (5m00.8s), 500/500 VUs, 294354 complete and 0 interrupted iterations
default   [  84% ] 500/500 VUs  5m00.8s/6m00.0s

running (5m01.8s), 500/500 VUs, 295346 complete and 0 interrupted iterations
default   [  84% ] 500/500 VUs  5m01.8s/6m00.0s

running (5m02.8s), 500/500 VUs, 296304 complete and 0 interrupted iterations
default   [  84% ] 500/500 VUs  5m02.8s/6m00.0s

running (5m03.8s), 500/500 VUs, 297304 complete and 0 interrupted iterations
default   [  84% ] 500/500 VUs  5m03.8s/6m00.0s

running (5m04.8s), 500/500 VUs, 298295 complete and 0 interrupted iterations
default   [  85% ] 500/500 VUs  5m04.8s/6m00.0s

running (5m05.8s), 500/500 VUs, 299254 complete and 0 interrupted iterations
default   [  85% ] 500/500 VUs  5m05.8s/6m00.0s

running (5m06.8s), 500/500 VUs, 300254 complete and 0 interrupted iterations
default   [  85% ] 500/500 VUs  5m06.8s/6m00.0s

running (5m07.8s), 500/500 VUs, 301244 complete and 0 interrupted iterations
default   [  85% ] 500/500 VUs  5m07.8s/6m00.0s

running (5m08.8s), 500/500 VUs, 302204 complete and 0 interrupted iterations
default   [  86% ] 500/500 VUs  5m08.8s/6m00.0s

running (5m09.8s), 500/500 VUs, 303204 complete and 0 interrupted iterations
default   [  86% ] 500/500 VUs  5m09.8s/6m00.0s

running (5m10.8s), 500/500 VUs, 304180 complete and 0 interrupted iterations
default   [  86% ] 500/500 VUs  5m10.8s/6m00.0s

running (5m11.8s), 500/500 VUs, 305154 complete and 0 interrupted iterations
default   [  87% ] 500/500 VUs  5m11.8s/6m00.0s

running (5m12.8s), 500/500 VUs, 306154 complete and 0 interrupted iterations
default   [  87% ] 500/500 VUs  5m12.8s/6m00.0s

running (5m13.8s), 500/500 VUs, 307115 complete and 0 interrupted iterations
default   [  87% ] 500/500 VUs  5m13.8s/6m00.0s

running (5m14.8s), 500/500 VUs, 308104 complete and 0 interrupted iterations
default   [  87% ] 500/500 VUs  5m14.8s/6m00.0s

running (5m15.8s), 500/500 VUs, 309104 complete and 0 interrupted iterations
default   [  88% ] 500/500 VUs  5m15.8s/6m00.0s

running (5m16.8s), 500/500 VUs, 310060 complete and 0 interrupted iterations
default   [  88% ] 500/500 VUs  5m16.8s/6m00.0s

running (5m17.8s), 500/500 VUs, 311054 complete and 0 interrupted iterations
default   [  88% ] 500/500 VUs  5m17.8s/6m00.0s

running (5m18.8s), 500/500 VUs, 312054 complete and 0 interrupted iterations
default   [  89% ] 500/500 VUs  5m18.8s/6m00.0s

running (5m19.8s), 500/500 VUs, 313004 complete and 0 interrupted iterations
default   [  89% ] 500/500 VUs  5m19.8s/6m00.0s

running (5m20.8s), 500/500 VUs, 314004 complete and 0 interrupted iterations
default   [  89% ] 500/500 VUs  5m20.8s/6m00.0s

running (5m21.8s), 500/500 VUs, 314996 complete and 0 interrupted iterations
default   [  89% ] 500/500 VUs  5m21.8s/6m00.0s

running (5m22.8s), 500/500 VUs, 315954 complete and 0 interrupted iterations
default   [  90% ] 500/500 VUs  5m22.8s/6m00.0s

running (5m23.8s), 500/500 VUs, 316954 complete and 0 interrupted iterations
default   [  90% ] 500/500 VUs  5m23.8s/6m00.0s

running (5m24.8s), 500/500 VUs, 317954 complete and 0 interrupted iterations
default   [  90% ] 500/500 VUs  5m24.8s/6m00.0s

running (5m25.8s), 500/500 VUs, 318904 complete and 0 interrupted iterations
default   [  90% ] 500/500 VUs  5m25.8s/6m00.0s

running (5m26.8s), 500/500 VUs, 319904 complete and 0 interrupted iterations
default   [  91% ] 500/500 VUs  5m26.8s/6m00.0s

running (5m27.8s), 500/500 VUs, 320892 complete and 0 interrupted iterations
default   [  91% ] 500/500 VUs  5m27.8s/6m00.0s

running (5m28.8s), 500/500 VUs, 321854 complete and 0 interrupted iterations
default   [  91% ] 500/500 VUs  5m28.8s/6m00.0s

running (5m29.8s), 500/500 VUs, 322854 complete and 0 interrupted iterations
default   [  92% ] 500/500 VUs  5m29.8s/6m00.0s

running (5m30.8s), 494/500 VUs, 323820 complete and 0 interrupted iterations
default   [  92% ] 494/500 VUs  5m30.8s/6m00.0s

running (5m31.8s), 475/500 VUs, 324804 complete and 0 interrupted iterations
default   [  92% ] 475/500 VUs  5m31.8s/6m00.0s

running (5m32.8s), 459/500 VUs, 325804 complete and 0 interrupted iterations
default   [  92% ] 459/500 VUs  5m32.8s/6m00.0s

running (5m33.8s), 440/500 VUs, 326754 complete and 0 interrupted iterations
default   [  93% ] 440/500 VUs  5m33.8s/6m00.0s

running (5m34.8s), 426/500 VUs, 327754 complete and 0 interrupted iterations
default   [  93% ] 426/500 VUs  5m34.8s/6m00.0s

running (5m35.8s), 409/500 VUs, 328754 complete and 0 interrupted iterations
default   [  93% ] 409/500 VUs  5m35.8s/6m00.0s

running (5m36.8s), 392/500 VUs, 329704 complete and 0 interrupted iterations
default   [  94% ] 392/500 VUs  5m36.8s/6m00.0s

running (5m37.8s), 374/500 VUs, 330704 complete and 0 interrupted iterations
default   [  94% ] 374/500 VUs  5m37.8s/6m00.0s

running (5m38.8s), 360/500 VUs, 331704 complete and 0 interrupted iterations
default   [  94% ] 360/500 VUs  5m38.8s/6m00.0s

running (5m39.8s), 343/500 VUs, 332654 complete and 0 interrupted iterations
default   [  94% ] 343/500 VUs  5m39.8s/6m00.0s

running (5m40.8s), 324/500 VUs, 333654 complete and 0 interrupted iterations
default   [  95% ] 324/500 VUs  5m40.8s/6m00.0s

running (5m41.8s), 305/500 VUs, 334626 complete and 0 interrupted iterations
default   [  95% ] 305/500 VUs  5m41.8s/6m00.0s

running (5m42.8s), 289/500 VUs, 335604 complete and 0 interrupted iterations
default   [  95% ] 289/500 VUs  5m42.8s/6m00.0s

running (5m43.8s), 272/500 VUs, 336604 complete and 0 interrupted iterations
default   [  95% ] 272/500 VUs  5m43.8s/6m00.0s

running (5m44.8s), 258/500 VUs, 337586 complete and 0 interrupted iterations
default   [  96% ] 258/500 VUs  5m44.8s/6m00.0s

running (5m45.8s), 241/500 VUs, 338554 complete and 0 interrupted iterations
default   [  96% ] 241/500 VUs  5m45.8s/6m00.0s

running (5m46.8s), 223/500 VUs, 339554 complete and 0 interrupted iterations
default   [  96% ] 223/500 VUs  5m46.8s/6m00.0s

running (5m47.8s), 206/500 VUs, 340530 complete and 0 interrupted iterations
default   [  97% ] 206/500 VUs  5m47.8s/6m00.0s

running (5m48.8s), 190/500 VUs, 341504 complete and 0 interrupted iterations
default   [  97% ] 190/500 VUs  5m48.8s/6m00.0s

running (5m49.8s), 174/500 VUs, 342504 complete and 0 interrupted iterations
default   [  97% ] 174/500 VUs  5m49.8s/6m00.0s

running (5m50.8s), 156/500 VUs, 343474 complete and 0 interrupted iterations
default   [  97% ] 156/500 VUs  5m50.8s/6m00.0s

running (5m51.8s), 138/500 VUs, 344454 complete and 0 interrupted iterations
default   [  98% ] 138/500 VUs  5m51.8s/6m00.0s

running (5m52.8s), 122/500 VUs, 345454 complete and 0 interrupted iterations
default   [  98% ] 122/500 VUs  5m52.8s/6m00.0s

running (5m53.8s), 105/500 VUs, 346426 complete and 0 interrupted iterations
default   [  98% ] 105/500 VUs  5m53.8s/6m00.0s

running (5m54.8s), 088/500 VUs, 347404 complete and 0 interrupted iterations
default   [  99% ] 088/500 VUs  5m54.8s/6m00.0s

running (5m55.8s), 071/500 VUs, 348404 complete and 0 interrupted iterations
default   [  99% ] 071/500 VUs  5m55.8s/6m00.0s

running (5m56.8s), 055/500 VUs, 349377 complete and 0 interrupted iterations
default   [  99% ] 055/500 VUs  5m56.8s/6m00.0s

running (5m57.8s), 038/500 VUs, 350274 complete and 0 interrupted iterations
default   [  99% ] 038/500 VUs  5m57.8s/6m00.0s

running (5m58.8s), 021/500 VUs, 350859 complete and 0 interrupted iterations
default   [ 100% ] 021/500 VUs  5m58.8s/6m00.0s

running (5m59.8s), 004/500 VUs, 351115 complete and 0 interrupted iterations
default   [ 100% ] 004/500 VUs  5m59.8s/6m00.0s


  █ THRESHOLDS 

    checks
    ✓ 'rate>0.95' rate=100.00%

    http_req_duration
    ✓ 'p(95)<5000' p(95)=813.91ms
    ✓ 'p(99)<10000' p(99)=1.06s

    http_req_failed
    ✓ 'rate<0.05' rate=0.00%


  █ TOTAL RESULTS 

    checks_total.......: 1404516 3901.236676/s
    checks_succeeded...: 100.00% 1404516 out of 1404516
    checks_failed......: 0.00%   0 out of 1404516

    ✓ status is 200
    ✓ content-type is json
    ✓ workloadType is IO-BOUND
    ✓ executionTimeMs exists

    CUSTOM
    response_time_ms...............: min=50.568929 avg=470.016268 med=504.80361 max=2186.85445 p(90)=662.571522 p(95)=813.91016 p(99)=1066.125058
    successful_requests............: 351129 975.309169/s

    HTTP
    http_req_duration..............: min=50.56ms   avg=470.01ms   med=504.8ms   max=2.18s      p(90)=662.57ms   p(95)=813.91ms  p(99)=1.06s      
      { expected_response:true }...: min=50.56ms   avg=470.01ms   med=504.8ms   max=2.18s      p(90)=662.57ms   p(95)=813.91ms  p(99)=1.06s      
    http_req_failed................: 0.00%  0 out of 351129
    http_reqs......................: 351129 975.309169/s

    EXECUTION
    iteration_duration.............: min=50.68ms   avg=470.18ms   med=504.95ms  max=2.18s      p(90)=662.76ms   p(95)=814.07ms  p(99)=1.06s      
    iterations.....................: 351129 975.309169/s
    vus............................: 4      min=4           max=500
    vus_max........................: 500    min=500         max=500

    NETWORK
    data_received..................: 98 MB  271 kB/s
    data_sent......................: 28 MB  77 kB/s




running (6m00.0s), 000/500 VUs, 351129 complete and 0 interrupted iterations
default ✓ [ 100% ] 000/500 VUs  6m0s
