
         /\      Grafana   /‾‾/  
    /\  /  \     |\  __   /  /   
   /  \/    \    | |/ /  /   ‾‾\ 
  /          \   |   (  |  (‾)  |
 / __________ \  |_|\_\  \_____/ 


     execution: local
        script: io-bound-test.js
        output: -

     scenarios: (100.00%) 1 scenario, 300 max VUs, 6m30s max duration (incl. graceful stop):
              * default: Up to 300 looping VUs for 6m0s over 3 stages (gracefulRampDown: 30s, gracefulStop: 30s)


running (0m00.9s), 009/300 VUs, 81 complete and 0 interrupted iterations
default   [   0% ] 009/300 VUs  0m00.9s/6m00.0s

running (0m01.9s), 019/300 VUs, 354 complete and 0 interrupted iterations
default   [   1% ] 019/300 VUs  0m01.9s/6m00.0s

running (0m02.9s), 029/300 VUs, 820 complete and 0 interrupted iterations
default   [   1% ] 029/300 VUs  0m02.9s/6m00.0s

running (0m03.9s), 039/300 VUs, 1487 complete and 0 interrupted iterations
default   [   1% ] 039/300 VUs  0m03.9s/6m00.0s

running (0m04.9s), 049/300 VUs, 2345 complete and 0 interrupted iterations
default   [   1% ] 049/300 VUs  0m04.9s/6m00.0s

running (0m05.9s), 059/300 VUs, 3334 complete and 0 interrupted iterations
default   [   2% ] 059/300 VUs  0m05.9s/6m00.0s

running (0m06.9s), 069/300 VUs, 4322 complete and 0 interrupted iterations
default   [   2% ] 069/300 VUs  0m06.9s/6m00.0s

running (0m07.9s), 079/300 VUs, 5306 complete and 0 interrupted iterations
default   [   2% ] 079/300 VUs  0m07.9s/6m00.0s

running (0m08.9s), 089/300 VUs, 6306 complete and 0 interrupted iterations
default   [   2% ] 089/300 VUs  0m08.9s/6m00.0s

running (0m09.9s), 099/300 VUs, 7304 complete and 0 interrupted iterations
default   [   3% ] 099/300 VUs  0m09.9s/6m00.0s

running (0m10.9s), 109/300 VUs, 8256 complete and 0 interrupted iterations
default   [   3% ] 109/300 VUs  0m10.9s/6m00.0s

running (0m11.9s), 119/300 VUs, 9256 complete and 0 interrupted iterations
default   [   3% ] 119/300 VUs  0m11.9s/6m00.0s

running (0m12.9s), 129/300 VUs, 10256 complete and 0 interrupted iterations
default   [   4% ] 129/300 VUs  0m12.9s/6m00.0s

running (0m13.9s), 139/300 VUs, 11233 complete and 0 interrupted iterations
default   [   4% ] 139/300 VUs  0m13.9s/6m00.0s

running (0m14.9s), 149/300 VUs, 12206 complete and 0 interrupted iterations
default   [   4% ] 149/300 VUs  0m14.9s/6m00.0s

running (0m15.9s), 159/300 VUs, 13206 complete and 0 interrupted iterations
default   [   4% ] 159/300 VUs  0m15.9s/6m00.0s

running (0m16.9s), 169/300 VUs, 14199 complete and 0 interrupted iterations
default   [   5% ] 169/300 VUs  0m16.9s/6m00.0s

running (0m17.9s), 179/300 VUs, 15156 complete and 0 interrupted iterations
default   [   5% ] 179/300 VUs  0m17.9s/6m00.0s

running (0m18.9s), 189/300 VUs, 16156 complete and 0 interrupted iterations
default   [   5% ] 189/300 VUs  0m18.9s/6m00.0s

running (0m19.9s), 199/300 VUs, 17156 complete and 0 interrupted iterations
default   [   6% ] 199/300 VUs  0m19.9s/6m00.0s

running (0m20.9s), 209/300 VUs, 18106 complete and 0 interrupted iterations
default   [   6% ] 209/300 VUs  0m20.9s/6m00.0s

running (0m21.9s), 219/300 VUs, 19106 complete and 0 interrupted iterations
default   [   6% ] 219/300 VUs  0m21.9s/6m00.0s

running (0m22.9s), 228/300 VUs, 20106 complete and 0 interrupted iterations
default   [   6% ] 229/300 VUs  0m22.9s/6m00.0s

running (0m23.9s), 238/300 VUs, 21057 complete and 0 interrupted iterations
default   [   7% ] 238/300 VUs  0m23.9s/6m00.0s

running (0m24.9s), 248/300 VUs, 22056 complete and 0 interrupted iterations
default   [   7% ] 248/300 VUs  0m24.9s/6m00.0s

running (0m25.9s), 258/300 VUs, 23056 complete and 0 interrupted iterations
default   [   7% ] 258/300 VUs  0m25.9s/6m00.0s

running (0m26.9s), 268/300 VUs, 24037 complete and 0 interrupted iterations
default   [   7% ] 268/300 VUs  0m26.9s/6m00.0s

running (0m27.9s), 278/300 VUs, 25006 complete and 0 interrupted iterations
default   [   8% ] 278/300 VUs  0m27.9s/6m00.0s

running (0m28.9s), 288/300 VUs, 26006 complete and 0 interrupted iterations
default   [   8% ] 288/300 VUs  0m28.9s/6m00.0s

running (0m29.9s), 298/300 VUs, 27004 complete and 0 interrupted iterations
default   [   8% ] 298/300 VUs  0m29.9s/6m00.0s

running (0m30.9s), 300/300 VUs, 27956 complete and 0 interrupted iterations
default   [   9% ] 300/300 VUs  0m30.9s/6m00.0s

running (0m31.9s), 300/300 VUs, 28956 complete and 0 interrupted iterations
default   [   9% ] 300/300 VUs  0m31.9s/6m00.0s

running (0m32.9s), 300/300 VUs, 29956 complete and 0 interrupted iterations
default   [   9% ] 300/300 VUs  0m32.9s/6m00.0s

running (0m33.9s), 300/300 VUs, 30906 complete and 0 interrupted iterations
default   [   9% ] 300/300 VUs  0m33.9s/6m00.0s

running (0m34.9s), 300/300 VUs, 31906 complete and 0 interrupted iterations
default   [  10% ] 300/300 VUs  0m34.9s/6m00.0s

running (0m35.9s), 300/300 VUs, 32906 complete and 0 interrupted iterations
default   [  10% ] 300/300 VUs  0m35.9s/6m00.0s

running (0m36.9s), 300/300 VUs, 33856 complete and 0 interrupted iterations
default   [  10% ] 300/300 VUs  0m36.9s/6m00.0s

running (0m37.9s), 300/300 VUs, 34856 complete and 0 interrupted iterations
default   [  11% ] 300/300 VUs  0m37.9s/6m00.0s

running (0m38.9s), 300/300 VUs, 35856 complete and 0 interrupted iterations
default   [  11% ] 300/300 VUs  0m38.9s/6m00.0s

running (0m39.9s), 300/300 VUs, 36806 complete and 0 interrupted iterations
default   [  11% ] 300/300 VUs  0m39.9s/6m00.0s

running (0m40.9s), 300/300 VUs, 37806 complete and 0 interrupted iterations
default   [  11% ] 300/300 VUs  0m40.9s/6m00.0s

running (0m41.9s), 300/300 VUs, 38795 complete and 0 interrupted iterations
default   [  12% ] 300/300 VUs  0m41.9s/6m00.0s

running (0m42.9s), 300/300 VUs, 39756 complete and 0 interrupted iterations
default   [  12% ] 300/300 VUs  0m42.9s/6m00.0s

running (0m43.9s), 300/300 VUs, 40756 complete and 0 interrupted iterations
default   [  12% ] 300/300 VUs  0m43.9s/6m00.0s

running (0m44.9s), 300/300 VUs, 41756 complete and 0 interrupted iterations
default   [  12% ] 300/300 VUs  0m44.9s/6m00.0s

running (0m45.9s), 300/300 VUs, 42706 complete and 0 interrupted iterations
default   [  13% ] 300/300 VUs  0m45.9s/6m00.0s

running (0m46.9s), 300/300 VUs, 43706 complete and 0 interrupted iterations
default   [  13% ] 300/300 VUs  0m46.9s/6m00.0s

running (0m47.9s), 300/300 VUs, 44706 complete and 0 interrupted iterations
default   [  13% ] 300/300 VUs  0m47.9s/6m00.0s

running (0m48.9s), 300/300 VUs, 45656 complete and 0 interrupted iterations
default   [  14% ] 300/300 VUs  0m48.9s/6m00.0s

running (0m49.9s), 300/300 VUs, 46656 complete and 0 interrupted iterations
default   [  14% ] 300/300 VUs  0m49.9s/6m00.0s

running (0m50.9s), 300/300 VUs, 47656 complete and 0 interrupted iterations
default   [  14% ] 300/300 VUs  0m50.9s/6m00.0s

running (0m51.9s), 300/300 VUs, 48606 complete and 0 interrupted iterations
default   [  14% ] 300/300 VUs  0m51.9s/6m00.0s

running (0m52.9s), 300/300 VUs, 49606 complete and 0 interrupted iterations
default   [  15% ] 300/300 VUs  0m52.9s/6m00.0s

running (0m53.9s), 300/300 VUs, 50606 complete and 0 interrupted iterations
default   [  15% ] 300/300 VUs  0m53.9s/6m00.0s

running (0m54.9s), 300/300 VUs, 51556 complete and 0 interrupted iterations
default   [  15% ] 300/300 VUs  0m54.9s/6m00.0s

running (0m55.9s), 300/300 VUs, 52556 complete and 0 interrupted iterations
default   [  16% ] 300/300 VUs  0m55.9s/6m00.0s

running (0m56.9s), 300/300 VUs, 53556 complete and 0 interrupted iterations
default   [  16% ] 300/300 VUs  0m56.9s/6m00.0s

running (0m57.9s), 300/300 VUs, 54506 complete and 0 interrupted iterations
default   [  16% ] 300/300 VUs  0m57.9s/6m00.0s

running (0m58.9s), 300/300 VUs, 55506 complete and 0 interrupted iterations
default   [  16% ] 300/300 VUs  0m58.9s/6m00.0s

running (0m59.9s), 300/300 VUs, 56506 complete and 0 interrupted iterations
default   [  17% ] 300/300 VUs  0m59.9s/6m00.0s

running (1m00.9s), 300/300 VUs, 57469 complete and 0 interrupted iterations
default   [  17% ] 300/300 VUs  1m00.9s/6m00.0s

running (1m01.9s), 300/300 VUs, 58456 complete and 0 interrupted iterations
default   [  17% ] 300/300 VUs  1m01.9s/6m00.0s

running (1m02.9s), 300/300 VUs, 59456 complete and 0 interrupted iterations
default   [  17% ] 300/300 VUs  1m02.9s/6m00.0s

running (1m03.9s), 300/300 VUs, 60410 complete and 0 interrupted iterations
default   [  18% ] 300/300 VUs  1m03.9s/6m00.0s

running (1m04.9s), 300/300 VUs, 61406 complete and 0 interrupted iterations
default   [  18% ] 300/300 VUs  1m04.9s/6m00.0s

running (1m05.9s), 300/300 VUs, 62406 complete and 0 interrupted iterations
default   [  18% ] 300/300 VUs  1m05.9s/6m00.0s

running (1m06.9s), 300/300 VUs, 63369 complete and 0 interrupted iterations
default   [  19% ] 300/300 VUs  1m06.9s/6m00.0s

running (1m07.9s), 300/300 VUs, 64356 complete and 0 interrupted iterations
default   [  19% ] 300/300 VUs  1m07.9s/6m00.0s

running (1m08.9s), 300/300 VUs, 65356 complete and 0 interrupted iterations
default   [  19% ] 300/300 VUs  1m08.9s/6m00.0s

running (1m09.9s), 300/300 VUs, 66332 complete and 0 interrupted iterations
default   [  19% ] 300/300 VUs  1m09.9s/6m00.0s

running (1m10.9s), 300/300 VUs, 67306 complete and 0 interrupted iterations
default   [  20% ] 300/300 VUs  1m10.9s/6m00.0s

running (1m11.9s), 300/300 VUs, 68306 complete and 0 interrupted iterations
default   [  20% ] 300/300 VUs  1m11.9s/6m00.0s

running (1m12.9s), 300/300 VUs, 69290 complete and 0 interrupted iterations
default   [  20% ] 300/300 VUs  1m12.9s/6m00.0s

running (1m13.9s), 300/300 VUs, 70256 complete and 0 interrupted iterations
default   [  21% ] 300/300 VUs  1m13.9s/6m00.0s

running (1m14.9s), 300/300 VUs, 71256 complete and 0 interrupted iterations
default   [  21% ] 300/300 VUs  1m14.9s/6m00.0s

running (1m15.9s), 300/300 VUs, 72228 complete and 0 interrupted iterations
default   [  21% ] 300/300 VUs  1m15.9s/6m00.0s

running (1m16.9s), 300/300 VUs, 73206 complete and 0 interrupted iterations
default   [  21% ] 300/300 VUs  1m16.9s/6m00.0s

running (1m17.9s), 300/300 VUs, 74206 complete and 0 interrupted iterations
default   [  22% ] 300/300 VUs  1m17.9s/6m00.0s

running (1m18.9s), 300/300 VUs, 75206 complete and 0 interrupted iterations
default   [  22% ] 300/300 VUs  1m18.9s/6m00.0s

running (1m19.9s), 300/300 VUs, 76156 complete and 0 interrupted iterations
default   [  22% ] 300/300 VUs  1m19.9s/6m00.0s

running (1m20.9s), 300/300 VUs, 77156 complete and 0 interrupted iterations
default   [  22% ] 300/300 VUs  1m20.9s/6m00.0s

running (1m21.9s), 300/300 VUs, 78156 complete and 0 interrupted iterations
default   [  23% ] 300/300 VUs  1m21.9s/6m00.0s

running (1m22.9s), 300/300 VUs, 79106 complete and 0 interrupted iterations
default   [  23% ] 300/300 VUs  1m22.9s/6m00.0s

running (1m23.9s), 300/300 VUs, 80106 complete and 0 interrupted iterations
default   [  23% ] 300/300 VUs  1m23.9s/6m00.0s

running (1m24.9s), 300/300 VUs, 81106 complete and 0 interrupted iterations
default   [  24% ] 300/300 VUs  1m24.9s/6m00.0s

running (1m25.9s), 300/300 VUs, 82056 complete and 0 interrupted iterations
default   [  24% ] 300/300 VUs  1m25.9s/6m00.0s

running (1m26.9s), 300/300 VUs, 83056 complete and 0 interrupted iterations
default   [  24% ] 300/300 VUs  1m26.9s/6m00.0s

running (1m27.9s), 300/300 VUs, 84056 complete and 0 interrupted iterations
default   [  24% ] 300/300 VUs  1m27.9s/6m00.0s

running (1m28.9s), 300/300 VUs, 85006 complete and 0 interrupted iterations
default   [  25% ] 300/300 VUs  1m28.9s/6m00.0s

running (1m29.9s), 300/300 VUs, 86006 complete and 0 interrupted iterations
default   [  25% ] 300/300 VUs  1m29.9s/6m00.0s

running (1m30.9s), 300/300 VUs, 86976 complete and 0 interrupted iterations
default   [  25% ] 300/300 VUs  1m30.9s/6m00.0s

running (1m31.9s), 300/300 VUs, 87956 complete and 0 interrupted iterations
default   [  26% ] 300/300 VUs  1m31.9s/6m00.0s

running (1m32.9s), 300/300 VUs, 88956 complete and 0 interrupted iterations
default   [  26% ] 300/300 VUs  1m32.9s/6m00.0s

running (1m33.9s), 300/300 VUs, 89948 complete and 0 interrupted iterations
default   [  26% ] 300/300 VUs  1m33.9s/6m00.0s

running (1m34.9s), 300/300 VUs, 90906 complete and 0 interrupted iterations
default   [  26% ] 300/300 VUs  1m34.9s/6m00.0s

running (1m35.9s), 300/300 VUs, 91906 complete and 0 interrupted iterations
default   [  27% ] 300/300 VUs  1m35.9s/6m00.0s

running (1m36.9s), 300/300 VUs, 92869 complete and 0 interrupted iterations
default   [  27% ] 300/300 VUs  1m36.9s/6m00.0s

running (1m37.9s), 300/300 VUs, 93856 complete and 0 interrupted iterations
default   [  27% ] 300/300 VUs  1m37.9s/6m00.0s

running (1m38.9s), 300/300 VUs, 94856 complete and 0 interrupted iterations
default   [  27% ] 300/300 VUs  1m38.9s/6m00.0s

running (1m39.9s), 300/300 VUs, 95806 complete and 0 interrupted iterations
default   [  28% ] 300/300 VUs  1m39.9s/6m00.0s

running (1m40.9s), 300/300 VUs, 96806 complete and 0 interrupted iterations
default   [  28% ] 300/300 VUs  1m40.9s/6m00.0s

running (1m41.9s), 300/300 VUs, 97797 complete and 0 interrupted iterations
default   [  28% ] 300/300 VUs  1m41.9s/6m00.0s

running (1m42.9s), 300/300 VUs, 98756 complete and 0 interrupted iterations
default   [  29% ] 300/300 VUs  1m42.9s/6m00.0s

running (1m43.9s), 300/300 VUs, 99756 complete and 0 interrupted iterations
default   [  29% ] 300/300 VUs  1m43.9s/6m00.0s

running (1m44.9s), 300/300 VUs, 100731 complete and 0 interrupted iterations
default   [  29% ] 300/300 VUs  1m44.9s/6m00.0s

running (1m45.9s), 300/300 VUs, 101706 complete and 0 interrupted iterations
default   [  29% ] 300/300 VUs  1m45.9s/6m00.0s

running (1m46.9s), 300/300 VUs, 102706 complete and 0 interrupted iterations
default   [  30% ] 300/300 VUs  1m46.9s/6m00.0s

running (1m47.9s), 300/300 VUs, 103671 complete and 0 interrupted iterations
default   [  30% ] 300/300 VUs  1m47.9s/6m00.0s

running (1m48.9s), 300/300 VUs, 104656 complete and 0 interrupted iterations
default   [  30% ] 300/300 VUs  1m48.9s/6m00.0s

running (1m49.9s), 300/300 VUs, 105656 complete and 0 interrupted iterations
default   [  31% ] 300/300 VUs  1m49.9s/6m00.0s

running (1m50.9s), 300/300 VUs, 106612 complete and 0 interrupted iterations
default   [  31% ] 300/300 VUs  1m50.9s/6m00.0s

running (1m51.9s), 300/300 VUs, 107606 complete and 0 interrupted iterations
default   [  31% ] 300/300 VUs  1m51.9s/6m00.0s

running (1m52.9s), 300/300 VUs, 108606 complete and 0 interrupted iterations
default   [  31% ] 300/300 VUs  1m52.9s/6m00.0s

running (1m53.9s), 300/300 VUs, 109606 complete and 0 interrupted iterations
default   [  32% ] 300/300 VUs  1m53.9s/6m00.0s

running (1m54.9s), 300/300 VUs, 110556 complete and 0 interrupted iterations
default   [  32% ] 300/300 VUs  1m54.9s/6m00.0s

running (1m55.9s), 300/300 VUs, 111556 complete and 0 interrupted iterations
default   [  32% ] 300/300 VUs  1m55.9s/6m00.0s

running (1m56.9s), 300/300 VUs, 112506 complete and 0 interrupted iterations
default   [  32% ] 300/300 VUs  1m56.9s/6m00.0s

running (1m57.9s), 300/300 VUs, 113506 complete and 0 interrupted iterations
default   [  33% ] 300/300 VUs  1m57.9s/6m00.0s

running (1m58.9s), 300/300 VUs, 114506 complete and 0 interrupted iterations
default   [  33% ] 300/300 VUs  1m58.9s/6m00.0s

running (1m59.9s), 300/300 VUs, 115456 complete and 0 interrupted iterations
default   [  33% ] 300/300 VUs  1m59.9s/6m00.0s

running (2m00.9s), 300/300 VUs, 116456 complete and 0 interrupted iterations
default   [  34% ] 300/300 VUs  2m00.9s/6m00.0s

running (2m01.9s), 300/300 VUs, 117430 complete and 0 interrupted iterations
default   [  34% ] 300/300 VUs  2m01.9s/6m00.0s

running (2m02.9s), 300/300 VUs, 118406 complete and 0 interrupted iterations
default   [  34% ] 300/300 VUs  2m02.9s/6m00.0s

running (2m03.9s), 300/300 VUs, 119406 complete and 0 interrupted iterations
default   [  34% ] 300/300 VUs  2m03.9s/6m00.0s

running (2m04.9s), 300/300 VUs, 120394 complete and 0 interrupted iterations
default   [  35% ] 300/300 VUs  2m04.9s/6m00.0s

running (2m05.9s), 300/300 VUs, 121356 complete and 0 interrupted iterations
default   [  35% ] 300/300 VUs  2m05.9s/6m00.0s

running (2m06.9s), 300/300 VUs, 122356 complete and 0 interrupted iterations
default   [  35% ] 300/300 VUs  2m06.9s/6m00.0s

running (2m07.9s), 300/300 VUs, 123343 complete and 0 interrupted iterations
default   [  36% ] 300/300 VUs  2m07.9s/6m00.0s

running (2m08.9s), 300/300 VUs, 124306 complete and 0 interrupted iterations
default   [  36% ] 300/300 VUs  2m08.9s/6m00.0s

running (2m09.9s), 300/300 VUs, 125306 complete and 0 interrupted iterations
default   [  36% ] 300/300 VUs  2m09.9s/6m00.0s

running (2m10.9s), 300/300 VUs, 126278 complete and 0 interrupted iterations
default   [  36% ] 300/300 VUs  2m10.9s/6m00.0s

running (2m11.9s), 300/300 VUs, 127256 complete and 0 interrupted iterations
default   [  37% ] 300/300 VUs  2m11.9s/6m00.0s

running (2m12.9s), 300/300 VUs, 128256 complete and 0 interrupted iterations
default   [  37% ] 300/300 VUs  2m12.9s/6m00.0s

running (2m13.9s), 300/300 VUs, 129214 complete and 0 interrupted iterations
default   [  37% ] 300/300 VUs  2m13.9s/6m00.0s

running (2m14.9s), 300/300 VUs, 130206 complete and 0 interrupted iterations
default   [  37% ] 300/300 VUs  2m14.9s/6m00.0s

running (2m15.9s), 300/300 VUs, 131206 complete and 0 interrupted iterations
default   [  38% ] 300/300 VUs  2m15.9s/6m00.0s

running (2m16.9s), 300/300 VUs, 132157 complete and 0 interrupted iterations
default   [  38% ] 300/300 VUs  2m16.9s/6m00.0s

running (2m17.9s), 300/300 VUs, 133156 complete and 0 interrupted iterations
default   [  38% ] 300/300 VUs  2m17.9s/6m00.0s

running (2m18.9s), 300/300 VUs, 134156 complete and 0 interrupted iterations
default   [  39% ] 300/300 VUs  2m18.9s/6m00.0s

running (2m19.9s), 300/300 VUs, 135106 complete and 0 interrupted iterations
default   [  39% ] 300/300 VUs  2m19.9s/6m00.0s

running (2m20.9s), 300/300 VUs, 136106 complete and 0 interrupted iterations
default   [  39% ] 300/300 VUs  2m20.9s/6m00.0s

running (2m21.9s), 300/300 VUs, 137100 complete and 0 interrupted iterations
default   [  39% ] 300/300 VUs  2m21.9s/6m00.0s

running (2m22.9s), 300/300 VUs, 138056 complete and 0 interrupted iterations
default   [  40% ] 300/300 VUs  2m22.9s/6m00.0s

running (2m23.9s), 300/300 VUs, 139056 complete and 0 interrupted iterations
default   [  40% ] 300/300 VUs  2m23.9s/6m00.0s

running (2m24.9s), 300/300 VUs, 140056 complete and 0 interrupted iterations
default   [  40% ] 300/300 VUs  2m24.9s/6m00.0s

running (2m25.9s), 300/300 VUs, 141006 complete and 0 interrupted iterations
default   [  41% ] 300/300 VUs  2m25.9s/6m00.0s

running (2m26.9s), 300/300 VUs, 142006 complete and 0 interrupted iterations
default   [  41% ] 300/300 VUs  2m26.9s/6m00.0s

running (2m27.9s), 300/300 VUs, 143006 complete and 0 interrupted iterations
default   [  41% ] 300/300 VUs  2m27.9s/6m00.0s

running (2m28.9s), 300/300 VUs, 143956 complete and 0 interrupted iterations
default   [  41% ] 300/300 VUs  2m28.9s/6m00.0s

running (2m29.9s), 300/300 VUs, 144956 complete and 0 interrupted iterations
default   [  42% ] 300/300 VUs  2m29.9s/6m00.0s

running (2m30.9s), 300/300 VUs, 145956 complete and 0 interrupted iterations
default   [  42% ] 300/300 VUs  2m30.9s/6m00.0s

running (2m31.9s), 300/300 VUs, 146906 complete and 0 interrupted iterations
default   [  42% ] 300/300 VUs  2m31.9s/6m00.0s

running (2m32.9s), 300/300 VUs, 147906 complete and 0 interrupted iterations
default   [  42% ] 300/300 VUs  2m32.9s/6m00.0s

running (2m33.9s), 300/300 VUs, 148892 complete and 0 interrupted iterations
default   [  43% ] 300/300 VUs  2m33.9s/6m00.0s

running (2m34.9s), 300/300 VUs, 149856 complete and 0 interrupted iterations
default   [  43% ] 300/300 VUs  2m34.9s/6m00.0s

running (2m35.9s), 300/300 VUs, 150856 complete and 0 interrupted iterations
default   [  43% ] 300/300 VUs  2m35.9s/6m00.0s

running (2m36.9s), 300/300 VUs, 151815 complete and 0 interrupted iterations
default   [  44% ] 300/300 VUs  2m36.9s/6m00.0s

running (2m37.9s), 300/300 VUs, 152806 complete and 0 interrupted iterations
default   [  44% ] 300/300 VUs  2m37.9s/6m00.0s

running (2m38.9s), 300/300 VUs, 153806 complete and 0 interrupted iterations
default   [  44% ] 300/300 VUs  2m38.9s/6m00.0s

running (2m39.9s), 300/300 VUs, 154756 complete and 0 interrupted iterations
default   [  44% ] 300/300 VUs  2m39.9s/6m00.0s

running (2m40.9s), 300/300 VUs, 155756 complete and 0 interrupted iterations
default   [  45% ] 300/300 VUs  2m40.9s/6m00.0s

running (2m41.9s), 300/300 VUs, 156748 complete and 0 interrupted iterations
default   [  45% ] 300/300 VUs  2m41.9s/6m00.0s

running (2m42.9s), 300/300 VUs, 157706 complete and 0 interrupted iterations
default   [  45% ] 300/300 VUs  2m42.9s/6m00.0s

running (2m43.9s), 300/300 VUs, 158706 complete and 0 interrupted iterations
default   [  46% ] 300/300 VUs  2m43.9s/6m00.0s

running (2m44.9s), 300/300 VUs, 159706 complete and 0 interrupted iterations
default   [  46% ] 300/300 VUs  2m44.9s/6m00.0s

running (2m45.9s), 300/300 VUs, 160656 complete and 0 interrupted iterations
default   [  46% ] 300/300 VUs  2m45.9s/6m00.0s

running (2m46.9s), 300/300 VUs, 161656 complete and 0 interrupted iterations
default   [  46% ] 300/300 VUs  2m46.9s/6m00.0s

running (2m47.9s), 300/300 VUs, 162656 complete and 0 interrupted iterations
default   [  47% ] 300/300 VUs  2m47.9s/6m00.0s

running (2m48.9s), 300/300 VUs, 163606 complete and 0 interrupted iterations
default   [  47% ] 300/300 VUs  2m48.9s/6m00.0s

running (2m49.9s), 300/300 VUs, 164606 complete and 0 interrupted iterations
default   [  47% ] 300/300 VUs  2m49.9s/6m00.0s

running (2m50.9s), 300/300 VUs, 165606 complete and 0 interrupted iterations
default   [  47% ] 300/300 VUs  2m50.9s/6m00.0s

running (2m51.9s), 300/300 VUs, 166556 complete and 0 interrupted iterations
default   [  48% ] 300/300 VUs  2m51.9s/6m00.0s

running (2m52.9s), 300/300 VUs, 167556 complete and 0 interrupted iterations
default   [  48% ] 300/300 VUs  2m52.9s/6m00.0s

running (2m53.9s), 300/300 VUs, 168556 complete and 0 interrupted iterations
default   [  48% ] 300/300 VUs  2m53.9s/6m00.0s

running (2m54.9s), 300/300 VUs, 169506 complete and 0 interrupted iterations
default   [  49% ] 300/300 VUs  2m54.9s/6m00.0s

running (2m55.9s), 300/300 VUs, 170506 complete and 0 interrupted iterations
default   [  49% ] 300/300 VUs  2m55.9s/6m00.0s

running (2m56.9s), 300/300 VUs, 171506 complete and 0 interrupted iterations
default   [  49% ] 300/300 VUs  2m56.9s/6m00.0s

running (2m57.9s), 300/300 VUs, 172456 complete and 0 interrupted iterations
default   [  49% ] 300/300 VUs  2m57.9s/6m00.0s

running (2m58.9s), 300/300 VUs, 173456 complete and 0 interrupted iterations
default   [  50% ] 300/300 VUs  2m58.9s/6m00.0s

running (2m59.9s), 300/300 VUs, 174456 complete and 0 interrupted iterations
default   [  50% ] 300/300 VUs  2m59.9s/6m00.0s

running (3m00.9s), 300/300 VUs, 175406 complete and 0 interrupted iterations
default   [  50% ] 300/300 VUs  3m00.9s/6m00.0s

running (3m01.9s), 300/300 VUs, 176406 complete and 0 interrupted iterations
default   [  51% ] 300/300 VUs  3m01.9s/6m00.0s

running (3m02.9s), 300/300 VUs, 177394 complete and 0 interrupted iterations
default   [  51% ] 300/300 VUs  3m02.9s/6m00.0s

running (3m03.9s), 300/300 VUs, 178356 complete and 0 interrupted iterations
default   [  51% ] 300/300 VUs  3m03.9s/6m00.0s

running (3m04.9s), 300/300 VUs, 179356 complete and 0 interrupted iterations
default   [  51% ] 300/300 VUs  3m04.9s/6m00.0s

running (3m05.9s), 300/300 VUs, 180354 complete and 0 interrupted iterations
default   [  52% ] 300/300 VUs  3m05.9s/6m00.0s

running (3m06.9s), 300/300 VUs, 181306 complete and 0 interrupted iterations
default   [  52% ] 300/300 VUs  3m06.9s/6m00.0s

running (3m07.9s), 300/300 VUs, 182306 complete and 0 interrupted iterations
default   [  52% ] 300/300 VUs  3m07.9s/6m00.0s

running (3m08.9s), 300/300 VUs, 183285 complete and 0 interrupted iterations
default   [  52% ] 300/300 VUs  3m08.9s/6m00.0s

running (3m09.9s), 300/300 VUs, 184256 complete and 0 interrupted iterations
default   [  53% ] 300/300 VUs  3m09.9s/6m00.0s

running (3m10.9s), 300/300 VUs, 185256 complete and 0 interrupted iterations
default   [  53% ] 300/300 VUs  3m10.9s/6m00.0s

running (3m11.9s), 300/300 VUs, 186227 complete and 0 interrupted iterations
default   [  53% ] 300/300 VUs  3m11.9s/6m00.0s

running (3m12.9s), 300/300 VUs, 187206 complete and 0 interrupted iterations
default   [  54% ] 300/300 VUs  3m12.9s/6m00.0s

running (3m13.9s), 300/300 VUs, 188206 complete and 0 interrupted iterations
default   [  54% ] 300/300 VUs  3m13.9s/6m00.0s

running (3m14.9s), 300/300 VUs, 189169 complete and 0 interrupted iterations
default   [  54% ] 300/300 VUs  3m14.9s/6m00.0s

running (3m15.9s), 300/300 VUs, 190156 complete and 0 interrupted iterations
default   [  54% ] 300/300 VUs  3m15.9s/6m00.0s

running (3m16.9s), 300/300 VUs, 191156 complete and 0 interrupted iterations
default   [  55% ] 300/300 VUs  3m16.9s/6m00.0s

running (3m17.9s), 300/300 VUs, 192106 complete and 0 interrupted iterations
default   [  55% ] 300/300 VUs  3m17.9s/6m00.0s

running (3m18.9s), 300/300 VUs, 193106 complete and 0 interrupted iterations
default   [  55% ] 300/300 VUs  3m18.9s/6m00.0s

running (3m19.9s), 300/300 VUs, 194106 complete and 0 interrupted iterations
default   [  56% ] 300/300 VUs  3m19.9s/6m00.0s

running (3m20.9s), 300/300 VUs, 195056 complete and 0 interrupted iterations
default   [  56% ] 300/300 VUs  3m20.9s/6m00.0s

running (3m21.9s), 300/300 VUs, 196056 complete and 0 interrupted iterations
default   [  56% ] 300/300 VUs  3m21.9s/6m00.0s

running (3m22.9s), 300/300 VUs, 197035 complete and 0 interrupted iterations
default   [  56% ] 300/300 VUs  3m22.9s/6m00.0s

running (3m23.9s), 300/300 VUs, 198006 complete and 0 interrupted iterations
default   [  57% ] 300/300 VUs  3m23.9s/6m00.0s

running (3m24.9s), 300/300 VUs, 199006 complete and 0 interrupted iterations
default   [  57% ] 300/300 VUs  3m24.9s/6m00.0s

running (3m25.9s), 300/300 VUs, 200006 complete and 0 interrupted iterations
default   [  57% ] 300/300 VUs  3m25.9s/6m00.0s

running (3m26.9s), 300/300 VUs, 200956 complete and 0 interrupted iterations
default   [  57% ] 300/300 VUs  3m26.9s/6m00.0s

running (3m27.9s), 300/300 VUs, 201956 complete and 0 interrupted iterations
default   [  58% ] 300/300 VUs  3m27.9s/6m00.0s

running (3m28.9s), 300/300 VUs, 202924 complete and 0 interrupted iterations
default   [  58% ] 300/300 VUs  3m28.9s/6m00.0s

running (3m29.9s), 300/300 VUs, 203906 complete and 0 interrupted iterations
default   [  58% ] 300/300 VUs  3m29.9s/6m00.0s

running (3m30.9s), 300/300 VUs, 204906 complete and 0 interrupted iterations
default   [  59% ] 300/300 VUs  3m30.9s/6m00.0s

running (3m31.9s), 300/300 VUs, 205856 complete and 0 interrupted iterations
default   [  59% ] 300/300 VUs  3m31.9s/6m00.0s

running (3m32.9s), 300/300 VUs, 206856 complete and 0 interrupted iterations
default   [  59% ] 300/300 VUs  3m32.9s/6m00.0s

running (3m33.9s), 300/300 VUs, 207856 complete and 0 interrupted iterations
default   [  59% ] 300/300 VUs  3m33.9s/6m00.0s

running (3m34.9s), 300/300 VUs, 208806 complete and 0 interrupted iterations
default   [  60% ] 300/300 VUs  3m34.9s/6m00.0s

running (3m35.9s), 300/300 VUs, 209806 complete and 0 interrupted iterations
default   [  60% ] 300/300 VUs  3m35.9s/6m00.0s

running (3m36.9s), 300/300 VUs, 210789 complete and 0 interrupted iterations
default   [  60% ] 300/300 VUs  3m36.9s/6m00.0s

running (3m37.9s), 300/300 VUs, 211756 complete and 0 interrupted iterations
default   [  61% ] 300/300 VUs  3m37.9s/6m00.0s

running (3m38.9s), 300/300 VUs, 212756 complete and 0 interrupted iterations
default   [  61% ] 300/300 VUs  3m38.9s/6m00.0s

running (3m39.9s), 300/300 VUs, 213756 complete and 0 interrupted iterations
default   [  61% ] 300/300 VUs  3m39.9s/6m00.0s

running (3m40.9s), 300/300 VUs, 214706 complete and 0 interrupted iterations
default   [  61% ] 300/300 VUs  3m40.9s/6m00.0s

running (3m41.9s), 300/300 VUs, 215706 complete and 0 interrupted iterations
default   [  62% ] 300/300 VUs  3m41.9s/6m00.0s

running (3m42.9s), 300/300 VUs, 216673 complete and 0 interrupted iterations
default   [  62% ] 300/300 VUs  3m42.9s/6m00.0s

running (3m43.9s), 300/300 VUs, 217656 complete and 0 interrupted iterations
default   [  62% ] 300/300 VUs  3m43.9s/6m00.0s

running (3m44.9s), 300/300 VUs, 218656 complete and 0 interrupted iterations
default   [  62% ] 300/300 VUs  3m44.9s/6m00.0s

running (3m45.9s), 300/300 VUs, 219613 complete and 0 interrupted iterations
default   [  63% ] 300/300 VUs  3m45.9s/6m00.0s

running (3m46.9s), 300/300 VUs, 220606 complete and 0 interrupted iterations
default   [  63% ] 300/300 VUs  3m46.9s/6m00.0s

running (3m47.9s), 300/300 VUs, 221606 complete and 0 interrupted iterations
default   [  63% ] 300/300 VUs  3m47.9s/6m00.0s

running (3m48.9s), 300/300 VUs, 222556 complete and 0 interrupted iterations
default   [  64% ] 300/300 VUs  3m48.9s/6m00.0s

running (3m49.9s), 300/300 VUs, 223556 complete and 0 interrupted iterations
default   [  64% ] 300/300 VUs  3m49.9s/6m00.0s

running (3m50.9s), 300/300 VUs, 224556 complete and 0 interrupted iterations
default   [  64% ] 300/300 VUs  3m50.9s/6m00.0s

running (3m51.9s), 300/300 VUs, 225506 complete and 0 interrupted iterations
default   [  64% ] 300/300 VUs  3m51.9s/6m00.0s

running (3m52.9s), 300/300 VUs, 226506 complete and 0 interrupted iterations
default   [  65% ] 300/300 VUs  3m52.9s/6m00.0s

running (3m53.9s), 300/300 VUs, 227482 complete and 0 interrupted iterations
default   [  65% ] 300/300 VUs  3m53.9s/6m00.0s

running (3m54.9s), 300/300 VUs, 228456 complete and 0 interrupted iterations
default   [  65% ] 300/300 VUs  3m54.9s/6m00.0s

running (3m55.9s), 300/300 VUs, 229456 complete and 0 interrupted iterations
default   [  66% ] 300/300 VUs  3m55.9s/6m00.0s

running (3m56.9s), 300/300 VUs, 230431 complete and 0 interrupted iterations
default   [  66% ] 300/300 VUs  3m56.9s/6m00.0s

running (3m57.9s), 300/300 VUs, 231406 complete and 0 interrupted iterations
default   [  66% ] 300/300 VUs  3m57.9s/6m00.0s

running (3m58.9s), 300/300 VUs, 232406 complete and 0 interrupted iterations
default   [  66% ] 300/300 VUs  3m58.9s/6m00.0s

running (3m59.9s), 300/300 VUs, 233406 complete and 0 interrupted iterations
default   [  67% ] 300/300 VUs  3m59.9s/6m00.0s

running (4m00.9s), 300/300 VUs, 234356 complete and 0 interrupted iterations
default   [  67% ] 300/300 VUs  4m00.9s/6m00.0s

running (4m01.9s), 300/300 VUs, 235356 complete and 0 interrupted iterations
default   [  67% ] 300/300 VUs  4m01.9s/6m00.0s

running (4m02.9s), 300/300 VUs, 236332 complete and 0 interrupted iterations
default   [  67% ] 300/300 VUs  4m02.9s/6m00.0s

running (4m03.9s), 300/300 VUs, 237306 complete and 0 interrupted iterations
default   [  68% ] 300/300 VUs  4m03.9s/6m00.0s

running (4m04.9s), 300/300 VUs, 238306 complete and 0 interrupted iterations
default   [  68% ] 300/300 VUs  4m04.9s/6m00.0s

running (4m05.9s), 300/300 VUs, 239261 complete and 0 interrupted iterations
default   [  68% ] 300/300 VUs  4m05.9s/6m00.0s

running (4m06.9s), 300/300 VUs, 240256 complete and 0 interrupted iterations
default   [  69% ] 300/300 VUs  4m06.9s/6m00.0s

running (4m07.9s), 300/300 VUs, 241256 complete and 0 interrupted iterations
default   [  69% ] 300/300 VUs  4m07.9s/6m00.0s

running (4m08.9s), 300/300 VUs, 242206 complete and 0 interrupted iterations
default   [  69% ] 300/300 VUs  4m08.9s/6m00.0s

running (4m09.9s), 300/300 VUs, 243206 complete and 0 interrupted iterations
default   [  69% ] 300/300 VUs  4m09.9s/6m00.0s

running (4m10.9s), 300/300 VUs, 244206 complete and 0 interrupted iterations
default   [  70% ] 300/300 VUs  4m10.9s/6m00.0s

running (4m11.9s), 300/300 VUs, 245156 complete and 0 interrupted iterations
default   [  70% ] 300/300 VUs  4m11.9s/6m00.0s

running (4m12.9s), 300/300 VUs, 246156 complete and 0 interrupted iterations
default   [  70% ] 300/300 VUs  4m12.9s/6m00.0s

running (4m13.9s), 300/300 VUs, 247156 complete and 0 interrupted iterations
default   [  71% ] 300/300 VUs  4m13.9s/6m00.0s

running (4m14.9s), 300/300 VUs, 248106 complete and 0 interrupted iterations
default   [  71% ] 300/300 VUs  4m14.9s/6m00.0s

running (4m15.9s), 300/300 VUs, 249106 complete and 0 interrupted iterations
default   [  71% ] 300/300 VUs  4m15.9s/6m00.0s

running (4m16.9s), 300/300 VUs, 250106 complete and 0 interrupted iterations
default   [  71% ] 300/300 VUs  4m16.9s/6m00.0s

running (4m17.9s), 300/300 VUs, 251056 complete and 0 interrupted iterations
default   [  72% ] 300/300 VUs  4m17.9s/6m00.0s

running (4m18.9s), 300/300 VUs, 252056 complete and 0 interrupted iterations
default   [  72% ] 300/300 VUs  4m18.9s/6m00.0s

running (4m19.9s), 300/300 VUs, 253056 complete and 0 interrupted iterations
default   [  72% ] 300/300 VUs  4m19.9s/6m00.0s

running (4m20.9s), 300/300 VUs, 254006 complete and 0 interrupted iterations
default   [  72% ] 300/300 VUs  4m20.9s/6m00.0s

running (4m21.9s), 300/300 VUs, 255006 complete and 0 interrupted iterations
default   [  73% ] 300/300 VUs  4m21.9s/6m00.0s

running (4m22.9s), 300/300 VUs, 255977 complete and 0 interrupted iterations
default   [  73% ] 300/300 VUs  4m22.9s/6m00.0s

running (4m23.9s), 300/300 VUs, 256956 complete and 0 interrupted iterations
default   [  73% ] 300/300 VUs  4m23.9s/6m00.0s

running (4m24.9s), 300/300 VUs, 257956 complete and 0 interrupted iterations
default   [  74% ] 300/300 VUs  4m24.9s/6m00.0s

running (4m25.9s), 300/300 VUs, 258913 complete and 0 interrupted iterations
default   [  74% ] 300/300 VUs  4m25.9s/6m00.0s

running (4m26.9s), 300/300 VUs, 259906 complete and 0 interrupted iterations
default   [  74% ] 300/300 VUs  4m26.9s/6m00.0s

running (4m27.9s), 300/300 VUs, 260906 complete and 0 interrupted iterations
default   [  74% ] 300/300 VUs  4m27.9s/6m00.0s

running (4m28.9s), 300/300 VUs, 261856 complete and 0 interrupted iterations
default   [  75% ] 300/300 VUs  4m28.9s/6m00.0s

running (4m29.9s), 300/300 VUs, 262856 complete and 0 interrupted iterations
default   [  75% ] 300/300 VUs  4m29.9s/6m00.0s

running (4m30.9s), 300/300 VUs, 263856 complete and 0 interrupted iterations
default   [  75% ] 300/300 VUs  4m30.9s/6m00.0s

running (4m31.9s), 300/300 VUs, 264806 complete and 0 interrupted iterations
default   [  76% ] 300/300 VUs  4m31.9s/6m00.0s

running (4m32.9s), 300/300 VUs, 265806 complete and 0 interrupted iterations
default   [  76% ] 300/300 VUs  4m32.9s/6m00.0s

running (4m33.9s), 300/300 VUs, 266806 complete and 0 interrupted iterations
default   [  76% ] 300/300 VUs  4m33.9s/6m00.0s

running (4m34.9s), 300/300 VUs, 267756 complete and 0 interrupted iterations
default   [  76% ] 300/300 VUs  4m34.9s/6m00.0s

running (4m35.9s), 300/300 VUs, 268756 complete and 0 interrupted iterations
default   [  77% ] 300/300 VUs  4m35.9s/6m00.0s

running (4m36.9s), 300/300 VUs, 269756 complete and 0 interrupted iterations
default   [  77% ] 300/300 VUs  4m36.9s/6m00.0s

running (4m37.9s), 300/300 VUs, 270706 complete and 0 interrupted iterations
default   [  77% ] 300/300 VUs  4m37.9s/6m00.0s

running (4m38.9s), 300/300 VUs, 271706 complete and 0 interrupted iterations
default   [  77% ] 300/300 VUs  4m38.9s/6m00.0s

running (4m39.9s), 300/300 VUs, 272706 complete and 0 interrupted iterations
default   [  78% ] 300/300 VUs  4m39.9s/6m00.0s

running (4m40.9s), 300/300 VUs, 273656 complete and 0 interrupted iterations
default   [  78% ] 300/300 VUs  4m40.9s/6m00.0s

running (4m41.9s), 300/300 VUs, 274656 complete and 0 interrupted iterations
default   [  78% ] 300/300 VUs  4m41.9s/6m00.0s

running (4m42.9s), 300/300 VUs, 275632 complete and 0 interrupted iterations
default   [  79% ] 300/300 VUs  4m42.9s/6m00.0s

running (4m43.9s), 300/300 VUs, 276606 complete and 0 interrupted iterations
default   [  79% ] 300/300 VUs  4m43.9s/6m00.0s

running (4m44.9s), 300/300 VUs, 277606 complete and 0 interrupted iterations
default   [  79% ] 300/300 VUs  4m44.9s/6m00.0s

running (4m45.9s), 300/300 VUs, 278556 complete and 0 interrupted iterations
default   [  79% ] 300/300 VUs  4m45.9s/6m00.0s

running (4m46.9s), 300/300 VUs, 279556 complete and 0 interrupted iterations
default   [  80% ] 300/300 VUs  4m46.9s/6m00.0s

running (4m47.9s), 300/300 VUs, 280556 complete and 0 interrupted iterations
default   [  80% ] 300/300 VUs  4m47.9s/6m00.0s

running (4m48.9s), 300/300 VUs, 281506 complete and 0 interrupted iterations
default   [  80% ] 300/300 VUs  4m48.9s/6m00.0s

running (4m49.9s), 300/300 VUs, 282506 complete and 0 interrupted iterations
default   [  81% ] 300/300 VUs  4m49.9s/6m00.0s

running (4m50.9s), 300/300 VUs, 283506 complete and 0 interrupted iterations
default   [  81% ] 300/300 VUs  4m50.9s/6m00.0s

running (4m51.9s), 300/300 VUs, 284456 complete and 0 interrupted iterations
default   [  81% ] 300/300 VUs  4m51.9s/6m00.0s

running (4m52.9s), 300/300 VUs, 285456 complete and 0 interrupted iterations
default   [  81% ] 300/300 VUs  4m52.9s/6m00.0s

running (4m53.9s), 300/300 VUs, 286456 complete and 0 interrupted iterations
default   [  82% ] 300/300 VUs  4m53.9s/6m00.0s

running (4m54.9s), 300/300 VUs, 287406 complete and 0 interrupted iterations
default   [  82% ] 300/300 VUs  4m54.9s/6m00.0s

running (4m55.9s), 300/300 VUs, 288406 complete and 0 interrupted iterations
default   [  82% ] 300/300 VUs  4m55.9s/6m00.0s

running (4m56.9s), 300/300 VUs, 289406 complete and 0 interrupted iterations
default   [  82% ] 300/300 VUs  4m56.9s/6m00.0s

running (4m57.9s), 300/300 VUs, 290356 complete and 0 interrupted iterations
default   [  83% ] 300/300 VUs  4m57.9s/6m00.0s

running (4m58.9s), 300/300 VUs, 291356 complete and 0 interrupted iterations
default   [  83% ] 300/300 VUs  4m58.9s/6m00.0s

running (4m59.9s), 300/300 VUs, 292356 complete and 0 interrupted iterations
default   [  83% ] 300/300 VUs  4m59.9s/6m00.0s

running (5m00.9s), 300/300 VUs, 293306 complete and 0 interrupted iterations
default   [  84% ] 300/300 VUs  5m00.9s/6m00.0s

running (5m01.9s), 300/300 VUs, 294306 complete and 0 interrupted iterations
default   [  84% ] 300/300 VUs  5m01.9s/6m00.0s

running (5m02.9s), 300/300 VUs, 295303 complete and 0 interrupted iterations
default   [  84% ] 300/300 VUs  5m02.9s/6m00.0s

running (5m03.9s), 300/300 VUs, 296256 complete and 0 interrupted iterations
default   [  84% ] 300/300 VUs  5m03.9s/6m00.0s

running (5m04.9s), 300/300 VUs, 297256 complete and 0 interrupted iterations
default   [  85% ] 300/300 VUs  5m04.9s/6m00.0s

running (5m05.9s), 300/300 VUs, 298233 complete and 0 interrupted iterations
default   [  85% ] 300/300 VUs  5m05.9s/6m00.0s

running (5m06.9s), 300/300 VUs, 299206 complete and 0 interrupted iterations
default   [  85% ] 300/300 VUs  5m06.9s/6m00.0s

running (5m07.9s), 300/300 VUs, 300206 complete and 0 interrupted iterations
default   [  86% ] 300/300 VUs  5m07.9s/6m00.0s

running (5m08.9s), 300/300 VUs, 301169 complete and 0 interrupted iterations
default   [  86% ] 300/300 VUs  5m08.9s/6m00.0s

running (5m09.9s), 300/300 VUs, 302156 complete and 0 interrupted iterations
default   [  86% ] 300/300 VUs  5m09.9s/6m00.0s

running (5m10.9s), 300/300 VUs, 303156 complete and 0 interrupted iterations
default   [  86% ] 300/300 VUs  5m10.9s/6m00.0s

running (5m11.9s), 300/300 VUs, 304136 complete and 0 interrupted iterations
default   [  87% ] 300/300 VUs  5m11.9s/6m00.0s

running (5m12.9s), 300/300 VUs, 305106 complete and 0 interrupted iterations
default   [  87% ] 300/300 VUs  5m12.9s/6m00.0s

running (5m13.9s), 300/300 VUs, 306106 complete and 0 interrupted iterations
default   [  87% ] 300/300 VUs  5m13.9s/6m00.0s

running (5m14.9s), 300/300 VUs, 307070 complete and 0 interrupted iterations
default   [  87% ] 300/300 VUs  5m14.9s/6m00.0s

running (5m15.9s), 300/300 VUs, 308056 complete and 0 interrupted iterations
default   [  88% ] 300/300 VUs  5m15.9s/6m00.0s

running (5m16.9s), 300/300 VUs, 309056 complete and 0 interrupted iterations
default   [  88% ] 300/300 VUs  5m16.9s/6m00.0s

running (5m17.9s), 300/300 VUs, 310023 complete and 0 interrupted iterations
default   [  88% ] 300/300 VUs  5m17.9s/6m00.0s

running (5m18.9s), 300/300 VUs, 311006 complete and 0 interrupted iterations
default   [  89% ] 300/300 VUs  5m18.9s/6m00.0s

running (5m19.9s), 300/300 VUs, 312006 complete and 0 interrupted iterations
default   [  89% ] 300/300 VUs  5m19.9s/6m00.0s

running (5m20.9s), 300/300 VUs, 312961 complete and 0 interrupted iterations
default   [  89% ] 300/300 VUs  5m20.9s/6m00.0s

running (5m21.9s), 300/300 VUs, 313956 complete and 0 interrupted iterations
default   [  89% ] 300/300 VUs  5m21.9s/6m00.0s

running (5m22.9s), 300/300 VUs, 314956 complete and 0 interrupted iterations
default   [  90% ] 300/300 VUs  5m22.9s/6m00.0s

running (5m23.9s), 300/300 VUs, 315906 complete and 0 interrupted iterations
default   [  90% ] 300/300 VUs  5m23.9s/6m00.0s

running (5m24.9s), 300/300 VUs, 316906 complete and 0 interrupted iterations
default   [  90% ] 300/300 VUs  5m24.9s/6m00.0s

running (5m25.9s), 300/300 VUs, 317906 complete and 0 interrupted iterations
default   [  91% ] 300/300 VUs  5m25.9s/6m00.0s

running (5m26.9s), 300/300 VUs, 318856 complete and 0 interrupted iterations
default   [  91% ] 300/300 VUs  5m26.9s/6m00.0s

running (5m27.9s), 300/300 VUs, 319856 complete and 0 interrupted iterations
default   [  91% ] 300/300 VUs  5m27.9s/6m00.0s

running (5m28.9s), 300/300 VUs, 320856 complete and 0 interrupted iterations
default   [  91% ] 300/300 VUs  5m28.9s/6m00.0s

running (5m29.9s), 300/300 VUs, 321806 complete and 0 interrupted iterations
default   [  92% ] 300/300 VUs  5m29.9s/6m00.0s

running (5m30.9s), 294/300 VUs, 322806 complete and 0 interrupted iterations
default   [  92% ] 294/300 VUs  5m30.9s/6m00.0s

running (5m31.9s), 282/300 VUs, 323806 complete and 0 interrupted iterations
default   [  92% ] 282/300 VUs  5m31.9s/6m00.0s

running (5m32.9s), 275/300 VUs, 324756 complete and 0 interrupted iterations
default   [  92% ] 275/300 VUs  5m32.9s/6m00.0s

running (5m33.9s), 263/300 VUs, 325756 complete and 0 interrupted iterations
default   [  93% ] 263/300 VUs  5m33.9s/6m00.0s

running (5m34.9s), 253/300 VUs, 326756 complete and 0 interrupted iterations
default   [  93% ] 253/300 VUs  5m34.9s/6m00.0s

running (5m35.9s), 243/300 VUs, 327706 complete and 0 interrupted iterations
default   [  93% ] 243/300 VUs  5m35.9s/6m00.0s

running (5m36.9s), 235/300 VUs, 328706 complete and 0 interrupted iterations
default   [  94% ] 235/300 VUs  5m36.9s/6m00.0s

running (5m37.9s), 223/300 VUs, 329706 complete and 0 interrupted iterations
default   [  94% ] 223/300 VUs  5m37.9s/6m00.0s

running (5m38.9s), 215/300 VUs, 330656 complete and 0 interrupted iterations
default   [  94% ] 215/300 VUs  5m38.9s/6m00.0s

running (5m39.9s), 203/300 VUs, 331656 complete and 0 interrupted iterations
default   [  94% ] 203/300 VUs  5m39.9s/6m00.0s

running (5m40.9s), 193/300 VUs, 332656 complete and 0 interrupted iterations
default   [  95% ] 193/300 VUs  5m40.9s/6m00.0s

running (5m41.9s), 183/300 VUs, 333606 complete and 0 interrupted iterations
default   [  95% ] 183/300 VUs  5m41.9s/6m00.0s

running (5m42.9s), 173/300 VUs, 334606 complete and 0 interrupted iterations
default   [  95% ] 173/300 VUs  5m42.9s/6m00.0s

running (5m43.9s), 163/300 VUs, 335606 complete and 0 interrupted iterations
default   [  96% ] 163/300 VUs  5m43.9s/6m00.0s

running (5m44.9s), 152/300 VUs, 336556 complete and 0 interrupted iterations
default   [  96% ] 152/300 VUs  5m44.9s/6m00.0s

running (5m45.9s), 142/300 VUs, 337556 complete and 0 interrupted iterations
default   [  96% ] 142/300 VUs  5m45.9s/6m00.0s

running (5m46.9s), 133/300 VUs, 338545 complete and 0 interrupted iterations
default   [  96% ] 133/300 VUs  5m46.9s/6m00.0s

running (5m47.9s), 123/300 VUs, 339506 complete and 0 interrupted iterations
default   [  97% ] 123/300 VUs  5m47.9s/6m00.0s

running (5m48.9s), 112/300 VUs, 340506 complete and 0 interrupted iterations
default   [  97% ] 112/300 VUs  5m48.9s/6m00.0s

running (5m49.9s), 103/300 VUs, 341506 complete and 0 interrupted iterations
default   [  97% ] 103/300 VUs  5m49.9s/6m00.0s

running (5m50.9s), 092/300 VUs, 342456 complete and 0 interrupted iterations
default   [  97% ] 092/300 VUs  5m50.9s/6m00.0s

running (5m51.9s), 082/300 VUs, 343456 complete and 0 interrupted iterations
default   [  98% ] 082/300 VUs  5m51.9s/6m00.0s

running (5m52.9s), 072/300 VUs, 344448 complete and 0 interrupted iterations
default   [  98% ] 072/300 VUs  5m52.9s/6m00.0s

running (5m53.9s), 062/300 VUs, 345406 complete and 0 interrupted iterations
default   [  98% ] 062/300 VUs  5m53.9s/6m00.0s

running (5m54.9s), 052/300 VUs, 346406 complete and 0 interrupted iterations
default   [  99% ] 052/300 VUs  5m54.9s/6m00.0s

running (5m55.9s), 042/300 VUs, 347342 complete and 0 interrupted iterations
default   [  99% ] 042/300 VUs  5m55.9s/6m00.0s

running (5m56.9s), 032/300 VUs, 348050 complete and 0 interrupted iterations
default   [  99% ] 032/300 VUs  5m56.9s/6m00.0s

running (5m57.9s), 022/300 VUs, 348569 complete and 0 interrupted iterations
default   [  99% ] 022/300 VUs  5m57.9s/6m00.0s

running (5m58.9s), 012/300 VUs, 348917 complete and 0 interrupted iterations
default   [ 100% ] 012/300 VUs  5m58.9s/6m00.0s

running (5m59.9s), 002/300 VUs, 349055 complete and 0 interrupted iterations
default   [ 100% ] 002/300 VUs  5m59.9s/6m00.0s


  █ THRESHOLDS 

    checks
    ✓ 'rate>0.95' rate=100.00%

    http_req_duration
    ✓ 'p(95)<5000' p(95)=610.55ms
    ✓ 'p(99)<10000' p(99)=912.74ms

    http_req_failed
    ✓ 'rate<0.05' rate=0.00%


  █ TOTAL RESULTS 

    checks_total.......: 1396244 3878.084609/s
    checks_succeeded...: 100.00% 1396244 out of 1396244
    checks_failed......: 0.00%   0 out of 1396244

    ✓ status is 200
    ✓ content-type is json
    ✓ workloadType is IO-BOUND
    ✓ executionTimeMs exists

    CUSTOM
    response_time_ms...............: min=50.569724 avg=283.577529 med=302.870999 max=2135.710565 p(90)=459.029072 p(95)=610.558741 p(99)=912.741164
    successful_requests............: 349061 969.521152/s

    HTTP
    http_req_duration..............: min=50.56ms   avg=283.57ms   med=302.87ms   max=2.13s       p(90)=459.02ms   p(95)=610.55ms   p(99)=912.74ms  
      { expected_response:true }...: min=50.56ms   avg=283.57ms   med=302.87ms   max=2.13s       p(90)=459.02ms   p(95)=610.55ms   p(99)=912.74ms  
    http_req_failed................: 0.00%  0 out of 349061
    http_reqs......................: 349061 969.521152/s

    EXECUTION
    iteration_duration.............: min=50.69ms   avg=283.74ms   med=303.01ms   max=2.13s       p(90)=459.23ms   p(95)=610.71ms   p(99)=912.89ms  
    iterations.....................: 349061 969.521152/s
    vus............................: 2      min=2           max=300
    vus_max........................: 300    min=300         max=300

    NETWORK
    data_received..................: 97 MB  269 kB/s
    data_sent......................: 28 MB  77 kB/s




running (6m00.0s), 000/300 VUs, 349061 complete and 0 interrupted iterations
default ✓ [ 100% ] 000/300 VUs  6m0s
