
         /\      Grafana   /‾‾/  
    /\  /  \     |\  __   /  /   
   /  \/    \    | |/ /  /   ‾‾\ 
  /          \   |   (  |  (‾)  |
 / __________ \  |_|\_\  \_____/ 


     execution: local
        script: io-bound-test.js
        output: -

     scenarios: (100.00%) 1 scenario, 200 max VUs, 4m30s max duration (incl. graceful stop):
              * default: Up to 200 looping VUs for 4m0s over 3 stages (gracefulRampDown: 30s, gracefulStop: 30s)


running (0m00.9s), 007/200 VUs, 57 complete and 0 interrupted iterations
default   [   0% ] 007/200 VUs  0m00.9s/4m00.0s

running (0m01.9s), 013/200 VUs, 247 complete and 0 interrupted iterations
default   [   1% ] 013/200 VUs  0m01.9s/4m00.0s

running (0m02.9s), 020/200 VUs, 568 complete and 0 interrupted iterations
default   [   1% ] 020/200 VUs  0m02.9s/4m00.0s

running (0m03.9s), 026/200 VUs, 1016 complete and 0 interrupted iterations
default   [   2% ] 026/200 VUs  0m03.9s/4m00.0s

running (0m04.9s), 033/200 VUs, 1591 complete and 0 interrupted iterations
default   [   2% ] 033/200 VUs  0m04.9s/4m00.0s

running (0m05.9s), 040/200 VUs, 2302 complete and 0 interrupted iterations
default   [   2% ] 040/200 VUs  0m05.9s/4m00.0s

running (0m06.9s), 046/200 VUs, 3131 complete and 0 interrupted iterations
default   [   3% ] 046/200 VUs  0m06.9s/4m00.0s

running (0m07.9s), 053/200 VUs, 4101 complete and 0 interrupted iterations
default   [   3% ] 053/200 VUs  0m07.9s/4m00.0s

running (0m08.9s), 060/200 VUs, 5083 complete and 0 interrupted iterations
default   [   4% ] 060/200 VUs  0m08.9s/4m00.0s

running (0m09.9s), 066/200 VUs, 6059 complete and 0 interrupted iterations
default   [   4% ] 066/200 VUs  0m09.9s/4m00.0s

running (0m10.9s), 073/200 VUs, 7059 complete and 0 interrupted iterations
default   [   5% ] 073/200 VUs  0m10.9s/4m00.0s

running (0m11.9s), 079/200 VUs, 8050 complete and 0 interrupted iterations
default   [   5% ] 079/200 VUs  0m11.9s/4m00.0s

running (0m12.9s), 086/200 VUs, 9009 complete and 0 interrupted iterations
default   [   5% ] 086/200 VUs  0m12.9s/4m00.0s

running (0m13.9s), 093/200 VUs, 10009 complete and 0 interrupted iterations
default   [   6% ] 093/200 VUs  0m13.9s/4m00.0s

running (0m14.9s), 099/200 VUs, 11009 complete and 0 interrupted iterations
default   [   6% ] 099/200 VUs  0m14.9s/4m00.0s

running (0m15.9s), 106/200 VUs, 11959 complete and 0 interrupted iterations
default   [   7% ] 106/200 VUs  0m15.9s/4m00.0s

running (0m16.9s), 113/200 VUs, 12959 complete and 0 interrupted iterations
default   [   7% ] 113/200 VUs  0m16.9s/4m00.0s

running (0m17.9s), 119/200 VUs, 13959 complete and 0 interrupted iterations
default   [   7% ] 119/200 VUs  0m17.9s/4m00.0s

running (0m18.9s), 126/200 VUs, 14909 complete and 0 interrupted iterations
default   [   8% ] 126/200 VUs  0m18.9s/4m00.0s

running (0m19.9s), 133/200 VUs, 15909 complete and 0 interrupted iterations
default   [   8% ] 133/200 VUs  0m19.9s/4m00.0s

running (0m20.9s), 139/200 VUs, 16909 complete and 0 interrupted iterations
default   [   9% ] 139/200 VUs  0m20.9s/4m00.0s

running (0m21.9s), 146/200 VUs, 17861 complete and 0 interrupted iterations
default   [   9% ] 146/200 VUs  0m21.9s/4m00.0s

running (0m22.9s), 152/200 VUs, 18859 complete and 0 interrupted iterations
default   [  10% ] 152/200 VUs  0m22.9s/4m00.0s

running (0m23.9s), 159/200 VUs, 19859 complete and 0 interrupted iterations
default   [  10% ] 159/200 VUs  0m23.9s/4m00.0s

running (0m24.9s), 166/200 VUs, 20830 complete and 0 interrupted iterations
default   [  10% ] 166/200 VUs  0m24.9s/4m00.0s

running (0m25.9s), 172/200 VUs, 21809 complete and 0 interrupted iterations
default   [  11% ] 172/200 VUs  0m25.9s/4m00.0s

running (0m26.9s), 179/200 VUs, 22809 complete and 0 interrupted iterations
default   [  11% ] 179/200 VUs  0m26.9s/4m00.0s

running (0m27.9s), 186/200 VUs, 23796 complete and 0 interrupted iterations
default   [  12% ] 186/200 VUs  0m27.9s/4m00.0s

running (0m28.9s), 192/200 VUs, 24759 complete and 0 interrupted iterations
default   [  12% ] 192/200 VUs  0m28.9s/4m00.0s

running (0m29.9s), 199/200 VUs, 25759 complete and 0 interrupted iterations
default   [  12% ] 199/200 VUs  0m29.9s/4m00.0s

running (0m30.9s), 200/200 VUs, 26759 complete and 0 interrupted iterations
default   [  13% ] 200/200 VUs  0m30.9s/4m00.0s

running (0m31.9s), 200/200 VUs, 27709 complete and 0 interrupted iterations
default   [  13% ] 200/200 VUs  0m31.9s/4m00.0s

running (0m32.9s), 200/200 VUs, 28709 complete and 0 interrupted iterations
default   [  14% ] 200/200 VUs  0m32.9s/4m00.0s

running (0m33.9s), 200/200 VUs, 29709 complete and 0 interrupted iterations
default   [  14% ] 200/200 VUs  0m33.9s/4m00.0s

running (0m34.9s), 200/200 VUs, 30659 complete and 0 interrupted iterations
default   [  15% ] 200/200 VUs  0m34.9s/4m00.0s

running (0m35.9s), 200/200 VUs, 31659 complete and 0 interrupted iterations
default   [  15% ] 200/200 VUs  0m35.9s/4m00.0s

running (0m36.9s), 200/200 VUs, 32659 complete and 0 interrupted iterations
default   [  15% ] 200/200 VUs  0m36.9s/4m00.0s

running (0m37.9s), 200/200 VUs, 33609 complete and 0 interrupted iterations
default   [  16% ] 200/200 VUs  0m37.9s/4m00.0s

running (0m38.9s), 200/200 VUs, 34609 complete and 0 interrupted iterations
default   [  16% ] 200/200 VUs  0m38.9s/4m00.0s

running (0m39.9s), 200/200 VUs, 35609 complete and 0 interrupted iterations
default   [  17% ] 200/200 VUs  0m39.9s/4m00.0s

running (0m40.9s), 200/200 VUs, 36559 complete and 0 interrupted iterations
default   [  17% ] 200/200 VUs  0m40.9s/4m00.0s

running (0m41.9s), 200/200 VUs, 37559 complete and 0 interrupted iterations
default   [  17% ] 200/200 VUs  0m41.9s/4m00.0s

running (0m42.9s), 200/200 VUs, 38559 complete and 0 interrupted iterations
default   [  18% ] 200/200 VUs  0m42.9s/4m00.0s

running (0m43.9s), 200/200 VUs, 39515 complete and 0 interrupted iterations
default   [  18% ] 200/200 VUs  0m43.9s/4m00.0s

running (0m44.9s), 200/200 VUs, 40509 complete and 0 interrupted iterations
default   [  19% ] 200/200 VUs  0m44.9s/4m00.0s

running (0m45.9s), 200/200 VUs, 41509 complete and 0 interrupted iterations
default   [  19% ] 200/200 VUs  0m45.9s/4m00.0s

running (0m46.9s), 200/200 VUs, 42459 complete and 0 interrupted iterations
default   [  20% ] 200/200 VUs  0m46.9s/4m00.0s

running (0m47.9s), 200/200 VUs, 43459 complete and 0 interrupted iterations
default   [  20% ] 200/200 VUs  0m47.9s/4m00.0s

running (0m48.9s), 200/200 VUs, 44450 complete and 0 interrupted iterations
default   [  20% ] 200/200 VUs  0m48.9s/4m00.0s

running (0m49.9s), 200/200 VUs, 45409 complete and 0 interrupted iterations
default   [  21% ] 200/200 VUs  0m49.9s/4m00.0s

running (0m50.9s), 200/200 VUs, 46409 complete and 0 interrupted iterations
default   [  21% ] 200/200 VUs  0m50.9s/4m00.0s

running (0m51.9s), 200/200 VUs, 47409 complete and 0 interrupted iterations
default   [  22% ] 200/200 VUs  0m51.9s/4m00.0s

running (0m52.9s), 200/200 VUs, 48359 complete and 0 interrupted iterations
default   [  22% ] 200/200 VUs  0m52.9s/4m00.0s

running (0m53.9s), 200/200 VUs, 49359 complete and 0 interrupted iterations
default   [  22% ] 200/200 VUs  0m53.9s/4m00.0s

running (0m54.9s), 200/200 VUs, 50359 complete and 0 interrupted iterations
default   [  23% ] 200/200 VUs  0m54.9s/4m00.0s

running (0m55.9s), 200/200 VUs, 51309 complete and 0 interrupted iterations
default   [  23% ] 200/200 VUs  0m55.9s/4m00.0s

running (0m56.9s), 200/200 VUs, 52309 complete and 0 interrupted iterations
default   [  24% ] 200/200 VUs  0m56.9s/4m00.0s

running (0m57.9s), 200/200 VUs, 53306 complete and 0 interrupted iterations
default   [  24% ] 200/200 VUs  0m57.9s/4m00.0s

running (0m58.9s), 200/200 VUs, 54259 complete and 0 interrupted iterations
default   [  25% ] 200/200 VUs  0m58.9s/4m00.0s

running (0m59.9s), 200/200 VUs, 55259 complete and 0 interrupted iterations
default   [  25% ] 200/200 VUs  0m59.9s/4m00.0s

running (1m00.9s), 200/200 VUs, 56259 complete and 0 interrupted iterations
default   [  25% ] 200/200 VUs  1m00.9s/4m00.0s

running (1m01.9s), 200/200 VUs, 57209 complete and 0 interrupted iterations
default   [  26% ] 200/200 VUs  1m01.9s/4m00.0s

running (1m02.9s), 200/200 VUs, 58209 complete and 0 interrupted iterations
default   [  26% ] 200/200 VUs  1m02.9s/4m00.0s

running (1m03.9s), 200/200 VUs, 59209 complete and 0 interrupted iterations
default   [  27% ] 200/200 VUs  1m03.9s/4m00.0s

running (1m04.9s), 200/200 VUs, 60159 complete and 0 interrupted iterations
default   [  27% ] 200/200 VUs  1m04.9s/4m00.0s

running (1m05.9s), 200/200 VUs, 61159 complete and 0 interrupted iterations
default   [  27% ] 200/200 VUs  1m05.9s/4m00.0s

running (1m06.9s), 200/200 VUs, 62158 complete and 0 interrupted iterations
default   [  28% ] 200/200 VUs  1m06.9s/4m00.0s

running (1m07.9s), 200/200 VUs, 63109 complete and 0 interrupted iterations
default   [  28% ] 200/200 VUs  1m07.9s/4m00.0s

running (1m08.9s), 200/200 VUs, 64109 complete and 0 interrupted iterations
default   [  29% ] 200/200 VUs  1m08.9s/4m00.0s

running (1m09.9s), 200/200 VUs, 65109 complete and 0 interrupted iterations
default   [  29% ] 200/200 VUs  1m09.9s/4m00.0s

running (1m10.9s), 200/200 VUs, 66067 complete and 0 interrupted iterations
default   [  30% ] 200/200 VUs  1m10.9s/4m00.0s

running (1m11.9s), 200/200 VUs, 67059 complete and 0 interrupted iterations
default   [  30% ] 200/200 VUs  1m11.9s/4m00.0s

running (1m12.9s), 200/200 VUs, 68059 complete and 0 interrupted iterations
default   [  30% ] 200/200 VUs  1m12.9s/4m00.0s

running (1m13.9s), 200/200 VUs, 69016 complete and 0 interrupted iterations
default   [  31% ] 200/200 VUs  1m13.9s/4m00.0s

running (1m14.9s), 200/200 VUs, 70009 complete and 0 interrupted iterations
default   [  31% ] 200/200 VUs  1m14.9s/4m00.0s

running (1m15.9s), 200/200 VUs, 71009 complete and 0 interrupted iterations
default   [  32% ] 200/200 VUs  1m15.9s/4m00.0s

running (1m16.9s), 200/200 VUs, 71974 complete and 0 interrupted iterations
default   [  32% ] 200/200 VUs  1m16.9s/4m00.0s

running (1m17.9s), 200/200 VUs, 72959 complete and 0 interrupted iterations
default   [  32% ] 200/200 VUs  1m17.9s/4m00.0s

running (1m18.9s), 200/200 VUs, 73959 complete and 0 interrupted iterations
default   [  33% ] 200/200 VUs  1m18.9s/4m00.0s

running (1m19.9s), 200/200 VUs, 74933 complete and 0 interrupted iterations
default   [  33% ] 200/200 VUs  1m19.9s/4m00.0s

running (1m20.9s), 200/200 VUs, 75909 complete and 0 interrupted iterations
default   [  34% ] 200/200 VUs  1m20.9s/4m00.0s

running (1m21.9s), 200/200 VUs, 76909 complete and 0 interrupted iterations
default   [  34% ] 200/200 VUs  1m21.9s/4m00.0s

running (1m22.9s), 200/200 VUs, 77874 complete and 0 interrupted iterations
default   [  35% ] 200/200 VUs  1m22.9s/4m00.0s

running (1m23.9s), 200/200 VUs, 78859 complete and 0 interrupted iterations
default   [  35% ] 200/200 VUs  1m23.9s/4m00.0s

running (1m24.9s), 200/200 VUs, 79859 complete and 0 interrupted iterations
default   [  35% ] 200/200 VUs  1m24.9s/4m00.0s

running (1m25.9s), 200/200 VUs, 80815 complete and 0 interrupted iterations
default   [  36% ] 200/200 VUs  1m25.9s/4m00.0s

running (1m26.9s), 200/200 VUs, 81809 complete and 0 interrupted iterations
default   [  36% ] 200/200 VUs  1m26.9s/4m00.0s

running (1m27.9s), 200/200 VUs, 82809 complete and 0 interrupted iterations
default   [  37% ] 200/200 VUs  1m27.9s/4m00.0s

running (1m28.9s), 200/200 VUs, 83774 complete and 0 interrupted iterations
default   [  37% ] 200/200 VUs  1m28.9s/4m00.0s

running (1m29.9s), 200/200 VUs, 84759 complete and 0 interrupted iterations
default   [  37% ] 200/200 VUs  1m29.9s/4m00.0s

running (1m30.9s), 200/200 VUs, 85759 complete and 0 interrupted iterations
default   [  38% ] 200/200 VUs  1m30.9s/4m00.0s

running (1m31.9s), 200/200 VUs, 86715 complete and 0 interrupted iterations
default   [  38% ] 200/200 VUs  1m31.9s/4m00.0s

running (1m32.9s), 200/200 VUs, 87709 complete and 0 interrupted iterations
default   [  39% ] 200/200 VUs  1m32.9s/4m00.0s

running (1m33.9s), 200/200 VUs, 88709 complete and 0 interrupted iterations
default   [  39% ] 200/200 VUs  1m33.9s/4m00.0s

running (1m34.9s), 200/200 VUs, 89666 complete and 0 interrupted iterations
default   [  40% ] 200/200 VUs  1m34.9s/4m00.0s

running (1m35.9s), 200/200 VUs, 90659 complete and 0 interrupted iterations
default   [  40% ] 200/200 VUs  1m35.9s/4m00.0s

running (1m36.9s), 200/200 VUs, 91659 complete and 0 interrupted iterations
default   [  40% ] 200/200 VUs  1m36.9s/4m00.0s

running (1m37.9s), 200/200 VUs, 92617 complete and 0 interrupted iterations
default   [  41% ] 200/200 VUs  1m37.9s/4m00.0s

running (1m38.9s), 200/200 VUs, 93609 complete and 0 interrupted iterations
default   [  41% ] 200/200 VUs  1m38.9s/4m00.0s

running (1m39.9s), 200/200 VUs, 94609 complete and 0 interrupted iterations
default   [  42% ] 200/200 VUs  1m39.9s/4m00.0s

running (1m40.9s), 200/200 VUs, 95569 complete and 0 interrupted iterations
default   [  42% ] 200/200 VUs  1m40.9s/4m00.0s

running (1m41.9s), 200/200 VUs, 96559 complete and 0 interrupted iterations
default   [  42% ] 200/200 VUs  1m41.9s/4m00.0s

running (1m42.9s), 200/200 VUs, 97559 complete and 0 interrupted iterations
default   [  43% ] 200/200 VUs  1m42.9s/4m00.0s

running (1m43.9s), 200/200 VUs, 98515 complete and 0 interrupted iterations
default   [  43% ] 200/200 VUs  1m43.9s/4m00.0s

running (1m44.9s), 200/200 VUs, 99509 complete and 0 interrupted iterations
default   [  44% ] 200/200 VUs  1m44.9s/4m00.0s

running (1m45.9s), 200/200 VUs, 100509 complete and 0 interrupted iterations
default   [  44% ] 200/200 VUs  1m45.9s/4m00.0s

running (1m46.9s), 200/200 VUs, 101459 complete and 0 interrupted iterations
default   [  45% ] 200/200 VUs  1m46.9s/4m00.0s

running (1m47.9s), 200/200 VUs, 102459 complete and 0 interrupted iterations
default   [  45% ] 200/200 VUs  1m47.9s/4m00.0s

running (1m48.9s), 200/200 VUs, 103459 complete and 0 interrupted iterations
default   [  45% ] 200/200 VUs  1m48.9s/4m00.0s

running (1m49.9s), 200/200 VUs, 104409 complete and 0 interrupted iterations
default   [  46% ] 200/200 VUs  1m49.9s/4m00.0s

running (1m50.9s), 200/200 VUs, 105409 complete and 0 interrupted iterations
default   [  46% ] 200/200 VUs  1m50.9s/4m00.0s

running (1m51.9s), 200/200 VUs, 106409 complete and 0 interrupted iterations
default   [  47% ] 200/200 VUs  1m51.9s/4m00.0s

running (1m52.9s), 200/200 VUs, 107359 complete and 0 interrupted iterations
default   [  47% ] 200/200 VUs  1m52.9s/4m00.0s

running (1m53.9s), 200/200 VUs, 108359 complete and 0 interrupted iterations
default   [  47% ] 200/200 VUs  1m53.9s/4m00.0s

running (1m54.9s), 200/200 VUs, 109359 complete and 0 interrupted iterations
default   [  48% ] 200/200 VUs  1m54.9s/4m00.0s

running (1m55.9s), 200/200 VUs, 110310 complete and 0 interrupted iterations
default   [  48% ] 200/200 VUs  1m55.9s/4m00.0s

running (1m56.9s), 200/200 VUs, 111309 complete and 0 interrupted iterations
default   [  49% ] 200/200 VUs  1m56.9s/4m00.0s

running (1m57.9s), 200/200 VUs, 112309 complete and 0 interrupted iterations
default   [  49% ] 200/200 VUs  1m57.9s/4m00.0s

running (1m58.9s), 200/200 VUs, 113268 complete and 0 interrupted iterations
default   [  50% ] 200/200 VUs  1m58.9s/4m00.0s

running (1m59.9s), 200/200 VUs, 114259 complete and 0 interrupted iterations
default   [  50% ] 200/200 VUs  1m59.9s/4m00.0s

running (2m00.9s), 200/200 VUs, 115259 complete and 0 interrupted iterations
default   [  50% ] 200/200 VUs  2m00.9s/4m00.0s

running (2m01.9s), 200/200 VUs, 116225 complete and 0 interrupted iterations
default   [  51% ] 200/200 VUs  2m01.9s/4m00.0s

running (2m02.9s), 200/200 VUs, 117209 complete and 0 interrupted iterations
default   [  51% ] 200/200 VUs  2m02.9s/4m00.0s

running (2m03.9s), 200/200 VUs, 118209 complete and 0 interrupted iterations
default   [  52% ] 200/200 VUs  2m03.9s/4m00.0s

running (2m04.9s), 200/200 VUs, 119173 complete and 0 interrupted iterations
default   [  52% ] 200/200 VUs  2m04.9s/4m00.0s

running (2m05.9s), 200/200 VUs, 120159 complete and 0 interrupted iterations
default   [  52% ] 200/200 VUs  2m05.9s/4m00.0s

running (2m06.9s), 200/200 VUs, 121159 complete and 0 interrupted iterations
default   [  53% ] 200/200 VUs  2m06.9s/4m00.0s

running (2m07.9s), 200/200 VUs, 122137 complete and 0 interrupted iterations
default   [  53% ] 200/200 VUs  2m07.9s/4m00.0s

running (2m08.9s), 200/200 VUs, 123109 complete and 0 interrupted iterations
default   [  54% ] 200/200 VUs  2m08.9s/4m00.0s

running (2m09.9s), 200/200 VUs, 124109 complete and 0 interrupted iterations
default   [  54% ] 200/200 VUs  2m09.9s/4m00.0s

running (2m10.9s), 200/200 VUs, 125105 complete and 0 interrupted iterations
default   [  55% ] 200/200 VUs  2m10.9s/4m00.0s

running (2m11.9s), 200/200 VUs, 126059 complete and 0 interrupted iterations
default   [  55% ] 200/200 VUs  2m11.9s/4m00.0s

running (2m12.9s), 200/200 VUs, 127059 complete and 0 interrupted iterations
default   [  55% ] 200/200 VUs  2m12.9s/4m00.0s

running (2m13.9s), 200/200 VUs, 128052 complete and 0 interrupted iterations
default   [  56% ] 200/200 VUs  2m13.9s/4m00.0s

running (2m14.9s), 200/200 VUs, 129009 complete and 0 interrupted iterations
default   [  56% ] 200/200 VUs  2m14.9s/4m00.0s

running (2m15.9s), 200/200 VUs, 130009 complete and 0 interrupted iterations
default   [  57% ] 200/200 VUs  2m15.9s/4m00.0s

running (2m16.9s), 200/200 VUs, 131009 complete and 0 interrupted iterations
default   [  57% ] 200/200 VUs  2m16.9s/4m00.0s

running (2m17.9s), 200/200 VUs, 131959 complete and 0 interrupted iterations
default   [  57% ] 200/200 VUs  2m17.9s/4m00.0s

running (2m18.9s), 200/200 VUs, 132959 complete and 0 interrupted iterations
default   [  58% ] 200/200 VUs  2m18.9s/4m00.0s

running (2m19.9s), 200/200 VUs, 133959 complete and 0 interrupted iterations
default   [  58% ] 200/200 VUs  2m19.9s/4m00.0s

running (2m20.9s), 200/200 VUs, 134909 complete and 0 interrupted iterations
default   [  59% ] 200/200 VUs  2m20.9s/4m00.0s

running (2m21.9s), 200/200 VUs, 135909 complete and 0 interrupted iterations
default   [  59% ] 200/200 VUs  2m21.9s/4m00.0s

running (2m22.9s), 200/200 VUs, 136908 complete and 0 interrupted iterations
default   [  60% ] 200/200 VUs  2m22.9s/4m00.0s

running (2m23.9s), 200/200 VUs, 137859 complete and 0 interrupted iterations
default   [  60% ] 200/200 VUs  2m23.9s/4m00.0s

running (2m24.9s), 200/200 VUs, 138859 complete and 0 interrupted iterations
default   [  60% ] 200/200 VUs  2m24.9s/4m00.0s

running (2m25.9s), 200/200 VUs, 139859 complete and 0 interrupted iterations
default   [  61% ] 200/200 VUs  2m25.9s/4m00.0s

running (2m26.9s), 200/200 VUs, 140809 complete and 0 interrupted iterations
default   [  61% ] 200/200 VUs  2m26.9s/4m00.0s

running (2m27.9s), 200/200 VUs, 141809 complete and 0 interrupted iterations
default   [  62% ] 200/200 VUs  2m27.9s/4m00.0s

running (2m28.9s), 200/200 VUs, 142809 complete and 0 interrupted iterations
default   [  62% ] 200/200 VUs  2m28.9s/4m00.0s

running (2m29.9s), 200/200 VUs, 143759 complete and 0 interrupted iterations
default   [  62% ] 200/200 VUs  2m29.9s/4m00.0s

running (2m30.9s), 200/200 VUs, 144759 complete and 0 interrupted iterations
default   [  63% ] 200/200 VUs  2m30.9s/4m00.0s

running (2m31.9s), 200/200 VUs, 145759 complete and 0 interrupted iterations
default   [  63% ] 200/200 VUs  2m31.9s/4m00.0s

running (2m32.9s), 200/200 VUs, 146709 complete and 0 interrupted iterations
default   [  64% ] 200/200 VUs  2m32.9s/4m00.0s

running (2m33.9s), 200/200 VUs, 147709 complete and 0 interrupted iterations
default   [  64% ] 200/200 VUs  2m33.9s/4m00.0s

running (2m34.9s), 200/200 VUs, 148709 complete and 0 interrupted iterations
default   [  65% ] 200/200 VUs  2m34.9s/4m00.0s

running (2m35.9s), 200/200 VUs, 149659 complete and 0 interrupted iterations
default   [  65% ] 200/200 VUs  2m35.9s/4m00.0s

running (2m36.9s), 200/200 VUs, 150659 complete and 0 interrupted iterations
default   [  65% ] 200/200 VUs  2m36.9s/4m00.0s

running (2m37.9s), 200/200 VUs, 151659 complete and 0 interrupted iterations
default   [  66% ] 200/200 VUs  2m37.9s/4m00.0s

running (2m38.9s), 200/200 VUs, 152609 complete and 0 interrupted iterations
default   [  66% ] 200/200 VUs  2m38.9s/4m00.0s

running (2m39.9s), 200/200 VUs, 153609 complete and 0 interrupted iterations
default   [  67% ] 200/200 VUs  2m39.9s/4m00.0s

running (2m40.9s), 200/200 VUs, 154609 complete and 0 interrupted iterations
default   [  67% ] 200/200 VUs  2m40.9s/4m00.0s

running (2m41.9s), 200/200 VUs, 155559 complete and 0 interrupted iterations
default   [  67% ] 200/200 VUs  2m41.9s/4m00.0s

running (2m42.9s), 200/200 VUs, 156559 complete and 0 interrupted iterations
default   [  68% ] 200/200 VUs  2m42.9s/4m00.0s

running (2m43.9s), 200/200 VUs, 157559 complete and 0 interrupted iterations
default   [  68% ] 200/200 VUs  2m43.9s/4m00.0s

running (2m44.9s), 200/200 VUs, 158509 complete and 0 interrupted iterations
default   [  69% ] 200/200 VUs  2m44.9s/4m00.0s

running (2m45.9s), 200/200 VUs, 159509 complete and 0 interrupted iterations
default   [  69% ] 200/200 VUs  2m45.9s/4m00.0s

running (2m46.9s), 200/200 VUs, 160509 complete and 0 interrupted iterations
default   [  70% ] 200/200 VUs  2m46.9s/4m00.0s

running (2m47.9s), 200/200 VUs, 161459 complete and 0 interrupted iterations
default   [  70% ] 200/200 VUs  2m47.9s/4m00.0s

running (2m48.9s), 200/200 VUs, 162459 complete and 0 interrupted iterations
default   [  70% ] 200/200 VUs  2m48.9s/4m00.0s

running (2m49.9s), 200/200 VUs, 163459 complete and 0 interrupted iterations
default   [  71% ] 200/200 VUs  2m49.9s/4m00.0s

running (2m50.9s), 200/200 VUs, 164409 complete and 0 interrupted iterations
default   [  71% ] 200/200 VUs  2m50.9s/4m00.0s

running (2m51.9s), 200/200 VUs, 165409 complete and 0 interrupted iterations
default   [  72% ] 200/200 VUs  2m51.9s/4m00.0s

running (2m52.9s), 200/200 VUs, 166409 complete and 0 interrupted iterations
default   [  72% ] 200/200 VUs  2m52.9s/4m00.0s

running (2m53.9s), 200/200 VUs, 167359 complete and 0 interrupted iterations
default   [  72% ] 200/200 VUs  2m53.9s/4m00.0s

running (2m54.9s), 200/200 VUs, 168359 complete and 0 interrupted iterations
default   [  73% ] 200/200 VUs  2m54.9s/4m00.0s

running (2m55.9s), 200/200 VUs, 169359 complete and 0 interrupted iterations
default   [  73% ] 200/200 VUs  2m55.9s/4m00.0s

running (2m56.9s), 200/200 VUs, 170312 complete and 0 interrupted iterations
default   [  74% ] 200/200 VUs  2m56.9s/4m00.0s

running (2m57.9s), 200/200 VUs, 171309 complete and 0 interrupted iterations
default   [  74% ] 200/200 VUs  2m57.9s/4m00.0s

running (2m58.9s), 200/200 VUs, 172309 complete and 0 interrupted iterations
default   [  75% ] 200/200 VUs  2m58.9s/4m00.0s

running (2m59.9s), 200/200 VUs, 173268 complete and 0 interrupted iterations
default   [  75% ] 200/200 VUs  2m59.9s/4m00.0s

running (3m00.9s), 200/200 VUs, 174259 complete and 0 interrupted iterations
default   [  75% ] 200/200 VUs  3m00.9s/4m00.0s

running (3m01.9s), 200/200 VUs, 175259 complete and 0 interrupted iterations
default   [  76% ] 200/200 VUs  3m01.9s/4m00.0s

running (3m02.9s), 200/200 VUs, 176220 complete and 0 interrupted iterations
default   [  76% ] 200/200 VUs  3m02.9s/4m00.0s

running (3m03.9s), 200/200 VUs, 177209 complete and 0 interrupted iterations
default   [  77% ] 200/200 VUs  3m03.9s/4m00.0s

running (3m04.9s), 200/200 VUs, 178209 complete and 0 interrupted iterations
default   [  77% ] 200/200 VUs  3m04.9s/4m00.0s

running (3m05.9s), 200/200 VUs, 179173 complete and 0 interrupted iterations
default   [  77% ] 200/200 VUs  3m05.9s/4m00.0s

running (3m06.9s), 200/200 VUs, 180159 complete and 0 interrupted iterations
default   [  78% ] 200/200 VUs  3m06.9s/4m00.0s

running (3m07.9s), 200/200 VUs, 181159 complete and 0 interrupted iterations
default   [  78% ] 200/200 VUs  3m07.9s/4m00.0s

running (3m08.9s), 200/200 VUs, 182137 complete and 0 interrupted iterations
default   [  79% ] 200/200 VUs  3m08.9s/4m00.0s

running (3m09.9s), 200/200 VUs, 183109 complete and 0 interrupted iterations
default   [  79% ] 200/200 VUs  3m09.9s/4m00.0s

running (3m10.9s), 200/200 VUs, 184109 complete and 0 interrupted iterations
default   [  80% ] 200/200 VUs  3m10.9s/4m00.0s

running (3m11.9s), 200/200 VUs, 185093 complete and 0 interrupted iterations
default   [  80% ] 200/200 VUs  3m11.9s/4m00.0s

running (3m12.9s), 200/200 VUs, 186059 complete and 0 interrupted iterations
default   [  80% ] 200/200 VUs  3m12.9s/4m00.0s

running (3m13.9s), 200/200 VUs, 187059 complete and 0 interrupted iterations
default   [  81% ] 200/200 VUs  3m13.9s/4m00.0s

running (3m14.9s), 200/200 VUs, 188045 complete and 0 interrupted iterations
default   [  81% ] 200/200 VUs  3m14.9s/4m00.0s

running (3m15.9s), 200/200 VUs, 189009 complete and 0 interrupted iterations
default   [  82% ] 200/200 VUs  3m15.9s/4m00.0s

running (3m16.9s), 200/200 VUs, 190009 complete and 0 interrupted iterations
default   [  82% ] 200/200 VUs  3m16.9s/4m00.0s

running (3m17.9s), 200/200 VUs, 191000 complete and 0 interrupted iterations
default   [  82% ] 200/200 VUs  3m17.9s/4m00.0s

running (3m18.9s), 200/200 VUs, 191959 complete and 0 interrupted iterations
default   [  83% ] 200/200 VUs  3m18.9s/4m00.0s

running (3m19.9s), 200/200 VUs, 192959 complete and 0 interrupted iterations
default   [  83% ] 200/200 VUs  3m19.9s/4m00.0s

running (3m20.9s), 200/200 VUs, 193952 complete and 0 interrupted iterations
default   [  84% ] 200/200 VUs  3m20.9s/4m00.0s

running (3m21.9s), 200/200 VUs, 194909 complete and 0 interrupted iterations
default   [  84% ] 200/200 VUs  3m21.9s/4m00.0s

running (3m22.9s), 200/200 VUs, 195909 complete and 0 interrupted iterations
default   [  85% ] 200/200 VUs  3m22.9s/4m00.0s

running (3m23.9s), 200/200 VUs, 196909 complete and 0 interrupted iterations
default   [  85% ] 200/200 VUs  3m23.9s/4m00.0s

running (3m24.9s), 200/200 VUs, 197859 complete and 0 interrupted iterations
default   [  85% ] 200/200 VUs  3m24.9s/4m00.0s

running (3m25.9s), 200/200 VUs, 198859 complete and 0 interrupted iterations
default   [  86% ] 200/200 VUs  3m25.9s/4m00.0s

running (3m26.9s), 200/200 VUs, 199859 complete and 0 interrupted iterations
default   [  86% ] 200/200 VUs  3m26.9s/4m00.0s

running (3m27.9s), 200/200 VUs, 200809 complete and 0 interrupted iterations
default   [  87% ] 200/200 VUs  3m27.9s/4m00.0s

running (3m28.9s), 200/200 VUs, 201809 complete and 0 interrupted iterations
default   [  87% ] 200/200 VUs  3m28.9s/4m00.0s

running (3m29.9s), 200/200 VUs, 202809 complete and 0 interrupted iterations
default   [  87% ] 200/200 VUs  3m29.9s/4m00.0s

running (3m30.9s), 196/200 VUs, 203759 complete and 0 interrupted iterations
default   [  88% ] 196/200 VUs  3m30.9s/4m00.0s

running (3m31.9s), 188/200 VUs, 204759 complete and 0 interrupted iterations
default   [  88% ] 188/200 VUs  3m31.9s/4m00.0s

running (3m32.9s), 182/200 VUs, 205759 complete and 0 interrupted iterations
default   [  89% ] 182/200 VUs  3m32.9s/4m00.0s

running (3m33.9s), 175/200 VUs, 206709 complete and 0 interrupted iterations
default   [  89% ] 175/200 VUs  3m33.9s/4m00.0s

running (3m34.9s), 169/200 VUs, 207709 complete and 0 interrupted iterations
default   [  90% ] 169/200 VUs  3m34.9s/4m00.0s

running (3m35.9s), 163/200 VUs, 208709 complete and 0 interrupted iterations
default   [  90% ] 163/200 VUs  3m35.9s/4m00.0s

running (3m36.9s), 155/200 VUs, 209675 complete and 0 interrupted iterations
default   [  90% ] 155/200 VUs  3m36.9s/4m00.0s

running (3m37.9s), 149/200 VUs, 210659 complete and 0 interrupted iterations
default   [  91% ] 149/200 VUs  3m37.9s/4m00.0s

running (3m38.9s), 143/200 VUs, 211659 complete and 0 interrupted iterations
default   [  91% ] 143/200 VUs  3m38.9s/4m00.0s

running (3m39.9s), 135/200 VUs, 212622 complete and 0 interrupted iterations
default   [  92% ] 135/200 VUs  3m39.9s/4m00.0s

running (3m40.9s), 128/200 VUs, 213609 complete and 0 interrupted iterations
default   [  92% ] 128/200 VUs  3m40.9s/4m00.0s

running (3m41.9s), 121/200 VUs, 214609 complete and 0 interrupted iterations
default   [  92% ] 121/200 VUs  3m41.9s/4m00.0s

running (3m42.9s), 115/200 VUs, 215573 complete and 0 interrupted iterations
default   [  93% ] 115/200 VUs  3m42.9s/4m00.0s

running (3m43.9s), 109/200 VUs, 216559 complete and 0 interrupted iterations
default   [  93% ] 109/200 VUs  3m43.9s/4m00.0s

running (3m44.9s), 102/200 VUs, 217559 complete and 0 interrupted iterations
default   [  94% ] 102/200 VUs  3m44.9s/4m00.0s

running (3m45.9s), 095/200 VUs, 218520 complete and 0 interrupted iterations
default   [  94% ] 095/200 VUs  3m45.9s/4m00.0s

running (3m46.9s), 088/200 VUs, 219509 complete and 0 interrupted iterations
default   [  95% ] 088/200 VUs  3m46.9s/4m00.0s

running (3m47.9s), 081/200 VUs, 220509 complete and 0 interrupted iterations
default   [  95% ] 081/200 VUs  3m47.9s/4m00.0s

running (3m48.9s), 075/200 VUs, 221479 complete and 0 interrupted iterations
default   [  95% ] 075/200 VUs  3m48.9s/4m00.0s

running (3m49.9s), 068/200 VUs, 222459 complete and 0 interrupted iterations
default   [  96% ] 068/200 VUs  3m49.9s/4m00.0s

running (3m50.9s), 061/200 VUs, 223459 complete and 0 interrupted iterations
default   [  96% ] 061/200 VUs  3m50.9s/4m00.0s

running (3m51.9s), 055/200 VUs, 224438 complete and 0 interrupted iterations
default   [  97% ] 055/200 VUs  3m51.9s/4m00.0s

running (3m52.9s), 048/200 VUs, 225404 complete and 0 interrupted iterations
default   [  97% ] 048/200 VUs  3m52.9s/4m00.0s

running (3m53.9s), 041/200 VUs, 226301 complete and 0 interrupted iterations
default   [  97% ] 041/200 VUs  3m53.9s/4m00.0s

running (3m54.9s), 035/200 VUs, 227023 complete and 0 interrupted iterations
default   [  98% ] 035/200 VUs  3m54.9s/4m00.0s

running (3m55.9s), 028/200 VUs, 227646 complete and 0 interrupted iterations
default   [  98% ] 028/200 VUs  3m55.9s/4m00.0s

running (3m56.9s), 021/200 VUs, 228121 complete and 0 interrupted iterations
default   [  99% ] 021/200 VUs  3m56.9s/4m00.0s

running (3m57.9s), 015/200 VUs, 228467 complete and 0 interrupted iterations
default   [  99% ] 015/200 VUs  3m57.9s/4m00.0s

running (3m58.9s), 008/200 VUs, 228697 complete and 0 interrupted iterations
default   [ 100% ] 008/200 VUs  3m58.9s/4m00.0s

running (3m59.9s), 001/200 VUs, 228789 complete and 0 interrupted iterations
default   [ 100% ] 001/200 VUs  3m59.9s/4m00.0s


  █ THRESHOLDS 

    checks
    ✓ 'rate>0.95' rate=100.00%

    http_req_duration
    ✓ 'p(95)<5000' p(95)=461.24ms
    ✓ 'p(99)<10000' p(99)=657.9ms

    http_req_failed
    ✓ 'rate<0.05' rate=0.00%


  █ TOTAL RESULTS 

    checks_total.......: 915168  3812.925662/s
    checks_succeeded...: 100.00% 915168 out of 915168
    checks_failed......: 0.00%   0 out of 915168

    ✓ status is 200
    ✓ content-type is json
    ✓ workloadType is IO-BOUND
    ✓ executionTimeMs exists

    CUSTOM
    response_time_ms...............: min=50.562564 avg=183.524618 med=202.573881 max=1418.187869 p(90)=354.994136 p(95)=461.244049 p(99)=657.907461
    successful_requests............: 228792 953.231415/s

    HTTP
    http_req_duration..............: min=50.56ms   avg=183.52ms   med=202.57ms   max=1.41s       p(90)=354.99ms   p(95)=461.24ms   p(99)=657.9ms   
      { expected_response:true }...: min=50.56ms   avg=183.52ms   med=202.57ms   max=1.41s       p(90)=354.99ms   p(95)=461.24ms   p(99)=657.9ms   
    http_req_failed................: 0.00%  0 out of 228792
    http_reqs......................: 228792 953.231415/s

    EXECUTION
    iteration_duration.............: min=50.69ms   avg=183.68ms   med=202.72ms   max=1.41s       p(90)=355.15ms   p(95)=461.36ms   p(99)=658.07ms  
    iterations.....................: 228792 953.231415/s
    vus............................: 1      min=1           max=200
    vus_max........................: 200    min=200         max=200

    NETWORK
    data_received..................: 63 MB  264 kB/s
    data_sent......................: 18 MB  75 kB/s




running (4m00.0s), 000/200 VUs, 228792 complete and 0 interrupted iterations
default ✓ [ 100% ] 000/200 VUs  4m0s
