
         /\      Grafana   /‾‾/  
    /\  /  \     |\  __   /  /   
   /  \/    \    | |/ /  /   ‾‾\ 
  /          \   |   (  |  (‾)  |
 / __________ \  |_|\_\  \_____/ 


     execution: local
        script: cpu-bound-test.js
        output: -

     scenarios: (100.00%) 1 scenario, 20 max VUs, 4m30s max duration (incl. graceful stop):
              * default: Up to 20 looping VUs for 4m0s over 3 stages (gracefulRampDown: 30s, gracefulStop: 30s)


running (0m01.0s), 01/20 VUs, 20 complete and 0 interrupted iterations
default   [   0% ] 01/20 VUs  0m01.0s/4m00.0s

running (0m02.0s), 02/20 VUs, 48 complete and 0 interrupted iterations
default   [   1% ] 02/20 VUs  0m02.0s/4m00.0s

running (0m03.0s), 02/20 VUs, 89 complete and 0 interrupted iterations
default   [   1% ] 02/20 VUs  0m03.0s/4m00.0s

running (0m04.0s), 03/20 VUs, 128 complete and 0 interrupted iterations
default   [   2% ] 03/20 VUs  0m04.0s/4m00.0s

running (0m05.0s), 04/20 VUs, 170 complete and 0 interrupted iterations
default   [   2% ] 04/20 VUs  0m05.0s/4m00.0s

running (0m06.0s), 04/20 VUs, 211 complete and 0 interrupted iterations
default   [   2% ] 04/20 VUs  0m06.0s/4m00.0s

running (0m07.0s), 05/20 VUs, 253 complete and 0 interrupted iterations
default   [   3% ] 05/20 VUs  0m07.0s/4m00.0s

running (0m08.0s), 06/20 VUs, 294 complete and 0 interrupted iterations
default   [   3% ] 06/20 VUs  0m08.0s/4m00.0s

running (0m09.0s), 06/20 VUs, 336 complete and 0 interrupted iterations
default   [   4% ] 06/20 VUs  0m09.0s/4m00.0s

running (0m10.0s), 07/20 VUs, 377 complete and 0 interrupted iterations
default   [   4% ] 07/20 VUs  0m10.0s/4m00.0s

running (0m11.0s), 07/20 VUs, 417 complete and 0 interrupted iterations
default   [   5% ] 07/20 VUs  0m11.0s/4m00.0s

running (0m12.0s), 08/20 VUs, 460 complete and 0 interrupted iterations
default   [   5% ] 08/20 VUs  0m12.0s/4m00.0s

running (0m13.0s), 09/20 VUs, 500 complete and 0 interrupted iterations
default   [   5% ] 09/20 VUs  0m13.0s/4m00.0s

running (0m14.0s), 09/20 VUs, 542 complete and 0 interrupted iterations
default   [   6% ] 09/20 VUs  0m14.0s/4m00.0s

running (0m15.0s), 10/20 VUs, 583 complete and 0 interrupted iterations
default   [   6% ] 10/20 VUs  0m15.0s/4m00.0s

running (0m16.0s), 11/20 VUs, 625 complete and 0 interrupted iterations
default   [   7% ] 11/20 VUs  0m16.0s/4m00.0s

running (0m17.0s), 11/20 VUs, 668 complete and 0 interrupted iterations
default   [   7% ] 11/20 VUs  0m17.0s/4m00.0s

running (0m18.0s), 12/20 VUs, 706 complete and 0 interrupted iterations
default   [   7% ] 12/20 VUs  0m18.0s/4m00.0s

running (0m19.0s), 13/20 VUs, 749 complete and 0 interrupted iterations
default   [   8% ] 13/20 VUs  0m19.0s/4m00.0s

running (0m20.0s), 13/20 VUs, 789 complete and 0 interrupted iterations
default   [   8% ] 13/20 VUs  0m20.0s/4m00.0s

running (0m21.0s), 14/20 VUs, 830 complete and 0 interrupted iterations
default   [   9% ] 14/20 VUs  0m21.0s/4m00.0s

running (0m22.0s), 14/20 VUs, 872 complete and 0 interrupted iterations
default   [   9% ] 14/20 VUs  0m22.0s/4m00.0s

running (0m23.0s), 15/20 VUs, 916 complete and 0 interrupted iterations
default   [  10% ] 15/20 VUs  0m23.0s/4m00.0s

running (0m24.0s), 16/20 VUs, 954 complete and 0 interrupted iterations
default   [  10% ] 16/20 VUs  0m24.0s/4m00.0s

running (0m25.0s), 16/20 VUs, 996 complete and 0 interrupted iterations
default   [  10% ] 16/20 VUs  0m25.0s/4m00.0s

running (0m26.0s), 17/20 VUs, 1038 complete and 0 interrupted iterations
default   [  11% ] 17/20 VUs  0m26.0s/4m00.0s

running (0m27.0s), 18/20 VUs, 1076 complete and 0 interrupted iterations
default   [  11% ] 18/20 VUs  0m27.0s/4m00.0s

running (0m28.0s), 18/20 VUs, 1120 complete and 0 interrupted iterations
default   [  12% ] 18/20 VUs  0m28.0s/4m00.0s

running (0m29.0s), 19/20 VUs, 1160 complete and 0 interrupted iterations
default   [  12% ] 19/20 VUs  0m29.0s/4m00.0s

running (0m30.0s), 19/20 VUs, 1201 complete and 0 interrupted iterations
default   [  12% ] 19/20 VUs  0m30.0s/4m00.0s

running (0m31.0s), 20/20 VUs, 1243 complete and 0 interrupted iterations
default   [  13% ] 20/20 VUs  0m31.0s/4m00.0s

running (0m32.0s), 20/20 VUs, 1283 complete and 0 interrupted iterations
default   [  13% ] 20/20 VUs  0m32.0s/4m00.0s

running (0m33.0s), 20/20 VUs, 1324 complete and 0 interrupted iterations
default   [  14% ] 20/20 VUs  0m33.0s/4m00.0s

running (0m34.0s), 20/20 VUs, 1366 complete and 0 interrupted iterations
default   [  14% ] 20/20 VUs  0m34.0s/4m00.0s

running (0m35.0s), 20/20 VUs, 1407 complete and 0 interrupted iterations
default   [  15% ] 20/20 VUs  0m35.0s/4m00.0s

running (0m36.0s), 20/20 VUs, 1449 complete and 0 interrupted iterations
default   [  15% ] 20/20 VUs  0m36.0s/4m00.0s

running (0m37.0s), 20/20 VUs, 1492 complete and 0 interrupted iterations
default   [  15% ] 20/20 VUs  0m37.0s/4m00.0s

running (0m38.0s), 20/20 VUs, 1534 complete and 0 interrupted iterations
default   [  16% ] 20/20 VUs  0m38.0s/4m00.0s

running (0m39.0s), 20/20 VUs, 1576 complete and 0 interrupted iterations
default   [  16% ] 20/20 VUs  0m39.0s/4m00.0s

running (0m40.0s), 20/20 VUs, 1617 complete and 0 interrupted iterations
default   [  17% ] 20/20 VUs  0m40.0s/4m00.0s

running (0m41.0s), 20/20 VUs, 1661 complete and 0 interrupted iterations
default   [  17% ] 20/20 VUs  0m41.0s/4m00.0s

running (0m42.0s), 20/20 VUs, 1702 complete and 0 interrupted iterations
default   [  17% ] 20/20 VUs  0m42.0s/4m00.0s

running (0m43.0s), 20/20 VUs, 1742 complete and 0 interrupted iterations
default   [  18% ] 20/20 VUs  0m43.0s/4m00.0s

running (0m44.0s), 20/20 VUs, 1782 complete and 0 interrupted iterations
default   [  18% ] 20/20 VUs  0m44.0s/4m00.0s

running (0m45.0s), 20/20 VUs, 1824 complete and 0 interrupted iterations
default   [  19% ] 20/20 VUs  0m45.0s/4m00.0s

running (0m46.0s), 20/20 VUs, 1865 complete and 0 interrupted iterations
default   [  19% ] 20/20 VUs  0m46.0s/4m00.0s

running (0m47.0s), 20/20 VUs, 1905 complete and 0 interrupted iterations
default   [  20% ] 20/20 VUs  0m47.0s/4m00.0s

running (0m48.0s), 20/20 VUs, 1948 complete and 0 interrupted iterations
default   [  20% ] 20/20 VUs  0m48.0s/4m00.0s

running (0m49.0s), 20/20 VUs, 1989 complete and 0 interrupted iterations
default   [  20% ] 20/20 VUs  0m49.0s/4m00.0s

running (0m50.0s), 20/20 VUs, 2032 complete and 0 interrupted iterations
default   [  21% ] 20/20 VUs  0m50.0s/4m00.0s

running (0m51.0s), 20/20 VUs, 2073 complete and 0 interrupted iterations
default   [  21% ] 20/20 VUs  0m51.0s/4m00.0s

running (0m52.0s), 20/20 VUs, 2115 complete and 0 interrupted iterations
default   [  22% ] 20/20 VUs  0m52.0s/4m00.0s

running (0m53.0s), 20/20 VUs, 2154 complete and 0 interrupted iterations
default   [  22% ] 20/20 VUs  0m53.0s/4m00.0s

running (0m54.0s), 20/20 VUs, 2198 complete and 0 interrupted iterations
default   [  22% ] 20/20 VUs  0m54.0s/4m00.0s

running (0m55.0s), 20/20 VUs, 2240 complete and 0 interrupted iterations
default   [  23% ] 20/20 VUs  0m55.0s/4m00.0s

running (0m56.0s), 20/20 VUs, 2281 complete and 0 interrupted iterations
default   [  23% ] 20/20 VUs  0m56.0s/4m00.0s

running (0m57.0s), 20/20 VUs, 2322 complete and 0 interrupted iterations
default   [  24% ] 20/20 VUs  0m57.0s/4m00.0s

running (0m58.0s), 20/20 VUs, 2363 complete and 0 interrupted iterations
default   [  24% ] 20/20 VUs  0m58.0s/4m00.0s

running (0m59.0s), 20/20 VUs, 2404 complete and 0 interrupted iterations
default   [  25% ] 20/20 VUs  0m59.0s/4m00.0s

running (1m00.0s), 20/20 VUs, 2445 complete and 0 interrupted iterations
default   [  25% ] 20/20 VUs  1m00.0s/4m00.0s

running (1m01.0s), 20/20 VUs, 2488 complete and 0 interrupted iterations
default   [  25% ] 20/20 VUs  1m01.0s/4m00.0s

running (1m02.0s), 20/20 VUs, 2529 complete and 0 interrupted iterations
default   [  26% ] 20/20 VUs  1m02.0s/4m00.0s

running (1m03.0s), 20/20 VUs, 2572 complete and 0 interrupted iterations
default   [  26% ] 20/20 VUs  1m03.0s/4m00.0s

running (1m04.0s), 20/20 VUs, 2611 complete and 0 interrupted iterations
default   [  27% ] 20/20 VUs  1m04.0s/4m00.0s

running (1m05.0s), 20/20 VUs, 2656 complete and 0 interrupted iterations
default   [  27% ] 20/20 VUs  1m05.0s/4m00.0s

running (1m06.0s), 20/20 VUs, 2697 complete and 0 interrupted iterations
default   [  27% ] 20/20 VUs  1m06.0s/4m00.0s

running (1m07.0s), 20/20 VUs, 2738 complete and 0 interrupted iterations
default   [  28% ] 20/20 VUs  1m07.0s/4m00.0s

running (1m08.0s), 20/20 VUs, 2779 complete and 0 interrupted iterations
default   [  28% ] 20/20 VUs  1m08.0s/4m00.0s

running (1m09.0s), 20/20 VUs, 2820 complete and 0 interrupted iterations
default   [  29% ] 20/20 VUs  1m09.0s/4m00.0s

running (1m10.0s), 20/20 VUs, 2862 complete and 0 interrupted iterations
default   [  29% ] 20/20 VUs  1m10.0s/4m00.0s

running (1m11.0s), 20/20 VUs, 2904 complete and 0 interrupted iterations
default   [  30% ] 20/20 VUs  1m11.0s/4m00.0s

running (1m12.0s), 20/20 VUs, 2946 complete and 0 interrupted iterations
default   [  30% ] 20/20 VUs  1m12.0s/4m00.0s

running (1m13.0s), 20/20 VUs, 2987 complete and 0 interrupted iterations
default   [  30% ] 20/20 VUs  1m13.0s/4m00.0s

running (1m14.0s), 20/20 VUs, 3030 complete and 0 interrupted iterations
default   [  31% ] 20/20 VUs  1m14.0s/4m00.0s

running (1m15.0s), 20/20 VUs, 3070 complete and 0 interrupted iterations
default   [  31% ] 20/20 VUs  1m15.0s/4m00.0s

running (1m16.0s), 20/20 VUs, 3110 complete and 0 interrupted iterations
default   [  32% ] 20/20 VUs  1m16.0s/4m00.0s

running (1m17.0s), 20/20 VUs, 3151 complete and 0 interrupted iterations
default   [  32% ] 20/20 VUs  1m17.0s/4m00.0s

running (1m18.0s), 20/20 VUs, 3194 complete and 0 interrupted iterations
default   [  32% ] 20/20 VUs  1m18.0s/4m00.0s

running (1m19.0s), 20/20 VUs, 3234 complete and 0 interrupted iterations
default   [  33% ] 20/20 VUs  1m19.0s/4m00.0s

running (1m20.0s), 20/20 VUs, 3278 complete and 0 interrupted iterations
default   [  33% ] 20/20 VUs  1m20.0s/4m00.0s

running (1m21.0s), 20/20 VUs, 3317 complete and 0 interrupted iterations
default   [  34% ] 20/20 VUs  1m21.0s/4m00.0s

running (1m22.0s), 20/20 VUs, 3360 complete and 0 interrupted iterations
default   [  34% ] 20/20 VUs  1m22.0s/4m00.0s

running (1m23.0s), 20/20 VUs, 3401 complete and 0 interrupted iterations
default   [  35% ] 20/20 VUs  1m23.0s/4m00.0s

running (1m24.0s), 20/20 VUs, 3444 complete and 0 interrupted iterations
default   [  35% ] 20/20 VUs  1m24.0s/4m00.0s

running (1m25.0s), 20/20 VUs, 3487 complete and 0 interrupted iterations
default   [  35% ] 20/20 VUs  1m25.0s/4m00.0s

running (1m26.0s), 20/20 VUs, 3525 complete and 0 interrupted iterations
default   [  36% ] 20/20 VUs  1m26.0s/4m00.0s

running (1m27.0s), 20/20 VUs, 3569 complete and 0 interrupted iterations
default   [  36% ] 20/20 VUs  1m27.0s/4m00.0s

running (1m28.0s), 20/20 VUs, 3610 complete and 0 interrupted iterations
default   [  37% ] 20/20 VUs  1m28.0s/4m00.0s

running (1m29.0s), 20/20 VUs, 3651 complete and 0 interrupted iterations
default   [  37% ] 20/20 VUs  1m29.0s/4m00.0s

running (1m30.0s), 20/20 VUs, 3692 complete and 0 interrupted iterations
default   [  37% ] 20/20 VUs  1m30.0s/4m00.0s

running (1m31.0s), 20/20 VUs, 3732 complete and 0 interrupted iterations
default   [  38% ] 20/20 VUs  1m31.0s/4m00.0s

running (1m32.0s), 20/20 VUs, 3774 complete and 0 interrupted iterations
default   [  38% ] 20/20 VUs  1m32.0s/4m00.0s

running (1m33.0s), 20/20 VUs, 3816 complete and 0 interrupted iterations
default   [  39% ] 20/20 VUs  1m33.0s/4m00.0s

running (1m34.0s), 20/20 VUs, 3858 complete and 0 interrupted iterations
default   [  39% ] 20/20 VUs  1m34.0s/4m00.0s

running (1m35.0s), 20/20 VUs, 3899 complete and 0 interrupted iterations
default   [  40% ] 20/20 VUs  1m35.0s/4m00.0s

running (1m36.0s), 20/20 VUs, 3940 complete and 0 interrupted iterations
default   [  40% ] 20/20 VUs  1m36.0s/4m00.0s

running (1m37.0s), 20/20 VUs, 3982 complete and 0 interrupted iterations
default   [  40% ] 20/20 VUs  1m37.0s/4m00.0s

running (1m38.0s), 20/20 VUs, 4022 complete and 0 interrupted iterations
default   [  41% ] 20/20 VUs  1m38.0s/4m00.0s

running (1m39.0s), 20/20 VUs, 4062 complete and 0 interrupted iterations
default   [  41% ] 20/20 VUs  1m39.0s/4m00.0s

running (1m40.0s), 20/20 VUs, 4104 complete and 0 interrupted iterations
default   [  42% ] 20/20 VUs  1m40.0s/4m00.0s

running (1m41.0s), 20/20 VUs, 4148 complete and 0 interrupted iterations
default   [  42% ] 20/20 VUs  1m41.0s/4m00.0s

running (1m42.0s), 20/20 VUs, 4190 complete and 0 interrupted iterations
default   [  42% ] 20/20 VUs  1m42.0s/4m00.0s

running (1m43.0s), 20/20 VUs, 4233 complete and 0 interrupted iterations
default   [  43% ] 20/20 VUs  1m43.0s/4m00.0s

running (1m44.0s), 20/20 VUs, 4274 complete and 0 interrupted iterations
default   [  43% ] 20/20 VUs  1m44.0s/4m00.0s

running (1m45.0s), 20/20 VUs, 4316 complete and 0 interrupted iterations
default   [  44% ] 20/20 VUs  1m45.0s/4m00.0s

running (1m46.0s), 20/20 VUs, 4355 complete and 0 interrupted iterations
default   [  44% ] 20/20 VUs  1m46.0s/4m00.0s

running (1m47.0s), 20/20 VUs, 4397 complete and 0 interrupted iterations
default   [  45% ] 20/20 VUs  1m47.0s/4m00.0s

running (1m48.0s), 20/20 VUs, 4439 complete and 0 interrupted iterations
default   [  45% ] 20/20 VUs  1m48.0s/4m00.0s

running (1m49.0s), 20/20 VUs, 4480 complete and 0 interrupted iterations
default   [  45% ] 20/20 VUs  1m49.0s/4m00.0s

running (1m50.0s), 20/20 VUs, 4523 complete and 0 interrupted iterations
default   [  46% ] 20/20 VUs  1m50.0s/4m00.0s

running (1m51.0s), 20/20 VUs, 4563 complete and 0 interrupted iterations
default   [  46% ] 20/20 VUs  1m51.0s/4m00.0s

running (1m52.0s), 20/20 VUs, 4604 complete and 0 interrupted iterations
default   [  47% ] 20/20 VUs  1m52.0s/4m00.0s

running (1m53.0s), 20/20 VUs, 4646 complete and 0 interrupted iterations
default   [  47% ] 20/20 VUs  1m53.0s/4m00.0s

running (1m54.0s), 20/20 VUs, 4687 complete and 0 interrupted iterations
default   [  47% ] 20/20 VUs  1m54.0s/4m00.0s

running (1m55.0s), 20/20 VUs, 4729 complete and 0 interrupted iterations
default   [  48% ] 20/20 VUs  1m55.0s/4m00.0s

running (1m56.0s), 20/20 VUs, 4769 complete and 0 interrupted iterations
default   [  48% ] 20/20 VUs  1m56.0s/4m00.0s

running (1m57.0s), 20/20 VUs, 4810 complete and 0 interrupted iterations
default   [  49% ] 20/20 VUs  1m57.0s/4m00.0s

running (1m58.0s), 20/20 VUs, 4851 complete and 0 interrupted iterations
default   [  49% ] 20/20 VUs  1m58.0s/4m00.0s

running (1m59.0s), 20/20 VUs, 4896 complete and 0 interrupted iterations
default   [  50% ] 20/20 VUs  1m59.0s/4m00.0s

running (2m00.0s), 20/20 VUs, 4935 complete and 0 interrupted iterations
default   [  50% ] 20/20 VUs  2m00.0s/4m00.0s

running (2m01.0s), 20/20 VUs, 4976 complete and 0 interrupted iterations
default   [  50% ] 20/20 VUs  2m01.0s/4m00.0s

running (2m02.0s), 20/20 VUs, 5016 complete and 0 interrupted iterations
default   [  51% ] 20/20 VUs  2m02.0s/4m00.0s

running (2m03.0s), 20/20 VUs, 5058 complete and 0 interrupted iterations
default   [  51% ] 20/20 VUs  2m03.0s/4m00.0s

running (2m04.0s), 20/20 VUs, 5100 complete and 0 interrupted iterations
default   [  52% ] 20/20 VUs  2m04.0s/4m00.0s

running (2m05.0s), 20/20 VUs, 5144 complete and 0 interrupted iterations
default   [  52% ] 20/20 VUs  2m05.0s/4m00.0s

running (2m06.0s), 20/20 VUs, 5185 complete and 0 interrupted iterations
default   [  52% ] 20/20 VUs  2m06.0s/4m00.0s

running (2m07.0s), 20/20 VUs, 5226 complete and 0 interrupted iterations
default   [  53% ] 20/20 VUs  2m07.0s/4m00.0s

running (2m08.0s), 20/20 VUs, 5266 complete and 0 interrupted iterations
default   [  53% ] 20/20 VUs  2m08.0s/4m00.0s

running (2m09.0s), 20/20 VUs, 5309 complete and 0 interrupted iterations
default   [  54% ] 20/20 VUs  2m09.0s/4m00.0s

running (2m10.0s), 20/20 VUs, 5350 complete and 0 interrupted iterations
default   [  54% ] 20/20 VUs  2m10.0s/4m00.0s

running (2m11.0s), 20/20 VUs, 5392 complete and 0 interrupted iterations
default   [  55% ] 20/20 VUs  2m11.0s/4m00.0s

running (2m12.0s), 20/20 VUs, 5434 complete and 0 interrupted iterations
default   [  55% ] 20/20 VUs  2m12.0s/4m00.0s

running (2m13.0s), 20/20 VUs, 5475 complete and 0 interrupted iterations
default   [  55% ] 20/20 VUs  2m13.0s/4m00.0s

running (2m14.0s), 20/20 VUs, 5517 complete and 0 interrupted iterations
default   [  56% ] 20/20 VUs  2m14.0s/4m00.0s

running (2m15.0s), 20/20 VUs, 5558 complete and 0 interrupted iterations
default   [  56% ] 20/20 VUs  2m15.0s/4m00.0s

running (2m16.0s), 20/20 VUs, 5600 complete and 0 interrupted iterations
default   [  57% ] 20/20 VUs  2m16.0s/4m00.0s

running (2m17.0s), 20/20 VUs, 5641 complete and 0 interrupted iterations
default   [  57% ] 20/20 VUs  2m17.0s/4m00.0s

running (2m18.0s), 20/20 VUs, 5683 complete and 0 interrupted iterations
default   [  57% ] 20/20 VUs  2m18.0s/4m00.0s

running (2m19.0s), 20/20 VUs, 5723 complete and 0 interrupted iterations
default   [  58% ] 20/20 VUs  2m19.0s/4m00.0s

running (2m20.0s), 20/20 VUs, 5764 complete and 0 interrupted iterations
default   [  58% ] 20/20 VUs  2m20.0s/4m00.0s

running (2m21.0s), 20/20 VUs, 5807 complete and 0 interrupted iterations
default   [  59% ] 20/20 VUs  2m21.0s/4m00.0s

running (2m22.0s), 20/20 VUs, 5848 complete and 0 interrupted iterations
default   [  59% ] 20/20 VUs  2m22.0s/4m00.0s

running (2m23.0s), 20/20 VUs, 5889 complete and 0 interrupted iterations
default   [  60% ] 20/20 VUs  2m23.0s/4m00.0s

running (2m24.0s), 20/20 VUs, 5932 complete and 0 interrupted iterations
default   [  60% ] 20/20 VUs  2m24.0s/4m00.0s

running (2m25.0s), 20/20 VUs, 5975 complete and 0 interrupted iterations
default   [  60% ] 20/20 VUs  2m25.0s/4m00.0s

running (2m26.0s), 20/20 VUs, 6016 complete and 0 interrupted iterations
default   [  61% ] 20/20 VUs  2m26.0s/4m00.0s

running (2m27.0s), 20/20 VUs, 6057 complete and 0 interrupted iterations
default   [  61% ] 20/20 VUs  2m27.0s/4m00.0s

running (2m28.0s), 20/20 VUs, 6098 complete and 0 interrupted iterations
default   [  62% ] 20/20 VUs  2m28.0s/4m00.0s

running (2m29.0s), 20/20 VUs, 6138 complete and 0 interrupted iterations
default   [  62% ] 20/20 VUs  2m29.0s/4m00.0s

running (2m30.0s), 20/20 VUs, 6180 complete and 0 interrupted iterations
default   [  62% ] 20/20 VUs  2m30.0s/4m00.0s

running (2m31.0s), 20/20 VUs, 6222 complete and 0 interrupted iterations
default   [  63% ] 20/20 VUs  2m31.0s/4m00.0s

running (2m32.0s), 20/20 VUs, 6264 complete and 0 interrupted iterations
default   [  63% ] 20/20 VUs  2m32.0s/4m00.0s

running (2m33.0s), 20/20 VUs, 6307 complete and 0 interrupted iterations
default   [  64% ] 20/20 VUs  2m33.0s/4m00.0s

running (2m34.0s), 20/20 VUs, 6348 complete and 0 interrupted iterations
default   [  64% ] 20/20 VUs  2m34.0s/4m00.0s

running (2m35.0s), 20/20 VUs, 6389 complete and 0 interrupted iterations
default   [  65% ] 20/20 VUs  2m35.0s/4m00.0s

running (2m36.0s), 20/20 VUs, 6431 complete and 0 interrupted iterations
default   [  65% ] 20/20 VUs  2m36.0s/4m00.0s

running (2m37.0s), 20/20 VUs, 6471 complete and 0 interrupted iterations
default   [  65% ] 20/20 VUs  2m37.0s/4m00.0s

running (2m38.0s), 20/20 VUs, 6513 complete and 0 interrupted iterations
default   [  66% ] 20/20 VUs  2m38.0s/4m00.0s

running (2m39.0s), 20/20 VUs, 6555 complete and 0 interrupted iterations
default   [  66% ] 20/20 VUs  2m39.0s/4m00.0s

running (2m40.0s), 20/20 VUs, 6595 complete and 0 interrupted iterations
default   [  67% ] 20/20 VUs  2m40.0s/4m00.0s

running (2m41.0s), 20/20 VUs, 6636 complete and 0 interrupted iterations
default   [  67% ] 20/20 VUs  2m41.0s/4m00.0s

running (2m42.0s), 20/20 VUs, 6681 complete and 0 interrupted iterations
default   [  67% ] 20/20 VUs  2m42.0s/4m00.0s

running (2m43.0s), 20/20 VUs, 6722 complete and 0 interrupted iterations
default   [  68% ] 20/20 VUs  2m43.0s/4m00.0s

running (2m44.0s), 20/20 VUs, 6761 complete and 0 interrupted iterations
default   [  68% ] 20/20 VUs  2m44.0s/4m00.0s

running (2m45.0s), 20/20 VUs, 6802 complete and 0 interrupted iterations
default   [  69% ] 20/20 VUs  2m45.0s/4m00.0s

running (2m46.0s), 20/20 VUs, 6844 complete and 0 interrupted iterations
default   [  69% ] 20/20 VUs  2m46.0s/4m00.0s

running (2m47.0s), 20/20 VUs, 6888 complete and 0 interrupted iterations
default   [  70% ] 20/20 VUs  2m47.0s/4m00.0s

running (2m48.0s), 20/20 VUs, 6927 complete and 0 interrupted iterations
default   [  70% ] 20/20 VUs  2m48.0s/4m00.0s

running (2m49.0s), 20/20 VUs, 6968 complete and 0 interrupted iterations
default   [  70% ] 20/20 VUs  2m49.0s/4m00.0s

running (2m50.0s), 20/20 VUs, 7011 complete and 0 interrupted iterations
default   [  71% ] 20/20 VUs  2m50.0s/4m00.0s

running (2m51.0s), 20/20 VUs, 7051 complete and 0 interrupted iterations
default   [  71% ] 20/20 VUs  2m51.0s/4m00.0s

running (2m52.0s), 20/20 VUs, 7093 complete and 0 interrupted iterations
default   [  72% ] 20/20 VUs  2m52.0s/4m00.0s

running (2m53.0s), 20/20 VUs, 7135 complete and 0 interrupted iterations
default   [  72% ] 20/20 VUs  2m53.0s/4m00.0s

running (2m54.0s), 20/20 VUs, 7174 complete and 0 interrupted iterations
default   [  72% ] 20/20 VUs  2m54.0s/4m00.0s

running (2m55.0s), 20/20 VUs, 7218 complete and 0 interrupted iterations
default   [  73% ] 20/20 VUs  2m55.0s/4m00.0s

running (2m56.0s), 20/20 VUs, 7262 complete and 0 interrupted iterations
default   [  73% ] 20/20 VUs  2m56.0s/4m00.0s

running (2m57.0s), 20/20 VUs, 7302 complete and 0 interrupted iterations
default   [  74% ] 20/20 VUs  2m57.0s/4m00.0s

running (2m58.0s), 20/20 VUs, 7345 complete and 0 interrupted iterations
default   [  74% ] 20/20 VUs  2m58.0s/4m00.0s

running (2m59.0s), 20/20 VUs, 7384 complete and 0 interrupted iterations
default   [  75% ] 20/20 VUs  2m59.0s/4m00.0s

running (3m00.0s), 20/20 VUs, 7425 complete and 0 interrupted iterations
default   [  75% ] 20/20 VUs  3m00.0s/4m00.0s

running (3m01.0s), 20/20 VUs, 7466 complete and 0 interrupted iterations
default   [  75% ] 20/20 VUs  3m01.0s/4m00.0s

running (3m02.0s), 20/20 VUs, 7509 complete and 0 interrupted iterations
default   [  76% ] 20/20 VUs  3m02.0s/4m00.0s

running (3m03.0s), 20/20 VUs, 7550 complete and 0 interrupted iterations
default   [  76% ] 20/20 VUs  3m03.0s/4m00.0s

running (3m04.0s), 20/20 VUs, 7593 complete and 0 interrupted iterations
default   [  77% ] 20/20 VUs  3m04.0s/4m00.0s

running (3m05.0s), 20/20 VUs, 7634 complete and 0 interrupted iterations
default   [  77% ] 20/20 VUs  3m05.0s/4m00.0s

running (3m06.0s), 20/20 VUs, 7675 complete and 0 interrupted iterations
default   [  77% ] 20/20 VUs  3m06.0s/4m00.0s

running (3m07.0s), 20/20 VUs, 7718 complete and 0 interrupted iterations
default   [  78% ] 20/20 VUs  3m07.0s/4m00.0s

running (3m08.0s), 20/20 VUs, 7758 complete and 0 interrupted iterations
default   [  78% ] 20/20 VUs  3m08.0s/4m00.0s

running (3m09.0s), 20/20 VUs, 7798 complete and 0 interrupted iterations
default   [  79% ] 20/20 VUs  3m09.0s/4m00.0s

running (3m10.0s), 20/20 VUs, 7842 complete and 0 interrupted iterations
default   [  79% ] 20/20 VUs  3m10.0s/4m00.0s

running (3m11.0s), 20/20 VUs, 7882 complete and 0 interrupted iterations
default   [  80% ] 20/20 VUs  3m11.0s/4m00.0s

running (3m12.0s), 20/20 VUs, 7922 complete and 0 interrupted iterations
default   [  80% ] 20/20 VUs  3m12.0s/4m00.0s

running (3m13.0s), 20/20 VUs, 7963 complete and 0 interrupted iterations
default   [  80% ] 20/20 VUs  3m13.0s/4m00.0s

running (3m14.0s), 20/20 VUs, 8007 complete and 0 interrupted iterations
default   [  81% ] 20/20 VUs  3m14.0s/4m00.0s

running (3m15.0s), 20/20 VUs, 8047 complete and 0 interrupted iterations
default   [  81% ] 20/20 VUs  3m15.0s/4m00.0s

running (3m16.0s), 20/20 VUs, 8088 complete and 0 interrupted iterations
default   [  82% ] 20/20 VUs  3m16.0s/4m00.0s

running (3m17.0s), 20/20 VUs, 8132 complete and 0 interrupted iterations
default   [  82% ] 20/20 VUs  3m17.0s/4m00.0s

running (3m18.0s), 20/20 VUs, 8173 complete and 0 interrupted iterations
default   [  82% ] 20/20 VUs  3m18.0s/4m00.0s

running (3m19.0s), 20/20 VUs, 8214 complete and 0 interrupted iterations
default   [  83% ] 20/20 VUs  3m19.0s/4m00.0s

running (3m20.0s), 20/20 VUs, 8255 complete and 0 interrupted iterations
default   [  83% ] 20/20 VUs  3m20.0s/4m00.0s

running (3m21.0s), 20/20 VUs, 8297 complete and 0 interrupted iterations
default   [  84% ] 20/20 VUs  3m21.0s/4m00.0s

running (3m22.0s), 20/20 VUs, 8340 complete and 0 interrupted iterations
default   [  84% ] 20/20 VUs  3m22.0s/4m00.0s

running (3m23.0s), 20/20 VUs, 8380 complete and 0 interrupted iterations
default   [  85% ] 20/20 VUs  3m23.0s/4m00.0s

running (3m24.0s), 20/20 VUs, 8423 complete and 0 interrupted iterations
default   [  85% ] 20/20 VUs  3m24.0s/4m00.0s

running (3m25.0s), 20/20 VUs, 8463 complete and 0 interrupted iterations
default   [  85% ] 20/20 VUs  3m25.0s/4m00.0s

running (3m26.0s), 20/20 VUs, 8504 complete and 0 interrupted iterations
default   [  86% ] 20/20 VUs  3m26.0s/4m00.0s

running (3m27.0s), 20/20 VUs, 8546 complete and 0 interrupted iterations
default   [  86% ] 20/20 VUs  3m27.0s/4m00.0s

running (3m28.0s), 20/20 VUs, 8587 complete and 0 interrupted iterations
default   [  87% ] 20/20 VUs  3m28.0s/4m00.0s

running (3m29.0s), 20/20 VUs, 8629 complete and 0 interrupted iterations
default   [  87% ] 20/20 VUs  3m29.0s/4m00.0s

running (3m30.0s), 20/20 VUs, 8671 complete and 0 interrupted iterations
default   [  87% ] 20/20 VUs  3m30.0s/4m00.0s

running (3m31.0s), 20/20 VUs, 8713 complete and 0 interrupted iterations
default   [  88% ] 20/20 VUs  3m31.0s/4m00.0s

running (3m32.0s), 19/20 VUs, 8754 complete and 0 interrupted iterations
default   [  88% ] 19/20 VUs  3m32.0s/4m00.0s

running (3m33.0s), 19/20 VUs, 8794 complete and 0 interrupted iterations
default   [  89% ] 19/20 VUs  3m33.0s/4m00.0s

running (3m34.0s), 18/20 VUs, 8837 complete and 0 interrupted iterations
default   [  89% ] 18/20 VUs  3m34.0s/4m00.0s

running (3m35.0s), 17/20 VUs, 8877 complete and 0 interrupted iterations
default   [  90% ] 17/20 VUs  3m35.0s/4m00.0s

running (3m36.0s), 17/20 VUs, 8921 complete and 0 interrupted iterations
default   [  90% ] 17/20 VUs  3m36.0s/4m00.0s

running (3m37.0s), 16/20 VUs, 8963 complete and 0 interrupted iterations
default   [  90% ] 16/20 VUs  3m37.0s/4m00.0s

running (3m38.0s), 15/20 VUs, 9004 complete and 0 interrupted iterations
default   [  91% ] 15/20 VUs  3m38.0s/4m00.0s

running (3m39.0s), 15/20 VUs, 9046 complete and 0 interrupted iterations
default   [  91% ] 15/20 VUs  3m39.0s/4m00.0s

running (3m40.0s), 14/20 VUs, 9087 complete and 0 interrupted iterations
default   [  92% ] 14/20 VUs  3m40.0s/4m00.0s

running (3m41.0s), 13/20 VUs, 9131 complete and 0 interrupted iterations
default   [  92% ] 13/20 VUs  3m41.0s/4m00.0s

running (3m42.0s), 13/20 VUs, 9174 complete and 0 interrupted iterations
default   [  92% ] 13/20 VUs  3m42.0s/4m00.0s

running (3m43.0s), 12/20 VUs, 9216 complete and 0 interrupted iterations
default   [  93% ] 12/20 VUs  3m43.0s/4m00.0s

running (3m44.0s), 11/20 VUs, 9256 complete and 0 interrupted iterations
default   [  93% ] 11/20 VUs  3m44.0s/4m00.0s

running (3m45.0s), 11/20 VUs, 9298 complete and 0 interrupted iterations
default   [  94% ] 11/20 VUs  3m45.0s/4m00.0s

running (3m46.0s), 10/20 VUs, 9339 complete and 0 interrupted iterations
default   [  94% ] 10/20 VUs  3m46.0s/4m00.0s

running (3m47.0s), 09/20 VUs, 9382 complete and 0 interrupted iterations
default   [  95% ] 09/20 VUs  3m47.0s/4m00.0s

running (3m48.0s), 09/20 VUs, 9424 complete and 0 interrupted iterations
default   [  95% ] 09/20 VUs  3m48.0s/4m00.0s

running (3m49.0s), 08/20 VUs, 9465 complete and 0 interrupted iterations
default   [  95% ] 08/20 VUs  3m49.0s/4m00.0s

running (3m50.0s), 07/20 VUs, 9507 complete and 0 interrupted iterations
default   [  96% ] 07/20 VUs  3m50.0s/4m00.0s

running (3m51.0s), 07/20 VUs, 9549 complete and 0 interrupted iterations
default   [  96% ] 07/20 VUs  3m51.0s/4m00.0s

running (3m52.0s), 06/20 VUs, 9591 complete and 0 interrupted iterations
default   [  97% ] 06/20 VUs  3m52.0s/4m00.0s

running (3m53.0s), 05/20 VUs, 9632 complete and 0 interrupted iterations
default   [  97% ] 05/20 VUs  3m53.0s/4m00.0s

running (3m54.0s), 05/20 VUs, 9675 complete and 0 interrupted iterations
default   [  97% ] 05/20 VUs  3m54.0s/4m00.0s

running (3m55.0s), 04/20 VUs, 9717 complete and 0 interrupted iterations
default   [  98% ] 04/20 VUs  3m55.0s/4m00.0s

running (3m56.0s), 03/20 VUs, 9760 complete and 0 interrupted iterations
default   [  98% ] 03/20 VUs  3m56.0s/4m00.0s

running (3m57.0s), 03/20 VUs, 9801 complete and 0 interrupted iterations
default   [  99% ] 03/20 VUs  3m57.0s/4m00.0s

running (3m58.0s), 02/20 VUs, 9842 complete and 0 interrupted iterations
default   [  99% ] 02/20 VUs  3m58.0s/4m00.0s

running (3m59.0s), 01/20 VUs, 9873 complete and 0 interrupted iterations
default   [ 100% ] 01/20 VUs  3m59.0s/4m00.0s

running (4m00.0s), 01/20 VUs, 9895 complete and 0 interrupted iterations
default   [ 100% ] 01/20 VUs  4m00.0s/4m00.0s


  █ THRESHOLDS 

    checks
    ✓ 'rate>0.95' rate=100.00%

    http_req_duration
    ✓ 'p(95)<5000' p(95)=567.92ms
    ✓ 'p(99)<10000' p(99)=607.37ms

    http_req_failed
    ✓ 'rate<0.05' rate=0.00%


  █ TOTAL RESULTS 

    checks_total.......: 39584   164.920862/s
    checks_succeeded...: 100.00% 39584 out of 39584
    checks_failed......: 0.00%   0 out of 39584

    ✓ status is 200
    ✓ content-type is json
    ✓ workloadType is CPU-BOUND
    ✓ executionTimeMs exists

    CUSTOM
    response_time_ms...............: min=46.085533 avg=426.036128 med=465.219456 max=680.540141 p(90)=545.955879 p(95)=567.929928 p(99)=607.372221
    successful_requests............: 9896   41.230216/s

    HTTP
    http_req_duration..............: min=46.08ms   avg=426.03ms   med=465.21ms   max=680.54ms   p(90)=545.95ms   p(95)=567.92ms   p(99)=607.37ms  
      { expected_response:true }...: min=46.08ms   avg=426.03ms   med=465.21ms   max=680.54ms   p(90)=545.95ms   p(95)=567.92ms   p(99)=607.37ms  
    http_req_failed................: 0.00%  0 out of 9896
    http_reqs......................: 9896   41.230216/s

    EXECUTION
    iteration_duration.............: min=46.22ms   avg=426.19ms   med=465.37ms   max=680.68ms   p(90)=546.14ms   p(95)=568.08ms   p(99)=607.51ms  
    iterations.....................: 9896   41.230216/s
    vus............................: 1      min=1         max=20
    vus_max........................: 20     min=20        max=20

    NETWORK
    data_received..................: 2.8 MB 12 kB/s
    data_sent......................: 792 kB 3.3 kB/s




running (4m00.0s), 00/20 VUs, 9896 complete and 0 interrupted iterations
default ✓ [ 100% ] 00/20 VUs  4m0s
