
         /\      Grafana   /‾‾/  
    /\  /  \     |\  __   /  /   
   /  \/    \    | |/ /  /   ‾‾\ 
  /          \   |   (  |  (‾)  |
 / __________ \  |_|\_\  \_____/ 


     execution: local
        script: cpu-bound-test.js
        output: -

     scenarios: (100.00%) 1 scenario, 100 max VUs, 4m30s max duration (incl. graceful stop):
              * default: Up to 100 looping VUs for 4m0s over 3 stages (gracefulRampDown: 30s, gracefulStop: 30s)


running (0m00.9s), 004/100 VUs, 31 complete and 0 interrupted iterations
default   [   0% ] 004/100 VUs  0m00.9s/4m00.0s

running (0m01.9s), 007/100 VUs, 70 complete and 0 interrupted iterations
default   [   1% ] 007/100 VUs  0m01.9s/4m00.0s

running (0m02.9s), 010/100 VUs, 111 complete and 0 interrupted iterations
default   [   1% ] 010/100 VUs  0m02.9s/4m00.0s

running (0m03.9s), 014/100 VUs, 152 complete and 0 interrupted iterations
default   [   2% ] 014/100 VUs  0m03.9s/4m00.0s

running (0m04.9s), 017/100 VUs, 191 complete and 0 interrupted iterations
default   [   2% ] 017/100 VUs  0m04.9s/4m00.0s

running (0m05.9s), 020/100 VUs, 229 complete and 0 interrupted iterations
default   [   2% ] 020/100 VUs  0m05.9s/4m00.0s

running (0m06.9s), 023/100 VUs, 271 complete and 0 interrupted iterations
default   [   3% ] 023/100 VUs  0m06.9s/4m00.0s

running (0m07.9s), 027/100 VUs, 309 complete and 0 interrupted iterations
default   [   3% ] 027/100 VUs  0m07.9s/4m00.0s

running (0m08.9s), 030/100 VUs, 351 complete and 0 interrupted iterations
default   [   4% ] 030/100 VUs  0m08.9s/4m00.0s

running (0m09.9s), 033/100 VUs, 389 complete and 0 interrupted iterations
default   [   4% ] 033/100 VUs  0m09.9s/4m00.0s

running (0m10.9s), 037/100 VUs, 426 complete and 0 interrupted iterations
default   [   5% ] 037/100 VUs  0m10.9s/4m00.0s

running (0m11.9s), 040/100 VUs, 467 complete and 0 interrupted iterations
default   [   5% ] 040/100 VUs  0m11.9s/4m00.0s

running (0m12.9s), 043/100 VUs, 503 complete and 0 interrupted iterations
default   [   5% ] 043/100 VUs  0m12.9s/4m00.0s

running (0m13.9s), 047/100 VUs, 547 complete and 0 interrupted iterations
default   [   6% ] 047/100 VUs  0m13.9s/4m00.0s

running (0m14.9s), 050/100 VUs, 584 complete and 0 interrupted iterations
default   [   6% ] 050/100 VUs  0m14.9s/4m00.0s

running (0m15.9s), 053/100 VUs, 626 complete and 0 interrupted iterations
default   [   7% ] 053/100 VUs  0m15.9s/4m00.0s

running (0m16.9s), 056/100 VUs, 666 complete and 0 interrupted iterations
default   [   7% ] 056/100 VUs  0m16.9s/4m00.0s

running (0m17.9s), 060/100 VUs, 703 complete and 0 interrupted iterations
default   [   7% ] 060/100 VUs  0m17.9s/4m00.0s

running (0m18.9s), 063/100 VUs, 747 complete and 0 interrupted iterations
default   [   8% ] 063/100 VUs  0m18.9s/4m00.0s

running (0m19.9s), 066/100 VUs, 786 complete and 0 interrupted iterations
default   [   8% ] 066/100 VUs  0m19.9s/4m00.0s

running (0m20.9s), 070/100 VUs, 820 complete and 0 interrupted iterations
default   [   9% ] 070/100 VUs  0m20.9s/4m00.0s

running (0m21.9s), 073/100 VUs, 865 complete and 0 interrupted iterations
default   [   9% ] 073/100 VUs  0m21.9s/4m00.0s

running (0m22.9s), 076/100 VUs, 904 complete and 0 interrupted iterations
default   [  10% ] 076/100 VUs  0m22.9s/4m00.0s

running (0m23.9s), 080/100 VUs, 941 complete and 0 interrupted iterations
default   [  10% ] 080/100 VUs  0m23.9s/4m00.0s

running (0m24.9s), 083/100 VUs, 986 complete and 0 interrupted iterations
default   [  10% ] 083/100 VUs  0m24.9s/4m00.0s

running (0m25.9s), 086/100 VUs, 1023 complete and 0 interrupted iterations
default   [  11% ] 086/100 VUs  0m25.9s/4m00.0s

running (0m26.9s), 089/100 VUs, 1057 complete and 0 interrupted iterations
default   [  11% ] 089/100 VUs  0m26.9s/4m00.0s

running (0m27.9s), 093/100 VUs, 1097 complete and 0 interrupted iterations
default   [  12% ] 093/100 VUs  0m27.9s/4m00.0s

running (0m28.9s), 096/100 VUs, 1141 complete and 0 interrupted iterations
default   [  12% ] 096/100 VUs  0m28.9s/4m00.0s

running (0m29.9s), 099/100 VUs, 1180 complete and 0 interrupted iterations
default   [  12% ] 099/100 VUs  0m29.9s/4m00.0s

running (0m30.9s), 100/100 VUs, 1218 complete and 0 interrupted iterations
default   [  13% ] 100/100 VUs  0m30.9s/4m00.0s

running (0m31.9s), 100/100 VUs, 1260 complete and 0 interrupted iterations
default   [  13% ] 100/100 VUs  0m31.9s/4m00.0s

running (0m32.9s), 100/100 VUs, 1305 complete and 0 interrupted iterations
default   [  14% ] 100/100 VUs  0m32.9s/4m00.0s

running (0m33.9s), 100/100 VUs, 1342 complete and 0 interrupted iterations
default   [  14% ] 100/100 VUs  0m33.9s/4m00.0s

running (0m34.9s), 100/100 VUs, 1381 complete and 0 interrupted iterations
default   [  15% ] 100/100 VUs  0m34.9s/4m00.0s

running (0m35.9s), 100/100 VUs, 1425 complete and 0 interrupted iterations
default   [  15% ] 100/100 VUs  0m35.9s/4m00.0s

running (0m36.9s), 100/100 VUs, 1478 complete and 0 interrupted iterations
default   [  15% ] 100/100 VUs  0m36.9s/4m00.0s

running (0m37.9s), 100/100 VUs, 1506 complete and 0 interrupted iterations
default   [  16% ] 100/100 VUs  0m37.9s/4m00.0s

running (0m38.9s), 100/100 VUs, 1544 complete and 0 interrupted iterations
default   [  16% ] 100/100 VUs  0m38.9s/4m00.0s

running (0m39.9s), 100/100 VUs, 1577 complete and 0 interrupted iterations
default   [  17% ] 100/100 VUs  0m39.9s/4m00.0s

running (0m40.9s), 100/100 VUs, 1637 complete and 0 interrupted iterations
default   [  17% ] 100/100 VUs  0m40.9s/4m00.0s

running (0m41.9s), 100/100 VUs, 1667 complete and 0 interrupted iterations
default   [  17% ] 100/100 VUs  0m41.9s/4m00.0s

running (0m42.9s), 100/100 VUs, 1701 complete and 0 interrupted iterations
default   [  18% ] 100/100 VUs  0m42.9s/4m00.0s

running (0m43.9s), 100/100 VUs, 1756 complete and 0 interrupted iterations
default   [  18% ] 100/100 VUs  0m43.9s/4m00.0s

running (0m44.9s), 100/100 VUs, 1795 complete and 0 interrupted iterations
default   [  19% ] 100/100 VUs  0m44.9s/4m00.0s

running (0m45.9s), 100/100 VUs, 1827 complete and 0 interrupted iterations
default   [  19% ] 100/100 VUs  0m45.9s/4m00.0s

running (0m46.9s), 100/100 VUs, 1872 complete and 0 interrupted iterations
default   [  20% ] 100/100 VUs  0m46.9s/4m00.0s

running (0m47.9s), 100/100 VUs, 1912 complete and 0 interrupted iterations
default   [  20% ] 100/100 VUs  0m47.9s/4m00.0s

running (0m48.9s), 100/100 VUs, 1956 complete and 0 interrupted iterations
default   [  20% ] 100/100 VUs  0m48.9s/4m00.0s

running (0m49.9s), 100/100 VUs, 1993 complete and 0 interrupted iterations
default   [  21% ] 100/100 VUs  0m49.9s/4m00.0s

running (0m50.9s), 100/100 VUs, 2035 complete and 0 interrupted iterations
default   [  21% ] 100/100 VUs  0m50.9s/4m00.0s

running (0m51.9s), 100/100 VUs, 2076 complete and 0 interrupted iterations
default   [  22% ] 100/100 VUs  0m51.9s/4m00.0s

running (0m52.9s), 100/100 VUs, 2123 complete and 0 interrupted iterations
default   [  22% ] 100/100 VUs  0m52.9s/4m00.0s

running (0m53.9s), 100/100 VUs, 2160 complete and 0 interrupted iterations
default   [  22% ] 100/100 VUs  0m53.9s/4m00.0s

running (0m54.9s), 100/100 VUs, 2199 complete and 0 interrupted iterations
default   [  23% ] 100/100 VUs  0m54.9s/4m00.0s

running (0m55.9s), 100/100 VUs, 2239 complete and 0 interrupted iterations
default   [  23% ] 100/100 VUs  0m55.9s/4m00.0s

running (0m56.9s), 100/100 VUs, 2280 complete and 0 interrupted iterations
default   [  24% ] 100/100 VUs  0m56.9s/4m00.0s

running (0m57.9s), 100/100 VUs, 2316 complete and 0 interrupted iterations
default   [  24% ] 100/100 VUs  0m57.9s/4m00.0s

running (0m58.9s), 100/100 VUs, 2361 complete and 0 interrupted iterations
default   [  25% ] 100/100 VUs  0m58.9s/4m00.0s

running (0m59.9s), 100/100 VUs, 2410 complete and 0 interrupted iterations
default   [  25% ] 100/100 VUs  0m59.9s/4m00.0s

running (1m00.9s), 100/100 VUs, 2444 complete and 0 interrupted iterations
default   [  25% ] 100/100 VUs  1m00.9s/4m00.0s

running (1m01.9s), 100/100 VUs, 2486 complete and 0 interrupted iterations
default   [  26% ] 100/100 VUs  1m01.9s/4m00.0s

running (1m02.9s), 100/100 VUs, 2526 complete and 0 interrupted iterations
default   [  26% ] 100/100 VUs  1m02.9s/4m00.0s

running (1m03.9s), 100/100 VUs, 2565 complete and 0 interrupted iterations
default   [  27% ] 100/100 VUs  1m03.9s/4m00.0s

running (1m04.9s), 100/100 VUs, 2612 complete and 0 interrupted iterations
default   [  27% ] 100/100 VUs  1m04.9s/4m00.0s

running (1m05.9s), 100/100 VUs, 2649 complete and 0 interrupted iterations
default   [  27% ] 100/100 VUs  1m05.9s/4m00.0s

running (1m06.9s), 100/100 VUs, 2692 complete and 0 interrupted iterations
default   [  28% ] 100/100 VUs  1m06.9s/4m00.0s

running (1m07.9s), 100/100 VUs, 2732 complete and 0 interrupted iterations
default   [  28% ] 100/100 VUs  1m07.9s/4m00.0s

running (1m08.9s), 100/100 VUs, 2769 complete and 0 interrupted iterations
default   [  29% ] 100/100 VUs  1m08.9s/4m00.0s

running (1m09.9s), 100/100 VUs, 2816 complete and 0 interrupted iterations
default   [  29% ] 100/100 VUs  1m09.9s/4m00.0s

running (1m10.9s), 100/100 VUs, 2852 complete and 0 interrupted iterations
default   [  30% ] 100/100 VUs  1m10.9s/4m00.0s

running (1m11.9s), 100/100 VUs, 2897 complete and 0 interrupted iterations
default   [  30% ] 100/100 VUs  1m11.9s/4m00.0s

running (1m12.9s), 100/100 VUs, 2949 complete and 0 interrupted iterations
default   [  30% ] 100/100 VUs  1m12.9s/4m00.0s

running (1m13.9s), 100/100 VUs, 2997 complete and 0 interrupted iterations
default   [  31% ] 100/100 VUs  1m13.9s/4m00.0s

running (1m14.9s), 100/100 VUs, 3015 complete and 0 interrupted iterations
default   [  31% ] 100/100 VUs  1m14.9s/4m00.0s

running (1m15.9s), 100/100 VUs, 3056 complete and 0 interrupted iterations
default   [  32% ] 100/100 VUs  1m15.9s/4m00.0s

running (1m16.9s), 100/100 VUs, 3102 complete and 0 interrupted iterations
default   [  32% ] 100/100 VUs  1m16.9s/4m00.0s

running (1m17.9s), 100/100 VUs, 3137 complete and 0 interrupted iterations
default   [  32% ] 100/100 VUs  1m17.9s/4m00.0s

running (1m18.9s), 100/100 VUs, 3180 complete and 0 interrupted iterations
default   [  33% ] 100/100 VUs  1m18.9s/4m00.0s

running (1m19.9s), 100/100 VUs, 3221 complete and 0 interrupted iterations
default   [  33% ] 100/100 VUs  1m19.9s/4m00.0s

running (1m20.9s), 100/100 VUs, 3271 complete and 0 interrupted iterations
default   [  34% ] 100/100 VUs  1m20.9s/4m00.0s

running (1m21.9s), 100/100 VUs, 3304 complete and 0 interrupted iterations
default   [  34% ] 100/100 VUs  1m21.9s/4m00.0s

running (1m22.9s), 100/100 VUs, 3349 complete and 0 interrupted iterations
default   [  35% ] 100/100 VUs  1m22.9s/4m00.0s

running (1m23.9s), 100/100 VUs, 3388 complete and 0 interrupted iterations
default   [  35% ] 100/100 VUs  1m23.9s/4m00.0s

running (1m24.9s), 100/100 VUs, 3427 complete and 0 interrupted iterations
default   [  35% ] 100/100 VUs  1m24.9s/4m00.0s

running (1m25.9s), 100/100 VUs, 3465 complete and 0 interrupted iterations
default   [  36% ] 100/100 VUs  1m25.9s/4m00.0s

running (1m26.9s), 100/100 VUs, 3505 complete and 0 interrupted iterations
default   [  36% ] 100/100 VUs  1m26.9s/4m00.0s

running (1m27.9s), 100/100 VUs, 3552 complete and 0 interrupted iterations
default   [  37% ] 100/100 VUs  1m27.9s/4m00.0s

running (1m28.9s), 100/100 VUs, 3599 complete and 0 interrupted iterations
default   [  37% ] 100/100 VUs  1m28.9s/4m00.0s

running (1m29.9s), 100/100 VUs, 3631 complete and 0 interrupted iterations
default   [  37% ] 100/100 VUs  1m29.9s/4m00.0s

running (1m30.9s), 100/100 VUs, 3676 complete and 0 interrupted iterations
default   [  38% ] 100/100 VUs  1m30.9s/4m00.0s

running (1m31.9s), 100/100 VUs, 3711 complete and 0 interrupted iterations
default   [  38% ] 100/100 VUs  1m31.9s/4m00.0s

running (1m32.9s), 100/100 VUs, 3753 complete and 0 interrupted iterations
default   [  39% ] 100/100 VUs  1m32.9s/4m00.0s

running (1m33.9s), 100/100 VUs, 3797 complete and 0 interrupted iterations
default   [  39% ] 100/100 VUs  1m33.9s/4m00.0s

running (1m34.9s), 100/100 VUs, 3830 complete and 0 interrupted iterations
default   [  40% ] 100/100 VUs  1m34.9s/4m00.0s

running (1m35.9s), 100/100 VUs, 3887 complete and 0 interrupted iterations
default   [  40% ] 100/100 VUs  1m35.9s/4m00.0s

running (1m36.9s), 100/100 VUs, 3935 complete and 0 interrupted iterations
default   [  40% ] 100/100 VUs  1m36.9s/4m00.0s

running (1m37.9s), 100/100 VUs, 3955 complete and 0 interrupted iterations
default   [  41% ] 100/100 VUs  1m37.9s/4m00.0s

running (1m38.9s), 100/100 VUs, 4000 complete and 0 interrupted iterations
default   [  41% ] 100/100 VUs  1m38.9s/4m00.0s

running (1m39.9s), 100/100 VUs, 4043 complete and 0 interrupted iterations
default   [  42% ] 100/100 VUs  1m39.9s/4m00.0s

running (1m40.9s), 100/100 VUs, 4080 complete and 0 interrupted iterations
default   [  42% ] 100/100 VUs  1m40.9s/4m00.0s

running (1m41.9s), 100/100 VUs, 4123 complete and 0 interrupted iterations
default   [  42% ] 100/100 VUs  1m41.9s/4m00.0s

running (1m42.9s), 100/100 VUs, 4163 complete and 0 interrupted iterations
default   [  43% ] 100/100 VUs  1m42.9s/4m00.0s

running (1m43.9s), 100/100 VUs, 4209 complete and 0 interrupted iterations
default   [  43% ] 100/100 VUs  1m43.9s/4m00.0s

running (1m44.9s), 100/100 VUs, 4247 complete and 0 interrupted iterations
default   [  44% ] 100/100 VUs  1m44.9s/4m00.0s

running (1m45.9s), 100/100 VUs, 4285 complete and 0 interrupted iterations
default   [  44% ] 100/100 VUs  1m45.9s/4m00.0s

running (1m46.9s), 100/100 VUs, 4326 complete and 0 interrupted iterations
default   [  45% ] 100/100 VUs  1m46.9s/4m00.0s

running (1m47.9s), 100/100 VUs, 4363 complete and 0 interrupted iterations
default   [  45% ] 100/100 VUs  1m47.9s/4m00.0s

running (1m48.9s), 100/100 VUs, 4403 complete and 0 interrupted iterations
default   [  45% ] 100/100 VUs  1m48.9s/4m00.0s

running (1m49.9s), 100/100 VUs, 4440 complete and 0 interrupted iterations
default   [  46% ] 100/100 VUs  1m49.9s/4m00.0s

running (1m50.9s), 100/100 VUs, 4490 complete and 0 interrupted iterations
default   [  46% ] 100/100 VUs  1m50.9s/4m00.0s

running (1m51.9s), 100/100 VUs, 4542 complete and 0 interrupted iterations
default   [  47% ] 100/100 VUs  1m51.9s/4m00.0s

running (1m52.9s), 100/100 VUs, 4574 complete and 0 interrupted iterations
default   [  47% ] 100/100 VUs  1m52.9s/4m00.0s

running (1m53.9s), 100/100 VUs, 4607 complete and 0 interrupted iterations
default   [  47% ] 100/100 VUs  1m53.9s/4m00.0s

running (1m54.9s), 100/100 VUs, 4657 complete and 0 interrupted iterations
default   [  48% ] 100/100 VUs  1m54.9s/4m00.0s

running (1m55.9s), 100/100 VUs, 4694 complete and 0 interrupted iterations
default   [  48% ] 100/100 VUs  1m55.9s/4m00.0s

running (1m56.9s), 100/100 VUs, 4734 complete and 0 interrupted iterations
default   [  49% ] 100/100 VUs  1m56.9s/4m00.0s

running (1m57.9s), 100/100 VUs, 4775 complete and 0 interrupted iterations
default   [  49% ] 100/100 VUs  1m57.9s/4m00.0s

running (1m58.9s), 100/100 VUs, 4821 complete and 0 interrupted iterations
default   [  50% ] 100/100 VUs  1m58.9s/4m00.0s

running (1m59.9s), 100/100 VUs, 4861 complete and 0 interrupted iterations
default   [  50% ] 100/100 VUs  1m59.9s/4m00.0s

running (2m00.9s), 100/100 VUs, 4908 complete and 0 interrupted iterations
default   [  50% ] 100/100 VUs  2m00.9s/4m00.0s

running (2m01.9s), 100/100 VUs, 4938 complete and 0 interrupted iterations
default   [  51% ] 100/100 VUs  2m01.9s/4m00.0s

running (2m02.9s), 100/100 VUs, 4979 complete and 0 interrupted iterations
default   [  51% ] 100/100 VUs  2m02.9s/4m00.0s

running (2m03.9s), 100/100 VUs, 5027 complete and 0 interrupted iterations
default   [  52% ] 100/100 VUs  2m03.9s/4m00.0s

running (2m04.9s), 100/100 VUs, 5062 complete and 0 interrupted iterations
default   [  52% ] 100/100 VUs  2m04.9s/4m00.0s

running (2m05.9s), 100/100 VUs, 5102 complete and 0 interrupted iterations
default   [  52% ] 100/100 VUs  2m05.9s/4m00.0s

running (2m06.9s), 100/100 VUs, 5145 complete and 0 interrupted iterations
default   [  53% ] 100/100 VUs  2m06.9s/4m00.0s

running (2m07.9s), 100/100 VUs, 5185 complete and 0 interrupted iterations
default   [  53% ] 100/100 VUs  2m07.9s/4m00.0s

running (2m08.9s), 100/100 VUs, 5229 complete and 0 interrupted iterations
default   [  54% ] 100/100 VUs  2m08.9s/4m00.0s

running (2m09.9s), 100/100 VUs, 5268 complete and 0 interrupted iterations
default   [  54% ] 100/100 VUs  2m09.9s/4m00.0s

running (2m10.9s), 100/100 VUs, 5300 complete and 0 interrupted iterations
default   [  55% ] 100/100 VUs  2m10.9s/4m00.0s

running (2m11.9s), 100/100 VUs, 5353 complete and 0 interrupted iterations
default   [  55% ] 100/100 VUs  2m11.9s/4m00.0s

running (2m12.9s), 100/100 VUs, 5389 complete and 0 interrupted iterations
default   [  55% ] 100/100 VUs  2m12.9s/4m00.0s

running (2m13.9s), 100/100 VUs, 5432 complete and 0 interrupted iterations
default   [  56% ] 100/100 VUs  2m13.9s/4m00.0s

running (2m14.9s), 100/100 VUs, 5475 complete and 0 interrupted iterations
default   [  56% ] 100/100 VUs  2m14.9s/4m00.0s

running (2m15.9s), 100/100 VUs, 5510 complete and 0 interrupted iterations
default   [  57% ] 100/100 VUs  2m15.9s/4m00.0s

running (2m16.9s), 100/100 VUs, 5552 complete and 0 interrupted iterations
default   [  57% ] 100/100 VUs  2m16.9s/4m00.0s

running (2m17.9s), 100/100 VUs, 5595 complete and 0 interrupted iterations
default   [  57% ] 100/100 VUs  2m17.9s/4m00.0s

running (2m18.9s), 100/100 VUs, 5640 complete and 0 interrupted iterations
default   [  58% ] 100/100 VUs  2m18.9s/4m00.0s

running (2m19.9s), 100/100 VUs, 5679 complete and 0 interrupted iterations
default   [  58% ] 100/100 VUs  2m19.9s/4m00.0s

running (2m20.9s), 100/100 VUs, 5722 complete and 0 interrupted iterations
default   [  59% ] 100/100 VUs  2m20.9s/4m00.0s

running (2m21.9s), 100/100 VUs, 5761 complete and 0 interrupted iterations
default   [  59% ] 100/100 VUs  2m21.9s/4m00.0s

running (2m22.9s), 100/100 VUs, 5793 complete and 0 interrupted iterations
default   [  60% ] 100/100 VUs  2m22.9s/4m00.0s

running (2m23.9s), 100/100 VUs, 5843 complete and 0 interrupted iterations
default   [  60% ] 100/100 VUs  2m23.9s/4m00.0s

running (2m24.9s), 100/100 VUs, 5885 complete and 0 interrupted iterations
default   [  60% ] 100/100 VUs  2m24.9s/4m00.0s

running (2m25.9s), 100/100 VUs, 5915 complete and 0 interrupted iterations
default   [  61% ] 100/100 VUs  2m25.9s/4m00.0s

running (2m26.9s), 100/100 VUs, 5958 complete and 0 interrupted iterations
default   [  61% ] 100/100 VUs  2m26.9s/4m00.0s

running (2m27.9s), 100/100 VUs, 6002 complete and 0 interrupted iterations
default   [  62% ] 100/100 VUs  2m27.9s/4m00.0s

running (2m28.9s), 100/100 VUs, 6047 complete and 0 interrupted iterations
default   [  62% ] 100/100 VUs  2m28.9s/4m00.0s

running (2m29.9s), 100/100 VUs, 6082 complete and 0 interrupted iterations
default   [  62% ] 100/100 VUs  2m29.9s/4m00.0s

running (2m30.9s), 100/100 VUs, 6113 complete and 0 interrupted iterations
default   [  63% ] 100/100 VUs  2m30.9s/4m00.0s

running (2m31.9s), 100/100 VUs, 6172 complete and 0 interrupted iterations
default   [  63% ] 100/100 VUs  2m31.9s/4m00.0s

running (2m32.9s), 100/100 VUs, 6212 complete and 0 interrupted iterations
default   [  64% ] 100/100 VUs  2m32.9s/4m00.0s

running (2m33.9s), 100/100 VUs, 6245 complete and 0 interrupted iterations
default   [  64% ] 100/100 VUs  2m33.9s/4m00.0s

running (2m34.9s), 100/100 VUs, 6291 complete and 0 interrupted iterations
default   [  65% ] 100/100 VUs  2m34.9s/4m00.0s

running (2m35.9s), 100/100 VUs, 6329 complete and 0 interrupted iterations
default   [  65% ] 100/100 VUs  2m35.9s/4m00.0s

running (2m36.9s), 100/100 VUs, 6372 complete and 0 interrupted iterations
default   [  65% ] 100/100 VUs  2m36.9s/4m00.0s

running (2m37.9s), 100/100 VUs, 6416 complete and 0 interrupted iterations
default   [  66% ] 100/100 VUs  2m37.9s/4m00.0s

running (2m38.9s), 100/100 VUs, 6460 complete and 0 interrupted iterations
default   [  66% ] 100/100 VUs  2m38.9s/4m00.0s

running (2m39.9s), 100/100 VUs, 6490 complete and 0 interrupted iterations
default   [  67% ] 100/100 VUs  2m39.9s/4m00.0s

running (2m40.9s), 100/100 VUs, 6532 complete and 0 interrupted iterations
default   [  67% ] 100/100 VUs  2m40.9s/4m00.0s

running (2m41.9s), 100/100 VUs, 6571 complete and 0 interrupted iterations
default   [  67% ] 100/100 VUs  2m41.9s/4m00.0s

running (2m42.9s), 100/100 VUs, 6609 complete and 0 interrupted iterations
default   [  68% ] 100/100 VUs  2m42.9s/4m00.0s

running (2m43.9s), 100/100 VUs, 6659 complete and 0 interrupted iterations
default   [  68% ] 100/100 VUs  2m43.9s/4m00.0s

running (2m44.9s), 100/100 VUs, 6696 complete and 0 interrupted iterations
default   [  69% ] 100/100 VUs  2m44.9s/4m00.0s

running (2m45.9s), 100/100 VUs, 6733 complete and 0 interrupted iterations
default   [  69% ] 100/100 VUs  2m45.9s/4m00.0s

running (2m46.9s), 100/100 VUs, 6783 complete and 0 interrupted iterations
default   [  70% ] 100/100 VUs  2m46.9s/4m00.0s

running (2m47.9s), 100/100 VUs, 6820 complete and 0 interrupted iterations
default   [  70% ] 100/100 VUs  2m47.9s/4m00.0s

running (2m48.9s), 100/100 VUs, 6861 complete and 0 interrupted iterations
default   [  70% ] 100/100 VUs  2m48.9s/4m00.0s

running (2m49.9s), 100/100 VUs, 6902 complete and 0 interrupted iterations
default   [  71% ] 100/100 VUs  2m49.9s/4m00.0s

running (2m50.9s), 100/100 VUs, 6946 complete and 0 interrupted iterations
default   [  71% ] 100/100 VUs  2m50.9s/4m00.0s

running (2m51.9s), 100/100 VUs, 6977 complete and 0 interrupted iterations
default   [  72% ] 100/100 VUs  2m51.9s/4m00.0s

running (2m52.9s), 100/100 VUs, 7025 complete and 0 interrupted iterations
default   [  72% ] 100/100 VUs  2m52.9s/4m00.0s

running (2m53.9s), 100/100 VUs, 7064 complete and 0 interrupted iterations
default   [  72% ] 100/100 VUs  2m53.9s/4m00.0s

running (2m54.9s), 100/100 VUs, 7106 complete and 0 interrupted iterations
default   [  73% ] 100/100 VUs  2m54.9s/4m00.0s

running (2m55.9s), 100/100 VUs, 7146 complete and 0 interrupted iterations
default   [  73% ] 100/100 VUs  2m55.9s/4m00.0s

running (2m56.9s), 100/100 VUs, 7191 complete and 0 interrupted iterations
default   [  74% ] 100/100 VUs  2m56.9s/4m00.0s

running (2m57.9s), 100/100 VUs, 7225 complete and 0 interrupted iterations
default   [  74% ] 100/100 VUs  2m57.9s/4m00.0s

running (2m58.9s), 100/100 VUs, 7269 complete and 0 interrupted iterations
default   [  75% ] 100/100 VUs  2m58.9s/4m00.0s

running (2m59.9s), 100/100 VUs, 7312 complete and 0 interrupted iterations
default   [  75% ] 100/100 VUs  2m59.9s/4m00.0s

running (3m00.9s), 100/100 VUs, 7346 complete and 0 interrupted iterations
default   [  75% ] 100/100 VUs  3m00.9s/4m00.0s

running (3m01.9s), 100/100 VUs, 7389 complete and 0 interrupted iterations
default   [  76% ] 100/100 VUs  3m01.9s/4m00.0s

running (3m02.9s), 100/100 VUs, 7432 complete and 0 interrupted iterations
default   [  76% ] 100/100 VUs  3m02.9s/4m00.0s

running (3m03.9s), 100/100 VUs, 7475 complete and 0 interrupted iterations
default   [  77% ] 100/100 VUs  3m03.9s/4m00.0s

running (3m04.9s), 100/100 VUs, 7514 complete and 0 interrupted iterations
default   [  77% ] 100/100 VUs  3m04.9s/4m00.0s

running (3m05.9s), 100/100 VUs, 7548 complete and 0 interrupted iterations
default   [  77% ] 100/100 VUs  3m05.9s/4m00.0s

running (3m06.9s), 100/100 VUs, 7601 complete and 0 interrupted iterations
default   [  78% ] 100/100 VUs  3m06.9s/4m00.0s

running (3m07.9s), 100/100 VUs, 7634 complete and 0 interrupted iterations
default   [  78% ] 100/100 VUs  3m07.9s/4m00.0s

running (3m08.9s), 100/100 VUs, 7676 complete and 0 interrupted iterations
default   [  79% ] 100/100 VUs  3m08.9s/4m00.0s

running (3m09.9s), 100/100 VUs, 7720 complete and 0 interrupted iterations
default   [  79% ] 100/100 VUs  3m09.9s/4m00.0s

running (3m10.9s), 100/100 VUs, 7760 complete and 0 interrupted iterations
default   [  80% ] 100/100 VUs  3m10.9s/4m00.0s

running (3m11.9s), 100/100 VUs, 7805 complete and 0 interrupted iterations
default   [  80% ] 100/100 VUs  3m11.9s/4m00.0s

running (3m12.9s), 100/100 VUs, 7844 complete and 0 interrupted iterations
default   [  80% ] 100/100 VUs  3m12.9s/4m00.0s

running (3m13.9s), 100/100 VUs, 7888 complete and 0 interrupted iterations
default   [  81% ] 100/100 VUs  3m13.9s/4m00.0s

running (3m14.9s), 100/100 VUs, 7926 complete and 0 interrupted iterations
default   [  81% ] 100/100 VUs  3m14.9s/4m00.0s

running (3m15.9s), 100/100 VUs, 7957 complete and 0 interrupted iterations
default   [  82% ] 100/100 VUs  3m15.9s/4m00.0s

running (3m16.9s), 100/100 VUs, 8009 complete and 0 interrupted iterations
default   [  82% ] 100/100 VUs  3m16.9s/4m00.0s

running (3m17.9s), 100/100 VUs, 8045 complete and 0 interrupted iterations
default   [  82% ] 100/100 VUs  3m17.9s/4m00.0s

running (3m18.9s), 100/100 VUs, 8084 complete and 0 interrupted iterations
default   [  83% ] 100/100 VUs  3m18.9s/4m00.0s

running (3m19.9s), 100/100 VUs, 8126 complete and 0 interrupted iterations
default   [  83% ] 100/100 VUs  3m19.9s/4m00.0s

running (3m20.9s), 100/100 VUs, 8169 complete and 0 interrupted iterations
default   [  84% ] 100/100 VUs  3m20.9s/4m00.0s

running (3m21.9s), 100/100 VUs, 8214 complete and 0 interrupted iterations
default   [  84% ] 100/100 VUs  3m21.9s/4m00.0s

running (3m22.9s), 100/100 VUs, 8247 complete and 0 interrupted iterations
default   [  85% ] 100/100 VUs  3m22.9s/4m00.0s

running (3m23.9s), 100/100 VUs, 8286 complete and 0 interrupted iterations
default   [  85% ] 100/100 VUs  3m23.9s/4m00.0s

running (3m24.9s), 100/100 VUs, 8333 complete and 0 interrupted iterations
default   [  85% ] 100/100 VUs  3m24.9s/4m00.0s

running (3m25.9s), 100/100 VUs, 8371 complete and 0 interrupted iterations
default   [  86% ] 100/100 VUs  3m25.9s/4m00.0s

running (3m26.9s), 100/100 VUs, 8412 complete and 0 interrupted iterations
default   [  86% ] 100/100 VUs  3m26.9s/4m00.0s

running (3m27.9s), 100/100 VUs, 8456 complete and 0 interrupted iterations
default   [  87% ] 100/100 VUs  3m27.9s/4m00.0s

running (3m28.9s), 100/100 VUs, 8495 complete and 0 interrupted iterations
default   [  87% ] 100/100 VUs  3m28.9s/4m00.0s

running (3m29.9s), 100/100 VUs, 8534 complete and 0 interrupted iterations
default   [  87% ] 100/100 VUs  3m29.9s/4m00.0s

running (3m30.9s), 098/100 VUs, 8578 complete and 0 interrupted iterations
default   [  88% ] 098/100 VUs  3m30.9s/4m00.0s

running (3m31.9s), 096/100 VUs, 8623 complete and 0 interrupted iterations
default   [  88% ] 096/100 VUs  3m31.9s/4m00.0s

running (3m32.9s), 095/100 VUs, 8665 complete and 0 interrupted iterations
default   [  89% ] 095/100 VUs  3m32.9s/4m00.0s

running (3m33.9s), 090/100 VUs, 8709 complete and 0 interrupted iterations
default   [  89% ] 090/100 VUs  3m33.9s/4m00.0s

running (3m34.9s), 089/100 VUs, 8744 complete and 0 interrupted iterations
default   [  90% ] 089/100 VUs  3m34.9s/4m00.0s

running (3m35.9s), 086/100 VUs, 8791 complete and 0 interrupted iterations
default   [  90% ] 086/100 VUs  3m35.9s/4m00.0s

running (3m36.9s), 083/100 VUs, 8826 complete and 0 interrupted iterations
default   [  90% ] 083/100 VUs  3m36.9s/4m00.0s

running (3m37.9s), 079/100 VUs, 8879 complete and 0 interrupted iterations
default   [  91% ] 079/100 VUs  3m37.9s/4m00.0s

running (3m38.9s), 074/100 VUs, 8916 complete and 0 interrupted iterations
default   [  91% ] 074/100 VUs  3m38.9s/4m00.0s

running (3m39.9s), 069/100 VUs, 8962 complete and 0 interrupted iterations
default   [  92% ] 069/100 VUs  3m39.9s/4m00.0s

running (3m40.9s), 068/100 VUs, 9001 complete and 0 interrupted iterations
default   [  92% ] 068/100 VUs  3m40.9s/4m00.0s

running (3m41.9s), 065/100 VUs, 9041 complete and 0 interrupted iterations
default   [  92% ] 065/100 VUs  3m41.9s/4m00.0s

running (3m42.9s), 059/100 VUs, 9086 complete and 0 interrupted iterations
default   [  93% ] 059/100 VUs  3m42.9s/4m00.0s

running (3m43.9s), 057/100 VUs, 9127 complete and 0 interrupted iterations
default   [  93% ] 057/100 VUs  3m43.9s/4m00.0s

running (3m44.9s), 053/100 VUs, 9173 complete and 0 interrupted iterations
default   [  94% ] 053/100 VUs  3m44.9s/4m00.0s

running (3m45.9s), 050/100 VUs, 9218 complete and 0 interrupted iterations
default   [  94% ] 050/100 VUs  3m45.9s/4m00.0s

running (3m46.9s), 047/100 VUs, 9257 complete and 0 interrupted iterations
default   [  95% ] 047/100 VUs  3m46.9s/4m00.0s

running (3m47.9s), 041/100 VUs, 9297 complete and 0 interrupted iterations
default   [  95% ] 041/100 VUs  3m47.9s/4m00.0s

running (3m48.9s), 038/100 VUs, 9341 complete and 0 interrupted iterations
default   [  95% ] 038/100 VUs  3m48.9s/4m00.0s

running (3m49.9s), 035/100 VUs, 9389 complete and 0 interrupted iterations
default   [  96% ] 035/100 VUs  3m49.9s/4m00.0s

running (3m50.9s), 032/100 VUs, 9431 complete and 0 interrupted iterations
default   [  96% ] 032/100 VUs  3m50.9s/4m00.0s

running (3m51.9s), 029/100 VUs, 9470 complete and 0 interrupted iterations
default   [  97% ] 029/100 VUs  3m51.9s/4m00.0s

running (3m52.9s), 026/100 VUs, 9515 complete and 0 interrupted iterations
default   [  97% ] 026/100 VUs  3m52.9s/4m00.0s

running (3m53.9s), 023/100 VUs, 9556 complete and 0 interrupted iterations
default   [  97% ] 023/100 VUs  3m53.9s/4m00.0s

running (3m54.9s), 018/100 VUs, 9600 complete and 0 interrupted iterations
default   [  98% ] 018/100 VUs  3m54.9s/4m00.0s

running (3m55.9s), 015/100 VUs, 9643 complete and 0 interrupted iterations
default   [  98% ] 015/100 VUs  3m55.9s/4m00.0s

running (3m56.9s), 011/100 VUs, 9686 complete and 0 interrupted iterations
default   [  99% ] 011/100 VUs  3m56.9s/4m00.0s

running (3m57.9s), 008/100 VUs, 9729 complete and 0 interrupted iterations
default   [  99% ] 008/100 VUs  3m57.9s/4m00.0s

running (3m58.9s), 004/100 VUs, 9773 complete and 0 interrupted iterations
default   [ 100% ] 004/100 VUs  3m58.9s/4m00.0s

running (3m59.9s), 001/100 VUs, 9811 complete and 0 interrupted iterations
default   [ 100% ] 001/100 VUs  3m59.9s/4m00.0s


  █ THRESHOLDS 

    checks
    ✓ 'rate>0.95' rate=100.00%

    http_req_duration
    ✓ 'p(95)<5000' p(95)=3.47s
    ✓ 'p(99)<10000' p(99)=3.93s

    http_req_failed
    ✓ 'rate<0.05' rate=0.00%


  █ TOTAL RESULTS 

    checks_total.......: 39252   163.544864/s
    checks_succeeded...: 100.00% 39252 out of 39252
    checks_failed......: 0.00%   0 out of 39252

    ✓ status is 200
    ✓ content-type is json
    ✓ workloadType is CPU-BOUND
    ✓ executionTimeMs exists

    CUSTOM
    response_time_ms...............: min=46.332413 avg=2148.351825 med=2248.795092 max=5060.667394 p(90)=3227.109307 p(95)=3478.220259 p(99)=3934.005078
    successful_requests............: 9813   40.886216/s

    HTTP
    http_req_duration..............: min=46.33ms   avg=2.14s       med=2.24s       max=5.06s       p(90)=3.22s       p(95)=3.47s       p(99)=3.93s      
      { expected_response:true }...: min=46.33ms   avg=2.14s       med=2.24s       max=5.06s       p(90)=3.22s       p(95)=3.47s       p(99)=3.93s      
    http_req_failed................: 0.00%  0 out of 9813
    http_reqs......................: 9813   40.886216/s

    EXECUTION
    iteration_duration.............: min=46.46ms   avg=2.14s       med=2.24s       max=5.06s       p(90)=3.22s       p(95)=3.47s       p(99)=3.93s      
    iterations.....................: 9813   40.886216/s
    vus............................: 1      min=1         max=100
    vus_max........................: 100    min=100       max=100

    NETWORK
    data_received..................: 2.8 MB 12 kB/s
    data_sent......................: 785 kB 3.3 kB/s




running (4m00.0s), 000/100 VUs, 9813 complete and 0 interrupted iterations
default ✓ [ 100% ] 000/100 VUs  4m0s
