
         /\      Grafana   /‾‾/  
    /\  /  \     |\  __   /  /   
   /  \/    \    | |/ /  /   ‾‾\ 
  /          \   |   (  |  (‾)  |
 / __________ \  |_|\_\  \_____/ 


     execution: local
        script: io-bound-test.js
        output: -

     scenarios: (100.00%) 1 scenario, 800 max VUs, 6m30s max duration (incl. graceful stop):
              * default: Up to 800 looping VUs for 6m0s over 3 stages (gracefulRampDown: 30s, gracefulStop: 30s)


running (0m00.7s), 019/800 VUs, 117 complete and 0 interrupted iterations
default   [   0% ] 019/800 VUs  0m00.7s/6m00.0s

running (0m01.7s), 045/800 VUs, 729 complete and 0 interrupted iterations
default   [   0% ] 045/800 VUs  0m01.7s/6m00.0s

running (0m02.7s), 072/800 VUs, 1706 complete and 0 interrupted iterations
default   [   1% ] 072/800 VUs  0m02.7s/6m00.0s

running (0m03.7s), 099/800 VUs, 2695 complete and 0 interrupted iterations
default   [   1% ] 099/800 VUs  0m03.7s/6m00.0s

running (0m04.7s), 125/800 VUs, 3684 complete and 0 interrupted iterations
default   [   1% ] 125/800 VUs  0m04.7s/6m00.0s

running (0m05.7s), 152/800 VUs, 4675 complete and 0 interrupted iterations
default   [   2% ] 152/800 VUs  0m05.7s/6m00.0s

running (0m06.7s), 178/800 VUs, 5662 complete and 0 interrupted iterations
default   [   2% ] 178/800 VUs  0m06.7s/6m00.0s

running (0m07.7s), 205/800 VUs, 6656 complete and 0 interrupted iterations
default   [   2% ] 205/800 VUs  0m07.7s/6m00.0s

running (0m08.7s), 232/800 VUs, 7640 complete and 0 interrupted iterations
default   [   2% ] 232/800 VUs  0m08.7s/6m00.0s

running (0m09.7s), 258/800 VUs, 8628 complete and 0 interrupted iterations
default   [   3% ] 258/800 VUs  0m09.7s/6m00.0s

running (0m10.7s), 285/800 VUs, 9626 complete and 0 interrupted iterations
default   [   3% ] 285/800 VUs  0m10.7s/6m00.0s

running (0m11.7s), 312/800 VUs, 10606 complete and 0 interrupted iterations
default   [   3% ] 312/800 VUs  0m11.7s/6m00.0s

running (0m12.7s), 338/800 VUs, 11590 complete and 0 interrupted iterations
default   [   4% ] 338/800 VUs  0m12.7s/6m00.0s

running (0m13.7s), 365/800 VUs, 12578 complete and 0 interrupted iterations
default   [   4% ] 365/800 VUs  0m13.7s/6m00.0s

running (0m14.7s), 392/800 VUs, 13578 complete and 0 interrupted iterations
default   [   4% ] 392/800 VUs  0m14.7s/6m00.0s

running (0m15.7s), 418/800 VUs, 14558 complete and 0 interrupted iterations
default   [   4% ] 418/800 VUs  0m15.7s/6m00.0s

running (0m16.7s), 445/800 VUs, 15540 complete and 0 interrupted iterations
default   [   5% ] 445/800 VUs  0m16.7s/6m00.0s

running (0m17.7s), 471/800 VUs, 16529 complete and 0 interrupted iterations
default   [   5% ] 471/800 VUs  0m17.7s/6m00.0s

running (0m18.7s), 498/800 VUs, 17528 complete and 0 interrupted iterations
default   [   5% ] 498/800 VUs  0m18.7s/6m00.0s

running (0m19.7s), 525/800 VUs, 18511 complete and 0 interrupted iterations
default   [   5% ] 525/800 VUs  0m19.7s/6m00.0s

running (0m20.7s), 551/800 VUs, 19495 complete and 0 interrupted iterations
default   [   6% ] 551/800 VUs  0m20.7s/6m00.0s

running (0m21.7s), 578/800 VUs, 20481 complete and 0 interrupted iterations
default   [   6% ] 578/800 VUs  0m21.7s/6m00.0s

running (0m22.7s), 605/800 VUs, 21479 complete and 0 interrupted iterations
default   [   6% ] 605/800 VUs  0m22.7s/6m00.0s

running (0m23.7s), 631/800 VUs, 22469 complete and 0 interrupted iterations
default   [   7% ] 631/800 VUs  0m23.7s/6m00.0s

running (0m24.7s), 658/800 VUs, 23445 complete and 0 interrupted iterations
default   [   7% ] 658/800 VUs  0m24.7s/6m00.0s

running (0m25.7s), 684/800 VUs, 24432 complete and 0 interrupted iterations
default   [   7% ] 684/800 VUs  0m25.7s/6m00.0s

running (0m26.7s), 711/800 VUs, 25429 complete and 0 interrupted iterations
default   [   7% ] 711/800 VUs  0m26.7s/6m00.0s

running (0m27.7s), 738/800 VUs, 26425 complete and 0 interrupted iterations
default   [   8% ] 738/800 VUs  0m27.7s/6m00.0s

running (0m28.7s), 764/800 VUs, 27384 complete and 0 interrupted iterations
default   [   8% ] 764/800 VUs  0m28.7s/6m00.0s

running (0m29.7s), 791/800 VUs, 28379 complete and 0 interrupted iterations
default   [   8% ] 791/800 VUs  0m29.7s/6m00.0s

running (0m30.7s), 800/800 VUs, 29379 complete and 0 interrupted iterations
default   [   9% ] 800/800 VUs  0m30.7s/6m00.0s

running (0m31.7s), 800/800 VUs, 30359 complete and 0 interrupted iterations
default   [   9% ] 800/800 VUs  0m31.7s/6m00.0s

running (0m32.7s), 800/800 VUs, 31342 complete and 0 interrupted iterations
default   [   9% ] 800/800 VUs  0m32.7s/6m00.0s

running (0m33.7s), 800/800 VUs, 32329 complete and 0 interrupted iterations
default   [   9% ] 800/800 VUs  0m33.7s/6m00.0s

running (0m34.7s), 800/800 VUs, 33322 complete and 0 interrupted iterations
default   [  10% ] 800/800 VUs  0m34.7s/6m00.0s

running (0m35.7s), 800/800 VUs, 34310 complete and 0 interrupted iterations
default   [  10% ] 800/800 VUs  0m35.7s/6m00.0s

running (0m36.7s), 800/800 VUs, 35303 complete and 0 interrupted iterations
default   [  10% ] 800/800 VUs  0m36.7s/6m00.0s

running (0m37.7s), 800/800 VUs, 36287 complete and 0 interrupted iterations
default   [  10% ] 800/800 VUs  0m37.7s/6m00.0s

running (0m38.7s), 800/800 VUs, 37274 complete and 0 interrupted iterations
default   [  11% ] 800/800 VUs  0m38.7s/6m00.0s

running (0m39.7s), 800/800 VUs, 38261 complete and 0 interrupted iterations
default   [  11% ] 800/800 VUs  0m39.7s/6m00.0s

running (0m40.7s), 800/800 VUs, 39259 complete and 0 interrupted iterations
default   [  11% ] 800/800 VUs  0m40.7s/6m00.0s

running (0m41.7s), 800/800 VUs, 40240 complete and 0 interrupted iterations
default   [  12% ] 800/800 VUs  0m41.7s/6m00.0s

running (0m42.7s), 800/800 VUs, 41232 complete and 0 interrupted iterations
default   [  12% ] 800/800 VUs  0m42.7s/6m00.0s

running (0m43.7s), 800/800 VUs, 42215 complete and 0 interrupted iterations
default   [  12% ] 800/800 VUs  0m43.7s/6m00.0s

running (0m44.7s), 800/800 VUs, 43209 complete and 0 interrupted iterations
default   [  12% ] 800/800 VUs  0m44.7s/6m00.0s

running (0m45.7s), 800/800 VUs, 44182 complete and 0 interrupted iterations
default   [  13% ] 800/800 VUs  0m45.7s/6m00.0s

running (0m46.7s), 800/800 VUs, 45182 complete and 0 interrupted iterations
default   [  13% ] 800/800 VUs  0m46.7s/6m00.0s

running (0m47.7s), 800/800 VUs, 46170 complete and 0 interrupted iterations
default   [  13% ] 800/800 VUs  0m47.7s/6m00.0s

running (0m48.7s), 800/800 VUs, 47163 complete and 0 interrupted iterations
default   [  14% ] 800/800 VUs  0m48.7s/6m00.0s

running (0m49.7s), 800/800 VUs, 48137 complete and 0 interrupted iterations
default   [  14% ] 800/800 VUs  0m49.7s/6m00.0s

running (0m50.7s), 800/800 VUs, 49132 complete and 0 interrupted iterations
default   [  14% ] 800/800 VUs  0m50.7s/6m00.0s

running (0m51.7s), 800/800 VUs, 50121 complete and 0 interrupted iterations
default   [  14% ] 800/800 VUs  0m51.7s/6m00.0s

running (0m52.7s), 800/800 VUs, 51120 complete and 0 interrupted iterations
default   [  15% ] 800/800 VUs  0m52.7s/6m00.0s

running (0m53.7s), 800/800 VUs, 52091 complete and 0 interrupted iterations
default   [  15% ] 800/800 VUs  0m53.7s/6m00.0s

running (0m54.7s), 800/800 VUs, 53074 complete and 0 interrupted iterations
default   [  15% ] 800/800 VUs  0m54.7s/6m00.0s

running (0m55.7s), 800/800 VUs, 54071 complete and 0 interrupted iterations
default   [  15% ] 800/800 VUs  0m55.7s/6m00.0s

running (0m56.7s), 800/800 VUs, 55071 complete and 0 interrupted iterations
default   [  16% ] 800/800 VUs  0m56.7s/6m00.0s

running (0m57.7s), 800/800 VUs, 56040 complete and 0 interrupted iterations
default   [  16% ] 800/800 VUs  0m57.7s/6m00.0s

running (0m58.7s), 800/800 VUs, 57021 complete and 0 interrupted iterations
default   [  16% ] 800/800 VUs  0m58.7s/6m00.0s

running (0m59.7s), 800/800 VUs, 58021 complete and 0 interrupted iterations
default   [  17% ] 800/800 VUs  0m59.7s/6m00.0s

running (1m00.7s), 800/800 VUs, 59000 complete and 0 interrupted iterations
default   [  17% ] 800/800 VUs  1m00.7s/6m00.0s

running (1m01.7s), 800/800 VUs, 59971 complete and 0 interrupted iterations
default   [  17% ] 800/800 VUs  1m01.7s/6m00.0s

running (1m02.7s), 800/800 VUs, 60971 complete and 0 interrupted iterations
default   [  17% ] 800/800 VUs  1m02.7s/6m00.0s

running (1m03.7s), 800/800 VUs, 61938 complete and 0 interrupted iterations
default   [  18% ] 800/800 VUs  1m03.7s/6m00.0s

running (1m04.7s), 800/800 VUs, 62921 complete and 0 interrupted iterations
default   [  18% ] 800/800 VUs  1m04.7s/6m00.0s

running (1m05.7s), 800/800 VUs, 63921 complete and 0 interrupted iterations
default   [  18% ] 800/800 VUs  1m05.7s/6m00.0s

running (1m06.7s), 800/800 VUs, 64902 complete and 0 interrupted iterations
default   [  19% ] 800/800 VUs  1m06.7s/6m00.0s

running (1m07.7s), 800/800 VUs, 65881 complete and 0 interrupted iterations
default   [  19% ] 800/800 VUs  1m07.7s/6m00.0s

running (1m08.7s), 800/800 VUs, 66871 complete and 0 interrupted iterations
default   [  19% ] 800/800 VUs  1m08.7s/6m00.0s

running (1m09.7s), 800/800 VUs, 67871 complete and 0 interrupted iterations
default   [  19% ] 800/800 VUs  1m09.7s/6m00.0s

running (1m10.7s), 800/800 VUs, 68837 complete and 0 interrupted iterations
default   [  20% ] 800/800 VUs  1m10.7s/6m00.0s

running (1m11.7s), 800/800 VUs, 69831 complete and 0 interrupted iterations
default   [  20% ] 800/800 VUs  1m11.7s/6m00.0s

running (1m12.7s), 800/800 VUs, 70821 complete and 0 interrupted iterations
default   [  20% ] 800/800 VUs  1m12.7s/6m00.0s

running (1m13.7s), 800/800 VUs, 71821 complete and 0 interrupted iterations
default   [  20% ] 800/800 VUs  1m13.7s/6m00.0s

running (1m14.7s), 800/800 VUs, 72787 complete and 0 interrupted iterations
default   [  21% ] 800/800 VUs  1m14.7s/6m00.0s

running (1m15.7s), 800/800 VUs, 73771 complete and 0 interrupted iterations
default   [  21% ] 800/800 VUs  1m15.7s/6m00.0s

running (1m16.7s), 800/800 VUs, 74766 complete and 0 interrupted iterations
default   [  21% ] 800/800 VUs  1m16.7s/6m00.0s

running (1m17.7s), 800/800 VUs, 75737 complete and 0 interrupted iterations
default   [  22% ] 800/800 VUs  1m17.7s/6m00.0s

running (1m18.7s), 800/800 VUs, 76737 complete and 0 interrupted iterations
default   [  22% ] 800/800 VUs  1m18.7s/6m00.0s

running (1m19.7s), 800/800 VUs, 77724 complete and 0 interrupted iterations
default   [  22% ] 800/800 VUs  1m19.7s/6m00.0s

running (1m20.7s), 800/800 VUs, 78695 complete and 0 interrupted iterations
default   [  22% ] 800/800 VUs  1m20.7s/6m00.0s

running (1m21.7s), 800/800 VUs, 79693 complete and 0 interrupted iterations
default   [  23% ] 800/800 VUs  1m21.7s/6m00.0s

running (1m22.7s), 800/800 VUs, 80687 complete and 0 interrupted iterations
default   [  23% ] 800/800 VUs  1m22.7s/6m00.0s

running (1m23.7s), 800/800 VUs, 81678 complete and 0 interrupted iterations
default   [  23% ] 800/800 VUs  1m23.7s/6m00.0s

running (1m24.7s), 800/800 VUs, 82649 complete and 0 interrupted iterations
default   [  24% ] 800/800 VUs  1m24.7s/6m00.0s

running (1m25.7s), 800/800 VUs, 83637 complete and 0 interrupted iterations
default   [  24% ] 800/800 VUs  1m25.7s/6m00.0s

running (1m26.7s), 800/800 VUs, 84637 complete and 0 interrupted iterations
default   [  24% ] 800/800 VUs  1m26.7s/6m00.0s

running (1m27.7s), 800/800 VUs, 85613 complete and 0 interrupted iterations
default   [  24% ] 800/800 VUs  1m27.7s/6m00.0s

running (1m28.7s), 800/800 VUs, 86595 complete and 0 interrupted iterations
default   [  25% ] 800/800 VUs  1m28.7s/6m00.0s

running (1m29.7s), 800/800 VUs, 87587 complete and 0 interrupted iterations
default   [  25% ] 800/800 VUs  1m29.7s/6m00.0s

running (1m30.7s), 800/800 VUs, 88574 complete and 0 interrupted iterations
default   [  25% ] 800/800 VUs  1m30.7s/6m00.0s

running (1m31.7s), 800/800 VUs, 89563 complete and 0 interrupted iterations
default   [  25% ] 800/800 VUs  1m31.7s/6m00.0s

running (1m32.7s), 800/800 VUs, 90545 complete and 0 interrupted iterations
default   [  26% ] 800/800 VUs  1m32.7s/6m00.0s

running (1m33.7s), 800/800 VUs, 91545 complete and 0 interrupted iterations
default   [  26% ] 800/800 VUs  1m33.7s/6m00.0s

running (1m34.7s), 800/800 VUs, 92525 complete and 0 interrupted iterations
default   [  26% ] 800/800 VUs  1m34.7s/6m00.0s

running (1m35.7s), 800/800 VUs, 93518 complete and 0 interrupted iterations
default   [  27% ] 800/800 VUs  1m35.7s/6m00.0s

running (1m36.7s), 800/800 VUs, 94495 complete and 0 interrupted iterations
default   [  27% ] 800/800 VUs  1m36.7s/6m00.0s

running (1m37.7s), 800/800 VUs, 95495 complete and 0 interrupted iterations
default   [  27% ] 800/800 VUs  1m37.7s/6m00.0s

running (1m38.7s), 800/800 VUs, 96481 complete and 0 interrupted iterations
default   [  27% ] 800/800 VUs  1m38.7s/6m00.0s

running (1m39.7s), 800/800 VUs, 97454 complete and 0 interrupted iterations
default   [  28% ] 800/800 VUs  1m39.7s/6m00.0s

running (1m40.7s), 800/800 VUs, 98445 complete and 0 interrupted iterations
default   [  28% ] 800/800 VUs  1m40.7s/6m00.0s

running (1m41.7s), 800/800 VUs, 99445 complete and 0 interrupted iterations
default   [  28% ] 800/800 VUs  1m41.7s/6m00.0s

running (1m42.7s), 800/800 VUs, 100408 complete and 0 interrupted iterations
default   [  29% ] 800/800 VUs  1m42.7s/6m00.0s

running (1m43.7s), 800/800 VUs, 101406 complete and 0 interrupted iterations
default   [  29% ] 800/800 VUs  1m43.7s/6m00.0s

running (1m44.7s), 800/800 VUs, 102395 complete and 0 interrupted iterations
default   [  29% ] 800/800 VUs  1m44.7s/6m00.0s

running (1m45.7s), 800/800 VUs, 103395 complete and 0 interrupted iterations
default   [  29% ] 800/800 VUs  1m45.7s/6m00.0s

running (1m46.7s), 800/800 VUs, 104368 complete and 0 interrupted iterations
default   [  30% ] 800/800 VUs  1m46.7s/6m00.0s

running (1m47.7s), 800/800 VUs, 105359 complete and 0 interrupted iterations
default   [  30% ] 800/800 VUs  1m47.7s/6m00.0s

running (1m48.7s), 800/800 VUs, 106348 complete and 0 interrupted iterations
default   [  30% ] 800/800 VUs  1m48.7s/6m00.0s

running (1m49.7s), 800/800 VUs, 107345 complete and 0 interrupted iterations
default   [  30% ] 800/800 VUs  1m49.7s/6m00.0s

running (1m50.7s), 800/800 VUs, 108326 complete and 0 interrupted iterations
default   [  31% ] 800/800 VUs  1m50.7s/6m00.0s

running (1m51.7s), 800/800 VUs, 109310 complete and 0 interrupted iterations
default   [  31% ] 800/800 VUs  1m51.7s/6m00.0s

running (1m52.7s), 800/800 VUs, 110295 complete and 0 interrupted iterations
default   [  31% ] 800/800 VUs  1m52.7s/6m00.0s

running (1m53.7s), 800/800 VUs, 111290 complete and 0 interrupted iterations
default   [  32% ] 800/800 VUs  1m53.7s/6m00.0s

running (1m54.7s), 800/800 VUs, 112285 complete and 0 interrupted iterations
default   [  32% ] 800/800 VUs  1m54.7s/6m00.0s

running (1m55.7s), 800/800 VUs, 113267 complete and 0 interrupted iterations
default   [  32% ] 800/800 VUs  1m55.7s/6m00.0s

running (1m56.7s), 800/800 VUs, 114247 complete and 0 interrupted iterations
default   [  32% ] 800/800 VUs  1m56.7s/6m00.0s

running (1m57.7s), 800/800 VUs, 115245 complete and 0 interrupted iterations
default   [  33% ] 800/800 VUs  1m57.7s/6m00.0s

running (1m58.7s), 800/800 VUs, 116235 complete and 0 interrupted iterations
default   [  33% ] 800/800 VUs  1m58.7s/6m00.0s

running (1m59.7s), 800/800 VUs, 117217 complete and 0 interrupted iterations
default   [  33% ] 800/800 VUs  1m59.7s/6m00.0s

running (2m00.7s), 800/800 VUs, 118197 complete and 0 interrupted iterations
default   [  34% ] 800/800 VUs  2m00.7s/6m00.0s

running (2m01.7s), 800/800 VUs, 119195 complete and 0 interrupted iterations
default   [  34% ] 800/800 VUs  2m01.7s/6m00.0s

running (2m02.7s), 800/800 VUs, 120185 complete and 0 interrupted iterations
default   [  34% ] 800/800 VUs  2m02.7s/6m00.0s

running (2m03.7s), 800/800 VUs, 121161 complete and 0 interrupted iterations
default   [  34% ] 800/800 VUs  2m03.7s/6m00.0s

running (2m04.7s), 800/800 VUs, 122145 complete and 0 interrupted iterations
default   [  35% ] 800/800 VUs  2m04.7s/6m00.0s

running (2m05.7s), 800/800 VUs, 123145 complete and 0 interrupted iterations
default   [  35% ] 800/800 VUs  2m05.7s/6m00.0s

running (2m06.7s), 800/800 VUs, 124140 complete and 0 interrupted iterations
default   [  35% ] 800/800 VUs  2m06.7s/6m00.0s

running (2m07.7s), 800/800 VUs, 125095 complete and 0 interrupted iterations
default   [  35% ] 800/800 VUs  2m07.7s/6m00.0s

running (2m08.7s), 800/800 VUs, 126095 complete and 0 interrupted iterations
default   [  36% ] 800/800 VUs  2m08.7s/6m00.0s

running (2m09.7s), 800/800 VUs, 127095 complete and 0 interrupted iterations
default   [  36% ] 800/800 VUs  2m09.7s/6m00.0s

running (2m10.7s), 800/800 VUs, 128077 complete and 0 interrupted iterations
default   [  36% ] 800/800 VUs  2m10.7s/6m00.0s

running (2m11.7s), 800/800 VUs, 129045 complete and 0 interrupted iterations
default   [  37% ] 800/800 VUs  2m11.7s/6m00.0s

running (2m12.7s), 800/800 VUs, 130045 complete and 0 interrupted iterations
default   [  37% ] 800/800 VUs  2m12.7s/6m00.0s

running (2m13.7s), 800/800 VUs, 131021 complete and 0 interrupted iterations
default   [  37% ] 800/800 VUs  2m13.7s/6m00.0s

running (2m14.7s), 800/800 VUs, 131995 complete and 0 interrupted iterations
default   [  37% ] 800/800 VUs  2m14.7s/6m00.0s

running (2m15.7s), 800/800 VUs, 132995 complete and 0 interrupted iterations
default   [  38% ] 800/800 VUs  2m15.7s/6m00.0s

running (2m16.7s), 800/800 VUs, 133995 complete and 0 interrupted iterations
default   [  38% ] 800/800 VUs  2m16.7s/6m00.0s

running (2m17.7s), 800/800 VUs, 134982 complete and 0 interrupted iterations
default   [  38% ] 800/800 VUs  2m17.7s/6m00.0s

running (2m18.7s), 800/800 VUs, 135945 complete and 0 interrupted iterations
default   [  39% ] 800/800 VUs  2m18.7s/6m00.0s

running (2m19.7s), 800/800 VUs, 136945 complete and 0 interrupted iterations
default   [  39% ] 800/800 VUs  2m19.7s/6m00.0s

running (2m20.7s), 800/800 VUs, 137922 complete and 0 interrupted iterations
default   [  39% ] 800/800 VUs  2m20.7s/6m00.0s

running (2m21.7s), 800/800 VUs, 138895 complete and 0 interrupted iterations
default   [  39% ] 800/800 VUs  2m21.7s/6m00.0s

running (2m22.7s), 800/800 VUs, 139895 complete and 0 interrupted iterations
default   [  40% ] 800/800 VUs  2m22.7s/6m00.0s

running (2m23.7s), 800/800 VUs, 140882 complete and 0 interrupted iterations
default   [  40% ] 800/800 VUs  2m23.7s/6m00.0s

running (2m24.7s), 800/800 VUs, 141850 complete and 0 interrupted iterations
default   [  40% ] 800/800 VUs  2m24.7s/6m00.0s

running (2m25.7s), 800/800 VUs, 142845 complete and 0 interrupted iterations
default   [  40% ] 800/800 VUs  2m25.7s/6m00.0s

running (2m26.7s), 800/800 VUs, 143845 complete and 0 interrupted iterations
default   [  41% ] 800/800 VUs  2m26.7s/6m00.0s

running (2m27.7s), 800/800 VUs, 144795 complete and 0 interrupted iterations
default   [  41% ] 800/800 VUs  2m27.7s/6m00.0s

running (2m28.7s), 800/800 VUs, 145795 complete and 0 interrupted iterations
default   [  41% ] 800/800 VUs  2m28.7s/6m00.0s

running (2m29.7s), 800/800 VUs, 146766 complete and 0 interrupted iterations
default   [  42% ] 800/800 VUs  2m29.7s/6m00.0s

running (2m30.7s), 800/800 VUs, 147764 complete and 0 interrupted iterations
default   [  42% ] 800/800 VUs  2m30.7s/6m00.0s

running (2m31.7s), 800/800 VUs, 148745 complete and 0 interrupted iterations
default   [  42% ] 800/800 VUs  2m31.7s/6m00.0s

running (2m32.7s), 800/800 VUs, 149745 complete and 0 interrupted iterations
default   [  42% ] 800/800 VUs  2m32.7s/6m00.0s

running (2m33.7s), 800/800 VUs, 150730 complete and 0 interrupted iterations
default   [  43% ] 800/800 VUs  2m33.7s/6m00.0s

running (2m34.7s), 800/800 VUs, 151695 complete and 0 interrupted iterations
default   [  43% ] 800/800 VUs  2m34.7s/6m00.0s

running (2m35.7s), 800/800 VUs, 152695 complete and 0 interrupted iterations
default   [  43% ] 800/800 VUs  2m35.7s/6m00.0s

running (2m36.7s), 800/800 VUs, 153692 complete and 0 interrupted iterations
default   [  44% ] 800/800 VUs  2m36.7s/6m00.0s

running (2m37.7s), 800/800 VUs, 154669 complete and 0 interrupted iterations
default   [  44% ] 800/800 VUs  2m37.7s/6m00.0s

running (2m38.7s), 800/800 VUs, 155650 complete and 0 interrupted iterations
default   [  44% ] 800/800 VUs  2m38.7s/6m00.0s

running (2m39.7s), 800/800 VUs, 156645 complete and 0 interrupted iterations
default   [  44% ] 800/800 VUs  2m39.7s/6m00.0s

running (2m40.7s), 800/800 VUs, 157624 complete and 0 interrupted iterations
default   [  45% ] 800/800 VUs  2m40.7s/6m00.0s

running (2m41.7s), 800/800 VUs, 158614 complete and 0 interrupted iterations
default   [  45% ] 800/800 VUs  2m41.7s/6m00.0s

running (2m42.7s), 800/800 VUs, 159600 complete and 0 interrupted iterations
default   [  45% ] 800/800 VUs  2m42.7s/6m00.0s

running (2m43.7s), 800/800 VUs, 160595 complete and 0 interrupted iterations
default   [  45% ] 800/800 VUs  2m43.7s/6m00.0s

running (2m44.7s), 800/800 VUs, 161572 complete and 0 interrupted iterations
default   [  46% ] 800/800 VUs  2m44.7s/6m00.0s

running (2m45.7s), 800/800 VUs, 162567 complete and 0 interrupted iterations
default   [  46% ] 800/800 VUs  2m45.7s/6m00.0s

running (2m46.7s), 800/800 VUs, 163550 complete and 0 interrupted iterations
default   [  46% ] 800/800 VUs  2m46.7s/6m00.0s

running (2m47.7s), 800/800 VUs, 164547 complete and 0 interrupted iterations
default   [  47% ] 800/800 VUs  2m47.7s/6m00.0s

running (2m48.7s), 800/800 VUs, 165533 complete and 0 interrupted iterations
default   [  47% ] 800/800 VUs  2m48.7s/6m00.0s

running (2m49.7s), 800/800 VUs, 166512 complete and 0 interrupted iterations
default   [  47% ] 800/800 VUs  2m49.7s/6m00.0s

running (2m50.7s), 800/800 VUs, 167511 complete and 0 interrupted iterations
default   [  47% ] 800/800 VUs  2m50.7s/6m00.0s

running (2m51.7s), 800/800 VUs, 168500 complete and 0 interrupted iterations
default   [  48% ] 800/800 VUs  2m51.7s/6m00.0s

running (2m52.7s), 800/800 VUs, 169493 complete and 0 interrupted iterations
default   [  48% ] 800/800 VUs  2m52.7s/6m00.0s

running (2m53.7s), 800/800 VUs, 170471 complete and 0 interrupted iterations
default   [  48% ] 800/800 VUs  2m53.7s/6m00.0s

running (2m54.7s), 800/800 VUs, 171462 complete and 0 interrupted iterations
default   [  49% ] 800/800 VUs  2m54.7s/6m00.0s

running (2m55.7s), 800/800 VUs, 172457 complete and 0 interrupted iterations
default   [  49% ] 800/800 VUs  2m55.7s/6m00.0s

running (2m56.7s), 800/800 VUs, 173433 complete and 0 interrupted iterations
default   [  49% ] 800/800 VUs  2m56.7s/6m00.0s

running (2m57.7s), 800/800 VUs, 174429 complete and 0 interrupted iterations
default   [  49% ] 800/800 VUs  2m57.7s/6m00.0s

running (2m58.7s), 800/800 VUs, 175415 complete and 0 interrupted iterations
default   [  50% ] 800/800 VUs  2m58.7s/6m00.0s

running (2m59.7s), 800/800 VUs, 176412 complete and 0 interrupted iterations
default   [  50% ] 800/800 VUs  2m59.7s/6m00.0s

running (3m00.7s), 800/800 VUs, 177399 complete and 0 interrupted iterations
default   [  50% ] 800/800 VUs  3m00.7s/6m00.0s

running (3m01.7s), 800/800 VUs, 178383 complete and 0 interrupted iterations
default   [  50% ] 800/800 VUs  3m01.7s/6m00.0s

running (3m02.7s), 800/800 VUs, 179365 complete and 0 interrupted iterations
default   [  51% ] 800/800 VUs  3m02.7s/6m00.0s

running (3m03.7s), 800/800 VUs, 180362 complete and 0 interrupted iterations
default   [  51% ] 800/800 VUs  3m03.7s/6m00.0s

running (3m04.7s), 800/800 VUs, 181359 complete and 0 interrupted iterations
default   [  51% ] 800/800 VUs  3m04.7s/6m00.0s

running (3m05.7s), 800/800 VUs, 182341 complete and 0 interrupted iterations
default   [  52% ] 800/800 VUs  3m05.7s/6m00.0s

running (3m06.7s), 800/800 VUs, 183323 complete and 0 interrupted iterations
default   [  52% ] 800/800 VUs  3m06.7s/6m00.0s

running (3m07.7s), 800/800 VUs, 184313 complete and 0 interrupted iterations
default   [  52% ] 800/800 VUs  3m07.7s/6m00.0s

running (3m08.7s), 800/800 VUs, 185301 complete and 0 interrupted iterations
default   [  52% ] 800/800 VUs  3m08.7s/6m00.0s

running (3m09.7s), 800/800 VUs, 186295 complete and 0 interrupted iterations
default   [  53% ] 800/800 VUs  3m09.7s/6m00.0s

running (3m10.7s), 800/800 VUs, 187278 complete and 0 interrupted iterations
default   [  53% ] 800/800 VUs  3m10.7s/6m00.0s

running (3m11.7s), 800/800 VUs, 188266 complete and 0 interrupted iterations
default   [  53% ] 800/800 VUs  3m11.7s/6m00.0s

running (3m12.7s), 800/800 VUs, 189252 complete and 0 interrupted iterations
default   [  54% ] 800/800 VUs  3m12.7s/6m00.0s

running (3m13.7s), 800/800 VUs, 190236 complete and 0 interrupted iterations
default   [  54% ] 800/800 VUs  3m13.7s/6m00.0s

running (3m14.7s), 800/800 VUs, 191236 complete and 0 interrupted iterations
default   [  54% ] 800/800 VUs  3m14.7s/6m00.0s

running (3m15.7s), 800/800 VUs, 192216 complete and 0 interrupted iterations
default   [  54% ] 800/800 VUs  3m15.7s/6m00.0s

running (3m16.7s), 800/800 VUs, 193204 complete and 0 interrupted iterations
default   [  55% ] 800/800 VUs  3m16.7s/6m00.0s

running (3m17.7s), 800/800 VUs, 194196 complete and 0 interrupted iterations
default   [  55% ] 800/800 VUs  3m17.7s/6m00.0s

running (3m18.7s), 800/800 VUs, 195185 complete and 0 interrupted iterations
default   [  55% ] 800/800 VUs  3m18.7s/6m00.0s

running (3m19.7s), 800/800 VUs, 196168 complete and 0 interrupted iterations
default   [  55% ] 800/800 VUs  3m19.7s/6m00.0s

running (3m20.7s), 800/800 VUs, 197166 complete and 0 interrupted iterations
default   [  56% ] 800/800 VUs  3m20.7s/6m00.0s

running (3m21.7s), 800/800 VUs, 198149 complete and 0 interrupted iterations
default   [  56% ] 800/800 VUs  3m21.7s/6m00.0s

running (3m22.7s), 800/800 VUs, 199140 complete and 0 interrupted iterations
default   [  56% ] 800/800 VUs  3m22.7s/6m00.0s

running (3m23.7s), 800/800 VUs, 200119 complete and 0 interrupted iterations
default   [  57% ] 800/800 VUs  3m23.7s/6m00.0s

running (3m24.7s), 800/800 VUs, 201113 complete and 0 interrupted iterations
default   [  57% ] 800/800 VUs  3m24.7s/6m00.0s

running (3m25.7s), 800/800 VUs, 202104 complete and 0 interrupted iterations
default   [  57% ] 800/800 VUs  3m25.7s/6m00.0s

running (3m26.7s), 800/800 VUs, 203092 complete and 0 interrupted iterations
default   [  57% ] 800/800 VUs  3m26.7s/6m00.0s

running (3m27.7s), 800/800 VUs, 204075 complete and 0 interrupted iterations
default   [  58% ] 800/800 VUs  3m27.7s/6m00.0s

running (3m28.7s), 800/800 VUs, 205052 complete and 0 interrupted iterations
default   [  58% ] 800/800 VUs  3m28.7s/6m00.0s

running (3m29.7s), 800/800 VUs, 206052 complete and 0 interrupted iterations
default   [  58% ] 800/800 VUs  3m29.7s/6m00.0s

running (3m30.7s), 800/800 VUs, 207046 complete and 0 interrupted iterations
default   [  59% ] 800/800 VUs  3m30.7s/6m00.0s

running (3m31.7s), 800/800 VUs, 208002 complete and 0 interrupted iterations
default   [  59% ] 800/800 VUs  3m31.7s/6m00.0s

running (3m32.7s), 800/800 VUs, 209002 complete and 0 interrupted iterations
default   [  59% ] 800/800 VUs  3m32.7s/6m00.0s

running (3m33.7s), 800/800 VUs, 209995 complete and 0 interrupted iterations
default   [  59% ] 800/800 VUs  3m33.7s/6m00.0s

running (3m34.7s), 800/800 VUs, 210952 complete and 0 interrupted iterations
default   [  60% ] 800/800 VUs  3m34.7s/6m00.0s

running (3m35.7s), 800/800 VUs, 211952 complete and 0 interrupted iterations
default   [  60% ] 800/800 VUs  3m35.7s/6m00.0s

running (3m36.7s), 800/800 VUs, 212952 complete and 0 interrupted iterations
default   [  60% ] 800/800 VUs  3m36.7s/6m00.0s

running (3m37.7s), 800/800 VUs, 213902 complete and 0 interrupted iterations
default   [  60% ] 800/800 VUs  3m37.7s/6m00.0s

running (3m38.7s), 800/800 VUs, 214902 complete and 0 interrupted iterations
default   [  61% ] 800/800 VUs  3m38.7s/6m00.0s

running (3m39.7s), 800/800 VUs, 215902 complete and 0 interrupted iterations
default   [  61% ] 800/800 VUs  3m39.7s/6m00.0s

running (3m40.7s), 800/800 VUs, 216886 complete and 0 interrupted iterations
default   [  61% ] 800/800 VUs  3m40.7s/6m00.0s

running (3m41.7s), 800/800 VUs, 217852 complete and 0 interrupted iterations
default   [  62% ] 800/800 VUs  3m41.7s/6m00.0s

running (3m42.7s), 800/800 VUs, 218852 complete and 0 interrupted iterations
default   [  62% ] 800/800 VUs  3m42.7s/6m00.0s

running (3m43.7s), 800/800 VUs, 219829 complete and 0 interrupted iterations
default   [  62% ] 800/800 VUs  3m43.7s/6m00.0s

running (3m44.7s), 800/800 VUs, 220802 complete and 0 interrupted iterations
default   [  62% ] 800/800 VUs  3m44.7s/6m00.0s

running (3m45.7s), 800/800 VUs, 221802 complete and 0 interrupted iterations
default   [  63% ] 800/800 VUs  3m45.7s/6m00.0s

running (3m46.7s), 800/800 VUs, 222802 complete and 0 interrupted iterations
default   [  63% ] 800/800 VUs  3m46.7s/6m00.0s

running (3m47.7s), 800/800 VUs, 223755 complete and 0 interrupted iterations
default   [  63% ] 800/800 VUs  3m47.7s/6m00.0s

running (3m48.7s), 800/800 VUs, 224752 complete and 0 interrupted iterations
default   [  64% ] 800/800 VUs  3m48.7s/6m00.0s

running (3m49.7s), 800/800 VUs, 225752 complete and 0 interrupted iterations
default   [  64% ] 800/800 VUs  3m49.7s/6m00.0s

running (3m50.7s), 800/800 VUs, 226720 complete and 0 interrupted iterations
default   [  64% ] 800/800 VUs  3m50.7s/6m00.0s

running (3m51.7s), 800/800 VUs, 227702 complete and 0 interrupted iterations
default   [  64% ] 800/800 VUs  3m51.7s/6m00.0s

running (3m52.7s), 800/800 VUs, 228702 complete and 0 interrupted iterations
default   [  65% ] 800/800 VUs  3m52.7s/6m00.0s

running (3m53.7s), 800/800 VUs, 229694 complete and 0 interrupted iterations
default   [  65% ] 800/800 VUs  3m53.7s/6m00.0s

running (3m54.7s), 800/800 VUs, 230674 complete and 0 interrupted iterations
default   [  65% ] 800/800 VUs  3m54.7s/6m00.0s

running (3m55.7s), 800/800 VUs, 231652 complete and 0 interrupted iterations
default   [  65% ] 800/800 VUs  3m55.7s/6m00.0s

running (3m56.7s), 800/800 VUs, 232652 complete and 0 interrupted iterations
default   [  66% ] 800/800 VUs  3m56.7s/6m00.0s

running (3m57.7s), 800/800 VUs, 233652 complete and 0 interrupted iterations
default   [  66% ] 800/800 VUs  3m57.7s/6m00.0s

running (3m58.7s), 800/800 VUs, 234602 complete and 0 interrupted iterations
default   [  66% ] 800/800 VUs  3m58.7s/6m00.0s

running (3m59.7s), 800/800 VUs, 235602 complete and 0 interrupted iterations
default   [  67% ] 800/800 VUs  3m59.7s/6m00.0s

running (4m00.7s), 800/800 VUs, 236602 complete and 0 interrupted iterations
default   [  67% ] 800/800 VUs  4m00.7s/6m00.0s

running (4m01.7s), 800/800 VUs, 237598 complete and 0 interrupted iterations
default   [  67% ] 800/800 VUs  4m01.7s/6m00.0s

running (4m02.7s), 800/800 VUs, 238552 complete and 0 interrupted iterations
default   [  67% ] 800/800 VUs  4m02.7s/6m00.0s

running (4m03.7s), 800/800 VUs, 239552 complete and 0 interrupted iterations
default   [  68% ] 800/800 VUs  4m03.7s/6m00.0s

running (4m04.7s), 800/800 VUs, 240536 complete and 0 interrupted iterations
default   [  68% ] 800/800 VUs  4m04.7s/6m00.0s

running (4m05.7s), 800/800 VUs, 241503 complete and 0 interrupted iterations
default   [  68% ] 800/800 VUs  4m05.7s/6m00.0s

running (4m06.7s), 800/800 VUs, 242502 complete and 0 interrupted iterations
default   [  69% ] 800/800 VUs  4m06.7s/6m00.0s

running (4m07.7s), 800/800 VUs, 243502 complete and 0 interrupted iterations
default   [  69% ] 800/800 VUs  4m07.7s/6m00.0s

running (4m08.7s), 800/800 VUs, 244474 complete and 0 interrupted iterations
default   [  69% ] 800/800 VUs  4m08.7s/6m00.0s

running (4m09.7s), 800/800 VUs, 245452 complete and 0 interrupted iterations
default   [  69% ] 800/800 VUs  4m09.7s/6m00.0s

running (4m10.7s), 800/800 VUs, 246452 complete and 0 interrupted iterations
default   [  70% ] 800/800 VUs  4m10.7s/6m00.0s

running (4m11.7s), 800/800 VUs, 247452 complete and 0 interrupted iterations
default   [  70% ] 800/800 VUs  4m11.7s/6m00.0s

running (4m12.7s), 800/800 VUs, 248409 complete and 0 interrupted iterations
default   [  70% ] 800/800 VUs  4m12.7s/6m00.0s

running (4m13.7s), 800/800 VUs, 249402 complete and 0 interrupted iterations
default   [  70% ] 800/800 VUs  4m13.7s/6m00.0s

running (4m14.7s), 800/800 VUs, 250392 complete and 0 interrupted iterations
default   [  71% ] 800/800 VUs  4m14.7s/6m00.0s

running (4m15.7s), 800/800 VUs, 251358 complete and 0 interrupted iterations
default   [  71% ] 800/800 VUs  4m15.7s/6m00.0s

running (4m16.7s), 800/800 VUs, 252352 complete and 0 interrupted iterations
default   [  71% ] 800/800 VUs  4m16.7s/6m00.0s

running (4m17.7s), 800/800 VUs, 253352 complete and 0 interrupted iterations
default   [  72% ] 800/800 VUs  4m17.7s/6m00.0s

running (4m18.7s), 800/800 VUs, 254349 complete and 0 interrupted iterations
default   [  72% ] 800/800 VUs  4m18.7s/6m00.0s

running (4m19.7s), 800/800 VUs, 255309 complete and 0 interrupted iterations
default   [  72% ] 800/800 VUs  4m19.7s/6m00.0s

running (4m20.7s), 800/800 VUs, 256302 complete and 0 interrupted iterations
default   [  72% ] 800/800 VUs  4m20.7s/6m00.0s

running (4m21.7s), 800/800 VUs, 257302 complete and 0 interrupted iterations
default   [  73% ] 800/800 VUs  4m21.7s/6m00.0s

running (4m22.7s), 800/800 VUs, 258296 complete and 0 interrupted iterations
default   [  73% ] 800/800 VUs  4m22.7s/6m00.0s

running (4m23.7s), 800/800 VUs, 259276 complete and 0 interrupted iterations
default   [  73% ] 800/800 VUs  4m23.7s/6m00.0s

running (4m24.7s), 800/800 VUs, 260253 complete and 0 interrupted iterations
default   [  74% ] 800/800 VUs  4m24.7s/6m00.0s

running (4m25.7s), 800/800 VUs, 261252 complete and 0 interrupted iterations
default   [  74% ] 800/800 VUs  4m25.7s/6m00.0s

running (4m26.7s), 800/800 VUs, 262252 complete and 0 interrupted iterations
default   [  74% ] 800/800 VUs  4m26.7s/6m00.0s

running (4m27.7s), 800/800 VUs, 263202 complete and 0 interrupted iterations
default   [  74% ] 800/800 VUs  4m27.7s/6m00.0s

running (4m28.7s), 800/800 VUs, 264202 complete and 0 interrupted iterations
default   [  75% ] 800/800 VUs  4m28.7s/6m00.0s

running (4m29.7s), 800/800 VUs, 265202 complete and 0 interrupted iterations
default   [  75% ] 800/800 VUs  4m29.7s/6m00.0s

running (4m30.7s), 800/800 VUs, 266153 complete and 0 interrupted iterations
default   [  75% ] 800/800 VUs  4m30.7s/6m00.0s

running (4m31.7s), 800/800 VUs, 267152 complete and 0 interrupted iterations
default   [  75% ] 800/800 VUs  4m31.7s/6m00.0s

running (4m32.7s), 800/800 VUs, 268152 complete and 0 interrupted iterations
default   [  76% ] 800/800 VUs  4m32.7s/6m00.0s

running (4m33.7s), 800/800 VUs, 269116 complete and 0 interrupted iterations
default   [  76% ] 800/800 VUs  4m33.7s/6m00.0s

running (4m34.7s), 800/800 VUs, 270103 complete and 0 interrupted iterations
default   [  76% ] 800/800 VUs  4m34.7s/6m00.0s

running (4m35.7s), 800/800 VUs, 271103 complete and 0 interrupted iterations
default   [  77% ] 800/800 VUs  4m35.7s/6m00.0s

running (4m36.7s), 800/800 VUs, 272088 complete and 0 interrupted iterations
default   [  77% ] 800/800 VUs  4m36.7s/6m00.0s

running (4m37.7s), 800/800 VUs, 273074 complete and 0 interrupted iterations
default   [  77% ] 800/800 VUs  4m37.7s/6m00.0s

running (4m38.7s), 800/800 VUs, 274053 complete and 0 interrupted iterations
default   [  77% ] 800/800 VUs  4m38.7s/6m00.0s

running (4m39.7s), 800/800 VUs, 275053 complete and 0 interrupted iterations
default   [  78% ] 800/800 VUs  4m39.7s/6m00.0s

running (4m40.7s), 800/800 VUs, 276049 complete and 0 interrupted iterations
default   [  78% ] 800/800 VUs  4m40.7s/6m00.0s

running (4m41.7s), 800/800 VUs, 277019 complete and 0 interrupted iterations
default   [  78% ] 800/800 VUs  4m41.7s/6m00.0s

running (4m42.7s), 800/800 VUs, 278003 complete and 0 interrupted iterations
default   [  79% ] 800/800 VUs  4m42.7s/6m00.0s

running (4m43.7s), 800/800 VUs, 279003 complete and 0 interrupted iterations
default   [  79% ] 800/800 VUs  4m43.7s/6m00.0s

running (4m44.7s), 800/800 VUs, 279985 complete and 0 interrupted iterations
default   [  79% ] 800/800 VUs  4m44.7s/6m00.0s

running (4m45.7s), 800/800 VUs, 280953 complete and 0 interrupted iterations
default   [  79% ] 800/800 VUs  4m45.7s/6m00.0s

running (4m46.7s), 800/800 VUs, 281953 complete and 0 interrupted iterations
default   [  80% ] 800/800 VUs  4m46.7s/6m00.0s

running (4m47.7s), 800/800 VUs, 282953 complete and 0 interrupted iterations
default   [  80% ] 800/800 VUs  4m47.7s/6m00.0s

running (4m48.7s), 800/800 VUs, 283922 complete and 0 interrupted iterations
default   [  80% ] 800/800 VUs  4m48.7s/6m00.0s

running (4m49.7s), 800/800 VUs, 284903 complete and 0 interrupted iterations
default   [  80% ] 800/800 VUs  4m49.7s/6m00.0s

running (4m50.7s), 800/800 VUs, 285903 complete and 0 interrupted iterations
default   [  81% ] 800/800 VUs  4m50.7s/6m00.0s

running (4m51.7s), 800/800 VUs, 286880 complete and 0 interrupted iterations
default   [  81% ] 800/800 VUs  4m51.7s/6m00.0s

running (4m52.7s), 800/800 VUs, 287853 complete and 0 interrupted iterations
default   [  81% ] 800/800 VUs  4m52.7s/6m00.0s

running (4m53.7s), 800/800 VUs, 288853 complete and 0 interrupted iterations
default   [  82% ] 800/800 VUs  4m53.7s/6m00.0s

running (4m54.7s), 800/800 VUs, 289853 complete and 0 interrupted iterations
default   [  82% ] 800/800 VUs  4m54.7s/6m00.0s

running (4m55.7s), 800/800 VUs, 290829 complete and 0 interrupted iterations
default   [  82% ] 800/800 VUs  4m55.7s/6m00.0s

running (4m56.7s), 800/800 VUs, 291803 complete and 0 interrupted iterations
default   [  82% ] 800/800 VUs  4m56.7s/6m00.0s

running (4m57.7s), 800/800 VUs, 292803 complete and 0 interrupted iterations
default   [  83% ] 800/800 VUs  4m57.7s/6m00.0s

running (4m58.7s), 800/800 VUs, 293794 complete and 0 interrupted iterations
default   [  83% ] 800/800 VUs  4m58.7s/6m00.0s

running (4m59.7s), 800/800 VUs, 294793 complete and 0 interrupted iterations
default   [  83% ] 800/800 VUs  4m59.7s/6m00.0s

running (5m00.7s), 800/800 VUs, 295753 complete and 0 interrupted iterations
default   [  84% ] 800/800 VUs  5m00.7s/6m00.0s

running (5m01.7s), 800/800 VUs, 296753 complete and 0 interrupted iterations
default   [  84% ] 800/800 VUs  5m01.7s/6m00.0s

running (5m02.7s), 800/800 VUs, 297707 complete and 0 interrupted iterations
default   [  84% ] 800/800 VUs  5m02.7s/6m00.0s

running (5m03.7s), 800/800 VUs, 298703 complete and 0 interrupted iterations
default   [  84% ] 800/800 VUs  5m03.7s/6m00.0s

running (5m04.7s), 800/800 VUs, 299703 complete and 0 interrupted iterations
default   [  85% ] 800/800 VUs  5m04.7s/6m00.0s

running (5m05.7s), 800/800 VUs, 300703 complete and 0 interrupted iterations
default   [  85% ] 800/800 VUs  5m05.7s/6m00.0s

running (5m06.7s), 800/800 VUs, 301660 complete and 0 interrupted iterations
default   [  85% ] 800/800 VUs  5m06.7s/6m00.0s

running (5m07.7s), 800/800 VUs, 302653 complete and 0 interrupted iterations
default   [  85% ] 800/800 VUs  5m07.7s/6m00.0s

running (5m08.7s), 800/800 VUs, 303653 complete and 0 interrupted iterations
default   [  86% ] 800/800 VUs  5m08.7s/6m00.0s

running (5m09.7s), 800/800 VUs, 304643 complete and 0 interrupted iterations
default   [  86% ] 800/800 VUs  5m09.7s/6m00.0s

running (5m10.7s), 800/800 VUs, 305610 complete and 0 interrupted iterations
default   [  86% ] 800/800 VUs  5m10.7s/6m00.0s

running (5m11.7s), 800/800 VUs, 306605 complete and 0 interrupted iterations
default   [  87% ] 800/800 VUs  5m11.7s/6m00.0s

running (5m12.7s), 800/800 VUs, 307603 complete and 0 interrupted iterations
default   [  87% ] 800/800 VUs  5m12.7s/6m00.0s

running (5m13.7s), 800/800 VUs, 308581 complete and 0 interrupted iterations
default   [  87% ] 800/800 VUs  5m13.7s/6m00.0s

running (5m14.7s), 800/800 VUs, 309563 complete and 0 interrupted iterations
default   [  87% ] 800/800 VUs  5m14.7s/6m00.0s

running (5m15.7s), 800/800 VUs, 310555 complete and 0 interrupted iterations
default   [  88% ] 800/800 VUs  5m15.7s/6m00.0s

running (5m16.7s), 800/800 VUs, 311553 complete and 0 interrupted iterations
default   [  88% ] 800/800 VUs  5m16.7s/6m00.0s

running (5m17.7s), 800/800 VUs, 312541 complete and 0 interrupted iterations
default   [  88% ] 800/800 VUs  5m17.7s/6m00.0s

running (5m18.7s), 800/800 VUs, 313516 complete and 0 interrupted iterations
default   [  89% ] 800/800 VUs  5m18.7s/6m00.0s

running (5m19.7s), 800/800 VUs, 314508 complete and 0 interrupted iterations
default   [  89% ] 800/800 VUs  5m19.7s/6m00.0s

running (5m20.7s), 800/800 VUs, 315503 complete and 0 interrupted iterations
default   [  89% ] 800/800 VUs  5m20.7s/6m00.0s

running (5m21.7s), 800/800 VUs, 316491 complete and 0 interrupted iterations
default   [  89% ] 800/800 VUs  5m21.7s/6m00.0s

running (5m22.7s), 800/800 VUs, 317474 complete and 0 interrupted iterations
default   [  90% ] 800/800 VUs  5m22.7s/6m00.0s

running (5m23.7s), 800/800 VUs, 318460 complete and 0 interrupted iterations
default   [  90% ] 800/800 VUs  5m23.7s/6m00.0s

running (5m24.7s), 800/800 VUs, 319441 complete and 0 interrupted iterations
default   [  90% ] 800/800 VUs  5m24.7s/6m00.0s

running (5m25.7s), 800/800 VUs, 320441 complete and 0 interrupted iterations
default   [  90% ] 800/800 VUs  5m25.7s/6m00.0s

running (5m26.7s), 800/800 VUs, 321403 complete and 0 interrupted iterations
default   [  91% ] 800/800 VUs  5m26.7s/6m00.0s

running (5m27.7s), 800/800 VUs, 322391 complete and 0 interrupted iterations
default   [  91% ] 800/800 VUs  5m27.7s/6m00.0s

running (5m28.7s), 800/800 VUs, 323391 complete and 0 interrupted iterations
default   [  91% ] 800/800 VUs  5m28.7s/6m00.0s

running (5m29.7s), 800/800 VUs, 324377 complete and 0 interrupted iterations
default   [  92% ] 800/800 VUs  5m29.7s/6m00.0s

running (5m30.7s), 793/800 VUs, 325341 complete and 0 interrupted iterations
default   [  92% ] 793/800 VUs  5m30.7s/6m00.0s

running (5m31.7s), 767/800 VUs, 326341 complete and 0 interrupted iterations
default   [  92% ] 767/800 VUs  5m31.7s/6m00.0s

running (5m32.7s), 738/800 VUs, 327339 complete and 0 interrupted iterations
default   [  92% ] 738/800 VUs  5m32.7s/6m00.0s

running (5m33.7s), 711/800 VUs, 328291 complete and 0 interrupted iterations
default   [  93% ] 711/800 VUs  5m33.7s/6m00.0s

running (5m34.7s), 686/800 VUs, 329291 complete and 0 interrupted iterations
default   [  93% ] 686/800 VUs  5m34.7s/6m00.0s

running (5m35.7s), 658/800 VUs, 330291 complete and 0 interrupted iterations
default   [  93% ] 658/800 VUs  5m35.7s/6m00.0s

running (5m36.7s), 631/800 VUs, 331241 complete and 0 interrupted iterations
default   [  94% ] 631/800 VUs  5m36.7s/6m00.0s

running (5m37.7s), 603/800 VUs, 332241 complete and 0 interrupted iterations
default   [  94% ] 603/800 VUs  5m37.7s/6m00.0s

running (5m38.7s), 577/800 VUs, 333210 complete and 0 interrupted iterations
default   [  94% ] 577/800 VUs  5m38.7s/6m00.0s

running (5m39.7s), 550/800 VUs, 334191 complete and 0 interrupted iterations
default   [  94% ] 550/800 VUs  5m39.7s/6m00.0s

running (5m40.7s), 522/800 VUs, 335191 complete and 0 interrupted iterations
default   [  95% ] 522/800 VUs  5m40.7s/6m00.0s

running (5m41.7s), 495/800 VUs, 336191 complete and 0 interrupted iterations
default   [  95% ] 495/800 VUs  5m41.7s/6m00.0s

running (5m42.7s), 468/800 VUs, 337141 complete and 0 interrupted iterations
default   [  95% ] 468/800 VUs  5m42.7s/6m00.0s

running (5m43.7s), 442/800 VUs, 338141 complete and 0 interrupted iterations
default   [  95% ] 442/800 VUs  5m43.7s/6m00.0s

running (5m44.7s), 414/800 VUs, 339135 complete and 0 interrupted iterations
default   [  96% ] 414/800 VUs  5m44.7s/6m00.0s

running (5m45.7s), 389/800 VUs, 340103 complete and 0 interrupted iterations
default   [  96% ] 389/800 VUs  5m45.7s/6m00.0s

running (5m46.7s), 361/800 VUs, 341091 complete and 0 interrupted iterations
default   [  96% ] 361/800 VUs  5m46.7s/6m00.0s

running (5m47.7s), 333/800 VUs, 342091 complete and 0 interrupted iterations
default   [  97% ] 333/800 VUs  5m47.7s/6m00.0s

running (5m48.7s), 305/800 VUs, 343091 complete and 0 interrupted iterations
default   [  97% ] 305/800 VUs  5m48.7s/6m00.0s

running (5m49.7s), 280/800 VUs, 344048 complete and 0 interrupted iterations
default   [  97% ] 280/800 VUs  5m49.7s/6m00.0s

running (5m50.7s), 253/800 VUs, 345041 complete and 0 interrupted iterations
default   [  97% ] 253/800 VUs  5m50.7s/6m00.0s

running (5m51.7s), 225/800 VUs, 346041 complete and 0 interrupted iterations
default   [  98% ] 225/800 VUs  5m51.7s/6m00.0s

running (5m52.7s), 198/800 VUs, 347014 complete and 0 interrupted iterations
default   [  98% ] 198/800 VUs  5m52.7s/6m00.0s

running (5m53.7s), 172/800 VUs, 347991 complete and 0 interrupted iterations
default   [  98% ] 172/800 VUs  5m53.7s/6m00.0s

running (5m54.7s), 144/800 VUs, 348991 complete and 0 interrupted iterations
default   [  99% ] 144/800 VUs  5m54.7s/6m00.0s

running (5m55.7s), 116/800 VUs, 349978 complete and 0 interrupted iterations
default   [  99% ] 116/800 VUs  5m55.7s/6m00.0s

running (5m56.7s), 091/800 VUs, 350941 complete and 0 interrupted iterations
default   [  99% ] 091/800 VUs  5m56.7s/6m00.0s

running (5m57.7s), 063/800 VUs, 351941 complete and 0 interrupted iterations
default   [  99% ] 063/800 VUs  5m57.7s/6m00.0s

running (5m58.7s), 036/800 VUs, 352875 complete and 0 interrupted iterations
default   [ 100% ] 036/800 VUs  5m58.7s/6m00.0s

running (5m59.7s), 010/800 VUs, 353324 complete and 0 interrupted iterations
default   [ 100% ] 010/800 VUs  5m59.7s/6m00.0s


  █ THRESHOLDS 

    checks
    ✓ 'rate>0.95' rate=100.00%

    http_req_duration
    ✓ 'p(95)<5000' p(95)=816.3ms
    ✓ 'p(99)<10000' p(99)=823.53ms

    http_req_failed
    ✓ 'rate<0.05' rate=0.00%


  █ TOTAL RESULTS 

    checks_total.......: 1413464 3926.253489/s
    checks_succeeded...: 100.00% 1413464 out of 1413464
    checks_failed......: 0.00%   0 out of 1413464

    ✓ status is 200
    ✓ content-type is json
    ✓ workloadType is IO-BOUND
    ✓ executionTimeMs exists

    CUSTOM
    response_time_ms...............: min=50.777005 avg=747.452274 med=809.452393 max=848.63564 p(90)=813.469973 p(95)=816.308677 p(99)=823.537243
    successful_requests............: 353366 981.563372/s

    HTTP
    http_req_duration..............: min=50.77ms   avg=747.45ms   med=809.45ms   max=848.63ms  p(90)=813.46ms   p(95)=816.3ms    p(99)=823.53ms  
      { expected_response:true }...: min=50.77ms   avg=747.45ms   med=809.45ms   max=848.63ms  p(90)=813.46ms   p(95)=816.3ms    p(99)=823.53ms  
    http_req_failed................: 0.00%  0 out of 353366
    http_reqs......................: 353366 981.563372/s

    EXECUTION
    iteration_duration.............: min=50.91ms   avg=747.59ms   med=809.59ms   max=848.87ms  p(90)=813.61ms   p(95)=816.47ms   p(99)=823.67ms  
    iterations.....................: 353366 981.563372/s
    vus............................: 10     min=10          max=800
    vus_max........................: 800    min=800         max=800

    NETWORK
    data_received..................: 78 MB  217 kB/s
    data_sent......................: 28 MB  78 kB/s




running (6m00.0s), 000/800 VUs, 353366 complete and 0 interrupted iterations
default ✓ [ 100% ] 000/800 VUs  6m0s
