
         /\      Grafana   /‾‾/  
    /\  /  \     |\  __   /  /   
   /  \/    \    | |/ /  /   ‾‾\ 
  /          \   |   (  |  (‾)  |
 / __________ \  |_|\_\  \_____/ 


     execution: local
        script: cpu-bound-test.js
        output: -

     scenarios: (100.00%) 1 scenario, 50 max VUs, 4m30s max duration (incl. graceful stop):
              * default: Up to 50 looping VUs for 4m0s over 3 stages (gracefulRampDown: 30s, gracefulStop: 30s)


running (0m01.0s), 02/50 VUs, 21 complete and 0 interrupted iterations
default   [   0% ] 02/50 VUs  0m01.0s/4m00.0s

running (0m02.0s), 04/50 VUs, 56 complete and 0 interrupted iterations
default   [   1% ] 04/50 VUs  0m02.0s/4m00.0s

running (0m03.0s), 05/50 VUs, 88 complete and 0 interrupted iterations
default   [   1% ] 05/50 VUs  0m03.0s/4m00.0s

running (0m04.0s), 07/50 VUs, 122 complete and 0 interrupted iterations
default   [   2% ] 07/50 VUs  0m04.0s/4m00.0s

running (0m05.0s), 09/50 VUs, 156 complete and 0 interrupted iterations
default   [   2% ] 09/50 VUs  0m05.0s/4m00.0s

running (0m06.0s), 10/50 VUs, 190 complete and 0 interrupted iterations
default   [   2% ] 10/50 VUs  0m06.0s/4m00.0s

running (0m07.0s), 12/50 VUs, 224 complete and 0 interrupted iterations
default   [   3% ] 12/50 VUs  0m07.0s/4m00.0s

running (0m08.0s), 14/50 VUs, 257 complete and 0 interrupted iterations
default   [   3% ] 14/50 VUs  0m08.0s/4m00.0s

running (0m09.0s), 15/50 VUs, 292 complete and 0 interrupted iterations
default   [   4% ] 15/50 VUs  0m09.0s/4m00.0s

running (0m10.0s), 17/50 VUs, 325 complete and 0 interrupted iterations
default   [   4% ] 17/50 VUs  0m10.0s/4m00.0s

running (0m11.0s), 18/50 VUs, 360 complete and 0 interrupted iterations
default   [   5% ] 18/50 VUs  0m11.0s/4m00.0s

running (0m12.0s), 20/50 VUs, 392 complete and 0 interrupted iterations
default   [   5% ] 20/50 VUs  0m12.0s/4m00.0s

running (0m13.0s), 22/50 VUs, 428 complete and 0 interrupted iterations
default   [   5% ] 22/50 VUs  0m13.0s/4m00.0s

running (0m14.0s), 23/50 VUs, 460 complete and 0 interrupted iterations
default   [   6% ] 23/50 VUs  0m14.0s/4m00.0s

running (0m15.0s), 25/50 VUs, 496 complete and 0 interrupted iterations
default   [   6% ] 25/50 VUs  0m15.0s/4m00.0s

running (0m16.0s), 27/50 VUs, 528 complete and 0 interrupted iterations
default   [   7% ] 27/50 VUs  0m16.0s/4m00.0s

running (0m17.0s), 28/50 VUs, 562 complete and 0 interrupted iterations
default   [   7% ] 28/50 VUs  0m17.0s/4m00.0s

running (0m18.0s), 30/50 VUs, 596 complete and 0 interrupted iterations
default   [   7% ] 30/50 VUs  0m18.0s/4m00.0s

running (0m19.0s), 31/50 VUs, 628 complete and 0 interrupted iterations
default   [   8% ] 31/50 VUs  0m19.0s/4m00.0s

running (0m20.0s), 33/50 VUs, 664 complete and 0 interrupted iterations
default   [   8% ] 33/50 VUs  0m20.0s/4m00.0s

running (0m21.0s), 35/50 VUs, 696 complete and 0 interrupted iterations
default   [   9% ] 35/50 VUs  0m21.0s/4m00.0s

running (0m22.0s), 36/50 VUs, 732 complete and 0 interrupted iterations
default   [   9% ] 36/50 VUs  0m22.0s/4m00.0s

running (0m23.0s), 38/50 VUs, 764 complete and 0 interrupted iterations
default   [  10% ] 38/50 VUs  0m23.0s/4m00.0s

running (0m24.0s), 40/50 VUs, 800 complete and 0 interrupted iterations
default   [  10% ] 40/50 VUs  0m24.0s/4m00.0s

running (0m25.0s), 41/50 VUs, 832 complete and 0 interrupted iterations
default   [  10% ] 41/50 VUs  0m25.0s/4m00.0s

running (0m26.0s), 43/50 VUs, 868 complete and 0 interrupted iterations
default   [  11% ] 43/50 VUs  0m26.0s/4m00.0s

running (0m27.0s), 45/50 VUs, 900 complete and 0 interrupted iterations
default   [  11% ] 45/50 VUs  0m27.0s/4m00.0s

running (0m28.0s), 46/50 VUs, 936 complete and 0 interrupted iterations
default   [  12% ] 46/50 VUs  0m28.0s/4m00.0s

running (0m29.0s), 48/50 VUs, 968 complete and 0 interrupted iterations
default   [  12% ] 48/50 VUs  0m29.0s/4m00.0s

running (0m30.0s), 49/50 VUs, 1003 complete and 0 interrupted iterations
default   [  12% ] 49/50 VUs  0m30.0s/4m00.0s

running (0m31.0s), 50/50 VUs, 1036 complete and 0 interrupted iterations
default   [  13% ] 50/50 VUs  0m31.0s/4m00.0s

running (0m32.0s), 50/50 VUs, 1070 complete and 0 interrupted iterations
default   [  13% ] 50/50 VUs  0m32.0s/4m00.0s

running (0m33.0s), 50/50 VUs, 1104 complete and 0 interrupted iterations
default   [  14% ] 50/50 VUs  0m33.0s/4m00.0s

running (0m34.0s), 50/50 VUs, 1137 complete and 0 interrupted iterations
default   [  14% ] 50/50 VUs  0m34.0s/4m00.0s

running (0m35.0s), 50/50 VUs, 1172 complete and 0 interrupted iterations
default   [  15% ] 50/50 VUs  0m35.0s/4m00.0s

running (0m36.0s), 50/50 VUs, 1205 complete and 0 interrupted iterations
default   [  15% ] 50/50 VUs  0m36.0s/4m00.0s

running (0m37.0s), 50/50 VUs, 1240 complete and 0 interrupted iterations
default   [  15% ] 50/50 VUs  0m37.0s/4m00.0s

running (0m38.0s), 50/50 VUs, 1273 complete and 0 interrupted iterations
default   [  16% ] 50/50 VUs  0m38.0s/4m00.0s

running (0m39.0s), 50/50 VUs, 1308 complete and 0 interrupted iterations
default   [  16% ] 50/50 VUs  0m39.0s/4m00.0s

running (0m40.0s), 50/50 VUs, 1341 complete and 0 interrupted iterations
default   [  17% ] 50/50 VUs  0m40.0s/4m00.0s

running (0m41.0s), 50/50 VUs, 1376 complete and 0 interrupted iterations
default   [  17% ] 50/50 VUs  0m41.0s/4m00.0s

running (0m42.0s), 50/50 VUs, 1408 complete and 0 interrupted iterations
default   [  17% ] 50/50 VUs  0m42.0s/4m00.0s

running (0m43.0s), 50/50 VUs, 1442 complete and 0 interrupted iterations
default   [  18% ] 50/50 VUs  0m43.0s/4m00.0s

running (0m44.0s), 50/50 VUs, 1476 complete and 0 interrupted iterations
default   [  18% ] 50/50 VUs  0m44.0s/4m00.0s

running (0m45.0s), 50/50 VUs, 1511 complete and 0 interrupted iterations
default   [  19% ] 50/50 VUs  0m45.0s/4m00.0s

running (0m46.0s), 50/50 VUs, 1544 complete and 0 interrupted iterations
default   [  19% ] 50/50 VUs  0m46.0s/4m00.0s

running (0m47.0s), 50/50 VUs, 1578 complete and 0 interrupted iterations
default   [  20% ] 50/50 VUs  0m47.0s/4m00.0s

running (0m48.0s), 50/50 VUs, 1612 complete and 0 interrupted iterations
default   [  20% ] 50/50 VUs  0m48.0s/4m00.0s

running (0m49.0s), 50/50 VUs, 1646 complete and 0 interrupted iterations
default   [  20% ] 50/50 VUs  0m49.0s/4m00.0s

running (0m50.0s), 50/50 VUs, 1680 complete and 0 interrupted iterations
default   [  21% ] 50/50 VUs  0m50.0s/4m00.0s

running (0m51.0s), 50/50 VUs, 1714 complete and 0 interrupted iterations
default   [  21% ] 50/50 VUs  0m51.0s/4m00.0s

running (0m52.0s), 50/50 VUs, 1748 complete and 0 interrupted iterations
default   [  22% ] 50/50 VUs  0m52.0s/4m00.0s

running (0m53.0s), 50/50 VUs, 1781 complete and 0 interrupted iterations
default   [  22% ] 50/50 VUs  0m53.0s/4m00.0s

running (0m54.0s), 50/50 VUs, 1815 complete and 0 interrupted iterations
default   [  22% ] 50/50 VUs  0m54.0s/4m00.0s

running (0m55.0s), 50/50 VUs, 1849 complete and 0 interrupted iterations
default   [  23% ] 50/50 VUs  0m55.0s/4m00.0s

running (0m56.0s), 50/50 VUs, 1883 complete and 0 interrupted iterations
default   [  23% ] 50/50 VUs  0m56.0s/4m00.0s

running (0m57.0s), 50/50 VUs, 1916 complete and 0 interrupted iterations
default   [  24% ] 50/50 VUs  0m57.0s/4m00.0s

running (0m58.0s), 50/50 VUs, 1951 complete and 0 interrupted iterations
default   [  24% ] 50/50 VUs  0m58.0s/4m00.0s

running (0m59.0s), 50/50 VUs, 1984 complete and 0 interrupted iterations
default   [  25% ] 50/50 VUs  0m59.0s/4m00.0s

running (1m00.0s), 50/50 VUs, 2018 complete and 0 interrupted iterations
default   [  25% ] 50/50 VUs  1m00.0s/4m00.0s

running (1m01.0s), 50/50 VUs, 2052 complete and 0 interrupted iterations
default   [  25% ] 50/50 VUs  1m01.0s/4m00.0s

running (1m02.0s), 50/50 VUs, 2086 complete and 0 interrupted iterations
default   [  26% ] 50/50 VUs  1m02.0s/4m00.0s

running (1m03.0s), 50/50 VUs, 2120 complete and 0 interrupted iterations
default   [  26% ] 50/50 VUs  1m03.0s/4m00.0s

running (1m04.0s), 50/50 VUs, 2154 complete and 0 interrupted iterations
default   [  27% ] 50/50 VUs  1m04.0s/4m00.0s

running (1m05.0s), 50/50 VUs, 2189 complete and 0 interrupted iterations
default   [  27% ] 50/50 VUs  1m05.0s/4m00.0s

running (1m06.0s), 50/50 VUs, 2222 complete and 0 interrupted iterations
default   [  27% ] 50/50 VUs  1m06.0s/4m00.0s

running (1m07.0s), 50/50 VUs, 2255 complete and 0 interrupted iterations
default   [  28% ] 50/50 VUs  1m07.0s/4m00.0s

running (1m08.0s), 50/50 VUs, 2289 complete and 0 interrupted iterations
default   [  28% ] 50/50 VUs  1m08.0s/4m00.0s

running (1m09.0s), 50/50 VUs, 2322 complete and 0 interrupted iterations
default   [  29% ] 50/50 VUs  1m09.0s/4m00.0s

running (1m10.0s), 50/50 VUs, 2357 complete and 0 interrupted iterations
default   [  29% ] 50/50 VUs  1m10.0s/4m00.0s

running (1m11.0s), 50/50 VUs, 2390 complete and 0 interrupted iterations
default   [  30% ] 50/50 VUs  1m11.0s/4m00.0s

running (1m12.0s), 50/50 VUs, 2425 complete and 0 interrupted iterations
default   [  30% ] 50/50 VUs  1m12.0s/4m00.0s

running (1m13.0s), 50/50 VUs, 2458 complete and 0 interrupted iterations
default   [  30% ] 50/50 VUs  1m13.0s/4m00.0s

running (1m14.0s), 50/50 VUs, 2493 complete and 0 interrupted iterations
default   [  31% ] 50/50 VUs  1m14.0s/4m00.0s

running (1m15.0s), 50/50 VUs, 2526 complete and 0 interrupted iterations
default   [  31% ] 50/50 VUs  1m15.0s/4m00.0s

running (1m16.0s), 50/50 VUs, 2561 complete and 0 interrupted iterations
default   [  32% ] 50/50 VUs  1m16.0s/4m00.0s

running (1m17.0s), 50/50 VUs, 2594 complete and 0 interrupted iterations
default   [  32% ] 50/50 VUs  1m17.0s/4m00.0s

running (1m18.0s), 50/50 VUs, 2629 complete and 0 interrupted iterations
default   [  32% ] 50/50 VUs  1m18.0s/4m00.0s

running (1m19.0s), 50/50 VUs, 2661 complete and 0 interrupted iterations
default   [  33% ] 50/50 VUs  1m19.0s/4m00.0s

running (1m20.0s), 50/50 VUs, 2696 complete and 0 interrupted iterations
default   [  33% ] 50/50 VUs  1m20.0s/4m00.0s

running (1m21.0s), 50/50 VUs, 2730 complete and 0 interrupted iterations
default   [  34% ] 50/50 VUs  1m21.0s/4m00.0s

running (1m22.0s), 50/50 VUs, 2764 complete and 0 interrupted iterations
default   [  34% ] 50/50 VUs  1m22.0s/4m00.0s

running (1m23.0s), 50/50 VUs, 2798 complete and 0 interrupted iterations
default   [  35% ] 50/50 VUs  1m23.0s/4m00.0s

running (1m24.0s), 50/50 VUs, 2831 complete and 0 interrupted iterations
default   [  35% ] 50/50 VUs  1m24.0s/4m00.0s

running (1m25.0s), 50/50 VUs, 2865 complete and 0 interrupted iterations
default   [  35% ] 50/50 VUs  1m25.0s/4m00.0s

running (1m26.0s), 50/50 VUs, 2899 complete and 0 interrupted iterations
default   [  36% ] 50/50 VUs  1m26.0s/4m00.0s

running (1m27.0s), 50/50 VUs, 2933 complete and 0 interrupted iterations
default   [  36% ] 50/50 VUs  1m27.0s/4m00.0s

running (1m28.0s), 50/50 VUs, 2966 complete and 0 interrupted iterations
default   [  37% ] 50/50 VUs  1m28.0s/4m00.0s

running (1m29.0s), 50/50 VUs, 3001 complete and 0 interrupted iterations
default   [  37% ] 50/50 VUs  1m29.0s/4m00.0s

running (1m30.0s), 50/50 VUs, 3034 complete and 0 interrupted iterations
default   [  37% ] 50/50 VUs  1m30.0s/4m00.0s

running (1m31.0s), 50/50 VUs, 3069 complete and 0 interrupted iterations
default   [  38% ] 50/50 VUs  1m31.0s/4m00.0s

running (1m32.0s), 50/50 VUs, 3102 complete and 0 interrupted iterations
default   [  38% ] 50/50 VUs  1m32.0s/4m00.0s

running (1m33.0s), 50/50 VUs, 3136 complete and 0 interrupted iterations
default   [  39% ] 50/50 VUs  1m33.0s/4m00.0s

running (1m34.0s), 50/50 VUs, 3170 complete and 0 interrupted iterations
default   [  39% ] 50/50 VUs  1m34.0s/4m00.0s

running (1m35.0s), 50/50 VUs, 3204 complete and 0 interrupted iterations
default   [  40% ] 50/50 VUs  1m35.0s/4m00.0s

running (1m36.0s), 50/50 VUs, 3237 complete and 0 interrupted iterations
default   [  40% ] 50/50 VUs  1m36.0s/4m00.0s

running (1m37.0s), 50/50 VUs, 3272 complete and 0 interrupted iterations
default   [  40% ] 50/50 VUs  1m37.0s/4m00.0s

running (1m38.0s), 50/50 VUs, 3305 complete and 0 interrupted iterations
default   [  41% ] 50/50 VUs  1m38.0s/4m00.0s

running (1m39.0s), 50/50 VUs, 3338 complete and 0 interrupted iterations
default   [  41% ] 50/50 VUs  1m39.0s/4m00.0s

running (1m40.0s), 50/50 VUs, 3373 complete and 0 interrupted iterations
default   [  42% ] 50/50 VUs  1m40.0s/4m00.0s

running (1m41.0s), 50/50 VUs, 3406 complete and 0 interrupted iterations
default   [  42% ] 50/50 VUs  1m41.0s/4m00.0s

running (1m42.0s), 50/50 VUs, 3441 complete and 0 interrupted iterations
default   [  42% ] 50/50 VUs  1m42.0s/4m00.0s

running (1m43.0s), 50/50 VUs, 3474 complete and 0 interrupted iterations
default   [  43% ] 50/50 VUs  1m43.0s/4m00.0s

running (1m44.0s), 50/50 VUs, 3509 complete and 0 interrupted iterations
default   [  43% ] 50/50 VUs  1m44.0s/4m00.0s

running (1m45.0s), 50/50 VUs, 3542 complete and 0 interrupted iterations
default   [  44% ] 50/50 VUs  1m45.0s/4m00.0s

running (1m46.0s), 50/50 VUs, 3576 complete and 0 interrupted iterations
default   [  44% ] 50/50 VUs  1m46.0s/4m00.0s

running (1m47.0s), 50/50 VUs, 3610 complete and 0 interrupted iterations
default   [  45% ] 50/50 VUs  1m47.0s/4m00.0s

running (1m48.0s), 50/50 VUs, 3644 complete and 0 interrupted iterations
default   [  45% ] 50/50 VUs  1m48.0s/4m00.0s

running (1m49.0s), 50/50 VUs, 3678 complete and 0 interrupted iterations
default   [  45% ] 50/50 VUs  1m49.0s/4m00.0s

running (1m50.0s), 50/50 VUs, 3710 complete and 0 interrupted iterations
default   [  46% ] 50/50 VUs  1m50.0s/4m00.0s

running (1m51.0s), 50/50 VUs, 3745 complete and 0 interrupted iterations
default   [  46% ] 50/50 VUs  1m51.0s/4m00.0s

running (1m52.0s), 50/50 VUs, 3778 complete and 0 interrupted iterations
default   [  47% ] 50/50 VUs  1m52.0s/4m00.0s

running (1m53.0s), 50/50 VUs, 3813 complete and 0 interrupted iterations
default   [  47% ] 50/50 VUs  1m53.0s/4m00.0s

running (1m54.0s), 50/50 VUs, 3846 complete and 0 interrupted iterations
default   [  47% ] 50/50 VUs  1m54.0s/4m00.0s

running (1m55.0s), 50/50 VUs, 3881 complete and 0 interrupted iterations
default   [  48% ] 50/50 VUs  1m55.0s/4m00.0s

running (1m56.0s), 50/50 VUs, 3914 complete and 0 interrupted iterations
default   [  48% ] 50/50 VUs  1m56.0s/4m00.0s

running (1m57.0s), 50/50 VUs, 3949 complete and 0 interrupted iterations
default   [  49% ] 50/50 VUs  1m57.0s/4m00.0s

running (1m58.0s), 50/50 VUs, 3982 complete and 0 interrupted iterations
default   [  49% ] 50/50 VUs  1m58.0s/4m00.0s

running (1m59.0s), 50/50 VUs, 4017 complete and 0 interrupted iterations
default   [  50% ] 50/50 VUs  1m59.0s/4m00.0s

running (2m00.0s), 50/50 VUs, 4050 complete and 0 interrupted iterations
default   [  50% ] 50/50 VUs  2m00.0s/4m00.0s

running (2m01.0s), 50/50 VUs, 4084 complete and 0 interrupted iterations
default   [  50% ] 50/50 VUs  2m01.0s/4m00.0s

running (2m02.0s), 50/50 VUs, 4118 complete and 0 interrupted iterations
default   [  51% ] 50/50 VUs  2m02.0s/4m00.0s

running (2m03.0s), 50/50 VUs, 4151 complete and 0 interrupted iterations
default   [  51% ] 50/50 VUs  2m03.0s/4m00.0s

running (2m04.0s), 50/50 VUs, 4186 complete and 0 interrupted iterations
default   [  52% ] 50/50 VUs  2m04.0s/4m00.0s

running (2m05.0s), 50/50 VUs, 4218 complete and 0 interrupted iterations
default   [  52% ] 50/50 VUs  2m05.0s/4m00.0s

running (2m06.0s), 50/50 VUs, 4253 complete and 0 interrupted iterations
default   [  52% ] 50/50 VUs  2m06.0s/4m00.0s

running (2m07.0s), 50/50 VUs, 4287 complete and 0 interrupted iterations
default   [  53% ] 50/50 VUs  2m07.0s/4m00.0s

running (2m08.0s), 50/50 VUs, 4321 complete and 0 interrupted iterations
default   [  53% ] 50/50 VUs  2m08.0s/4m00.0s

running (2m09.0s), 50/50 VUs, 4354 complete and 0 interrupted iterations
default   [  54% ] 50/50 VUs  2m09.0s/4m00.0s

running (2m10.0s), 50/50 VUs, 4389 complete and 0 interrupted iterations
default   [  54% ] 50/50 VUs  2m10.0s/4m00.0s

running (2m11.0s), 50/50 VUs, 4422 complete and 0 interrupted iterations
default   [  55% ] 50/50 VUs  2m11.0s/4m00.0s

running (2m12.0s), 50/50 VUs, 4457 complete and 0 interrupted iterations
default   [  55% ] 50/50 VUs  2m12.0s/4m00.0s

running (2m13.0s), 50/50 VUs, 4490 complete and 0 interrupted iterations
default   [  55% ] 50/50 VUs  2m13.0s/4m00.0s

running (2m14.0s), 50/50 VUs, 4524 complete and 0 interrupted iterations
default   [  56% ] 50/50 VUs  2m14.0s/4m00.0s

running (2m15.0s), 50/50 VUs, 4558 complete and 0 interrupted iterations
default   [  56% ] 50/50 VUs  2m15.0s/4m00.0s

running (2m16.0s), 50/50 VUs, 4592 complete and 0 interrupted iterations
default   [  57% ] 50/50 VUs  2m16.0s/4m00.0s

running (2m17.0s), 50/50 VUs, 4625 complete and 0 interrupted iterations
default   [  57% ] 50/50 VUs  2m17.0s/4m00.0s

running (2m18.0s), 50/50 VUs, 4660 complete and 0 interrupted iterations
default   [  57% ] 50/50 VUs  2m18.0s/4m00.0s

running (2m19.0s), 50/50 VUs, 4693 complete and 0 interrupted iterations
default   [  58% ] 50/50 VUs  2m19.0s/4m00.0s

running (2m20.0s), 50/50 VUs, 4728 complete and 0 interrupted iterations
default   [  58% ] 50/50 VUs  2m20.0s/4m00.0s

running (2m21.0s), 50/50 VUs, 4761 complete and 0 interrupted iterations
default   [  59% ] 50/50 VUs  2m21.0s/4m00.0s

running (2m22.0s), 50/50 VUs, 4795 complete and 0 interrupted iterations
default   [  59% ] 50/50 VUs  2m22.0s/4m00.0s

running (2m23.0s), 50/50 VUs, 4829 complete and 0 interrupted iterations
default   [  60% ] 50/50 VUs  2m23.0s/4m00.0s

running (2m24.0s), 50/50 VUs, 4862 complete and 0 interrupted iterations
default   [  60% ] 50/50 VUs  2m24.0s/4m00.0s

running (2m25.0s), 50/50 VUs, 4897 complete and 0 interrupted iterations
default   [  60% ] 50/50 VUs  2m25.0s/4m00.0s

running (2m26.0s), 50/50 VUs, 4930 complete and 0 interrupted iterations
default   [  61% ] 50/50 VUs  2m26.0s/4m00.0s

running (2m27.0s), 50/50 VUs, 4964 complete and 0 interrupted iterations
default   [  61% ] 50/50 VUs  2m27.0s/4m00.0s

running (2m28.0s), 50/50 VUs, 4998 complete and 0 interrupted iterations
default   [  62% ] 50/50 VUs  2m28.0s/4m00.0s

running (2m29.0s), 50/50 VUs, 5032 complete and 0 interrupted iterations
default   [  62% ] 50/50 VUs  2m29.0s/4m00.0s

running (2m30.0s), 50/50 VUs, 5066 complete and 0 interrupted iterations
default   [  62% ] 50/50 VUs  2m30.0s/4m00.0s

running (2m31.0s), 50/50 VUs, 5100 complete and 0 interrupted iterations
default   [  63% ] 50/50 VUs  2m31.0s/4m00.0s

running (2m32.0s), 50/50 VUs, 5134 complete and 0 interrupted iterations
default   [  63% ] 50/50 VUs  2m32.0s/4m00.0s

running (2m33.0s), 50/50 VUs, 5168 complete and 0 interrupted iterations
default   [  64% ] 50/50 VUs  2m33.0s/4m00.0s

running (2m34.0s), 50/50 VUs, 5202 complete and 0 interrupted iterations
default   [  64% ] 50/50 VUs  2m34.0s/4m00.0s

running (2m35.0s), 50/50 VUs, 5236 complete and 0 interrupted iterations
default   [  65% ] 50/50 VUs  2m35.0s/4m00.0s

running (2m36.0s), 50/50 VUs, 5270 complete and 0 interrupted iterations
default   [  65% ] 50/50 VUs  2m36.0s/4m00.0s

running (2m37.0s), 50/50 VUs, 5304 complete and 0 interrupted iterations
default   [  65% ] 50/50 VUs  2m37.0s/4m00.0s

running (2m38.0s), 50/50 VUs, 5338 complete and 0 interrupted iterations
default   [  66% ] 50/50 VUs  2m38.0s/4m00.0s

running (2m39.0s), 50/50 VUs, 5370 complete and 0 interrupted iterations
default   [  66% ] 50/50 VUs  2m39.0s/4m00.0s

running (2m40.0s), 50/50 VUs, 5405 complete and 0 interrupted iterations
default   [  67% ] 50/50 VUs  2m40.0s/4m00.0s

running (2m41.0s), 50/50 VUs, 5438 complete and 0 interrupted iterations
default   [  67% ] 50/50 VUs  2m41.0s/4m00.0s

running (2m42.0s), 50/50 VUs, 5473 complete and 0 interrupted iterations
default   [  67% ] 50/50 VUs  2m42.0s/4m00.0s

running (2m43.0s), 50/50 VUs, 5506 complete and 0 interrupted iterations
default   [  68% ] 50/50 VUs  2m43.0s/4m00.0s

running (2m44.0s), 50/50 VUs, 5540 complete and 0 interrupted iterations
default   [  68% ] 50/50 VUs  2m44.0s/4m00.0s

running (2m45.0s), 50/50 VUs, 5574 complete and 0 interrupted iterations
default   [  69% ] 50/50 VUs  2m45.0s/4m00.0s

running (2m46.0s), 50/50 VUs, 5608 complete and 0 interrupted iterations
default   [  69% ] 50/50 VUs  2m46.0s/4m00.0s

running (2m47.0s), 50/50 VUs, 5642 complete and 0 interrupted iterations
default   [  70% ] 50/50 VUs  2m47.0s/4m00.0s

running (2m48.0s), 50/50 VUs, 5676 complete and 0 interrupted iterations
default   [  70% ] 50/50 VUs  2m48.0s/4m00.0s

running (2m49.0s), 50/50 VUs, 5710 complete and 0 interrupted iterations
default   [  70% ] 50/50 VUs  2m49.0s/4m00.0s

running (2m50.0s), 50/50 VUs, 5744 complete and 0 interrupted iterations
default   [  71% ] 50/50 VUs  2m50.0s/4m00.0s

running (2m51.0s), 50/50 VUs, 5778 complete and 0 interrupted iterations
default   [  71% ] 50/50 VUs  2m51.0s/4m00.0s

running (2m52.0s), 50/50 VUs, 5812 complete and 0 interrupted iterations
default   [  72% ] 50/50 VUs  2m52.0s/4m00.0s

running (2m53.0s), 50/50 VUs, 5845 complete and 0 interrupted iterations
default   [  72% ] 50/50 VUs  2m53.0s/4m00.0s

running (2m54.0s), 50/50 VUs, 5878 complete and 0 interrupted iterations
default   [  72% ] 50/50 VUs  2m54.0s/4m00.0s

running (2m55.0s), 50/50 VUs, 5912 complete and 0 interrupted iterations
default   [  73% ] 50/50 VUs  2m55.0s/4m00.0s

running (2m56.0s), 50/50 VUs, 5946 complete and 0 interrupted iterations
default   [  73% ] 50/50 VUs  2m56.0s/4m00.0s

running (2m57.0s), 50/50 VUs, 5980 complete and 0 interrupted iterations
default   [  74% ] 50/50 VUs  2m57.0s/4m00.0s

running (2m58.0s), 50/50 VUs, 6014 complete and 0 interrupted iterations
default   [  74% ] 50/50 VUs  2m58.0s/4m00.0s

running (2m59.0s), 50/50 VUs, 6048 complete and 0 interrupted iterations
default   [  75% ] 50/50 VUs  2m59.0s/4m00.0s

running (3m00.0s), 50/50 VUs, 6082 complete and 0 interrupted iterations
default   [  75% ] 50/50 VUs  3m00.0s/4m00.0s

running (3m01.0s), 50/50 VUs, 6116 complete and 0 interrupted iterations
default   [  75% ] 50/50 VUs  3m01.0s/4m00.0s

running (3m02.0s), 50/50 VUs, 6149 complete and 0 interrupted iterations
default   [  76% ] 50/50 VUs  3m02.0s/4m00.0s

running (3m03.0s), 50/50 VUs, 6183 complete and 0 interrupted iterations
default   [  76% ] 50/50 VUs  3m03.0s/4m00.0s

running (3m04.0s), 50/50 VUs, 6217 complete and 0 interrupted iterations
default   [  77% ] 50/50 VUs  3m04.0s/4m00.0s

running (3m05.0s), 50/50 VUs, 6251 complete and 0 interrupted iterations
default   [  77% ] 50/50 VUs  3m05.0s/4m00.0s

running (3m06.0s), 50/50 VUs, 6285 complete and 0 interrupted iterations
default   [  77% ] 50/50 VUs  3m06.0s/4m00.0s

running (3m07.0s), 50/50 VUs, 6318 complete and 0 interrupted iterations
default   [  78% ] 50/50 VUs  3m07.0s/4m00.0s

running (3m08.0s), 50/50 VUs, 6353 complete and 0 interrupted iterations
default   [  78% ] 50/50 VUs  3m08.0s/4m00.0s

running (3m09.0s), 50/50 VUs, 6386 complete and 0 interrupted iterations
default   [  79% ] 50/50 VUs  3m09.0s/4m00.0s

running (3m10.0s), 50/50 VUs, 6421 complete and 0 interrupted iterations
default   [  79% ] 50/50 VUs  3m10.0s/4m00.0s

running (3m11.0s), 50/50 VUs, 6454 complete and 0 interrupted iterations
default   [  80% ] 50/50 VUs  3m11.0s/4m00.0s

running (3m12.0s), 50/50 VUs, 6489 complete and 0 interrupted iterations
default   [  80% ] 50/50 VUs  3m12.0s/4m00.0s

running (3m13.0s), 50/50 VUs, 6522 complete and 0 interrupted iterations
default   [  80% ] 50/50 VUs  3m13.0s/4m00.0s

running (3m14.0s), 50/50 VUs, 6556 complete and 0 interrupted iterations
default   [  81% ] 50/50 VUs  3m14.0s/4m00.0s

running (3m15.0s), 50/50 VUs, 6590 complete and 0 interrupted iterations
default   [  81% ] 50/50 VUs  3m15.0s/4m00.0s

running (3m16.0s), 50/50 VUs, 6623 complete and 0 interrupted iterations
default   [  82% ] 50/50 VUs  3m16.0s/4m00.0s

running (3m17.0s), 50/50 VUs, 6658 complete and 0 interrupted iterations
default   [  82% ] 50/50 VUs  3m17.0s/4m00.0s

running (3m18.0s), 50/50 VUs, 6691 complete and 0 interrupted iterations
default   [  82% ] 50/50 VUs  3m18.0s/4m00.0s

running (3m19.0s), 50/50 VUs, 6725 complete and 0 interrupted iterations
default   [  83% ] 50/50 VUs  3m19.0s/4m00.0s

running (3m20.0s), 50/50 VUs, 6759 complete and 0 interrupted iterations
default   [  83% ] 50/50 VUs  3m20.0s/4m00.0s

running (3m21.0s), 50/50 VUs, 6793 complete and 0 interrupted iterations
default   [  84% ] 50/50 VUs  3m21.0s/4m00.0s

running (3m22.0s), 50/50 VUs, 6826 complete and 0 interrupted iterations
default   [  84% ] 50/50 VUs  3m22.0s/4m00.0s

running (3m23.0s), 50/50 VUs, 6860 complete and 0 interrupted iterations
default   [  85% ] 50/50 VUs  3m23.0s/4m00.0s

running (3m24.0s), 50/50 VUs, 6894 complete and 0 interrupted iterations
default   [  85% ] 50/50 VUs  3m24.0s/4m00.0s

running (3m25.0s), 50/50 VUs, 6928 complete and 0 interrupted iterations
default   [  85% ] 50/50 VUs  3m25.0s/4m00.0s

running (3m26.0s), 50/50 VUs, 6962 complete and 0 interrupted iterations
default   [  86% ] 50/50 VUs  3m26.0s/4m00.0s

running (3m27.0s), 50/50 VUs, 6994 complete and 0 interrupted iterations
default   [  86% ] 50/50 VUs  3m27.0s/4m00.0s

running (3m28.0s), 50/50 VUs, 7030 complete and 0 interrupted iterations
default   [  87% ] 50/50 VUs  3m28.0s/4m00.0s

running (3m29.0s), 50/50 VUs, 7062 complete and 0 interrupted iterations
default   [  87% ] 50/50 VUs  3m29.0s/4m00.0s

running (3m30.0s), 50/50 VUs, 7098 complete and 0 interrupted iterations
default   [  87% ] 50/50 VUs  3m30.0s/4m00.0s

running (3m31.0s), 50/50 VUs, 7130 complete and 0 interrupted iterations
default   [  88% ] 50/50 VUs  3m31.0s/4m00.0s

running (3m32.0s), 49/50 VUs, 7166 complete and 0 interrupted iterations
default   [  88% ] 49/50 VUs  3m32.0s/4m00.0s

running (3m33.0s), 47/50 VUs, 7198 complete and 0 interrupted iterations
default   [  89% ] 47/50 VUs  3m33.0s/4m00.0s

running (3m34.0s), 45/50 VUs, 7233 complete and 0 interrupted iterations
default   [  89% ] 45/50 VUs  3m34.0s/4m00.0s

running (3m35.0s), 44/50 VUs, 7266 complete and 0 interrupted iterations
default   [  90% ] 44/50 VUs  3m35.0s/4m00.0s

running (3m36.0s), 41/50 VUs, 7300 complete and 0 interrupted iterations
default   [  90% ] 41/50 VUs  3m36.0s/4m00.0s

running (3m37.0s), 40/50 VUs, 7334 complete and 0 interrupted iterations
default   [  90% ] 40/50 VUs  3m37.0s/4m00.0s

running (3m38.0s), 38/50 VUs, 7367 complete and 0 interrupted iterations
default   [  91% ] 38/50 VUs  3m38.0s/4m00.0s

running (3m39.0s), 36/50 VUs, 7402 complete and 0 interrupted iterations
default   [  91% ] 36/50 VUs  3m39.0s/4m00.0s

running (3m40.0s), 35/50 VUs, 7435 complete and 0 interrupted iterations
default   [  92% ] 35/50 VUs  3m40.0s/4m00.0s

running (3m41.0s), 33/50 VUs, 7470 complete and 0 interrupted iterations
default   [  92% ] 33/50 VUs  3m41.0s/4m00.0s

running (3m42.0s), 31/50 VUs, 7503 complete and 0 interrupted iterations
default   [  92% ] 31/50 VUs  3m42.0s/4m00.0s

running (3m43.0s), 30/50 VUs, 7538 complete and 0 interrupted iterations
default   [  93% ] 30/50 VUs  3m43.0s/4m00.0s

running (3m44.0s), 28/50 VUs, 7571 complete and 0 interrupted iterations
default   [  93% ] 28/50 VUs  3m44.0s/4m00.0s

running (3m45.0s), 26/50 VUs, 7606 complete and 0 interrupted iterations
default   [  94% ] 26/50 VUs  3m45.0s/4m00.0s

running (3m46.0s), 25/50 VUs, 7638 complete and 0 interrupted iterations
default   [  94% ] 25/50 VUs  3m46.0s/4m00.0s

running (3m47.0s), 22/50 VUs, 7672 complete and 0 interrupted iterations
default   [  95% ] 22/50 VUs  3m47.0s/4m00.0s

running (3m48.0s), 21/50 VUs, 7706 complete and 0 interrupted iterations
default   [  95% ] 21/50 VUs  3m48.0s/4m00.0s

running (3m49.0s), 20/50 VUs, 7741 complete and 0 interrupted iterations
default   [  95% ] 20/50 VUs  3m49.0s/4m00.0s

running (3m50.0s), 17/50 VUs, 7774 complete and 0 interrupted iterations
default   [  96% ] 17/50 VUs  3m50.0s/4m00.0s

running (3m51.0s), 16/50 VUs, 7807 complete and 0 interrupted iterations
default   [  96% ] 16/50 VUs  3m51.0s/4m00.0s

running (3m52.0s), 14/50 VUs, 7842 complete and 0 interrupted iterations
default   [  97% ] 14/50 VUs  3m52.0s/4m00.0s

running (3m53.0s), 12/50 VUs, 7876 complete and 0 interrupted iterations
default   [  97% ] 12/50 VUs  3m53.0s/4m00.0s

running (3m54.0s), 11/50 VUs, 7909 complete and 0 interrupted iterations
default   [  97% ] 11/50 VUs  3m54.0s/4m00.0s

running (3m55.0s), 09/50 VUs, 7943 complete and 0 interrupted iterations
default   [  98% ] 09/50 VUs  3m55.0s/4m00.0s

running (3m56.0s), 08/50 VUs, 7977 complete and 0 interrupted iterations
default   [  98% ] 08/50 VUs  3m56.0s/4m00.0s

running (3m57.0s), 06/50 VUs, 8011 complete and 0 interrupted iterations
default   [  99% ] 06/50 VUs  3m57.0s/4m00.0s

running (3m58.0s), 04/50 VUs, 8045 complete and 0 interrupted iterations
default   [  99% ] 04/50 VUs  3m58.0s/4m00.0s

running (3m59.0s), 02/50 VUs, 8080 complete and 0 interrupted iterations
default   [ 100% ] 02/50 VUs  3m59.0s/4m00.0s

running (4m00.0s), 01/50 VUs, 8105 complete and 0 interrupted iterations
default   [ 100% ] 01/50 VUs  4m00.0s/4m00.0s


  █ THRESHOLDS 

    checks
    ✓ 'rate>0.95' rate=100.00%

    http_req_duration
    ✓ 'p(95)<5000' p(95)=1.77s
    ✓ 'p(99)<10000' p(99)=1.89s

    http_req_failed
    ✓ 'rate<0.05' rate=0.00%


  █ TOTAL RESULTS 

    checks_total.......: 32428   135.09458/s
    checks_succeeded...: 100.00% 32428 out of 32428
    checks_failed......: 0.00%   0 out of 32428

    ✓ status is 200
    ✓ content-type is json
    ✓ workloadType is CPU-BOUND
    ✓ executionTimeMs exists

    CUSTOM
    response_time_ms...............: min=56.792419 avg=1299.568741 med=1527.093404 max=3433.257531 p(90)=1677.431015 p(95)=1776.229978 p(99)=1895.249056
    successful_requests............: 8107   33.773645/s

    HTTP
    http_req_duration..............: min=56.79ms   avg=1.29s       med=1.52s       max=3.43s       p(90)=1.67s       p(95)=1.77s       p(99)=1.89s      
      { expected_response:true }...: min=56.79ms   avg=1.29s       med=1.52s       max=3.43s       p(90)=1.67s       p(95)=1.77s       p(99)=1.89s      
    http_req_failed................: 0.00%  0 out of 8107
    http_reqs......................: 8107   33.773645/s

    EXECUTION
    iteration_duration.............: min=56.99ms   avg=1.29s       med=1.52s       max=3.43s       p(90)=1.67s       p(95)=1.77s       p(99)=1.89s      
    iterations.....................: 8107   33.773645/s
    vus............................: 1      min=1         max=50
    vus_max........................: 50     min=50        max=50

    NETWORK
    data_received..................: 1.9 MB 7.8 kB/s
    data_sent......................: 649 kB 2.7 kB/s




running (4m00.0s), 00/50 VUs, 8107 complete and 0 interrupted iterations
default ✓ [ 100% ] 00/50 VUs  4m0s
