
         /\      Grafana   /‾‾/  
    /\  /  \     |\  __   /  /   
   /  \/    \    | |/ /  /   ‾‾\ 
  /          \   |   (  |  (‾)  |
 / __________ \  |_|\_\  \_____/ 


     execution: local
        script: cpu-bound-test.js
        output: -

     scenarios: (100.00%) 1 scenario, 50 max VUs, 4m30s max duration (incl. graceful stop):
              * default: Up to 50 looping VUs for 4m0s over 3 stages (gracefulRampDown: 30s, gracefulStop: 30s)


running (0m01.0s), 02/50 VUs, 21 complete and 0 interrupted iterations
default   [   0% ] 02/50 VUs  0m01.0s/4m00.0s

running (0m02.0s), 04/50 VUs, 55 complete and 0 interrupted iterations
default   [   1% ] 04/50 VUs  0m02.0s/4m00.0s

running (0m03.0s), 05/50 VUs, 87 complete and 0 interrupted iterations
default   [   1% ] 05/50 VUs  0m03.0s/4m00.0s

running (0m04.0s), 07/50 VUs, 122 complete and 0 interrupted iterations
default   [   2% ] 07/50 VUs  0m04.0s/4m00.0s

running (0m05.0s), 09/50 VUs, 155 complete and 0 interrupted iterations
default   [   2% ] 09/50 VUs  0m05.0s/4m00.0s

running (0m06.0s), 10/50 VUs, 189 complete and 0 interrupted iterations
default   [   2% ] 10/50 VUs  0m06.0s/4m00.0s

running (0m07.0s), 12/50 VUs, 223 complete and 0 interrupted iterations
default   [   3% ] 12/50 VUs  0m07.0s/4m00.0s

running (0m08.0s), 14/50 VUs, 257 complete and 0 interrupted iterations
default   [   3% ] 14/50 VUs  0m08.0s/4m00.0s

running (0m09.0s), 15/50 VUs, 291 complete and 0 interrupted iterations
default   [   4% ] 15/50 VUs  0m09.0s/4m00.0s

running (0m10.0s), 17/50 VUs, 324 complete and 0 interrupted iterations
default   [   4% ] 17/50 VUs  0m10.0s/4m00.0s

running (0m11.0s), 18/50 VUs, 358 complete and 0 interrupted iterations
default   [   5% ] 18/50 VUs  0m11.0s/4m00.0s

running (0m12.0s), 20/50 VUs, 392 complete and 0 interrupted iterations
default   [   5% ] 20/50 VUs  0m12.0s/4m00.0s

running (0m13.0s), 22/50 VUs, 426 complete and 0 interrupted iterations
default   [   5% ] 22/50 VUs  0m13.0s/4m00.0s

running (0m14.0s), 23/50 VUs, 460 complete and 0 interrupted iterations
default   [   6% ] 23/50 VUs  0m14.0s/4m00.0s

running (0m15.0s), 25/50 VUs, 494 complete and 0 interrupted iterations
default   [   6% ] 25/50 VUs  0m15.0s/4m00.0s

running (0m16.0s), 27/50 VUs, 527 complete and 0 interrupted iterations
default   [   7% ] 27/50 VUs  0m16.0s/4m00.0s

running (0m17.0s), 28/50 VUs, 562 complete and 0 interrupted iterations
default   [   7% ] 28/50 VUs  0m17.0s/4m00.0s

running (0m18.0s), 30/50 VUs, 595 complete and 0 interrupted iterations
default   [   7% ] 30/50 VUs  0m18.0s/4m00.0s

running (0m19.0s), 31/50 VUs, 630 complete and 0 interrupted iterations
default   [   8% ] 31/50 VUs  0m19.0s/4m00.0s

running (0m20.0s), 33/50 VUs, 662 complete and 0 interrupted iterations
default   [   8% ] 33/50 VUs  0m20.0s/4m00.0s

running (0m21.0s), 35/50 VUs, 698 complete and 0 interrupted iterations
default   [   9% ] 35/50 VUs  0m21.0s/4m00.0s

running (0m22.0s), 36/50 VUs, 730 complete and 0 interrupted iterations
default   [   9% ] 36/50 VUs  0m22.0s/4m00.0s

running (0m23.0s), 38/50 VUs, 765 complete and 0 interrupted iterations
default   [  10% ] 38/50 VUs  0m23.0s/4m00.0s

running (0m24.0s), 40/50 VUs, 798 complete and 0 interrupted iterations
default   [  10% ] 40/50 VUs  0m24.0s/4m00.0s

running (0m25.0s), 41/50 VUs, 832 complete and 0 interrupted iterations
default   [  10% ] 41/50 VUs  0m25.0s/4m00.0s

running (0m26.0s), 43/50 VUs, 866 complete and 0 interrupted iterations
default   [  11% ] 43/50 VUs  0m26.0s/4m00.0s

running (0m27.0s), 45/50 VUs, 900 complete and 0 interrupted iterations
default   [  11% ] 45/50 VUs  0m27.0s/4m00.0s

running (0m28.0s), 46/50 VUs, 934 complete and 0 interrupted iterations
default   [  12% ] 46/50 VUs  0m28.0s/4m00.0s

running (0m29.0s), 48/50 VUs, 968 complete and 0 interrupted iterations
default   [  12% ] 48/50 VUs  0m29.0s/4m00.0s

running (0m30.0s), 49/50 VUs, 1002 complete and 0 interrupted iterations
default   [  12% ] 49/50 VUs  0m30.0s/4m00.0s

running (0m31.0s), 50/50 VUs, 1034 complete and 0 interrupted iterations
default   [  13% ] 50/50 VUs  0m31.0s/4m00.0s

running (0m32.0s), 50/50 VUs, 1070 complete and 0 interrupted iterations
default   [  13% ] 50/50 VUs  0m32.0s/4m00.0s

running (0m33.0s), 50/50 VUs, 1102 complete and 0 interrupted iterations
default   [  14% ] 50/50 VUs  0m33.0s/4m00.0s

running (0m34.0s), 50/50 VUs, 1138 complete and 0 interrupted iterations
default   [  14% ] 50/50 VUs  0m34.0s/4m00.0s

running (0m35.0s), 50/50 VUs, 1170 complete and 0 interrupted iterations
default   [  15% ] 50/50 VUs  0m35.0s/4m00.0s

running (0m36.0s), 50/50 VUs, 1205 complete and 0 interrupted iterations
default   [  15% ] 50/50 VUs  0m36.0s/4m00.0s

running (0m37.0s), 50/50 VUs, 1238 complete and 0 interrupted iterations
default   [  15% ] 50/50 VUs  0m37.0s/4m00.0s

running (0m38.0s), 50/50 VUs, 1272 complete and 0 interrupted iterations
default   [  16% ] 50/50 VUs  0m38.0s/4m00.0s

running (0m39.0s), 50/50 VUs, 1306 complete and 0 interrupted iterations
default   [  16% ] 50/50 VUs  0m39.0s/4m00.0s

running (0m40.0s), 50/50 VUs, 1339 complete and 0 interrupted iterations
default   [  17% ] 50/50 VUs  0m40.0s/4m00.0s

running (0m41.0s), 50/50 VUs, 1374 complete and 0 interrupted iterations
default   [  17% ] 50/50 VUs  0m41.0s/4m00.0s

running (0m42.0s), 50/50 VUs, 1407 complete and 0 interrupted iterations
default   [  17% ] 50/50 VUs  0m42.0s/4m00.0s

running (0m43.0s), 50/50 VUs, 1442 complete and 0 interrupted iterations
default   [  18% ] 50/50 VUs  0m43.0s/4m00.0s

running (0m44.0s), 50/50 VUs, 1475 complete and 0 interrupted iterations
default   [  18% ] 50/50 VUs  0m44.0s/4m00.0s

running (0m45.0s), 50/50 VUs, 1510 complete and 0 interrupted iterations
default   [  19% ] 50/50 VUs  0m45.0s/4m00.0s

running (0m46.0s), 50/50 VUs, 1543 complete and 0 interrupted iterations
default   [  19% ] 50/50 VUs  0m46.0s/4m00.0s

running (0m47.0s), 50/50 VUs, 1578 complete and 0 interrupted iterations
default   [  20% ] 50/50 VUs  0m47.0s/4m00.0s

running (0m48.0s), 50/50 VUs, 1610 complete and 0 interrupted iterations
default   [  20% ] 50/50 VUs  0m48.0s/4m00.0s

running (0m49.0s), 50/50 VUs, 1645 complete and 0 interrupted iterations
default   [  20% ] 50/50 VUs  0m49.0s/4m00.0s

running (0m50.0s), 50/50 VUs, 1678 complete and 0 interrupted iterations
default   [  21% ] 50/50 VUs  0m50.0s/4m00.0s

running (0m51.0s), 50/50 VUs, 1712 complete and 0 interrupted iterations
default   [  21% ] 50/50 VUs  0m51.0s/4m00.0s

running (0m52.0s), 50/50 VUs, 1746 complete and 0 interrupted iterations
default   [  22% ] 50/50 VUs  0m52.0s/4m00.0s

running (0m53.0s), 50/50 VUs, 1779 complete and 0 interrupted iterations
default   [  22% ] 50/50 VUs  0m53.0s/4m00.0s

running (0m54.0s), 50/50 VUs, 1814 complete and 0 interrupted iterations
default   [  22% ] 50/50 VUs  0m54.0s/4m00.0s

running (0m55.0s), 50/50 VUs, 1847 complete and 0 interrupted iterations
default   [  23% ] 50/50 VUs  0m55.0s/4m00.0s

running (0m56.0s), 50/50 VUs, 1882 complete and 0 interrupted iterations
default   [  23% ] 50/50 VUs  0m56.0s/4m00.0s

running (0m57.0s), 50/50 VUs, 1915 complete and 0 interrupted iterations
default   [  24% ] 50/50 VUs  0m57.0s/4m00.0s

running (0m58.0s), 50/50 VUs, 1949 complete and 0 interrupted iterations
default   [  24% ] 50/50 VUs  0m58.0s/4m00.0s

running (0m59.0s), 50/50 VUs, 1983 complete and 0 interrupted iterations
default   [  25% ] 50/50 VUs  0m59.0s/4m00.0s

running (1m00.0s), 50/50 VUs, 2017 complete and 0 interrupted iterations
default   [  25% ] 50/50 VUs  1m00.0s/4m00.0s

running (1m01.0s), 50/50 VUs, 2051 complete and 0 interrupted iterations
default   [  25% ] 50/50 VUs  1m01.0s/4m00.0s

running (1m02.0s), 50/50 VUs, 2085 complete and 0 interrupted iterations
default   [  26% ] 50/50 VUs  1m02.0s/4m00.0s

running (1m03.0s), 50/50 VUs, 2119 complete and 0 interrupted iterations
default   [  26% ] 50/50 VUs  1m03.0s/4m00.0s

running (1m04.0s), 50/50 VUs, 2152 complete and 0 interrupted iterations
default   [  27% ] 50/50 VUs  1m04.0s/4m00.0s

running (1m05.0s), 50/50 VUs, 2186 complete and 0 interrupted iterations
default   [  27% ] 50/50 VUs  1m05.0s/4m00.0s

running (1m06.0s), 50/50 VUs, 2220 complete and 0 interrupted iterations
default   [  27% ] 50/50 VUs  1m06.0s/4m00.0s

running (1m07.0s), 50/50 VUs, 2254 complete and 0 interrupted iterations
default   [  28% ] 50/50 VUs  1m07.0s/4m00.0s

running (1m08.0s), 50/50 VUs, 2288 complete and 0 interrupted iterations
default   [  28% ] 50/50 VUs  1m08.0s/4m00.0s

running (1m09.0s), 50/50 VUs, 2321 complete and 0 interrupted iterations
default   [  29% ] 50/50 VUs  1m09.0s/4m00.0s

running (1m10.0s), 50/50 VUs, 2356 complete and 0 interrupted iterations
default   [  29% ] 50/50 VUs  1m10.0s/4m00.0s

running (1m11.0s), 50/50 VUs, 2389 complete and 0 interrupted iterations
default   [  30% ] 50/50 VUs  1m11.0s/4m00.0s

running (1m12.0s), 50/50 VUs, 2423 complete and 0 interrupted iterations
default   [  30% ] 50/50 VUs  1m12.0s/4m00.0s

running (1m13.0s), 50/50 VUs, 2457 complete and 0 interrupted iterations
default   [  30% ] 50/50 VUs  1m13.0s/4m00.0s

running (1m14.0s), 50/50 VUs, 2490 complete and 0 interrupted iterations
default   [  31% ] 50/50 VUs  1m14.0s/4m00.0s

running (1m15.0s), 50/50 VUs, 2525 complete and 0 interrupted iterations
default   [  31% ] 50/50 VUs  1m15.0s/4m00.0s

running (1m16.0s), 50/50 VUs, 2558 complete and 0 interrupted iterations
default   [  32% ] 50/50 VUs  1m16.0s/4m00.0s

running (1m17.0s), 50/50 VUs, 2593 complete and 0 interrupted iterations
default   [  32% ] 50/50 VUs  1m17.0s/4m00.0s

running (1m18.0s), 50/50 VUs, 2625 complete and 0 interrupted iterations
default   [  32% ] 50/50 VUs  1m18.0s/4m00.0s

running (1m19.0s), 50/50 VUs, 2661 complete and 0 interrupted iterations
default   [  33% ] 50/50 VUs  1m19.0s/4m00.0s

running (1m20.0s), 50/50 VUs, 2693 complete and 0 interrupted iterations
default   [  33% ] 50/50 VUs  1m20.0s/4m00.0s

running (1m21.0s), 50/50 VUs, 2728 complete and 0 interrupted iterations
default   [  34% ] 50/50 VUs  1m21.0s/4m00.0s

running (1m22.0s), 50/50 VUs, 2761 complete and 0 interrupted iterations
default   [  34% ] 50/50 VUs  1m22.0s/4m00.0s

running (1m23.0s), 50/50 VUs, 2795 complete and 0 interrupted iterations
default   [  35% ] 50/50 VUs  1m23.0s/4m00.0s

running (1m24.0s), 50/50 VUs, 2829 complete and 0 interrupted iterations
default   [  35% ] 50/50 VUs  1m24.0s/4m00.0s

running (1m25.0s), 50/50 VUs, 2863 complete and 0 interrupted iterations
default   [  35% ] 50/50 VUs  1m25.0s/4m00.0s

running (1m26.0s), 50/50 VUs, 2897 complete and 0 interrupted iterations
default   [  36% ] 50/50 VUs  1m26.0s/4m00.0s

running (1m27.0s), 50/50 VUs, 2930 complete and 0 interrupted iterations
default   [  36% ] 50/50 VUs  1m27.0s/4m00.0s

running (1m28.0s), 50/50 VUs, 2965 complete and 0 interrupted iterations
default   [  37% ] 50/50 VUs  1m28.0s/4m00.0s

running (1m29.0s), 50/50 VUs, 2998 complete and 0 interrupted iterations
default   [  37% ] 50/50 VUs  1m29.0s/4m00.0s

running (1m30.0s), 50/50 VUs, 3033 complete and 0 interrupted iterations
default   [  37% ] 50/50 VUs  1m30.0s/4m00.0s

running (1m31.0s), 50/50 VUs, 3066 complete and 0 interrupted iterations
default   [  38% ] 50/50 VUs  1m31.0s/4m00.0s

running (1m32.0s), 50/50 VUs, 3101 complete and 0 interrupted iterations
default   [  38% ] 50/50 VUs  1m32.0s/4m00.0s

running (1m33.0s), 50/50 VUs, 3134 complete and 0 interrupted iterations
default   [  39% ] 50/50 VUs  1m33.0s/4m00.0s

running (1m34.0s), 50/50 VUs, 3167 complete and 0 interrupted iterations
default   [  39% ] 50/50 VUs  1m34.0s/4m00.0s

running (1m35.0s), 50/50 VUs, 3202 complete and 0 interrupted iterations
default   [  40% ] 50/50 VUs  1m35.0s/4m00.0s

running (1m36.0s), 50/50 VUs, 3235 complete and 0 interrupted iterations
default   [  40% ] 50/50 VUs  1m36.0s/4m00.0s

running (1m37.0s), 50/50 VUs, 3270 complete and 0 interrupted iterations
default   [  40% ] 50/50 VUs  1m37.0s/4m00.0s

running (1m38.0s), 50/50 VUs, 3303 complete and 0 interrupted iterations
default   [  41% ] 50/50 VUs  1m38.0s/4m00.0s

running (1m39.0s), 50/50 VUs, 3338 complete and 0 interrupted iterations
default   [  41% ] 50/50 VUs  1m39.0s/4m00.0s

running (1m40.0s), 50/50 VUs, 3370 complete and 0 interrupted iterations
default   [  42% ] 50/50 VUs  1m40.0s/4m00.0s

running (1m41.0s), 50/50 VUs, 3406 complete and 0 interrupted iterations
default   [  42% ] 50/50 VUs  1m41.0s/4m00.0s

running (1m42.0s), 50/50 VUs, 3438 complete and 0 interrupted iterations
default   [  42% ] 50/50 VUs  1m42.0s/4m00.0s

running (1m43.0s), 50/50 VUs, 3474 complete and 0 interrupted iterations
default   [  43% ] 50/50 VUs  1m43.0s/4m00.0s

running (1m44.0s), 50/50 VUs, 3506 complete and 0 interrupted iterations
default   [  43% ] 50/50 VUs  1m44.0s/4m00.0s

running (1m45.0s), 50/50 VUs, 3542 complete and 0 interrupted iterations
default   [  44% ] 50/50 VUs  1m45.0s/4m00.0s

running (1m46.0s), 50/50 VUs, 3574 complete and 0 interrupted iterations
default   [  44% ] 50/50 VUs  1m46.0s/4m00.0s

running (1m47.0s), 50/50 VUs, 3609 complete and 0 interrupted iterations
default   [  45% ] 50/50 VUs  1m47.0s/4m00.0s

running (1m48.0s), 50/50 VUs, 3642 complete and 0 interrupted iterations
default   [  45% ] 50/50 VUs  1m48.0s/4m00.0s

running (1m49.0s), 50/50 VUs, 3676 complete and 0 interrupted iterations
default   [  45% ] 50/50 VUs  1m49.0s/4m00.0s

running (1m50.0s), 50/50 VUs, 3710 complete and 0 interrupted iterations
default   [  46% ] 50/50 VUs  1m50.0s/4m00.0s

running (1m51.0s), 50/50 VUs, 3743 complete and 0 interrupted iterations
default   [  46% ] 50/50 VUs  1m51.0s/4m00.0s

running (1m52.0s), 50/50 VUs, 3778 complete and 0 interrupted iterations
default   [  47% ] 50/50 VUs  1m52.0s/4m00.0s

running (1m53.0s), 50/50 VUs, 3811 complete and 0 interrupted iterations
default   [  47% ] 50/50 VUs  1m53.0s/4m00.0s

running (1m54.0s), 50/50 VUs, 3846 complete and 0 interrupted iterations
default   [  47% ] 50/50 VUs  1m54.0s/4m00.0s

running (1m55.0s), 50/50 VUs, 3879 complete and 0 interrupted iterations
default   [  48% ] 50/50 VUs  1m55.0s/4m00.0s

running (1m56.0s), 50/50 VUs, 3914 complete and 0 interrupted iterations
default   [  48% ] 50/50 VUs  1m56.0s/4m00.0s

running (1m57.0s), 50/50 VUs, 3946 complete and 0 interrupted iterations
default   [  49% ] 50/50 VUs  1m57.0s/4m00.0s

running (1m58.0s), 50/50 VUs, 3982 complete and 0 interrupted iterations
default   [  49% ] 50/50 VUs  1m58.0s/4m00.0s

running (1m59.0s), 50/50 VUs, 4014 complete and 0 interrupted iterations
default   [  50% ] 50/50 VUs  1m59.0s/4m00.0s

running (2m00.0s), 50/50 VUs, 4050 complete and 0 interrupted iterations
default   [  50% ] 50/50 VUs  2m00.0s/4m00.0s

running (2m01.0s), 50/50 VUs, 4082 complete and 0 interrupted iterations
default   [  50% ] 50/50 VUs  2m01.0s/4m00.0s

running (2m02.0s), 50/50 VUs, 4117 complete and 0 interrupted iterations
default   [  51% ] 50/50 VUs  2m02.0s/4m00.0s

running (2m03.0s), 50/50 VUs, 4150 complete and 0 interrupted iterations
default   [  51% ] 50/50 VUs  2m03.0s/4m00.0s

running (2m04.0s), 50/50 VUs, 4185 complete and 0 interrupted iterations
default   [  52% ] 50/50 VUs  2m04.0s/4m00.0s

running (2m05.0s), 50/50 VUs, 4218 complete and 0 interrupted iterations
default   [  52% ] 50/50 VUs  2m05.0s/4m00.0s

running (2m06.0s), 50/50 VUs, 4253 complete and 0 interrupted iterations
default   [  52% ] 50/50 VUs  2m06.0s/4m00.0s

running (2m07.0s), 50/50 VUs, 4286 complete and 0 interrupted iterations
default   [  53% ] 50/50 VUs  2m07.0s/4m00.0s

running (2m08.0s), 50/50 VUs, 4320 complete and 0 interrupted iterations
default   [  53% ] 50/50 VUs  2m08.0s/4m00.0s

running (2m09.0s), 50/50 VUs, 4354 complete and 0 interrupted iterations
default   [  54% ] 50/50 VUs  2m09.0s/4m00.0s

running (2m10.0s), 50/50 VUs, 4388 complete and 0 interrupted iterations
default   [  54% ] 50/50 VUs  2m10.0s/4m00.0s

running (2m11.0s), 50/50 VUs, 4422 complete and 0 interrupted iterations
default   [  55% ] 50/50 VUs  2m11.0s/4m00.0s

running (2m12.0s), 50/50 VUs, 4454 complete and 0 interrupted iterations
default   [  55% ] 50/50 VUs  2m12.0s/4m00.0s

running (2m13.0s), 50/50 VUs, 4489 complete and 0 interrupted iterations
default   [  55% ] 50/50 VUs  2m13.0s/4m00.0s

running (2m14.0s), 50/50 VUs, 4522 complete and 0 interrupted iterations
default   [  56% ] 50/50 VUs  2m14.0s/4m00.0s

running (2m15.0s), 50/50 VUs, 4557 complete and 0 interrupted iterations
default   [  56% ] 50/50 VUs  2m15.0s/4m00.0s

running (2m16.0s), 50/50 VUs, 4590 complete and 0 interrupted iterations
default   [  57% ] 50/50 VUs  2m16.0s/4m00.0s

running (2m17.0s), 50/50 VUs, 4625 complete and 0 interrupted iterations
default   [  57% ] 50/50 VUs  2m17.0s/4m00.0s

running (2m18.0s), 50/50 VUs, 4658 complete and 0 interrupted iterations
default   [  57% ] 50/50 VUs  2m18.0s/4m00.0s

running (2m19.0s), 50/50 VUs, 4692 complete and 0 interrupted iterations
default   [  58% ] 50/50 VUs  2m19.0s/4m00.0s

running (2m20.0s), 50/50 VUs, 4726 complete and 0 interrupted iterations
default   [  58% ] 50/50 VUs  2m20.0s/4m00.0s

running (2m21.0s), 50/50 VUs, 4760 complete and 0 interrupted iterations
default   [  59% ] 50/50 VUs  2m21.0s/4m00.0s

running (2m22.0s), 50/50 VUs, 4794 complete and 0 interrupted iterations
default   [  59% ] 50/50 VUs  2m22.0s/4m00.0s

running (2m23.0s), 50/50 VUs, 4827 complete and 0 interrupted iterations
default   [  60% ] 50/50 VUs  2m23.0s/4m00.0s

running (2m24.0s), 50/50 VUs, 4862 complete and 0 interrupted iterations
default   [  60% ] 50/50 VUs  2m24.0s/4m00.0s

running (2m25.0s), 50/50 VUs, 4896 complete and 0 interrupted iterations
default   [  60% ] 50/50 VUs  2m25.0s/4m00.0s

running (2m26.0s), 50/50 VUs, 4929 complete and 0 interrupted iterations
default   [  61% ] 50/50 VUs  2m26.0s/4m00.0s

running (2m27.0s), 50/50 VUs, 4964 complete and 0 interrupted iterations
default   [  61% ] 50/50 VUs  2m27.0s/4m00.0s

running (2m28.0s), 50/50 VUs, 4997 complete and 0 interrupted iterations
default   [  62% ] 50/50 VUs  2m28.0s/4m00.0s

running (2m29.0s), 50/50 VUs, 5030 complete and 0 interrupted iterations
default   [  62% ] 50/50 VUs  2m29.0s/4m00.0s

running (2m30.0s), 50/50 VUs, 5064 complete and 0 interrupted iterations
default   [  62% ] 50/50 VUs  2m30.0s/4m00.0s

running (2m31.0s), 50/50 VUs, 5098 complete and 0 interrupted iterations
default   [  63% ] 50/50 VUs  2m31.0s/4m00.0s

running (2m32.0s), 50/50 VUs, 5132 complete and 0 interrupted iterations
default   [  63% ] 50/50 VUs  2m32.0s/4m00.0s

running (2m33.0s), 50/50 VUs, 5166 complete and 0 interrupted iterations
default   [  64% ] 50/50 VUs  2m33.0s/4m00.0s

running (2m34.0s), 50/50 VUs, 5200 complete and 0 interrupted iterations
default   [  64% ] 50/50 VUs  2m34.0s/4m00.0s

running (2m35.0s), 50/50 VUs, 5234 complete and 0 interrupted iterations
default   [  65% ] 50/50 VUs  2m35.0s/4m00.0s

running (2m36.0s), 50/50 VUs, 5266 complete and 0 interrupted iterations
default   [  65% ] 50/50 VUs  2m36.0s/4m00.0s

running (2m37.0s), 50/50 VUs, 5301 complete and 0 interrupted iterations
default   [  65% ] 50/50 VUs  2m37.0s/4m00.0s

running (2m38.0s), 50/50 VUs, 5334 complete and 0 interrupted iterations
default   [  66% ] 50/50 VUs  2m38.0s/4m00.0s

running (2m39.0s), 50/50 VUs, 5369 complete and 0 interrupted iterations
default   [  66% ] 50/50 VUs  2m39.0s/4m00.0s

running (2m40.0s), 50/50 VUs, 5402 complete and 0 interrupted iterations
default   [  67% ] 50/50 VUs  2m40.0s/4m00.0s

running (2m41.0s), 50/50 VUs, 5437 complete and 0 interrupted iterations
default   [  67% ] 50/50 VUs  2m41.0s/4m00.0s

running (2m42.0s), 50/50 VUs, 5470 complete and 0 interrupted iterations
default   [  67% ] 50/50 VUs  2m42.0s/4m00.0s

running (2m43.0s), 50/50 VUs, 5505 complete and 0 interrupted iterations
default   [  68% ] 50/50 VUs  2m43.0s/4m00.0s

running (2m44.0s), 50/50 VUs, 5538 complete and 0 interrupted iterations
default   [  68% ] 50/50 VUs  2m44.0s/4m00.0s

running (2m45.0s), 50/50 VUs, 5572 complete and 0 interrupted iterations
default   [  69% ] 50/50 VUs  2m45.0s/4m00.0s

running (2m46.0s), 50/50 VUs, 5606 complete and 0 interrupted iterations
default   [  69% ] 50/50 VUs  2m46.0s/4m00.0s

running (2m47.0s), 50/50 VUs, 5640 complete and 0 interrupted iterations
default   [  70% ] 50/50 VUs  2m47.0s/4m00.0s

running (2m48.0s), 50/50 VUs, 5674 complete and 0 interrupted iterations
default   [  70% ] 50/50 VUs  2m48.0s/4m00.0s

running (2m49.0s), 50/50 VUs, 5707 complete and 0 interrupted iterations
default   [  70% ] 50/50 VUs  2m49.0s/4m00.0s

running (2m50.0s), 50/50 VUs, 5742 complete and 0 interrupted iterations
default   [  71% ] 50/50 VUs  2m50.0s/4m00.0s

running (2m51.0s), 50/50 VUs, 5775 complete and 0 interrupted iterations
default   [  71% ] 50/50 VUs  2m51.0s/4m00.0s

running (2m52.0s), 50/50 VUs, 5810 complete and 0 interrupted iterations
default   [  72% ] 50/50 VUs  2m52.0s/4m00.0s

running (2m53.0s), 50/50 VUs, 5842 complete and 0 interrupted iterations
default   [  72% ] 50/50 VUs  2m53.0s/4m00.0s

running (2m54.0s), 50/50 VUs, 5877 complete and 0 interrupted iterations
default   [  72% ] 50/50 VUs  2m54.0s/4m00.0s

running (2m55.0s), 50/50 VUs, 5910 complete and 0 interrupted iterations
default   [  73% ] 50/50 VUs  2m55.0s/4m00.0s

running (2m56.0s), 50/50 VUs, 5944 complete and 0 interrupted iterations
default   [  73% ] 50/50 VUs  2m56.0s/4m00.0s

running (2m57.0s), 50/50 VUs, 5978 complete and 0 interrupted iterations
default   [  74% ] 50/50 VUs  2m57.0s/4m00.0s

running (2m58.0s), 50/50 VUs, 6012 complete and 0 interrupted iterations
default   [  74% ] 50/50 VUs  2m58.0s/4m00.0s

running (2m59.0s), 50/50 VUs, 6046 complete and 0 interrupted iterations
default   [  75% ] 50/50 VUs  2m59.0s/4m00.0s

running (3m00.0s), 50/50 VUs, 6080 complete and 0 interrupted iterations
default   [  75% ] 50/50 VUs  3m00.0s/4m00.0s

running (3m01.0s), 50/50 VUs, 6114 complete and 0 interrupted iterations
default   [  75% ] 50/50 VUs  3m01.0s/4m00.0s

running (3m02.0s), 50/50 VUs, 6147 complete and 0 interrupted iterations
default   [  76% ] 50/50 VUs  3m02.0s/4m00.0s

running (3m03.0s), 50/50 VUs, 6181 complete and 0 interrupted iterations
default   [  76% ] 50/50 VUs  3m03.0s/4m00.0s

running (3m04.0s), 50/50 VUs, 6215 complete and 0 interrupted iterations
default   [  77% ] 50/50 VUs  3m04.0s/4m00.0s

running (3m05.0s), 50/50 VUs, 6249 complete and 0 interrupted iterations
default   [  77% ] 50/50 VUs  3m05.0s/4m00.0s

running (3m06.0s), 50/50 VUs, 6283 complete and 0 interrupted iterations
default   [  77% ] 50/50 VUs  3m06.0s/4m00.0s

running (3m07.0s), 50/50 VUs, 6317 complete and 0 interrupted iterations
default   [  78% ] 50/50 VUs  3m07.0s/4m00.0s

running (3m08.0s), 50/50 VUs, 6351 complete and 0 interrupted iterations
default   [  78% ] 50/50 VUs  3m08.0s/4m00.0s

running (3m09.0s), 50/50 VUs, 6385 complete and 0 interrupted iterations
default   [  79% ] 50/50 VUs  3m09.0s/4m00.0s

running (3m10.0s), 50/50 VUs, 6418 complete and 0 interrupted iterations
default   [  79% ] 50/50 VUs  3m10.0s/4m00.0s

running (3m11.0s), 50/50 VUs, 6453 complete and 0 interrupted iterations
default   [  80% ] 50/50 VUs  3m11.0s/4m00.0s

running (3m12.0s), 50/50 VUs, 6485 complete and 0 interrupted iterations
default   [  80% ] 50/50 VUs  3m12.0s/4m00.0s

running (3m13.0s), 50/50 VUs, 6521 complete and 0 interrupted iterations
default   [  80% ] 50/50 VUs  3m13.0s/4m00.0s

running (3m14.0s), 50/50 VUs, 6553 complete and 0 interrupted iterations
default   [  81% ] 50/50 VUs  3m14.0s/4m00.0s

running (3m15.0s), 50/50 VUs, 6589 complete and 0 interrupted iterations
default   [  81% ] 50/50 VUs  3m15.0s/4m00.0s

running (3m16.0s), 50/50 VUs, 6621 complete and 0 interrupted iterations
default   [  82% ] 50/50 VUs  3m16.0s/4m00.0s

running (3m17.0s), 50/50 VUs, 6655 complete and 0 interrupted iterations
default   [  82% ] 50/50 VUs  3m17.0s/4m00.0s

running (3m18.0s), 50/50 VUs, 6689 complete and 0 interrupted iterations
default   [  82% ] 50/50 VUs  3m18.0s/4m00.0s

running (3m19.0s), 50/50 VUs, 6723 complete and 0 interrupted iterations
default   [  83% ] 50/50 VUs  3m19.0s/4m00.0s

running (3m20.0s), 50/50 VUs, 6757 complete and 0 interrupted iterations
default   [  83% ] 50/50 VUs  3m20.0s/4m00.0s

running (3m21.0s), 50/50 VUs, 6790 complete and 0 interrupted iterations
default   [  84% ] 50/50 VUs  3m21.0s/4m00.0s

running (3m22.0s), 50/50 VUs, 6825 complete and 0 interrupted iterations
default   [  84% ] 50/50 VUs  3m22.0s/4m00.0s

running (3m23.0s), 50/50 VUs, 6858 complete and 0 interrupted iterations
default   [  85% ] 50/50 VUs  3m23.0s/4m00.0s

running (3m24.0s), 50/50 VUs, 6893 complete and 0 interrupted iterations
default   [  85% ] 50/50 VUs  3m24.0s/4m00.0s

running (3m25.0s), 50/50 VUs, 6926 complete and 0 interrupted iterations
default   [  85% ] 50/50 VUs  3m25.0s/4m00.0s

running (3m26.0s), 50/50 VUs, 6959 complete and 0 interrupted iterations
default   [  86% ] 50/50 VUs  3m26.0s/4m00.0s

running (3m27.0s), 50/50 VUs, 6994 complete and 0 interrupted iterations
default   [  86% ] 50/50 VUs  3m27.0s/4m00.0s

running (3m28.0s), 50/50 VUs, 7027 complete and 0 interrupted iterations
default   [  87% ] 50/50 VUs  3m28.0s/4m00.0s

running (3m29.0s), 50/50 VUs, 7061 complete and 0 interrupted iterations
default   [  87% ] 50/50 VUs  3m29.0s/4m00.0s

running (3m30.0s), 50/50 VUs, 7095 complete and 0 interrupted iterations
default   [  87% ] 50/50 VUs  3m30.0s/4m00.0s

running (3m31.0s), 50/50 VUs, 7129 complete and 0 interrupted iterations
default   [  88% ] 50/50 VUs  3m31.0s/4m00.0s

running (3m32.0s), 49/50 VUs, 7163 complete and 0 interrupted iterations
default   [  88% ] 49/50 VUs  3m32.0s/4m00.0s

running (3m33.0s), 46/50 VUs, 7197 complete and 0 interrupted iterations
default   [  89% ] 46/50 VUs  3m33.0s/4m00.0s

running (3m34.0s), 45/50 VUs, 7231 complete and 0 interrupted iterations
default   [  89% ] 45/50 VUs  3m34.0s/4m00.0s

running (3m35.0s), 43/50 VUs, 7265 complete and 0 interrupted iterations
default   [  90% ] 43/50 VUs  3m35.0s/4m00.0s

running (3m36.0s), 41/50 VUs, 7299 complete and 0 interrupted iterations
default   [  90% ] 41/50 VUs  3m36.0s/4m00.0s

running (3m37.0s), 40/50 VUs, 7332 complete and 0 interrupted iterations
default   [  90% ] 40/50 VUs  3m37.0s/4m00.0s

running (3m38.0s), 39/50 VUs, 7367 complete and 0 interrupted iterations
default   [  91% ] 39/50 VUs  3m38.0s/4m00.0s

running (3m39.0s), 36/50 VUs, 7400 complete and 0 interrupted iterations
default   [  91% ] 36/50 VUs  3m39.0s/4m00.0s

running (3m40.0s), 35/50 VUs, 7434 complete and 0 interrupted iterations
default   [  92% ] 35/50 VUs  3m40.0s/4m00.0s

running (3m41.0s), 33/50 VUs, 7468 complete and 0 interrupted iterations
default   [  92% ] 33/50 VUs  3m41.0s/4m00.0s

running (3m42.0s), 31/50 VUs, 7502 complete and 0 interrupted iterations
default   [  92% ] 31/50 VUs  3m42.0s/4m00.0s

running (3m43.0s), 30/50 VUs, 7536 complete and 0 interrupted iterations
default   [  93% ] 30/50 VUs  3m43.0s/4m00.0s

running (3m44.0s), 29/50 VUs, 7569 complete and 0 interrupted iterations
default   [  93% ] 29/50 VUs  3m44.0s/4m00.0s

running (3m45.0s), 26/50 VUs, 7604 complete and 0 interrupted iterations
default   [  94% ] 26/50 VUs  3m45.0s/4m00.0s

running (3m46.0s), 25/50 VUs, 7637 complete and 0 interrupted iterations
default   [  94% ] 25/50 VUs  3m46.0s/4m00.0s

running (3m47.0s), 23/50 VUs, 7671 complete and 0 interrupted iterations
default   [  95% ] 23/50 VUs  3m47.0s/4m00.0s

running (3m48.0s), 21/50 VUs, 7705 complete and 0 interrupted iterations
default   [  95% ] 21/50 VUs  3m48.0s/4m00.0s

running (3m49.0s), 19/50 VUs, 7739 complete and 0 interrupted iterations
default   [  95% ] 19/50 VUs  3m49.0s/4m00.0s

running (3m50.0s), 18/50 VUs, 7773 complete and 0 interrupted iterations
default   [  96% ] 18/50 VUs  3m50.0s/4m00.0s

running (3m51.0s), 16/50 VUs, 7807 complete and 0 interrupted iterations
default   [  96% ] 16/50 VUs  3m51.0s/4m00.0s

running (3m52.0s), 14/50 VUs, 7841 complete and 0 interrupted iterations
default   [  97% ] 14/50 VUs  3m52.0s/4m00.0s

running (3m53.0s), 13/50 VUs, 7874 complete and 0 interrupted iterations
default   [  97% ] 13/50 VUs  3m53.0s/4m00.0s

running (3m54.0s), 11/50 VUs, 7908 complete and 0 interrupted iterations
default   [  97% ] 11/50 VUs  3m54.0s/4m00.0s

running (3m55.0s), 09/50 VUs, 7942 complete and 0 interrupted iterations
default   [  98% ] 09/50 VUs  3m55.0s/4m00.0s

running (3m56.0s), 07/50 VUs, 7976 complete and 0 interrupted iterations
default   [  98% ] 07/50 VUs  3m56.0s/4m00.0s

running (3m57.0s), 06/50 VUs, 8010 complete and 0 interrupted iterations
default   [  99% ] 06/50 VUs  3m57.0s/4m00.0s

running (3m58.0s), 04/50 VUs, 8044 complete and 0 interrupted iterations
default   [  99% ] 04/50 VUs  3m58.0s/4m00.0s

running (3m59.0s), 02/50 VUs, 8079 complete and 0 interrupted iterations
default   [ 100% ] 02/50 VUs  3m59.0s/4m00.0s

running (4m00.0s), 01/50 VUs, 8104 complete and 0 interrupted iterations
default   [ 100% ] 01/50 VUs  4m00.0s/4m00.0s


  █ THRESHOLDS 

    checks
    ✓ 'rate>0.95' rate=100.00%

    http_req_duration
    ✓ 'p(95)<5000' p(95)=1.77s
    ✓ 'p(99)<10000' p(99)=1.89s

    http_req_failed
    ✓ 'rate<0.05' rate=0.00%


  █ TOTAL RESULTS 

    checks_total.......: 32424   135.074018/s
    checks_succeeded...: 100.00% 32424 out of 32424
    checks_failed......: 0.00%   0 out of 32424

    ✓ status is 200
    ✓ content-type is json
    ✓ workloadType is CPU-BOUND
    ✓ executionTimeMs exists

    CUSTOM
    response_time_ms...............: min=56.832391 avg=1299.919288 med=1526.590921 max=3330.66548 p(90)=1763.773647 p(95)=1775.813678 p(99)=1894.365989
    successful_requests............: 8106   33.768505/s

    HTTP
    http_req_duration..............: min=56.83ms   avg=1.29s       med=1.52s       max=3.33s      p(90)=1.76s       p(95)=1.77s       p(99)=1.89s      
      { expected_response:true }...: min=56.83ms   avg=1.29s       med=1.52s       max=3.33s      p(90)=1.76s       p(95)=1.77s       p(99)=1.89s      
    http_req_failed................: 0.00%  0 out of 8106
    http_reqs......................: 8106   33.768505/s

    EXECUTION
    iteration_duration.............: min=56.96ms   avg=1.3s        med=1.52s       max=3.33s      p(90)=1.76s       p(95)=1.77s       p(99)=1.89s      
    iterations.....................: 8106   33.768505/s
    vus............................: 1      min=1         max=50
    vus_max........................: 50     min=50        max=50

    NETWORK
    data_received..................: 1.9 MB 7.8 kB/s
    data_sent......................: 649 kB 2.7 kB/s




running (4m00.0s), 00/50 VUs, 8106 complete and 0 interrupted iterations
default ✓ [ 100% ] 00/50 VUs  4m0s
