
         /\      Grafana   /‾‾/  
    /\  /  \     |\  __   /  /   
   /  \/    \    | |/ /  /   ‾‾\ 
  /          \   |   (  |  (‾)  |
 / __________ \  |_|\_\  \_____/ 


     execution: local
        script: io-bound-test.js
        output: -

     scenarios: (100.00%) 1 scenario, 400 max VUs, 6m30s max duration (incl. graceful stop):
              * default: Up to 400 looping VUs for 6m0s over 3 stages (gracefulRampDown: 30s, gracefulStop: 30s)


running (0m00.8s), 012/400 VUs, 90 complete and 0 interrupted iterations
default   [   0% ] 012/400 VUs  0m00.8s/6m00.0s

running (0m01.8s), 025/400 VUs, 439 complete and 0 interrupted iterations
default   [   1% ] 025/400 VUs  0m01.8s/6m00.0s

running (0m02.8s), 038/400 VUs, 1047 complete and 0 interrupted iterations
default   [   1% ] 038/400 VUs  0m02.8s/6m00.0s

running (0m03.8s), 051/400 VUs, 1916 complete and 0 interrupted iterations
default   [   1% ] 051/400 VUs  0m03.8s/6m00.0s

running (0m04.8s), 065/400 VUs, 2905 complete and 0 interrupted iterations
default   [   1% ] 065/400 VUs  0m04.8s/6m00.0s

running (0m05.8s), 078/400 VUs, 3894 complete and 0 interrupted iterations
default   [   2% ] 078/400 VUs  0m05.8s/6m00.0s

running (0m06.8s), 091/400 VUs, 4882 complete and 0 interrupted iterations
default   [   2% ] 091/400 VUs  0m06.8s/6m00.0s

running (0m07.8s), 105/400 VUs, 5873 complete and 0 interrupted iterations
default   [   2% ] 105/400 VUs  0m07.8s/6m00.0s

running (0m08.8s), 118/400 VUs, 6856 complete and 0 interrupted iterations
default   [   2% ] 118/400 VUs  0m08.8s/6m00.0s

running (0m09.8s), 131/400 VUs, 7849 complete and 0 interrupted iterations
default   [   3% ] 131/400 VUs  0m09.8s/6m00.0s

running (0m10.8s), 144/400 VUs, 8835 complete and 0 interrupted iterations
default   [   3% ] 144/400 VUs  0m10.8s/6m00.0s

running (0m11.8s), 158/400 VUs, 9827 complete and 0 interrupted iterations
default   [   3% ] 158/400 VUs  0m11.8s/6m00.0s

running (0m12.8s), 171/400 VUs, 10814 complete and 0 interrupted iterations
default   [   4% ] 171/400 VUs  0m12.8s/6m00.0s

running (0m13.8s), 184/400 VUs, 11806 complete and 0 interrupted iterations
default   [   4% ] 184/400 VUs  0m13.8s/6m00.0s

running (0m14.8s), 198/400 VUs, 12794 complete and 0 interrupted iterations
default   [   4% ] 198/400 VUs  0m14.8s/6m00.0s

running (0m15.8s), 211/400 VUs, 13782 complete and 0 interrupted iterations
default   [   4% ] 211/400 VUs  0m15.8s/6m00.0s

running (0m16.8s), 224/400 VUs, 14769 complete and 0 interrupted iterations
default   [   5% ] 224/400 VUs  0m16.8s/6m00.0s

running (0m17.8s), 238/400 VUs, 15759 complete and 0 interrupted iterations
default   [   5% ] 238/400 VUs  0m17.8s/6m00.0s

running (0m18.8s), 251/400 VUs, 16739 complete and 0 interrupted iterations
default   [   5% ] 251/400 VUs  0m18.8s/6m00.0s

running (0m19.8s), 264/400 VUs, 17732 complete and 0 interrupted iterations
default   [   6% ] 264/400 VUs  0m19.8s/6m00.0s

running (0m20.8s), 278/400 VUs, 18719 complete and 0 interrupted iterations
default   [   6% ] 278/400 VUs  0m20.8s/6m00.0s

running (0m21.8s), 291/400 VUs, 19711 complete and 0 interrupted iterations
default   [   6% ] 291/400 VUs  0m21.8s/6m00.0s

running (0m22.8s), 304/400 VUs, 20695 complete and 0 interrupted iterations
default   [   6% ] 304/400 VUs  0m22.8s/6m00.0s

running (0m23.8s), 317/400 VUs, 21682 complete and 0 interrupted iterations
default   [   7% ] 317/400 VUs  0m23.8s/6m00.0s

running (0m24.8s), 331/400 VUs, 22671 complete and 0 interrupted iterations
default   [   7% ] 331/400 VUs  0m24.8s/6m00.0s

running (0m25.8s), 344/400 VUs, 23669 complete and 0 interrupted iterations
default   [   7% ] 344/400 VUs  0m25.8s/6m00.0s

running (0m26.8s), 357/400 VUs, 24647 complete and 0 interrupted iterations
default   [   7% ] 357/400 VUs  0m26.8s/6m00.0s

running (0m27.8s), 371/400 VUs, 25632 complete and 0 interrupted iterations
default   [   8% ] 371/400 VUs  0m27.8s/6m00.0s

running (0m28.8s), 384/400 VUs, 26626 complete and 0 interrupted iterations
default   [   8% ] 384/400 VUs  0m28.8s/6m00.0s

running (0m29.8s), 397/400 VUs, 27597 complete and 0 interrupted iterations
default   [   8% ] 397/400 VUs  0m29.8s/6m00.0s

running (0m30.8s), 400/400 VUs, 28582 complete and 0 interrupted iterations
default   [   9% ] 400/400 VUs  0m30.8s/6m00.0s

running (0m31.8s), 400/400 VUs, 29555 complete and 0 interrupted iterations
default   [   9% ] 400/400 VUs  0m31.8s/6m00.0s

running (0m32.8s), 400/400 VUs, 30547 complete and 0 interrupted iterations
default   [   9% ] 400/400 VUs  0m32.8s/6m00.0s

running (0m33.8s), 400/400 VUs, 31534 complete and 0 interrupted iterations
default   [   9% ] 400/400 VUs  0m33.8s/6m00.0s

running (0m34.8s), 400/400 VUs, 32519 complete and 0 interrupted iterations
default   [  10% ] 400/400 VUs  0m34.8s/6m00.0s

running (0m35.8s), 400/400 VUs, 33497 complete and 0 interrupted iterations
default   [  10% ] 400/400 VUs  0m35.8s/6m00.0s

running (0m36.8s), 400/400 VUs, 34491 complete and 0 interrupted iterations
default   [  10% ] 400/400 VUs  0m36.8s/6m00.0s

running (0m37.8s), 400/400 VUs, 35468 complete and 0 interrupted iterations
default   [  11% ] 400/400 VUs  0m37.8s/6m00.0s

running (0m38.8s), 400/400 VUs, 36447 complete and 0 interrupted iterations
default   [  11% ] 400/400 VUs  0m38.8s/6m00.0s

running (0m39.8s), 400/400 VUs, 37447 complete and 0 interrupted iterations
default   [  11% ] 400/400 VUs  0m39.8s/6m00.0s

running (0m40.8s), 400/400 VUs, 38444 complete and 0 interrupted iterations
default   [  11% ] 400/400 VUs  0m40.8s/6m00.0s

running (0m41.8s), 400/400 VUs, 39397 complete and 0 interrupted iterations
default   [  12% ] 400/400 VUs  0m41.8s/6m00.0s

running (0m42.8s), 400/400 VUs, 40397 complete and 0 interrupted iterations
default   [  12% ] 400/400 VUs  0m42.8s/6m00.0s

running (0m43.8s), 400/400 VUs, 41379 complete and 0 interrupted iterations
default   [  12% ] 400/400 VUs  0m43.8s/6m00.0s

running (0m44.8s), 400/400 VUs, 42356 complete and 0 interrupted iterations
default   [  12% ] 400/400 VUs  0m44.8s/6m00.0s

running (0m45.8s), 400/400 VUs, 43347 complete and 0 interrupted iterations
default   [  13% ] 400/400 VUs  0m45.8s/6m00.0s

running (0m46.8s), 400/400 VUs, 44347 complete and 0 interrupted iterations
default   [  13% ] 400/400 VUs  0m46.8s/6m00.0s

running (0m47.8s), 400/400 VUs, 45309 complete and 0 interrupted iterations
default   [  13% ] 400/400 VUs  0m47.8s/6m00.0s

running (0m48.8s), 400/400 VUs, 46297 complete and 0 interrupted iterations
default   [  14% ] 400/400 VUs  0m48.8s/6m00.0s

running (0m49.8s), 400/400 VUs, 47297 complete and 0 interrupted iterations
default   [  14% ] 400/400 VUs  0m49.8s/6m00.0s

running (0m50.8s), 400/400 VUs, 48286 complete and 0 interrupted iterations
default   [  14% ] 400/400 VUs  0m50.8s/6m00.0s

running (0m51.8s), 400/400 VUs, 49247 complete and 0 interrupted iterations
default   [  14% ] 400/400 VUs  0m51.8s/6m00.0s

running (0m52.8s), 400/400 VUs, 50247 complete and 0 interrupted iterations
default   [  15% ] 400/400 VUs  0m52.8s/6m00.0s

running (0m53.8s), 400/400 VUs, 51229 complete and 0 interrupted iterations
default   [  15% ] 400/400 VUs  0m53.8s/6m00.0s

running (0m54.8s), 400/400 VUs, 52197 complete and 0 interrupted iterations
default   [  15% ] 400/400 VUs  0m54.8s/6m00.0s

running (0m55.8s), 400/400 VUs, 53197 complete and 0 interrupted iterations
default   [  16% ] 400/400 VUs  0m55.8s/6m00.0s

running (0m56.8s), 400/400 VUs, 54197 complete and 0 interrupted iterations
default   [  16% ] 400/400 VUs  0m56.8s/6m00.0s

running (0m57.8s), 400/400 VUs, 55147 complete and 0 interrupted iterations
default   [  16% ] 400/400 VUs  0m57.8s/6m00.0s

running (0m58.8s), 400/400 VUs, 56147 complete and 0 interrupted iterations
default   [  16% ] 400/400 VUs  0m58.8s/6m00.0s

running (0m59.8s), 400/400 VUs, 57139 complete and 0 interrupted iterations
default   [  17% ] 400/400 VUs  0m59.8s/6m00.0s

running (1m00.8s), 400/400 VUs, 58097 complete and 0 interrupted iterations
default   [  17% ] 400/400 VUs  1m00.8s/6m00.0s

running (1m01.8s), 400/400 VUs, 59097 complete and 0 interrupted iterations
default   [  17% ] 400/400 VUs  1m01.8s/6m00.0s

running (1m02.8s), 400/400 VUs, 60097 complete and 0 interrupted iterations
default   [  17% ] 400/400 VUs  1m02.8s/6m00.0s

running (1m03.8s), 400/400 VUs, 61064 complete and 0 interrupted iterations
default   [  18% ] 400/400 VUs  1m03.8s/6m00.0s

running (1m04.8s), 400/400 VUs, 62047 complete and 0 interrupted iterations
default   [  18% ] 400/400 VUs  1m04.8s/6m00.0s

running (1m05.8s), 400/400 VUs, 63047 complete and 0 interrupted iterations
default   [  18% ] 400/400 VUs  1m05.8s/6m00.0s

running (1m06.8s), 400/400 VUs, 64002 complete and 0 interrupted iterations
default   [  19% ] 400/400 VUs  1m06.8s/6m00.0s

running (1m07.8s), 400/400 VUs, 64997 complete and 0 interrupted iterations
default   [  19% ] 400/400 VUs  1m07.8s/6m00.0s

running (1m08.8s), 400/400 VUs, 65979 complete and 0 interrupted iterations
default   [  19% ] 400/400 VUs  1m08.8s/6m00.0s

running (1m09.8s), 400/400 VUs, 66956 complete and 0 interrupted iterations
default   [  19% ] 400/400 VUs  1m09.8s/6m00.0s

running (1m10.8s), 400/400 VUs, 67947 complete and 0 interrupted iterations
default   [  20% ] 400/400 VUs  1m10.8s/6m00.0s

running (1m11.8s), 400/400 VUs, 68947 complete and 0 interrupted iterations
default   [  20% ] 400/400 VUs  1m11.8s/6m00.0s

running (1m12.8s), 400/400 VUs, 69934 complete and 0 interrupted iterations
default   [  20% ] 400/400 VUs  1m12.8s/6m00.0s

running (1m13.8s), 400/400 VUs, 70897 complete and 0 interrupted iterations
default   [  21% ] 400/400 VUs  1m13.8s/6m00.0s

running (1m14.8s), 400/400 VUs, 71897 complete and 0 interrupted iterations
default   [  21% ] 400/400 VUs  1m14.8s/6m00.0s

running (1m15.8s), 400/400 VUs, 72897 complete and 0 interrupted iterations
default   [  21% ] 400/400 VUs  1m15.8s/6m00.0s

running (1m16.8s), 400/400 VUs, 73847 complete and 0 interrupted iterations
default   [  21% ] 400/400 VUs  1m16.8s/6m00.0s

running (1m17.8s), 400/400 VUs, 74847 complete and 0 interrupted iterations
default   [  22% ] 400/400 VUs  1m17.8s/6m00.0s

running (1m18.8s), 400/400 VUs, 75847 complete and 0 interrupted iterations
default   [  22% ] 400/400 VUs  1m18.8s/6m00.0s

running (1m19.8s), 400/400 VUs, 76813 complete and 0 interrupted iterations
default   [  22% ] 400/400 VUs  1m19.8s/6m00.0s

running (1m20.8s), 400/400 VUs, 77797 complete and 0 interrupted iterations
default   [  22% ] 400/400 VUs  1m20.8s/6m00.0s

running (1m21.8s), 400/400 VUs, 78797 complete and 0 interrupted iterations
default   [  23% ] 400/400 VUs  1m21.8s/6m00.0s

running (1m22.8s), 400/400 VUs, 79797 complete and 0 interrupted iterations
default   [  23% ] 400/400 VUs  1m22.8s/6m00.0s

running (1m23.8s), 400/400 VUs, 80747 complete and 0 interrupted iterations
default   [  23% ] 400/400 VUs  1m23.8s/6m00.0s

running (1m24.8s), 400/400 VUs, 81747 complete and 0 interrupted iterations
default   [  24% ] 400/400 VUs  1m24.8s/6m00.0s

running (1m25.8s), 400/400 VUs, 82742 complete and 0 interrupted iterations
default   [  24% ] 400/400 VUs  1m25.8s/6m00.0s

running (1m26.8s), 400/400 VUs, 83699 complete and 0 interrupted iterations
default   [  24% ] 400/400 VUs  1m26.8s/6m00.0s

running (1m27.8s), 400/400 VUs, 84697 complete and 0 interrupted iterations
default   [  24% ] 400/400 VUs  1m27.8s/6m00.0s

running (1m28.8s), 400/400 VUs, 85697 complete and 0 interrupted iterations
default   [  25% ] 400/400 VUs  1m28.8s/6m00.0s

running (1m29.8s), 400/400 VUs, 86647 complete and 0 interrupted iterations
default   [  25% ] 400/400 VUs  1m29.8s/6m00.0s

running (1m30.8s), 400/400 VUs, 87647 complete and 0 interrupted iterations
default   [  25% ] 400/400 VUs  1m30.8s/6m00.0s

running (1m31.8s), 400/400 VUs, 88631 complete and 0 interrupted iterations
default   [  26% ] 400/400 VUs  1m31.8s/6m00.0s

running (1m32.8s), 400/400 VUs, 89598 complete and 0 interrupted iterations
default   [  26% ] 400/400 VUs  1m32.8s/6m00.0s

running (1m33.8s), 400/400 VUs, 90597 complete and 0 interrupted iterations
default   [  26% ] 400/400 VUs  1m33.8s/6m00.0s

running (1m34.8s), 400/400 VUs, 91597 complete and 0 interrupted iterations
default   [  26% ] 400/400 VUs  1m34.8s/6m00.0s

running (1m35.8s), 400/400 VUs, 92558 complete and 0 interrupted iterations
default   [  27% ] 400/400 VUs  1m35.8s/6m00.0s

running (1m36.8s), 400/400 VUs, 93548 complete and 0 interrupted iterations
default   [  27% ] 400/400 VUs  1m36.8s/6m00.0s

running (1m37.8s), 400/400 VUs, 94547 complete and 0 interrupted iterations
default   [  27% ] 400/400 VUs  1m37.8s/6m00.0s

running (1m38.8s), 400/400 VUs, 95547 complete and 0 interrupted iterations
default   [  27% ] 400/400 VUs  1m38.8s/6m00.0s

running (1m39.8s), 400/400 VUs, 96516 complete and 0 interrupted iterations
default   [  28% ] 400/400 VUs  1m39.8s/6m00.0s

running (1m40.8s), 400/400 VUs, 97498 complete and 0 interrupted iterations
default   [  28% ] 400/400 VUs  1m40.8s/6m00.0s

running (1m41.8s), 400/400 VUs, 98498 complete and 0 interrupted iterations
default   [  28% ] 400/400 VUs  1m41.8s/6m00.0s

running (1m42.8s), 400/400 VUs, 99484 complete and 0 interrupted iterations
default   [  29% ] 400/400 VUs  1m42.8s/6m00.0s

running (1m43.8s), 400/400 VUs, 100477 complete and 0 interrupted iterations
default   [  29% ] 400/400 VUs  1m43.8s/6m00.0s

running (1m44.8s), 400/400 VUs, 101448 complete and 0 interrupted iterations
default   [  29% ] 400/400 VUs  1m44.8s/6m00.0s

running (1m45.8s), 400/400 VUs, 102448 complete and 0 interrupted iterations
default   [  29% ] 400/400 VUs  1m45.8s/6m00.0s

running (1m46.8s), 400/400 VUs, 103437 complete and 0 interrupted iterations
default   [  30% ] 400/400 VUs  1m46.8s/6m00.0s

running (1m47.8s), 400/400 VUs, 104427 complete and 0 interrupted iterations
default   [  30% ] 400/400 VUs  1m47.8s/6m00.0s

running (1m48.8s), 400/400 VUs, 105406 complete and 0 interrupted iterations
default   [  30% ] 400/400 VUs  1m48.8s/6m00.0s

running (1m49.8s), 400/400 VUs, 106398 complete and 0 interrupted iterations
default   [  31% ] 400/400 VUs  1m49.8s/6m00.0s

running (1m50.8s), 400/400 VUs, 107393 complete and 0 interrupted iterations
default   [  31% ] 400/400 VUs  1m50.8s/6m00.0s

running (1m51.8s), 400/400 VUs, 108379 complete and 0 interrupted iterations
default   [  31% ] 400/400 VUs  1m51.8s/6m00.0s

running (1m52.8s), 400/400 VUs, 109368 complete and 0 interrupted iterations
default   [  31% ] 400/400 VUs  1m52.8s/6m00.0s

running (1m53.8s), 400/400 VUs, 110351 complete and 0 interrupted iterations
default   [  32% ] 400/400 VUs  1m53.8s/6m00.0s

running (1m54.8s), 400/400 VUs, 111341 complete and 0 interrupted iterations
default   [  32% ] 400/400 VUs  1m54.8s/6m00.0s

running (1m55.8s), 400/400 VUs, 112331 complete and 0 interrupted iterations
default   [  32% ] 400/400 VUs  1m55.8s/6m00.0s

running (1m56.8s), 400/400 VUs, 113323 complete and 0 interrupted iterations
default   [  32% ] 400/400 VUs  1m56.8s/6m00.0s

running (1m57.8s), 400/400 VUs, 114302 complete and 0 interrupted iterations
default   [  33% ] 400/400 VUs  1m57.8s/6m00.0s

running (1m58.8s), 400/400 VUs, 115293 complete and 0 interrupted iterations
default   [  33% ] 400/400 VUs  1m58.8s/6m00.0s

running (1m59.8s), 400/400 VUs, 116281 complete and 0 interrupted iterations
default   [  33% ] 400/400 VUs  1m59.8s/6m00.0s

running (2m00.8s), 400/400 VUs, 117276 complete and 0 interrupted iterations
default   [  34% ] 400/400 VUs  2m00.8s/6m00.0s

running (2m01.8s), 400/400 VUs, 118257 complete and 0 interrupted iterations
default   [  34% ] 400/400 VUs  2m01.8s/6m00.0s

running (2m02.8s), 400/400 VUs, 119251 complete and 0 interrupted iterations
default   [  34% ] 400/400 VUs  2m02.8s/6m00.0s

running (2m03.8s), 400/400 VUs, 120231 complete and 0 interrupted iterations
default   [  34% ] 400/400 VUs  2m03.8s/6m00.0s

running (2m04.8s), 400/400 VUs, 121231 complete and 0 interrupted iterations
default   [  35% ] 400/400 VUs  2m04.8s/6m00.0s

running (2m05.8s), 400/400 VUs, 122214 complete and 0 interrupted iterations
default   [  35% ] 400/400 VUs  2m05.8s/6m00.0s

running (2m06.8s), 400/400 VUs, 123205 complete and 0 interrupted iterations
default   [  35% ] 400/400 VUs  2m06.8s/6m00.0s

running (2m07.8s), 400/400 VUs, 124181 complete and 0 interrupted iterations
default   [  36% ] 400/400 VUs  2m07.8s/6m00.0s

running (2m08.8s), 400/400 VUs, 125181 complete and 0 interrupted iterations
default   [  36% ] 400/400 VUs  2m08.8s/6m00.0s

running (2m09.8s), 400/400 VUs, 126166 complete and 0 interrupted iterations
default   [  36% ] 400/400 VUs  2m09.8s/6m00.0s

running (2m10.8s), 400/400 VUs, 127155 complete and 0 interrupted iterations
default   [  36% ] 400/400 VUs  2m10.8s/6m00.0s

running (2m11.8s), 400/400 VUs, 128131 complete and 0 interrupted iterations
default   [  37% ] 400/400 VUs  2m11.8s/6m00.0s

running (2m12.8s), 400/400 VUs, 129131 complete and 0 interrupted iterations
default   [  37% ] 400/400 VUs  2m12.8s/6m00.0s

running (2m13.8s), 400/400 VUs, 130119 complete and 0 interrupted iterations
default   [  37% ] 400/400 VUs  2m13.8s/6m00.0s

running (2m14.8s), 400/400 VUs, 131101 complete and 0 interrupted iterations
default   [  37% ] 400/400 VUs  2m14.8s/6m00.0s

running (2m15.8s), 400/400 VUs, 132081 complete and 0 interrupted iterations
default   [  38% ] 400/400 VUs  2m15.8s/6m00.0s

running (2m16.8s), 400/400 VUs, 133081 complete and 0 interrupted iterations
default   [  38% ] 400/400 VUs  2m16.8s/6m00.0s

running (2m17.8s), 400/400 VUs, 134061 complete and 0 interrupted iterations
default   [  38% ] 400/400 VUs  2m17.8s/6m00.0s

running (2m18.8s), 400/400 VUs, 135031 complete and 0 interrupted iterations
default   [  39% ] 400/400 VUs  2m18.8s/6m00.0s

running (2m19.8s), 400/400 VUs, 136031 complete and 0 interrupted iterations
default   [  39% ] 400/400 VUs  2m19.8s/6m00.0s

running (2m20.8s), 400/400 VUs, 137031 complete and 0 interrupted iterations
default   [  39% ] 400/400 VUs  2m20.8s/6m00.0s

running (2m21.8s), 400/400 VUs, 137991 complete and 0 interrupted iterations
default   [  39% ] 400/400 VUs  2m21.8s/6m00.0s

running (2m22.8s), 400/400 VUs, 138981 complete and 0 interrupted iterations
default   [  40% ] 400/400 VUs  2m22.8s/6m00.0s

running (2m23.8s), 400/400 VUs, 139981 complete and 0 interrupted iterations
default   [  40% ] 400/400 VUs  2m23.8s/6m00.0s

running (2m24.8s), 400/400 VUs, 140956 complete and 0 interrupted iterations
default   [  40% ] 400/400 VUs  2m24.8s/6m00.0s

running (2m25.8s), 400/400 VUs, 141931 complete and 0 interrupted iterations
default   [  41% ] 400/400 VUs  2m25.8s/6m00.0s

running (2m26.8s), 400/400 VUs, 142931 complete and 0 interrupted iterations
default   [  41% ] 400/400 VUs  2m26.8s/6m00.0s

running (2m27.8s), 400/400 VUs, 143927 complete and 0 interrupted iterations
default   [  41% ] 400/400 VUs  2m27.8s/6m00.0s

running (2m28.8s), 400/400 VUs, 144881 complete and 0 interrupted iterations
default   [  41% ] 400/400 VUs  2m28.8s/6m00.0s

running (2m29.8s), 400/400 VUs, 145881 complete and 0 interrupted iterations
default   [  42% ] 400/400 VUs  2m29.8s/6m00.0s

running (2m30.8s), 400/400 VUs, 146849 complete and 0 interrupted iterations
default   [  42% ] 400/400 VUs  2m30.8s/6m00.0s

running (2m31.8s), 400/400 VUs, 147831 complete and 0 interrupted iterations
default   [  42% ] 400/400 VUs  2m31.8s/6m00.0s

running (2m32.8s), 400/400 VUs, 148831 complete and 0 interrupted iterations
default   [  42% ] 400/400 VUs  2m32.8s/6m00.0s

running (2m33.8s), 400/400 VUs, 149822 complete and 0 interrupted iterations
default   [  43% ] 400/400 VUs  2m33.8s/6m00.0s

running (2m34.8s), 400/400 VUs, 150781 complete and 0 interrupted iterations
default   [  43% ] 400/400 VUs  2m34.8s/6m00.0s

running (2m35.8s), 400/400 VUs, 151781 complete and 0 interrupted iterations
default   [  43% ] 400/400 VUs  2m35.8s/6m00.0s

running (2m36.8s), 400/400 VUs, 152773 complete and 0 interrupted iterations
default   [  44% ] 400/400 VUs  2m36.8s/6m00.0s

running (2m37.8s), 400/400 VUs, 153731 complete and 0 interrupted iterations
default   [  44% ] 400/400 VUs  2m37.8s/6m00.0s

running (2m38.8s), 400/400 VUs, 154731 complete and 0 interrupted iterations
default   [  44% ] 400/400 VUs  2m38.8s/6m00.0s

running (2m39.8s), 400/400 VUs, 155731 complete and 0 interrupted iterations
default   [  44% ] 400/400 VUs  2m39.8s/6m00.0s

running (2m40.8s), 400/400 VUs, 156709 complete and 0 interrupted iterations
default   [  45% ] 400/400 VUs  2m40.8s/6m00.0s

running (2m41.8s), 400/400 VUs, 157681 complete and 0 interrupted iterations
default   [  45% ] 400/400 VUs  2m41.8s/6m00.0s

running (2m42.8s), 400/400 VUs, 158681 complete and 0 interrupted iterations
default   [  45% ] 400/400 VUs  2m42.8s/6m00.0s

running (2m43.8s), 400/400 VUs, 159681 complete and 0 interrupted iterations
default   [  46% ] 400/400 VUs  2m43.8s/6m00.0s

running (2m44.8s), 400/400 VUs, 160646 complete and 0 interrupted iterations
default   [  46% ] 400/400 VUs  2m44.8s/6m00.0s

running (2m45.8s), 400/400 VUs, 161631 complete and 0 interrupted iterations
default   [  46% ] 400/400 VUs  2m45.8s/6m00.0s

running (2m46.8s), 400/400 VUs, 162631 complete and 0 interrupted iterations
default   [  46% ] 400/400 VUs  2m46.8s/6m00.0s

running (2m47.8s), 400/400 VUs, 163617 complete and 0 interrupted iterations
default   [  47% ] 400/400 VUs  2m47.8s/6m00.0s

running (2m48.8s), 400/400 VUs, 164581 complete and 0 interrupted iterations
default   [  47% ] 400/400 VUs  2m48.8s/6m00.0s

running (2m49.8s), 400/400 VUs, 165581 complete and 0 interrupted iterations
default   [  47% ] 400/400 VUs  2m49.8s/6m00.0s

running (2m50.8s), 400/400 VUs, 166560 complete and 0 interrupted iterations
default   [  47% ] 400/400 VUs  2m50.8s/6m00.0s

running (2m51.8s), 400/400 VUs, 167550 complete and 0 interrupted iterations
default   [  48% ] 400/400 VUs  2m51.8s/6m00.0s

running (2m52.8s), 400/400 VUs, 168531 complete and 0 interrupted iterations
default   [  48% ] 400/400 VUs  2m52.8s/6m00.0s

running (2m53.8s), 400/400 VUs, 169531 complete and 0 interrupted iterations
default   [  48% ] 400/400 VUs  2m53.8s/6m00.0s

running (2m54.8s), 400/400 VUs, 170531 complete and 0 interrupted iterations
default   [  49% ] 400/400 VUs  2m54.8s/6m00.0s

running (2m55.8s), 400/400 VUs, 171481 complete and 0 interrupted iterations
default   [  49% ] 400/400 VUs  2m55.8s/6m00.0s

running (2m56.8s), 400/400 VUs, 172481 complete and 0 interrupted iterations
default   [  49% ] 400/400 VUs  2m56.8s/6m00.0s

running (2m57.8s), 400/400 VUs, 173481 complete and 0 interrupted iterations
default   [  49% ] 400/400 VUs  2m57.8s/6m00.0s

running (2m58.8s), 400/400 VUs, 174435 complete and 0 interrupted iterations
default   [  50% ] 400/400 VUs  2m58.8s/6m00.0s

running (2m59.8s), 400/400 VUs, 175431 complete and 0 interrupted iterations
default   [  50% ] 400/400 VUs  2m59.8s/6m00.0s

running (3m00.8s), 400/400 VUs, 176431 complete and 0 interrupted iterations
default   [  50% ] 400/400 VUs  3m00.8s/6m00.0s

running (3m01.8s), 400/400 VUs, 177407 complete and 0 interrupted iterations
default   [  51% ] 400/400 VUs  3m01.8s/6m00.0s

running (3m02.8s), 400/400 VUs, 178381 complete and 0 interrupted iterations
default   [  51% ] 400/400 VUs  3m02.8s/6m00.0s

running (3m03.8s), 400/400 VUs, 179381 complete and 0 interrupted iterations
default   [  51% ] 400/400 VUs  3m03.8s/6m00.0s

running (3m04.8s), 400/400 VUs, 180381 complete and 0 interrupted iterations
default   [  51% ] 400/400 VUs  3m04.8s/6m00.0s

running (3m05.8s), 400/400 VUs, 181331 complete and 0 interrupted iterations
default   [  52% ] 400/400 VUs  3m05.8s/6m00.0s

running (3m06.8s), 400/400 VUs, 182331 complete and 0 interrupted iterations
default   [  52% ] 400/400 VUs  3m06.8s/6m00.0s

running (3m07.8s), 400/400 VUs, 183314 complete and 0 interrupted iterations
default   [  52% ] 400/400 VUs  3m07.8s/6m00.0s

running (3m08.8s), 400/400 VUs, 184281 complete and 0 interrupted iterations
default   [  52% ] 400/400 VUs  3m08.8s/6m00.0s

running (3m09.8s), 400/400 VUs, 185281 complete and 0 interrupted iterations
default   [  53% ] 400/400 VUs  3m09.8s/6m00.0s

running (3m10.8s), 400/400 VUs, 186280 complete and 0 interrupted iterations
default   [  53% ] 400/400 VUs  3m10.8s/6m00.0s

running (3m11.8s), 400/400 VUs, 187231 complete and 0 interrupted iterations
default   [  53% ] 400/400 VUs  3m11.8s/6m00.0s

running (3m12.8s), 400/400 VUs, 188231 complete and 0 interrupted iterations
default   [  54% ] 400/400 VUs  3m12.8s/6m00.0s

running (3m13.8s), 400/400 VUs, 189231 complete and 0 interrupted iterations
default   [  54% ] 400/400 VUs  3m13.8s/6m00.0s

running (3m14.8s), 400/400 VUs, 190181 complete and 0 interrupted iterations
default   [  54% ] 400/400 VUs  3m14.8s/6m00.0s

running (3m15.8s), 400/400 VUs, 191181 complete and 0 interrupted iterations
default   [  54% ] 400/400 VUs  3m15.8s/6m00.0s

running (3m16.8s), 400/400 VUs, 192147 complete and 0 interrupted iterations
default   [  55% ] 400/400 VUs  3m16.8s/6m00.0s

running (3m17.8s), 400/400 VUs, 193131 complete and 0 interrupted iterations
default   [  55% ] 400/400 VUs  3m17.8s/6m00.0s

running (3m18.8s), 400/400 VUs, 194131 complete and 0 interrupted iterations
default   [  55% ] 400/400 VUs  3m18.8s/6m00.0s

running (3m19.8s), 400/400 VUs, 195130 complete and 0 interrupted iterations
default   [  56% ] 400/400 VUs  3m19.8s/6m00.0s

running (3m20.8s), 400/400 VUs, 196081 complete and 0 interrupted iterations
default   [  56% ] 400/400 VUs  3m20.8s/6m00.0s

running (3m21.8s), 400/400 VUs, 197081 complete and 0 interrupted iterations
default   [  56% ] 400/400 VUs  3m21.8s/6m00.0s

running (3m22.8s), 400/400 VUs, 198081 complete and 0 interrupted iterations
default   [  56% ] 400/400 VUs  3m22.8s/6m00.0s

running (3m23.8s), 400/400 VUs, 199052 complete and 0 interrupted iterations
default   [  57% ] 400/400 VUs  3m23.8s/6m00.0s

running (3m24.8s), 400/400 VUs, 200031 complete and 0 interrupted iterations
default   [  57% ] 400/400 VUs  3m24.8s/6m00.0s

running (3m25.8s), 400/400 VUs, 201031 complete and 0 interrupted iterations
default   [  57% ] 400/400 VUs  3m25.8s/6m00.0s

running (3m26.8s), 400/400 VUs, 202030 complete and 0 interrupted iterations
default   [  57% ] 400/400 VUs  3m26.8s/6m00.0s

running (3m27.8s), 400/400 VUs, 202981 complete and 0 interrupted iterations
default   [  58% ] 400/400 VUs  3m27.8s/6m00.0s

running (3m28.8s), 400/400 VUs, 203981 complete and 0 interrupted iterations
default   [  58% ] 400/400 VUs  3m28.8s/6m00.0s

running (3m29.8s), 400/400 VUs, 204981 complete and 0 interrupted iterations
default   [  58% ] 400/400 VUs  3m29.8s/6m00.0s

running (3m30.8s), 400/400 VUs, 205931 complete and 0 interrupted iterations
default   [  59% ] 400/400 VUs  3m30.8s/6m00.0s

running (3m31.8s), 400/400 VUs, 206931 complete and 0 interrupted iterations
default   [  59% ] 400/400 VUs  3m31.8s/6m00.0s

running (3m32.8s), 400/400 VUs, 207900 complete and 0 interrupted iterations
default   [  59% ] 400/400 VUs  3m32.8s/6m00.0s

running (3m33.8s), 400/400 VUs, 208881 complete and 0 interrupted iterations
default   [  59% ] 400/400 VUs  3m33.8s/6m00.0s

running (3m34.8s), 400/400 VUs, 209881 complete and 0 interrupted iterations
default   [  60% ] 400/400 VUs  3m34.8s/6m00.0s

running (3m35.8s), 400/400 VUs, 210868 complete and 0 interrupted iterations
default   [  60% ] 400/400 VUs  3m35.8s/6m00.0s

running (3m36.8s), 400/400 VUs, 211831 complete and 0 interrupted iterations
default   [  60% ] 400/400 VUs  3m36.8s/6m00.0s

running (3m37.8s), 400/400 VUs, 212831 complete and 0 interrupted iterations
default   [  61% ] 400/400 VUs  3m37.8s/6m00.0s

running (3m38.8s), 400/400 VUs, 213831 complete and 0 interrupted iterations
default   [  61% ] 400/400 VUs  3m38.8s/6m00.0s

running (3m39.8s), 400/400 VUs, 214801 complete and 0 interrupted iterations
default   [  61% ] 400/400 VUs  3m39.8s/6m00.0s

running (3m40.8s), 400/400 VUs, 215781 complete and 0 interrupted iterations
default   [  61% ] 400/400 VUs  3m40.8s/6m00.0s

running (3m41.8s), 400/400 VUs, 216781 complete and 0 interrupted iterations
default   [  62% ] 400/400 VUs  3m41.8s/6m00.0s

running (3m42.8s), 400/400 VUs, 217781 complete and 0 interrupted iterations
default   [  62% ] 400/400 VUs  3m42.8s/6m00.0s

running (3m43.8s), 400/400 VUs, 218744 complete and 0 interrupted iterations
default   [  62% ] 400/400 VUs  3m43.8s/6m00.0s

running (3m44.8s), 400/400 VUs, 219731 complete and 0 interrupted iterations
default   [  62% ] 400/400 VUs  3m44.8s/6m00.0s

running (3m45.8s), 400/400 VUs, 220731 complete and 0 interrupted iterations
default   [  63% ] 400/400 VUs  3m45.8s/6m00.0s

running (3m46.8s), 400/400 VUs, 221696 complete and 0 interrupted iterations
default   [  63% ] 400/400 VUs  3m46.8s/6m00.0s

running (3m47.8s), 400/400 VUs, 222681 complete and 0 interrupted iterations
default   [  63% ] 400/400 VUs  3m47.8s/6m00.0s

running (3m48.8s), 400/400 VUs, 223681 complete and 0 interrupted iterations
default   [  64% ] 400/400 VUs  3m48.8s/6m00.0s

running (3m49.8s), 400/400 VUs, 224673 complete and 0 interrupted iterations
default   [  64% ] 400/400 VUs  3m49.8s/6m00.0s

running (3m50.8s), 400/400 VUs, 225634 complete and 0 interrupted iterations
default   [  64% ] 400/400 VUs  3m50.8s/6m00.0s

running (3m51.8s), 400/400 VUs, 226631 complete and 0 interrupted iterations
default   [  64% ] 400/400 VUs  3m51.8s/6m00.0s

running (3m52.8s), 400/400 VUs, 227631 complete and 0 interrupted iterations
default   [  65% ] 400/400 VUs  3m52.8s/6m00.0s

running (3m53.8s), 400/400 VUs, 228629 complete and 0 interrupted iterations
default   [  65% ] 400/400 VUs  3m53.8s/6m00.0s

running (3m54.8s), 400/400 VUs, 229596 complete and 0 interrupted iterations
default   [  65% ] 400/400 VUs  3m54.8s/6m00.0s

running (3m55.8s), 400/400 VUs, 230581 complete and 0 interrupted iterations
default   [  66% ] 400/400 VUs  3m55.8s/6m00.0s

running (3m56.8s), 400/400 VUs, 231581 complete and 0 interrupted iterations
default   [  66% ] 400/400 VUs  3m56.8s/6m00.0s

running (3m57.8s), 400/400 VUs, 232546 complete and 0 interrupted iterations
default   [  66% ] 400/400 VUs  3m57.8s/6m00.0s

running (3m58.8s), 400/400 VUs, 233531 complete and 0 interrupted iterations
default   [  66% ] 400/400 VUs  3m58.8s/6m00.0s

running (3m59.8s), 400/400 VUs, 234531 complete and 0 interrupted iterations
default   [  67% ] 400/400 VUs  3m59.8s/6m00.0s

running (4m00.8s), 400/400 VUs, 235500 complete and 0 interrupted iterations
default   [  67% ] 400/400 VUs  4m00.8s/6m00.0s

running (4m01.8s), 400/400 VUs, 236481 complete and 0 interrupted iterations
default   [  67% ] 400/400 VUs  4m01.8s/6m00.0s

running (4m02.8s), 400/400 VUs, 237481 complete and 0 interrupted iterations
default   [  67% ] 400/400 VUs  4m02.8s/6m00.0s

running (4m03.8s), 400/400 VUs, 238481 complete and 0 interrupted iterations
default   [  68% ] 400/400 VUs  4m03.8s/6m00.0s

running (4m04.8s), 400/400 VUs, 239434 complete and 0 interrupted iterations
default   [  68% ] 400/400 VUs  4m04.8s/6m00.0s

running (4m05.8s), 400/400 VUs, 240431 complete and 0 interrupted iterations
default   [  68% ] 400/400 VUs  4m05.8s/6m00.0s

running (4m06.8s), 400/400 VUs, 241431 complete and 0 interrupted iterations
default   [  69% ] 400/400 VUs  4m06.8s/6m00.0s

running (4m07.8s), 400/400 VUs, 242399 complete and 0 interrupted iterations
default   [  69% ] 400/400 VUs  4m07.8s/6m00.0s

running (4m08.8s), 400/400 VUs, 243381 complete and 0 interrupted iterations
default   [  69% ] 400/400 VUs  4m08.8s/6m00.0s

running (4m09.8s), 400/400 VUs, 244381 complete and 0 interrupted iterations
default   [  69% ] 400/400 VUs  4m09.8s/6m00.0s

running (4m10.8s), 400/400 VUs, 245381 complete and 0 interrupted iterations
default   [  70% ] 400/400 VUs  4m10.8s/6m00.0s

running (4m11.8s), 400/400 VUs, 246331 complete and 0 interrupted iterations
default   [  70% ] 400/400 VUs  4m11.8s/6m00.0s

running (4m12.8s), 400/400 VUs, 247331 complete and 0 interrupted iterations
default   [  70% ] 400/400 VUs  4m12.8s/6m00.0s

running (4m13.8s), 400/400 VUs, 248331 complete and 0 interrupted iterations
default   [  71% ] 400/400 VUs  4m13.8s/6m00.0s

running (4m14.8s), 400/400 VUs, 249285 complete and 0 interrupted iterations
default   [  71% ] 400/400 VUs  4m14.8s/6m00.0s

running (4m15.8s), 400/400 VUs, 250281 complete and 0 interrupted iterations
default   [  71% ] 400/400 VUs  4m15.8s/6m00.0s

running (4m16.8s), 400/400 VUs, 251281 complete and 0 interrupted iterations
default   [  71% ] 400/400 VUs  4m16.8s/6m00.0s

running (4m17.8s), 400/400 VUs, 252239 complete and 0 interrupted iterations
default   [  72% ] 400/400 VUs  4m17.8s/6m00.0s

running (4m18.8s), 400/400 VUs, 253231 complete and 0 interrupted iterations
default   [  72% ] 400/400 VUs  4m18.8s/6m00.0s

running (4m19.8s), 400/400 VUs, 254231 complete and 0 interrupted iterations
default   [  72% ] 400/400 VUs  4m19.8s/6m00.0s

running (4m20.8s), 400/400 VUs, 255225 complete and 0 interrupted iterations
default   [  72% ] 400/400 VUs  4m20.8s/6m00.0s

running (4m21.8s), 400/400 VUs, 256181 complete and 0 interrupted iterations
default   [  73% ] 400/400 VUs  4m21.8s/6m00.0s

running (4m22.8s), 400/400 VUs, 257181 complete and 0 interrupted iterations
default   [  73% ] 400/400 VUs  4m22.8s/6m00.0s

running (4m23.8s), 400/400 VUs, 258181 complete and 0 interrupted iterations
default   [  73% ] 400/400 VUs  4m23.8s/6m00.0s

running (4m24.8s), 400/400 VUs, 259160 complete and 0 interrupted iterations
default   [  74% ] 400/400 VUs  4m24.8s/6m00.0s

running (4m25.8s), 400/400 VUs, 260131 complete and 0 interrupted iterations
default   [  74% ] 400/400 VUs  4m25.8s/6m00.0s

running (4m26.8s), 400/400 VUs, 261131 complete and 0 interrupted iterations
default   [  74% ] 400/400 VUs  4m26.8s/6m00.0s

running (4m27.8s), 400/400 VUs, 262108 complete and 0 interrupted iterations
default   [  74% ] 400/400 VUs  4m27.8s/6m00.0s

running (4m28.8s), 400/400 VUs, 263081 complete and 0 interrupted iterations
default   [  75% ] 400/400 VUs  4m28.8s/6m00.0s

running (4m29.8s), 400/400 VUs, 264081 complete and 0 interrupted iterations
default   [  75% ] 400/400 VUs  4m29.8s/6m00.0s

running (4m30.8s), 400/400 VUs, 265031 complete and 0 interrupted iterations
default   [  75% ] 400/400 VUs  4m30.8s/6m00.0s

running (4m31.8s), 400/400 VUs, 266031 complete and 0 interrupted iterations
default   [  76% ] 400/400 VUs  4m31.8s/6m00.0s

running (4m32.8s), 400/400 VUs, 267031 complete and 0 interrupted iterations
default   [  76% ] 400/400 VUs  4m32.8s/6m00.0s

running (4m33.8s), 400/400 VUs, 268016 complete and 0 interrupted iterations
default   [  76% ] 400/400 VUs  4m33.8s/6m00.0s

running (4m34.8s), 400/400 VUs, 268981 complete and 0 interrupted iterations
default   [  76% ] 400/400 VUs  4m34.8s/6m00.0s

running (4m35.8s), 400/400 VUs, 269981 complete and 0 interrupted iterations
default   [  77% ] 400/400 VUs  4m35.8s/6m00.0s

running (4m36.8s), 400/400 VUs, 270981 complete and 0 interrupted iterations
default   [  77% ] 400/400 VUs  4m36.8s/6m00.0s

running (4m37.8s), 400/400 VUs, 271931 complete and 0 interrupted iterations
default   [  77% ] 400/400 VUs  4m37.8s/6m00.0s

running (4m38.8s), 400/400 VUs, 272931 complete and 0 interrupted iterations
default   [  77% ] 400/400 VUs  4m38.8s/6m00.0s

running (4m39.8s), 400/400 VUs, 273931 complete and 0 interrupted iterations
default   [  78% ] 400/400 VUs  4m39.8s/6m00.0s

running (4m40.8s), 400/400 VUs, 274916 complete and 0 interrupted iterations
default   [  78% ] 400/400 VUs  4m40.8s/6m00.0s

running (4m41.8s), 400/400 VUs, 275882 complete and 0 interrupted iterations
default   [  78% ] 400/400 VUs  4m41.8s/6m00.0s

running (4m42.8s), 400/400 VUs, 276881 complete and 0 interrupted iterations
default   [  79% ] 400/400 VUs  4m42.8s/6m00.0s

running (4m43.8s), 400/400 VUs, 277881 complete and 0 interrupted iterations
default   [  79% ] 400/400 VUs  4m43.8s/6m00.0s

running (4m44.8s), 400/400 VUs, 278847 complete and 0 interrupted iterations
default   [  79% ] 400/400 VUs  4m44.8s/6m00.0s

running (4m45.8s), 400/400 VUs, 279831 complete and 0 interrupted iterations
default   [  79% ] 400/400 VUs  4m45.8s/6m00.0s

running (4m46.8s), 400/400 VUs, 280831 complete and 0 interrupted iterations
default   [  80% ] 400/400 VUs  4m46.8s/6m00.0s

running (4m47.8s), 400/400 VUs, 281818 complete and 0 interrupted iterations
default   [  80% ] 400/400 VUs  4m47.8s/6m00.0s

running (4m48.8s), 400/400 VUs, 282785 complete and 0 interrupted iterations
default   [  80% ] 400/400 VUs  4m48.8s/6m00.0s

running (4m49.8s), 400/400 VUs, 283781 complete and 0 interrupted iterations
default   [  81% ] 400/400 VUs  4m49.8s/6m00.0s

running (4m50.8s), 400/400 VUs, 284781 complete and 0 interrupted iterations
default   [  81% ] 400/400 VUs  4m50.8s/6m00.0s

running (4m51.8s), 400/400 VUs, 285770 complete and 0 interrupted iterations
default   [  81% ] 400/400 VUs  4m51.8s/6m00.0s

running (4m52.8s), 400/400 VUs, 286738 complete and 0 interrupted iterations
default   [  81% ] 400/400 VUs  4m52.8s/6m00.0s

running (4m53.8s), 400/400 VUs, 287731 complete and 0 interrupted iterations
default   [  82% ] 400/400 VUs  4m53.8s/6m00.0s

running (4m54.8s), 400/400 VUs, 288731 complete and 0 interrupted iterations
default   [  82% ] 400/400 VUs  4m54.8s/6m00.0s

running (4m55.8s), 400/400 VUs, 289708 complete and 0 interrupted iterations
default   [  82% ] 400/400 VUs  4m55.8s/6m00.0s

running (4m56.8s), 400/400 VUs, 290681 complete and 0 interrupted iterations
default   [  82% ] 400/400 VUs  4m56.8s/6m00.0s

running (4m57.8s), 400/400 VUs, 291681 complete and 0 interrupted iterations
default   [  83% ] 400/400 VUs  4m57.8s/6m00.0s

running (4m58.8s), 400/400 VUs, 292681 complete and 0 interrupted iterations
default   [  83% ] 400/400 VUs  4m58.8s/6m00.0s

running (4m59.8s), 400/400 VUs, 293677 complete and 0 interrupted iterations
default   [  83% ] 400/400 VUs  4m59.8s/6m00.0s

running (5m00.8s), 400/400 VUs, 294631 complete and 0 interrupted iterations
default   [  84% ] 400/400 VUs  5m00.8s/6m00.0s

running (5m01.8s), 400/400 VUs, 295631 complete and 0 interrupted iterations
default   [  84% ] 400/400 VUs  5m01.8s/6m00.0s

running (5m02.8s), 400/400 VUs, 296631 complete and 0 interrupted iterations
default   [  84% ] 400/400 VUs  5m02.8s/6m00.0s

running (5m03.8s), 400/400 VUs, 297617 complete and 0 interrupted iterations
default   [  84% ] 400/400 VUs  5m03.8s/6m00.0s

running (5m04.8s), 400/400 VUs, 298581 complete and 0 interrupted iterations
default   [  85% ] 400/400 VUs  5m04.8s/6m00.0s

running (5m05.8s), 400/400 VUs, 299581 complete and 0 interrupted iterations
default   [  85% ] 400/400 VUs  5m05.8s/6m00.0s

running (5m06.8s), 400/400 VUs, 300581 complete and 0 interrupted iterations
default   [  85% ] 400/400 VUs  5m06.8s/6m00.0s

running (5m07.8s), 400/400 VUs, 301542 complete and 0 interrupted iterations
default   [  86% ] 400/400 VUs  5m07.8s/6m00.0s

running (5m08.8s), 400/400 VUs, 302531 complete and 0 interrupted iterations
default   [  86% ] 400/400 VUs  5m08.8s/6m00.0s

running (5m09.8s), 400/400 VUs, 303531 complete and 0 interrupted iterations
default   [  86% ] 400/400 VUs  5m09.8s/6m00.0s

running (5m10.8s), 400/400 VUs, 304529 complete and 0 interrupted iterations
default   [  86% ] 400/400 VUs  5m10.8s/6m00.0s

running (5m11.8s), 400/400 VUs, 305481 complete and 0 interrupted iterations
default   [  87% ] 400/400 VUs  5m11.8s/6m00.0s

running (5m12.8s), 400/400 VUs, 306481 complete and 0 interrupted iterations
default   [  87% ] 400/400 VUs  5m12.8s/6m00.0s

running (5m13.8s), 400/400 VUs, 307481 complete and 0 interrupted iterations
default   [  87% ] 400/400 VUs  5m13.8s/6m00.0s

running (5m14.8s), 400/400 VUs, 308451 complete and 0 interrupted iterations
default   [  87% ] 400/400 VUs  5m14.8s/6m00.0s

running (5m15.8s), 400/400 VUs, 309431 complete and 0 interrupted iterations
default   [  88% ] 400/400 VUs  5m15.8s/6m00.0s

running (5m16.8s), 400/400 VUs, 310431 complete and 0 interrupted iterations
default   [  88% ] 400/400 VUs  5m16.8s/6m00.0s

running (5m17.8s), 400/400 VUs, 311410 complete and 0 interrupted iterations
default   [  88% ] 400/400 VUs  5m17.8s/6m00.0s

running (5m18.8s), 400/400 VUs, 312381 complete and 0 interrupted iterations
default   [  89% ] 400/400 VUs  5m18.8s/6m00.0s

running (5m19.8s), 400/400 VUs, 313381 complete and 0 interrupted iterations
default   [  89% ] 400/400 VUs  5m19.8s/6m00.0s

running (5m20.8s), 400/400 VUs, 314381 complete and 0 interrupted iterations
default   [  89% ] 400/400 VUs  5m20.8s/6m00.0s

running (5m21.8s), 400/400 VUs, 315357 complete and 0 interrupted iterations
default   [  89% ] 400/400 VUs  5m21.8s/6m00.0s

running (5m22.8s), 400/400 VUs, 316331 complete and 0 interrupted iterations
default   [  90% ] 400/400 VUs  5m22.8s/6m00.0s

running (5m23.8s), 400/400 VUs, 317331 complete and 0 interrupted iterations
default   [  90% ] 400/400 VUs  5m23.8s/6m00.0s

running (5m24.8s), 400/400 VUs, 318331 complete and 0 interrupted iterations
default   [  90% ] 400/400 VUs  5m24.8s/6m00.0s

running (5m25.8s), 400/400 VUs, 319321 complete and 0 interrupted iterations
default   [  91% ] 400/400 VUs  5m25.8s/6m00.0s

running (5m26.8s), 400/400 VUs, 320281 complete and 0 interrupted iterations
default   [  91% ] 400/400 VUs  5m26.8s/6m00.0s

running (5m27.8s), 400/400 VUs, 321281 complete and 0 interrupted iterations
default   [  91% ] 400/400 VUs  5m27.8s/6m00.0s

running (5m28.8s), 400/400 VUs, 322271 complete and 0 interrupted iterations
default   [  91% ] 400/400 VUs  5m28.8s/6m00.0s

running (5m29.8s), 400/400 VUs, 323231 complete and 0 interrupted iterations
default   [  92% ] 400/400 VUs  5m29.8s/6m00.0s

running (5m30.8s), 392/400 VUs, 324231 complete and 0 interrupted iterations
default   [  92% ] 392/400 VUs  5m30.8s/6m00.0s

running (5m31.8s), 379/400 VUs, 325190 complete and 0 interrupted iterations
default   [  92% ] 379/400 VUs  5m31.8s/6m00.0s

running (5m32.8s), 365/400 VUs, 326181 complete and 0 interrupted iterations
default   [  92% ] 365/400 VUs  5m32.8s/6m00.0s

running (5m33.8s), 352/400 VUs, 327181 complete and 0 interrupted iterations
default   [  93% ] 352/400 VUs  5m33.8s/6m00.0s

running (5m34.8s), 338/400 VUs, 328131 complete and 0 interrupted iterations
default   [  93% ] 338/400 VUs  5m34.8s/6m00.0s

running (5m35.8s), 324/400 VUs, 329131 complete and 0 interrupted iterations
default   [  93% ] 324/400 VUs  5m35.8s/6m00.0s

running (5m36.8s), 311/400 VUs, 330111 complete and 0 interrupted iterations
default   [  94% ] 311/400 VUs  5m36.8s/6m00.0s

running (5m37.8s), 299/400 VUs, 331081 complete and 0 interrupted iterations
default   [  94% ] 299/400 VUs  5m37.8s/6m00.0s

running (5m38.8s), 284/400 VUs, 332081 complete and 0 interrupted iterations
default   [  94% ] 284/400 VUs  5m38.8s/6m00.0s

running (5m39.8s), 272/400 VUs, 333080 complete and 0 interrupted iterations
default   [  94% ] 272/400 VUs  5m39.8s/6m00.0s

running (5m40.8s), 258/400 VUs, 334035 complete and 0 interrupted iterations
default   [  95% ] 258/400 VUs  5m40.8s/6m00.0s

running (5m41.8s), 245/400 VUs, 335031 complete and 0 interrupted iterations
default   [  95% ] 245/400 VUs  5m41.8s/6m00.0s

running (5m42.8s), 231/400 VUs, 336031 complete and 0 interrupted iterations
default   [  95% ] 231/400 VUs  5m42.8s/6m00.0s

running (5m43.8s), 217/400 VUs, 337008 complete and 0 interrupted iterations
default   [  96% ] 217/400 VUs  5m43.8s/6m00.0s

running (5m44.8s), 204/400 VUs, 337981 complete and 0 interrupted iterations
default   [  96% ] 204/400 VUs  5m44.8s/6m00.0s

running (5m45.8s), 191/400 VUs, 338981 complete and 0 interrupted iterations
default   [  96% ] 191/400 VUs  5m45.8s/6m00.0s

running (5m46.8s), 178/400 VUs, 339960 complete and 0 interrupted iterations
default   [  96% ] 178/400 VUs  5m46.8s/6m00.0s

running (5m47.8s), 165/400 VUs, 340931 complete and 0 interrupted iterations
default   [  97% ] 165/400 VUs  5m47.8s/6m00.0s

running (5m48.8s), 151/400 VUs, 341931 complete and 0 interrupted iterations
default   [  97% ] 151/400 VUs  5m48.8s/6m00.0s

running (5m49.8s), 138/400 VUs, 342931 complete and 0 interrupted iterations
default   [  97% ] 138/400 VUs  5m49.8s/6m00.0s

running (5m50.8s), 124/400 VUs, 343899 complete and 0 interrupted iterations
default   [  97% ] 124/400 VUs  5m50.8s/6m00.0s

running (5m51.8s), 111/400 VUs, 344881 complete and 0 interrupted iterations
default   [  98% ] 111/400 VUs  5m51.8s/6m00.0s

running (5m52.8s), 097/400 VUs, 345881 complete and 0 interrupted iterations
default   [  98% ] 097/400 VUs  5m52.8s/6m00.0s

running (5m53.8s), 083/400 VUs, 346881 complete and 0 interrupted iterations
default   [  98% ] 083/400 VUs  5m53.8s/6m00.0s

running (5m54.8s), 071/400 VUs, 347831 complete and 0 interrupted iterations
default   [  99% ] 071/400 VUs  5m54.8s/6m00.0s

running (5m55.8s), 057/400 VUs, 348831 complete and 0 interrupted iterations
default   [  99% ] 057/400 VUs  5m55.8s/6m00.0s

running (5m56.8s), 043/400 VUs, 349798 complete and 0 interrupted iterations
default   [  99% ] 043/400 VUs  5m56.8s/6m00.0s

running (5m57.8s), 030/400 VUs, 350497 complete and 0 interrupted iterations
default   [  99% ] 030/400 VUs  5m57.8s/6m00.0s

running (5m58.8s), 016/400 VUs, 350966 complete and 0 interrupted iterations
default   [ 100% ] 016/400 VUs  5m58.8s/6m00.0s

running (5m59.8s), 003/400 VUs, 351157 complete and 0 interrupted iterations
default   [ 100% ] 003/400 VUs  5m59.8s/6m00.0s


  █ THRESHOLDS 

    checks
    ✓ 'rate>0.95' rate=100.00%

    http_req_duration
    ✓ 'p(95)<5000' p(95)=408.17ms
    ✓ 'p(99)<10000' p(99)=414.06ms

    http_req_failed
    ✓ 'rate<0.05' rate=0.00%


  █ TOTAL RESULTS 

    checks_total.......: 1404668 3901.299269/s
    checks_succeeded...: 100.00% 1404668 out of 1404668
    checks_failed......: 0.00%   0 out of 1404668

    ✓ status is 200
    ✓ content-type is json
    ✓ workloadType is IO-BOUND
    ✓ executionTimeMs exists

    CUSTOM
    response_time_ms...............: min=50.751662 avg=375.899807 med=405.04679 max=444.74913 p(90)=407.347137 p(95)=408.1745 p(99)=414.06733
    successful_requests............: 351167 975.324817/s

    HTTP
    http_req_duration..............: min=50.75ms   avg=375.89ms   med=405.04ms  max=444.74ms  p(90)=407.34ms   p(95)=408.17ms p(99)=414.06ms 
      { expected_response:true }...: min=50.75ms   avg=375.89ms   med=405.04ms  max=444.74ms  p(90)=407.34ms   p(95)=408.17ms p(99)=414.06ms 
    http_req_failed................: 0.00%  0 out of 351167
    http_reqs......................: 351167 975.324817/s

    EXECUTION
    iteration_duration.............: min=50.87ms   avg=376.04ms   med=405.18ms  max=444.95ms  p(90)=407.49ms   p(95)=408.32ms p(99)=414.22ms 
    iterations.....................: 351167 975.324817/s
    vus............................: 3      min=3           max=400
    vus_max........................: 400    min=400         max=400

    NETWORK
    data_received..................: 78 MB  215 kB/s
    data_sent......................: 28 MB  77 kB/s




running (6m00.1s), 000/400 VUs, 351167 complete and 0 interrupted iterations
default ✓ [ 100% ] 000/400 VUs  6m0s
