
         /\      Grafana   /‾‾/  
    /\  /  \     |\  __   /  /   
   /  \/    \    | |/ /  /   ‾‾\ 
  /          \   |   (  |  (‾)  |
 / __________ \  |_|\_\  \_____/ 


     execution: local
        script: io-bound-test.js
        output: -

     scenarios: (100.00%) 1 scenario, 250 max VUs, 4m30s max duration (incl. graceful stop):
              * default: Up to 250 looping VUs for 4m0s over 3 stages (gracefulRampDown: 30s, gracefulStop: 30s)


running (0m00.9s), 008/250 VUs, 68 complete and 0 interrupted iterations
default   [   0% ] 008/250 VUs  0m00.9s/4m00.0s

running (0m01.9s), 016/250 VUs, 296 complete and 0 interrupted iterations
default   [   1% ] 016/250 VUs  0m01.9s/4m00.0s

running (0m02.9s), 024/250 VUs, 684 complete and 0 interrupted iterations
default   [   1% ] 025/250 VUs  0m02.9s/4m00.0s

running (0m03.9s), 033/250 VUs, 1236 complete and 0 interrupted iterations
default   [   2% ] 033/250 VUs  0m03.9s/4m00.0s

running (0m04.9s), 041/250 VUs, 1949 complete and 0 interrupted iterations
default   [   2% ] 041/250 VUs  0m04.9s/4m00.0s

running (0m05.9s), 049/250 VUs, 2826 complete and 0 interrupted iterations
default   [   2% ] 049/250 VUs  0m05.9s/4m00.0s

running (0m06.9s), 058/250 VUs, 3792 complete and 0 interrupted iterations
default   [   3% ] 058/250 VUs  0m06.9s/4m00.0s

running (0m07.9s), 066/250 VUs, 4780 complete and 0 interrupted iterations
default   [   3% ] 066/250 VUs  0m07.9s/4m00.0s

running (0m08.9s), 074/250 VUs, 5774 complete and 0 interrupted iterations
default   [   4% ] 074/250 VUs  0m08.9s/4m00.0s

running (0m09.9s), 083/250 VUs, 6742 complete and 0 interrupted iterations
default   [   4% ] 083/250 VUs  0m09.9s/4m00.0s

running (0m10.9s), 091/250 VUs, 7725 complete and 0 interrupted iterations
default   [   5% ] 091/250 VUs  0m10.9s/4m00.0s

running (0m11.9s), 099/250 VUs, 8725 complete and 0 interrupted iterations
default   [   5% ] 099/250 VUs  0m11.9s/4m00.0s

running (0m12.9s), 108/250 VUs, 9686 complete and 0 interrupted iterations
default   [   5% ] 108/250 VUs  0m12.9s/4m00.0s

running (0m13.9s), 116/250 VUs, 10675 complete and 0 interrupted iterations
default   [   6% ] 116/250 VUs  0m13.9s/4m00.0s

running (0m14.9s), 124/250 VUs, 11669 complete and 0 interrupted iterations
default   [   6% ] 124/250 VUs  0m14.9s/4m00.0s

running (0m15.9s), 132/250 VUs, 12625 complete and 0 interrupted iterations
default   [   7% ] 132/250 VUs  0m15.9s/4m00.0s

running (0m16.9s), 141/250 VUs, 13625 complete and 0 interrupted iterations
default   [   7% ] 141/250 VUs  0m16.9s/4m00.0s

running (0m17.9s), 149/250 VUs, 14600 complete and 0 interrupted iterations
default   [   7% ] 149/250 VUs  0m17.9s/4m00.0s

running (0m18.9s), 157/250 VUs, 15575 complete and 0 interrupted iterations
default   [   8% ] 157/250 VUs  0m18.9s/4m00.0s

running (0m19.9s), 166/250 VUs, 16575 complete and 0 interrupted iterations
default   [   8% ] 166/250 VUs  0m19.9s/4m00.0s

running (0m20.9s), 174/250 VUs, 17525 complete and 0 interrupted iterations
default   [   9% ] 174/250 VUs  0m20.9s/4m00.0s

running (0m21.9s), 182/250 VUs, 18525 complete and 0 interrupted iterations
default   [   9% ] 182/250 VUs  0m21.9s/4m00.0s

running (0m22.9s), 191/250 VUs, 19475 complete and 0 interrupted iterations
default   [  10% ] 191/250 VUs  0m22.9s/4m00.0s

running (0m23.9s), 199/250 VUs, 20475 complete and 0 interrupted iterations
default   [  10% ] 199/250 VUs  0m23.9s/4m00.0s

running (0m24.9s), 207/250 VUs, 21471 complete and 0 interrupted iterations
default   [  10% ] 207/250 VUs  0m24.9s/4m00.0s

running (0m25.9s), 215/250 VUs, 22425 complete and 0 interrupted iterations
default   [  11% ] 215/250 VUs  0m25.9s/4m00.0s

running (0m26.9s), 224/250 VUs, 23425 complete and 0 interrupted iterations
default   [  11% ] 224/250 VUs  0m26.9s/4m00.0s

running (0m27.9s), 232/250 VUs, 24375 complete and 0 interrupted iterations
default   [  12% ] 232/250 VUs  0m27.9s/4m00.0s

running (0m28.9s), 240/250 VUs, 25375 complete and 0 interrupted iterations
default   [  12% ] 240/250 VUs  0m28.9s/4m00.0s

running (0m29.9s), 249/250 VUs, 26353 complete and 0 interrupted iterations
default   [  12% ] 249/250 VUs  0m29.9s/4m00.0s

running (0m30.9s), 250/250 VUs, 27325 complete and 0 interrupted iterations
default   [  13% ] 250/250 VUs  0m30.9s/4m00.0s

running (0m31.9s), 250/250 VUs, 28325 complete and 0 interrupted iterations
default   [  13% ] 250/250 VUs  0m31.9s/4m00.0s

running (0m32.9s), 250/250 VUs, 29275 complete and 0 interrupted iterations
default   [  14% ] 250/250 VUs  0m32.9s/4m00.0s

running (0m33.9s), 250/250 VUs, 30275 complete and 0 interrupted iterations
default   [  14% ] 250/250 VUs  0m33.9s/4m00.0s

running (0m34.9s), 250/250 VUs, 31239 complete and 0 interrupted iterations
default   [  15% ] 250/250 VUs  0m34.9s/4m00.0s

running (0m35.9s), 250/250 VUs, 32225 complete and 0 interrupted iterations
default   [  15% ] 250/250 VUs  0m35.9s/4m00.0s

running (0m36.9s), 250/250 VUs, 33199 complete and 0 interrupted iterations
default   [  15% ] 250/250 VUs  0m36.9s/4m00.0s

running (0m37.9s), 250/250 VUs, 34175 complete and 0 interrupted iterations
default   [  16% ] 250/250 VUs  0m37.9s/4m00.0s

running (0m38.9s), 250/250 VUs, 35175 complete and 0 interrupted iterations
default   [  16% ] 250/250 VUs  0m38.9s/4m00.0s

running (0m39.9s), 250/250 VUs, 36125 complete and 0 interrupted iterations
default   [  17% ] 250/250 VUs  0m39.9s/4m00.0s

running (0m40.9s), 250/250 VUs, 37125 complete and 0 interrupted iterations
default   [  17% ] 250/250 VUs  0m40.9s/4m00.0s

running (0m41.9s), 250/250 VUs, 38104 complete and 0 interrupted iterations
default   [  17% ] 250/250 VUs  0m41.9s/4m00.0s

running (0m42.9s), 250/250 VUs, 39075 complete and 0 interrupted iterations
default   [  18% ] 250/250 VUs  0m42.9s/4m00.0s

running (0m43.9s), 250/250 VUs, 40075 complete and 0 interrupted iterations
default   [  18% ] 250/250 VUs  0m43.9s/4m00.0s

running (0m44.9s), 250/250 VUs, 41025 complete and 0 interrupted iterations
default   [  19% ] 250/250 VUs  0m44.9s/4m00.0s

running (0m45.9s), 250/250 VUs, 42025 complete and 0 interrupted iterations
default   [  19% ] 250/250 VUs  0m45.9s/4m00.0s

running (0m46.9s), 250/250 VUs, 42981 complete and 0 interrupted iterations
default   [  20% ] 250/250 VUs  0m46.9s/4m00.0s

running (0m47.9s), 250/250 VUs, 43975 complete and 0 interrupted iterations
default   [  20% ] 250/250 VUs  0m47.9s/4m00.0s

running (0m48.9s), 250/250 VUs, 44971 complete and 0 interrupted iterations
default   [  20% ] 250/250 VUs  0m48.9s/4m00.0s

running (0m49.9s), 250/250 VUs, 45925 complete and 0 interrupted iterations
default   [  21% ] 250/250 VUs  0m49.9s/4m00.0s

running (0m50.9s), 250/250 VUs, 46925 complete and 0 interrupted iterations
default   [  21% ] 250/250 VUs  0m50.9s/4m00.0s

running (0m51.9s), 250/250 VUs, 47875 complete and 0 interrupted iterations
default   [  22% ] 250/250 VUs  0m51.9s/4m00.0s

running (0m52.9s), 250/250 VUs, 48875 complete and 0 interrupted iterations
default   [  22% ] 250/250 VUs  0m52.9s/4m00.0s

running (0m53.9s), 250/250 VUs, 49846 complete and 0 interrupted iterations
default   [  22% ] 250/250 VUs  0m53.9s/4m00.0s

running (0m54.9s), 250/250 VUs, 50825 complete and 0 interrupted iterations
default   [  23% ] 250/250 VUs  0m54.9s/4m00.0s

running (0m55.9s), 250/250 VUs, 51825 complete and 0 interrupted iterations
default   [  23% ] 250/250 VUs  0m55.9s/4m00.0s

running (0m56.9s), 250/250 VUs, 52775 complete and 0 interrupted iterations
default   [  24% ] 250/250 VUs  0m56.9s/4m00.0s

running (0m57.9s), 250/250 VUs, 53775 complete and 0 interrupted iterations
default   [  24% ] 250/250 VUs  0m57.9s/4m00.0s

running (0m58.9s), 250/250 VUs, 54725 complete and 0 interrupted iterations
default   [  25% ] 250/250 VUs  0m58.9s/4m00.0s

running (0m59.9s), 250/250 VUs, 55725 complete and 0 interrupted iterations
default   [  25% ] 250/250 VUs  0m59.9s/4m00.0s

running (1m00.9s), 250/250 VUs, 56715 complete and 0 interrupted iterations
default   [  25% ] 250/250 VUs  1m00.9s/4m00.0s

running (1m01.9s), 250/250 VUs, 57675 complete and 0 interrupted iterations
default   [  26% ] 250/250 VUs  1m01.9s/4m00.0s

running (1m02.9s), 250/250 VUs, 58675 complete and 0 interrupted iterations
default   [  26% ] 250/250 VUs  1m02.9s/4m00.0s

running (1m03.9s), 250/250 VUs, 59625 complete and 0 interrupted iterations
default   [  27% ] 250/250 VUs  1m03.9s/4m00.0s

running (1m04.9s), 250/250 VUs, 60625 complete and 0 interrupted iterations
default   [  27% ] 250/250 VUs  1m04.9s/4m00.0s

running (1m05.9s), 250/250 VUs, 61587 complete and 0 interrupted iterations
default   [  27% ] 250/250 VUs  1m05.9s/4m00.0s

running (1m06.9s), 250/250 VUs, 62575 complete and 0 interrupted iterations
default   [  28% ] 250/250 VUs  1m06.9s/4m00.0s

running (1m07.9s), 250/250 VUs, 63575 complete and 0 interrupted iterations
default   [  28% ] 250/250 VUs  1m07.9s/4m00.0s

running (1m08.9s), 250/250 VUs, 64525 complete and 0 interrupted iterations
default   [  29% ] 250/250 VUs  1m08.9s/4m00.0s

running (1m09.9s), 250/250 VUs, 65525 complete and 0 interrupted iterations
default   [  29% ] 250/250 VUs  1m09.9s/4m00.0s

running (1m10.9s), 250/250 VUs, 66475 complete and 0 interrupted iterations
default   [  30% ] 250/250 VUs  1m10.9s/4m00.0s

running (1m11.9s), 250/250 VUs, 67474 complete and 0 interrupted iterations
default   [  30% ] 250/250 VUs  1m11.9s/4m00.0s

running (1m12.9s), 250/250 VUs, 68451 complete and 0 interrupted iterations
default   [  30% ] 250/250 VUs  1m12.9s/4m00.0s

running (1m13.9s), 250/250 VUs, 69425 complete and 0 interrupted iterations
default   [  31% ] 250/250 VUs  1m13.9s/4m00.0s

running (1m14.9s), 250/250 VUs, 70406 complete and 0 interrupted iterations
default   [  31% ] 250/250 VUs  1m14.9s/4m00.0s

running (1m15.9s), 250/250 VUs, 71375 complete and 0 interrupted iterations
default   [  32% ] 250/250 VUs  1m15.9s/4m00.0s

running (1m16.9s), 250/250 VUs, 72375 complete and 0 interrupted iterations
default   [  32% ] 250/250 VUs  1m16.9s/4m00.0s

running (1m17.9s), 250/250 VUs, 73325 complete and 0 interrupted iterations
default   [  32% ] 250/250 VUs  1m17.9s/4m00.0s

running (1m18.9s), 250/250 VUs, 74325 complete and 0 interrupted iterations
default   [  33% ] 250/250 VUs  1m18.9s/4m00.0s

running (1m19.9s), 250/250 VUs, 75313 complete and 0 interrupted iterations
default   [  33% ] 250/250 VUs  1m19.9s/4m00.0s

running (1m20.9s), 250/250 VUs, 76275 complete and 0 interrupted iterations
default   [  34% ] 250/250 VUs  1m20.9s/4m00.0s

running (1m21.9s), 250/250 VUs, 77275 complete and 0 interrupted iterations
default   [  34% ] 250/250 VUs  1m21.9s/4m00.0s

running (1m22.9s), 250/250 VUs, 78225 complete and 0 interrupted iterations
default   [  35% ] 250/250 VUs  1m22.9s/4m00.0s

running (1m23.9s), 250/250 VUs, 79225 complete and 0 interrupted iterations
default   [  35% ] 250/250 VUs  1m23.9s/4m00.0s

running (1m24.9s), 250/250 VUs, 80185 complete and 0 interrupted iterations
default   [  35% ] 250/250 VUs  1m24.9s/4m00.0s

running (1m25.9s), 250/250 VUs, 81175 complete and 0 interrupted iterations
default   [  36% ] 250/250 VUs  1m25.9s/4m00.0s

running (1m26.9s), 250/250 VUs, 82162 complete and 0 interrupted iterations
default   [  36% ] 250/250 VUs  1m26.9s/4m00.0s

running (1m27.9s), 250/250 VUs, 83125 complete and 0 interrupted iterations
default   [  37% ] 250/250 VUs  1m27.9s/4m00.0s

running (1m28.9s), 250/250 VUs, 84125 complete and 0 interrupted iterations
default   [  37% ] 250/250 VUs  1m28.9s/4m00.0s

running (1m29.9s), 250/250 VUs, 85075 complete and 0 interrupted iterations
default   [  37% ] 250/250 VUs  1m29.9s/4m00.0s

running (1m30.9s), 250/250 VUs, 86075 complete and 0 interrupted iterations
default   [  38% ] 250/250 VUs  1m30.9s/4m00.0s

running (1m31.9s), 250/250 VUs, 87051 complete and 0 interrupted iterations
default   [  38% ] 250/250 VUs  1m31.9s/4m00.0s

running (1m32.9s), 250/250 VUs, 88025 complete and 0 interrupted iterations
default   [  39% ] 250/250 VUs  1m32.9s/4m00.0s

running (1m33.9s), 250/250 VUs, 89025 complete and 0 interrupted iterations
default   [  39% ] 250/250 VUs  1m33.9s/4m00.0s

running (1m34.9s), 250/250 VUs, 89975 complete and 0 interrupted iterations
default   [  40% ] 250/250 VUs  1m34.9s/4m00.0s

running (1m35.9s), 250/250 VUs, 90975 complete and 0 interrupted iterations
default   [  40% ] 250/250 VUs  1m35.9s/4m00.0s

running (1m36.9s), 250/250 VUs, 91933 complete and 0 interrupted iterations
default   [  40% ] 250/250 VUs  1m36.9s/4m00.0s

running (1m37.9s), 250/250 VUs, 92925 complete and 0 interrupted iterations
default   [  41% ] 250/250 VUs  1m37.9s/4m00.0s

running (1m38.9s), 250/250 VUs, 93925 complete and 0 interrupted iterations
default   [  41% ] 250/250 VUs  1m38.9s/4m00.0s

running (1m39.9s), 250/250 VUs, 94875 complete and 0 interrupted iterations
default   [  42% ] 250/250 VUs  1m39.9s/4m00.0s

running (1m40.9s), 250/250 VUs, 95875 complete and 0 interrupted iterations
default   [  42% ] 250/250 VUs  1m40.9s/4m00.0s

running (1m41.9s), 250/250 VUs, 96825 complete and 0 interrupted iterations
default   [  42% ] 250/250 VUs  1m41.9s/4m00.0s

running (1m42.9s), 250/250 VUs, 97825 complete and 0 interrupted iterations
default   [  43% ] 250/250 VUs  1m42.9s/4m00.0s

running (1m43.9s), 250/250 VUs, 98800 complete and 0 interrupted iterations
default   [  43% ] 250/250 VUs  1m43.9s/4m00.0s

running (1m44.9s), 250/250 VUs, 99775 complete and 0 interrupted iterations
default   [  44% ] 250/250 VUs  1m44.9s/4m00.0s

running (1m45.9s), 250/250 VUs, 100775 complete and 0 interrupted iterations
default   [  44% ] 250/250 VUs  1m45.9s/4m00.0s

running (1m46.9s), 250/250 VUs, 101725 complete and 0 interrupted iterations
default   [  45% ] 250/250 VUs  1m46.9s/4m00.0s

running (1m47.9s), 250/250 VUs, 102725 complete and 0 interrupted iterations
default   [  45% ] 250/250 VUs  1m47.9s/4m00.0s

running (1m48.9s), 250/250 VUs, 103683 complete and 0 interrupted iterations
default   [  45% ] 250/250 VUs  1m48.9s/4m00.0s

running (1m49.9s), 250/250 VUs, 104675 complete and 0 interrupted iterations
default   [  46% ] 250/250 VUs  1m49.9s/4m00.0s

running (1m50.9s), 250/250 VUs, 105675 complete and 0 interrupted iterations
default   [  46% ] 250/250 VUs  1m50.9s/4m00.0s

running (1m51.9s), 250/250 VUs, 106625 complete and 0 interrupted iterations
default   [  47% ] 250/250 VUs  1m51.9s/4m00.0s

running (1m52.9s), 250/250 VUs, 107625 complete and 0 interrupted iterations
default   [  47% ] 250/250 VUs  1m52.9s/4m00.0s

running (1m53.9s), 250/250 VUs, 108575 complete and 0 interrupted iterations
default   [  47% ] 250/250 VUs  1m53.9s/4m00.0s

running (1m54.9s), 250/250 VUs, 109575 complete and 0 interrupted iterations
default   [  48% ] 250/250 VUs  1m54.9s/4m00.0s

running (1m55.9s), 250/250 VUs, 110557 complete and 0 interrupted iterations
default   [  48% ] 250/250 VUs  1m55.9s/4m00.0s

running (1m56.9s), 250/250 VUs, 111525 complete and 0 interrupted iterations
default   [  49% ] 250/250 VUs  1m56.9s/4m00.0s

running (1m57.9s), 250/250 VUs, 112525 complete and 0 interrupted iterations
default   [  49% ] 250/250 VUs  1m57.9s/4m00.0s

running (1m58.9s), 250/250 VUs, 113475 complete and 0 interrupted iterations
default   [  50% ] 250/250 VUs  1m58.9s/4m00.0s

running (1m59.9s), 250/250 VUs, 114475 complete and 0 interrupted iterations
default   [  50% ] 250/250 VUs  1m59.9s/4m00.0s

running (2m00.9s), 250/250 VUs, 115441 complete and 0 interrupted iterations
default   [  50% ] 250/250 VUs  2m00.9s/4m00.0s

running (2m01.9s), 250/250 VUs, 116425 complete and 0 interrupted iterations
default   [  51% ] 250/250 VUs  2m01.9s/4m00.0s

running (2m02.9s), 250/250 VUs, 117425 complete and 0 interrupted iterations
default   [  51% ] 250/250 VUs  2m02.9s/4m00.0s

running (2m03.9s), 250/250 VUs, 118375 complete and 0 interrupted iterations
default   [  52% ] 250/250 VUs  2m03.9s/4m00.0s

running (2m04.9s), 250/250 VUs, 119375 complete and 0 interrupted iterations
default   [  52% ] 250/250 VUs  2m04.9s/4m00.0s

running (2m05.9s), 250/250 VUs, 120325 complete and 0 interrupted iterations
default   [  52% ] 250/250 VUs  2m05.9s/4m00.0s

running (2m06.9s), 250/250 VUs, 121325 complete and 0 interrupted iterations
default   [  53% ] 250/250 VUs  2m06.9s/4m00.0s

running (2m07.9s), 250/250 VUs, 122307 complete and 0 interrupted iterations
default   [  53% ] 250/250 VUs  2m07.9s/4m00.0s

running (2m08.9s), 250/250 VUs, 123275 complete and 0 interrupted iterations
default   [  54% ] 250/250 VUs  2m08.9s/4m00.0s

running (2m09.9s), 250/250 VUs, 124275 complete and 0 interrupted iterations
default   [  54% ] 250/250 VUs  2m09.9s/4m00.0s

running (2m10.9s), 250/250 VUs, 125225 complete and 0 interrupted iterations
default   [  55% ] 250/250 VUs  2m10.9s/4m00.0s

running (2m11.9s), 250/250 VUs, 126225 complete and 0 interrupted iterations
default   [  55% ] 250/250 VUs  2m11.9s/4m00.0s

running (2m12.9s), 250/250 VUs, 127192 complete and 0 interrupted iterations
default   [  55% ] 250/250 VUs  2m12.9s/4m00.0s

running (2m13.9s), 250/250 VUs, 128175 complete and 0 interrupted iterations
default   [  56% ] 250/250 VUs  2m13.9s/4m00.0s

running (2m14.9s), 250/250 VUs, 129154 complete and 0 interrupted iterations
default   [  56% ] 250/250 VUs  2m14.9s/4m00.0s

running (2m15.9s), 250/250 VUs, 130125 complete and 0 interrupted iterations
default   [  57% ] 250/250 VUs  2m15.9s/4m00.0s

running (2m16.9s), 250/250 VUs, 131125 complete and 0 interrupted iterations
default   [  57% ] 250/250 VUs  2m16.9s/4m00.0s

running (2m17.9s), 250/250 VUs, 132075 complete and 0 interrupted iterations
default   [  57% ] 250/250 VUs  2m17.9s/4m00.0s

running (2m18.9s), 250/250 VUs, 133075 complete and 0 interrupted iterations
default   [  58% ] 250/250 VUs  2m18.9s/4m00.0s

running (2m19.9s), 250/250 VUs, 134062 complete and 0 interrupted iterations
default   [  58% ] 250/250 VUs  2m19.9s/4m00.0s

running (2m20.9s), 250/250 VUs, 135025 complete and 0 interrupted iterations
default   [  59% ] 250/250 VUs  2m20.9s/4m00.0s

running (2m21.9s), 250/250 VUs, 136019 complete and 0 interrupted iterations
default   [  59% ] 250/250 VUs  2m21.9s/4m00.0s

running (2m22.9s), 250/250 VUs, 136975 complete and 0 interrupted iterations
default   [  60% ] 250/250 VUs  2m22.9s/4m00.0s

running (2m23.9s), 250/250 VUs, 137975 complete and 0 interrupted iterations
default   [  60% ] 250/250 VUs  2m23.9s/4m00.0s

running (2m24.9s), 250/250 VUs, 138955 complete and 0 interrupted iterations
default   [  60% ] 250/250 VUs  2m24.9s/4m00.0s

running (2m25.9s), 250/250 VUs, 139925 complete and 0 interrupted iterations
default   [  61% ] 250/250 VUs  2m25.9s/4m00.0s

running (2m26.9s), 250/250 VUs, 140925 complete and 0 interrupted iterations
default   [  61% ] 250/250 VUs  2m26.9s/4m00.0s

running (2m27.9s), 250/250 VUs, 141875 complete and 0 interrupted iterations
default   [  62% ] 250/250 VUs  2m27.9s/4m00.0s

running (2m28.9s), 250/250 VUs, 142875 complete and 0 interrupted iterations
default   [  62% ] 250/250 VUs  2m28.9s/4m00.0s

running (2m29.9s), 250/250 VUs, 143831 complete and 0 interrupted iterations
default   [  62% ] 250/250 VUs  2m29.9s/4m00.0s

running (2m30.9s), 250/250 VUs, 144825 complete and 0 interrupted iterations
default   [  63% ] 250/250 VUs  2m30.9s/4m00.0s

running (2m31.9s), 250/250 VUs, 145813 complete and 0 interrupted iterations
default   [  63% ] 250/250 VUs  2m31.9s/4m00.0s

running (2m32.9s), 250/250 VUs, 146775 complete and 0 interrupted iterations
default   [  64% ] 250/250 VUs  2m32.9s/4m00.0s

running (2m33.9s), 250/250 VUs, 147775 complete and 0 interrupted iterations
default   [  64% ] 250/250 VUs  2m33.9s/4m00.0s

running (2m34.9s), 250/250 VUs, 148725 complete and 0 interrupted iterations
default   [  65% ] 250/250 VUs  2m34.9s/4m00.0s

running (2m35.9s), 250/250 VUs, 149725 complete and 0 interrupted iterations
default   [  65% ] 250/250 VUs  2m35.9s/4m00.0s

running (2m36.9s), 250/250 VUs, 150708 complete and 0 interrupted iterations
default   [  65% ] 250/250 VUs  2m36.9s/4m00.0s

running (2m37.9s), 250/250 VUs, 151675 complete and 0 interrupted iterations
default   [  66% ] 250/250 VUs  2m37.9s/4m00.0s

running (2m38.9s), 250/250 VUs, 152675 complete and 0 interrupted iterations
default   [  66% ] 250/250 VUs  2m38.9s/4m00.0s

running (2m39.9s), 250/250 VUs, 153625 complete and 0 interrupted iterations
default   [  67% ] 250/250 VUs  2m39.9s/4m00.0s

running (2m40.9s), 250/250 VUs, 154625 complete and 0 interrupted iterations
default   [  67% ] 250/250 VUs  2m40.9s/4m00.0s

running (2m41.9s), 250/250 VUs, 155585 complete and 0 interrupted iterations
default   [  67% ] 250/250 VUs  2m41.9s/4m00.0s

running (2m42.9s), 250/250 VUs, 156575 complete and 0 interrupted iterations
default   [  68% ] 250/250 VUs  2m42.9s/4m00.0s

running (2m43.9s), 250/250 VUs, 157575 complete and 0 interrupted iterations
default   [  68% ] 250/250 VUs  2m43.9s/4m00.0s

running (2m44.9s), 250/250 VUs, 158525 complete and 0 interrupted iterations
default   [  69% ] 250/250 VUs  2m44.9s/4m00.0s

running (2m45.9s), 250/250 VUs, 159525 complete and 0 interrupted iterations
default   [  69% ] 250/250 VUs  2m45.9s/4m00.0s

running (2m46.9s), 250/250 VUs, 160475 complete and 0 interrupted iterations
default   [  70% ] 250/250 VUs  2m46.9s/4m00.0s

running (2m47.9s), 250/250 VUs, 161475 complete and 0 interrupted iterations
default   [  70% ] 250/250 VUs  2m47.9s/4m00.0s

running (2m48.9s), 250/250 VUs, 162437 complete and 0 interrupted iterations
default   [  70% ] 250/250 VUs  2m48.9s/4m00.0s

running (2m49.9s), 250/250 VUs, 163425 complete and 0 interrupted iterations
default   [  71% ] 250/250 VUs  2m49.9s/4m00.0s

running (2m50.9s), 250/250 VUs, 164424 complete and 0 interrupted iterations
default   [  71% ] 250/250 VUs  2m50.9s/4m00.0s

running (2m51.9s), 250/250 VUs, 165375 complete and 0 interrupted iterations
default   [  72% ] 250/250 VUs  2m51.9s/4m00.0s

running (2m52.9s), 250/250 VUs, 166375 complete and 0 interrupted iterations
default   [  72% ] 250/250 VUs  2m52.9s/4m00.0s

running (2m53.9s), 250/250 VUs, 167325 complete and 0 interrupted iterations
default   [  72% ] 250/250 VUs  2m53.9s/4m00.0s

running (2m54.9s), 250/250 VUs, 168325 complete and 0 interrupted iterations
default   [  73% ] 250/250 VUs  2m54.9s/4m00.0s

running (2m55.9s), 250/250 VUs, 169316 complete and 0 interrupted iterations
default   [  73% ] 250/250 VUs  2m55.9s/4m00.0s

running (2m56.9s), 250/250 VUs, 170275 complete and 0 interrupted iterations
default   [  74% ] 250/250 VUs  2m56.9s/4m00.0s

running (2m57.9s), 250/250 VUs, 171275 complete and 0 interrupted iterations
default   [  74% ] 250/250 VUs  2m57.9s/4m00.0s

running (2m58.9s), 250/250 VUs, 172225 complete and 0 interrupted iterations
default   [  75% ] 250/250 VUs  2m58.9s/4m00.0s

running (2m59.9s), 250/250 VUs, 173225 complete and 0 interrupted iterations
default   [  75% ] 250/250 VUs  2m59.9s/4m00.0s

running (3m00.9s), 250/250 VUs, 174193 complete and 0 interrupted iterations
default   [  75% ] 250/250 VUs  3m00.9s/4m00.0s

running (3m01.9s), 250/250 VUs, 175175 complete and 0 interrupted iterations
default   [  76% ] 250/250 VUs  3m01.9s/4m00.0s

running (3m02.9s), 250/250 VUs, 176175 complete and 0 interrupted iterations
default   [  76% ] 250/250 VUs  3m02.9s/4m00.0s

running (3m03.9s), 250/250 VUs, 177125 complete and 0 interrupted iterations
default   [  77% ] 250/250 VUs  3m03.9s/4m00.0s

running (3m04.9s), 250/250 VUs, 178125 complete and 0 interrupted iterations
default   [  77% ] 250/250 VUs  3m04.9s/4m00.0s

running (3m05.9s), 250/250 VUs, 179075 complete and 0 interrupted iterations
default   [  77% ] 250/250 VUs  3m05.9s/4m00.0s

running (3m06.9s), 250/250 VUs, 180075 complete and 0 interrupted iterations
default   [  78% ] 250/250 VUs  3m06.9s/4m00.0s

running (3m07.9s), 250/250 VUs, 181075 complete and 0 interrupted iterations
default   [  78% ] 250/250 VUs  3m07.9s/4m00.0s

running (3m08.9s), 250/250 VUs, 182025 complete and 0 interrupted iterations
default   [  79% ] 250/250 VUs  3m08.9s/4m00.0s

running (3m09.9s), 250/250 VUs, 183025 complete and 0 interrupted iterations
default   [  79% ] 250/250 VUs  3m09.9s/4m00.0s

running (3m10.9s), 250/250 VUs, 183975 complete and 0 interrupted iterations
default   [  80% ] 250/250 VUs  3m10.9s/4m00.0s

running (3m11.9s), 250/250 VUs, 184975 complete and 0 interrupted iterations
default   [  80% ] 250/250 VUs  3m11.9s/4m00.0s

running (3m12.9s), 250/250 VUs, 185949 complete and 0 interrupted iterations
default   [  80% ] 250/250 VUs  3m12.9s/4m00.0s

running (3m13.9s), 250/250 VUs, 186925 complete and 0 interrupted iterations
default   [  81% ] 250/250 VUs  3m13.9s/4m00.0s

running (3m14.9s), 250/250 VUs, 187925 complete and 0 interrupted iterations
default   [  81% ] 250/250 VUs  3m14.9s/4m00.0s

running (3m15.9s), 250/250 VUs, 188875 complete and 0 interrupted iterations
default   [  82% ] 250/250 VUs  3m15.9s/4m00.0s

running (3m16.9s), 250/250 VUs, 189875 complete and 0 interrupted iterations
default   [  82% ] 250/250 VUs  3m16.9s/4m00.0s

running (3m17.9s), 250/250 VUs, 190840 complete and 0 interrupted iterations
default   [  82% ] 250/250 VUs  3m17.9s/4m00.0s

running (3m18.9s), 250/250 VUs, 191825 complete and 0 interrupted iterations
default   [  83% ] 250/250 VUs  3m18.9s/4m00.0s

running (3m19.9s), 250/250 VUs, 192825 complete and 0 interrupted iterations
default   [  83% ] 250/250 VUs  3m19.9s/4m00.0s

running (3m20.9s), 250/250 VUs, 193775 complete and 0 interrupted iterations
default   [  84% ] 250/250 VUs  3m20.9s/4m00.0s

running (3m21.9s), 250/250 VUs, 194775 complete and 0 interrupted iterations
default   [  84% ] 250/250 VUs  3m21.9s/4m00.0s

running (3m22.9s), 250/250 VUs, 195725 complete and 0 interrupted iterations
default   [  85% ] 250/250 VUs  3m22.9s/4m00.0s

running (3m23.9s), 250/250 VUs, 196725 complete and 0 interrupted iterations
default   [  85% ] 250/250 VUs  3m23.9s/4m00.0s

running (3m24.9s), 250/250 VUs, 197711 complete and 0 interrupted iterations
default   [  85% ] 250/250 VUs  3m24.9s/4m00.0s

running (3m25.9s), 250/250 VUs, 198675 complete and 0 interrupted iterations
default   [  86% ] 250/250 VUs  3m25.9s/4m00.0s

running (3m26.9s), 250/250 VUs, 199675 complete and 0 interrupted iterations
default   [  86% ] 250/250 VUs  3m26.9s/4m00.0s

running (3m27.9s), 250/250 VUs, 200625 complete and 0 interrupted iterations
default   [  87% ] 250/250 VUs  3m27.9s/4m00.0s

running (3m28.9s), 250/250 VUs, 201625 complete and 0 interrupted iterations
default   [  87% ] 250/250 VUs  3m28.9s/4m00.0s

running (3m29.9s), 250/250 VUs, 202616 complete and 0 interrupted iterations
default   [  87% ] 250/250 VUs  3m29.9s/4m00.0s

running (3m30.9s), 245/250 VUs, 203575 complete and 0 interrupted iterations
default   [  88% ] 245/250 VUs  3m30.9s/4m00.0s

running (3m31.9s), 237/250 VUs, 204575 complete and 0 interrupted iterations
default   [  88% ] 237/250 VUs  3m31.9s/4m00.0s

running (3m32.9s), 228/250 VUs, 205525 complete and 0 interrupted iterations
default   [  89% ] 228/250 VUs  3m32.9s/4m00.0s

running (3m33.9s), 218/250 VUs, 206525 complete and 0 interrupted iterations
default   [  89% ] 218/250 VUs  3m33.9s/4m00.0s

running (3m34.9s), 211/250 VUs, 207483 complete and 0 interrupted iterations
default   [  90% ] 211/250 VUs  3m34.9s/4m00.0s

running (3m35.9s), 202/250 VUs, 208475 complete and 0 interrupted iterations
default   [  90% ] 202/250 VUs  3m35.9s/4m00.0s

running (3m36.9s), 194/250 VUs, 209470 complete and 0 interrupted iterations
default   [  90% ] 194/250 VUs  3m36.9s/4m00.0s

running (3m37.9s), 185/250 VUs, 210425 complete and 0 interrupted iterations
default   [  91% ] 185/250 VUs  3m37.9s/4m00.0s

running (3m38.9s), 177/250 VUs, 211425 complete and 0 interrupted iterations
default   [  91% ] 177/250 VUs  3m38.9s/4m00.0s

running (3m39.9s), 169/250 VUs, 212375 complete and 0 interrupted iterations
default   [  92% ] 169/250 VUs  3m39.9s/4m00.0s

running (3m40.9s), 160/250 VUs, 213375 complete and 0 interrupted iterations
default   [  92% ] 160/250 VUs  3m40.9s/4m00.0s

running (3m41.9s), 153/250 VUs, 214375 complete and 0 interrupted iterations
default   [  92% ] 153/250 VUs  3m41.9s/4m00.0s

running (3m42.9s), 144/250 VUs, 215325 complete and 0 interrupted iterations
default   [  93% ] 144/250 VUs  3m42.9s/4m00.0s

running (3m43.9s), 135/250 VUs, 216325 complete and 0 interrupted iterations
default   [  93% ] 135/250 VUs  3m43.9s/4m00.0s

running (3m44.9s), 127/250 VUs, 217275 complete and 0 interrupted iterations
default   [  94% ] 127/250 VUs  3m44.9s/4m00.0s

running (3m45.9s), 119/250 VUs, 218275 complete and 0 interrupted iterations
default   [  94% ] 119/250 VUs  3m45.9s/4m00.0s

running (3m46.9s), 110/250 VUs, 219259 complete and 0 interrupted iterations
default   [  95% ] 110/250 VUs  3m46.9s/4m00.0s

running (3m47.9s), 102/250 VUs, 220225 complete and 0 interrupted iterations
default   [  95% ] 102/250 VUs  3m47.9s/4m00.0s

running (3m48.9s), 094/250 VUs, 221225 complete and 0 interrupted iterations
default   [  95% ] 094/250 VUs  3m48.9s/4m00.0s

running (3m49.9s), 085/250 VUs, 222210 complete and 0 interrupted iterations
default   [  96% ] 085/250 VUs  3m49.9s/4m00.0s

running (3m50.9s), 077/250 VUs, 223175 complete and 0 interrupted iterations
default   [  96% ] 077/250 VUs  3m50.9s/4m00.0s

running (3m51.9s), 068/250 VUs, 224175 complete and 0 interrupted iterations
default   [  97% ] 068/250 VUs  3m51.9s/4m00.0s

running (3m52.9s), 060/250 VUs, 225125 complete and 0 interrupted iterations
default   [  97% ] 060/250 VUs  3m52.9s/4m00.0s

running (3m53.9s), 052/250 VUs, 226125 complete and 0 interrupted iterations
default   [  97% ] 052/250 VUs  3m53.9s/4m00.0s

running (3m54.9s), 043/250 VUs, 227043 complete and 0 interrupted iterations
default   [  98% ] 043/250 VUs  3m54.9s/4m00.0s

running (3m55.9s), 035/250 VUs, 227815 complete and 0 interrupted iterations
default   [  98% ] 035/250 VUs  3m55.9s/4m00.0s

running (3m56.9s), 027/250 VUs, 228404 complete and 0 interrupted iterations
default   [  99% ] 027/250 VUs  3m56.9s/4m00.0s

running (3m57.9s), 018/250 VUs, 228847 complete and 0 interrupted iterations
default   [  99% ] 018/250 VUs  3m57.9s/4m00.0s

running (3m58.9s), 010/250 VUs, 229125 complete and 0 interrupted iterations
default   [ 100% ] 010/250 VUs  3m58.9s/4m00.0s

running (3m59.9s), 002/250 VUs, 229239 complete and 0 interrupted iterations
default   [ 100% ] 002/250 VUs  3m59.9s/4m00.0s


  █ THRESHOLDS 

    checks
    ✓ 'rate>0.95' rate=100.00%

    http_req_duration
    ✓ 'p(95)<5000' p(95)=256.09ms
    ✓ 'p(99)<10000' p(99)=261.34ms

    http_req_failed
    ✓ 'rate<0.05' rate=0.00%


  █ TOTAL RESULTS 

    checks_total.......: 916972  3820.506868/s
    checks_succeeded...: 100.00% 916972 out of 916972
    checks_failed......: 0.00%   0 out of 916972

    ✓ status is 200
    ✓ content-type is json
    ✓ workloadType is IO-BOUND
    ✓ executionTimeMs exists

    CUSTOM
    response_time_ms...............: min=50.812035 avg=229.009704 med=254.943575 max=281.321507 p(90)=255.729166 p(95)=256.0924 p(99)=261.346097
    successful_requests............: 229243 955.126717/s

    HTTP
    http_req_duration..............: min=50.81ms   avg=229ms      med=254.94ms   max=281.32ms   p(90)=255.72ms   p(95)=256.09ms p(99)=261.34ms  
      { expected_response:true }...: min=50.81ms   avg=229ms      med=254.94ms   max=281.32ms   p(90)=255.72ms   p(95)=256.09ms p(99)=261.34ms  
    http_req_failed................: 0.00%  0 out of 229243
    http_reqs......................: 229243 955.126717/s

    EXECUTION
    iteration_duration.............: min=50.92ms   avg=229.15ms   med=255.08ms   max=281.64ms   p(90)=255.87ms   p(95)=256.23ms p(99)=261.53ms  
    iterations.....................: 229243 955.126717/s
    vus............................: 2      min=2           max=250
    vus_max........................: 250    min=250         max=250

    NETWORK
    data_received..................: 51 MB  211 kB/s
    data_sent......................: 18 MB  76 kB/s




running (4m00.0s), 000/250 VUs, 229243 complete and 0 interrupted iterations
default ✓ [ 100% ] 000/250 VUs  4m0s
