
         /\      Grafana   /‾‾/  
    /\  /  \     |\  __   /  /   
   /  \/    \    | |/ /  /   ‾‾\ 
  /          \   |   (  |  (‾)  |
 / __________ \  |_|\_\  \_____/ 


     execution: local
        script: io-bound-test.js
        output: -

     scenarios: (100.00%) 1 scenario, 600 max VUs, 6m30s max duration (incl. graceful stop):
              * default: Up to 600 looping VUs for 6m0s over 3 stages (gracefulRampDown: 30s, gracefulStop: 30s)


running (0m00.8s), 016/600 VUs, 106 complete and 0 interrupted iterations
default   [   0% ] 016/600 VUs  0m00.8s/6m00.0s

running (0m01.8s), 036/600 VUs, 595 complete and 0 interrupted iterations
default   [   0% ] 036/600 VUs  0m01.8s/6m00.0s

running (0m02.8s), 055/600 VUs, 1474 complete and 0 interrupted iterations
default   [   1% ] 056/600 VUs  0m02.8s/6m00.0s

running (0m03.8s), 075/600 VUs, 2461 complete and 0 interrupted iterations
default   [   1% ] 075/600 VUs  0m03.8s/6m00.0s

running (0m04.8s), 095/600 VUs, 3450 complete and 0 interrupted iterations
default   [   1% ] 095/600 VUs  0m04.8s/6m00.0s

running (0m05.8s), 115/600 VUs, 4443 complete and 0 interrupted iterations
default   [   2% ] 115/600 VUs  0m05.8s/6m00.0s

running (0m06.8s), 135/600 VUs, 5432 complete and 0 interrupted iterations
default   [   2% ] 135/600 VUs  0m06.8s/6m00.0s

running (0m07.8s), 155/600 VUs, 6417 complete and 0 interrupted iterations
default   [   2% ] 155/600 VUs  0m07.8s/6m00.0s

running (0m08.8s), 175/600 VUs, 7406 complete and 0 interrupted iterations
default   [   2% ] 175/600 VUs  0m08.8s/6m00.0s

running (0m09.8s), 195/600 VUs, 8400 complete and 0 interrupted iterations
default   [   3% ] 195/600 VUs  0m09.8s/6m00.0s

running (0m10.8s), 215/600 VUs, 9390 complete and 0 interrupted iterations
default   [   3% ] 215/600 VUs  0m10.8s/6m00.0s

running (0m11.8s), 235/600 VUs, 10375 complete and 0 interrupted iterations
default   [   3% ] 235/600 VUs  0m11.8s/6m00.0s

running (0m12.8s), 255/600 VUs, 11356 complete and 0 interrupted iterations
default   [   4% ] 255/600 VUs  0m12.8s/6m00.0s

running (0m13.8s), 275/600 VUs, 12356 complete and 0 interrupted iterations
default   [   4% ] 275/600 VUs  0m13.8s/6m00.0s

running (0m14.8s), 295/600 VUs, 13350 complete and 0 interrupted iterations
default   [   4% ] 295/600 VUs  0m14.8s/6m00.0s

running (0m15.8s), 315/600 VUs, 14327 complete and 0 interrupted iterations
default   [   4% ] 315/600 VUs  0m15.8s/6m00.0s

running (0m16.8s), 335/600 VUs, 15306 complete and 0 interrupted iterations
default   [   5% ] 335/600 VUs  0m16.8s/6m00.0s

running (0m17.8s), 355/600 VUs, 16306 complete and 0 interrupted iterations
default   [   5% ] 355/600 VUs  0m17.8s/6m00.0s

running (0m18.8s), 375/600 VUs, 17306 complete and 0 interrupted iterations
default   [   5% ] 375/600 VUs  0m18.8s/6m00.0s

running (0m19.8s), 395/600 VUs, 18274 complete and 0 interrupted iterations
default   [   5% ] 395/600 VUs  0m19.8s/6m00.0s

running (0m20.8s), 415/600 VUs, 19256 complete and 0 interrupted iterations
default   [   6% ] 415/600 VUs  0m20.8s/6m00.0s

running (0m21.8s), 435/600 VUs, 20256 complete and 0 interrupted iterations
default   [   6% ] 435/600 VUs  0m21.8s/6m00.0s

running (0m22.8s), 455/600 VUs, 21248 complete and 0 interrupted iterations
default   [   6% ] 455/600 VUs  0m22.8s/6m00.0s

running (0m23.8s), 475/600 VUs, 22206 complete and 0 interrupted iterations
default   [   7% ] 475/600 VUs  0m23.8s/6m00.0s

running (0m24.8s), 495/600 VUs, 23206 complete and 0 interrupted iterations
default   [   7% ] 495/600 VUs  0m24.8s/6m00.0s

running (0m25.8s), 515/600 VUs, 24198 complete and 0 interrupted iterations
default   [   7% ] 515/600 VUs  0m25.8s/6m00.0s

running (0m26.8s), 535/600 VUs, 25156 complete and 0 interrupted iterations
default   [   7% ] 535/600 VUs  0m26.8s/6m00.0s

running (0m27.8s), 555/600 VUs, 26156 complete and 0 interrupted iterations
default   [   8% ] 555/600 VUs  0m27.8s/6m00.0s

running (0m28.8s), 575/600 VUs, 27145 complete and 0 interrupted iterations
default   [   8% ] 575/600 VUs  0m28.8s/6m00.0s

running (0m29.8s), 595/600 VUs, 28106 complete and 0 interrupted iterations
default   [   8% ] 595/600 VUs  0m29.8s/6m00.0s

running (0m30.8s), 600/600 VUs, 29106 complete and 0 interrupted iterations
default   [   9% ] 600/600 VUs  0m30.8s/6m00.0s

running (0m31.8s), 600/600 VUs, 30093 complete and 0 interrupted iterations
default   [   9% ] 600/600 VUs  0m31.8s/6m00.0s

running (0m32.8s), 600/600 VUs, 31067 complete and 0 interrupted iterations
default   [   9% ] 600/600 VUs  0m32.8s/6m00.0s

running (0m33.8s), 600/600 VUs, 32056 complete and 0 interrupted iterations
default   [   9% ] 600/600 VUs  0m33.8s/6m00.0s

running (0m34.8s), 600/600 VUs, 33056 complete and 0 interrupted iterations
default   [  10% ] 600/600 VUs  0m34.8s/6m00.0s

running (0m35.8s), 600/600 VUs, 34029 complete and 0 interrupted iterations
default   [  10% ] 600/600 VUs  0m35.8s/6m00.0s

running (0m36.8s), 600/600 VUs, 35014 complete and 0 interrupted iterations
default   [  10% ] 600/600 VUs  0m36.8s/6m00.0s

running (0m37.8s), 600/600 VUs, 36006 complete and 0 interrupted iterations
default   [  10% ] 600/600 VUs  0m37.8s/6m00.0s

running (0m38.8s), 600/600 VUs, 37006 complete and 0 interrupted iterations
default   [  11% ] 600/600 VUs  0m38.8s/6m00.0s

running (0m39.8s), 600/600 VUs, 37989 complete and 0 interrupted iterations
default   [  11% ] 600/600 VUs  0m39.8s/6m00.0s

running (0m40.8s), 600/600 VUs, 38966 complete and 0 interrupted iterations
default   [  11% ] 600/600 VUs  0m40.8s/6m00.0s

running (0m41.8s), 600/600 VUs, 39958 complete and 0 interrupted iterations
default   [  12% ] 600/600 VUs  0m41.8s/6m00.0s

running (0m42.8s), 600/600 VUs, 40956 complete and 0 interrupted iterations
default   [  12% ] 600/600 VUs  0m42.8s/6m00.0s

running (0m43.8s), 600/600 VUs, 41940 complete and 0 interrupted iterations
default   [  12% ] 600/600 VUs  0m43.8s/6m00.0s

running (0m44.8s), 600/600 VUs, 42920 complete and 0 interrupted iterations
default   [  12% ] 600/600 VUs  0m44.8s/6m00.0s

running (0m45.8s), 600/600 VUs, 43912 complete and 0 interrupted iterations
default   [  13% ] 600/600 VUs  0m45.8s/6m00.0s

running (0m46.8s), 600/600 VUs, 44906 complete and 0 interrupted iterations
default   [  13% ] 600/600 VUs  0m46.8s/6m00.0s

running (0m47.8s), 600/600 VUs, 45885 complete and 0 interrupted iterations
default   [  13% ] 600/600 VUs  0m47.8s/6m00.0s

running (0m48.8s), 600/600 VUs, 46874 complete and 0 interrupted iterations
default   [  14% ] 600/600 VUs  0m48.8s/6m00.0s

running (0m49.8s), 600/600 VUs, 47870 complete and 0 interrupted iterations
default   [  14% ] 600/600 VUs  0m49.8s/6m00.0s

running (0m50.8s), 600/600 VUs, 48862 complete and 0 interrupted iterations
default   [  14% ] 600/600 VUs  0m50.8s/6m00.0s

running (0m51.8s), 600/600 VUs, 49843 complete and 0 interrupted iterations
default   [  14% ] 600/600 VUs  0m51.8s/6m00.0s

running (0m52.8s), 600/600 VUs, 50824 complete and 0 interrupted iterations
default   [  15% ] 600/600 VUs  0m52.8s/6m00.0s

running (0m53.8s), 600/600 VUs, 51817 complete and 0 interrupted iterations
default   [  15% ] 600/600 VUs  0m53.8s/6m00.0s

running (0m54.8s), 600/600 VUs, 52814 complete and 0 interrupted iterations
default   [  15% ] 600/600 VUs  0m54.8s/6m00.0s

running (0m55.8s), 600/600 VUs, 53803 complete and 0 interrupted iterations
default   [  15% ] 600/600 VUs  0m55.8s/6m00.0s

running (0m56.8s), 600/600 VUs, 54781 complete and 0 interrupted iterations
default   [  16% ] 600/600 VUs  0m56.8s/6m00.0s

running (0m57.8s), 600/600 VUs, 55772 complete and 0 interrupted iterations
default   [  16% ] 600/600 VUs  0m57.8s/6m00.0s

running (0m58.8s), 600/600 VUs, 56767 complete and 0 interrupted iterations
default   [  16% ] 600/600 VUs  0m58.8s/6m00.0s

running (0m59.8s), 600/600 VUs, 57746 complete and 0 interrupted iterations
default   [  17% ] 600/600 VUs  0m59.8s/6m00.0s

running (1m00.8s), 600/600 VUs, 58741 complete and 0 interrupted iterations
default   [  17% ] 600/600 VUs  1m00.8s/6m00.0s

running (1m01.8s), 600/600 VUs, 59724 complete and 0 interrupted iterations
default   [  17% ] 600/600 VUs  1m01.8s/6m00.0s

running (1m02.8s), 600/600 VUs, 60717 complete and 0 interrupted iterations
default   [  17% ] 600/600 VUs  1m02.8s/6m00.0s

running (1m03.8s), 600/600 VUs, 61702 complete and 0 interrupted iterations
default   [  18% ] 600/600 VUs  1m03.8s/6m00.0s

running (1m04.8s), 600/600 VUs, 62696 complete and 0 interrupted iterations
default   [  18% ] 600/600 VUs  1m04.8s/6m00.0s

running (1m05.8s), 600/600 VUs, 63667 complete and 0 interrupted iterations
default   [  18% ] 600/600 VUs  1m05.8s/6m00.0s

running (1m06.8s), 600/600 VUs, 64667 complete and 0 interrupted iterations
default   [  19% ] 600/600 VUs  1m06.8s/6m00.0s

running (1m07.8s), 600/600 VUs, 65652 complete and 0 interrupted iterations
default   [  19% ] 600/600 VUs  1m07.8s/6m00.0s

running (1m08.8s), 600/600 VUs, 66649 complete and 0 interrupted iterations
default   [  19% ] 600/600 VUs  1m08.8s/6m00.0s

running (1m09.8s), 600/600 VUs, 67630 complete and 0 interrupted iterations
default   [  19% ] 600/600 VUs  1m09.8s/6m00.0s

running (1m10.8s), 600/600 VUs, 68615 complete and 0 interrupted iterations
default   [  20% ] 600/600 VUs  1m10.8s/6m00.0s

running (1m11.8s), 600/600 VUs, 69602 complete and 0 interrupted iterations
default   [  20% ] 600/600 VUs  1m11.8s/6m00.0s

running (1m12.8s), 600/600 VUs, 70600 complete and 0 interrupted iterations
default   [  20% ] 600/600 VUs  1m12.8s/6m00.0s

running (1m13.8s), 600/600 VUs, 71587 complete and 0 interrupted iterations
default   [  20% ] 600/600 VUs  1m13.8s/6m00.0s

running (1m14.8s), 600/600 VUs, 72570 complete and 0 interrupted iterations
default   [  21% ] 600/600 VUs  1m14.8s/6m00.0s

running (1m15.8s), 600/600 VUs, 73552 complete and 0 interrupted iterations
default   [  21% ] 600/600 VUs  1m15.8s/6m00.0s

running (1m16.8s), 600/600 VUs, 74550 complete and 0 interrupted iterations
default   [  21% ] 600/600 VUs  1m16.8s/6m00.0s

running (1m17.8s), 600/600 VUs, 75544 complete and 0 interrupted iterations
default   [  22% ] 600/600 VUs  1m17.8s/6m00.0s

running (1m18.8s), 600/600 VUs, 76526 complete and 0 interrupted iterations
default   [  22% ] 600/600 VUs  1m18.8s/6m00.0s

running (1m19.8s), 600/600 VUs, 77504 complete and 0 interrupted iterations
default   [  22% ] 600/600 VUs  1m19.8s/6m00.0s

running (1m20.8s), 600/600 VUs, 78502 complete and 0 interrupted iterations
default   [  22% ] 600/600 VUs  1m20.8s/6m00.0s

running (1m21.8s), 600/600 VUs, 79493 complete and 0 interrupted iterations
default   [  23% ] 600/600 VUs  1m21.8s/6m00.0s

running (1m22.8s), 600/600 VUs, 80476 complete and 0 interrupted iterations
default   [  23% ] 600/600 VUs  1m22.8s/6m00.0s

running (1m23.8s), 600/600 VUs, 81458 complete and 0 interrupted iterations
default   [  23% ] 600/600 VUs  1m23.8s/6m00.0s

running (1m24.8s), 600/600 VUs, 82452 complete and 0 interrupted iterations
default   [  24% ] 600/600 VUs  1m24.8s/6m00.0s

running (1m25.8s), 600/600 VUs, 83450 complete and 0 interrupted iterations
default   [  24% ] 600/600 VUs  1m25.8s/6m00.0s

running (1m26.8s), 600/600 VUs, 84411 complete and 0 interrupted iterations
default   [  24% ] 600/600 VUs  1m26.8s/6m00.0s

running (1m27.8s), 600/600 VUs, 85402 complete and 0 interrupted iterations
default   [  24% ] 600/600 VUs  1m27.8s/6m00.0s

running (1m28.8s), 600/600 VUs, 86402 complete and 0 interrupted iterations
default   [  25% ] 600/600 VUs  1m28.8s/6m00.0s

running (1m29.8s), 600/600 VUs, 87400 complete and 0 interrupted iterations
default   [  25% ] 600/600 VUs  1m29.8s/6m00.0s

running (1m30.8s), 600/600 VUs, 88352 complete and 0 interrupted iterations
default   [  25% ] 600/600 VUs  1m30.8s/6m00.0s

running (1m31.8s), 600/600 VUs, 89352 complete and 0 interrupted iterations
default   [  25% ] 600/600 VUs  1m31.8s/6m00.0s

running (1m32.8s), 600/600 VUs, 90352 complete and 0 interrupted iterations
default   [  26% ] 600/600 VUs  1m32.8s/6m00.0s

running (1m33.8s), 600/600 VUs, 91302 complete and 0 interrupted iterations
default   [  26% ] 600/600 VUs  1m33.8s/6m00.0s

running (1m34.8s), 600/600 VUs, 92302 complete and 0 interrupted iterations
default   [  26% ] 600/600 VUs  1m34.8s/6m00.0s

running (1m35.8s), 600/600 VUs, 93302 complete and 0 interrupted iterations
default   [  27% ] 600/600 VUs  1m35.8s/6m00.0s

running (1m36.8s), 600/600 VUs, 94252 complete and 0 interrupted iterations
default   [  27% ] 600/600 VUs  1m36.8s/6m00.0s

running (1m37.8s), 600/600 VUs, 95252 complete and 0 interrupted iterations
default   [  27% ] 600/600 VUs  1m37.8s/6m00.0s

running (1m38.8s), 600/600 VUs, 96252 complete and 0 interrupted iterations
default   [  27% ] 600/600 VUs  1m38.8s/6m00.0s

running (1m39.8s), 600/600 VUs, 97202 complete and 0 interrupted iterations
default   [  28% ] 600/600 VUs  1m39.8s/6m00.0s

running (1m40.8s), 600/600 VUs, 98202 complete and 0 interrupted iterations
default   [  28% ] 600/600 VUs  1m40.8s/6m00.0s

running (1m41.8s), 600/600 VUs, 99202 complete and 0 interrupted iterations
default   [  28% ] 600/600 VUs  1m41.8s/6m00.0s

running (1m42.8s), 600/600 VUs, 100153 complete and 0 interrupted iterations
default   [  29% ] 600/600 VUs  1m42.8s/6m00.0s

running (1m43.8s), 600/600 VUs, 101152 complete and 0 interrupted iterations
default   [  29% ] 600/600 VUs  1m43.8s/6m00.0s

running (1m44.8s), 600/600 VUs, 102152 complete and 0 interrupted iterations
default   [  29% ] 600/600 VUs  1m44.8s/6m00.0s

running (1m45.8s), 600/600 VUs, 103113 complete and 0 interrupted iterations
default   [  29% ] 600/600 VUs  1m45.8s/6m00.0s

running (1m46.8s), 600/600 VUs, 104102 complete and 0 interrupted iterations
default   [  30% ] 600/600 VUs  1m46.8s/6m00.0s

running (1m47.8s), 600/600 VUs, 105102 complete and 0 interrupted iterations
default   [  30% ] 600/600 VUs  1m47.8s/6m00.0s

running (1m48.8s), 600/600 VUs, 106102 complete and 0 interrupted iterations
default   [  30% ] 600/600 VUs  1m48.8s/6m00.0s

running (1m49.8s), 600/600 VUs, 107075 complete and 0 interrupted iterations
default   [  30% ] 600/600 VUs  1m49.8s/6m00.0s

running (1m50.8s), 600/600 VUs, 108052 complete and 0 interrupted iterations
default   [  31% ] 600/600 VUs  1m50.8s/6m00.0s

running (1m51.8s), 600/600 VUs, 109052 complete and 0 interrupted iterations
default   [  31% ] 600/600 VUs  1m51.8s/6m00.0s

running (1m52.8s), 600/600 VUs, 110052 complete and 0 interrupted iterations
default   [  31% ] 600/600 VUs  1m52.8s/6m00.0s

running (1m53.8s), 600/600 VUs, 111026 complete and 0 interrupted iterations
default   [  32% ] 600/600 VUs  1m53.8s/6m00.0s

running (1m54.8s), 600/600 VUs, 112002 complete and 0 interrupted iterations
default   [  32% ] 600/600 VUs  1m54.8s/6m00.0s

running (1m55.8s), 600/600 VUs, 113002 complete and 0 interrupted iterations
default   [  32% ] 600/600 VUs  1m55.8s/6m00.0s

running (1m56.8s), 600/600 VUs, 113990 complete and 0 interrupted iterations
default   [  32% ] 600/600 VUs  1m56.8s/6m00.0s

running (1m57.8s), 600/600 VUs, 114962 complete and 0 interrupted iterations
default   [  33% ] 600/600 VUs  1m57.8s/6m00.0s

running (1m58.8s), 600/600 VUs, 115931 complete and 0 interrupted iterations
default   [  33% ] 600/600 VUs  1m58.8s/6m00.0s

running (1m59.8s), 600/600 VUs, 116922 complete and 0 interrupted iterations
default   [  33% ] 600/600 VUs  1m59.8s/6m00.0s

running (2m00.8s), 600/600 VUs, 117913 complete and 0 interrupted iterations
default   [  34% ] 600/600 VUs  2m00.8s/6m00.0s

running (2m01.8s), 600/600 VUs, 118904 complete and 0 interrupted iterations
default   [  34% ] 600/600 VUs  2m01.8s/6m00.0s

running (2m02.8s), 600/600 VUs, 119885 complete and 0 interrupted iterations
default   [  34% ] 600/600 VUs  2m02.8s/6m00.0s

running (2m03.8s), 600/600 VUs, 120871 complete and 0 interrupted iterations
default   [  34% ] 600/600 VUs  2m03.8s/6m00.0s

running (2m04.8s), 600/600 VUs, 121871 complete and 0 interrupted iterations
default   [  35% ] 600/600 VUs  2m04.8s/6m00.0s

running (2m05.8s), 600/600 VUs, 122858 complete and 0 interrupted iterations
default   [  35% ] 600/600 VUs  2m05.8s/6m00.0s

running (2m06.8s), 600/600 VUs, 123828 complete and 0 interrupted iterations
default   [  35% ] 600/600 VUs  2m06.8s/6m00.0s

running (2m07.8s), 600/600 VUs, 124821 complete and 0 interrupted iterations
default   [  35% ] 600/600 VUs  2m07.8s/6m00.0s

running (2m08.8s), 600/600 VUs, 125821 complete and 0 interrupted iterations
default   [  36% ] 600/600 VUs  2m08.8s/6m00.0s

running (2m09.8s), 600/600 VUs, 126812 complete and 0 interrupted iterations
default   [  36% ] 600/600 VUs  2m09.8s/6m00.0s

running (2m10.8s), 600/600 VUs, 127781 complete and 0 interrupted iterations
default   [  36% ] 600/600 VUs  2m10.8s/6m00.0s

running (2m11.8s), 600/600 VUs, 128771 complete and 0 interrupted iterations
default   [  37% ] 600/600 VUs  2m11.8s/6m00.0s

running (2m12.8s), 600/600 VUs, 129756 complete and 0 interrupted iterations
default   [  37% ] 600/600 VUs  2m12.8s/6m00.0s

running (2m13.8s), 600/600 VUs, 130749 complete and 0 interrupted iterations
default   [  37% ] 600/600 VUs  2m13.8s/6m00.0s

running (2m14.8s), 600/600 VUs, 131733 complete and 0 interrupted iterations
default   [  37% ] 600/600 VUs  2m14.8s/6m00.0s

running (2m15.8s), 600/600 VUs, 132728 complete and 0 interrupted iterations
default   [  38% ] 600/600 VUs  2m15.8s/6m00.0s

running (2m16.8s), 600/600 VUs, 133705 complete and 0 interrupted iterations
default   [  38% ] 600/600 VUs  2m16.8s/6m00.0s

running (2m17.8s), 600/600 VUs, 134699 complete and 0 interrupted iterations
default   [  38% ] 600/600 VUs  2m17.8s/6m00.0s

running (2m18.8s), 600/600 VUs, 135693 complete and 0 interrupted iterations
default   [  39% ] 600/600 VUs  2m18.8s/6m00.0s

running (2m19.8s), 600/600 VUs, 136673 complete and 0 interrupted iterations
default   [  39% ] 600/600 VUs  2m19.8s/6m00.0s

running (2m20.8s), 600/600 VUs, 137655 complete and 0 interrupted iterations
default   [  39% ] 600/600 VUs  2m20.8s/6m00.0s

running (2m21.8s), 600/600 VUs, 138655 complete and 0 interrupted iterations
default   [  39% ] 600/600 VUs  2m21.8s/6m00.0s

running (2m22.8s), 600/600 VUs, 139632 complete and 0 interrupted iterations
default   [  40% ] 600/600 VUs  2m22.8s/6m00.0s

running (2m23.8s), 600/600 VUs, 140613 complete and 0 interrupted iterations
default   [  40% ] 600/600 VUs  2m23.8s/6m00.0s

running (2m24.8s), 600/600 VUs, 141605 complete and 0 interrupted iterations
default   [  40% ] 600/600 VUs  2m24.8s/6m00.0s

running (2m25.8s), 600/600 VUs, 142605 complete and 0 interrupted iterations
default   [  40% ] 600/600 VUs  2m25.8s/6m00.0s

running (2m26.8s), 600/600 VUs, 143555 complete and 0 interrupted iterations
default   [  41% ] 600/600 VUs  2m26.8s/6m00.0s

running (2m27.8s), 600/600 VUs, 144555 complete and 0 interrupted iterations
default   [  41% ] 600/600 VUs  2m27.8s/6m00.0s

running (2m28.8s), 600/600 VUs, 145540 complete and 0 interrupted iterations
default   [  41% ] 600/600 VUs  2m28.8s/6m00.0s

running (2m29.8s), 600/600 VUs, 146505 complete and 0 interrupted iterations
default   [  42% ] 600/600 VUs  2m29.8s/6m00.0s

running (2m30.8s), 600/600 VUs, 147505 complete and 0 interrupted iterations
default   [  42% ] 600/600 VUs  2m30.8s/6m00.0s

running (2m31.8s), 600/600 VUs, 148467 complete and 0 interrupted iterations
default   [  42% ] 600/600 VUs  2m31.8s/6m00.0s

running (2m32.8s), 600/600 VUs, 149455 complete and 0 interrupted iterations
default   [  42% ] 600/600 VUs  2m32.8s/6m00.0s

running (2m33.8s), 600/600 VUs, 150455 complete and 0 interrupted iterations
default   [  43% ] 600/600 VUs  2m33.8s/6m00.0s

running (2m34.8s), 600/600 VUs, 151405 complete and 0 interrupted iterations
default   [  43% ] 600/600 VUs  2m34.8s/6m00.0s

running (2m35.8s), 600/600 VUs, 152405 complete and 0 interrupted iterations
default   [  43% ] 600/600 VUs  2m35.8s/6m00.0s

running (2m36.8s), 600/600 VUs, 153405 complete and 0 interrupted iterations
default   [  44% ] 600/600 VUs  2m36.8s/6m00.0s

running (2m37.8s), 600/600 VUs, 154355 complete and 0 interrupted iterations
default   [  44% ] 600/600 VUs  2m37.8s/6m00.0s

running (2m38.8s), 600/600 VUs, 155355 complete and 0 interrupted iterations
default   [  44% ] 600/600 VUs  2m38.8s/6m00.0s

running (2m39.8s), 600/600 VUs, 156355 complete and 0 interrupted iterations
default   [  44% ] 600/600 VUs  2m39.8s/6m00.0s

running (2m40.8s), 600/600 VUs, 157319 complete and 0 interrupted iterations
default   [  45% ] 600/600 VUs  2m40.8s/6m00.0s

running (2m41.8s), 600/600 VUs, 158305 complete and 0 interrupted iterations
default   [  45% ] 600/600 VUs  2m41.8s/6m00.0s

running (2m42.8s), 600/600 VUs, 159305 complete and 0 interrupted iterations
default   [  45% ] 600/600 VUs  2m42.8s/6m00.0s

running (2m43.8s), 600/600 VUs, 160263 complete and 0 interrupted iterations
default   [  45% ] 600/600 VUs  2m43.8s/6m00.0s

running (2m44.8s), 600/600 VUs, 161255 complete and 0 interrupted iterations
default   [  46% ] 600/600 VUs  2m44.8s/6m00.0s

running (2m45.8s), 600/600 VUs, 162255 complete and 0 interrupted iterations
default   [  46% ] 600/600 VUs  2m45.8s/6m00.0s

running (2m46.8s), 600/600 VUs, 163239 complete and 0 interrupted iterations
default   [  46% ] 600/600 VUs  2m46.8s/6m00.0s

running (2m47.8s), 600/600 VUs, 164205 complete and 0 interrupted iterations
default   [  47% ] 600/600 VUs  2m47.8s/6m00.0s

running (2m48.8s), 600/600 VUs, 165205 complete and 0 interrupted iterations
default   [  47% ] 600/600 VUs  2m48.8s/6m00.0s

running (2m49.8s), 600/600 VUs, 166192 complete and 0 interrupted iterations
default   [  47% ] 600/600 VUs  2m49.8s/6m00.0s

running (2m50.8s), 600/600 VUs, 167165 complete and 0 interrupted iterations
default   [  47% ] 600/600 VUs  2m50.8s/6m00.0s

running (2m51.8s), 600/600 VUs, 168155 complete and 0 interrupted iterations
default   [  48% ] 600/600 VUs  2m51.8s/6m00.0s

running (2m52.8s), 600/600 VUs, 169153 complete and 0 interrupted iterations
default   [  48% ] 600/600 VUs  2m52.8s/6m00.0s

running (2m53.8s), 600/600 VUs, 170153 complete and 0 interrupted iterations
default   [  48% ] 600/600 VUs  2m53.8s/6m00.0s

running (2m54.8s), 600/600 VUs, 171105 complete and 0 interrupted iterations
default   [  49% ] 600/600 VUs  2m54.8s/6m00.0s

running (2m55.8s), 600/600 VUs, 172105 complete and 0 interrupted iterations
default   [  49% ] 600/600 VUs  2m55.8s/6m00.0s

running (2m56.8s), 600/600 VUs, 173105 complete and 0 interrupted iterations
default   [  49% ] 600/600 VUs  2m56.8s/6m00.0s

running (2m57.8s), 600/600 VUs, 174055 complete and 0 interrupted iterations
default   [  49% ] 600/600 VUs  2m57.8s/6m00.0s

running (2m58.8s), 600/600 VUs, 175055 complete and 0 interrupted iterations
default   [  50% ] 600/600 VUs  2m58.8s/6m00.0s

running (2m59.8s), 600/600 VUs, 176055 complete and 0 interrupted iterations
default   [  50% ] 600/600 VUs  2m59.8s/6m00.0s

running (3m00.8s), 600/600 VUs, 177030 complete and 0 interrupted iterations
default   [  50% ] 600/600 VUs  3m00.8s/6m00.0s

running (3m01.8s), 600/600 VUs, 178005 complete and 0 interrupted iterations
default   [  50% ] 600/600 VUs  3m01.8s/6m00.0s

running (3m02.8s), 600/600 VUs, 179005 complete and 0 interrupted iterations
default   [  51% ] 600/600 VUs  3m02.8s/6m00.0s

running (3m03.8s), 600/600 VUs, 179989 complete and 0 interrupted iterations
default   [  51% ] 600/600 VUs  3m03.8s/6m00.0s

running (3m04.8s), 600/600 VUs, 180955 complete and 0 interrupted iterations
default   [  51% ] 600/600 VUs  3m04.8s/6m00.0s

running (3m05.8s), 600/600 VUs, 181955 complete and 0 interrupted iterations
default   [  52% ] 600/600 VUs  3m05.8s/6m00.0s

running (3m06.8s), 600/600 VUs, 182955 complete and 0 interrupted iterations
default   [  52% ] 600/600 VUs  3m06.8s/6m00.0s

running (3m07.8s), 600/600 VUs, 183941 complete and 0 interrupted iterations
default   [  52% ] 600/600 VUs  3m07.8s/6m00.0s

running (3m08.8s), 600/600 VUs, 184905 complete and 0 interrupted iterations
default   [  52% ] 600/600 VUs  3m08.8s/6m00.0s

running (3m09.8s), 600/600 VUs, 185905 complete and 0 interrupted iterations
default   [  53% ] 600/600 VUs  3m09.8s/6m00.0s

running (3m10.8s), 600/600 VUs, 186877 complete and 0 interrupted iterations
default   [  53% ] 600/600 VUs  3m10.8s/6m00.0s

running (3m11.8s), 600/600 VUs, 187858 complete and 0 interrupted iterations
default   [  53% ] 600/600 VUs  3m11.8s/6m00.0s

running (3m12.8s), 600/600 VUs, 188855 complete and 0 interrupted iterations
default   [  54% ] 600/600 VUs  3m12.8s/6m00.0s

running (3m13.8s), 600/600 VUs, 189851 complete and 0 interrupted iterations
default   [  54% ] 600/600 VUs  3m13.8s/6m00.0s

running (3m14.8s), 600/600 VUs, 190824 complete and 0 interrupted iterations
default   [  54% ] 600/600 VUs  3m14.8s/6m00.0s

running (3m15.8s), 600/600 VUs, 191805 complete and 0 interrupted iterations
default   [  54% ] 600/600 VUs  3m15.8s/6m00.0s

running (3m16.8s), 600/600 VUs, 192805 complete and 0 interrupted iterations
default   [  55% ] 600/600 VUs  3m16.8s/6m00.0s

running (3m17.8s), 600/600 VUs, 193803 complete and 0 interrupted iterations
default   [  55% ] 600/600 VUs  3m17.8s/6m00.0s

running (3m18.8s), 600/600 VUs, 194755 complete and 0 interrupted iterations
default   [  55% ] 600/600 VUs  3m18.8s/6m00.0s

running (3m19.8s), 600/600 VUs, 195755 complete and 0 interrupted iterations
default   [  55% ] 600/600 VUs  3m19.8s/6m00.0s

running (3m20.8s), 600/600 VUs, 196755 complete and 0 interrupted iterations
default   [  56% ] 600/600 VUs  3m20.8s/6m00.0s

running (3m21.8s), 600/600 VUs, 197736 complete and 0 interrupted iterations
default   [  56% ] 600/600 VUs  3m21.8s/6m00.0s

running (3m22.8s), 600/600 VUs, 198705 complete and 0 interrupted iterations
default   [  56% ] 600/600 VUs  3m22.8s/6m00.0s

running (3m23.8s), 600/600 VUs, 199705 complete and 0 interrupted iterations
default   [  57% ] 600/600 VUs  3m23.8s/6m00.0s

running (3m24.8s), 600/600 VUs, 200685 complete and 0 interrupted iterations
default   [  57% ] 600/600 VUs  3m24.8s/6m00.0s

running (3m25.8s), 600/600 VUs, 201655 complete and 0 interrupted iterations
default   [  57% ] 600/600 VUs  3m25.8s/6m00.0s

running (3m26.8s), 600/600 VUs, 202655 complete and 0 interrupted iterations
default   [  57% ] 600/600 VUs  3m26.8s/6m00.0s

running (3m27.8s), 600/600 VUs, 203617 complete and 0 interrupted iterations
default   [  58% ] 600/600 VUs  3m27.8s/6m00.0s

running (3m28.8s), 600/600 VUs, 204605 complete and 0 interrupted iterations
default   [  58% ] 600/600 VUs  3m28.8s/6m00.0s

running (3m29.8s), 600/600 VUs, 205581 complete and 0 interrupted iterations
default   [  58% ] 600/600 VUs  3m29.8s/6m00.0s

running (3m30.8s), 600/600 VUs, 206556 complete and 0 interrupted iterations
default   [  59% ] 600/600 VUs  3m30.8s/6m00.0s

running (3m31.8s), 600/600 VUs, 207555 complete and 0 interrupted iterations
default   [  59% ] 600/600 VUs  3m31.8s/6m00.0s

running (3m32.8s), 600/600 VUs, 208555 complete and 0 interrupted iterations
default   [  59% ] 600/600 VUs  3m32.8s/6m00.0s

running (3m33.8s), 600/600 VUs, 209517 complete and 0 interrupted iterations
default   [  59% ] 600/600 VUs  3m33.8s/6m00.0s

running (3m34.8s), 600/600 VUs, 210505 complete and 0 interrupted iterations
default   [  60% ] 600/600 VUs  3m34.8s/6m00.0s

running (3m35.8s), 600/600 VUs, 211505 complete and 0 interrupted iterations
default   [  60% ] 600/600 VUs  3m35.8s/6m00.0s

running (3m36.8s), 600/600 VUs, 212489 complete and 0 interrupted iterations
default   [  60% ] 600/600 VUs  3m36.8s/6m00.0s

running (3m37.8s), 600/600 VUs, 213455 complete and 0 interrupted iterations
default   [  60% ] 600/600 VUs  3m37.8s/6m00.0s

running (3m38.8s), 600/600 VUs, 214455 complete and 0 interrupted iterations
default   [  61% ] 600/600 VUs  3m38.8s/6m00.0s

running (3m39.8s), 600/600 VUs, 215455 complete and 0 interrupted iterations
default   [  61% ] 600/600 VUs  3m39.8s/6m00.0s

running (3m40.8s), 600/600 VUs, 216405 complete and 0 interrupted iterations
default   [  61% ] 600/600 VUs  3m40.8s/6m00.0s

running (3m41.8s), 600/600 VUs, 217405 complete and 0 interrupted iterations
default   [  62% ] 600/600 VUs  3m41.8s/6m00.0s

running (3m42.8s), 600/600 VUs, 218405 complete and 0 interrupted iterations
default   [  62% ] 600/600 VUs  3m42.8s/6m00.0s

running (3m43.8s), 600/600 VUs, 219404 complete and 0 interrupted iterations
default   [  62% ] 600/600 VUs  3m43.8s/6m00.0s

running (3m44.8s), 600/600 VUs, 220355 complete and 0 interrupted iterations
default   [  62% ] 600/600 VUs  3m44.8s/6m00.0s

running (3m45.8s), 600/600 VUs, 221355 complete and 0 interrupted iterations
default   [  63% ] 600/600 VUs  3m45.8s/6m00.0s

running (3m46.8s), 600/600 VUs, 222328 complete and 0 interrupted iterations
default   [  63% ] 600/600 VUs  3m46.8s/6m00.0s

running (3m47.8s), 600/600 VUs, 223305 complete and 0 interrupted iterations
default   [  63% ] 600/600 VUs  3m47.8s/6m00.0s

running (3m48.8s), 600/600 VUs, 224305 complete and 0 interrupted iterations
default   [  64% ] 600/600 VUs  3m48.8s/6m00.0s

running (3m49.8s), 600/600 VUs, 225305 complete and 0 interrupted iterations
default   [  64% ] 600/600 VUs  3m49.8s/6m00.0s

running (3m50.8s), 600/600 VUs, 226261 complete and 0 interrupted iterations
default   [  64% ] 600/600 VUs  3m50.8s/6m00.0s

running (3m51.8s), 600/600 VUs, 227255 complete and 0 interrupted iterations
default   [  64% ] 600/600 VUs  3m51.8s/6m00.0s

running (3m52.8s), 600/600 VUs, 228255 complete and 0 interrupted iterations
default   [  65% ] 600/600 VUs  3m52.8s/6m00.0s

running (3m53.8s), 600/600 VUs, 229245 complete and 0 interrupted iterations
default   [  65% ] 600/600 VUs  3m53.8s/6m00.0s

running (3m54.8s), 600/600 VUs, 230205 complete and 0 interrupted iterations
default   [  65% ] 600/600 VUs  3m54.8s/6m00.0s

running (3m55.8s), 600/600 VUs, 231205 complete and 0 interrupted iterations
default   [  65% ] 600/600 VUs  3m55.8s/6m00.0s

running (3m56.8s), 600/600 VUs, 232182 complete and 0 interrupted iterations
default   [  66% ] 600/600 VUs  3m56.8s/6m00.0s

running (3m57.8s), 600/600 VUs, 233158 complete and 0 interrupted iterations
default   [  66% ] 600/600 VUs  3m57.8s/6m00.0s

running (3m58.8s), 600/600 VUs, 234155 complete and 0 interrupted iterations
default   [  66% ] 600/600 VUs  3m58.8s/6m00.0s

running (3m59.8s), 600/600 VUs, 235155 complete and 0 interrupted iterations
default   [  67% ] 600/600 VUs  3m59.8s/6m00.0s

running (4m00.8s), 600/600 VUs, 236139 complete and 0 interrupted iterations
default   [  67% ] 600/600 VUs  4m00.8s/6m00.0s

running (4m01.8s), 600/600 VUs, 237105 complete and 0 interrupted iterations
default   [  67% ] 600/600 VUs  4m01.8s/6m00.0s

running (4m02.8s), 600/600 VUs, 238105 complete and 0 interrupted iterations
default   [  67% ] 600/600 VUs  4m02.8s/6m00.0s

running (4m03.8s), 600/600 VUs, 239105 complete and 0 interrupted iterations
default   [  68% ] 600/600 VUs  4m03.8s/6m00.0s

running (4m04.8s), 600/600 VUs, 240074 complete and 0 interrupted iterations
default   [  68% ] 600/600 VUs  4m04.8s/6m00.0s

running (4m05.8s), 600/600 VUs, 241055 complete and 0 interrupted iterations
default   [  68% ] 600/600 VUs  4m05.8s/6m00.0s

running (4m06.8s), 600/600 VUs, 242055 complete and 0 interrupted iterations
default   [  69% ] 600/600 VUs  4m06.8s/6m00.0s

running (4m07.8s), 600/600 VUs, 243019 complete and 0 interrupted iterations
default   [  69% ] 600/600 VUs  4m07.8s/6m00.0s

running (4m08.8s), 600/600 VUs, 244010 complete and 0 interrupted iterations
default   [  69% ] 600/600 VUs  4m08.8s/6m00.0s

running (4m09.8s), 600/600 VUs, 245005 complete and 0 interrupted iterations
default   [  69% ] 600/600 VUs  4m09.8s/6m00.0s

running (4m10.8s), 600/600 VUs, 246005 complete and 0 interrupted iterations
default   [  70% ] 600/600 VUs  4m10.8s/6m00.0s

running (4m11.8s), 600/600 VUs, 246972 complete and 0 interrupted iterations
default   [  70% ] 600/600 VUs  4m11.8s/6m00.0s

running (4m12.8s), 600/600 VUs, 247955 complete and 0 interrupted iterations
default   [  70% ] 600/600 VUs  4m12.8s/6m00.0s

running (4m13.8s), 600/600 VUs, 248955 complete and 0 interrupted iterations
default   [  70% ] 600/600 VUs  4m13.8s/6m00.0s

running (4m14.8s), 600/600 VUs, 249933 complete and 0 interrupted iterations
default   [  71% ] 600/600 VUs  4m14.8s/6m00.0s

running (4m15.8s), 600/600 VUs, 250905 complete and 0 interrupted iterations
default   [  71% ] 600/600 VUs  4m15.8s/6m00.0s

running (4m16.8s), 600/600 VUs, 251905 complete and 0 interrupted iterations
default   [  71% ] 600/600 VUs  4m16.8s/6m00.0s

running (4m17.8s), 600/600 VUs, 252888 complete and 0 interrupted iterations
default   [  72% ] 600/600 VUs  4m17.8s/6m00.0s

running (4m18.8s), 600/600 VUs, 253864 complete and 0 interrupted iterations
default   [  72% ] 600/600 VUs  4m18.8s/6m00.0s

running (4m19.8s), 600/600 VUs, 254855 complete and 0 interrupted iterations
default   [  72% ] 600/600 VUs  4m19.8s/6m00.0s

running (4m20.8s), 600/600 VUs, 255855 complete and 0 interrupted iterations
default   [  72% ] 600/600 VUs  4m20.8s/6m00.0s

running (4m21.8s), 600/600 VUs, 256838 complete and 0 interrupted iterations
default   [  73% ] 600/600 VUs  4m21.8s/6m00.0s

running (4m22.8s), 600/600 VUs, 257808 complete and 0 interrupted iterations
default   [  73% ] 600/600 VUs  4m22.8s/6m00.0s

running (4m23.8s), 600/600 VUs, 258805 complete and 0 interrupted iterations
default   [  73% ] 600/600 VUs  4m23.8s/6m00.0s

running (4m24.8s), 600/600 VUs, 259805 complete and 0 interrupted iterations
default   [  74% ] 600/600 VUs  4m24.8s/6m00.0s

running (4m25.8s), 600/600 VUs, 260762 complete and 0 interrupted iterations
default   [  74% ] 600/600 VUs  4m25.8s/6m00.0s

running (4m26.8s), 600/600 VUs, 261755 complete and 0 interrupted iterations
default   [  74% ] 600/600 VUs  4m26.8s/6m00.0s

running (4m27.8s), 600/600 VUs, 262755 complete and 0 interrupted iterations
default   [  74% ] 600/600 VUs  4m27.8s/6m00.0s

running (4m28.8s), 600/600 VUs, 263705 complete and 0 interrupted iterations
default   [  75% ] 600/600 VUs  4m28.8s/6m00.0s

running (4m29.8s), 600/600 VUs, 264705 complete and 0 interrupted iterations
default   [  75% ] 600/600 VUs  4m29.8s/6m00.0s

running (4m30.8s), 600/600 VUs, 265683 complete and 0 interrupted iterations
default   [  75% ] 600/600 VUs  4m30.8s/6m00.0s

running (4m31.8s), 600/600 VUs, 266655 complete and 0 interrupted iterations
default   [  75% ] 600/600 VUs  4m31.8s/6m00.0s

running (4m32.8s), 600/600 VUs, 267655 complete and 0 interrupted iterations
default   [  76% ] 600/600 VUs  4m32.8s/6m00.0s

running (4m33.8s), 600/600 VUs, 268612 complete and 0 interrupted iterations
default   [  76% ] 600/600 VUs  4m33.8s/6m00.0s

running (4m34.8s), 600/600 VUs, 269605 complete and 0 interrupted iterations
default   [  76% ] 600/600 VUs  4m34.8s/6m00.0s

running (4m35.8s), 600/600 VUs, 270605 complete and 0 interrupted iterations
default   [  77% ] 600/600 VUs  4m35.8s/6m00.0s

running (4m36.8s), 600/600 VUs, 271579 complete and 0 interrupted iterations
default   [  77% ] 600/600 VUs  4m36.8s/6m00.0s

running (4m37.8s), 600/600 VUs, 272555 complete and 0 interrupted iterations
default   [  77% ] 600/600 VUs  4m37.8s/6m00.0s

running (4m38.8s), 600/600 VUs, 273555 complete and 0 interrupted iterations
default   [  77% ] 600/600 VUs  4m38.8s/6m00.0s

running (4m39.8s), 600/600 VUs, 274520 complete and 0 interrupted iterations
default   [  78% ] 600/600 VUs  4m39.8s/6m00.0s

running (4m40.8s), 600/600 VUs, 275505 complete and 0 interrupted iterations
default   [  78% ] 600/600 VUs  4m40.8s/6m00.0s

running (4m41.8s), 600/600 VUs, 276505 complete and 0 interrupted iterations
default   [  78% ] 600/600 VUs  4m41.8s/6m00.0s

running (4m42.8s), 600/600 VUs, 277505 complete and 0 interrupted iterations
default   [  79% ] 600/600 VUs  4m42.8s/6m00.0s

running (4m43.8s), 600/600 VUs, 278455 complete and 0 interrupted iterations
default   [  79% ] 600/600 VUs  4m43.8s/6m00.0s

running (4m44.8s), 600/600 VUs, 279455 complete and 0 interrupted iterations
default   [  79% ] 600/600 VUs  4m44.8s/6m00.0s

running (4m45.8s), 600/600 VUs, 280455 complete and 0 interrupted iterations
default   [  79% ] 600/600 VUs  4m45.8s/6m00.0s

running (4m46.8s), 600/600 VUs, 281431 complete and 0 interrupted iterations
default   [  80% ] 600/600 VUs  4m46.8s/6m00.0s

running (4m47.8s), 600/600 VUs, 282405 complete and 0 interrupted iterations
default   [  80% ] 600/600 VUs  4m47.8s/6m00.0s

running (4m48.8s), 600/600 VUs, 283405 complete and 0 interrupted iterations
default   [  80% ] 600/600 VUs  4m48.8s/6m00.0s

running (4m49.8s), 600/600 VUs, 284404 complete and 0 interrupted iterations
default   [  80% ] 600/600 VUs  4m49.8s/6m00.0s

running (4m50.8s), 600/600 VUs, 285363 complete and 0 interrupted iterations
default   [  81% ] 600/600 VUs  4m50.8s/6m00.0s

running (4m51.8s), 600/600 VUs, 286355 complete and 0 interrupted iterations
default   [  81% ] 600/600 VUs  4m51.8s/6m00.0s

running (4m52.8s), 600/600 VUs, 287355 complete and 0 interrupted iterations
default   [  81% ] 600/600 VUs  4m52.8s/6m00.0s

running (4m53.8s), 600/600 VUs, 288341 complete and 0 interrupted iterations
default   [  82% ] 600/600 VUs  4m53.8s/6m00.0s

running (4m54.8s), 600/600 VUs, 289305 complete and 0 interrupted iterations
default   [  82% ] 600/600 VUs  4m54.8s/6m00.0s

running (4m55.8s), 600/600 VUs, 290305 complete and 0 interrupted iterations
default   [  82% ] 600/600 VUs  4m55.8s/6m00.0s

running (4m56.8s), 600/600 VUs, 291305 complete and 0 interrupted iterations
default   [  82% ] 600/600 VUs  4m56.8s/6m00.0s

running (4m57.8s), 600/600 VUs, 292276 complete and 0 interrupted iterations
default   [  83% ] 600/600 VUs  4m57.8s/6m00.0s

running (4m58.8s), 600/600 VUs, 293255 complete and 0 interrupted iterations
default   [  83% ] 600/600 VUs  4m58.8s/6m00.0s

running (4m59.8s), 600/600 VUs, 294255 complete and 0 interrupted iterations
default   [  83% ] 600/600 VUs  4m59.8s/6m00.0s

running (5m00.8s), 600/600 VUs, 295238 complete and 0 interrupted iterations
default   [  84% ] 600/600 VUs  5m00.8s/6m00.0s

running (5m01.8s), 600/600 VUs, 296205 complete and 0 interrupted iterations
default   [  84% ] 600/600 VUs  5m01.8s/6m00.0s

running (5m02.8s), 600/600 VUs, 297205 complete and 0 interrupted iterations
default   [  84% ] 600/600 VUs  5m02.8s/6m00.0s

running (5m03.8s), 600/600 VUs, 298205 complete and 0 interrupted iterations
default   [  84% ] 600/600 VUs  5m03.8s/6m00.0s

running (5m04.8s), 600/600 VUs, 299159 complete and 0 interrupted iterations
default   [  85% ] 600/600 VUs  5m04.8s/6m00.0s

running (5m05.8s), 600/600 VUs, 300155 complete and 0 interrupted iterations
default   [  85% ] 600/600 VUs  5m05.8s/6m00.0s

running (5m06.8s), 600/600 VUs, 301155 complete and 0 interrupted iterations
default   [  85% ] 600/600 VUs  5m06.8s/6m00.0s

running (5m07.8s), 600/600 VUs, 302144 complete and 0 interrupted iterations
default   [  85% ] 600/600 VUs  5m07.8s/6m00.0s

running (5m08.8s), 600/600 VUs, 303107 complete and 0 interrupted iterations
default   [  86% ] 600/600 VUs  5m08.8s/6m00.0s

running (5m09.8s), 600/600 VUs, 304105 complete and 0 interrupted iterations
default   [  86% ] 600/600 VUs  5m09.8s/6m00.0s

running (5m10.8s), 600/600 VUs, 305080 complete and 0 interrupted iterations
default   [  86% ] 600/600 VUs  5m10.8s/6m00.0s

running (5m11.8s), 600/600 VUs, 306060 complete and 0 interrupted iterations
default   [  87% ] 600/600 VUs  5m11.8s/6m00.0s

running (5m12.8s), 600/600 VUs, 307055 complete and 0 interrupted iterations
default   [  87% ] 600/600 VUs  5m12.8s/6m00.0s

running (5m13.8s), 600/600 VUs, 308055 complete and 0 interrupted iterations
default   [  87% ] 600/600 VUs  5m13.8s/6m00.0s

running (5m14.8s), 600/600 VUs, 309007 complete and 0 interrupted iterations
default   [  87% ] 600/600 VUs  5m14.8s/6m00.0s

running (5m15.8s), 600/600 VUs, 310005 complete and 0 interrupted iterations
default   [  88% ] 600/600 VUs  5m15.8s/6m00.0s

running (5m16.8s), 600/600 VUs, 311005 complete and 0 interrupted iterations
default   [  88% ] 600/600 VUs  5m16.8s/6m00.0s

running (5m17.8s), 600/600 VUs, 311977 complete and 0 interrupted iterations
default   [  88% ] 600/600 VUs  5m17.8s/6m00.0s

running (5m18.8s), 600/600 VUs, 312955 complete and 0 interrupted iterations
default   [  89% ] 600/600 VUs  5m18.8s/6m00.0s

running (5m19.8s), 600/600 VUs, 313955 complete and 0 interrupted iterations
default   [  89% ] 600/600 VUs  5m19.8s/6m00.0s

running (5m20.8s), 600/600 VUs, 314955 complete and 0 interrupted iterations
default   [  89% ] 600/600 VUs  5m20.8s/6m00.0s

running (5m21.8s), 600/600 VUs, 315905 complete and 0 interrupted iterations
default   [  89% ] 600/600 VUs  5m21.8s/6m00.0s

running (5m22.8s), 600/600 VUs, 316905 complete and 0 interrupted iterations
default   [  90% ] 600/600 VUs  5m22.8s/6m00.0s

running (5m23.8s), 600/600 VUs, 317905 complete and 0 interrupted iterations
default   [  90% ] 600/600 VUs  5m23.8s/6m00.0s

running (5m24.8s), 600/600 VUs, 318858 complete and 0 interrupted iterations
default   [  90% ] 600/600 VUs  5m24.8s/6m00.0s

running (5m25.8s), 600/600 VUs, 319855 complete and 0 interrupted iterations
default   [  90% ] 600/600 VUs  5m25.8s/6m00.0s

running (5m26.8s), 600/600 VUs, 320848 complete and 0 interrupted iterations
default   [  91% ] 600/600 VUs  5m26.8s/6m00.0s

running (5m27.8s), 600/600 VUs, 321805 complete and 0 interrupted iterations
default   [  91% ] 600/600 VUs  5m27.8s/6m00.0s

running (5m28.8s), 600/600 VUs, 322805 complete and 0 interrupted iterations
default   [  91% ] 600/600 VUs  5m28.8s/6m00.0s

running (5m29.8s), 600/600 VUs, 323801 complete and 0 interrupted iterations
default   [  92% ] 600/600 VUs  5m29.8s/6m00.0s

running (5m30.8s), 592/600 VUs, 324755 complete and 0 interrupted iterations
default   [  92% ] 592/600 VUs  5m30.8s/6m00.0s

running (5m31.8s), 571/600 VUs, 325755 complete and 0 interrupted iterations
default   [  92% ] 571/600 VUs  5m31.8s/6m00.0s

running (5m32.8s), 550/600 VUs, 326753 complete and 0 interrupted iterations
default   [  92% ] 550/600 VUs  5m32.8s/6m00.0s

running (5m33.8s), 531/600 VUs, 327709 complete and 0 interrupted iterations
default   [  93% ] 531/600 VUs  5m33.8s/6m00.0s

running (5m34.8s), 510/600 VUs, 328705 complete and 0 interrupted iterations
default   [  93% ] 510/600 VUs  5m34.8s/6m00.0s

running (5m35.8s), 490/600 VUs, 329705 complete and 0 interrupted iterations
default   [  93% ] 490/600 VUs  5m35.8s/6m00.0s

running (5m36.8s), 470/600 VUs, 330684 complete and 0 interrupted iterations
default   [  94% ] 470/600 VUs  5m36.8s/6m00.0s

running (5m37.8s), 450/600 VUs, 331655 complete and 0 interrupted iterations
default   [  94% ] 450/600 VUs  5m37.8s/6m00.0s

running (5m38.8s), 430/600 VUs, 332655 complete and 0 interrupted iterations
default   [  94% ] 430/600 VUs  5m38.8s/6m00.0s

running (5m39.8s), 409/600 VUs, 333639 complete and 0 interrupted iterations
default   [  94% ] 409/600 VUs  5m39.8s/6m00.0s

running (5m40.8s), 389/600 VUs, 334617 complete and 0 interrupted iterations
default   [  95% ] 389/600 VUs  5m40.8s/6m00.0s

running (5m41.8s), 369/600 VUs, 335605 complete and 0 interrupted iterations
default   [  95% ] 369/600 VUs  5m41.8s/6m00.0s

running (5m42.8s), 349/600 VUs, 336605 complete and 0 interrupted iterations
default   [  95% ] 349/600 VUs  5m42.8s/6m00.0s

running (5m43.8s), 329/600 VUs, 337579 complete and 0 interrupted iterations
default   [  95% ] 329/600 VUs  5m43.8s/6m00.0s

running (5m44.8s), 309/600 VUs, 338555 complete and 0 interrupted iterations
default   [  96% ] 309/600 VUs  5m44.8s/6m00.0s

running (5m45.8s), 288/600 VUs, 339555 complete and 0 interrupted iterations
default   [  96% ] 288/600 VUs  5m45.8s/6m00.0s

running (5m46.8s), 269/600 VUs, 340555 complete and 0 interrupted iterations
default   [  96% ] 269/600 VUs  5m46.8s/6m00.0s

running (5m47.8s), 248/600 VUs, 341505 complete and 0 interrupted iterations
default   [  97% ] 248/600 VUs  5m47.8s/6m00.0s

running (5m48.8s), 227/600 VUs, 342505 complete and 0 interrupted iterations
default   [  97% ] 227/600 VUs  5m48.8s/6m00.0s

running (5m49.8s), 208/600 VUs, 343505 complete and 0 interrupted iterations
default   [  97% ] 208/600 VUs  5m49.8s/6m00.0s

running (5m50.8s), 188/600 VUs, 344491 complete and 0 interrupted iterations
default   [  97% ] 188/600 VUs  5m50.8s/6m00.0s

running (5m51.8s), 167/600 VUs, 345455 complete and 0 interrupted iterations
default   [  98% ] 167/600 VUs  5m51.8s/6m00.0s

running (5m52.8s), 147/600 VUs, 346455 complete and 0 interrupted iterations
default   [  98% ] 147/600 VUs  5m52.8s/6m00.0s

running (5m53.8s), 126/600 VUs, 347442 complete and 0 interrupted iterations
default   [  98% ] 126/600 VUs  5m53.8s/6m00.0s

running (5m54.8s), 107/600 VUs, 348405 complete and 0 interrupted iterations
default   [  99% ] 107/600 VUs  5m54.8s/6m00.0s

running (5m55.8s), 087/600 VUs, 349405 complete and 0 interrupted iterations
default   [  99% ] 087/600 VUs  5m55.8s/6m00.0s

running (5m56.8s), 066/600 VUs, 350405 complete and 0 interrupted iterations
default   [  99% ] 066/600 VUs  5m56.8s/6m00.0s

running (5m57.8s), 046/600 VUs, 351349 complete and 0 interrupted iterations
default   [  99% ] 046/600 VUs  5m57.8s/6m00.0s

running (5m58.8s), 026/600 VUs, 352079 complete and 0 interrupted iterations
default   [ 100% ] 026/600 VUs  5m58.8s/6m00.0s

running (5m59.8s), 006/600 VUs, 352396 complete and 0 interrupted iterations
default   [ 100% ] 006/600 VUs  5m59.8s/6m00.0s


  █ THRESHOLDS 

    checks
    ✓ 'rate>0.95' rate=100.00%

    http_req_duration
    ✓ 'p(95)<5000' p(95)=612.78ms
    ✓ 'p(99)<10000' p(99)=619.97ms

    http_req_failed
    ✓ 'rate<0.05' rate=0.00%


  █ TOTAL RESULTS 

    checks_total.......: 1409668 3915.52598/s
    checks_succeeded...: 100.00% 1409668 out of 1409668
    checks_failed......: 0.00%   0 out of 1409668

    ✓ status is 200
    ✓ content-type is json
    ✓ workloadType is IO-BOUND
    ✓ executionTimeMs exists

    CUSTOM
    response_time_ms...............: min=50.731461 avg=561.99003 med=607.330724 max=660.210283 p(90)=611.129734 p(95)=612.785568 p(99)=619.973995
    successful_requests............: 352417 978.881495/s

    HTTP
    http_req_duration..............: min=50.73ms   avg=561.99ms  med=607.33ms   max=660.21ms   p(90)=611.12ms   p(95)=612.78ms   p(99)=619.97ms  
      { expected_response:true }...: min=50.73ms   avg=561.99ms  med=607.33ms   max=660.21ms   p(90)=611.12ms   p(95)=612.78ms   p(99)=619.97ms  
    http_req_failed................: 0.00%  0 out of 352417
    http_reqs......................: 352417 978.881495/s

    EXECUTION
    iteration_duration.............: min=50.82ms   avg=562.13ms  med=607.46ms   max=660.33ms   p(90)=611.27ms   p(95)=612.93ms   p(99)=620.12ms  
    iterations.....................: 352417 978.881495/s
    vus............................: 6      min=6           max=600
    vus_max........................: 600    min=600         max=600

    NETWORK
    data_received..................: 78 MB  216 kB/s
    data_sent......................: 28 MB  77 kB/s




running (6m00.0s), 000/600 VUs, 352417 complete and 0 interrupted iterations
default ✓ [ 100% ] 000/600 VUs  6m0s
