
         /\      Grafana   /‾‾/  
    /\  /  \     |\  __   /  /   
   /  \/    \    | |/ /  /   ‾‾\ 
  /          \   |   (  |  (‾)  |
 / __________ \  |_|\_\  \_____/ 


     execution: local
        script: cpu-bound-test.js
        output: -

     scenarios: (100.00%) 1 scenario, 50 max VUs, 4m30s max duration (incl. graceful stop):
              * default: Up to 50 looping VUs for 4m0s over 3 stages (gracefulRampDown: 30s, gracefulStop: 30s)


running (0m01.0s), 02/50 VUs, 21 complete and 0 interrupted iterations
default   [   0% ] 02/50 VUs  0m01.0s/4m00.0s

running (0m02.0s), 04/50 VUs, 54 complete and 0 interrupted iterations
default   [   1% ] 04/50 VUs  0m02.0s/4m00.0s

running (0m03.0s), 05/50 VUs, 89 complete and 0 interrupted iterations
default   [   1% ] 05/50 VUs  0m03.0s/4m00.0s

running (0m04.0s), 07/50 VUs, 122 complete and 0 interrupted iterations
default   [   2% ] 07/50 VUs  0m04.0s/4m00.0s

running (0m05.0s), 09/50 VUs, 156 complete and 0 interrupted iterations
default   [   2% ] 09/50 VUs  0m05.0s/4m00.0s

running (0m06.0s), 10/50 VUs, 190 complete and 0 interrupted iterations
default   [   2% ] 10/50 VUs  0m06.0s/4m00.0s

running (0m07.0s), 12/50 VUs, 223 complete and 0 interrupted iterations
default   [   3% ] 12/50 VUs  0m07.0s/4m00.0s

running (0m08.0s), 14/50 VUs, 258 complete and 0 interrupted iterations
default   [   3% ] 14/50 VUs  0m08.0s/4m00.0s

running (0m09.0s), 15/50 VUs, 291 complete and 0 interrupted iterations
default   [   4% ] 15/50 VUs  0m09.0s/4m00.0s

running (0m10.0s), 17/50 VUs, 326 complete and 0 interrupted iterations
default   [   4% ] 17/50 VUs  0m10.0s/4m00.0s

running (0m11.0s), 18/50 VUs, 358 complete and 0 interrupted iterations
default   [   5% ] 18/50 VUs  0m11.0s/4m00.0s

running (0m12.0s), 20/50 VUs, 394 complete and 0 interrupted iterations
default   [   5% ] 20/50 VUs  0m12.0s/4m00.0s

running (0m13.0s), 22/50 VUs, 426 complete and 0 interrupted iterations
default   [   5% ] 22/50 VUs  0m13.0s/4m00.0s

running (0m14.0s), 23/50 VUs, 462 complete and 0 interrupted iterations
default   [   6% ] 23/50 VUs  0m14.0s/4m00.0s

running (0m15.0s), 25/50 VUs, 494 complete and 0 interrupted iterations
default   [   6% ] 25/50 VUs  0m15.0s/4m00.0s

running (0m16.0s), 27/50 VUs, 530 complete and 0 interrupted iterations
default   [   7% ] 27/50 VUs  0m16.0s/4m00.0s

running (0m17.0s), 28/50 VUs, 562 complete and 0 interrupted iterations
default   [   7% ] 28/50 VUs  0m17.0s/4m00.0s

running (0m18.0s), 30/50 VUs, 595 complete and 0 interrupted iterations
default   [   7% ] 30/50 VUs  0m18.0s/4m00.0s

running (0m19.0s), 31/50 VUs, 630 complete and 0 interrupted iterations
default   [   8% ] 31/50 VUs  0m19.0s/4m00.0s

running (0m20.0s), 33/50 VUs, 662 complete and 0 interrupted iterations
default   [   8% ] 33/50 VUs  0m20.0s/4m00.0s

running (0m21.0s), 35/50 VUs, 698 complete and 0 interrupted iterations
default   [   9% ] 35/50 VUs  0m21.0s/4m00.0s

running (0m22.0s), 36/50 VUs, 730 complete and 0 interrupted iterations
default   [   9% ] 36/50 VUs  0m22.0s/4m00.0s

running (0m23.0s), 38/50 VUs, 766 complete and 0 interrupted iterations
default   [  10% ] 38/50 VUs  0m23.0s/4m00.0s

running (0m24.0s), 40/50 VUs, 798 complete and 0 interrupted iterations
default   [  10% ] 40/50 VUs  0m24.0s/4m00.0s

running (0m25.0s), 41/50 VUs, 834 complete and 0 interrupted iterations
default   [  10% ] 41/50 VUs  0m25.0s/4m00.0s

running (0m26.0s), 43/50 VUs, 866 complete and 0 interrupted iterations
default   [  11% ] 43/50 VUs  0m26.0s/4m00.0s

running (0m27.0s), 45/50 VUs, 901 complete and 0 interrupted iterations
default   [  11% ] 45/50 VUs  0m27.0s/4m00.0s

running (0m28.0s), 46/50 VUs, 934 complete and 0 interrupted iterations
default   [  12% ] 46/50 VUs  0m28.0s/4m00.0s

running (0m29.0s), 48/50 VUs, 970 complete and 0 interrupted iterations
default   [  12% ] 48/50 VUs  0m29.0s/4m00.0s

running (0m30.0s), 49/50 VUs, 1002 complete and 0 interrupted iterations
default   [  12% ] 49/50 VUs  0m30.0s/4m00.0s

running (0m31.0s), 50/50 VUs, 1037 complete and 0 interrupted iterations
default   [  13% ] 50/50 VUs  0m31.0s/4m00.0s

running (0m32.0s), 50/50 VUs, 1070 complete and 0 interrupted iterations
default   [  13% ] 50/50 VUs  0m32.0s/4m00.0s

running (0m33.0s), 50/50 VUs, 1104 complete and 0 interrupted iterations
default   [  14% ] 50/50 VUs  0m33.0s/4m00.0s

running (0m34.0s), 50/50 VUs, 1138 complete and 0 interrupted iterations
default   [  14% ] 50/50 VUs  0m34.0s/4m00.0s

running (0m35.0s), 50/50 VUs, 1171 complete and 0 interrupted iterations
default   [  15% ] 50/50 VUs  0m35.0s/4m00.0s

running (0m36.0s), 50/50 VUs, 1206 complete and 0 interrupted iterations
default   [  15% ] 50/50 VUs  0m36.0s/4m00.0s

running (0m37.0s), 50/50 VUs, 1238 complete and 0 interrupted iterations
default   [  15% ] 50/50 VUs  0m37.0s/4m00.0s

running (0m38.0s), 50/50 VUs, 1274 complete and 0 interrupted iterations
default   [  16% ] 50/50 VUs  0m38.0s/4m00.0s

running (0m39.0s), 50/50 VUs, 1306 complete and 0 interrupted iterations
default   [  16% ] 50/50 VUs  0m39.0s/4m00.0s

running (0m40.0s), 50/50 VUs, 1342 complete and 0 interrupted iterations
default   [  17% ] 50/50 VUs  0m40.0s/4m00.0s

running (0m41.0s), 50/50 VUs, 1374 complete and 0 interrupted iterations
default   [  17% ] 50/50 VUs  0m41.0s/4m00.0s

running (0m42.0s), 50/50 VUs, 1410 complete and 0 interrupted iterations
default   [  17% ] 50/50 VUs  0m42.0s/4m00.0s

running (0m43.0s), 50/50 VUs, 1442 complete and 0 interrupted iterations
default   [  18% ] 50/50 VUs  0m43.0s/4m00.0s

running (0m44.0s), 50/50 VUs, 1474 complete and 0 interrupted iterations
default   [  18% ] 50/50 VUs  0m44.0s/4m00.0s

running (0m45.0s), 50/50 VUs, 1510 complete and 0 interrupted iterations
default   [  19% ] 50/50 VUs  0m45.0s/4m00.0s

running (0m46.0s), 50/50 VUs, 1543 complete and 0 interrupted iterations
default   [  19% ] 50/50 VUs  0m46.0s/4m00.0s

running (0m47.0s), 50/50 VUs, 1578 complete and 0 interrupted iterations
default   [  20% ] 50/50 VUs  0m47.0s/4m00.0s

running (0m48.0s), 50/50 VUs, 1611 complete and 0 interrupted iterations
default   [  20% ] 50/50 VUs  0m48.0s/4m00.0s

running (0m49.0s), 50/50 VUs, 1646 complete and 0 interrupted iterations
default   [  20% ] 50/50 VUs  0m49.0s/4m00.0s

running (0m50.0s), 50/50 VUs, 1678 complete and 0 interrupted iterations
default   [  21% ] 50/50 VUs  0m50.0s/4m00.0s

running (0m51.0s), 50/50 VUs, 1713 complete and 0 interrupted iterations
default   [  21% ] 50/50 VUs  0m51.0s/4m00.0s

running (0m52.0s), 50/50 VUs, 1746 complete and 0 interrupted iterations
default   [  22% ] 50/50 VUs  0m52.0s/4m00.0s

running (0m53.0s), 50/50 VUs, 1782 complete and 0 interrupted iterations
default   [  22% ] 50/50 VUs  0m53.0s/4m00.0s

running (0m54.0s), 50/50 VUs, 1814 complete and 0 interrupted iterations
default   [  22% ] 50/50 VUs  0m54.0s/4m00.0s

running (0m55.0s), 50/50 VUs, 1846 complete and 0 interrupted iterations
default   [  23% ] 50/50 VUs  0m55.0s/4m00.0s

running (0m56.0s), 50/50 VUs, 1882 complete and 0 interrupted iterations
default   [  23% ] 50/50 VUs  0m56.0s/4m00.0s

running (0m57.0s), 50/50 VUs, 1914 complete and 0 interrupted iterations
default   [  24% ] 50/50 VUs  0m57.0s/4m00.0s

running (0m58.0s), 50/50 VUs, 1950 complete and 0 interrupted iterations
default   [  24% ] 50/50 VUs  0m58.0s/4m00.0s

running (0m59.0s), 50/50 VUs, 1982 complete and 0 interrupted iterations
default   [  25% ] 50/50 VUs  0m59.0s/4m00.0s

running (1m00.0s), 50/50 VUs, 2018 complete and 0 interrupted iterations
default   [  25% ] 50/50 VUs  1m00.0s/4m00.0s

running (1m01.0s), 50/50 VUs, 2050 complete and 0 interrupted iterations
default   [  25% ] 50/50 VUs  1m01.0s/4m00.0s

running (1m02.0s), 50/50 VUs, 2086 complete and 0 interrupted iterations
default   [  26% ] 50/50 VUs  1m02.0s/4m00.0s

running (1m03.0s), 50/50 VUs, 2118 complete and 0 interrupted iterations
default   [  26% ] 50/50 VUs  1m03.0s/4m00.0s

running (1m04.0s), 50/50 VUs, 2154 complete and 0 interrupted iterations
default   [  27% ] 50/50 VUs  1m04.0s/4m00.0s

running (1m05.0s), 50/50 VUs, 2186 complete and 0 interrupted iterations
default   [  27% ] 50/50 VUs  1m05.0s/4m00.0s

running (1m06.0s), 50/50 VUs, 2221 complete and 0 interrupted iterations
default   [  27% ] 50/50 VUs  1m06.0s/4m00.0s

running (1m07.0s), 50/50 VUs, 2254 complete and 0 interrupted iterations
default   [  28% ] 50/50 VUs  1m07.0s/4m00.0s

running (1m08.0s), 50/50 VUs, 2288 complete and 0 interrupted iterations
default   [  28% ] 50/50 VUs  1m08.0s/4m00.0s

running (1m09.0s), 50/50 VUs, 2322 complete and 0 interrupted iterations
default   [  29% ] 50/50 VUs  1m09.0s/4m00.0s

running (1m10.0s), 50/50 VUs, 2355 complete and 0 interrupted iterations
default   [  29% ] 50/50 VUs  1m10.0s/4m00.0s

running (1m11.0s), 50/50 VUs, 2390 complete and 0 interrupted iterations
default   [  30% ] 50/50 VUs  1m11.0s/4m00.0s

running (1m12.0s), 50/50 VUs, 2422 complete and 0 interrupted iterations
default   [  30% ] 50/50 VUs  1m12.0s/4m00.0s

running (1m13.0s), 50/50 VUs, 2458 complete and 0 interrupted iterations
default   [  30% ] 50/50 VUs  1m13.0s/4m00.0s

running (1m14.0s), 50/50 VUs, 2490 complete and 0 interrupted iterations
default   [  31% ] 50/50 VUs  1m14.0s/4m00.0s

running (1m15.0s), 50/50 VUs, 2526 complete and 0 interrupted iterations
default   [  31% ] 50/50 VUs  1m15.0s/4m00.0s

running (1m16.0s), 50/50 VUs, 2558 complete and 0 interrupted iterations
default   [  32% ] 50/50 VUs  1m16.0s/4m00.0s

running (1m17.0s), 50/50 VUs, 2593 complete and 0 interrupted iterations
default   [  32% ] 50/50 VUs  1m17.0s/4m00.0s

running (1m18.0s), 50/50 VUs, 2626 complete and 0 interrupted iterations
default   [  32% ] 50/50 VUs  1m18.0s/4m00.0s

running (1m19.0s), 50/50 VUs, 2659 complete and 0 interrupted iterations
default   [  33% ] 50/50 VUs  1m19.0s/4m00.0s

running (1m20.0s), 50/50 VUs, 2694 complete and 0 interrupted iterations
default   [  33% ] 50/50 VUs  1m20.0s/4m00.0s

running (1m21.0s), 50/50 VUs, 2727 complete and 0 interrupted iterations
default   [  34% ] 50/50 VUs  1m21.0s/4m00.0s

running (1m22.0s), 50/50 VUs, 2762 complete and 0 interrupted iterations
default   [  34% ] 50/50 VUs  1m22.0s/4m00.0s

running (1m23.0s), 50/50 VUs, 2794 complete and 0 interrupted iterations
default   [  35% ] 50/50 VUs  1m23.0s/4m00.0s

running (1m24.0s), 50/50 VUs, 2830 complete and 0 interrupted iterations
default   [  35% ] 50/50 VUs  1m24.0s/4m00.0s

running (1m25.0s), 50/50 VUs, 2862 complete and 0 interrupted iterations
default   [  35% ] 50/50 VUs  1m25.0s/4m00.0s

running (1m26.0s), 50/50 VUs, 2898 complete and 0 interrupted iterations
default   [  36% ] 50/50 VUs  1m26.0s/4m00.0s

running (1m27.0s), 50/50 VUs, 2931 complete and 0 interrupted iterations
default   [  36% ] 50/50 VUs  1m27.0s/4m00.0s

running (1m28.0s), 50/50 VUs, 2965 complete and 0 interrupted iterations
default   [  37% ] 50/50 VUs  1m28.0s/4m00.0s

running (1m29.0s), 50/50 VUs, 2998 complete and 0 interrupted iterations
default   [  37% ] 50/50 VUs  1m29.0s/4m00.0s

running (1m30.0s), 50/50 VUs, 3033 complete and 0 interrupted iterations
default   [  37% ] 50/50 VUs  1m30.0s/4m00.0s

running (1m31.0s), 50/50 VUs, 3066 complete and 0 interrupted iterations
default   [  38% ] 50/50 VUs  1m31.0s/4m00.0s

running (1m32.0s), 50/50 VUs, 3100 complete and 0 interrupted iterations
default   [  38% ] 50/50 VUs  1m32.0s/4m00.0s

running (1m33.0s), 50/50 VUs, 3134 complete and 0 interrupted iterations
default   [  39% ] 50/50 VUs  1m33.0s/4m00.0s

running (1m34.0s), 50/50 VUs, 3167 complete and 0 interrupted iterations
default   [  39% ] 50/50 VUs  1m34.0s/4m00.0s

running (1m35.0s), 50/50 VUs, 3202 complete and 0 interrupted iterations
default   [  40% ] 50/50 VUs  1m35.0s/4m00.0s

running (1m36.0s), 50/50 VUs, 3235 complete and 0 interrupted iterations
default   [  40% ] 50/50 VUs  1m36.0s/4m00.0s

running (1m37.0s), 50/50 VUs, 3269 complete and 0 interrupted iterations
default   [  40% ] 50/50 VUs  1m37.0s/4m00.0s

running (1m38.0s), 50/50 VUs, 3303 complete and 0 interrupted iterations
default   [  41% ] 50/50 VUs  1m38.0s/4m00.0s

running (1m39.0s), 50/50 VUs, 3337 complete and 0 interrupted iterations
default   [  41% ] 50/50 VUs  1m39.0s/4m00.0s

running (1m40.0s), 50/50 VUs, 3371 complete and 0 interrupted iterations
default   [  42% ] 50/50 VUs  1m40.0s/4m00.0s

running (1m41.0s), 50/50 VUs, 3405 complete and 0 interrupted iterations
default   [  42% ] 50/50 VUs  1m41.0s/4m00.0s

running (1m42.0s), 50/50 VUs, 3438 complete and 0 interrupted iterations
default   [  42% ] 50/50 VUs  1m42.0s/4m00.0s

running (1m43.0s), 50/50 VUs, 3472 complete and 0 interrupted iterations
default   [  43% ] 50/50 VUs  1m43.0s/4m00.0s

running (1m44.0s), 50/50 VUs, 3506 complete and 0 interrupted iterations
default   [  43% ] 50/50 VUs  1m44.0s/4m00.0s

running (1m45.0s), 50/50 VUs, 3540 complete and 0 interrupted iterations
default   [  44% ] 50/50 VUs  1m45.0s/4m00.0s

running (1m46.0s), 50/50 VUs, 3574 complete and 0 interrupted iterations
default   [  44% ] 50/50 VUs  1m46.0s/4m00.0s

running (1m47.0s), 50/50 VUs, 3608 complete and 0 interrupted iterations
default   [  45% ] 50/50 VUs  1m47.0s/4m00.0s

running (1m48.0s), 50/50 VUs, 3642 complete and 0 interrupted iterations
default   [  45% ] 50/50 VUs  1m48.0s/4m00.0s

running (1m49.0s), 50/50 VUs, 3676 complete and 0 interrupted iterations
default   [  45% ] 50/50 VUs  1m49.0s/4m00.0s

running (1m50.0s), 50/50 VUs, 3710 complete and 0 interrupted iterations
default   [  46% ] 50/50 VUs  1m50.0s/4m00.0s

running (1m51.0s), 50/50 VUs, 3743 complete and 0 interrupted iterations
default   [  46% ] 50/50 VUs  1m51.0s/4m00.0s

running (1m52.0s), 50/50 VUs, 3777 complete and 0 interrupted iterations
default   [  47% ] 50/50 VUs  1m52.0s/4m00.0s

running (1m53.0s), 50/50 VUs, 3811 complete and 0 interrupted iterations
default   [  47% ] 50/50 VUs  1m53.0s/4m00.0s

running (1m54.0s), 50/50 VUs, 3845 complete and 0 interrupted iterations
default   [  47% ] 50/50 VUs  1m54.0s/4m00.0s

running (1m55.0s), 50/50 VUs, 3879 complete and 0 interrupted iterations
default   [  48% ] 50/50 VUs  1m55.0s/4m00.0s

running (1m56.0s), 50/50 VUs, 3914 complete and 0 interrupted iterations
default   [  48% ] 50/50 VUs  1m56.0s/4m00.0s

running (1m57.0s), 50/50 VUs, 3946 complete and 0 interrupted iterations
default   [  49% ] 50/50 VUs  1m57.0s/4m00.0s

running (1m58.0s), 50/50 VUs, 3981 complete and 0 interrupted iterations
default   [  49% ] 50/50 VUs  1m58.0s/4m00.0s

running (1m59.0s), 50/50 VUs, 4014 complete and 0 interrupted iterations
default   [  50% ] 50/50 VUs  1m59.0s/4m00.0s

running (2m00.0s), 50/50 VUs, 4049 complete and 0 interrupted iterations
default   [  50% ] 50/50 VUs  2m00.0s/4m00.0s

running (2m01.0s), 50/50 VUs, 4082 complete and 0 interrupted iterations
default   [  50% ] 50/50 VUs  2m01.0s/4m00.0s

running (2m02.0s), 50/50 VUs, 4117 complete and 0 interrupted iterations
default   [  51% ] 50/50 VUs  2m02.0s/4m00.0s

running (2m03.0s), 50/50 VUs, 4150 complete and 0 interrupted iterations
default   [  51% ] 50/50 VUs  2m03.0s/4m00.0s

running (2m04.0s), 50/50 VUs, 4185 complete and 0 interrupted iterations
default   [  52% ] 50/50 VUs  2m04.0s/4m00.0s

running (2m05.0s), 50/50 VUs, 4218 complete and 0 interrupted iterations
default   [  52% ] 50/50 VUs  2m05.0s/4m00.0s

running (2m06.0s), 50/50 VUs, 4251 complete and 0 interrupted iterations
default   [  52% ] 50/50 VUs  2m06.0s/4m00.0s

running (2m07.0s), 50/50 VUs, 4286 complete and 0 interrupted iterations
default   [  53% ] 50/50 VUs  2m07.0s/4m00.0s

running (2m08.0s), 50/50 VUs, 4319 complete and 0 interrupted iterations
default   [  53% ] 50/50 VUs  2m08.0s/4m00.0s

running (2m09.0s), 50/50 VUs, 4354 complete and 0 interrupted iterations
default   [  54% ] 50/50 VUs  2m09.0s/4m00.0s

running (2m10.0s), 50/50 VUs, 4386 complete and 0 interrupted iterations
default   [  54% ] 50/50 VUs  2m10.0s/4m00.0s

running (2m11.0s), 50/50 VUs, 4422 complete and 0 interrupted iterations
default   [  55% ] 50/50 VUs  2m11.0s/4m00.0s

running (2m12.0s), 50/50 VUs, 4454 complete and 0 interrupted iterations
default   [  55% ] 50/50 VUs  2m12.0s/4m00.0s

running (2m13.0s), 50/50 VUs, 4490 complete and 0 interrupted iterations
default   [  55% ] 50/50 VUs  2m13.0s/4m00.0s

running (2m14.0s), 50/50 VUs, 4522 complete and 0 interrupted iterations
default   [  56% ] 50/50 VUs  2m14.0s/4m00.0s

running (2m15.0s), 50/50 VUs, 4558 complete and 0 interrupted iterations
default   [  56% ] 50/50 VUs  2m15.0s/4m00.0s

running (2m16.0s), 50/50 VUs, 4590 complete and 0 interrupted iterations
default   [  57% ] 50/50 VUs  2m16.0s/4m00.0s

running (2m17.0s), 50/50 VUs, 4626 complete and 0 interrupted iterations
default   [  57% ] 50/50 VUs  2m17.0s/4m00.0s

running (2m18.0s), 50/50 VUs, 4658 complete and 0 interrupted iterations
default   [  57% ] 50/50 VUs  2m18.0s/4m00.0s

running (2m19.0s), 50/50 VUs, 4694 complete and 0 interrupted iterations
default   [  58% ] 50/50 VUs  2m19.0s/4m00.0s

running (2m20.0s), 50/50 VUs, 4726 complete and 0 interrupted iterations
default   [  58% ] 50/50 VUs  2m20.0s/4m00.0s

running (2m21.0s), 50/50 VUs, 4756 complete and 0 interrupted iterations
default   [  59% ] 50/50 VUs  2m21.0s/4m00.0s

running (2m22.0s), 50/50 VUs, 4790 complete and 0 interrupted iterations
default   [  59% ] 50/50 VUs  2m22.0s/4m00.0s

running (2m23.0s), 50/50 VUs, 4824 complete and 0 interrupted iterations
default   [  60% ] 50/50 VUs  2m23.0s/4m00.0s

running (2m24.0s), 50/50 VUs, 4858 complete and 0 interrupted iterations
default   [  60% ] 50/50 VUs  2m24.0s/4m00.0s

running (2m25.0s), 50/50 VUs, 4892 complete and 0 interrupted iterations
default   [  60% ] 50/50 VUs  2m25.0s/4m00.0s

running (2m26.0s), 50/50 VUs, 4926 complete and 0 interrupted iterations
default   [  61% ] 50/50 VUs  2m26.0s/4m00.0s

running (2m27.0s), 50/50 VUs, 4959 complete and 0 interrupted iterations
default   [  61% ] 50/50 VUs  2m27.0s/4m00.0s

running (2m28.0s), 50/50 VUs, 4993 complete and 0 interrupted iterations
default   [  62% ] 50/50 VUs  2m28.0s/4m00.0s

running (2m29.0s), 50/50 VUs, 5027 complete and 0 interrupted iterations
default   [  62% ] 50/50 VUs  2m29.0s/4m00.0s

running (2m30.0s), 50/50 VUs, 5061 complete and 0 interrupted iterations
default   [  62% ] 50/50 VUs  2m30.0s/4m00.0s

running (2m31.0s), 50/50 VUs, 5095 complete and 0 interrupted iterations
default   [  63% ] 50/50 VUs  2m31.0s/4m00.0s

running (2m32.0s), 50/50 VUs, 5129 complete and 0 interrupted iterations
default   [  63% ] 50/50 VUs  2m32.0s/4m00.0s

running (2m33.0s), 50/50 VUs, 5163 complete and 0 interrupted iterations
default   [  64% ] 50/50 VUs  2m33.0s/4m00.0s

running (2m34.0s), 50/50 VUs, 5197 complete and 0 interrupted iterations
default   [  64% ] 50/50 VUs  2m34.0s/4m00.0s

running (2m35.0s), 50/50 VUs, 5231 complete and 0 interrupted iterations
default   [  65% ] 50/50 VUs  2m35.0s/4m00.0s

running (2m36.0s), 50/50 VUs, 5264 complete and 0 interrupted iterations
default   [  65% ] 50/50 VUs  2m36.0s/4m00.0s

running (2m37.0s), 50/50 VUs, 5297 complete and 0 interrupted iterations
default   [  65% ] 50/50 VUs  2m37.0s/4m00.0s

running (2m38.0s), 50/50 VUs, 5332 complete and 0 interrupted iterations
default   [  66% ] 50/50 VUs  2m38.0s/4m00.0s

running (2m39.0s), 50/50 VUs, 5365 complete and 0 interrupted iterations
default   [  66% ] 50/50 VUs  2m39.0s/4m00.0s

running (2m40.0s), 50/50 VUs, 5400 complete and 0 interrupted iterations
default   [  67% ] 50/50 VUs  2m40.0s/4m00.0s

running (2m41.0s), 50/50 VUs, 5433 complete and 0 interrupted iterations
default   [  67% ] 50/50 VUs  2m41.0s/4m00.0s

running (2m42.0s), 50/50 VUs, 5468 complete and 0 interrupted iterations
default   [  67% ] 50/50 VUs  2m42.0s/4m00.0s

running (2m43.0s), 50/50 VUs, 5501 complete and 0 interrupted iterations
default   [  68% ] 50/50 VUs  2m43.0s/4m00.0s

running (2m44.0s), 50/50 VUs, 5535 complete and 0 interrupted iterations
default   [  68% ] 50/50 VUs  2m44.0s/4m00.0s

running (2m45.0s), 50/50 VUs, 5569 complete and 0 interrupted iterations
default   [  69% ] 50/50 VUs  2m45.0s/4m00.0s

running (2m46.0s), 50/50 VUs, 5603 complete and 0 interrupted iterations
default   [  69% ] 50/50 VUs  2m46.0s/4m00.0s

running (2m47.0s), 50/50 VUs, 5637 complete and 0 interrupted iterations
default   [  70% ] 50/50 VUs  2m47.0s/4m00.0s

running (2m48.0s), 50/50 VUs, 5671 complete and 0 interrupted iterations
default   [  70% ] 50/50 VUs  2m48.0s/4m00.0s

running (2m49.0s), 50/50 VUs, 5705 complete and 0 interrupted iterations
default   [  70% ] 50/50 VUs  2m49.0s/4m00.0s

running (2m50.0s), 50/50 VUs, 5737 complete and 0 interrupted iterations
default   [  71% ] 50/50 VUs  2m50.0s/4m00.0s

running (2m51.0s), 50/50 VUs, 5773 complete and 0 interrupted iterations
default   [  71% ] 50/50 VUs  2m51.0s/4m00.0s

running (2m52.0s), 50/50 VUs, 5805 complete and 0 interrupted iterations
default   [  72% ] 50/50 VUs  2m52.0s/4m00.0s

running (2m53.0s), 50/50 VUs, 5841 complete and 0 interrupted iterations
default   [  72% ] 50/50 VUs  2m53.0s/4m00.0s

running (2m54.0s), 50/50 VUs, 5873 complete and 0 interrupted iterations
default   [  72% ] 50/50 VUs  2m54.0s/4m00.0s

running (2m55.0s), 50/50 VUs, 5909 complete and 0 interrupted iterations
default   [  73% ] 50/50 VUs  2m55.0s/4m00.0s

running (2m56.0s), 50/50 VUs, 5941 complete and 0 interrupted iterations
default   [  73% ] 50/50 VUs  2m56.0s/4m00.0s

running (2m57.0s), 50/50 VUs, 5976 complete and 0 interrupted iterations
default   [  74% ] 50/50 VUs  2m57.0s/4m00.0s

running (2m58.0s), 50/50 VUs, 6009 complete and 0 interrupted iterations
default   [  74% ] 50/50 VUs  2m58.0s/4m00.0s

running (2m59.0s), 50/50 VUs, 6044 complete and 0 interrupted iterations
default   [  75% ] 50/50 VUs  2m59.0s/4m00.0s

running (3m00.0s), 50/50 VUs, 6077 complete and 0 interrupted iterations
default   [  75% ] 50/50 VUs  3m00.0s/4m00.0s

running (3m01.0s), 50/50 VUs, 6112 complete and 0 interrupted iterations
default   [  75% ] 50/50 VUs  3m01.0s/4m00.0s

running (3m02.0s), 50/50 VUs, 6145 complete and 0 interrupted iterations
default   [  76% ] 50/50 VUs  3m02.0s/4m00.0s

running (3m03.0s), 50/50 VUs, 6179 complete and 0 interrupted iterations
default   [  76% ] 50/50 VUs  3m03.0s/4m00.0s

running (3m04.0s), 50/50 VUs, 6213 complete and 0 interrupted iterations
default   [  77% ] 50/50 VUs  3m04.0s/4m00.0s

running (3m05.0s), 50/50 VUs, 6247 complete and 0 interrupted iterations
default   [  77% ] 50/50 VUs  3m05.0s/4m00.0s

running (3m06.0s), 50/50 VUs, 6281 complete and 0 interrupted iterations
default   [  77% ] 50/50 VUs  3m06.0s/4m00.0s

running (3m07.0s), 50/50 VUs, 6314 complete and 0 interrupted iterations
default   [  78% ] 50/50 VUs  3m07.0s/4m00.0s

running (3m08.0s), 50/50 VUs, 6349 complete and 0 interrupted iterations
default   [  78% ] 50/50 VUs  3m08.0s/4m00.0s

running (3m09.0s), 50/50 VUs, 6382 complete and 0 interrupted iterations
default   [  79% ] 50/50 VUs  3m09.0s/4m00.0s

running (3m10.0s), 50/50 VUs, 6417 complete and 0 interrupted iterations
default   [  79% ] 50/50 VUs  3m10.0s/4m00.0s

running (3m11.0s), 50/50 VUs, 6450 complete and 0 interrupted iterations
default   [  80% ] 50/50 VUs  3m11.0s/4m00.0s

running (3m12.0s), 50/50 VUs, 6485 complete and 0 interrupted iterations
default   [  80% ] 50/50 VUs  3m12.0s/4m00.0s

running (3m13.0s), 50/50 VUs, 6517 complete and 0 interrupted iterations
default   [  80% ] 50/50 VUs  3m13.0s/4m00.0s

running (3m14.0s), 50/50 VUs, 6553 complete and 0 interrupted iterations
default   [  81% ] 50/50 VUs  3m14.0s/4m00.0s

running (3m15.0s), 50/50 VUs, 6585 complete and 0 interrupted iterations
default   [  81% ] 50/50 VUs  3m15.0s/4m00.0s

running (3m16.0s), 50/50 VUs, 6620 complete and 0 interrupted iterations
default   [  82% ] 50/50 VUs  3m16.0s/4m00.0s

running (3m17.0s), 50/50 VUs, 6653 complete and 0 interrupted iterations
default   [  82% ] 50/50 VUs  3m17.0s/4m00.0s

running (3m18.0s), 50/50 VUs, 6688 complete and 0 interrupted iterations
default   [  82% ] 50/50 VUs  3m18.0s/4m00.0s

running (3m19.0s), 50/50 VUs, 6721 complete and 0 interrupted iterations
default   [  83% ] 50/50 VUs  3m19.0s/4m00.0s

running (3m20.0s), 50/50 VUs, 6754 complete and 0 interrupted iterations
default   [  83% ] 50/50 VUs  3m20.0s/4m00.0s

running (3m21.0s), 50/50 VUs, 6789 complete and 0 interrupted iterations
default   [  84% ] 50/50 VUs  3m21.0s/4m00.0s

running (3m22.0s), 50/50 VUs, 6821 complete and 0 interrupted iterations
default   [  84% ] 50/50 VUs  3m22.0s/4m00.0s

running (3m23.0s), 50/50 VUs, 6857 complete and 0 interrupted iterations
default   [  85% ] 50/50 VUs  3m23.0s/4m00.0s

running (3m24.0s), 50/50 VUs, 6889 complete and 0 interrupted iterations
default   [  85% ] 50/50 VUs  3m24.0s/4m00.0s

running (3m25.0s), 50/50 VUs, 6925 complete and 0 interrupted iterations
default   [  85% ] 50/50 VUs  3m25.0s/4m00.0s

running (3m26.0s), 50/50 VUs, 6957 complete and 0 interrupted iterations
default   [  86% ] 50/50 VUs  3m26.0s/4m00.0s

running (3m27.0s), 50/50 VUs, 6993 complete and 0 interrupted iterations
default   [  86% ] 50/50 VUs  3m27.0s/4m00.0s

running (3m28.0s), 50/50 VUs, 7025 complete and 0 interrupted iterations
default   [  87% ] 50/50 VUs  3m28.0s/4m00.0s

running (3m29.0s), 50/50 VUs, 7061 complete and 0 interrupted iterations
default   [  87% ] 50/50 VUs  3m29.0s/4m00.0s

running (3m30.0s), 50/50 VUs, 7093 complete and 0 interrupted iterations
default   [  87% ] 50/50 VUs  3m30.0s/4m00.0s

running (3m31.0s), 50/50 VUs, 7128 complete and 0 interrupted iterations
default   [  88% ] 50/50 VUs  3m31.0s/4m00.0s

running (3m32.0s), 49/50 VUs, 7161 complete and 0 interrupted iterations
default   [  88% ] 49/50 VUs  3m32.0s/4m00.0s

running (3m33.0s), 46/50 VUs, 7196 complete and 0 interrupted iterations
default   [  89% ] 46/50 VUs  3m33.0s/4m00.0s

running (3m34.0s), 46/50 VUs, 7229 complete and 0 interrupted iterations
default   [  89% ] 46/50 VUs  3m34.0s/4m00.0s

running (3m35.0s), 44/50 VUs, 7263 complete and 0 interrupted iterations
default   [  90% ] 44/50 VUs  3m35.0s/4m00.0s

running (3m36.0s), 41/50 VUs, 7297 complete and 0 interrupted iterations
default   [  90% ] 41/50 VUs  3m36.0s/4m00.0s

running (3m37.0s), 40/50 VUs, 7331 complete and 0 interrupted iterations
default   [  90% ] 40/50 VUs  3m37.0s/4m00.0s

running (3m38.0s), 38/50 VUs, 7365 complete and 0 interrupted iterations
default   [  91% ] 38/50 VUs  3m38.0s/4m00.0s

running (3m39.0s), 37/50 VUs, 7398 complete and 0 interrupted iterations
default   [  91% ] 37/50 VUs  3m39.0s/4m00.0s

running (3m40.0s), 35/50 VUs, 7433 complete and 0 interrupted iterations
default   [  92% ] 35/50 VUs  3m40.0s/4m00.0s

running (3m41.0s), 33/50 VUs, 7466 complete and 0 interrupted iterations
default   [  92% ] 33/50 VUs  3m41.0s/4m00.0s

running (3m42.0s), 31/50 VUs, 7501 complete and 0 interrupted iterations
default   [  92% ] 31/50 VUs  3m42.0s/4m00.0s

running (3m43.0s), 31/50 VUs, 7534 complete and 0 interrupted iterations
default   [  93% ] 31/50 VUs  3m43.0s/4m00.0s

running (3m44.0s), 28/50 VUs, 7568 complete and 0 interrupted iterations
default   [  93% ] 28/50 VUs  3m44.0s/4m00.0s

running (3m45.0s), 26/50 VUs, 7602 complete and 0 interrupted iterations
default   [  94% ] 26/50 VUs  3m45.0s/4m00.0s

running (3m46.0s), 25/50 VUs, 7636 complete and 0 interrupted iterations
default   [  94% ] 25/50 VUs  3m46.0s/4m00.0s

running (3m47.0s), 23/50 VUs, 7670 complete and 0 interrupted iterations
default   [  95% ] 23/50 VUs  3m47.0s/4m00.0s

running (3m48.0s), 21/50 VUs, 7703 complete and 0 interrupted iterations
default   [  95% ] 21/50 VUs  3m48.0s/4m00.0s

running (3m49.0s), 19/50 VUs, 7738 complete and 0 interrupted iterations
default   [  95% ] 19/50 VUs  3m49.0s/4m00.0s

running (3m50.0s), 18/50 VUs, 7772 complete and 0 interrupted iterations
default   [  96% ] 18/50 VUs  3m50.0s/4m00.0s

running (3m51.0s), 16/50 VUs, 7806 complete and 0 interrupted iterations
default   [  96% ] 16/50 VUs  3m51.0s/4m00.0s

running (3m52.0s), 15/50 VUs, 7839 complete and 0 interrupted iterations
default   [  97% ] 15/50 VUs  3m52.0s/4m00.0s

running (3m53.0s), 12/50 VUs, 7874 complete and 0 interrupted iterations
default   [  97% ] 12/50 VUs  3m53.0s/4m00.0s

running (3m54.0s), 11/50 VUs, 7907 complete and 0 interrupted iterations
default   [  97% ] 11/50 VUs  3m54.0s/4m00.0s

running (3m55.0s), 09/50 VUs, 7941 complete and 0 interrupted iterations
default   [  98% ] 09/50 VUs  3m55.0s/4m00.0s

running (3m56.0s), 07/50 VUs, 7975 complete and 0 interrupted iterations
default   [  98% ] 07/50 VUs  3m56.0s/4m00.0s

running (3m57.0s), 06/50 VUs, 8009 complete and 0 interrupted iterations
default   [  99% ] 06/50 VUs  3m57.0s/4m00.0s

running (3m58.0s), 04/50 VUs, 8042 complete and 0 interrupted iterations
default   [  99% ] 04/50 VUs  3m58.0s/4m00.0s

running (3m59.0s), 02/50 VUs, 8078 complete and 0 interrupted iterations
default   [ 100% ] 02/50 VUs  3m59.0s/4m00.0s

running (4m00.0s), 01/50 VUs, 8103 complete and 0 interrupted iterations
default   [ 100% ] 01/50 VUs  4m00.0s/4m00.0s


  █ THRESHOLDS 

    checks
    ✓ 'rate>0.95' rate=100.00%

    http_req_duration
    ✓ 'p(95)<5000' p(95)=1.77s
    ✓ 'p(99)<10000' p(99)=1.78s

    http_req_failed
    ✓ 'rate<0.05' rate=0.00%


  █ TOTAL RESULTS 

    checks_total.......: 32420   135.065031/s
    checks_succeeded...: 100.00% 32420 out of 32420
    checks_failed......: 0.00%   0 out of 32420

    ✓ status is 200
    ✓ content-type is json
    ✓ workloadType is CPU-BOUND
    ✓ executionTimeMs exists

    CUSTOM
    response_time_ms...............: min=56.674521 avg=1299.926033 med=1528.015925 max=3509.824281 p(90)=1767.494206 p(95)=1774.152529 p(99)=1785.336179
    successful_requests............: 8105   33.766258/s

    HTTP
    http_req_duration..............: min=56.67ms   avg=1.29s       med=1.52s       max=3.5s        p(90)=1.76s       p(95)=1.77s       p(99)=1.78s      
      { expected_response:true }...: min=56.67ms   avg=1.29s       med=1.52s       max=3.5s        p(90)=1.76s       p(95)=1.77s       p(99)=1.78s      
    http_req_failed................: 0.00%  0 out of 8105
    http_reqs......................: 8105   33.766258/s

    EXECUTION
    iteration_duration.............: min=56.8ms    avg=1.3s        med=1.52s       max=3.51s       p(90)=1.76s       p(95)=1.77s       p(99)=1.78s      
    iterations.....................: 8105   33.766258/s
    vus............................: 1      min=1         max=50
    vus_max........................: 50     min=50        max=50

    NETWORK
    data_received..................: 1.9 MB 7.8 kB/s
    data_sent......................: 648 kB 2.7 kB/s




running (4m00.0s), 00/50 VUs, 8105 complete and 0 interrupted iterations
default ✓ [ 100% ] 00/50 VUs  4m0s
