
         /\      Grafana   /‾‾/  
    /\  /  \     |\  __   /  /   
   /  \/    \    | |/ /  /   ‾‾\ 
  /          \   |   (  |  (‾)  |
 / __________ \  |_|\_\  \_____/ 


     execution: local
        script: io-bound-test.js
        output: -

     scenarios: (100.00%) 1 scenario, 300 max VUs, 6m30s max duration (incl. graceful stop):
              * default: Up to 300 looping VUs for 6m0s over 3 stages (gracefulRampDown: 30s, gracefulStop: 30s)


running (0m00.9s), 009/300 VUs, 81 complete and 0 interrupted iterations
default   [   0% ] 009/300 VUs  0m00.9s/6m00.0s

running (0m01.9s), 019/300 VUs, 353 complete and 0 interrupted iterations
default   [   1% ] 019/300 VUs  0m01.9s/6m00.0s

running (0m02.9s), 029/300 VUs, 821 complete and 0 interrupted iterations
default   [   1% ] 029/300 VUs  0m02.9s/6m00.0s

running (0m03.9s), 039/300 VUs, 1485 complete and 0 interrupted iterations
default   [   1% ] 039/300 VUs  0m03.9s/6m00.0s

running (0m04.9s), 049/300 VUs, 2342 complete and 0 interrupted iterations
default   [   1% ] 049/300 VUs  0m04.9s/6m00.0s

running (0m05.9s), 059/300 VUs, 3327 complete and 0 interrupted iterations
default   [   2% ] 059/300 VUs  0m05.9s/6m00.0s

running (0m06.9s), 069/300 VUs, 4321 complete and 0 interrupted iterations
default   [   2% ] 069/300 VUs  0m06.9s/6m00.0s

running (0m07.9s), 079/300 VUs, 5312 complete and 0 interrupted iterations
default   [   2% ] 079/300 VUs  0m07.9s/6m00.0s

running (0m08.9s), 089/300 VUs, 6300 complete and 0 interrupted iterations
default   [   2% ] 089/300 VUs  0m08.9s/6m00.0s

running (0m09.9s), 099/300 VUs, 7285 complete and 0 interrupted iterations
default   [   3% ] 099/300 VUs  0m09.9s/6m00.0s

running (0m10.9s), 109/300 VUs, 8277 complete and 0 interrupted iterations
default   [   3% ] 109/300 VUs  0m10.9s/6m00.0s

running (0m11.9s), 119/300 VUs, 9270 complete and 0 interrupted iterations
default   [   3% ] 119/300 VUs  0m11.9s/6m00.0s

running (0m12.9s), 129/300 VUs, 10254 complete and 0 interrupted iterations
default   [   4% ] 129/300 VUs  0m12.9s/6m00.0s

running (0m13.9s), 139/300 VUs, 11244 complete and 0 interrupted iterations
default   [   4% ] 139/300 VUs  0m13.9s/6m00.0s

running (0m14.9s), 149/300 VUs, 12234 complete and 0 interrupted iterations
default   [   4% ] 149/300 VUs  0m14.9s/6m00.0s

running (0m15.9s), 159/300 VUs, 13224 complete and 0 interrupted iterations
default   [   4% ] 159/300 VUs  0m15.9s/6m00.0s

running (0m16.9s), 169/300 VUs, 14205 complete and 0 interrupted iterations
default   [   5% ] 169/300 VUs  0m16.9s/6m00.0s

running (0m17.9s), 179/300 VUs, 15200 complete and 0 interrupted iterations
default   [   5% ] 179/300 VUs  0m17.9s/6m00.0s

running (0m18.9s), 189/300 VUs, 16182 complete and 0 interrupted iterations
default   [   5% ] 189/300 VUs  0m18.9s/6m00.0s

running (0m19.9s), 199/300 VUs, 17177 complete and 0 interrupted iterations
default   [   6% ] 199/300 VUs  0m19.9s/6m00.0s

running (0m20.9s), 209/300 VUs, 18155 complete and 0 interrupted iterations
default   [   6% ] 209/300 VUs  0m20.9s/6m00.0s

running (0m21.9s), 219/300 VUs, 19155 complete and 0 interrupted iterations
default   [   6% ] 219/300 VUs  0m21.9s/6m00.0s

running (0m22.9s), 228/300 VUs, 20141 complete and 0 interrupted iterations
default   [   6% ] 228/300 VUs  0m22.9s/6m00.0s

running (0m23.9s), 238/300 VUs, 21128 complete and 0 interrupted iterations
default   [   7% ] 238/300 VUs  0m23.9s/6m00.0s

running (0m24.9s), 248/300 VUs, 22105 complete and 0 interrupted iterations
default   [   7% ] 248/300 VUs  0m24.9s/6m00.0s

running (0m25.9s), 258/300 VUs, 23105 complete and 0 interrupted iterations
default   [   7% ] 258/300 VUs  0m25.9s/6m00.0s

running (0m26.9s), 268/300 VUs, 24095 complete and 0 interrupted iterations
default   [   7% ] 268/300 VUs  0m26.9s/6m00.0s

running (0m27.9s), 278/300 VUs, 25080 complete and 0 interrupted iterations
default   [   8% ] 278/300 VUs  0m27.9s/6m00.0s

running (0m28.9s), 288/300 VUs, 26055 complete and 0 interrupted iterations
default   [   8% ] 288/300 VUs  0m28.9s/6m00.0s

running (0m29.9s), 298/300 VUs, 27055 complete and 0 interrupted iterations
default   [   8% ] 298/300 VUs  0m29.9s/6m00.0s

running (0m30.9s), 300/300 VUs, 28046 complete and 0 interrupted iterations
default   [   9% ] 300/300 VUs  0m30.9s/6m00.0s

running (0m31.9s), 300/300 VUs, 29005 complete and 0 interrupted iterations
default   [   9% ] 300/300 VUs  0m31.9s/6m00.0s

running (0m32.9s), 300/300 VUs, 30005 complete and 0 interrupted iterations
default   [   9% ] 300/300 VUs  0m32.9s/6m00.0s

running (0m33.9s), 300/300 VUs, 31005 complete and 0 interrupted iterations
default   [   9% ] 300/300 VUs  0m33.9s/6m00.0s

running (0m34.9s), 300/300 VUs, 31955 complete and 0 interrupted iterations
default   [  10% ] 300/300 VUs  0m34.9s/6m00.0s

running (0m35.9s), 300/300 VUs, 32955 complete and 0 interrupted iterations
default   [  10% ] 300/300 VUs  0m35.9s/6m00.0s

running (0m36.9s), 300/300 VUs, 33955 complete and 0 interrupted iterations
default   [  10% ] 300/300 VUs  0m36.9s/6m00.0s

running (0m37.9s), 300/300 VUs, 34905 complete and 0 interrupted iterations
default   [  11% ] 300/300 VUs  0m37.9s/6m00.0s

running (0m38.9s), 300/300 VUs, 35905 complete and 0 interrupted iterations
default   [  11% ] 300/300 VUs  0m38.9s/6m00.0s

running (0m39.9s), 300/300 VUs, 36905 complete and 0 interrupted iterations
default   [  11% ] 300/300 VUs  0m39.9s/6m00.0s

running (0m40.9s), 300/300 VUs, 37858 complete and 0 interrupted iterations
default   [  11% ] 300/300 VUs  0m40.9s/6m00.0s

running (0m41.9s), 300/300 VUs, 38855 complete and 0 interrupted iterations
default   [  12% ] 300/300 VUs  0m41.9s/6m00.0s

running (0m42.9s), 300/300 VUs, 39855 complete and 0 interrupted iterations
default   [  12% ] 300/300 VUs  0m42.9s/6m00.0s

running (0m43.9s), 300/300 VUs, 40855 complete and 0 interrupted iterations
default   [  12% ] 300/300 VUs  0m43.9s/6m00.0s

running (0m44.9s), 300/300 VUs, 41808 complete and 0 interrupted iterations
default   [  12% ] 300/300 VUs  0m44.9s/6m00.0s

running (0m45.9s), 300/300 VUs, 42805 complete and 0 interrupted iterations
default   [  13% ] 300/300 VUs  0m45.9s/6m00.0s

running (0m46.9s), 300/300 VUs, 43805 complete and 0 interrupted iterations
default   [  13% ] 300/300 VUs  0m46.9s/6m00.0s

running (0m47.9s), 300/300 VUs, 44773 complete and 0 interrupted iterations
default   [  13% ] 300/300 VUs  0m47.9s/6m00.0s

running (0m48.9s), 300/300 VUs, 45755 complete and 0 interrupted iterations
default   [  14% ] 300/300 VUs  0m48.9s/6m00.0s

running (0m49.9s), 300/300 VUs, 46755 complete and 0 interrupted iterations
default   [  14% ] 300/300 VUs  0m49.9s/6m00.0s

running (0m50.9s), 300/300 VUs, 47752 complete and 0 interrupted iterations
default   [  14% ] 300/300 VUs  0m50.9s/6m00.0s

running (0m51.9s), 300/300 VUs, 48719 complete and 0 interrupted iterations
default   [  14% ] 300/300 VUs  0m51.9s/6m00.0s

running (0m52.9s), 300/300 VUs, 49705 complete and 0 interrupted iterations
default   [  15% ] 300/300 VUs  0m52.9s/6m00.0s

running (0m53.9s), 300/300 VUs, 50705 complete and 0 interrupted iterations
default   [  15% ] 300/300 VUs  0m53.9s/6m00.0s

running (0m54.9s), 300/300 VUs, 51694 complete and 0 interrupted iterations
default   [  15% ] 300/300 VUs  0m54.9s/6m00.0s

running (0m55.9s), 300/300 VUs, 52674 complete and 0 interrupted iterations
default   [  16% ] 300/300 VUs  0m55.9s/6m00.0s

running (0m56.9s), 300/300 VUs, 53655 complete and 0 interrupted iterations
default   [  16% ] 300/300 VUs  0m56.9s/6m00.0s

running (0m57.9s), 300/300 VUs, 54655 complete and 0 interrupted iterations
default   [  16% ] 300/300 VUs  0m57.9s/6m00.0s

running (0m58.9s), 300/300 VUs, 55641 complete and 0 interrupted iterations
default   [  16% ] 300/300 VUs  0m58.9s/6m00.0s

running (0m59.9s), 300/300 VUs, 56607 complete and 0 interrupted iterations
default   [  17% ] 300/300 VUs  0m59.9s/6m00.0s

running (1m00.9s), 300/300 VUs, 57605 complete and 0 interrupted iterations
default   [  17% ] 300/300 VUs  1m00.9s/6m00.0s

running (1m01.9s), 300/300 VUs, 58605 complete and 0 interrupted iterations
default   [  17% ] 300/300 VUs  1m01.9s/6m00.0s

running (1m02.9s), 300/300 VUs, 59595 complete and 0 interrupted iterations
default   [  17% ] 300/300 VUs  1m02.9s/6m00.0s

running (1m03.9s), 300/300 VUs, 60555 complete and 0 interrupted iterations
default   [  18% ] 300/300 VUs  1m03.9s/6m00.0s

running (1m04.9s), 300/300 VUs, 61555 complete and 0 interrupted iterations
default   [  18% ] 300/300 VUs  1m04.9s/6m00.0s

running (1m05.9s), 300/300 VUs, 62555 complete and 0 interrupted iterations
default   [  18% ] 300/300 VUs  1m05.9s/6m00.0s

running (1m06.9s), 300/300 VUs, 63509 complete and 0 interrupted iterations
default   [  19% ] 300/300 VUs  1m06.9s/6m00.0s

running (1m07.9s), 300/300 VUs, 64505 complete and 0 interrupted iterations
default   [  19% ] 300/300 VUs  1m07.9s/6m00.0s

running (1m08.9s), 300/300 VUs, 65505 complete and 0 interrupted iterations
default   [  19% ] 300/300 VUs  1m08.9s/6m00.0s

running (1m09.9s), 300/300 VUs, 66487 complete and 0 interrupted iterations
default   [  19% ] 300/300 VUs  1m09.9s/6m00.0s

running (1m10.9s), 300/300 VUs, 67455 complete and 0 interrupted iterations
default   [  20% ] 300/300 VUs  1m10.9s/6m00.0s

running (1m11.9s), 300/300 VUs, 68455 complete and 0 interrupted iterations
default   [  20% ] 300/300 VUs  1m11.9s/6m00.0s

running (1m12.9s), 300/300 VUs, 69455 complete and 0 interrupted iterations
default   [  20% ] 300/300 VUs  1m12.9s/6m00.0s

running (1m13.9s), 300/300 VUs, 70423 complete and 0 interrupted iterations
default   [  21% ] 300/300 VUs  1m13.9s/6m00.0s

running (1m14.9s), 300/300 VUs, 71405 complete and 0 interrupted iterations
default   [  21% ] 300/300 VUs  1m14.9s/6m00.0s

running (1m15.9s), 300/300 VUs, 72405 complete and 0 interrupted iterations
default   [  21% ] 300/300 VUs  1m15.9s/6m00.0s

running (1m16.9s), 300/300 VUs, 73383 complete and 0 interrupted iterations
default   [  21% ] 300/300 VUs  1m16.9s/6m00.0s

running (1m17.9s), 300/300 VUs, 74355 complete and 0 interrupted iterations
default   [  22% ] 300/300 VUs  1m17.9s/6m00.0s

running (1m18.9s), 300/300 VUs, 75355 complete and 0 interrupted iterations
default   [  22% ] 300/300 VUs  1m18.9s/6m00.0s

running (1m19.9s), 300/300 VUs, 76346 complete and 0 interrupted iterations
default   [  22% ] 300/300 VUs  1m19.9s/6m00.0s

running (1m20.9s), 300/300 VUs, 77305 complete and 0 interrupted iterations
default   [  22% ] 300/300 VUs  1m20.9s/6m00.0s

running (1m21.9s), 300/300 VUs, 78305 complete and 0 interrupted iterations
default   [  23% ] 300/300 VUs  1m21.9s/6m00.0s

running (1m22.9s), 300/300 VUs, 79305 complete and 0 interrupted iterations
default   [  23% ] 300/300 VUs  1m22.9s/6m00.0s

running (1m23.9s), 300/300 VUs, 80275 complete and 0 interrupted iterations
default   [  23% ] 300/300 VUs  1m23.9s/6m00.0s

running (1m24.9s), 300/300 VUs, 81255 complete and 0 interrupted iterations
default   [  24% ] 300/300 VUs  1m24.9s/6m00.0s

running (1m25.9s), 300/300 VUs, 82255 complete and 0 interrupted iterations
default   [  24% ] 300/300 VUs  1m25.9s/6m00.0s

running (1m26.9s), 300/300 VUs, 83216 complete and 0 interrupted iterations
default   [  24% ] 300/300 VUs  1m26.9s/6m00.0s

running (1m27.9s), 300/300 VUs, 84205 complete and 0 interrupted iterations
default   [  24% ] 300/300 VUs  1m27.9s/6m00.0s

running (1m28.9s), 300/300 VUs, 85205 complete and 0 interrupted iterations
default   [  25% ] 300/300 VUs  1m28.9s/6m00.0s

running (1m29.9s), 300/300 VUs, 86187 complete and 0 interrupted iterations
default   [  25% ] 300/300 VUs  1m29.9s/6m00.0s

running (1m30.9s), 300/300 VUs, 87155 complete and 0 interrupted iterations
default   [  25% ] 300/300 VUs  1m30.9s/6m00.0s

running (1m31.9s), 300/300 VUs, 88155 complete and 0 interrupted iterations
default   [  26% ] 300/300 VUs  1m31.9s/6m00.0s

running (1m32.9s), 300/300 VUs, 89105 complete and 0 interrupted iterations
default   [  26% ] 300/300 VUs  1m32.9s/6m00.0s

running (1m33.9s), 300/300 VUs, 90105 complete and 0 interrupted iterations
default   [  26% ] 300/300 VUs  1m33.9s/6m00.0s

running (1m34.9s), 300/300 VUs, 91105 complete and 0 interrupted iterations
default   [  26% ] 300/300 VUs  1m34.9s/6m00.0s

running (1m35.9s), 300/300 VUs, 92055 complete and 0 interrupted iterations
default   [  27% ] 300/300 VUs  1m35.9s/6m00.0s

running (1m36.9s), 300/300 VUs, 93055 complete and 0 interrupted iterations
default   [  27% ] 300/300 VUs  1m36.9s/6m00.0s

running (1m37.9s), 300/300 VUs, 94055 complete and 0 interrupted iterations
default   [  27% ] 300/300 VUs  1m37.9s/6m00.0s

running (1m38.9s), 300/300 VUs, 95005 complete and 0 interrupted iterations
default   [  27% ] 300/300 VUs  1m38.9s/6m00.0s

running (1m39.9s), 300/300 VUs, 96005 complete and 0 interrupted iterations
default   [  28% ] 300/300 VUs  1m39.9s/6m00.0s

running (1m40.9s), 300/300 VUs, 96986 complete and 0 interrupted iterations
default   [  28% ] 300/300 VUs  1m40.9s/6m00.0s

running (1m41.9s), 300/300 VUs, 97955 complete and 0 interrupted iterations
default   [  28% ] 300/300 VUs  1m41.9s/6m00.0s

running (1m42.9s), 300/300 VUs, 98955 complete and 0 interrupted iterations
default   [  29% ] 300/300 VUs  1m42.9s/6m00.0s

running (1m43.9s), 300/300 VUs, 99943 complete and 0 interrupted iterations
default   [  29% ] 300/300 VUs  1m43.9s/6m00.0s

running (1m44.9s), 300/300 VUs, 100907 complete and 0 interrupted iterations
default   [  29% ] 300/300 VUs  1m44.9s/6m00.0s

running (1m45.9s), 300/300 VUs, 101905 complete and 0 interrupted iterations
default   [  29% ] 300/300 VUs  1m45.9s/6m00.0s

running (1m46.9s), 300/300 VUs, 102905 complete and 0 interrupted iterations
default   [  30% ] 300/300 VUs  1m46.9s/6m00.0s

running (1m47.9s), 300/300 VUs, 103879 complete and 0 interrupted iterations
default   [  30% ] 300/300 VUs  1m47.9s/6m00.0s

running (1m48.9s), 300/300 VUs, 104855 complete and 0 interrupted iterations
default   [  30% ] 300/300 VUs  1m48.9s/6m00.0s

running (1m49.9s), 300/300 VUs, 105855 complete and 0 interrupted iterations
default   [  31% ] 300/300 VUs  1m49.9s/6m00.0s

running (1m50.9s), 300/300 VUs, 106855 complete and 0 interrupted iterations
default   [  31% ] 300/300 VUs  1m50.9s/6m00.0s

running (1m51.9s), 300/300 VUs, 107835 complete and 0 interrupted iterations
default   [  31% ] 300/300 VUs  1m51.9s/6m00.0s

running (1m52.9s), 300/300 VUs, 108805 complete and 0 interrupted iterations
default   [  31% ] 300/300 VUs  1m52.9s/6m00.0s

running (1m53.9s), 300/300 VUs, 109805 complete and 0 interrupted iterations
default   [  32% ] 300/300 VUs  1m53.9s/6m00.0s

running (1m54.9s), 300/300 VUs, 110788 complete and 0 interrupted iterations
default   [  32% ] 300/300 VUs  1m54.9s/6m00.0s

running (1m55.9s), 300/300 VUs, 111755 complete and 0 interrupted iterations
default   [  32% ] 300/300 VUs  1m55.9s/6m00.0s

running (1m56.9s), 300/300 VUs, 112755 complete and 0 interrupted iterations
default   [  32% ] 300/300 VUs  1m56.9s/6m00.0s

running (1m57.9s), 300/300 VUs, 113755 complete and 0 interrupted iterations
default   [  33% ] 300/300 VUs  1m57.9s/6m00.0s

running (1m58.9s), 300/300 VUs, 114705 complete and 0 interrupted iterations
default   [  33% ] 300/300 VUs  1m58.9s/6m00.0s

running (1m59.9s), 300/300 VUs, 115705 complete and 0 interrupted iterations
default   [  33% ] 300/300 VUs  1m59.9s/6m00.0s

running (2m00.9s), 300/300 VUs, 116705 complete and 0 interrupted iterations
default   [  34% ] 300/300 VUs  2m00.9s/6m00.0s

running (2m01.9s), 300/300 VUs, 117685 complete and 0 interrupted iterations
default   [  34% ] 300/300 VUs  2m01.9s/6m00.0s

running (2m02.9s), 300/300 VUs, 118655 complete and 0 interrupted iterations
default   [  34% ] 300/300 VUs  2m02.9s/6m00.0s

running (2m03.9s), 300/300 VUs, 119655 complete and 0 interrupted iterations
default   [  34% ] 300/300 VUs  2m03.9s/6m00.0s

running (2m04.9s), 300/300 VUs, 120651 complete and 0 interrupted iterations
default   [  35% ] 300/300 VUs  2m04.9s/6m00.0s

running (2m05.9s), 300/300 VUs, 121619 complete and 0 interrupted iterations
default   [  35% ] 300/300 VUs  2m05.9s/6m00.0s

running (2m06.9s), 300/300 VUs, 122605 complete and 0 interrupted iterations
default   [  35% ] 300/300 VUs  2m06.9s/6m00.0s

running (2m07.9s), 300/300 VUs, 123605 complete and 0 interrupted iterations
default   [  36% ] 300/300 VUs  2m07.9s/6m00.0s

running (2m08.9s), 300/300 VUs, 124583 complete and 0 interrupted iterations
default   [  36% ] 300/300 VUs  2m08.9s/6m00.0s

running (2m09.9s), 300/300 VUs, 125555 complete and 0 interrupted iterations
default   [  36% ] 300/300 VUs  2m09.9s/6m00.0s

running (2m10.9s), 300/300 VUs, 126555 complete and 0 interrupted iterations
default   [  36% ] 300/300 VUs  2m10.9s/6m00.0s

running (2m11.9s), 300/300 VUs, 127555 complete and 0 interrupted iterations
default   [  37% ] 300/300 VUs  2m11.9s/6m00.0s

running (2m12.9s), 300/300 VUs, 128518 complete and 0 interrupted iterations
default   [  37% ] 300/300 VUs  2m12.9s/6m00.0s

running (2m13.9s), 300/300 VUs, 129505 complete and 0 interrupted iterations
default   [  37% ] 300/300 VUs  2m13.9s/6m00.0s

running (2m14.9s), 300/300 VUs, 130505 complete and 0 interrupted iterations
default   [  37% ] 300/300 VUs  2m14.9s/6m00.0s

running (2m15.9s), 300/300 VUs, 131486 complete and 0 interrupted iterations
default   [  38% ] 300/300 VUs  2m15.9s/6m00.0s

running (2m16.9s), 300/300 VUs, 132455 complete and 0 interrupted iterations
default   [  38% ] 300/300 VUs  2m16.9s/6m00.0s

running (2m17.9s), 300/300 VUs, 133455 complete and 0 interrupted iterations
default   [  38% ] 300/300 VUs  2m17.9s/6m00.0s

running (2m18.9s), 300/300 VUs, 134437 complete and 0 interrupted iterations
default   [  39% ] 300/300 VUs  2m18.9s/6m00.0s

running (2m19.9s), 300/300 VUs, 135405 complete and 0 interrupted iterations
default   [  39% ] 300/300 VUs  2m19.9s/6m00.0s

running (2m20.9s), 300/300 VUs, 136405 complete and 0 interrupted iterations
default   [  39% ] 300/300 VUs  2m20.9s/6m00.0s

running (2m21.9s), 300/300 VUs, 137405 complete and 0 interrupted iterations
default   [  39% ] 300/300 VUs  2m21.9s/6m00.0s

running (2m22.9s), 300/300 VUs, 138372 complete and 0 interrupted iterations
default   [  40% ] 300/300 VUs  2m22.9s/6m00.0s

running (2m23.9s), 300/300 VUs, 139355 complete and 0 interrupted iterations
default   [  40% ] 300/300 VUs  2m23.9s/6m00.0s

running (2m24.9s), 300/300 VUs, 140355 complete and 0 interrupted iterations
default   [  40% ] 300/300 VUs  2m24.9s/6m00.0s

running (2m25.9s), 300/300 VUs, 141355 complete and 0 interrupted iterations
default   [  41% ] 300/300 VUs  2m25.9s/6m00.0s

running (2m26.9s), 300/300 VUs, 142305 complete and 0 interrupted iterations
default   [  41% ] 300/300 VUs  2m26.9s/6m00.0s

running (2m27.9s), 300/300 VUs, 143305 complete and 0 interrupted iterations
default   [  41% ] 300/300 VUs  2m27.9s/6m00.0s

running (2m28.9s), 300/300 VUs, 144305 complete and 0 interrupted iterations
default   [  41% ] 300/300 VUs  2m28.9s/6m00.0s

running (2m29.9s), 300/300 VUs, 145255 complete and 0 interrupted iterations
default   [  42% ] 300/300 VUs  2m29.9s/6m00.0s

running (2m30.9s), 300/300 VUs, 146255 complete and 0 interrupted iterations
default   [  42% ] 300/300 VUs  2m30.9s/6m00.0s

running (2m31.9s), 300/300 VUs, 147236 complete and 0 interrupted iterations
default   [  42% ] 300/300 VUs  2m31.9s/6m00.0s

running (2m32.9s), 300/300 VUs, 148205 complete and 0 interrupted iterations
default   [  42% ] 300/300 VUs  2m32.9s/6m00.0s

running (2m33.9s), 300/300 VUs, 149205 complete and 0 interrupted iterations
default   [  43% ] 300/300 VUs  2m33.9s/6m00.0s

running (2m34.9s), 300/300 VUs, 150205 complete and 0 interrupted iterations
default   [  43% ] 300/300 VUs  2m34.9s/6m00.0s

running (2m35.9s), 300/300 VUs, 151155 complete and 0 interrupted iterations
default   [  43% ] 300/300 VUs  2m35.9s/6m00.0s

running (2m36.9s), 300/300 VUs, 152155 complete and 0 interrupted iterations
default   [  44% ] 300/300 VUs  2m36.9s/6m00.0s

running (2m37.9s), 300/300 VUs, 153155 complete and 0 interrupted iterations
default   [  44% ] 300/300 VUs  2m37.9s/6m00.0s

running (2m38.9s), 300/300 VUs, 154117 complete and 0 interrupted iterations
default   [  44% ] 300/300 VUs  2m38.9s/6m00.0s

running (2m39.9s), 300/300 VUs, 155105 complete and 0 interrupted iterations
default   [  44% ] 300/300 VUs  2m39.9s/6m00.0s

running (2m40.9s), 300/300 VUs, 156105 complete and 0 interrupted iterations
default   [  45% ] 300/300 VUs  2m40.9s/6m00.0s

running (2m41.9s), 300/300 VUs, 157105 complete and 0 interrupted iterations
default   [  45% ] 300/300 VUs  2m41.9s/6m00.0s

running (2m42.9s), 300/300 VUs, 158061 complete and 0 interrupted iterations
default   [  45% ] 300/300 VUs  2m42.9s/6m00.0s

running (2m43.9s), 300/300 VUs, 159055 complete and 0 interrupted iterations
default   [  46% ] 300/300 VUs  2m43.9s/6m00.0s

running (2m44.9s), 300/300 VUs, 160055 complete and 0 interrupted iterations
default   [  46% ] 300/300 VUs  2m44.9s/6m00.0s

running (2m45.9s), 300/300 VUs, 161055 complete and 0 interrupted iterations
default   [  46% ] 300/300 VUs  2m45.9s/6m00.0s

running (2m46.9s), 300/300 VUs, 162005 complete and 0 interrupted iterations
default   [  46% ] 300/300 VUs  2m46.9s/6m00.0s

running (2m47.9s), 300/300 VUs, 163005 complete and 0 interrupted iterations
default   [  47% ] 300/300 VUs  2m47.9s/6m00.0s

running (2m48.9s), 300/300 VUs, 164005 complete and 0 interrupted iterations
default   [  47% ] 300/300 VUs  2m48.9s/6m00.0s

running (2m49.9s), 300/300 VUs, 164963 complete and 0 interrupted iterations
default   [  47% ] 300/300 VUs  2m49.9s/6m00.0s

running (2m50.9s), 300/300 VUs, 165955 complete and 0 interrupted iterations
default   [  47% ] 300/300 VUs  2m50.9s/6m00.0s

running (2m51.9s), 300/300 VUs, 166955 complete and 0 interrupted iterations
default   [  48% ] 300/300 VUs  2m51.9s/6m00.0s

running (2m52.9s), 300/300 VUs, 167951 complete and 0 interrupted iterations
default   [  48% ] 300/300 VUs  2m52.9s/6m00.0s

running (2m53.9s), 300/300 VUs, 168907 complete and 0 interrupted iterations
default   [  48% ] 300/300 VUs  2m53.9s/6m00.0s

running (2m54.9s), 300/300 VUs, 169905 complete and 0 interrupted iterations
default   [  49% ] 300/300 VUs  2m54.9s/6m00.0s

running (2m55.9s), 300/300 VUs, 170905 complete and 0 interrupted iterations
default   [  49% ] 300/300 VUs  2m55.9s/6m00.0s

running (2m56.9s), 300/300 VUs, 171896 complete and 0 interrupted iterations
default   [  49% ] 300/300 VUs  2m56.9s/6m00.0s

running (2m57.9s), 300/300 VUs, 172861 complete and 0 interrupted iterations
default   [  49% ] 300/300 VUs  2m57.9s/6m00.0s

running (2m58.9s), 300/300 VUs, 173855 complete and 0 interrupted iterations
default   [  50% ] 300/300 VUs  2m58.9s/6m00.0s

running (2m59.9s), 300/300 VUs, 174855 complete and 0 interrupted iterations
default   [  50% ] 300/300 VUs  2m59.9s/6m00.0s

running (3m00.9s), 300/300 VUs, 175851 complete and 0 interrupted iterations
default   [  50% ] 300/300 VUs  3m00.9s/6m00.0s

running (3m01.9s), 300/300 VUs, 176805 complete and 0 interrupted iterations
default   [  51% ] 300/300 VUs  3m01.9s/6m00.0s

running (3m02.9s), 300/300 VUs, 177805 complete and 0 interrupted iterations
default   [  51% ] 300/300 VUs  3m02.9s/6m00.0s

running (3m03.9s), 300/300 VUs, 178805 complete and 0 interrupted iterations
default   [  51% ] 300/300 VUs  3m03.9s/6m00.0s

running (3m04.9s), 300/300 VUs, 179785 complete and 0 interrupted iterations
default   [  51% ] 300/300 VUs  3m04.9s/6m00.0s

running (3m05.9s), 300/300 VUs, 180755 complete and 0 interrupted iterations
default   [  52% ] 300/300 VUs  3m05.9s/6m00.0s

running (3m06.9s), 300/300 VUs, 181755 complete and 0 interrupted iterations
default   [  52% ] 300/300 VUs  3m06.9s/6m00.0s

running (3m07.9s), 300/300 VUs, 182755 complete and 0 interrupted iterations
default   [  52% ] 300/300 VUs  3m07.9s/6m00.0s

running (3m08.9s), 300/300 VUs, 183705 complete and 0 interrupted iterations
default   [  52% ] 300/300 VUs  3m08.9s/6m00.0s

running (3m09.9s), 300/300 VUs, 184705 complete and 0 interrupted iterations
default   [  53% ] 300/300 VUs  3m09.9s/6m00.0s

running (3m10.9s), 300/300 VUs, 185705 complete and 0 interrupted iterations
default   [  53% ] 300/300 VUs  3m10.9s/6m00.0s

running (3m11.9s), 300/300 VUs, 186683 complete and 0 interrupted iterations
default   [  53% ] 300/300 VUs  3m11.9s/6m00.0s

running (3m12.9s), 300/300 VUs, 187655 complete and 0 interrupted iterations
default   [  54% ] 300/300 VUs  3m12.9s/6m00.0s

running (3m13.9s), 300/300 VUs, 188655 complete and 0 interrupted iterations
default   [  54% ] 300/300 VUs  3m13.9s/6m00.0s

running (3m14.9s), 300/300 VUs, 189648 complete and 0 interrupted iterations
default   [  54% ] 300/300 VUs  3m14.9s/6m00.0s

running (3m15.9s), 300/300 VUs, 190605 complete and 0 interrupted iterations
default   [  54% ] 300/300 VUs  3m15.9s/6m00.0s

running (3m16.9s), 300/300 VUs, 191605 complete and 0 interrupted iterations
default   [  55% ] 300/300 VUs  3m16.9s/6m00.0s

running (3m17.9s), 300/300 VUs, 192605 complete and 0 interrupted iterations
default   [  55% ] 300/300 VUs  3m17.9s/6m00.0s

running (3m18.9s), 300/300 VUs, 193555 complete and 0 interrupted iterations
default   [  55% ] 300/300 VUs  3m18.9s/6m00.0s

running (3m19.9s), 300/300 VUs, 194555 complete and 0 interrupted iterations
default   [  56% ] 300/300 VUs  3m19.9s/6m00.0s

running (3m20.9s), 300/300 VUs, 195555 complete and 0 interrupted iterations
default   [  56% ] 300/300 VUs  3m20.9s/6m00.0s

running (3m21.9s), 300/300 VUs, 196544 complete and 0 interrupted iterations
default   [  56% ] 300/300 VUs  3m21.9s/6m00.0s

running (3m22.9s), 300/300 VUs, 197505 complete and 0 interrupted iterations
default   [  56% ] 300/300 VUs  3m22.9s/6m00.0s

running (3m23.9s), 300/300 VUs, 198505 complete and 0 interrupted iterations
default   [  57% ] 300/300 VUs  3m23.9s/6m00.0s

running (3m24.9s), 300/300 VUs, 199485 complete and 0 interrupted iterations
default   [  57% ] 300/300 VUs  3m24.9s/6m00.0s

running (3m25.9s), 300/300 VUs, 200455 complete and 0 interrupted iterations
default   [  57% ] 300/300 VUs  3m25.9s/6m00.0s

running (3m26.9s), 300/300 VUs, 201455 complete and 0 interrupted iterations
default   [  57% ] 300/300 VUs  3m26.9s/6m00.0s

running (3m27.9s), 300/300 VUs, 202455 complete and 0 interrupted iterations
default   [  58% ] 300/300 VUs  3m27.9s/6m00.0s

running (3m28.9s), 300/300 VUs, 203405 complete and 0 interrupted iterations
default   [  58% ] 300/300 VUs  3m28.9s/6m00.0s

running (3m29.9s), 300/300 VUs, 204405 complete and 0 interrupted iterations
default   [  58% ] 300/300 VUs  3m29.9s/6m00.0s

running (3m30.9s), 300/300 VUs, 205377 complete and 0 interrupted iterations
default   [  59% ] 300/300 VUs  3m30.9s/6m00.0s

running (3m31.9s), 300/300 VUs, 206355 complete and 0 interrupted iterations
default   [  59% ] 300/300 VUs  3m31.9s/6m00.0s

running (3m32.9s), 300/300 VUs, 207355 complete and 0 interrupted iterations
default   [  59% ] 300/300 VUs  3m32.9s/6m00.0s

running (3m33.9s), 300/300 VUs, 208347 complete and 0 interrupted iterations
default   [  59% ] 300/300 VUs  3m33.9s/6m00.0s

running (3m34.9s), 300/300 VUs, 209305 complete and 0 interrupted iterations
default   [  60% ] 300/300 VUs  3m34.9s/6m00.0s

running (3m35.9s), 300/300 VUs, 210305 complete and 0 interrupted iterations
default   [  60% ] 300/300 VUs  3m35.9s/6m00.0s

running (3m36.9s), 300/300 VUs, 211305 complete and 0 interrupted iterations
default   [  60% ] 300/300 VUs  3m36.9s/6m00.0s

running (3m37.9s), 300/300 VUs, 212258 complete and 0 interrupted iterations
default   [  61% ] 300/300 VUs  3m37.9s/6m00.0s

running (3m38.9s), 300/300 VUs, 213255 complete and 0 interrupted iterations
default   [  61% ] 300/300 VUs  3m38.9s/6m00.0s

running (3m39.9s), 300/300 VUs, 214255 complete and 0 interrupted iterations
default   [  61% ] 300/300 VUs  3m39.9s/6m00.0s

running (3m40.9s), 300/300 VUs, 215254 complete and 0 interrupted iterations
default   [  61% ] 300/300 VUs  3m40.9s/6m00.0s

running (3m41.9s), 300/300 VUs, 216210 complete and 0 interrupted iterations
default   [  62% ] 300/300 VUs  3m41.9s/6m00.0s

running (3m42.9s), 300/300 VUs, 217205 complete and 0 interrupted iterations
default   [  62% ] 300/300 VUs  3m42.9s/6m00.0s

running (3m43.9s), 300/300 VUs, 218205 complete and 0 interrupted iterations
default   [  62% ] 300/300 VUs  3m43.9s/6m00.0s

running (3m44.9s), 300/300 VUs, 219205 complete and 0 interrupted iterations
default   [  62% ] 300/300 VUs  3m44.9s/6m00.0s

running (3m45.9s), 300/300 VUs, 220155 complete and 0 interrupted iterations
default   [  63% ] 300/300 VUs  3m45.9s/6m00.0s

running (3m46.9s), 300/300 VUs, 221155 complete and 0 interrupted iterations
default   [  63% ] 300/300 VUs  3m46.9s/6m00.0s

running (3m47.9s), 300/300 VUs, 222155 complete and 0 interrupted iterations
default   [  63% ] 300/300 VUs  3m47.9s/6m00.0s

running (3m48.9s), 300/300 VUs, 223119 complete and 0 interrupted iterations
default   [  64% ] 300/300 VUs  3m48.9s/6m00.0s

running (3m49.9s), 300/300 VUs, 224105 complete and 0 interrupted iterations
default   [  64% ] 300/300 VUs  3m49.9s/6m00.0s

running (3m50.9s), 300/300 VUs, 225105 complete and 0 interrupted iterations
default   [  64% ] 300/300 VUs  3m50.9s/6m00.0s

running (3m51.9s), 300/300 VUs, 226094 complete and 0 interrupted iterations
default   [  64% ] 300/300 VUs  3m51.9s/6m00.0s

running (3m52.9s), 300/300 VUs, 227065 complete and 0 interrupted iterations
default   [  65% ] 300/300 VUs  3m52.9s/6m00.0s

running (3m53.9s), 300/300 VUs, 228055 complete and 0 interrupted iterations
default   [  65% ] 300/300 VUs  3m53.9s/6m00.0s

running (3m54.9s), 300/300 VUs, 229055 complete and 0 interrupted iterations
default   [  65% ] 300/300 VUs  3m54.9s/6m00.0s

running (3m55.9s), 300/300 VUs, 230045 complete and 0 interrupted iterations
default   [  66% ] 300/300 VUs  3m55.9s/6m00.0s

running (3m56.9s), 300/300 VUs, 231005 complete and 0 interrupted iterations
default   [  66% ] 300/300 VUs  3m56.9s/6m00.0s

running (3m57.9s), 300/300 VUs, 232005 complete and 0 interrupted iterations
default   [  66% ] 300/300 VUs  3m57.9s/6m00.0s

running (3m58.9s), 300/300 VUs, 233004 complete and 0 interrupted iterations
default   [  66% ] 300/300 VUs  3m58.9s/6m00.0s

running (3m59.9s), 300/300 VUs, 233979 complete and 0 interrupted iterations
default   [  67% ] 300/300 VUs  3m59.9s/6m00.0s

running (4m00.9s), 300/300 VUs, 234955 complete and 0 interrupted iterations
default   [  67% ] 300/300 VUs  4m00.9s/6m00.0s

running (4m01.9s), 300/300 VUs, 235955 complete and 0 interrupted iterations
default   [  67% ] 300/300 VUs  4m01.9s/6m00.0s

running (4m02.9s), 300/300 VUs, 236955 complete and 0 interrupted iterations
default   [  67% ] 300/300 VUs  4m02.9s/6m00.0s

running (4m03.9s), 300/300 VUs, 237932 complete and 0 interrupted iterations
default   [  68% ] 300/300 VUs  4m03.9s/6m00.0s

running (4m04.9s), 300/300 VUs, 238905 complete and 0 interrupted iterations
default   [  68% ] 300/300 VUs  4m04.9s/6m00.0s

running (4m05.9s), 300/300 VUs, 239905 complete and 0 interrupted iterations
default   [  68% ] 300/300 VUs  4m05.9s/6m00.0s

running (4m06.9s), 300/300 VUs, 240905 complete and 0 interrupted iterations
default   [  69% ] 300/300 VUs  4m06.9s/6m00.0s

running (4m07.9s), 300/300 VUs, 241877 complete and 0 interrupted iterations
default   [  69% ] 300/300 VUs  4m07.9s/6m00.0s

running (4m08.9s), 300/300 VUs, 242858 complete and 0 interrupted iterations
default   [  69% ] 300/300 VUs  4m08.9s/6m00.0s

running (4m09.9s), 300/300 VUs, 243855 complete and 0 interrupted iterations
default   [  69% ] 300/300 VUs  4m09.9s/6m00.0s

running (4m10.9s), 300/300 VUs, 244855 complete and 0 interrupted iterations
default   [  70% ] 300/300 VUs  4m10.9s/6m00.0s

running (4m11.9s), 300/300 VUs, 245836 complete and 0 interrupted iterations
default   [  70% ] 300/300 VUs  4m11.9s/6m00.0s

running (4m12.9s), 300/300 VUs, 246819 complete and 0 interrupted iterations
default   [  70% ] 300/300 VUs  4m12.9s/6m00.0s

running (4m13.9s), 300/300 VUs, 247805 complete and 0 interrupted iterations
default   [  71% ] 300/300 VUs  4m13.9s/6m00.0s

running (4m14.9s), 300/300 VUs, 248805 complete and 0 interrupted iterations
default   [  71% ] 300/300 VUs  4m14.9s/6m00.0s

running (4m15.9s), 300/300 VUs, 249788 complete and 0 interrupted iterations
default   [  71% ] 300/300 VUs  4m15.9s/6m00.0s

running (4m16.9s), 300/300 VUs, 250773 complete and 0 interrupted iterations
default   [  71% ] 300/300 VUs  4m16.9s/6m00.0s

running (4m17.9s), 300/300 VUs, 251755 complete and 0 interrupted iterations
default   [  72% ] 300/300 VUs  4m17.9s/6m00.0s

running (4m18.9s), 300/300 VUs, 252755 complete and 0 interrupted iterations
default   [  72% ] 300/300 VUs  4m18.9s/6m00.0s

running (4m19.9s), 300/300 VUs, 253746 complete and 0 interrupted iterations
default   [  72% ] 300/300 VUs  4m19.9s/6m00.0s

running (4m20.9s), 300/300 VUs, 254715 complete and 0 interrupted iterations
default   [  72% ] 300/300 VUs  4m20.9s/6m00.0s

running (4m21.9s), 300/300 VUs, 255705 complete and 0 interrupted iterations
default   [  73% ] 300/300 VUs  4m21.9s/6m00.0s

running (4m22.9s), 300/300 VUs, 256705 complete and 0 interrupted iterations
default   [  73% ] 300/300 VUs  4m22.9s/6m00.0s

running (4m23.9s), 300/300 VUs, 257690 complete and 0 interrupted iterations
default   [  73% ] 300/300 VUs  4m23.9s/6m00.0s

running (4m24.9s), 300/300 VUs, 258658 complete and 0 interrupted iterations
default   [  74% ] 300/300 VUs  4m24.9s/6m00.0s

running (4m25.9s), 300/300 VUs, 259655 complete and 0 interrupted iterations
default   [  74% ] 300/300 VUs  4m25.9s/6m00.0s

running (4m26.9s), 300/300 VUs, 260655 complete and 0 interrupted iterations
default   [  74% ] 300/300 VUs  4m26.9s/6m00.0s

running (4m27.9s), 300/300 VUs, 261633 complete and 0 interrupted iterations
default   [  74% ] 300/300 VUs  4m27.9s/6m00.0s

running (4m28.9s), 300/300 VUs, 262605 complete and 0 interrupted iterations
default   [  75% ] 300/300 VUs  4m28.9s/6m00.0s

running (4m29.9s), 300/300 VUs, 263605 complete and 0 interrupted iterations
default   [  75% ] 300/300 VUs  4m29.9s/6m00.0s

running (4m30.9s), 300/300 VUs, 264555 complete and 0 interrupted iterations
default   [  75% ] 300/300 VUs  4m30.9s/6m00.0s

running (4m31.9s), 300/300 VUs, 265555 complete and 0 interrupted iterations
default   [  76% ] 300/300 VUs  4m31.9s/6m00.0s

running (4m32.9s), 300/300 VUs, 266553 complete and 0 interrupted iterations
default   [  76% ] 300/300 VUs  4m32.9s/6m00.0s

running (4m33.9s), 300/300 VUs, 267505 complete and 0 interrupted iterations
default   [  76% ] 300/300 VUs  4m33.9s/6m00.0s

running (4m34.9s), 300/300 VUs, 268505 complete and 0 interrupted iterations
default   [  76% ] 300/300 VUs  4m34.9s/6m00.0s

running (4m35.9s), 300/300 VUs, 269466 complete and 0 interrupted iterations
default   [  77% ] 300/300 VUs  4m35.9s/6m00.0s

running (4m36.9s), 300/300 VUs, 270455 complete and 0 interrupted iterations
default   [  77% ] 300/300 VUs  4m36.9s/6m00.0s

running (4m37.9s), 300/300 VUs, 271455 complete and 0 interrupted iterations
default   [  77% ] 300/300 VUs  4m37.9s/6m00.0s

running (4m38.9s), 300/300 VUs, 272424 complete and 0 interrupted iterations
default   [  77% ] 300/300 VUs  4m38.9s/6m00.0s

running (4m39.9s), 300/300 VUs, 273405 complete and 0 interrupted iterations
default   [  78% ] 300/300 VUs  4m39.9s/6m00.0s

running (4m40.9s), 300/300 VUs, 274405 complete and 0 interrupted iterations
default   [  78% ] 300/300 VUs  4m40.9s/6m00.0s

running (4m41.9s), 300/300 VUs, 275405 complete and 0 interrupted iterations
default   [  78% ] 300/300 VUs  4m41.9s/6m00.0s

running (4m42.9s), 300/300 VUs, 276356 complete and 0 interrupted iterations
default   [  79% ] 300/300 VUs  4m42.9s/6m00.0s

running (4m43.9s), 300/300 VUs, 277355 complete and 0 interrupted iterations
default   [  79% ] 300/300 VUs  4m43.9s/6m00.0s

running (4m44.9s), 300/300 VUs, 278355 complete and 0 interrupted iterations
default   [  79% ] 300/300 VUs  4m44.9s/6m00.0s

running (4m45.9s), 300/300 VUs, 279338 complete and 0 interrupted iterations
default   [  79% ] 300/300 VUs  4m45.9s/6m00.0s

running (4m46.9s), 300/300 VUs, 280305 complete and 0 interrupted iterations
default   [  80% ] 300/300 VUs  4m46.9s/6m00.0s

running (4m47.9s), 300/300 VUs, 281305 complete and 0 interrupted iterations
default   [  80% ] 300/300 VUs  4m47.9s/6m00.0s

running (4m48.9s), 300/300 VUs, 282272 complete and 0 interrupted iterations
default   [  80% ] 300/300 VUs  4m48.9s/6m00.0s

running (4m49.9s), 300/300 VUs, 283255 complete and 0 interrupted iterations
default   [  81% ] 300/300 VUs  4m49.9s/6m00.0s

running (4m50.9s), 300/300 VUs, 284255 complete and 0 interrupted iterations
default   [  81% ] 300/300 VUs  4m50.9s/6m00.0s

running (4m51.9s), 300/300 VUs, 285255 complete and 0 interrupted iterations
default   [  81% ] 300/300 VUs  4m51.9s/6m00.0s

running (4m52.9s), 300/300 VUs, 286220 complete and 0 interrupted iterations
default   [  81% ] 300/300 VUs  4m52.9s/6m00.0s

running (4m53.9s), 300/300 VUs, 287205 complete and 0 interrupted iterations
default   [  82% ] 300/300 VUs  4m53.9s/6m00.0s

running (4m54.9s), 300/300 VUs, 288205 complete and 0 interrupted iterations
default   [  82% ] 300/300 VUs  4m54.9s/6m00.0s

running (4m55.9s), 300/300 VUs, 289205 complete and 0 interrupted iterations
default   [  82% ] 300/300 VUs  4m55.9s/6m00.0s

running (4m56.9s), 300/300 VUs, 290155 complete and 0 interrupted iterations
default   [  82% ] 300/300 VUs  4m56.9s/6m00.0s

running (4m57.9s), 300/300 VUs, 291155 complete and 0 interrupted iterations
default   [  83% ] 300/300 VUs  4m57.9s/6m00.0s

running (4m58.9s), 300/300 VUs, 292155 complete and 0 interrupted iterations
default   [  83% ] 300/300 VUs  4m58.9s/6m00.0s

running (4m59.9s), 300/300 VUs, 293107 complete and 0 interrupted iterations
default   [  83% ] 300/300 VUs  4m59.9s/6m00.0s

running (5m00.9s), 300/300 VUs, 294105 complete and 0 interrupted iterations
default   [  84% ] 300/300 VUs  5m00.9s/6m00.0s

running (5m01.9s), 300/300 VUs, 295105 complete and 0 interrupted iterations
default   [  84% ] 300/300 VUs  5m01.9s/6m00.0s

running (5m02.9s), 300/300 VUs, 296086 complete and 0 interrupted iterations
default   [  84% ] 300/300 VUs  5m02.9s/6m00.0s

running (5m03.9s), 300/300 VUs, 297055 complete and 0 interrupted iterations
default   [  84% ] 300/300 VUs  5m03.9s/6m00.0s

running (5m04.9s), 300/300 VUs, 298055 complete and 0 interrupted iterations
default   [  85% ] 300/300 VUs  5m04.9s/6m00.0s

running (5m05.9s), 300/300 VUs, 299055 complete and 0 interrupted iterations
default   [  85% ] 300/300 VUs  5m05.9s/6m00.0s

running (5m06.9s), 300/300 VUs, 300005 complete and 0 interrupted iterations
default   [  85% ] 300/300 VUs  5m06.9s/6m00.0s

running (5m07.9s), 300/300 VUs, 301005 complete and 0 interrupted iterations
default   [  86% ] 300/300 VUs  5m07.9s/6m00.0s

running (5m08.9s), 300/300 VUs, 302005 complete and 0 interrupted iterations
default   [  86% ] 300/300 VUs  5m08.9s/6m00.0s

running (5m09.9s), 300/300 VUs, 302978 complete and 0 interrupted iterations
default   [  86% ] 300/300 VUs  5m09.9s/6m00.0s

running (5m10.9s), 300/300 VUs, 303955 complete and 0 interrupted iterations
default   [  86% ] 300/300 VUs  5m10.9s/6m00.0s

running (5m11.9s), 300/300 VUs, 304955 complete and 0 interrupted iterations
default   [  87% ] 300/300 VUs  5m11.9s/6m00.0s

running (5m12.9s), 300/300 VUs, 305955 complete and 0 interrupted iterations
default   [  87% ] 300/300 VUs  5m12.9s/6m00.0s

running (5m13.9s), 300/300 VUs, 306922 complete and 0 interrupted iterations
default   [  87% ] 300/300 VUs  5m13.9s/6m00.0s

running (5m14.9s), 300/300 VUs, 307905 complete and 0 interrupted iterations
default   [  87% ] 300/300 VUs  5m14.9s/6m00.0s

running (5m15.9s), 300/300 VUs, 308905 complete and 0 interrupted iterations
default   [  88% ] 300/300 VUs  5m15.9s/6m00.0s

running (5m16.9s), 300/300 VUs, 309899 complete and 0 interrupted iterations
default   [  88% ] 300/300 VUs  5m16.9s/6m00.0s

running (5m17.9s), 300/300 VUs, 310855 complete and 0 interrupted iterations
default   [  88% ] 300/300 VUs  5m17.9s/6m00.0s

running (5m18.9s), 300/300 VUs, 311855 complete and 0 interrupted iterations
default   [  89% ] 300/300 VUs  5m18.9s/6m00.0s

running (5m19.9s), 300/300 VUs, 312855 complete and 0 interrupted iterations
default   [  89% ] 300/300 VUs  5m19.9s/6m00.0s

running (5m20.9s), 300/300 VUs, 313808 complete and 0 interrupted iterations
default   [  89% ] 300/300 VUs  5m20.9s/6m00.0s

running (5m21.9s), 300/300 VUs, 314805 complete and 0 interrupted iterations
default   [  89% ] 300/300 VUs  5m21.9s/6m00.0s

running (5m22.9s), 300/300 VUs, 315805 complete and 0 interrupted iterations
default   [  90% ] 300/300 VUs  5m22.9s/6m00.0s

running (5m23.9s), 300/300 VUs, 316775 complete and 0 interrupted iterations
default   [  90% ] 300/300 VUs  5m23.9s/6m00.0s

running (5m24.9s), 300/300 VUs, 317755 complete and 0 interrupted iterations
default   [  90% ] 300/300 VUs  5m24.9s/6m00.0s

running (5m25.9s), 300/300 VUs, 318755 complete and 0 interrupted iterations
default   [  91% ] 300/300 VUs  5m25.9s/6m00.0s

running (5m26.9s), 300/300 VUs, 319755 complete and 0 interrupted iterations
default   [  91% ] 300/300 VUs  5m26.9s/6m00.0s

running (5m27.9s), 300/300 VUs, 320705 complete and 0 interrupted iterations
default   [  91% ] 300/300 VUs  5m27.9s/6m00.0s

running (5m28.9s), 300/300 VUs, 321705 complete and 0 interrupted iterations
default   [  91% ] 300/300 VUs  5m28.9s/6m00.0s

running (5m29.9s), 300/300 VUs, 322705 complete and 0 interrupted iterations
default   [  92% ] 300/300 VUs  5m29.9s/6m00.0s

running (5m30.9s), 294/300 VUs, 323655 complete and 0 interrupted iterations
default   [  92% ] 294/300 VUs  5m30.9s/6m00.0s

running (5m31.9s), 283/300 VUs, 324655 complete and 0 interrupted iterations
default   [  92% ] 283/300 VUs  5m31.9s/6m00.0s

running (5m32.9s), 273/300 VUs, 325642 complete and 0 interrupted iterations
default   [  92% ] 273/300 VUs  5m32.9s/6m00.0s

running (5m33.9s), 263/300 VUs, 326605 complete and 0 interrupted iterations
default   [  93% ] 263/300 VUs  5m33.9s/6m00.0s

running (5m34.9s), 253/300 VUs, 327605 complete and 0 interrupted iterations
default   [  93% ] 253/300 VUs  5m34.9s/6m00.0s

running (5m35.9s), 243/300 VUs, 328605 complete and 0 interrupted iterations
default   [  93% ] 243/300 VUs  5m35.9s/6m00.0s

running (5m36.9s), 233/300 VUs, 329563 complete and 0 interrupted iterations
default   [  94% ] 233/300 VUs  5m36.9s/6m00.0s

running (5m37.9s), 223/300 VUs, 330555 complete and 0 interrupted iterations
default   [  94% ] 223/300 VUs  5m37.9s/6m00.0s

running (5m38.9s), 213/300 VUs, 331555 complete and 0 interrupted iterations
default   [  94% ] 213/300 VUs  5m38.9s/6m00.0s

running (5m39.9s), 202/300 VUs, 332531 complete and 0 interrupted iterations
default   [  94% ] 202/300 VUs  5m39.9s/6m00.0s

running (5m40.9s), 193/300 VUs, 333505 complete and 0 interrupted iterations
default   [  95% ] 193/300 VUs  5m40.9s/6m00.0s

running (5m41.9s), 183/300 VUs, 334505 complete and 0 interrupted iterations
default   [  95% ] 183/300 VUs  5m41.9s/6m00.0s

running (5m42.9s), 172/300 VUs, 335505 complete and 0 interrupted iterations
default   [  95% ] 172/300 VUs  5m42.9s/6m00.0s

running (5m43.9s), 163/300 VUs, 336486 complete and 0 interrupted iterations
default   [  96% ] 163/300 VUs  5m43.9s/6m00.0s

running (5m44.9s), 152/300 VUs, 337455 complete and 0 interrupted iterations
default   [  96% ] 152/300 VUs  5m44.9s/6m00.0s

running (5m45.9s), 143/300 VUs, 338455 complete and 0 interrupted iterations
default   [  96% ] 143/300 VUs  5m45.9s/6m00.0s

running (5m46.9s), 132/300 VUs, 339455 complete and 0 interrupted iterations
default   [  96% ] 132/300 VUs  5m46.9s/6m00.0s

running (5m47.9s), 123/300 VUs, 340405 complete and 0 interrupted iterations
default   [  97% ] 123/300 VUs  5m47.9s/6m00.0s

running (5m48.9s), 112/300 VUs, 341405 complete and 0 interrupted iterations
default   [  97% ] 112/300 VUs  5m48.9s/6m00.0s

running (5m49.9s), 103/300 VUs, 342405 complete and 0 interrupted iterations
default   [  97% ] 103/300 VUs  5m49.9s/6m00.0s

running (5m50.9s), 092/300 VUs, 343377 complete and 0 interrupted iterations
default   [  97% ] 092/300 VUs  5m50.9s/6m00.0s

running (5m51.9s), 083/300 VUs, 344355 complete and 0 interrupted iterations
default   [  98% ] 083/300 VUs  5m51.9s/6m00.0s

running (5m52.9s), 072/300 VUs, 345355 complete and 0 interrupted iterations
default   [  98% ] 072/300 VUs  5m52.9s/6m00.0s

running (5m53.9s), 062/300 VUs, 346355 complete and 0 interrupted iterations
default   [  98% ] 062/300 VUs  5m53.9s/6m00.0s

running (5m54.9s), 052/300 VUs, 347339 complete and 0 interrupted iterations
default   [  99% ] 052/300 VUs  5m54.9s/6m00.0s

running (5m55.9s), 042/300 VUs, 348248 complete and 0 interrupted iterations
default   [  99% ] 042/300 VUs  5m55.9s/6m00.0s

running (5m56.9s), 032/300 VUs, 348988 complete and 0 interrupted iterations
default   [  99% ] 032/300 VUs  5m56.9s/6m00.0s

running (5m57.9s), 022/300 VUs, 349507 complete and 0 interrupted iterations
default   [  99% ] 022/300 VUs  5m57.9s/6m00.0s

running (5m58.9s), 012/300 VUs, 349850 complete and 0 interrupted iterations
default   [ 100% ] 012/300 VUs  5m58.9s/6m00.0s

running (5m59.9s), 002/300 VUs, 349988 complete and 0 interrupted iterations
default   [ 100% ] 002/300 VUs  5m59.9s/6m00.0s


  █ THRESHOLDS 

    checks
    ✓ 'rate>0.95' rate=100.00%

    http_req_duration
    ✓ 'p(95)<5000' p(95)=306.1ms
    ✓ 'p(99)<10000' p(99)=310.64ms

    http_req_failed
    ✓ 'rate<0.05' rate=0.00%


  █ TOTAL RESULTS 

    checks_total.......: 1399976 3888.286376/s
    checks_succeeded...: 100.00% 1399976 out of 1399976
    checks_failed......: 0.00%   0 out of 1399976

    ✓ status is 200
    ✓ content-type is json
    ✓ workloadType is IO-BOUND
    ✓ executionTimeMs exists

    CUSTOM
    response_time_ms...............: min=50.731539 avg=282.825422 med=303.785898 max=333.026128 p(90)=305.519159 p(95)=306.102984 p(99)=310.642227
    successful_requests............: 349994 972.071594/s

    HTTP
    http_req_duration..............: min=50.73ms   avg=282.82ms   med=303.78ms   max=333.02ms   p(90)=305.51ms   p(95)=306.1ms    p(99)=310.64ms  
      { expected_response:true }...: min=50.73ms   avg=282.82ms   med=303.78ms   max=333.02ms   p(90)=305.51ms   p(95)=306.1ms    p(99)=310.64ms  
    http_req_failed................: 0.00%  0 out of 349994
    http_reqs......................: 349994 972.071594/s

    EXECUTION
    iteration_duration.............: min=50.84ms   avg=282.96ms   med=303.92ms   max=333.16ms   p(90)=305.66ms   p(95)=306.24ms   p(99)=310.79ms  
    iterations.....................: 349994 972.071594/s
    vus............................: 2      min=2           max=300
    vus_max........................: 300    min=300         max=300

    NETWORK
    data_received..................: 77 MB  215 kB/s
    data_sent......................: 28 MB  77 kB/s




running (6m00.0s), 000/300 VUs, 349994 complete and 0 interrupted iterations
default ✓ [ 100% ] 000/300 VUs  6m0s
