
         /\      Grafana   /‾‾/  
    /\  /  \     |\  __   /  /   
   /  \/    \    | |/ /  /   ‾‾\ 
  /          \   |   (  |  (‾)  |
 / __________ \  |_|\_\  \_____/ 


     execution: local
        script: cpu-bound-test.js
        output: -

     scenarios: (100.00%) 1 scenario, 20 max VUs, 4m30s max duration (incl. graceful stop):
              * default: Up to 20 looping VUs for 4m0s over 3 stages (gracefulRampDown: 30s, gracefulStop: 30s)


running (0m01.0s), 01/20 VUs, 17 complete and 0 interrupted iterations
default   [   0% ] 01/20 VUs  0m01.0s/4m00.0s

running (0m02.0s), 02/20 VUs, 40 complete and 0 interrupted iterations
default   [   1% ] 02/20 VUs  0m02.0s/4m00.0s

running (0m03.0s), 02/20 VUs, 73 complete and 0 interrupted iterations
default   [   1% ] 02/20 VUs  0m03.0s/4m00.0s

running (0m04.0s), 03/20 VUs, 107 complete and 0 interrupted iterations
default   [   2% ] 03/20 VUs  0m04.0s/4m00.0s

running (0m05.0s), 04/20 VUs, 140 complete and 0 interrupted iterations
default   [   2% ] 04/20 VUs  0m05.0s/4m00.0s

running (0m06.0s), 04/20 VUs, 174 complete and 0 interrupted iterations
default   [   2% ] 04/20 VUs  0m06.0s/4m00.0s

running (0m07.0s), 05/20 VUs, 208 complete and 0 interrupted iterations
default   [   3% ] 05/20 VUs  0m07.0s/4m00.0s

running (0m08.0s), 06/20 VUs, 242 complete and 0 interrupted iterations
default   [   3% ] 06/20 VUs  0m08.0s/4m00.0s

running (0m09.0s), 06/20 VUs, 275 complete and 0 interrupted iterations
default   [   4% ] 06/20 VUs  0m09.0s/4m00.0s

running (0m10.0s), 07/20 VUs, 308 complete and 0 interrupted iterations
default   [   4% ] 07/20 VUs  0m10.0s/4m00.0s

running (0m11.0s), 07/20 VUs, 344 complete and 0 interrupted iterations
default   [   5% ] 07/20 VUs  0m11.0s/4m00.0s

running (0m12.0s), 08/20 VUs, 376 complete and 0 interrupted iterations
default   [   5% ] 08/20 VUs  0m12.0s/4m00.0s

running (0m13.0s), 09/20 VUs, 411 complete and 0 interrupted iterations
default   [   5% ] 09/20 VUs  0m13.0s/4m00.0s

running (0m14.0s), 09/20 VUs, 444 complete and 0 interrupted iterations
default   [   6% ] 09/20 VUs  0m14.0s/4m00.0s

running (0m15.0s), 10/20 VUs, 479 complete and 0 interrupted iterations
default   [   6% ] 10/20 VUs  0m15.0s/4m00.0s

running (0m16.0s), 11/20 VUs, 512 complete and 0 interrupted iterations
default   [   7% ] 11/20 VUs  0m16.0s/4m00.0s

running (0m17.0s), 11/20 VUs, 546 complete and 0 interrupted iterations
default   [   7% ] 11/20 VUs  0m17.0s/4m00.0s

running (0m18.0s), 12/20 VUs, 580 complete and 0 interrupted iterations
default   [   7% ] 12/20 VUs  0m18.0s/4m00.0s

running (0m19.0s), 13/20 VUs, 613 complete and 0 interrupted iterations
default   [   8% ] 13/20 VUs  0m19.0s/4m00.0s

running (0m20.0s), 13/20 VUs, 648 complete and 0 interrupted iterations
default   [   8% ] 13/20 VUs  0m20.0s/4m00.0s

running (0m21.0s), 14/20 VUs, 681 complete and 0 interrupted iterations
default   [   9% ] 14/20 VUs  0m21.0s/4m00.0s

running (0m22.0s), 14/20 VUs, 716 complete and 0 interrupted iterations
default   [   9% ] 14/20 VUs  0m22.0s/4m00.0s

running (0m23.0s), 15/20 VUs, 749 complete and 0 interrupted iterations
default   [  10% ] 15/20 VUs  0m23.0s/4m00.0s

running (0m24.0s), 16/20 VUs, 784 complete and 0 interrupted iterations
default   [  10% ] 16/20 VUs  0m24.0s/4m00.0s

running (0m25.0s), 16/20 VUs, 817 complete and 0 interrupted iterations
default   [  10% ] 16/20 VUs  0m25.0s/4m00.0s

running (0m26.0s), 17/20 VUs, 852 complete and 0 interrupted iterations
default   [  11% ] 17/20 VUs  0m26.0s/4m00.0s

running (0m27.0s), 18/20 VUs, 884 complete and 0 interrupted iterations
default   [  11% ] 18/20 VUs  0m27.0s/4m00.0s

running (0m28.0s), 18/20 VUs, 918 complete and 0 interrupted iterations
default   [  12% ] 18/20 VUs  0m28.0s/4m00.0s

running (0m29.0s), 19/20 VUs, 953 complete and 0 interrupted iterations
default   [  12% ] 19/20 VUs  0m29.0s/4m00.0s

running (0m30.0s), 19/20 VUs, 985 complete and 0 interrupted iterations
default   [  12% ] 19/20 VUs  0m30.0s/4m00.0s

running (0m31.0s), 20/20 VUs, 1020 complete and 0 interrupted iterations
default   [  13% ] 20/20 VUs  0m31.0s/4m00.0s

running (0m32.0s), 20/20 VUs, 1053 complete and 0 interrupted iterations
default   [  13% ] 20/20 VUs  0m32.0s/4m00.0s

running (0m33.0s), 20/20 VUs, 1089 complete and 0 interrupted iterations
default   [  14% ] 20/20 VUs  0m33.0s/4m00.0s

running (0m34.0s), 20/20 VUs, 1121 complete and 0 interrupted iterations
default   [  14% ] 20/20 VUs  0m34.0s/4m00.0s

running (0m35.0s), 20/20 VUs, 1157 complete and 0 interrupted iterations
default   [  15% ] 20/20 VUs  0m35.0s/4m00.0s

running (0m36.0s), 20/20 VUs, 1189 complete and 0 interrupted iterations
default   [  15% ] 20/20 VUs  0m36.0s/4m00.0s

running (0m37.0s), 20/20 VUs, 1224 complete and 0 interrupted iterations
default   [  15% ] 20/20 VUs  0m37.0s/4m00.0s

running (0m38.0s), 20/20 VUs, 1257 complete and 0 interrupted iterations
default   [  16% ] 20/20 VUs  0m38.0s/4m00.0s

running (0m39.0s), 20/20 VUs, 1290 complete and 0 interrupted iterations
default   [  16% ] 20/20 VUs  0m39.0s/4m00.0s

running (0m40.0s), 20/20 VUs, 1325 complete and 0 interrupted iterations
default   [  17% ] 20/20 VUs  0m40.0s/4m00.0s

running (0m41.0s), 20/20 VUs, 1358 complete and 0 interrupted iterations
default   [  17% ] 20/20 VUs  0m41.0s/4m00.0s

running (0m42.0s), 20/20 VUs, 1393 complete and 0 interrupted iterations
default   [  17% ] 20/20 VUs  0m42.0s/4m00.0s

running (0m43.0s), 20/20 VUs, 1425 complete and 0 interrupted iterations
default   [  18% ] 20/20 VUs  0m43.0s/4m00.0s

running (0m44.0s), 20/20 VUs, 1460 complete and 0 interrupted iterations
default   [  18% ] 20/20 VUs  0m44.0s/4m00.0s

running (0m45.0s), 20/20 VUs, 1493 complete and 0 interrupted iterations
default   [  19% ] 20/20 VUs  0m45.0s/4m00.0s

running (0m46.0s), 20/20 VUs, 1528 complete and 0 interrupted iterations
default   [  19% ] 20/20 VUs  0m46.0s/4m00.0s

running (0m47.0s), 20/20 VUs, 1561 complete and 0 interrupted iterations
default   [  20% ] 20/20 VUs  0m47.0s/4m00.0s

running (0m48.0s), 20/20 VUs, 1596 complete and 0 interrupted iterations
default   [  20% ] 20/20 VUs  0m48.0s/4m00.0s

running (0m49.0s), 20/20 VUs, 1629 complete and 0 interrupted iterations
default   [  20% ] 20/20 VUs  0m49.0s/4m00.0s

running (0m50.0s), 20/20 VUs, 1663 complete and 0 interrupted iterations
default   [  21% ] 20/20 VUs  0m50.0s/4m00.0s

running (0m51.0s), 20/20 VUs, 1697 complete and 0 interrupted iterations
default   [  21% ] 20/20 VUs  0m51.0s/4m00.0s

running (0m52.0s), 20/20 VUs, 1731 complete and 0 interrupted iterations
default   [  22% ] 20/20 VUs  0m52.0s/4m00.0s

running (0m53.0s), 20/20 VUs, 1765 complete and 0 interrupted iterations
default   [  22% ] 20/20 VUs  0m53.0s/4m00.0s

running (0m54.0s), 20/20 VUs, 1799 complete and 0 interrupted iterations
default   [  22% ] 20/20 VUs  0m54.0s/4m00.0s

running (0m55.0s), 20/20 VUs, 1833 complete and 0 interrupted iterations
default   [  23% ] 20/20 VUs  0m55.0s/4m00.0s

running (0m56.0s), 20/20 VUs, 1866 complete and 0 interrupted iterations
default   [  23% ] 20/20 VUs  0m56.0s/4m00.0s

running (0m57.0s), 20/20 VUs, 1901 complete and 0 interrupted iterations
default   [  24% ] 20/20 VUs  0m57.0s/4m00.0s

running (0m58.0s), 20/20 VUs, 1934 complete and 0 interrupted iterations
default   [  24% ] 20/20 VUs  0m58.0s/4m00.0s

running (0m59.0s), 20/20 VUs, 1968 complete and 0 interrupted iterations
default   [  25% ] 20/20 VUs  0m59.0s/4m00.0s

running (1m00.0s), 20/20 VUs, 2002 complete and 0 interrupted iterations
default   [  25% ] 20/20 VUs  1m00.0s/4m00.0s

running (1m01.0s), 20/20 VUs, 2036 complete and 0 interrupted iterations
default   [  25% ] 20/20 VUs  1m01.0s/4m00.0s

running (1m02.0s), 20/20 VUs, 2069 complete and 0 interrupted iterations
default   [  26% ] 20/20 VUs  1m02.0s/4m00.0s

running (1m03.0s), 20/20 VUs, 2103 complete and 0 interrupted iterations
default   [  26% ] 20/20 VUs  1m03.0s/4m00.0s

running (1m04.0s), 20/20 VUs, 2137 complete and 0 interrupted iterations
default   [  27% ] 20/20 VUs  1m04.0s/4m00.0s

running (1m05.0s), 20/20 VUs, 2170 complete and 0 interrupted iterations
default   [  27% ] 20/20 VUs  1m05.0s/4m00.0s

running (1m06.0s), 20/20 VUs, 2205 complete and 0 interrupted iterations
default   [  27% ] 20/20 VUs  1m06.0s/4m00.0s

running (1m07.0s), 20/20 VUs, 2238 complete and 0 interrupted iterations
default   [  28% ] 20/20 VUs  1m07.0s/4m00.0s

running (1m08.0s), 20/20 VUs, 2272 complete and 0 interrupted iterations
default   [  28% ] 20/20 VUs  1m08.0s/4m00.0s

running (1m09.0s), 20/20 VUs, 2306 complete and 0 interrupted iterations
default   [  29% ] 20/20 VUs  1m09.0s/4m00.0s

running (1m10.0s), 20/20 VUs, 2340 complete and 0 interrupted iterations
default   [  29% ] 20/20 VUs  1m10.0s/4m00.0s

running (1m11.0s), 20/20 VUs, 2374 complete and 0 interrupted iterations
default   [  30% ] 20/20 VUs  1m11.0s/4m00.0s

running (1m12.0s), 20/20 VUs, 2408 complete and 0 interrupted iterations
default   [  30% ] 20/20 VUs  1m12.0s/4m00.0s

running (1m13.0s), 20/20 VUs, 2442 complete and 0 interrupted iterations
default   [  30% ] 20/20 VUs  1m13.0s/4m00.0s

running (1m14.0s), 20/20 VUs, 2476 complete and 0 interrupted iterations
default   [  31% ] 20/20 VUs  1m14.0s/4m00.0s

running (1m15.0s), 20/20 VUs, 2509 complete and 0 interrupted iterations
default   [  31% ] 20/20 VUs  1m15.0s/4m00.0s

running (1m16.0s), 20/20 VUs, 2543 complete and 0 interrupted iterations
default   [  32% ] 20/20 VUs  1m16.0s/4m00.0s

running (1m17.0s), 20/20 VUs, 2577 complete and 0 interrupted iterations
default   [  32% ] 20/20 VUs  1m17.0s/4m00.0s

running (1m18.0s), 20/20 VUs, 2611 complete and 0 interrupted iterations
default   [  32% ] 20/20 VUs  1m18.0s/4m00.0s

running (1m19.0s), 20/20 VUs, 2644 complete and 0 interrupted iterations
default   [  33% ] 20/20 VUs  1m19.0s/4m00.0s

running (1m20.0s), 20/20 VUs, 2679 complete and 0 interrupted iterations
default   [  33% ] 20/20 VUs  1m20.0s/4m00.0s

running (1m21.0s), 20/20 VUs, 2712 complete and 0 interrupted iterations
default   [  34% ] 20/20 VUs  1m21.0s/4m00.0s

running (1m22.0s), 20/20 VUs, 2747 complete and 0 interrupted iterations
default   [  34% ] 20/20 VUs  1m22.0s/4m00.0s

running (1m23.0s), 20/20 VUs, 2779 complete and 0 interrupted iterations
default   [  35% ] 20/20 VUs  1m23.0s/4m00.0s

running (1m24.0s), 20/20 VUs, 2814 complete and 0 interrupted iterations
default   [  35% ] 20/20 VUs  1m24.0s/4m00.0s

running (1m25.0s), 20/20 VUs, 2847 complete and 0 interrupted iterations
default   [  35% ] 20/20 VUs  1m25.0s/4m00.0s

running (1m26.0s), 20/20 VUs, 2882 complete and 0 interrupted iterations
default   [  36% ] 20/20 VUs  1m26.0s/4m00.0s

running (1m27.0s), 20/20 VUs, 2915 complete and 0 interrupted iterations
default   [  36% ] 20/20 VUs  1m27.0s/4m00.0s

running (1m28.0s), 20/20 VUs, 2949 complete and 0 interrupted iterations
default   [  37% ] 20/20 VUs  1m28.0s/4m00.0s

running (1m29.0s), 20/20 VUs, 2983 complete and 0 interrupted iterations
default   [  37% ] 20/20 VUs  1m29.0s/4m00.0s

running (1m30.0s), 20/20 VUs, 3016 complete and 0 interrupted iterations
default   [  37% ] 20/20 VUs  1m30.0s/4m00.0s

running (1m31.0s), 20/20 VUs, 3050 complete and 0 interrupted iterations
default   [  38% ] 20/20 VUs  1m31.0s/4m00.0s

running (1m32.0s), 20/20 VUs, 3084 complete and 0 interrupted iterations
default   [  38% ] 20/20 VUs  1m32.0s/4m00.0s

running (1m33.0s), 20/20 VUs, 3116 complete and 0 interrupted iterations
default   [  39% ] 20/20 VUs  1m33.0s/4m00.0s

running (1m34.0s), 20/20 VUs, 3152 complete and 0 interrupted iterations
default   [  39% ] 20/20 VUs  1m34.0s/4m00.0s

running (1m35.0s), 20/20 VUs, 3184 complete and 0 interrupted iterations
default   [  40% ] 20/20 VUs  1m35.0s/4m00.0s

running (1m36.0s), 20/20 VUs, 3219 complete and 0 interrupted iterations
default   [  40% ] 20/20 VUs  1m36.0s/4m00.0s

running (1m37.0s), 20/20 VUs, 3252 complete and 0 interrupted iterations
default   [  40% ] 20/20 VUs  1m37.0s/4m00.0s

running (1m38.0s), 20/20 VUs, 3286 complete and 0 interrupted iterations
default   [  41% ] 20/20 VUs  1m38.0s/4m00.0s

running (1m39.0s), 20/20 VUs, 3320 complete and 0 interrupted iterations
default   [  41% ] 20/20 VUs  1m39.0s/4m00.0s

running (1m40.0s), 20/20 VUs, 3353 complete and 0 interrupted iterations
default   [  42% ] 20/20 VUs  1m40.0s/4m00.0s

running (1m41.0s), 20/20 VUs, 3388 complete and 0 interrupted iterations
default   [  42% ] 20/20 VUs  1m41.0s/4m00.0s

running (1m42.0s), 20/20 VUs, 3421 complete and 0 interrupted iterations
default   [  42% ] 20/20 VUs  1m42.0s/4m00.0s

running (1m43.0s), 20/20 VUs, 3456 complete and 0 interrupted iterations
default   [  43% ] 20/20 VUs  1m43.0s/4m00.0s

running (1m44.0s), 20/20 VUs, 3489 complete and 0 interrupted iterations
default   [  43% ] 20/20 VUs  1m44.0s/4m00.0s

running (1m45.0s), 20/20 VUs, 3523 complete and 0 interrupted iterations
default   [  44% ] 20/20 VUs  1m45.0s/4m00.0s

running (1m46.0s), 20/20 VUs, 3557 complete and 0 interrupted iterations
default   [  44% ] 20/20 VUs  1m46.0s/4m00.0s

running (1m47.0s), 20/20 VUs, 3591 complete and 0 interrupted iterations
default   [  45% ] 20/20 VUs  1m47.0s/4m00.0s

running (1m48.0s), 20/20 VUs, 3624 complete and 0 interrupted iterations
default   [  45% ] 20/20 VUs  1m48.0s/4m00.0s

running (1m49.0s), 20/20 VUs, 3659 complete and 0 interrupted iterations
default   [  45% ] 20/20 VUs  1m49.0s/4m00.0s

running (1m50.0s), 20/20 VUs, 3692 complete and 0 interrupted iterations
default   [  46% ] 20/20 VUs  1m50.0s/4m00.0s

running (1m51.0s), 20/20 VUs, 3727 complete and 0 interrupted iterations
default   [  46% ] 20/20 VUs  1m51.0s/4m00.0s

running (1m52.0s), 20/20 VUs, 3760 complete and 0 interrupted iterations
default   [  47% ] 20/20 VUs  1m52.0s/4m00.0s

running (1m53.0s), 20/20 VUs, 3794 complete and 0 interrupted iterations
default   [  47% ] 20/20 VUs  1m53.0s/4m00.0s

running (1m54.0s), 20/20 VUs, 3827 complete and 0 interrupted iterations
default   [  47% ] 20/20 VUs  1m54.0s/4m00.0s

running (1m55.0s), 20/20 VUs, 3862 complete and 0 interrupted iterations
default   [  48% ] 20/20 VUs  1m55.0s/4m00.0s

running (1m56.0s), 20/20 VUs, 3895 complete and 0 interrupted iterations
default   [  48% ] 20/20 VUs  1m56.0s/4m00.0s

running (1m57.0s), 20/20 VUs, 3930 complete and 0 interrupted iterations
default   [  49% ] 20/20 VUs  1m57.0s/4m00.0s

running (1m58.0s), 20/20 VUs, 3963 complete and 0 interrupted iterations
default   [  49% ] 20/20 VUs  1m58.0s/4m00.0s

running (1m59.0s), 20/20 VUs, 3997 complete and 0 interrupted iterations
default   [  50% ] 20/20 VUs  1m59.0s/4m00.0s

running (2m00.0s), 20/20 VUs, 4031 complete and 0 interrupted iterations
default   [  50% ] 20/20 VUs  2m00.0s/4m00.0s

running (2m01.0s), 20/20 VUs, 4065 complete and 0 interrupted iterations
default   [  50% ] 20/20 VUs  2m01.0s/4m00.0s

running (2m02.0s), 20/20 VUs, 4099 complete and 0 interrupted iterations
default   [  51% ] 20/20 VUs  2m02.0s/4m00.0s

running (2m03.0s), 20/20 VUs, 4133 complete and 0 interrupted iterations
default   [  51% ] 20/20 VUs  2m03.0s/4m00.0s

running (2m04.0s), 20/20 VUs, 4167 complete and 0 interrupted iterations
default   [  52% ] 20/20 VUs  2m04.0s/4m00.0s

running (2m05.0s), 20/20 VUs, 4200 complete and 0 interrupted iterations
default   [  52% ] 20/20 VUs  2m05.0s/4m00.0s

running (2m06.0s), 20/20 VUs, 4234 complete and 0 interrupted iterations
default   [  52% ] 20/20 VUs  2m06.0s/4m00.0s

running (2m07.0s), 20/20 VUs, 4268 complete and 0 interrupted iterations
default   [  53% ] 20/20 VUs  2m07.0s/4m00.0s

running (2m08.0s), 20/20 VUs, 4302 complete and 0 interrupted iterations
default   [  53% ] 20/20 VUs  2m08.0s/4m00.0s

running (2m09.0s), 20/20 VUs, 4336 complete and 0 interrupted iterations
default   [  54% ] 20/20 VUs  2m09.0s/4m00.0s

running (2m10.0s), 20/20 VUs, 4370 complete and 0 interrupted iterations
default   [  54% ] 20/20 VUs  2m10.0s/4m00.0s

running (2m11.0s), 20/20 VUs, 4405 complete and 0 interrupted iterations
default   [  55% ] 20/20 VUs  2m11.0s/4m00.0s

running (2m12.0s), 20/20 VUs, 4437 complete and 0 interrupted iterations
default   [  55% ] 20/20 VUs  2m12.0s/4m00.0s

running (2m13.0s), 20/20 VUs, 4472 complete and 0 interrupted iterations
default   [  55% ] 20/20 VUs  2m13.0s/4m00.0s

running (2m14.0s), 20/20 VUs, 4505 complete and 0 interrupted iterations
default   [  56% ] 20/20 VUs  2m14.0s/4m00.0s

running (2m15.0s), 20/20 VUs, 4540 complete and 0 interrupted iterations
default   [  56% ] 20/20 VUs  2m15.0s/4m00.0s

running (2m16.0s), 20/20 VUs, 4573 complete and 0 interrupted iterations
default   [  57% ] 20/20 VUs  2m16.0s/4m00.0s

running (2m17.0s), 20/20 VUs, 4608 complete and 0 interrupted iterations
default   [  57% ] 20/20 VUs  2m17.0s/4m00.0s

running (2m18.0s), 20/20 VUs, 4641 complete and 0 interrupted iterations
default   [  57% ] 20/20 VUs  2m18.0s/4m00.0s

running (2m19.0s), 20/20 VUs, 4676 complete and 0 interrupted iterations
default   [  58% ] 20/20 VUs  2m19.0s/4m00.0s

running (2m20.0s), 20/20 VUs, 4709 complete and 0 interrupted iterations
default   [  58% ] 20/20 VUs  2m20.0s/4m00.0s

running (2m21.0s), 20/20 VUs, 4744 complete and 0 interrupted iterations
default   [  59% ] 20/20 VUs  2m21.0s/4m00.0s

running (2m22.0s), 20/20 VUs, 4777 complete and 0 interrupted iterations
default   [  59% ] 20/20 VUs  2m22.0s/4m00.0s

running (2m23.0s), 20/20 VUs, 4811 complete and 0 interrupted iterations
default   [  60% ] 20/20 VUs  2m23.0s/4m00.0s

running (2m24.0s), 20/20 VUs, 4845 complete and 0 interrupted iterations
default   [  60% ] 20/20 VUs  2m24.0s/4m00.0s

running (2m25.0s), 20/20 VUs, 4877 complete and 0 interrupted iterations
default   [  60% ] 20/20 VUs  2m25.0s/4m00.0s

running (2m26.0s), 20/20 VUs, 4912 complete and 0 interrupted iterations
default   [  61% ] 20/20 VUs  2m26.0s/4m00.0s

running (2m27.0s), 20/20 VUs, 4947 complete and 0 interrupted iterations
default   [  61% ] 20/20 VUs  2m27.0s/4m00.0s

running (2m28.0s), 20/20 VUs, 4980 complete and 0 interrupted iterations
default   [  62% ] 20/20 VUs  2m28.0s/4m00.0s

running (2m29.0s), 20/20 VUs, 5014 complete and 0 interrupted iterations
default   [  62% ] 20/20 VUs  2m29.0s/4m00.0s

running (2m30.0s), 20/20 VUs, 5047 complete and 0 interrupted iterations
default   [  62% ] 20/20 VUs  2m30.0s/4m00.0s

running (2m31.0s), 20/20 VUs, 5083 complete and 0 interrupted iterations
default   [  63% ] 20/20 VUs  2m31.0s/4m00.0s

running (2m32.0s), 20/20 VUs, 5115 complete and 0 interrupted iterations
default   [  63% ] 20/20 VUs  2m32.0s/4m00.0s

running (2m33.0s), 20/20 VUs, 5149 complete and 0 interrupted iterations
default   [  64% ] 20/20 VUs  2m33.0s/4m00.0s

running (2m34.0s), 20/20 VUs, 5183 complete and 0 interrupted iterations
default   [  64% ] 20/20 VUs  2m34.0s/4m00.0s

running (2m35.0s), 20/20 VUs, 5217 complete and 0 interrupted iterations
default   [  65% ] 20/20 VUs  2m35.0s/4m00.0s

running (2m36.0s), 20/20 VUs, 5251 complete and 0 interrupted iterations
default   [  65% ] 20/20 VUs  2m36.0s/4m00.0s

running (2m37.0s), 20/20 VUs, 5285 complete and 0 interrupted iterations
default   [  65% ] 20/20 VUs  2m37.0s/4m00.0s

running (2m38.0s), 20/20 VUs, 5319 complete and 0 interrupted iterations
default   [  66% ] 20/20 VUs  2m38.0s/4m00.0s

running (2m39.0s), 20/20 VUs, 5352 complete and 0 interrupted iterations
default   [  66% ] 20/20 VUs  2m39.0s/4m00.0s

running (2m40.0s), 20/20 VUs, 5387 complete and 0 interrupted iterations
default   [  67% ] 20/20 VUs  2m40.0s/4m00.0s

running (2m41.0s), 20/20 VUs, 5420 complete and 0 interrupted iterations
default   [  67% ] 20/20 VUs  2m41.0s/4m00.0s

running (2m42.0s), 20/20 VUs, 5455 complete and 0 interrupted iterations
default   [  67% ] 20/20 VUs  2m42.0s/4m00.0s

running (2m43.0s), 20/20 VUs, 5487 complete and 0 interrupted iterations
default   [  68% ] 20/20 VUs  2m43.0s/4m00.0s

running (2m44.0s), 20/20 VUs, 5523 complete and 0 interrupted iterations
default   [  68% ] 20/20 VUs  2m44.0s/4m00.0s

running (2m45.0s), 20/20 VUs, 5555 complete and 0 interrupted iterations
default   [  69% ] 20/20 VUs  2m45.0s/4m00.0s

running (2m46.0s), 20/20 VUs, 5591 complete and 0 interrupted iterations
default   [  69% ] 20/20 VUs  2m46.0s/4m00.0s

running (2m47.0s), 20/20 VUs, 5623 complete and 0 interrupted iterations
default   [  70% ] 20/20 VUs  2m47.0s/4m00.0s

running (2m48.0s), 20/20 VUs, 5659 complete and 0 interrupted iterations
default   [  70% ] 20/20 VUs  2m48.0s/4m00.0s

running (2m49.0s), 20/20 VUs, 5691 complete and 0 interrupted iterations
default   [  70% ] 20/20 VUs  2m49.0s/4m00.0s

running (2m50.0s), 20/20 VUs, 5727 complete and 0 interrupted iterations
default   [  71% ] 20/20 VUs  2m50.0s/4m00.0s

running (2m51.0s), 20/20 VUs, 5759 complete and 0 interrupted iterations
default   [  71% ] 20/20 VUs  2m51.0s/4m00.0s

running (2m52.0s), 20/20 VUs, 5793 complete and 0 interrupted iterations
default   [  72% ] 20/20 VUs  2m52.0s/4m00.0s

running (2m53.0s), 20/20 VUs, 5827 complete and 0 interrupted iterations
default   [  72% ] 20/20 VUs  2m53.0s/4m00.0s

running (2m54.0s), 20/20 VUs, 5860 complete and 0 interrupted iterations
default   [  72% ] 20/20 VUs  2m54.0s/4m00.0s

running (2m55.0s), 20/20 VUs, 5895 complete and 0 interrupted iterations
default   [  73% ] 20/20 VUs  2m55.0s/4m00.0s

running (2m56.0s), 20/20 VUs, 5928 complete and 0 interrupted iterations
default   [  73% ] 20/20 VUs  2m56.0s/4m00.0s

running (2m57.0s), 20/20 VUs, 5963 complete and 0 interrupted iterations
default   [  74% ] 20/20 VUs  2m57.0s/4m00.0s

running (2m58.0s), 20/20 VUs, 5996 complete and 0 interrupted iterations
default   [  74% ] 20/20 VUs  2m58.0s/4m00.0s

running (2m59.0s), 20/20 VUs, 6031 complete and 0 interrupted iterations
default   [  75% ] 20/20 VUs  2m59.0s/4m00.0s

running (3m00.0s), 20/20 VUs, 6063 complete and 0 interrupted iterations
default   [  75% ] 20/20 VUs  3m00.0s/4m00.0s

running (3m01.0s), 20/20 VUs, 6099 complete and 0 interrupted iterations
default   [  75% ] 20/20 VUs  3m01.0s/4m00.0s

running (3m02.0s), 20/20 VUs, 6131 complete and 0 interrupted iterations
default   [  76% ] 20/20 VUs  3m02.0s/4m00.0s

running (3m03.0s), 20/20 VUs, 6167 complete and 0 interrupted iterations
default   [  76% ] 20/20 VUs  3m03.0s/4m00.0s

running (3m04.0s), 20/20 VUs, 6199 complete and 0 interrupted iterations
default   [  77% ] 20/20 VUs  3m04.0s/4m00.0s

running (3m05.0s), 20/20 VUs, 6234 complete and 0 interrupted iterations
default   [  77% ] 20/20 VUs  3m05.0s/4m00.0s

running (3m06.0s), 20/20 VUs, 6267 complete and 0 interrupted iterations
default   [  77% ] 20/20 VUs  3m06.0s/4m00.0s

running (3m07.0s), 20/20 VUs, 6302 complete and 0 interrupted iterations
default   [  78% ] 20/20 VUs  3m07.0s/4m00.0s

running (3m08.0s), 20/20 VUs, 6335 complete and 0 interrupted iterations
default   [  78% ] 20/20 VUs  3m08.0s/4m00.0s

running (3m09.0s), 20/20 VUs, 6368 complete and 0 interrupted iterations
default   [  79% ] 20/20 VUs  3m09.0s/4m00.0s

running (3m10.0s), 20/20 VUs, 6403 complete and 0 interrupted iterations
default   [  79% ] 20/20 VUs  3m10.0s/4m00.0s

running (3m11.0s), 20/20 VUs, 6437 complete and 0 interrupted iterations
default   [  80% ] 20/20 VUs  3m11.0s/4m00.0s

running (3m12.0s), 20/20 VUs, 6471 complete and 0 interrupted iterations
default   [  80% ] 20/20 VUs  3m12.0s/4m00.0s

running (3m13.0s), 20/20 VUs, 6504 complete and 0 interrupted iterations
default   [  80% ] 20/20 VUs  3m13.0s/4m00.0s

running (3m14.0s), 20/20 VUs, 6539 complete and 0 interrupted iterations
default   [  81% ] 20/20 VUs  3m14.0s/4m00.0s

running (3m15.0s), 20/20 VUs, 6571 complete and 0 interrupted iterations
default   [  81% ] 20/20 VUs  3m15.0s/4m00.0s

running (3m16.0s), 20/20 VUs, 6607 complete and 0 interrupted iterations
default   [  82% ] 20/20 VUs  3m16.0s/4m00.0s

running (3m17.0s), 20/20 VUs, 6639 complete and 0 interrupted iterations
default   [  82% ] 20/20 VUs  3m17.0s/4m00.0s

running (3m18.0s), 20/20 VUs, 6675 complete and 0 interrupted iterations
default   [  82% ] 20/20 VUs  3m18.0s/4m00.0s

running (3m19.0s), 20/20 VUs, 6707 complete and 0 interrupted iterations
default   [  83% ] 20/20 VUs  3m19.0s/4m00.0s

running (3m20.0s), 20/20 VUs, 6743 complete and 0 interrupted iterations
default   [  83% ] 20/20 VUs  3m20.0s/4m00.0s

running (3m21.0s), 20/20 VUs, 6775 complete and 0 interrupted iterations
default   [  84% ] 20/20 VUs  3m21.0s/4m00.0s

running (3m22.0s), 20/20 VUs, 6811 complete and 0 interrupted iterations
default   [  84% ] 20/20 VUs  3m22.0s/4m00.0s

running (3m23.0s), 20/20 VUs, 6843 complete and 0 interrupted iterations
default   [  85% ] 20/20 VUs  3m23.0s/4m00.0s

running (3m24.0s), 20/20 VUs, 6878 complete and 0 interrupted iterations
default   [  85% ] 20/20 VUs  3m24.0s/4m00.0s

running (3m25.0s), 20/20 VUs, 6911 complete and 0 interrupted iterations
default   [  85% ] 20/20 VUs  3m25.0s/4m00.0s

running (3m26.0s), 20/20 VUs, 6944 complete and 0 interrupted iterations
default   [  86% ] 20/20 VUs  3m26.0s/4m00.0s

running (3m27.0s), 20/20 VUs, 6979 complete and 0 interrupted iterations
default   [  86% ] 20/20 VUs  3m27.0s/4m00.0s

running (3m28.0s), 20/20 VUs, 7013 complete and 0 interrupted iterations
default   [  87% ] 20/20 VUs  3m28.0s/4m00.0s

running (3m29.0s), 20/20 VUs, 7047 complete and 0 interrupted iterations
default   [  87% ] 20/20 VUs  3m29.0s/4m00.0s

running (3m30.0s), 20/20 VUs, 7080 complete and 0 interrupted iterations
default   [  87% ] 20/20 VUs  3m30.0s/4m00.0s

running (3m31.0s), 20/20 VUs, 7115 complete and 0 interrupted iterations
default   [  88% ] 20/20 VUs  3m31.0s/4m00.0s

running (3m32.0s), 19/20 VUs, 7147 complete and 0 interrupted iterations
default   [  88% ] 19/20 VUs  3m32.0s/4m00.0s

running (3m33.0s), 19/20 VUs, 7183 complete and 0 interrupted iterations
default   [  89% ] 19/20 VUs  3m33.0s/4m00.0s

running (3m34.0s), 18/20 VUs, 7215 complete and 0 interrupted iterations
default   [  89% ] 18/20 VUs  3m34.0s/4m00.0s

running (3m35.0s), 17/20 VUs, 7251 complete and 0 interrupted iterations
default   [  90% ] 17/20 VUs  3m35.0s/4m00.0s

running (3m36.0s), 17/20 VUs, 7283 complete and 0 interrupted iterations
default   [  90% ] 17/20 VUs  3m36.0s/4m00.0s

running (3m37.0s), 16/20 VUs, 7319 complete and 0 interrupted iterations
default   [  90% ] 16/20 VUs  3m37.0s/4m00.0s

running (3m38.0s), 15/20 VUs, 7351 complete and 0 interrupted iterations
default   [  91% ] 15/20 VUs  3m38.0s/4m00.0s

running (3m39.0s), 15/20 VUs, 7386 complete and 0 interrupted iterations
default   [  91% ] 15/20 VUs  3m39.0s/4m00.0s

running (3m40.0s), 14/20 VUs, 7419 complete and 0 interrupted iterations
default   [  92% ] 14/20 VUs  3m40.0s/4m00.0s

running (3m41.0s), 13/20 VUs, 7453 complete and 0 interrupted iterations
default   [  92% ] 13/20 VUs  3m41.0s/4m00.0s

running (3m42.0s), 13/20 VUs, 7487 complete and 0 interrupted iterations
default   [  92% ] 13/20 VUs  3m42.0s/4m00.0s

running (3m43.0s), 12/20 VUs, 7521 complete and 0 interrupted iterations
default   [  93% ] 12/20 VUs  3m43.0s/4m00.0s

running (3m44.0s), 11/20 VUs, 7555 complete and 0 interrupted iterations
default   [  93% ] 11/20 VUs  3m44.0s/4m00.0s

running (3m45.0s), 11/20 VUs, 7587 complete and 0 interrupted iterations
default   [  94% ] 11/20 VUs  3m45.0s/4m00.0s

running (3m46.0s), 10/20 VUs, 7623 complete and 0 interrupted iterations
default   [  94% ] 10/20 VUs  3m46.0s/4m00.0s

running (3m47.0s), 09/20 VUs, 7655 complete and 0 interrupted iterations
default   [  95% ] 09/20 VUs  3m47.0s/4m00.0s

running (3m48.0s), 09/20 VUs, 7691 complete and 0 interrupted iterations
default   [  95% ] 09/20 VUs  3m48.0s/4m00.0s

running (3m49.0s), 08/20 VUs, 7723 complete and 0 interrupted iterations
default   [  95% ] 08/20 VUs  3m49.0s/4m00.0s

running (3m50.0s), 07/20 VUs, 7759 complete and 0 interrupted iterations
default   [  96% ] 07/20 VUs  3m50.0s/4m00.0s

running (3m51.0s), 07/20 VUs, 7791 complete and 0 interrupted iterations
default   [  96% ] 07/20 VUs  3m51.0s/4m00.0s

running (3m52.0s), 06/20 VUs, 7826 complete and 0 interrupted iterations
default   [  97% ] 06/20 VUs  3m52.0s/4m00.0s

running (3m53.0s), 05/20 VUs, 7859 complete and 0 interrupted iterations
default   [  97% ] 05/20 VUs  3m53.0s/4m00.0s

running (3m54.0s), 05/20 VUs, 7894 complete and 0 interrupted iterations
default   [  97% ] 05/20 VUs  3m54.0s/4m00.0s

running (3m55.0s), 04/20 VUs, 7927 complete and 0 interrupted iterations
default   [  98% ] 04/20 VUs  3m55.0s/4m00.0s

running (3m56.0s), 03/20 VUs, 7962 complete and 0 interrupted iterations
default   [  98% ] 03/20 VUs  3m56.0s/4m00.0s

running (3m57.0s), 03/20 VUs, 7996 complete and 0 interrupted iterations
default   [  99% ] 03/20 VUs  3m57.0s/4m00.0s

running (3m58.0s), 02/20 VUs, 8030 complete and 0 interrupted iterations
default   [  99% ] 02/20 VUs  3m58.0s/4m00.0s

running (3m59.0s), 01/20 VUs, 8058 complete and 0 interrupted iterations
default   [ 100% ] 01/20 VUs  3m59.0s/4m00.0s

running (4m00.0s), 01/20 VUs, 8075 complete and 0 interrupted iterations
default   [ 100% ] 01/20 VUs  4m00.0s/4m00.0s


  █ THRESHOLDS 

    checks
    ✓ 'rate>0.95' rate=100.00%

    http_req_duration
    ✓ 'p(95)<5000' p(95)=721.67ms
    ✓ 'p(99)<10000' p(99)=830.98ms

    http_req_failed
    ✓ 'rate<0.05' rate=0.00%


  █ TOTAL RESULTS 

    checks_total.......: 32304   134.594892/s
    checks_succeeded...: 100.00% 32304 out of 32304
    checks_failed......: 0.00%   0 out of 32304

    ✓ status is 200
    ✓ content-type is json
    ✓ workloadType is CPU-BOUND
    ✓ executionTimeMs exists

    CUSTOM
    response_time_ms...............: min=56.707658 avg=522.195988 med=589.659523 max=1272.290504 p(90)=710.227187 p(95)=721.675196 p(99)=830.980264
    successful_requests............: 8076   33.648723/s

    HTTP
    http_req_duration..............: min=56.7ms    avg=522.19ms   med=589.65ms   max=1.27s       p(90)=710.22ms   p(95)=721.67ms   p(99)=830.98ms  
      { expected_response:true }...: min=56.7ms    avg=522.19ms   med=589.65ms   max=1.27s       p(90)=710.22ms   p(95)=721.67ms   p(99)=830.98ms  
    http_req_failed................: 0.00%  0 out of 8076
    http_reqs......................: 8076   33.648723/s

    EXECUTION
    iteration_duration.............: min=56.84ms   avg=522.35ms   med=589.8ms    max=1.27s       p(90)=710.4ms    p(95)=721.81ms   p(99)=831.15ms  
    iterations.....................: 8076   33.648723/s
    vus............................: 1      min=1         max=20
    vus_max........................: 20     min=20        max=20

    NETWORK
    data_received..................: 1.9 MB 7.7 kB/s
    data_sent......................: 646 kB 2.7 kB/s




running (4m00.0s), 00/20 VUs, 8076 complete and 0 interrupted iterations
default ✓ [ 100% ] 00/20 VUs  4m0s
