
         /\      Grafana   /‾‾/  
    /\  /  \     |\  __   /  /   
   /  \/    \    | |/ /  /   ‾‾\ 
  /          \   |   (  |  (‾)  |
 / __________ \  |_|\_\  \_____/ 


     execution: local
        script: io-bound-test.js
        output: -

     scenarios: (100.00%) 1 scenario, 500 max VUs, 6m30s max duration (incl. graceful stop):
              * default: Up to 500 looping VUs for 6m0s over 3 stages (gracefulRampDown: 30s, gracefulStop: 30s)


running (0m00.8s), 013/500 VUs, 98 complete and 0 interrupted iterations
default   [   0% ] 013/500 VUs  0m00.8s/6m00.0s

running (0m01.8s), 030/500 VUs, 516 complete and 0 interrupted iterations
default   [   0% ] 030/500 VUs  0m01.8s/6m00.0s

running (0m02.8s), 047/500 VUs, 1257 complete and 0 interrupted iterations
default   [   1% ] 047/500 VUs  0m02.8s/6m00.0s

running (0m03.8s), 063/500 VUs, 2234 complete and 0 interrupted iterations
default   [   1% ] 063/500 VUs  0m03.8s/6m00.0s

running (0m04.8s), 080/500 VUs, 3226 complete and 0 interrupted iterations
default   [   1% ] 080/500 VUs  0m04.8s/6m00.0s

running (0m05.8s), 097/500 VUs, 4211 complete and 0 interrupted iterations
default   [   2% ] 097/500 VUs  0m05.8s/6m00.0s

running (0m06.8s), 113/500 VUs, 5201 complete and 0 interrupted iterations
default   [   2% ] 113/500 VUs  0m06.8s/6m00.0s

running (0m07.8s), 130/500 VUs, 6196 complete and 0 interrupted iterations
default   [   2% ] 130/500 VUs  0m07.8s/6m00.0s

running (0m08.8s), 146/500 VUs, 7179 complete and 0 interrupted iterations
default   [   2% ] 146/500 VUs  0m08.8s/6m00.0s

running (0m09.8s), 163/500 VUs, 8166 complete and 0 interrupted iterations
default   [   3% ] 163/500 VUs  0m09.8s/6m00.0s

running (0m10.8s), 180/500 VUs, 9155 complete and 0 interrupted iterations
default   [   3% ] 180/500 VUs  0m10.8s/6m00.0s

running (0m11.8s), 196/500 VUs, 10149 complete and 0 interrupted iterations
default   [   3% ] 196/500 VUs  0m11.8s/6m00.0s

running (0m12.8s), 213/500 VUs, 11134 complete and 0 interrupted iterations
default   [   4% ] 213/500 VUs  0m12.8s/6m00.0s

running (0m13.8s), 230/500 VUs, 12125 complete and 0 interrupted iterations
default   [   4% ] 230/500 VUs  0m13.8s/6m00.0s

running (0m14.8s), 246/500 VUs, 13108 complete and 0 interrupted iterations
default   [   4% ] 246/500 VUs  0m14.8s/6m00.0s

running (0m15.8s), 263/500 VUs, 14103 complete and 0 interrupted iterations
default   [   4% ] 263/500 VUs  0m15.8s/6m00.0s

running (0m16.8s), 280/500 VUs, 15086 complete and 0 interrupted iterations
default   [   5% ] 280/500 VUs  0m16.8s/6m00.0s

running (0m17.8s), 296/500 VUs, 16079 complete and 0 interrupted iterations
default   [   5% ] 296/500 VUs  0m17.8s/6m00.0s

running (0m18.8s), 313/500 VUs, 17064 complete and 0 interrupted iterations
default   [   5% ] 313/500 VUs  0m18.8s/6m00.0s

running (0m19.8s), 329/500 VUs, 18051 complete and 0 interrupted iterations
default   [   5% ] 329/500 VUs  0m19.8s/6m00.0s

running (0m20.8s), 346/500 VUs, 19036 complete and 0 interrupted iterations
default   [   6% ] 346/500 VUs  0m20.8s/6m00.0s

running (0m21.8s), 363/500 VUs, 20029 complete and 0 interrupted iterations
default   [   6% ] 363/500 VUs  0m21.8s/6m00.0s

running (0m22.8s), 379/500 VUs, 21025 complete and 0 interrupted iterations
default   [   6% ] 379/500 VUs  0m22.8s/6m00.0s

running (0m23.8s), 396/500 VUs, 22010 complete and 0 interrupted iterations
default   [   7% ] 396/500 VUs  0m23.8s/6m00.0s

running (0m24.8s), 413/500 VUs, 22993 complete and 0 interrupted iterations
default   [   7% ] 413/500 VUs  0m24.8s/6m00.0s

running (0m25.8s), 429/500 VUs, 23979 complete and 0 interrupted iterations
default   [   7% ] 429/500 VUs  0m25.8s/6m00.0s

running (0m26.8s), 446/500 VUs, 24979 complete and 0 interrupted iterations
default   [   7% ] 446/500 VUs  0m26.8s/6m00.0s

running (0m27.8s), 463/500 VUs, 25957 complete and 0 interrupted iterations
default   [   8% ] 463/500 VUs  0m27.8s/6m00.0s

running (0m28.8s), 479/500 VUs, 26929 complete and 0 interrupted iterations
default   [   8% ] 479/500 VUs  0m28.8s/6m00.0s

running (0m29.8s), 496/500 VUs, 27929 complete and 0 interrupted iterations
default   [   8% ] 496/500 VUs  0m29.8s/6m00.0s

running (0m30.8s), 500/500 VUs, 28928 complete and 0 interrupted iterations
default   [   9% ] 500/500 VUs  0m30.8s/6m00.0s

running (0m31.8s), 500/500 VUs, 29894 complete and 0 interrupted iterations
default   [   9% ] 500/500 VUs  0m31.8s/6m00.0s

running (0m32.8s), 500/500 VUs, 30879 complete and 0 interrupted iterations
default   [   9% ] 500/500 VUs  0m32.8s/6m00.0s

running (0m33.8s), 500/500 VUs, 31879 complete and 0 interrupted iterations
default   [   9% ] 500/500 VUs  0m33.8s/6m00.0s

running (0m34.8s), 500/500 VUs, 32854 complete and 0 interrupted iterations
default   [  10% ] 500/500 VUs  0m34.8s/6m00.0s

running (0m35.8s), 500/500 VUs, 33829 complete and 0 interrupted iterations
default   [  10% ] 500/500 VUs  0m35.8s/6m00.0s

running (0m36.8s), 500/500 VUs, 34829 complete and 0 interrupted iterations
default   [  10% ] 500/500 VUs  0m36.8s/6m00.0s

running (0m37.8s), 500/500 VUs, 35816 complete and 0 interrupted iterations
default   [  10% ] 500/500 VUs  0m37.8s/6m00.0s

running (0m38.8s), 500/500 VUs, 36791 complete and 0 interrupted iterations
default   [  11% ] 500/500 VUs  0m38.8s/6m00.0s

running (0m39.8s), 500/500 VUs, 37779 complete and 0 interrupted iterations
default   [  11% ] 500/500 VUs  0m39.8s/6m00.0s

running (0m40.8s), 500/500 VUs, 38779 complete and 0 interrupted iterations
default   [  11% ] 500/500 VUs  0m40.8s/6m00.0s

running (0m41.8s), 500/500 VUs, 39757 complete and 0 interrupted iterations
default   [  12% ] 500/500 VUs  0m41.8s/6m00.0s

running (0m42.8s), 500/500 VUs, 40750 complete and 0 interrupted iterations
default   [  12% ] 500/500 VUs  0m42.8s/6m00.0s

running (0m43.8s), 500/500 VUs, 41733 complete and 0 interrupted iterations
default   [  12% ] 500/500 VUs  0m43.8s/6m00.0s

running (0m44.8s), 500/500 VUs, 42729 complete and 0 interrupted iterations
default   [  12% ] 500/500 VUs  0m44.8s/6m00.0s

running (0m45.8s), 500/500 VUs, 43717 complete and 0 interrupted iterations
default   [  13% ] 500/500 VUs  0m45.8s/6m00.0s

running (0m46.8s), 500/500 VUs, 44700 complete and 0 interrupted iterations
default   [  13% ] 500/500 VUs  0m46.8s/6m00.0s

running (0m47.8s), 500/500 VUs, 45688 complete and 0 interrupted iterations
default   [  13% ] 500/500 VUs  0m47.8s/6m00.0s

running (0m48.8s), 500/500 VUs, 46680 complete and 0 interrupted iterations
default   [  14% ] 500/500 VUs  0m48.8s/6m00.0s

running (0m49.8s), 500/500 VUs, 47679 complete and 0 interrupted iterations
default   [  14% ] 500/500 VUs  0m49.8s/6m00.0s

running (0m50.8s), 500/500 VUs, 48656 complete and 0 interrupted iterations
default   [  14% ] 500/500 VUs  0m50.8s/6m00.0s

running (0m51.8s), 500/500 VUs, 49636 complete and 0 interrupted iterations
default   [  14% ] 500/500 VUs  0m51.8s/6m00.0s

running (0m52.8s), 500/500 VUs, 50634 complete and 0 interrupted iterations
default   [  15% ] 500/500 VUs  0m52.8s/6m00.0s

running (0m53.8s), 500/500 VUs, 51630 complete and 0 interrupted iterations
default   [  15% ] 500/500 VUs  0m53.8s/6m00.0s

running (0m54.8s), 500/500 VUs, 52614 complete and 0 interrupted iterations
default   [  15% ] 500/500 VUs  0m54.8s/6m00.0s

running (0m55.8s), 500/500 VUs, 53586 complete and 0 interrupted iterations
default   [  15% ] 500/500 VUs  0m55.8s/6m00.0s

running (0m56.8s), 500/500 VUs, 54586 complete and 0 interrupted iterations
default   [  16% ] 500/500 VUs  0m56.8s/6m00.0s

running (0m57.8s), 500/500 VUs, 55584 complete and 0 interrupted iterations
default   [  16% ] 500/500 VUs  0m57.8s/6m00.0s

running (0m58.8s), 500/500 VUs, 56556 complete and 0 interrupted iterations
default   [  16% ] 500/500 VUs  0m58.8s/6m00.0s

running (0m59.8s), 500/500 VUs, 57544 complete and 0 interrupted iterations
default   [  17% ] 500/500 VUs  0m59.8s/6m00.0s

running (1m00.8s), 500/500 VUs, 58546 complete and 0 interrupted iterations
default   [  17% ] 500/500 VUs  1m00.8s/6m00.0s

running (1m01.8s), 500/500 VUs, 59531 complete and 0 interrupted iterations
default   [  17% ] 500/500 VUs  1m01.8s/6m00.0s

running (1m02.8s), 500/500 VUs, 60517 complete and 0 interrupted iterations
default   [  17% ] 500/500 VUs  1m02.8s/6m00.0s

running (1m03.8s), 500/500 VUs, 61498 complete and 0 interrupted iterations
default   [  18% ] 500/500 VUs  1m03.8s/6m00.0s

running (1m04.8s), 500/500 VUs, 62486 complete and 0 interrupted iterations
default   [  18% ] 500/500 VUs  1m04.8s/6m00.0s

running (1m05.8s), 500/500 VUs, 63484 complete and 0 interrupted iterations
default   [  18% ] 500/500 VUs  1m05.8s/6m00.0s

running (1m06.8s), 500/500 VUs, 64473 complete and 0 interrupted iterations
default   [  19% ] 500/500 VUs  1m06.8s/6m00.0s

running (1m07.8s), 500/500 VUs, 65448 complete and 0 interrupted iterations
default   [  19% ] 500/500 VUs  1m07.8s/6m00.0s

running (1m08.8s), 500/500 VUs, 66436 complete and 0 interrupted iterations
default   [  19% ] 500/500 VUs  1m08.8s/6m00.0s

running (1m09.8s), 500/500 VUs, 67436 complete and 0 interrupted iterations
default   [  19% ] 500/500 VUs  1m09.8s/6m00.0s

running (1m10.8s), 500/500 VUs, 68423 complete and 0 interrupted iterations
default   [  20% ] 500/500 VUs  1m10.8s/6m00.0s

running (1m11.8s), 500/500 VUs, 69415 complete and 0 interrupted iterations
default   [  20% ] 500/500 VUs  1m11.8s/6m00.0s

running (1m12.8s), 500/500 VUs, 70387 complete and 0 interrupted iterations
default   [  20% ] 500/500 VUs  1m12.8s/6m00.0s

running (1m13.8s), 500/500 VUs, 71386 complete and 0 interrupted iterations
default   [  20% ] 500/500 VUs  1m13.8s/6m00.0s

running (1m14.8s), 500/500 VUs, 72377 complete and 0 interrupted iterations
default   [  21% ] 500/500 VUs  1m14.8s/6m00.0s

running (1m15.8s), 500/500 VUs, 73352 complete and 0 interrupted iterations
default   [  21% ] 500/500 VUs  1m15.8s/6m00.0s

running (1m16.8s), 500/500 VUs, 74340 complete and 0 interrupted iterations
default   [  21% ] 500/500 VUs  1m16.8s/6m00.0s

running (1m17.8s), 500/500 VUs, 75336 complete and 0 interrupted iterations
default   [  22% ] 500/500 VUs  1m17.8s/6m00.0s

running (1m18.8s), 500/500 VUs, 76333 complete and 0 interrupted iterations
default   [  22% ] 500/500 VUs  1m18.8s/6m00.0s

running (1m19.8s), 500/500 VUs, 77312 complete and 0 interrupted iterations
default   [  22% ] 500/500 VUs  1m19.8s/6m00.0s

running (1m20.8s), 500/500 VUs, 78302 complete and 0 interrupted iterations
default   [  22% ] 500/500 VUs  1m20.8s/6m00.0s

running (1m21.8s), 500/500 VUs, 79287 complete and 0 interrupted iterations
default   [  23% ] 500/500 VUs  1m21.8s/6m00.0s

running (1m22.8s), 500/500 VUs, 80286 complete and 0 interrupted iterations
default   [  23% ] 500/500 VUs  1m22.8s/6m00.0s

running (1m23.8s), 500/500 VUs, 81271 complete and 0 interrupted iterations
default   [  23% ] 500/500 VUs  1m23.8s/6m00.0s

running (1m24.8s), 500/500 VUs, 82250 complete and 0 interrupted iterations
default   [  24% ] 500/500 VUs  1m24.8s/6m00.0s

running (1m25.8s), 500/500 VUs, 83238 complete and 0 interrupted iterations
default   [  24% ] 500/500 VUs  1m25.8s/6m00.0s

running (1m26.8s), 500/500 VUs, 84237 complete and 0 interrupted iterations
default   [  24% ] 500/500 VUs  1m26.8s/6m00.0s

running (1m27.8s), 500/500 VUs, 85223 complete and 0 interrupted iterations
default   [  24% ] 500/500 VUs  1m27.8s/6m00.0s

running (1m28.8s), 500/500 VUs, 86202 complete and 0 interrupted iterations
default   [  25% ] 500/500 VUs  1m28.8s/6m00.0s

running (1m29.8s), 500/500 VUs, 87188 complete and 0 interrupted iterations
default   [  25% ] 500/500 VUs  1m29.8s/6m00.0s

running (1m30.8s), 500/500 VUs, 88184 complete and 0 interrupted iterations
default   [  25% ] 500/500 VUs  1m30.8s/6m00.0s

running (1m31.8s), 500/500 VUs, 89138 complete and 0 interrupted iterations
default   [  25% ] 500/500 VUs  1m31.8s/6m00.0s

running (1m32.8s), 500/500 VUs, 90138 complete and 0 interrupted iterations
default   [  26% ] 500/500 VUs  1m32.8s/6m00.0s

running (1m33.8s), 500/500 VUs, 91126 complete and 0 interrupted iterations
default   [  26% ] 500/500 VUs  1m33.8s/6m00.0s

running (1m34.8s), 500/500 VUs, 92088 complete and 0 interrupted iterations
default   [  26% ] 500/500 VUs  1m34.8s/6m00.0s

running (1m35.8s), 500/500 VUs, 93088 complete and 0 interrupted iterations
default   [  27% ] 500/500 VUs  1m35.8s/6m00.0s

running (1m36.8s), 500/500 VUs, 94088 complete and 0 interrupted iterations
default   [  27% ] 500/500 VUs  1m36.8s/6m00.0s

running (1m37.8s), 500/500 VUs, 95038 complete and 0 interrupted iterations
default   [  27% ] 500/500 VUs  1m37.8s/6m00.0s

running (1m38.8s), 500/500 VUs, 96038 complete and 0 interrupted iterations
default   [  27% ] 500/500 VUs  1m38.8s/6m00.0s

running (1m39.8s), 500/500 VUs, 97028 complete and 0 interrupted iterations
default   [  28% ] 500/500 VUs  1m39.8s/6m00.0s

running (1m40.8s), 500/500 VUs, 97996 complete and 0 interrupted iterations
default   [  28% ] 500/500 VUs  1m40.8s/6m00.0s

running (1m41.8s), 500/500 VUs, 98988 complete and 0 interrupted iterations
default   [  28% ] 500/500 VUs  1m41.8s/6m00.0s

running (1m42.8s), 500/500 VUs, 99988 complete and 0 interrupted iterations
default   [  29% ] 500/500 VUs  1m42.8s/6m00.0s

running (1m43.8s), 500/500 VUs, 100957 complete and 0 interrupted iterations
default   [  29% ] 500/500 VUs  1m43.8s/6m00.0s

running (1m44.8s), 500/500 VUs, 101938 complete and 0 interrupted iterations
default   [  29% ] 500/500 VUs  1m44.8s/6m00.0s

running (1m45.8s), 500/500 VUs, 102938 complete and 0 interrupted iterations
default   [  29% ] 500/500 VUs  1m45.8s/6m00.0s

running (1m46.8s), 500/500 VUs, 103926 complete and 0 interrupted iterations
default   [  30% ] 500/500 VUs  1m46.8s/6m00.0s

running (1m47.8s), 500/500 VUs, 104888 complete and 0 interrupted iterations
default   [  30% ] 500/500 VUs  1m47.8s/6m00.0s

running (1m48.8s), 500/500 VUs, 105888 complete and 0 interrupted iterations
default   [  30% ] 500/500 VUs  1m48.8s/6m00.0s

running (1m49.8s), 500/500 VUs, 106880 complete and 0 interrupted iterations
default   [  30% ] 500/500 VUs  1m49.8s/6m00.0s

running (1m50.8s), 500/500 VUs, 107841 complete and 0 interrupted iterations
default   [  31% ] 500/500 VUs  1m50.8s/6m00.0s

running (1m51.8s), 500/500 VUs, 108838 complete and 0 interrupted iterations
default   [  31% ] 500/500 VUs  1m51.8s/6m00.0s

running (1m52.8s), 500/500 VUs, 109838 complete and 0 interrupted iterations
default   [  31% ] 500/500 VUs  1m52.8s/6m00.0s

running (1m53.8s), 500/500 VUs, 110808 complete and 0 interrupted iterations
default   [  32% ] 500/500 VUs  1m53.8s/6m00.0s

running (1m54.8s), 500/500 VUs, 111788 complete and 0 interrupted iterations
default   [  32% ] 500/500 VUs  1m54.8s/6m00.0s

running (1m55.8s), 500/500 VUs, 112788 complete and 0 interrupted iterations
default   [  32% ] 500/500 VUs  1m55.8s/6m00.0s

running (1m56.8s), 500/500 VUs, 113756 complete and 0 interrupted iterations
default   [  32% ] 500/500 VUs  1m56.8s/6m00.0s

running (1m57.8s), 500/500 VUs, 114738 complete and 0 interrupted iterations
default   [  33% ] 500/500 VUs  1m57.8s/6m00.0s

running (1m58.8s), 500/500 VUs, 115738 complete and 0 interrupted iterations
default   [  33% ] 500/500 VUs  1m58.8s/6m00.0s

running (1m59.8s), 500/500 VUs, 116728 complete and 0 interrupted iterations
default   [  33% ] 500/500 VUs  1m59.8s/6m00.0s

running (2m00.8s), 500/500 VUs, 117688 complete and 0 interrupted iterations
default   [  34% ] 500/500 VUs  2m00.8s/6m00.0s

running (2m01.8s), 500/500 VUs, 118688 complete and 0 interrupted iterations
default   [  34% ] 500/500 VUs  2m01.8s/6m00.0s

running (2m02.8s), 500/500 VUs, 119683 complete and 0 interrupted iterations
default   [  34% ] 500/500 VUs  2m02.8s/6m00.0s

running (2m03.8s), 500/500 VUs, 120638 complete and 0 interrupted iterations
default   [  34% ] 500/500 VUs  2m03.8s/6m00.0s

running (2m04.8s), 500/500 VUs, 121638 complete and 0 interrupted iterations
default   [  35% ] 500/500 VUs  2m04.8s/6m00.0s

running (2m05.8s), 500/500 VUs, 122632 complete and 0 interrupted iterations
default   [  35% ] 500/500 VUs  2m05.8s/6m00.0s

running (2m06.8s), 500/500 VUs, 123595 complete and 0 interrupted iterations
default   [  35% ] 500/500 VUs  2m06.8s/6m00.0s

running (2m07.8s), 500/500 VUs, 124588 complete and 0 interrupted iterations
default   [  35% ] 500/500 VUs  2m07.8s/6m00.0s

running (2m08.8s), 500/500 VUs, 125588 complete and 0 interrupted iterations
default   [  36% ] 500/500 VUs  2m08.8s/6m00.0s

running (2m09.8s), 500/500 VUs, 126579 complete and 0 interrupted iterations
default   [  36% ] 500/500 VUs  2m09.8s/6m00.0s

running (2m10.8s), 500/500 VUs, 127538 complete and 0 interrupted iterations
default   [  36% ] 500/500 VUs  2m10.8s/6m00.0s

running (2m11.8s), 500/500 VUs, 128538 complete and 0 interrupted iterations
default   [  37% ] 500/500 VUs  2m11.8s/6m00.0s

running (2m12.8s), 500/500 VUs, 129525 complete and 0 interrupted iterations
default   [  37% ] 500/500 VUs  2m12.8s/6m00.0s

running (2m13.8s), 500/500 VUs, 130502 complete and 0 interrupted iterations
default   [  37% ] 500/500 VUs  2m13.8s/6m00.0s

running (2m14.8s), 500/500 VUs, 131488 complete and 0 interrupted iterations
default   [  37% ] 500/500 VUs  2m14.8s/6m00.0s

running (2m15.8s), 500/500 VUs, 132488 complete and 0 interrupted iterations
default   [  38% ] 500/500 VUs  2m15.8s/6m00.0s

running (2m16.8s), 500/500 VUs, 133463 complete and 0 interrupted iterations
default   [  38% ] 500/500 VUs  2m16.8s/6m00.0s

running (2m17.8s), 500/500 VUs, 134438 complete and 0 interrupted iterations
default   [  38% ] 500/500 VUs  2m17.8s/6m00.0s

running (2m18.8s), 500/500 VUs, 135438 complete and 0 interrupted iterations
default   [  39% ] 500/500 VUs  2m18.8s/6m00.0s

running (2m19.8s), 500/500 VUs, 136438 complete and 0 interrupted iterations
default   [  39% ] 500/500 VUs  2m19.8s/6m00.0s

running (2m20.8s), 500/500 VUs, 137392 complete and 0 interrupted iterations
default   [  39% ] 500/500 VUs  2m20.8s/6m00.0s

running (2m21.8s), 500/500 VUs, 138388 complete and 0 interrupted iterations
default   [  39% ] 500/500 VUs  2m21.8s/6m00.0s

running (2m22.8s), 500/500 VUs, 139388 complete and 0 interrupted iterations
default   [  40% ] 500/500 VUs  2m22.8s/6m00.0s

running (2m23.8s), 500/500 VUs, 140357 complete and 0 interrupted iterations
default   [  40% ] 500/500 VUs  2m23.8s/6m00.0s

running (2m24.8s), 500/500 VUs, 141338 complete and 0 interrupted iterations
default   [  40% ] 500/500 VUs  2m24.8s/6m00.0s

running (2m25.8s), 500/500 VUs, 142338 complete and 0 interrupted iterations
default   [  40% ] 500/500 VUs  2m25.8s/6m00.0s

running (2m26.8s), 500/500 VUs, 143326 complete and 0 interrupted iterations
default   [  41% ] 500/500 VUs  2m26.8s/6m00.0s

running (2m27.8s), 500/500 VUs, 144288 complete and 0 interrupted iterations
default   [  41% ] 500/500 VUs  2m27.8s/6m00.0s

running (2m28.8s), 500/500 VUs, 145288 complete and 0 interrupted iterations
default   [  41% ] 500/500 VUs  2m28.8s/6m00.0s

running (2m29.8s), 500/500 VUs, 146247 complete and 0 interrupted iterations
default   [  42% ] 500/500 VUs  2m29.8s/6m00.0s

running (2m30.8s), 500/500 VUs, 147238 complete and 0 interrupted iterations
default   [  42% ] 500/500 VUs  2m30.8s/6m00.0s

running (2m31.8s), 500/500 VUs, 148238 complete and 0 interrupted iterations
default   [  42% ] 500/500 VUs  2m31.8s/6m00.0s

running (2m32.8s), 500/500 VUs, 149218 complete and 0 interrupted iterations
default   [  42% ] 500/500 VUs  2m32.8s/6m00.0s

running (2m33.8s), 500/500 VUs, 150188 complete and 0 interrupted iterations
default   [  43% ] 500/500 VUs  2m33.8s/6m00.0s

running (2m34.8s), 500/500 VUs, 151188 complete and 0 interrupted iterations
default   [  43% ] 500/500 VUs  2m34.8s/6m00.0s

running (2m35.8s), 500/500 VUs, 152188 complete and 0 interrupted iterations
default   [  43% ] 500/500 VUs  2m35.8s/6m00.0s

running (2m36.8s), 500/500 VUs, 153142 complete and 0 interrupted iterations
default   [  44% ] 500/500 VUs  2m36.8s/6m00.0s

running (2m37.8s), 500/500 VUs, 154138 complete and 0 interrupted iterations
default   [  44% ] 500/500 VUs  2m37.8s/6m00.0s

running (2m38.8s), 500/500 VUs, 155138 complete and 0 interrupted iterations
default   [  44% ] 500/500 VUs  2m38.8s/6m00.0s

running (2m39.8s), 500/500 VUs, 156124 complete and 0 interrupted iterations
default   [  44% ] 500/500 VUs  2m39.8s/6m00.0s

running (2m40.8s), 500/500 VUs, 157088 complete and 0 interrupted iterations
default   [  45% ] 500/500 VUs  2m40.8s/6m00.0s

running (2m41.8s), 500/500 VUs, 158088 complete and 0 interrupted iterations
default   [  45% ] 500/500 VUs  2m41.8s/6m00.0s

running (2m42.8s), 500/500 VUs, 159088 complete and 0 interrupted iterations
default   [  45% ] 500/500 VUs  2m42.8s/6m00.0s

running (2m43.8s), 500/500 VUs, 160058 complete and 0 interrupted iterations
default   [  45% ] 500/500 VUs  2m43.8s/6m00.0s

running (2m44.8s), 500/500 VUs, 161038 complete and 0 interrupted iterations
default   [  46% ] 500/500 VUs  2m44.8s/6m00.0s

running (2m45.8s), 500/500 VUs, 162038 complete and 0 interrupted iterations
default   [  46% ] 500/500 VUs  2m45.8s/6m00.0s

running (2m46.8s), 500/500 VUs, 163023 complete and 0 interrupted iterations
default   [  46% ] 500/500 VUs  2m46.8s/6m00.0s

running (2m47.8s), 500/500 VUs, 163988 complete and 0 interrupted iterations
default   [  47% ] 500/500 VUs  2m47.8s/6m00.0s

running (2m48.8s), 500/500 VUs, 164988 complete and 0 interrupted iterations
default   [  47% ] 500/500 VUs  2m48.8s/6m00.0s

running (2m49.8s), 500/500 VUs, 165987 complete and 0 interrupted iterations
default   [  47% ] 500/500 VUs  2m49.8s/6m00.0s

running (2m50.8s), 500/500 VUs, 166955 complete and 0 interrupted iterations
default   [  47% ] 500/500 VUs  2m50.8s/6m00.0s

running (2m51.8s), 500/500 VUs, 167938 complete and 0 interrupted iterations
default   [  48% ] 500/500 VUs  2m51.8s/6m00.0s

running (2m52.8s), 500/500 VUs, 168938 complete and 0 interrupted iterations
default   [  48% ] 500/500 VUs  2m52.8s/6m00.0s

running (2m53.8s), 500/500 VUs, 169933 complete and 0 interrupted iterations
default   [  48% ] 500/500 VUs  2m53.8s/6m00.0s

running (2m54.8s), 500/500 VUs, 170888 complete and 0 interrupted iterations
default   [  49% ] 500/500 VUs  2m54.8s/6m00.0s

running (2m55.8s), 500/500 VUs, 171888 complete and 0 interrupted iterations
default   [  49% ] 500/500 VUs  2m55.8s/6m00.0s

running (2m56.8s), 500/500 VUs, 172888 complete and 0 interrupted iterations
default   [  49% ] 500/500 VUs  2m56.8s/6m00.0s

running (2m57.8s), 500/500 VUs, 173888 complete and 0 interrupted iterations
default   [  49% ] 500/500 VUs  2m57.8s/6m00.0s

running (2m58.8s), 500/500 VUs, 174838 complete and 0 interrupted iterations
default   [  50% ] 500/500 VUs  2m58.8s/6m00.0s

running (2m59.8s), 500/500 VUs, 175838 complete and 0 interrupted iterations
default   [  50% ] 500/500 VUs  2m59.8s/6m00.0s

running (3m00.8s), 500/500 VUs, 176831 complete and 0 interrupted iterations
default   [  50% ] 500/500 VUs  3m00.8s/6m00.0s

running (3m01.8s), 500/500 VUs, 177799 complete and 0 interrupted iterations
default   [  50% ] 500/500 VUs  3m01.8s/6m00.0s

running (3m02.8s), 500/500 VUs, 178788 complete and 0 interrupted iterations
default   [  51% ] 500/500 VUs  3m02.8s/6m00.0s

running (3m03.8s), 500/500 VUs, 179788 complete and 0 interrupted iterations
default   [  51% ] 500/500 VUs  3m03.8s/6m00.0s

running (3m04.8s), 500/500 VUs, 180766 complete and 0 interrupted iterations
default   [  51% ] 500/500 VUs  3m04.8s/6m00.0s

running (3m05.8s), 500/500 VUs, 181738 complete and 0 interrupted iterations
default   [  52% ] 500/500 VUs  3m05.8s/6m00.0s

running (3m06.8s), 500/500 VUs, 182738 complete and 0 interrupted iterations
default   [  52% ] 500/500 VUs  3m06.8s/6m00.0s

running (3m07.8s), 500/500 VUs, 183738 complete and 0 interrupted iterations
default   [  52% ] 500/500 VUs  3m07.8s/6m00.0s

running (3m08.8s), 500/500 VUs, 184692 complete and 0 interrupted iterations
default   [  52% ] 500/500 VUs  3m08.8s/6m00.0s

running (3m09.8s), 500/500 VUs, 185688 complete and 0 interrupted iterations
default   [  53% ] 500/500 VUs  3m09.8s/6m00.0s

running (3m10.8s), 500/500 VUs, 186688 complete and 0 interrupted iterations
default   [  53% ] 500/500 VUs  3m10.8s/6m00.0s

running (3m11.8s), 500/500 VUs, 187656 complete and 0 interrupted iterations
default   [  53% ] 500/500 VUs  3m11.8s/6m00.0s

running (3m12.8s), 500/500 VUs, 188638 complete and 0 interrupted iterations
default   [  54% ] 500/500 VUs  3m12.8s/6m00.0s

running (3m13.8s), 500/500 VUs, 189638 complete and 0 interrupted iterations
default   [  54% ] 500/500 VUs  3m13.8s/6m00.0s

running (3m14.8s), 500/500 VUs, 190638 complete and 0 interrupted iterations
default   [  54% ] 500/500 VUs  3m14.8s/6m00.0s

running (3m15.8s), 500/500 VUs, 191588 complete and 0 interrupted iterations
default   [  54% ] 500/500 VUs  3m15.8s/6m00.0s

running (3m16.8s), 500/500 VUs, 192588 complete and 0 interrupted iterations
default   [  55% ] 500/500 VUs  3m16.8s/6m00.0s

running (3m17.8s), 500/500 VUs, 193588 complete and 0 interrupted iterations
default   [  55% ] 500/500 VUs  3m17.8s/6m00.0s

running (3m18.8s), 500/500 VUs, 194562 complete and 0 interrupted iterations
default   [  55% ] 500/500 VUs  3m18.8s/6m00.0s

running (3m19.8s), 500/500 VUs, 195538 complete and 0 interrupted iterations
default   [  55% ] 500/500 VUs  3m19.8s/6m00.0s

running (3m20.8s), 500/500 VUs, 196538 complete and 0 interrupted iterations
default   [  56% ] 500/500 VUs  3m20.8s/6m00.0s

running (3m21.8s), 500/500 VUs, 197536 complete and 0 interrupted iterations
default   [  56% ] 500/500 VUs  3m21.8s/6m00.0s

running (3m22.8s), 500/500 VUs, 198494 complete and 0 interrupted iterations
default   [  56% ] 500/500 VUs  3m22.8s/6m00.0s

running (3m23.8s), 500/500 VUs, 199488 complete and 0 interrupted iterations
default   [  57% ] 500/500 VUs  3m23.8s/6m00.0s

running (3m24.8s), 500/500 VUs, 200488 complete and 0 interrupted iterations
default   [  57% ] 500/500 VUs  3m24.8s/6m00.0s

running (3m25.8s), 500/500 VUs, 201441 complete and 0 interrupted iterations
default   [  57% ] 500/500 VUs  3m25.8s/6m00.0s

running (3m26.8s), 500/500 VUs, 202438 complete and 0 interrupted iterations
default   [  57% ] 500/500 VUs  3m26.8s/6m00.0s

running (3m27.8s), 500/500 VUs, 203438 complete and 0 interrupted iterations
default   [  58% ] 500/500 VUs  3m27.8s/6m00.0s

running (3m28.8s), 500/500 VUs, 204388 complete and 0 interrupted iterations
default   [  58% ] 500/500 VUs  3m28.8s/6m00.0s

running (3m29.8s), 500/500 VUs, 205388 complete and 0 interrupted iterations
default   [  58% ] 500/500 VUs  3m29.8s/6m00.0s

running (3m30.8s), 500/500 VUs, 206388 complete and 0 interrupted iterations
default   [  59% ] 500/500 VUs  3m30.8s/6m00.0s

running (3m31.8s), 500/500 VUs, 207357 complete and 0 interrupted iterations
default   [  59% ] 500/500 VUs  3m31.8s/6m00.0s

running (3m32.8s), 500/500 VUs, 208338 complete and 0 interrupted iterations
default   [  59% ] 500/500 VUs  3m32.8s/6m00.0s

running (3m33.8s), 500/500 VUs, 209338 complete and 0 interrupted iterations
default   [  59% ] 500/500 VUs  3m33.8s/6m00.0s

running (3m34.8s), 500/500 VUs, 210336 complete and 0 interrupted iterations
default   [  60% ] 500/500 VUs  3m34.8s/6m00.0s

running (3m35.8s), 500/500 VUs, 211290 complete and 0 interrupted iterations
default   [  60% ] 500/500 VUs  3m35.8s/6m00.0s

running (3m36.8s), 500/500 VUs, 212288 complete and 0 interrupted iterations
default   [  60% ] 500/500 VUs  3m36.8s/6m00.0s

running (3m37.8s), 500/500 VUs, 213288 complete and 0 interrupted iterations
default   [  60% ] 500/500 VUs  3m37.8s/6m00.0s

running (3m38.8s), 500/500 VUs, 214263 complete and 0 interrupted iterations
default   [  61% ] 500/500 VUs  3m38.8s/6m00.0s

running (3m39.8s), 500/500 VUs, 215238 complete and 0 interrupted iterations
default   [  61% ] 500/500 VUs  3m39.8s/6m00.0s

running (3m40.8s), 500/500 VUs, 216238 complete and 0 interrupted iterations
default   [  61% ] 500/500 VUs  3m40.8s/6m00.0s

running (3m41.8s), 500/500 VUs, 217238 complete and 0 interrupted iterations
default   [  62% ] 500/500 VUs  3m41.8s/6m00.0s

running (3m42.8s), 500/500 VUs, 218216 complete and 0 interrupted iterations
default   [  62% ] 500/500 VUs  3m42.8s/6m00.0s

running (3m43.8s), 500/500 VUs, 219188 complete and 0 interrupted iterations
default   [  62% ] 500/500 VUs  3m43.8s/6m00.0s

running (3m44.8s), 500/500 VUs, 220188 complete and 0 interrupted iterations
default   [  62% ] 500/500 VUs  3m44.8s/6m00.0s

running (3m45.8s), 500/500 VUs, 221188 complete and 0 interrupted iterations
default   [  63% ] 500/500 VUs  3m45.8s/6m00.0s

running (3m46.8s), 500/500 VUs, 222138 complete and 0 interrupted iterations
default   [  63% ] 500/500 VUs  3m46.8s/6m00.0s

running (3m47.8s), 500/500 VUs, 223138 complete and 0 interrupted iterations
default   [  63% ] 500/500 VUs  3m47.8s/6m00.0s

running (3m48.8s), 500/500 VUs, 224138 complete and 0 interrupted iterations
default   [  64% ] 500/500 VUs  3m48.8s/6m00.0s

running (3m49.8s), 500/500 VUs, 225105 complete and 0 interrupted iterations
default   [  64% ] 500/500 VUs  3m49.8s/6m00.0s

running (3m50.8s), 500/500 VUs, 226088 complete and 0 interrupted iterations
default   [  64% ] 500/500 VUs  3m50.8s/6m00.0s

running (3m51.8s), 500/500 VUs, 227088 complete and 0 interrupted iterations
default   [  64% ] 500/500 VUs  3m51.8s/6m00.0s

running (3m52.8s), 500/500 VUs, 228085 complete and 0 interrupted iterations
default   [  65% ] 500/500 VUs  3m52.8s/6m00.0s

running (3m53.8s), 500/500 VUs, 229055 complete and 0 interrupted iterations
default   [  65% ] 500/500 VUs  3m53.8s/6m00.0s

running (3m54.8s), 500/500 VUs, 230038 complete and 0 interrupted iterations
default   [  65% ] 500/500 VUs  3m54.8s/6m00.0s

running (3m55.8s), 500/500 VUs, 231038 complete and 0 interrupted iterations
default   [  65% ] 500/500 VUs  3m55.8s/6m00.0s

running (3m56.8s), 500/500 VUs, 232038 complete and 0 interrupted iterations
default   [  66% ] 500/500 VUs  3m56.8s/6m00.0s

running (3m57.8s), 500/500 VUs, 233012 complete and 0 interrupted iterations
default   [  66% ] 500/500 VUs  3m57.8s/6m00.0s

running (3m58.8s), 500/500 VUs, 233988 complete and 0 interrupted iterations
default   [  66% ] 500/500 VUs  3m58.8s/6m00.0s

running (3m59.8s), 500/500 VUs, 234988 complete and 0 interrupted iterations
default   [  67% ] 500/500 VUs  3m59.8s/6m00.0s

running (4m00.8s), 500/500 VUs, 235988 complete and 0 interrupted iterations
default   [  67% ] 500/500 VUs  4m00.8s/6m00.0s

running (4m01.8s), 500/500 VUs, 236967 complete and 0 interrupted iterations
default   [  67% ] 500/500 VUs  4m01.8s/6m00.0s

running (4m02.8s), 500/500 VUs, 237948 complete and 0 interrupted iterations
default   [  67% ] 500/500 VUs  4m02.8s/6m00.0s

running (4m03.8s), 500/500 VUs, 238938 complete and 0 interrupted iterations
default   [  68% ] 500/500 VUs  4m03.8s/6m00.0s

running (4m04.8s), 500/500 VUs, 239938 complete and 0 interrupted iterations
default   [  68% ] 500/500 VUs  4m04.8s/6m00.0s

running (4m05.8s), 500/500 VUs, 240917 complete and 0 interrupted iterations
default   [  68% ] 500/500 VUs  4m05.8s/6m00.0s

running (4m06.8s), 500/500 VUs, 241888 complete and 0 interrupted iterations
default   [  69% ] 500/500 VUs  4m06.8s/6m00.0s

running (4m07.8s), 500/500 VUs, 242888 complete and 0 interrupted iterations
default   [  69% ] 500/500 VUs  4m07.8s/6m00.0s

running (4m08.8s), 500/500 VUs, 243865 complete and 0 interrupted iterations
default   [  69% ] 500/500 VUs  4m08.8s/6m00.0s

running (4m09.8s), 500/500 VUs, 244847 complete and 0 interrupted iterations
default   [  69% ] 500/500 VUs  4m09.8s/6m00.0s

running (4m10.8s), 500/500 VUs, 245838 complete and 0 interrupted iterations
default   [  70% ] 500/500 VUs  4m10.8s/6m00.0s

running (4m11.8s), 500/500 VUs, 246838 complete and 0 interrupted iterations
default   [  70% ] 500/500 VUs  4m11.8s/6m00.0s

running (4m12.8s), 500/500 VUs, 247825 complete and 0 interrupted iterations
default   [  70% ] 500/500 VUs  4m12.8s/6m00.0s

running (4m13.8s), 500/500 VUs, 248788 complete and 0 interrupted iterations
default   [  70% ] 500/500 VUs  4m13.8s/6m00.0s

running (4m14.8s), 500/500 VUs, 249788 complete and 0 interrupted iterations
default   [  71% ] 500/500 VUs  4m14.8s/6m00.0s

running (4m15.8s), 500/500 VUs, 250782 complete and 0 interrupted iterations
default   [  71% ] 500/500 VUs  4m15.8s/6m00.0s

running (4m16.8s), 500/500 VUs, 251738 complete and 0 interrupted iterations
default   [  71% ] 500/500 VUs  4m16.8s/6m00.0s

running (4m17.8s), 500/500 VUs, 252738 complete and 0 interrupted iterations
default   [  72% ] 500/500 VUs  4m17.8s/6m00.0s

running (4m18.8s), 500/500 VUs, 253738 complete and 0 interrupted iterations
default   [  72% ] 500/500 VUs  4m18.8s/6m00.0s

running (4m19.8s), 500/500 VUs, 254698 complete and 0 interrupted iterations
default   [  72% ] 500/500 VUs  4m19.8s/6m00.0s

running (4m20.8s), 500/500 VUs, 255688 complete and 0 interrupted iterations
default   [  72% ] 500/500 VUs  4m20.8s/6m00.0s

running (4m21.8s), 500/500 VUs, 256688 complete and 0 interrupted iterations
default   [  73% ] 500/500 VUs  4m21.8s/6m00.0s

running (4m22.8s), 500/500 VUs, 257669 complete and 0 interrupted iterations
default   [  73% ] 500/500 VUs  4m22.8s/6m00.0s

running (4m23.8s), 500/500 VUs, 258638 complete and 0 interrupted iterations
default   [  73% ] 500/500 VUs  4m23.8s/6m00.0s

running (4m24.8s), 500/500 VUs, 259634 complete and 0 interrupted iterations
default   [  74% ] 500/500 VUs  4m24.8s/6m00.0s

running (4m25.8s), 500/500 VUs, 260588 complete and 0 interrupted iterations
default   [  74% ] 500/500 VUs  4m25.8s/6m00.0s

running (4m26.8s), 500/500 VUs, 261588 complete and 0 interrupted iterations
default   [  74% ] 500/500 VUs  4m26.8s/6m00.0s

running (4m27.8s), 500/500 VUs, 262561 complete and 0 interrupted iterations
default   [  74% ] 500/500 VUs  4m27.8s/6m00.0s

running (4m28.8s), 500/500 VUs, 263538 complete and 0 interrupted iterations
default   [  75% ] 500/500 VUs  4m28.8s/6m00.0s

running (4m29.8s), 500/500 VUs, 264538 complete and 0 interrupted iterations
default   [  75% ] 500/500 VUs  4m29.8s/6m00.0s

running (4m30.8s), 500/500 VUs, 265488 complete and 0 interrupted iterations
default   [  75% ] 500/500 VUs  4m30.8s/6m00.0s

running (4m31.8s), 500/500 VUs, 266488 complete and 0 interrupted iterations
default   [  75% ] 500/500 VUs  4m31.8s/6m00.0s

running (4m32.8s), 500/500 VUs, 267477 complete and 0 interrupted iterations
default   [  76% ] 500/500 VUs  4m32.8s/6m00.0s

running (4m33.8s), 500/500 VUs, 268438 complete and 0 interrupted iterations
default   [  76% ] 500/500 VUs  4m33.8s/6m00.0s

running (4m34.8s), 500/500 VUs, 269438 complete and 0 interrupted iterations
default   [  76% ] 500/500 VUs  4m34.8s/6m00.0s

running (4m35.8s), 500/500 VUs, 270426 complete and 0 interrupted iterations
default   [  77% ] 500/500 VUs  4m35.8s/6m00.0s

running (4m36.8s), 500/500 VUs, 271399 complete and 0 interrupted iterations
default   [  77% ] 500/500 VUs  4m36.8s/6m00.0s

running (4m37.8s), 500/500 VUs, 272388 complete and 0 interrupted iterations
default   [  77% ] 500/500 VUs  4m37.8s/6m00.0s

running (4m38.8s), 500/500 VUs, 273388 complete and 0 interrupted iterations
default   [  77% ] 500/500 VUs  4m38.8s/6m00.0s

running (4m39.8s), 500/500 VUs, 274388 complete and 0 interrupted iterations
default   [  78% ] 500/500 VUs  4m39.8s/6m00.0s

running (4m40.8s), 500/500 VUs, 275361 complete and 0 interrupted iterations
default   [  78% ] 500/500 VUs  4m40.8s/6m00.0s

running (4m41.8s), 500/500 VUs, 276338 complete and 0 interrupted iterations
default   [  78% ] 500/500 VUs  4m41.8s/6m00.0s

running (4m42.8s), 500/500 VUs, 277338 complete and 0 interrupted iterations
default   [  79% ] 500/500 VUs  4m42.8s/6m00.0s

running (4m43.8s), 500/500 VUs, 278338 complete and 0 interrupted iterations
default   [  79% ] 500/500 VUs  4m43.8s/6m00.0s

running (4m44.8s), 500/500 VUs, 279315 complete and 0 interrupted iterations
default   [  79% ] 500/500 VUs  4m44.8s/6m00.0s

running (4m45.8s), 500/500 VUs, 280288 complete and 0 interrupted iterations
default   [  79% ] 500/500 VUs  4m45.8s/6m00.0s

running (4m46.8s), 500/500 VUs, 281288 complete and 0 interrupted iterations
default   [  80% ] 500/500 VUs  4m46.8s/6m00.0s

running (4m47.8s), 500/500 VUs, 282288 complete and 0 interrupted iterations
default   [  80% ] 500/500 VUs  4m47.8s/6m00.0s

running (4m48.8s), 500/500 VUs, 283262 complete and 0 interrupted iterations
default   [  80% ] 500/500 VUs  4m48.8s/6m00.0s

running (4m49.8s), 500/500 VUs, 284238 complete and 0 interrupted iterations
default   [  80% ] 500/500 VUs  4m49.8s/6m00.0s

running (4m50.8s), 500/500 VUs, 285238 complete and 0 interrupted iterations
default   [  81% ] 500/500 VUs  4m50.8s/6m00.0s

running (4m51.8s), 500/500 VUs, 286238 complete and 0 interrupted iterations
default   [  81% ] 500/500 VUs  4m51.8s/6m00.0s

running (4m52.8s), 500/500 VUs, 287197 complete and 0 interrupted iterations
default   [  81% ] 500/500 VUs  4m52.8s/6m00.0s

running (4m53.8s), 500/500 VUs, 288191 complete and 0 interrupted iterations
default   [  82% ] 500/500 VUs  4m53.8s/6m00.0s

running (4m54.8s), 500/500 VUs, 289188 complete and 0 interrupted iterations
default   [  82% ] 500/500 VUs  4m54.8s/6m00.0s

running (4m55.8s), 500/500 VUs, 290187 complete and 0 interrupted iterations
default   [  82% ] 500/500 VUs  4m55.8s/6m00.0s

running (4m56.8s), 500/500 VUs, 291155 complete and 0 interrupted iterations
default   [  82% ] 500/500 VUs  4m56.8s/6m00.0s

running (4m57.8s), 500/500 VUs, 292147 complete and 0 interrupted iterations
default   [  83% ] 500/500 VUs  4m57.8s/6m00.0s

running (4m58.8s), 500/500 VUs, 293138 complete and 0 interrupted iterations
default   [  83% ] 500/500 VUs  4m58.8s/6m00.0s

running (4m59.8s), 500/500 VUs, 294129 complete and 0 interrupted iterations
default   [  83% ] 500/500 VUs  4m59.8s/6m00.0s

running (5m00.8s), 500/500 VUs, 295108 complete and 0 interrupted iterations
default   [  84% ] 500/500 VUs  5m00.8s/6m00.0s

running (5m01.8s), 500/500 VUs, 296097 complete and 0 interrupted iterations
default   [  84% ] 500/500 VUs  5m01.8s/6m00.0s

running (5m02.8s), 500/500 VUs, 297089 complete and 0 interrupted iterations
default   [  84% ] 500/500 VUs  5m02.8s/6m00.0s

running (5m03.8s), 500/500 VUs, 298074 complete and 0 interrupted iterations
default   [  84% ] 500/500 VUs  5m03.8s/6m00.0s

running (5m04.8s), 500/500 VUs, 299058 complete and 0 interrupted iterations
default   [  85% ] 500/500 VUs  5m04.8s/6m00.0s

running (5m05.8s), 500/500 VUs, 300047 complete and 0 interrupted iterations
default   [  85% ] 500/500 VUs  5m05.8s/6m00.0s

running (5m06.8s), 500/500 VUs, 301041 complete and 0 interrupted iterations
default   [  85% ] 500/500 VUs  5m06.8s/6m00.0s

running (5m07.8s), 500/500 VUs, 302031 complete and 0 interrupted iterations
default   [  85% ] 500/500 VUs  5m07.8s/6m00.0s

running (5m08.8s), 500/500 VUs, 303008 complete and 0 interrupted iterations
default   [  86% ] 500/500 VUs  5m08.8s/6m00.0s

running (5m09.8s), 500/500 VUs, 304005 complete and 0 interrupted iterations
default   [  86% ] 500/500 VUs  5m09.8s/6m00.0s

running (5m10.8s), 500/500 VUs, 304993 complete and 0 interrupted iterations
default   [  86% ] 500/500 VUs  5m10.8s/6m00.0s

running (5m11.8s), 500/500 VUs, 305991 complete and 0 interrupted iterations
default   [  87% ] 500/500 VUs  5m11.8s/6m00.0s

running (5m12.8s), 500/500 VUs, 306964 complete and 0 interrupted iterations
default   [  87% ] 500/500 VUs  5m12.8s/6m00.0s

running (5m13.8s), 500/500 VUs, 307958 complete and 0 interrupted iterations
default   [  87% ] 500/500 VUs  5m13.8s/6m00.0s

running (5m14.8s), 500/500 VUs, 308948 complete and 0 interrupted iterations
default   [  87% ] 500/500 VUs  5m14.8s/6m00.0s

running (5m15.8s), 500/500 VUs, 309933 complete and 0 interrupted iterations
default   [  88% ] 500/500 VUs  5m15.8s/6m00.0s

running (5m16.8s), 500/500 VUs, 310915 complete and 0 interrupted iterations
default   [  88% ] 500/500 VUs  5m16.8s/6m00.0s

running (5m17.8s), 500/500 VUs, 311912 complete and 0 interrupted iterations
default   [  88% ] 500/500 VUs  5m17.8s/6m00.0s

running (5m18.8s), 500/500 VUs, 312901 complete and 0 interrupted iterations
default   [  89% ] 500/500 VUs  5m18.8s/6m00.0s

running (5m19.8s), 500/500 VUs, 313888 complete and 0 interrupted iterations
default   [  89% ] 500/500 VUs  5m19.8s/6m00.0s

running (5m20.8s), 500/500 VUs, 314867 complete and 0 interrupted iterations
default   [  89% ] 500/500 VUs  5m20.8s/6m00.0s

running (5m21.8s), 500/500 VUs, 315862 complete and 0 interrupted iterations
default   [  89% ] 500/500 VUs  5m21.8s/6m00.0s

running (5m22.8s), 500/500 VUs, 316853 complete and 0 interrupted iterations
default   [  90% ] 500/500 VUs  5m22.8s/6m00.0s

running (5m23.8s), 500/500 VUs, 317840 complete and 0 interrupted iterations
default   [  90% ] 500/500 VUs  5m23.8s/6m00.0s

running (5m24.8s), 500/500 VUs, 318821 complete and 0 interrupted iterations
default   [  90% ] 500/500 VUs  5m24.8s/6m00.0s

running (5m25.8s), 500/500 VUs, 319812 complete and 0 interrupted iterations
default   [  90% ] 500/500 VUs  5m25.8s/6m00.0s

running (5m26.8s), 500/500 VUs, 320812 complete and 0 interrupted iterations
default   [  91% ] 500/500 VUs  5m26.8s/6m00.0s

running (5m27.8s), 500/500 VUs, 321791 complete and 0 interrupted iterations
default   [  91% ] 500/500 VUs  5m27.8s/6m00.0s

running (5m28.8s), 500/500 VUs, 322773 complete and 0 interrupted iterations
default   [  91% ] 500/500 VUs  5m28.8s/6m00.0s

running (5m29.8s), 500/500 VUs, 323762 complete and 0 interrupted iterations
default   [  92% ] 500/500 VUs  5m29.8s/6m00.0s

running (5m30.8s), 491/500 VUs, 324757 complete and 0 interrupted iterations
default   [  92% ] 491/500 VUs  5m30.8s/6m00.0s

running (5m31.8s), 474/500 VUs, 325743 complete and 0 interrupted iterations
default   [  92% ] 474/500 VUs  5m31.8s/6m00.0s

running (5m32.8s), 458/500 VUs, 326730 complete and 0 interrupted iterations
default   [  92% ] 458/500 VUs  5m32.8s/6m00.0s

running (5m33.8s), 442/500 VUs, 327713 complete and 0 interrupted iterations
default   [  93% ] 442/500 VUs  5m33.8s/6m00.0s

running (5m34.8s), 425/500 VUs, 328710 complete and 0 interrupted iterations
default   [  93% ] 425/500 VUs  5m34.8s/6m00.0s

running (5m35.8s), 407/500 VUs, 329705 complete and 0 interrupted iterations
default   [  93% ] 407/500 VUs  5m35.8s/6m00.0s

running (5m36.8s), 390/500 VUs, 330683 complete and 0 interrupted iterations
default   [  94% ] 390/500 VUs  5m36.8s/6m00.0s

running (5m37.8s), 375/500 VUs, 331662 complete and 0 interrupted iterations
default   [  94% ] 375/500 VUs  5m37.8s/6m00.0s

running (5m38.8s), 358/500 VUs, 332662 complete and 0 interrupted iterations
default   [  94% ] 358/500 VUs  5m38.8s/6m00.0s

running (5m39.8s), 340/500 VUs, 333660 complete and 0 interrupted iterations
default   [  94% ] 340/500 VUs  5m39.8s/6m00.0s

running (5m40.8s), 323/500 VUs, 334630 complete and 0 interrupted iterations
default   [  95% ] 323/500 VUs  5m40.8s/6m00.0s

running (5m41.8s), 306/500 VUs, 335617 complete and 0 interrupted iterations
default   [  95% ] 306/500 VUs  5m41.8s/6m00.0s

running (5m42.8s), 290/500 VUs, 336612 complete and 0 interrupted iterations
default   [  95% ] 290/500 VUs  5m42.8s/6m00.0s

running (5m43.8s), 274/500 VUs, 337610 complete and 0 interrupted iterations
default   [  95% ] 274/500 VUs  5m43.8s/6m00.0s

running (5m44.8s), 257/500 VUs, 338585 complete and 0 interrupted iterations
default   [  96% ] 257/500 VUs  5m44.8s/6m00.0s

running (5m45.8s), 240/500 VUs, 339570 complete and 0 interrupted iterations
default   [  96% ] 240/500 VUs  5m45.8s/6m00.0s

running (5m46.8s), 222/500 VUs, 340566 complete and 0 interrupted iterations
default   [  96% ] 222/500 VUs  5m46.8s/6m00.0s

running (5m47.8s), 206/500 VUs, 341562 complete and 0 interrupted iterations
default   [  97% ] 206/500 VUs  5m47.8s/6m00.0s

running (5m48.8s), 190/500 VUs, 342543 complete and 0 interrupted iterations
default   [  97% ] 190/500 VUs  5m48.8s/6m00.0s

running (5m49.8s), 173/500 VUs, 343528 complete and 0 interrupted iterations
default   [  97% ] 173/500 VUs  5m49.8s/6m00.0s

running (5m50.8s), 156/500 VUs, 344517 complete and 0 interrupted iterations
default   [  97% ] 156/500 VUs  5m50.8s/6m00.0s

running (5m51.8s), 140/500 VUs, 345513 complete and 0 interrupted iterations
default   [  98% ] 140/500 VUs  5m51.8s/6m00.0s

running (5m52.8s), 121/500 VUs, 346500 complete and 0 interrupted iterations
default   [  98% ] 121/500 VUs  5m52.8s/6m00.0s

running (5m53.8s), 104/500 VUs, 347488 complete and 0 interrupted iterations
default   [  98% ] 104/500 VUs  5m53.8s/6m00.0s

running (5m54.8s), 088/500 VUs, 348473 complete and 0 interrupted iterations
default   [  99% ] 088/500 VUs  5m54.8s/6m00.0s

running (5m55.8s), 071/500 VUs, 349465 complete and 0 interrupted iterations
default   [  99% ] 071/500 VUs  5m55.8s/6m00.0s

running (5m56.8s), 054/500 VUs, 350456 complete and 0 interrupted iterations
default   [  99% ] 054/500 VUs  5m56.8s/6m00.0s

running (5m57.8s), 038/500 VUs, 351351 complete and 0 interrupted iterations
default   [  99% ] 038/500 VUs  5m57.8s/6m00.0s

running (5m58.8s), 021/500 VUs, 351945 complete and 0 interrupted iterations
default   [ 100% ] 021/500 VUs  5m58.8s/6m00.0s

running (5m59.8s), 004/500 VUs, 352207 complete and 0 interrupted iterations
default   [ 100% ] 004/500 VUs  5m59.8s/6m00.0s


  █ THRESHOLDS 

    checks
    ✓ 'rate>0.95' rate=100.00%

    http_req_duration
    ✓ 'p(95)<5000' p(95)=510.02ms
    ✓ 'p(99)<10000' p(99)=516.04ms

    http_req_failed
    ✓ 'rate<0.05' rate=0.00%


  █ TOTAL RESULTS 

    checks_total.......: 1408888 3913.028504/s
    checks_succeeded...: 100.00% 1408888 out of 1408888
    checks_failed......: 0.00%   0 out of 1408888

    ✓ status is 200
    ✓ content-type is json
    ✓ workloadType is IO-BOUND
    ✓ executionTimeMs exists

    CUSTOM
    response_time_ms...............: min=50.742315 avg=468.521539 med=505.971092 max=714.936374 p(90)=508.773999 p(95)=510.020094 p(99)=516.045789
    successful_requests............: 352222 978.257126/s

    HTTP
    http_req_duration..............: min=50.74ms   avg=468.52ms   med=505.97ms   max=714.93ms   p(90)=508.77ms   p(95)=510.02ms   p(99)=516.04ms  
      { expected_response:true }...: min=50.74ms   avg=468.52ms   med=505.97ms   max=714.93ms   p(90)=508.77ms   p(95)=510.02ms   p(99)=516.04ms  
    http_req_failed................: 0.00%  0 out of 352222
    http_reqs......................: 352222 978.257126/s

    EXECUTION
    iteration_duration.............: min=50.85ms   avg=468.66ms   med=506.11ms   max=715.13ms   p(90)=508.92ms   p(95)=510.17ms   p(99)=516.19ms  
    iterations.....................: 352222 978.257126/s
    vus............................: 4      min=4           max=500
    vus_max........................: 500    min=500         max=500

    NETWORK
    data_received..................: 78 MB  216 kB/s
    data_sent......................: 28 MB  77 kB/s




running (6m00.1s), 000/500 VUs, 352222 complete and 0 interrupted iterations
default ✓ [ 100% ] 000/500 VUs  6m0s
