
         /\      Grafana   /‾‾/  
    /\  /  \     |\  __   /  /   
   /  \/    \    | |/ /  /   ‾‾\ 
  /          \   |   (  |  (‾)  |
 / __________ \  |_|\_\  \_____/ 


     execution: local
        script: io-bound-test.js
        output: -

     scenarios: (100.00%) 1 scenario, 400 max VUs, 6m30s max duration (incl. graceful stop):
              * default: Up to 400 looping VUs for 6m0s over 3 stages (gracefulRampDown: 30s, gracefulStop: 30s)


running (0m00.8s), 012/400 VUs, 90 complete and 0 interrupted iterations
default   [   0% ] 012/400 VUs  0m00.8s/6m00.0s

running (0m01.8s), 025/400 VUs, 440 complete and 0 interrupted iterations
default   [   1% ] 025/400 VUs  0m01.8s/6m00.0s

running (0m02.8s), 038/400 VUs, 1049 complete and 0 interrupted iterations
default   [   1% ] 038/400 VUs  0m02.8s/6m00.0s

running (0m03.8s), 051/400 VUs, 1923 complete and 0 interrupted iterations
default   [   1% ] 051/400 VUs  0m03.8s/6m00.0s

running (0m04.8s), 065/400 VUs, 2904 complete and 0 interrupted iterations
default   [   1% ] 065/400 VUs  0m04.8s/6m00.0s

running (0m05.8s), 078/400 VUs, 3895 complete and 0 interrupted iterations
default   [   2% ] 078/400 VUs  0m05.8s/6m00.0s

running (0m06.8s), 091/400 VUs, 4876 complete and 0 interrupted iterations
default   [   2% ] 091/400 VUs  0m06.8s/6m00.0s

running (0m07.8s), 105/400 VUs, 5873 complete and 0 interrupted iterations
default   [   2% ] 105/400 VUs  0m07.8s/6m00.0s

running (0m08.8s), 118/400 VUs, 6845 complete and 0 interrupted iterations
default   [   2% ] 118/400 VUs  0m08.8s/6m00.0s

running (0m09.8s), 131/400 VUs, 7845 complete and 0 interrupted iterations
default   [   3% ] 131/400 VUs  0m09.8s/6m00.0s

running (0m10.8s), 145/400 VUs, 8814 complete and 0 interrupted iterations
default   [   3% ] 145/400 VUs  0m10.8s/6m00.0s

running (0m11.8s), 158/400 VUs, 9795 complete and 0 interrupted iterations
default   [   3% ] 158/400 VUs  0m11.8s/6m00.0s

running (0m12.8s), 171/400 VUs, 10795 complete and 0 interrupted iterations
default   [   4% ] 171/400 VUs  0m12.8s/6m00.0s

running (0m13.8s), 184/400 VUs, 11745 complete and 0 interrupted iterations
default   [   4% ] 184/400 VUs  0m13.8s/6m00.0s

running (0m14.8s), 198/400 VUs, 12745 complete and 0 interrupted iterations
default   [   4% ] 198/400 VUs  0m14.8s/6m00.0s

running (0m15.8s), 211/400 VUs, 13717 complete and 0 interrupted iterations
default   [   4% ] 211/400 VUs  0m15.8s/6m00.0s

running (0m16.8s), 224/400 VUs, 14695 complete and 0 interrupted iterations
default   [   5% ] 224/400 VUs  0m16.8s/6m00.0s

running (0m17.8s), 238/400 VUs, 15695 complete and 0 interrupted iterations
default   [   5% ] 238/400 VUs  0m17.8s/6m00.0s

running (0m18.8s), 251/400 VUs, 16645 complete and 0 interrupted iterations
default   [   5% ] 251/400 VUs  0m18.8s/6m00.0s

running (0m19.8s), 264/400 VUs, 17645 complete and 0 interrupted iterations
default   [   6% ] 264/400 VUs  0m19.8s/6m00.0s

running (0m20.8s), 278/400 VUs, 18628 complete and 0 interrupted iterations
default   [   6% ] 278/400 VUs  0m20.8s/6m00.0s

running (0m21.8s), 291/400 VUs, 19595 complete and 0 interrupted iterations
default   [   6% ] 291/400 VUs  0m21.8s/6m00.0s

running (0m22.8s), 304/400 VUs, 20593 complete and 0 interrupted iterations
default   [   6% ] 304/400 VUs  0m22.8s/6m00.0s

running (0m23.8s), 317/400 VUs, 21545 complete and 0 interrupted iterations
default   [   7% ] 317/400 VUs  0m23.8s/6m00.0s

running (0m24.8s), 331/400 VUs, 22545 complete and 0 interrupted iterations
default   [   7% ] 331/400 VUs  0m24.8s/6m00.0s

running (0m25.8s), 344/400 VUs, 23520 complete and 0 interrupted iterations
default   [   7% ] 344/400 VUs  0m25.8s/6m00.0s

running (0m26.8s), 357/400 VUs, 24495 complete and 0 interrupted iterations
default   [   7% ] 357/400 VUs  0m26.8s/6m00.0s

running (0m27.8s), 371/400 VUs, 25472 complete and 0 interrupted iterations
default   [   8% ] 371/400 VUs  0m27.8s/6m00.0s

running (0m28.8s), 384/400 VUs, 26445 complete and 0 interrupted iterations
default   [   8% ] 384/400 VUs  0m28.8s/6m00.0s

running (0m29.8s), 397/400 VUs, 27445 complete and 0 interrupted iterations
default   [   8% ] 397/400 VUs  0m29.8s/6m00.0s

running (0m30.8s), 400/400 VUs, 28420 complete and 0 interrupted iterations
default   [   9% ] 400/400 VUs  0m30.8s/6m00.0s

running (0m31.8s), 400/400 VUs, 29395 complete and 0 interrupted iterations
default   [   9% ] 400/400 VUs  0m31.8s/6m00.0s

running (0m32.8s), 400/400 VUs, 30395 complete and 0 interrupted iterations
default   [   9% ] 400/400 VUs  0m32.8s/6m00.0s

running (0m33.8s), 400/400 VUs, 31345 complete and 0 interrupted iterations
default   [   9% ] 400/400 VUs  0m33.8s/6m00.0s

running (0m34.8s), 400/400 VUs, 32345 complete and 0 interrupted iterations
default   [  10% ] 400/400 VUs  0m34.8s/6m00.0s

running (0m35.8s), 400/400 VUs, 33330 complete and 0 interrupted iterations
default   [  10% ] 400/400 VUs  0m35.8s/6m00.0s

running (0m36.8s), 400/400 VUs, 34295 complete and 0 interrupted iterations
default   [  10% ] 400/400 VUs  0m36.8s/6m00.0s

running (0m37.8s), 400/400 VUs, 35295 complete and 0 interrupted iterations
default   [  11% ] 400/400 VUs  0m37.8s/6m00.0s

running (0m38.8s), 400/400 VUs, 36245 complete and 0 interrupted iterations
default   [  11% ] 400/400 VUs  0m38.8s/6m00.0s

running (0m39.8s), 400/400 VUs, 37245 complete and 0 interrupted iterations
default   [  11% ] 400/400 VUs  0m39.8s/6m00.0s

running (0m40.8s), 400/400 VUs, 38236 complete and 0 interrupted iterations
default   [  11% ] 400/400 VUs  0m40.8s/6m00.0s

running (0m41.8s), 400/400 VUs, 39195 complete and 0 interrupted iterations
default   [  12% ] 400/400 VUs  0m41.8s/6m00.0s

running (0m42.8s), 400/400 VUs, 40195 complete and 0 interrupted iterations
default   [  12% ] 400/400 VUs  0m42.8s/6m00.0s

running (0m43.8s), 400/400 VUs, 41145 complete and 0 interrupted iterations
default   [  12% ] 400/400 VUs  0m43.8s/6m00.0s

running (0m44.8s), 400/400 VUs, 42145 complete and 0 interrupted iterations
default   [  12% ] 400/400 VUs  0m44.8s/6m00.0s

running (0m45.8s), 400/400 VUs, 43122 complete and 0 interrupted iterations
default   [  13% ] 400/400 VUs  0m45.8s/6m00.0s

running (0m46.8s), 400/400 VUs, 44095 complete and 0 interrupted iterations
default   [  13% ] 400/400 VUs  0m46.8s/6m00.0s

running (0m47.8s), 400/400 VUs, 45095 complete and 0 interrupted iterations
default   [  13% ] 400/400 VUs  0m47.8s/6m00.0s

running (0m48.8s), 400/400 VUs, 46045 complete and 0 interrupted iterations
default   [  14% ] 400/400 VUs  0m48.8s/6m00.0s

running (0m49.8s), 400/400 VUs, 47045 complete and 0 interrupted iterations
default   [  14% ] 400/400 VUs  0m49.8s/6m00.0s

running (0m50.8s), 400/400 VUs, 48018 complete and 0 interrupted iterations
default   [  14% ] 400/400 VUs  0m50.8s/6m00.0s

running (0m51.8s), 400/400 VUs, 48995 complete and 0 interrupted iterations
default   [  14% ] 400/400 VUs  0m51.8s/6m00.0s

running (0m52.8s), 400/400 VUs, 49995 complete and 0 interrupted iterations
default   [  15% ] 400/400 VUs  0m52.8s/6m00.0s

running (0m53.8s), 400/400 VUs, 50945 complete and 0 interrupted iterations
default   [  15% ] 400/400 VUs  0m53.8s/6m00.0s

running (0m54.8s), 400/400 VUs, 51945 complete and 0 interrupted iterations
default   [  15% ] 400/400 VUs  0m54.8s/6m00.0s

running (0m55.8s), 400/400 VUs, 52904 complete and 0 interrupted iterations
default   [  16% ] 400/400 VUs  0m55.8s/6m00.0s

running (0m56.8s), 400/400 VUs, 53895 complete and 0 interrupted iterations
default   [  16% ] 400/400 VUs  0m56.8s/6m00.0s

running (0m57.8s), 400/400 VUs, 54895 complete and 0 interrupted iterations
default   [  16% ] 400/400 VUs  0m57.8s/6m00.0s

running (0m58.8s), 400/400 VUs, 55845 complete and 0 interrupted iterations
default   [  16% ] 400/400 VUs  0m58.8s/6m00.0s

running (0m59.8s), 400/400 VUs, 56845 complete and 0 interrupted iterations
default   [  17% ] 400/400 VUs  0m59.8s/6m00.0s

running (1m00.8s), 400/400 VUs, 57811 complete and 0 interrupted iterations
default   [  17% ] 400/400 VUs  1m00.8s/6m00.0s

running (1m01.8s), 400/400 VUs, 58795 complete and 0 interrupted iterations
default   [  17% ] 400/400 VUs  1m01.8s/6m00.0s

running (1m02.8s), 400/400 VUs, 59795 complete and 0 interrupted iterations
default   [  17% ] 400/400 VUs  1m02.8s/6m00.0s

running (1m03.8s), 400/400 VUs, 60745 complete and 0 interrupted iterations
default   [  18% ] 400/400 VUs  1m03.8s/6m00.0s

running (1m04.8s), 400/400 VUs, 61745 complete and 0 interrupted iterations
default   [  18% ] 400/400 VUs  1m04.8s/6m00.0s

running (1m05.8s), 400/400 VUs, 62711 complete and 0 interrupted iterations
default   [  18% ] 400/400 VUs  1m05.8s/6m00.0s

running (1m06.8s), 400/400 VUs, 63695 complete and 0 interrupted iterations
default   [  19% ] 400/400 VUs  1m06.8s/6m00.0s

running (1m07.8s), 400/400 VUs, 64695 complete and 0 interrupted iterations
default   [  19% ] 400/400 VUs  1m07.8s/6m00.0s

running (1m08.8s), 400/400 VUs, 65645 complete and 0 interrupted iterations
default   [  19% ] 400/400 VUs  1m08.8s/6m00.0s

running (1m09.8s), 400/400 VUs, 66645 complete and 0 interrupted iterations
default   [  19% ] 400/400 VUs  1m09.8s/6m00.0s

running (1m10.8s), 400/400 VUs, 67628 complete and 0 interrupted iterations
default   [  20% ] 400/400 VUs  1m10.8s/6m00.0s

running (1m11.8s), 400/400 VUs, 68595 complete and 0 interrupted iterations
default   [  20% ] 400/400 VUs  1m11.8s/6m00.0s

running (1m12.8s), 400/400 VUs, 69595 complete and 0 interrupted iterations
default   [  20% ] 400/400 VUs  1m12.8s/6m00.0s

running (1m13.8s), 400/400 VUs, 70560 complete and 0 interrupted iterations
default   [  21% ] 400/400 VUs  1m13.8s/6m00.0s

running (1m14.8s), 400/400 VUs, 71545 complete and 0 interrupted iterations
default   [  21% ] 400/400 VUs  1m14.8s/6m00.0s

running (1m15.8s), 400/400 VUs, 72524 complete and 0 interrupted iterations
default   [  21% ] 400/400 VUs  1m15.8s/6m00.0s

running (1m16.8s), 400/400 VUs, 73495 complete and 0 interrupted iterations
default   [  21% ] 400/400 VUs  1m16.8s/6m00.0s

running (1m17.8s), 400/400 VUs, 74495 complete and 0 interrupted iterations
default   [  22% ] 400/400 VUs  1m17.8s/6m00.0s

running (1m18.8s), 400/400 VUs, 75445 complete and 0 interrupted iterations
default   [  22% ] 400/400 VUs  1m18.8s/6m00.0s

running (1m19.8s), 400/400 VUs, 76445 complete and 0 interrupted iterations
default   [  22% ] 400/400 VUs  1m19.8s/6m00.0s

running (1m20.8s), 400/400 VUs, 77418 complete and 0 interrupted iterations
default   [  22% ] 400/400 VUs  1m20.8s/6m00.0s

running (1m21.8s), 400/400 VUs, 78395 complete and 0 interrupted iterations
default   [  23% ] 400/400 VUs  1m21.8s/6m00.0s

running (1m22.8s), 400/400 VUs, 79395 complete and 0 interrupted iterations
default   [  23% ] 400/400 VUs  1m22.8s/6m00.0s

running (1m23.8s), 400/400 VUs, 80345 complete and 0 interrupted iterations
default   [  23% ] 400/400 VUs  1m23.8s/6m00.0s

running (1m24.8s), 400/400 VUs, 81345 complete and 0 interrupted iterations
default   [  24% ] 400/400 VUs  1m24.8s/6m00.0s

running (1m25.8s), 400/400 VUs, 82329 complete and 0 interrupted iterations
default   [  24% ] 400/400 VUs  1m25.8s/6m00.0s

running (1m26.8s), 400/400 VUs, 83295 complete and 0 interrupted iterations
default   [  24% ] 400/400 VUs  1m26.8s/6m00.0s

running (1m27.8s), 400/400 VUs, 84295 complete and 0 interrupted iterations
default   [  24% ] 400/400 VUs  1m27.8s/6m00.0s

running (1m28.8s), 400/400 VUs, 85245 complete and 0 interrupted iterations
default   [  25% ] 400/400 VUs  1m28.8s/6m00.0s

running (1m29.8s), 400/400 VUs, 86245 complete and 0 interrupted iterations
default   [  25% ] 400/400 VUs  1m29.8s/6m00.0s

running (1m30.8s), 400/400 VUs, 87214 complete and 0 interrupted iterations
default   [  25% ] 400/400 VUs  1m30.8s/6m00.0s

running (1m31.8s), 400/400 VUs, 88195 complete and 0 interrupted iterations
default   [  26% ] 400/400 VUs  1m31.8s/6m00.0s

running (1m32.8s), 400/400 VUs, 89171 complete and 0 interrupted iterations
default   [  26% ] 400/400 VUs  1m32.8s/6m00.0s

running (1m33.8s), 400/400 VUs, 90145 complete and 0 interrupted iterations
default   [  26% ] 400/400 VUs  1m33.8s/6m00.0s

running (1m34.8s), 400/400 VUs, 91145 complete and 0 interrupted iterations
default   [  26% ] 400/400 VUs  1m34.8s/6m00.0s

running (1m35.8s), 400/400 VUs, 92095 complete and 0 interrupted iterations
default   [  27% ] 400/400 VUs  1m35.8s/6m00.0s

running (1m36.8s), 400/400 VUs, 93095 complete and 0 interrupted iterations
default   [  27% ] 400/400 VUs  1m36.8s/6m00.0s

running (1m37.8s), 400/400 VUs, 94082 complete and 0 interrupted iterations
default   [  27% ] 400/400 VUs  1m37.8s/6m00.0s

running (1m38.8s), 400/400 VUs, 95045 complete and 0 interrupted iterations
default   [  27% ] 400/400 VUs  1m38.8s/6m00.0s

running (1m39.8s), 400/400 VUs, 96045 complete and 0 interrupted iterations
default   [  28% ] 400/400 VUs  1m39.8s/6m00.0s

running (1m40.8s), 400/400 VUs, 96995 complete and 0 interrupted iterations
default   [  28% ] 400/400 VUs  1m40.8s/6m00.0s

running (1m41.8s), 400/400 VUs, 97995 complete and 0 interrupted iterations
default   [  28% ] 400/400 VUs  1m41.8s/6m00.0s

running (1m42.8s), 400/400 VUs, 98947 complete and 0 interrupted iterations
default   [  29% ] 400/400 VUs  1m42.8s/6m00.0s

running (1m43.8s), 400/400 VUs, 99945 complete and 0 interrupted iterations
default   [  29% ] 400/400 VUs  1m43.8s/6m00.0s

running (1m44.8s), 400/400 VUs, 100919 complete and 0 interrupted iterations
default   [  29% ] 400/400 VUs  1m44.8s/6m00.0s

running (1m45.8s), 400/400 VUs, 101895 complete and 0 interrupted iterations
default   [  29% ] 400/400 VUs  1m45.8s/6m00.0s

running (1m46.8s), 400/400 VUs, 102895 complete and 0 interrupted iterations
default   [  30% ] 400/400 VUs  1m46.8s/6m00.0s

running (1m47.8s), 400/400 VUs, 103845 complete and 0 interrupted iterations
default   [  30% ] 400/400 VUs  1m47.8s/6m00.0s

running (1m48.8s), 400/400 VUs, 104845 complete and 0 interrupted iterations
default   [  30% ] 400/400 VUs  1m48.8s/6m00.0s

running (1m49.8s), 400/400 VUs, 105845 complete and 0 interrupted iterations
default   [  31% ] 400/400 VUs  1m49.8s/6m00.0s

running (1m50.8s), 400/400 VUs, 106795 complete and 0 interrupted iterations
default   [  31% ] 400/400 VUs  1m50.8s/6m00.0s

running (1m51.8s), 400/400 VUs, 107795 complete and 0 interrupted iterations
default   [  31% ] 400/400 VUs  1m51.8s/6m00.0s

running (1m52.8s), 400/400 VUs, 108745 complete and 0 interrupted iterations
default   [  31% ] 400/400 VUs  1m52.8s/6m00.0s

running (1m53.8s), 400/400 VUs, 109745 complete and 0 interrupted iterations
default   [  32% ] 400/400 VUs  1m53.8s/6m00.0s

running (1m54.8s), 400/400 VUs, 110720 complete and 0 interrupted iterations
default   [  32% ] 400/400 VUs  1m54.8s/6m00.0s

running (1m55.8s), 400/400 VUs, 111695 complete and 0 interrupted iterations
default   [  32% ] 400/400 VUs  1m55.8s/6m00.0s

running (1m56.8s), 400/400 VUs, 112695 complete and 0 interrupted iterations
default   [  32% ] 400/400 VUs  1m56.8s/6m00.0s

running (1m57.8s), 400/400 VUs, 113645 complete and 0 interrupted iterations
default   [  33% ] 400/400 VUs  1m57.8s/6m00.0s

running (1m58.8s), 400/400 VUs, 114645 complete and 0 interrupted iterations
default   [  33% ] 400/400 VUs  1m58.8s/6m00.0s

running (1m59.8s), 400/400 VUs, 115638 complete and 0 interrupted iterations
default   [  33% ] 400/400 VUs  1m59.8s/6m00.0s

running (2m00.8s), 400/400 VUs, 116595 complete and 0 interrupted iterations
default   [  34% ] 400/400 VUs  2m00.8s/6m00.0s

running (2m01.8s), 400/400 VUs, 117595 complete and 0 interrupted iterations
default   [  34% ] 400/400 VUs  2m01.8s/6m00.0s

running (2m02.8s), 400/400 VUs, 118545 complete and 0 interrupted iterations
default   [  34% ] 400/400 VUs  2m02.8s/6m00.0s

running (2m03.8s), 400/400 VUs, 119545 complete and 0 interrupted iterations
default   [  34% ] 400/400 VUs  2m03.8s/6m00.0s

running (2m04.8s), 400/400 VUs, 120495 complete and 0 interrupted iterations
default   [  35% ] 400/400 VUs  2m04.8s/6m00.0s

running (2m05.8s), 400/400 VUs, 121495 complete and 0 interrupted iterations
default   [  35% ] 400/400 VUs  2m05.8s/6m00.0s

running (2m06.8s), 400/400 VUs, 122483 complete and 0 interrupted iterations
default   [  35% ] 400/400 VUs  2m06.8s/6m00.0s

running (2m07.8s), 400/400 VUs, 123445 complete and 0 interrupted iterations
default   [  36% ] 400/400 VUs  2m07.8s/6m00.0s

running (2m08.8s), 400/400 VUs, 124445 complete and 0 interrupted iterations
default   [  36% ] 400/400 VUs  2m08.8s/6m00.0s

running (2m09.8s), 400/400 VUs, 125395 complete and 0 interrupted iterations
default   [  36% ] 400/400 VUs  2m09.8s/6m00.0s

running (2m10.8s), 400/400 VUs, 126395 complete and 0 interrupted iterations
default   [  36% ] 400/400 VUs  2m10.8s/6m00.0s

running (2m11.8s), 400/400 VUs, 127395 complete and 0 interrupted iterations
default   [  37% ] 400/400 VUs  2m11.8s/6m00.0s

running (2m12.8s), 400/400 VUs, 128345 complete and 0 interrupted iterations
default   [  37% ] 400/400 VUs  2m12.8s/6m00.0s

running (2m13.8s), 400/400 VUs, 129345 complete and 0 interrupted iterations
default   [  37% ] 400/400 VUs  2m13.8s/6m00.0s

running (2m14.8s), 400/400 VUs, 130295 complete and 0 interrupted iterations
default   [  37% ] 400/400 VUs  2m14.8s/6m00.0s

running (2m15.8s), 400/400 VUs, 131295 complete and 0 interrupted iterations
default   [  38% ] 400/400 VUs  2m15.8s/6m00.0s

running (2m16.8s), 400/400 VUs, 132247 complete and 0 interrupted iterations
default   [  38% ] 400/400 VUs  2m16.8s/6m00.0s

running (2m17.8s), 400/400 VUs, 133245 complete and 0 interrupted iterations
default   [  38% ] 400/400 VUs  2m17.8s/6m00.0s

running (2m18.8s), 400/400 VUs, 134245 complete and 0 interrupted iterations
default   [  39% ] 400/400 VUs  2m18.8s/6m00.0s

running (2m19.8s), 400/400 VUs, 135195 complete and 0 interrupted iterations
default   [  39% ] 400/400 VUs  2m19.8s/6m00.0s

running (2m20.8s), 400/400 VUs, 136195 complete and 0 interrupted iterations
default   [  39% ] 400/400 VUs  2m20.8s/6m00.0s

running (2m21.8s), 400/400 VUs, 137194 complete and 0 interrupted iterations
default   [  39% ] 400/400 VUs  2m21.8s/6m00.0s

running (2m22.8s), 400/400 VUs, 138145 complete and 0 interrupted iterations
default   [  40% ] 400/400 VUs  2m22.8s/6m00.0s

running (2m23.8s), 400/400 VUs, 139145 complete and 0 interrupted iterations
default   [  40% ] 400/400 VUs  2m23.8s/6m00.0s

running (2m24.8s), 400/400 VUs, 140095 complete and 0 interrupted iterations
default   [  40% ] 400/400 VUs  2m24.8s/6m00.0s

running (2m25.8s), 400/400 VUs, 141095 complete and 0 interrupted iterations
default   [  41% ] 400/400 VUs  2m25.8s/6m00.0s

running (2m26.8s), 400/400 VUs, 142045 complete and 0 interrupted iterations
default   [  41% ] 400/400 VUs  2m26.8s/6m00.0s

running (2m27.8s), 400/400 VUs, 143045 complete and 0 interrupted iterations
default   [  41% ] 400/400 VUs  2m27.8s/6m00.0s

running (2m28.8s), 400/400 VUs, 144038 complete and 0 interrupted iterations
default   [  41% ] 400/400 VUs  2m28.8s/6m00.0s

running (2m29.8s), 400/400 VUs, 144995 complete and 0 interrupted iterations
default   [  42% ] 400/400 VUs  2m29.8s/6m00.0s

running (2m30.8s), 400/400 VUs, 145995 complete and 0 interrupted iterations
default   [  42% ] 400/400 VUs  2m30.8s/6m00.0s

running (2m31.8s), 400/400 VUs, 146945 complete and 0 interrupted iterations
default   [  42% ] 400/400 VUs  2m31.8s/6m00.0s

running (2m32.8s), 400/400 VUs, 147945 complete and 0 interrupted iterations
default   [  42% ] 400/400 VUs  2m32.8s/6m00.0s

running (2m33.8s), 400/400 VUs, 148945 complete and 0 interrupted iterations
default   [  43% ] 400/400 VUs  2m33.8s/6m00.0s

running (2m34.8s), 400/400 VUs, 149895 complete and 0 interrupted iterations
default   [  43% ] 400/400 VUs  2m34.8s/6m00.0s

running (2m35.8s), 400/400 VUs, 150895 complete and 0 interrupted iterations
default   [  43% ] 400/400 VUs  2m35.8s/6m00.0s

running (2m36.8s), 400/400 VUs, 151845 complete and 0 interrupted iterations
default   [  44% ] 400/400 VUs  2m36.8s/6m00.0s

running (2m37.8s), 400/400 VUs, 152845 complete and 0 interrupted iterations
default   [  44% ] 400/400 VUs  2m37.8s/6m00.0s

running (2m38.8s), 400/400 VUs, 153825 complete and 0 interrupted iterations
default   [  44% ] 400/400 VUs  2m38.8s/6m00.0s

running (2m39.8s), 400/400 VUs, 154795 complete and 0 interrupted iterations
default   [  44% ] 400/400 VUs  2m39.8s/6m00.0s

running (2m40.8s), 400/400 VUs, 155795 complete and 0 interrupted iterations
default   [  45% ] 400/400 VUs  2m40.8s/6m00.0s

running (2m41.8s), 400/400 VUs, 156745 complete and 0 interrupted iterations
default   [  45% ] 400/400 VUs  2m41.8s/6m00.0s

running (2m42.8s), 400/400 VUs, 157745 complete and 0 interrupted iterations
default   [  45% ] 400/400 VUs  2m42.8s/6m00.0s

running (2m43.8s), 400/400 VUs, 158745 complete and 0 interrupted iterations
default   [  46% ] 400/400 VUs  2m43.8s/6m00.0s

running (2m44.8s), 400/400 VUs, 159695 complete and 0 interrupted iterations
default   [  46% ] 400/400 VUs  2m44.8s/6m00.0s

running (2m45.8s), 400/400 VUs, 160695 complete and 0 interrupted iterations
default   [  46% ] 400/400 VUs  2m45.8s/6m00.0s

running (2m46.8s), 400/400 VUs, 161645 complete and 0 interrupted iterations
default   [  46% ] 400/400 VUs  2m46.8s/6m00.0s

running (2m47.8s), 400/400 VUs, 162645 complete and 0 interrupted iterations
default   [  47% ] 400/400 VUs  2m47.8s/6m00.0s

running (2m48.8s), 400/400 VUs, 163602 complete and 0 interrupted iterations
default   [  47% ] 400/400 VUs  2m48.8s/6m00.0s

running (2m49.8s), 400/400 VUs, 164595 complete and 0 interrupted iterations
default   [  47% ] 400/400 VUs  2m49.8s/6m00.0s

running (2m50.8s), 400/400 VUs, 165595 complete and 0 interrupted iterations
default   [  47% ] 400/400 VUs  2m50.8s/6m00.0s

running (2m51.8s), 400/400 VUs, 166545 complete and 0 interrupted iterations
default   [  48% ] 400/400 VUs  2m51.8s/6m00.0s

running (2m52.8s), 400/400 VUs, 167545 complete and 0 interrupted iterations
default   [  48% ] 400/400 VUs  2m52.8s/6m00.0s

running (2m53.8s), 400/400 VUs, 168497 complete and 0 interrupted iterations
default   [  48% ] 400/400 VUs  2m53.8s/6m00.0s

running (2m54.8s), 400/400 VUs, 169495 complete and 0 interrupted iterations
default   [  49% ] 400/400 VUs  2m54.8s/6m00.0s

running (2m55.8s), 400/400 VUs, 170495 complete and 0 interrupted iterations
default   [  49% ] 400/400 VUs  2m55.8s/6m00.0s

running (2m56.8s), 400/400 VUs, 171445 complete and 0 interrupted iterations
default   [  49% ] 400/400 VUs  2m56.8s/6m00.0s

running (2m57.8s), 400/400 VUs, 172445 complete and 0 interrupted iterations
default   [  49% ] 400/400 VUs  2m57.8s/6m00.0s

running (2m58.8s), 400/400 VUs, 173395 complete and 0 interrupted iterations
default   [  50% ] 400/400 VUs  2m58.8s/6m00.0s

running (2m59.8s), 400/400 VUs, 174395 complete and 0 interrupted iterations
default   [  50% ] 400/400 VUs  2m59.8s/6m00.0s

running (3m00.8s), 400/400 VUs, 175372 complete and 0 interrupted iterations
default   [  50% ] 400/400 VUs  3m00.8s/6m00.0s

running (3m01.8s), 400/400 VUs, 176345 complete and 0 interrupted iterations
default   [  51% ] 400/400 VUs  3m01.8s/6m00.0s

running (3m02.8s), 400/400 VUs, 177345 complete and 0 interrupted iterations
default   [  51% ] 400/400 VUs  3m02.8s/6m00.0s

running (3m03.8s), 400/400 VUs, 178295 complete and 0 interrupted iterations
default   [  51% ] 400/400 VUs  3m03.8s/6m00.0s

running (3m04.8s), 400/400 VUs, 179295 complete and 0 interrupted iterations
default   [  51% ] 400/400 VUs  3m04.8s/6m00.0s

running (3m05.8s), 400/400 VUs, 180295 complete and 0 interrupted iterations
default   [  52% ] 400/400 VUs  3m05.8s/6m00.0s

running (3m06.8s), 400/400 VUs, 181245 complete and 0 interrupted iterations
default   [  52% ] 400/400 VUs  3m06.8s/6m00.0s

running (3m07.8s), 400/400 VUs, 182245 complete and 0 interrupted iterations
default   [  52% ] 400/400 VUs  3m07.8s/6m00.0s

running (3m08.8s), 400/400 VUs, 183195 complete and 0 interrupted iterations
default   [  52% ] 400/400 VUs  3m08.8s/6m00.0s

running (3m09.8s), 400/400 VUs, 184195 complete and 0 interrupted iterations
default   [  53% ] 400/400 VUs  3m09.8s/6m00.0s

running (3m10.8s), 400/400 VUs, 185145 complete and 0 interrupted iterations
default   [  53% ] 400/400 VUs  3m10.8s/6m00.0s

running (3m11.8s), 400/400 VUs, 186145 complete and 0 interrupted iterations
default   [  53% ] 400/400 VUs  3m11.8s/6m00.0s

running (3m12.8s), 400/400 VUs, 187131 complete and 0 interrupted iterations
default   [  54% ] 400/400 VUs  3m12.8s/6m00.0s

running (3m13.8s), 400/400 VUs, 188095 complete and 0 interrupted iterations
default   [  54% ] 400/400 VUs  3m13.8s/6m00.0s

running (3m14.8s), 400/400 VUs, 189095 complete and 0 interrupted iterations
default   [  54% ] 400/400 VUs  3m14.8s/6m00.0s

running (3m15.8s), 400/400 VUs, 190045 complete and 0 interrupted iterations
default   [  54% ] 400/400 VUs  3m15.8s/6m00.0s

running (3m16.8s), 400/400 VUs, 191045 complete and 0 interrupted iterations
default   [  55% ] 400/400 VUs  3m16.8s/6m00.0s

running (3m17.8s), 400/400 VUs, 192045 complete and 0 interrupted iterations
default   [  55% ] 400/400 VUs  3m17.8s/6m00.0s

running (3m18.8s), 400/400 VUs, 192995 complete and 0 interrupted iterations
default   [  55% ] 400/400 VUs  3m18.8s/6m00.0s

running (3m19.8s), 400/400 VUs, 193995 complete and 0 interrupted iterations
default   [  56% ] 400/400 VUs  3m19.8s/6m00.0s

running (3m20.8s), 400/400 VUs, 194945 complete and 0 interrupted iterations
default   [  56% ] 400/400 VUs  3m20.8s/6m00.0s

running (3m21.8s), 400/400 VUs, 195945 complete and 0 interrupted iterations
default   [  56% ] 400/400 VUs  3m21.8s/6m00.0s

running (3m22.8s), 400/400 VUs, 196899 complete and 0 interrupted iterations
default   [  56% ] 400/400 VUs  3m22.8s/6m00.0s

running (3m23.8s), 400/400 VUs, 197895 complete and 0 interrupted iterations
default   [  57% ] 400/400 VUs  3m23.8s/6m00.0s

running (3m24.8s), 400/400 VUs, 198894 complete and 0 interrupted iterations
default   [  57% ] 400/400 VUs  3m24.8s/6m00.0s

running (3m25.8s), 400/400 VUs, 199845 complete and 0 interrupted iterations
default   [  57% ] 400/400 VUs  3m25.8s/6m00.0s

running (3m26.8s), 400/400 VUs, 200845 complete and 0 interrupted iterations
default   [  57% ] 400/400 VUs  3m26.8s/6m00.0s

running (3m27.8s), 400/400 VUs, 201795 complete and 0 interrupted iterations
default   [  58% ] 400/400 VUs  3m27.8s/6m00.0s

running (3m28.8s), 400/400 VUs, 202795 complete and 0 interrupted iterations
default   [  58% ] 400/400 VUs  3m28.8s/6m00.0s

running (3m29.8s), 400/400 VUs, 203795 complete and 0 interrupted iterations
default   [  58% ] 400/400 VUs  3m29.8s/6m00.0s

running (3m30.8s), 400/400 VUs, 204745 complete and 0 interrupted iterations
default   [  59% ] 400/400 VUs  3m30.8s/6m00.0s

running (3m31.8s), 400/400 VUs, 205745 complete and 0 interrupted iterations
default   [  59% ] 400/400 VUs  3m31.8s/6m00.0s

running (3m32.8s), 400/400 VUs, 206695 complete and 0 interrupted iterations
default   [  59% ] 400/400 VUs  3m32.8s/6m00.0s

running (3m33.8s), 400/400 VUs, 207695 complete and 0 interrupted iterations
default   [  59% ] 400/400 VUs  3m33.8s/6m00.0s

running (3m34.8s), 400/400 VUs, 208675 complete and 0 interrupted iterations
default   [  60% ] 400/400 VUs  3m34.8s/6m00.0s

running (3m35.8s), 400/400 VUs, 209645 complete and 0 interrupted iterations
default   [  60% ] 400/400 VUs  3m35.8s/6m00.0s

running (3m36.8s), 400/400 VUs, 210645 complete and 0 interrupted iterations
default   [  60% ] 400/400 VUs  3m36.8s/6m00.0s

running (3m37.8s), 400/400 VUs, 211595 complete and 0 interrupted iterations
default   [  61% ] 400/400 VUs  3m37.8s/6m00.0s

running (3m38.8s), 400/400 VUs, 212595 complete and 0 interrupted iterations
default   [  61% ] 400/400 VUs  3m38.8s/6m00.0s

running (3m39.8s), 400/400 VUs, 213595 complete and 0 interrupted iterations
default   [  61% ] 400/400 VUs  3m39.8s/6m00.0s

running (3m40.8s), 400/400 VUs, 214545 complete and 0 interrupted iterations
default   [  61% ] 400/400 VUs  3m40.8s/6m00.0s

running (3m41.8s), 400/400 VUs, 215545 complete and 0 interrupted iterations
default   [  62% ] 400/400 VUs  3m41.8s/6m00.0s

running (3m42.8s), 400/400 VUs, 216495 complete and 0 interrupted iterations
default   [  62% ] 400/400 VUs  3m42.8s/6m00.0s

running (3m43.8s), 400/400 VUs, 217495 complete and 0 interrupted iterations
default   [  62% ] 400/400 VUs  3m43.8s/6m00.0s

running (3m44.8s), 400/400 VUs, 218462 complete and 0 interrupted iterations
default   [  62% ] 400/400 VUs  3m44.8s/6m00.0s

running (3m45.8s), 400/400 VUs, 219445 complete and 0 interrupted iterations
default   [  63% ] 400/400 VUs  3m45.8s/6m00.0s

running (3m46.8s), 400/400 VUs, 220445 complete and 0 interrupted iterations
default   [  63% ] 400/400 VUs  3m46.8s/6m00.0s

running (3m47.8s), 400/400 VUs, 221395 complete and 0 interrupted iterations
default   [  63% ] 400/400 VUs  3m47.8s/6m00.0s

running (3m48.8s), 400/400 VUs, 222395 complete and 0 interrupted iterations
default   [  64% ] 400/400 VUs  3m48.8s/6m00.0s

running (3m49.8s), 400/400 VUs, 223395 complete and 0 interrupted iterations
default   [  64% ] 400/400 VUs  3m49.8s/6m00.0s

running (3m50.8s), 400/400 VUs, 224345 complete and 0 interrupted iterations
default   [  64% ] 400/400 VUs  3m50.8s/6m00.0s

running (3m51.8s), 400/400 VUs, 225345 complete and 0 interrupted iterations
default   [  64% ] 400/400 VUs  3m51.8s/6m00.0s

running (3m52.8s), 400/400 VUs, 226344 complete and 0 interrupted iterations
default   [  65% ] 400/400 VUs  3m52.8s/6m00.0s

running (3m53.8s), 400/400 VUs, 227295 complete and 0 interrupted iterations
default   [  65% ] 400/400 VUs  3m53.8s/6m00.0s

running (3m54.8s), 400/400 VUs, 228295 complete and 0 interrupted iterations
default   [  65% ] 400/400 VUs  3m54.8s/6m00.0s

running (3m55.8s), 400/400 VUs, 229295 complete and 0 interrupted iterations
default   [  66% ] 400/400 VUs  3m55.8s/6m00.0s

running (3m56.8s), 400/400 VUs, 230245 complete and 0 interrupted iterations
default   [  66% ] 400/400 VUs  3m56.8s/6m00.0s

running (3m57.8s), 400/400 VUs, 231245 complete and 0 interrupted iterations
default   [  66% ] 400/400 VUs  3m57.8s/6m00.0s

running (3m58.8s), 400/400 VUs, 232195 complete and 0 interrupted iterations
default   [  66% ] 400/400 VUs  3m58.8s/6m00.0s

running (3m59.8s), 400/400 VUs, 233195 complete and 0 interrupted iterations
default   [  67% ] 400/400 VUs  3m59.8s/6m00.0s

running (4m00.8s), 400/400 VUs, 234145 complete and 0 interrupted iterations
default   [  67% ] 400/400 VUs  4m00.8s/6m00.0s

running (4m01.8s), 400/400 VUs, 235145 complete and 0 interrupted iterations
default   [  67% ] 400/400 VUs  4m01.8s/6m00.0s

running (4m02.8s), 400/400 VUs, 236122 complete and 0 interrupted iterations
default   [  67% ] 400/400 VUs  4m02.8s/6m00.0s

running (4m03.8s), 400/400 VUs, 237095 complete and 0 interrupted iterations
default   [  68% ] 400/400 VUs  4m03.8s/6m00.0s

running (4m04.8s), 400/400 VUs, 238095 complete and 0 interrupted iterations
default   [  68% ] 400/400 VUs  4m04.8s/6m00.0s

running (4m05.8s), 400/400 VUs, 239045 complete and 0 interrupted iterations
default   [  68% ] 400/400 VUs  4m05.8s/6m00.0s

running (4m06.8s), 400/400 VUs, 240045 complete and 0 interrupted iterations
default   [  69% ] 400/400 VUs  4m06.8s/6m00.0s

running (4m07.8s), 400/400 VUs, 241008 complete and 0 interrupted iterations
default   [  69% ] 400/400 VUs  4m07.8s/6m00.0s

running (4m08.8s), 400/400 VUs, 241995 complete and 0 interrupted iterations
default   [  69% ] 400/400 VUs  4m08.8s/6m00.0s

running (4m09.8s), 400/400 VUs, 242988 complete and 0 interrupted iterations
default   [  69% ] 400/400 VUs  4m09.8s/6m00.0s

running (4m10.8s), 400/400 VUs, 243945 complete and 0 interrupted iterations
default   [  70% ] 400/400 VUs  4m10.8s/6m00.0s

running (4m11.8s), 400/400 VUs, 244945 complete and 0 interrupted iterations
default   [  70% ] 400/400 VUs  4m11.8s/6m00.0s

running (4m12.8s), 400/400 VUs, 245897 complete and 0 interrupted iterations
default   [  70% ] 400/400 VUs  4m12.8s/6m00.0s

running (4m13.8s), 400/400 VUs, 246895 complete and 0 interrupted iterations
default   [  71% ] 400/400 VUs  4m13.8s/6m00.0s

running (4m14.8s), 400/400 VUs, 247881 complete and 0 interrupted iterations
default   [  71% ] 400/400 VUs  4m14.8s/6m00.0s

running (4m15.8s), 400/400 VUs, 248845 complete and 0 interrupted iterations
default   [  71% ] 400/400 VUs  4m15.8s/6m00.0s

running (4m16.8s), 400/400 VUs, 249845 complete and 0 interrupted iterations
default   [  71% ] 400/400 VUs  4m16.8s/6m00.0s

running (4m17.8s), 400/400 VUs, 250795 complete and 0 interrupted iterations
default   [  72% ] 400/400 VUs  4m17.8s/6m00.0s

running (4m18.8s), 400/400 VUs, 251795 complete and 0 interrupted iterations
default   [  72% ] 400/400 VUs  4m18.8s/6m00.0s

running (4m19.8s), 400/400 VUs, 252795 complete and 0 interrupted iterations
default   [  72% ] 400/400 VUs  4m19.8s/6m00.0s

running (4m20.8s), 400/400 VUs, 253745 complete and 0 interrupted iterations
default   [  72% ] 400/400 VUs  4m20.8s/6m00.0s

running (4m21.8s), 400/400 VUs, 254745 complete and 0 interrupted iterations
default   [  73% ] 400/400 VUs  4m21.8s/6m00.0s

running (4m22.8s), 400/400 VUs, 255695 complete and 0 interrupted iterations
default   [  73% ] 400/400 VUs  4m22.8s/6m00.0s

running (4m23.8s), 400/400 VUs, 256695 complete and 0 interrupted iterations
default   [  73% ] 400/400 VUs  4m23.8s/6m00.0s

running (4m24.8s), 400/400 VUs, 257654 complete and 0 interrupted iterations
default   [  74% ] 400/400 VUs  4m24.8s/6m00.0s

running (4m25.8s), 400/400 VUs, 258645 complete and 0 interrupted iterations
default   [  74% ] 400/400 VUs  4m25.8s/6m00.0s

running (4m26.8s), 400/400 VUs, 259643 complete and 0 interrupted iterations
default   [  74% ] 400/400 VUs  4m26.8s/6m00.0s

running (4m27.8s), 400/400 VUs, 260595 complete and 0 interrupted iterations
default   [  74% ] 400/400 VUs  4m27.8s/6m00.0s

running (4m28.8s), 400/400 VUs, 261595 complete and 0 interrupted iterations
default   [  75% ] 400/400 VUs  4m28.8s/6m00.0s

running (4m29.8s), 400/400 VUs, 262545 complete and 0 interrupted iterations
default   [  75% ] 400/400 VUs  4m29.8s/6m00.0s

running (4m30.8s), 400/400 VUs, 263545 complete and 0 interrupted iterations
default   [  75% ] 400/400 VUs  4m30.8s/6m00.0s

running (4m31.8s), 400/400 VUs, 264542 complete and 0 interrupted iterations
default   [  76% ] 400/400 VUs  4m31.8s/6m00.0s

running (4m32.8s), 400/400 VUs, 265495 complete and 0 interrupted iterations
default   [  76% ] 400/400 VUs  4m32.8s/6m00.0s

running (4m33.8s), 400/400 VUs, 266495 complete and 0 interrupted iterations
default   [  76% ] 400/400 VUs  4m33.8s/6m00.0s

running (4m34.8s), 400/400 VUs, 267445 complete and 0 interrupted iterations
default   [  76% ] 400/400 VUs  4m34.8s/6m00.0s

running (4m35.8s), 400/400 VUs, 268445 complete and 0 interrupted iterations
default   [  77% ] 400/400 VUs  4m35.8s/6m00.0s

running (4m36.8s), 400/400 VUs, 269422 complete and 0 interrupted iterations
default   [  77% ] 400/400 VUs  4m36.8s/6m00.0s

running (4m37.8s), 400/400 VUs, 270395 complete and 0 interrupted iterations
default   [  77% ] 400/400 VUs  4m37.8s/6m00.0s

running (4m38.8s), 400/400 VUs, 271395 complete and 0 interrupted iterations
default   [  77% ] 400/400 VUs  4m38.8s/6m00.0s

running (4m39.8s), 400/400 VUs, 272345 complete and 0 interrupted iterations
default   [  78% ] 400/400 VUs  4m39.8s/6m00.0s

running (4m40.8s), 400/400 VUs, 273345 complete and 0 interrupted iterations
default   [  78% ] 400/400 VUs  4m40.8s/6m00.0s

running (4m41.8s), 400/400 VUs, 274322 complete and 0 interrupted iterations
default   [  78% ] 400/400 VUs  4m41.8s/6m00.0s

running (4m42.8s), 400/400 VUs, 275295 complete and 0 interrupted iterations
default   [  79% ] 400/400 VUs  4m42.8s/6m00.0s

running (4m43.8s), 400/400 VUs, 276295 complete and 0 interrupted iterations
default   [  79% ] 400/400 VUs  4m43.8s/6m00.0s

running (4m44.8s), 400/400 VUs, 277245 complete and 0 interrupted iterations
default   [  79% ] 400/400 VUs  4m44.8s/6m00.0s

running (4m45.8s), 400/400 VUs, 278245 complete and 0 interrupted iterations
default   [  79% ] 400/400 VUs  4m45.8s/6m00.0s

running (4m46.8s), 400/400 VUs, 279211 complete and 0 interrupted iterations
default   [  80% ] 400/400 VUs  4m46.8s/6m00.0s

running (4m47.8s), 400/400 VUs, 280195 complete and 0 interrupted iterations
default   [  80% ] 400/400 VUs  4m47.8s/6m00.0s

running (4m48.8s), 400/400 VUs, 281195 complete and 0 interrupted iterations
default   [  80% ] 400/400 VUs  4m48.8s/6m00.0s

running (4m49.8s), 400/400 VUs, 282145 complete and 0 interrupted iterations
default   [  81% ] 400/400 VUs  4m49.8s/6m00.0s

running (4m50.8s), 400/400 VUs, 283145 complete and 0 interrupted iterations
default   [  81% ] 400/400 VUs  4m50.8s/6m00.0s

running (4m51.8s), 400/400 VUs, 284095 complete and 0 interrupted iterations
default   [  81% ] 400/400 VUs  4m51.8s/6m00.0s

running (4m52.8s), 400/400 VUs, 285095 complete and 0 interrupted iterations
default   [  81% ] 400/400 VUs  4m52.8s/6m00.0s

running (4m53.8s), 400/400 VUs, 286079 complete and 0 interrupted iterations
default   [  82% ] 400/400 VUs  4m53.8s/6m00.0s

running (4m54.8s), 400/400 VUs, 287045 complete and 0 interrupted iterations
default   [  82% ] 400/400 VUs  4m54.8s/6m00.0s

running (4m55.8s), 400/400 VUs, 288045 complete and 0 interrupted iterations
default   [  82% ] 400/400 VUs  4m55.8s/6m00.0s

running (4m56.8s), 400/400 VUs, 288995 complete and 0 interrupted iterations
default   [  82% ] 400/400 VUs  4m56.8s/6m00.0s

running (4m57.8s), 400/400 VUs, 289995 complete and 0 interrupted iterations
default   [  83% ] 400/400 VUs  4m57.8s/6m00.0s

running (4m58.8s), 400/400 VUs, 290952 complete and 0 interrupted iterations
default   [  83% ] 400/400 VUs  4m58.8s/6m00.0s

running (4m59.8s), 400/400 VUs, 291945 complete and 0 interrupted iterations
default   [  83% ] 400/400 VUs  4m59.8s/6m00.0s

running (5m00.8s), 400/400 VUs, 292944 complete and 0 interrupted iterations
default   [  84% ] 400/400 VUs  5m00.8s/6m00.0s

running (5m01.8s), 400/400 VUs, 293895 complete and 0 interrupted iterations
default   [  84% ] 400/400 VUs  5m01.8s/6m00.0s

running (5m02.8s), 400/400 VUs, 294895 complete and 0 interrupted iterations
default   [  84% ] 400/400 VUs  5m02.8s/6m00.0s

running (5m03.8s), 400/400 VUs, 295845 complete and 0 interrupted iterations
default   [  84% ] 400/400 VUs  5m03.8s/6m00.0s

running (5m04.8s), 400/400 VUs, 296845 complete and 0 interrupted iterations
default   [  85% ] 400/400 VUs  5m04.8s/6m00.0s

running (5m05.8s), 400/400 VUs, 297845 complete and 0 interrupted iterations
default   [  85% ] 400/400 VUs  5m05.8s/6m00.0s

running (5m06.8s), 400/400 VUs, 298795 complete and 0 interrupted iterations
default   [  85% ] 400/400 VUs  5m06.8s/6m00.0s

running (5m07.8s), 400/400 VUs, 299795 complete and 0 interrupted iterations
default   [  86% ] 400/400 VUs  5m07.8s/6m00.0s

running (5m08.8s), 400/400 VUs, 300745 complete and 0 interrupted iterations
default   [  86% ] 400/400 VUs  5m08.8s/6m00.0s

running (5m09.8s), 400/400 VUs, 301745 complete and 0 interrupted iterations
default   [  86% ] 400/400 VUs  5m09.8s/6m00.0s

running (5m10.8s), 400/400 VUs, 302745 complete and 0 interrupted iterations
default   [  86% ] 400/400 VUs  5m10.8s/6m00.0s

running (5m11.8s), 400/400 VUs, 303695 complete and 0 interrupted iterations
default   [  87% ] 400/400 VUs  5m11.8s/6m00.0s

running (5m12.8s), 400/400 VUs, 304695 complete and 0 interrupted iterations
default   [  87% ] 400/400 VUs  5m12.8s/6m00.0s

running (5m13.8s), 400/400 VUs, 305657 complete and 0 interrupted iterations
default   [  87% ] 400/400 VUs  5m13.8s/6m00.0s

running (5m14.8s), 400/400 VUs, 306645 complete and 0 interrupted iterations
default   [  87% ] 400/400 VUs  5m14.8s/6m00.0s

running (5m15.8s), 400/400 VUs, 307645 complete and 0 interrupted iterations
default   [  88% ] 400/400 VUs  5m15.8s/6m00.0s

running (5m16.8s), 400/400 VUs, 308595 complete and 0 interrupted iterations
default   [  88% ] 400/400 VUs  5m16.8s/6m00.0s

running (5m17.8s), 400/400 VUs, 309595 complete and 0 interrupted iterations
default   [  88% ] 400/400 VUs  5m17.8s/6m00.0s

running (5m18.8s), 400/400 VUs, 310545 complete and 0 interrupted iterations
default   [  89% ] 400/400 VUs  5m18.8s/6m00.0s

running (5m19.8s), 400/400 VUs, 311545 complete and 0 interrupted iterations
default   [  89% ] 400/400 VUs  5m19.8s/6m00.0s

running (5m20.8s), 400/400 VUs, 312540 complete and 0 interrupted iterations
default   [  89% ] 400/400 VUs  5m20.8s/6m00.0s

running (5m21.8s), 400/400 VUs, 313495 complete and 0 interrupted iterations
default   [  89% ] 400/400 VUs  5m21.8s/6m00.0s

running (5m22.8s), 400/400 VUs, 314495 complete and 0 interrupted iterations
default   [  90% ] 400/400 VUs  5m22.8s/6m00.0s

running (5m23.8s), 400/400 VUs, 315445 complete and 0 interrupted iterations
default   [  90% ] 400/400 VUs  5m23.8s/6m00.0s

running (5m24.8s), 400/400 VUs, 316445 complete and 0 interrupted iterations
default   [  90% ] 400/400 VUs  5m24.8s/6m00.0s

running (5m25.8s), 400/400 VUs, 317433 complete and 0 interrupted iterations
default   [  91% ] 400/400 VUs  5m25.8s/6m00.0s

running (5m26.8s), 400/400 VUs, 318395 complete and 0 interrupted iterations
default   [  91% ] 400/400 VUs  5m26.8s/6m00.0s

running (5m27.8s), 400/400 VUs, 319395 complete and 0 interrupted iterations
default   [  91% ] 400/400 VUs  5m27.8s/6m00.0s

running (5m28.8s), 400/400 VUs, 320345 complete and 0 interrupted iterations
default   [  91% ] 400/400 VUs  5m28.8s/6m00.0s

running (5m29.8s), 400/400 VUs, 321345 complete and 0 interrupted iterations
default   [  92% ] 400/400 VUs  5m29.8s/6m00.0s

running (5m30.8s), 392/400 VUs, 322325 complete and 0 interrupted iterations
default   [  92% ] 392/400 VUs  5m30.8s/6m00.0s

running (5m31.8s), 378/400 VUs, 323295 complete and 0 interrupted iterations
default   [  92% ] 378/400 VUs  5m31.8s/6m00.0s

running (5m32.8s), 365/400 VUs, 324295 complete and 0 interrupted iterations
default   [  92% ] 365/400 VUs  5m32.8s/6m00.0s

running (5m33.8s), 352/400 VUs, 325295 complete and 0 interrupted iterations
default   [  93% ] 352/400 VUs  5m33.8s/6m00.0s

running (5m34.8s), 339/400 VUs, 326245 complete and 0 interrupted iterations
default   [  93% ] 339/400 VUs  5m34.8s/6m00.0s

running (5m35.8s), 326/400 VUs, 327245 complete and 0 interrupted iterations
default   [  93% ] 326/400 VUs  5m35.8s/6m00.0s

running (5m36.8s), 312/400 VUs, 328195 complete and 0 interrupted iterations
default   [  94% ] 312/400 VUs  5m36.8s/6m00.0s

running (5m37.8s), 298/400 VUs, 329195 complete and 0 interrupted iterations
default   [  94% ] 298/400 VUs  5m37.8s/6m00.0s

running (5m38.8s), 284/400 VUs, 330181 complete and 0 interrupted iterations
default   [  94% ] 284/400 VUs  5m38.8s/6m00.0s

running (5m39.8s), 273/400 VUs, 331145 complete and 0 interrupted iterations
default   [  94% ] 273/400 VUs  5m39.8s/6m00.0s

running (5m40.8s), 257/400 VUs, 332145 complete and 0 interrupted iterations
default   [  95% ] 257/400 VUs  5m40.8s/6m00.0s

running (5m41.8s), 245/400 VUs, 333095 complete and 0 interrupted iterations
default   [  95% ] 245/400 VUs  5m41.8s/6m00.0s

running (5m42.8s), 231/400 VUs, 334095 complete and 0 interrupted iterations
default   [  95% ] 231/400 VUs  5m42.8s/6m00.0s

running (5m43.8s), 218/400 VUs, 335095 complete and 0 interrupted iterations
default   [  96% ] 218/400 VUs  5m43.8s/6m00.0s

running (5m44.8s), 204/400 VUs, 336045 complete and 0 interrupted iterations
default   [  96% ] 204/400 VUs  5m44.8s/6m00.0s

running (5m45.8s), 191/400 VUs, 337045 complete and 0 interrupted iterations
default   [  96% ] 191/400 VUs  5m45.8s/6m00.0s

running (5m46.8s), 177/400 VUs, 337995 complete and 0 interrupted iterations
default   [  96% ] 177/400 VUs  5m46.8s/6m00.0s

running (5m47.8s), 163/400 VUs, 338995 complete and 0 interrupted iterations
default   [  97% ] 163/400 VUs  5m47.8s/6m00.0s

running (5m48.8s), 151/400 VUs, 339987 complete and 0 interrupted iterations
default   [  97% ] 151/400 VUs  5m48.8s/6m00.0s

running (5m49.8s), 138/400 VUs, 340945 complete and 0 interrupted iterations
default   [  97% ] 138/400 VUs  5m49.8s/6m00.0s

running (5m50.8s), 123/400 VUs, 341945 complete and 0 interrupted iterations
default   [  97% ] 123/400 VUs  5m50.8s/6m00.0s

running (5m51.8s), 111/400 VUs, 342895 complete and 0 interrupted iterations
default   [  98% ] 111/400 VUs  5m51.8s/6m00.0s

running (5m52.8s), 097/400 VUs, 343895 complete and 0 interrupted iterations
default   [  98% ] 097/400 VUs  5m52.8s/6m00.0s

running (5m53.8s), 083/400 VUs, 344895 complete and 0 interrupted iterations
default   [  98% ] 083/400 VUs  5m53.8s/6m00.0s

running (5m54.8s), 071/400 VUs, 345845 complete and 0 interrupted iterations
default   [  99% ] 071/400 VUs  5m54.8s/6m00.0s

running (5m55.8s), 056/400 VUs, 346845 complete and 0 interrupted iterations
default   [  99% ] 056/400 VUs  5m55.8s/6m00.0s

running (5m56.8s), 043/400 VUs, 347765 complete and 0 interrupted iterations
default   [  99% ] 043/400 VUs  5m56.8s/6m00.0s

running (5m57.8s), 030/400 VUs, 348500 complete and 0 interrupted iterations
default   [  99% ] 030/400 VUs  5m57.8s/6m00.0s

running (5m58.8s), 016/400 VUs, 348943 complete and 0 interrupted iterations
default   [ 100% ] 016/400 VUs  5m58.8s/6m00.0s

running (5m59.8s), 003/400 VUs, 349136 complete and 0 interrupted iterations
default   [ 100% ] 003/400 VUs  5m59.8s/6m00.0s


  █ THRESHOLDS 

    checks
    ✓ 'rate>0.95' rate=100.00%

    http_req_duration
    ✓ 'p(95)<5000' p(95)=409.62ms
    ✓ 'p(99)<10000' p(99)=417.3ms

    http_req_failed
    ✓ 'rate<0.05' rate=0.00%


  █ TOTAL RESULTS 

    checks_total.......: 1396584 3878.850793/s
    checks_succeeded...: 100.00% 1396584 out of 1396584
    checks_failed......: 0.00%   0 out of 1396584

    ✓ status is 200
    ✓ content-type is json
    ✓ workloadType is IO-BOUND
    ✓ executionTimeMs exists

    CUSTOM
    response_time_ms...............: min=50.758701 avg=378.080207 med=407.964665 max=432.690973 p(90)=408.924015 p(95)=409.623445 p(99)=417.300901
    successful_requests............: 349146 969.712698/s

    HTTP
    http_req_duration..............: min=50.75ms   avg=378.08ms   med=407.96ms   max=432.69ms   p(90)=408.92ms   p(95)=409.62ms   p(99)=417.3ms   
      { expected_response:true }...: min=50.75ms   avg=378.08ms   med=407.96ms   max=432.69ms   p(90)=408.92ms   p(95)=409.62ms   p(99)=417.3ms   
    http_req_failed................: 0.00%  0 out of 349146
    http_reqs......................: 349146 969.712698/s

    EXECUTION
    iteration_duration.............: min=50.86ms   avg=378.22ms   med=408.1ms    max=432.88ms   p(90)=409.06ms   p(95)=409.77ms   p(99)=417.45ms  
    iterations.....................: 349146 969.712698/s
    vus............................: 3      min=3           max=400
    vus_max........................: 400    min=400         max=400

    NETWORK
    data_received..................: 77 MB  214 kB/s
    data_sent......................: 28 MB  77 kB/s




running (6m00.1s), 000/400 VUs, 349146 complete and 0 interrupted iterations
default ✓ [ 100% ] 000/400 VUs  6m0s
