
         /\      Grafana   /‾‾/  
    /\  /  \     |\  __   /  /   
   /  \/    \    | |/ /  /   ‾‾\ 
  /          \   |   (  |  (‾)  |
 / __________ \  |_|\_\  \_____/ 


     execution: local
        script: cpu-bound-test.js
        output: -

     scenarios: (100.00%) 1 scenario, 40 max VUs, 4m30s max duration (incl. graceful stop):
              * default: Up to 40 looping VUs for 4m0s over 3 stages (gracefulRampDown: 30s, gracefulStop: 30s)


running (0m01.0s), 02/40 VUs, 19 complete and 0 interrupted iterations
default   [   0% ] 02/40 VUs  0m01.0s/4m00.0s

running (0m02.0s), 03/40 VUs, 53 complete and 0 interrupted iterations
default   [   1% ] 03/40 VUs  0m02.0s/4m00.0s

running (0m03.0s), 04/40 VUs, 87 complete and 0 interrupted iterations
default   [   1% ] 04/40 VUs  0m03.0s/4m00.0s

running (0m04.0s), 06/40 VUs, 119 complete and 0 interrupted iterations
default   [   2% ] 06/40 VUs  0m04.0s/4m00.0s

running (0m05.0s), 07/40 VUs, 155 complete and 0 interrupted iterations
default   [   2% ] 07/40 VUs  0m05.0s/4m00.0s

running (0m06.0s), 08/40 VUs, 187 complete and 0 interrupted iterations
default   [   2% ] 08/40 VUs  0m06.0s/4m00.0s

running (0m07.0s), 10/40 VUs, 223 complete and 0 interrupted iterations
default   [   3% ] 10/40 VUs  0m07.0s/4m00.0s

running (0m08.0s), 11/40 VUs, 255 complete and 0 interrupted iterations
default   [   3% ] 11/40 VUs  0m08.0s/4m00.0s

running (0m09.0s), 12/40 VUs, 288 complete and 0 interrupted iterations
default   [   4% ] 12/40 VUs  0m09.0s/4m00.0s

running (0m10.0s), 13/40 VUs, 323 complete and 0 interrupted iterations
default   [   4% ] 13/40 VUs  0m10.0s/4m00.0s

running (0m11.0s), 15/40 VUs, 355 complete and 0 interrupted iterations
default   [   5% ] 15/40 VUs  0m11.0s/4m00.0s

running (0m12.0s), 16/40 VUs, 391 complete and 0 interrupted iterations
default   [   5% ] 16/40 VUs  0m12.0s/4m00.0s

running (0m13.0s), 17/40 VUs, 423 complete and 0 interrupted iterations
default   [   5% ] 17/40 VUs  0m13.0s/4m00.0s

running (0m14.0s), 19/40 VUs, 458 complete and 0 interrupted iterations
default   [   6% ] 19/40 VUs  0m14.0s/4m00.0s

running (0m15.0s), 20/40 VUs, 491 complete and 0 interrupted iterations
default   [   6% ] 20/40 VUs  0m15.0s/4m00.0s

running (0m16.0s), 21/40 VUs, 526 complete and 0 interrupted iterations
default   [   7% ] 21/40 VUs  0m16.0s/4m00.0s

running (0m17.0s), 23/40 VUs, 559 complete and 0 interrupted iterations
default   [   7% ] 23/40 VUs  0m17.0s/4m00.0s

running (0m18.0s), 24/40 VUs, 594 complete and 0 interrupted iterations
default   [   7% ] 24/40 VUs  0m18.0s/4m00.0s

running (0m19.0s), 25/40 VUs, 627 complete and 0 interrupted iterations
default   [   8% ] 25/40 VUs  0m19.0s/4m00.0s

running (0m20.0s), 26/40 VUs, 662 complete and 0 interrupted iterations
default   [   8% ] 26/40 VUs  0m20.0s/4m00.0s

running (0m21.0s), 28/40 VUs, 695 complete and 0 interrupted iterations
default   [   9% ] 28/40 VUs  0m21.0s/4m00.0s

running (0m22.0s), 29/40 VUs, 729 complete and 0 interrupted iterations
default   [   9% ] 29/40 VUs  0m22.0s/4m00.0s

running (0m23.0s), 30/40 VUs, 763 complete and 0 interrupted iterations
default   [  10% ] 30/40 VUs  0m23.0s/4m00.0s

running (0m24.0s), 32/40 VUs, 797 complete and 0 interrupted iterations
default   [  10% ] 32/40 VUs  0m24.0s/4m00.0s

running (0m25.0s), 33/40 VUs, 831 complete and 0 interrupted iterations
default   [  10% ] 33/40 VUs  0m25.0s/4m00.0s

running (0m26.0s), 34/40 VUs, 864 complete and 0 interrupted iterations
default   [  11% ] 34/40 VUs  0m26.0s/4m00.0s

running (0m27.0s), 36/40 VUs, 899 complete and 0 interrupted iterations
default   [  11% ] 36/40 VUs  0m27.0s/4m00.0s

running (0m28.0s), 37/40 VUs, 931 complete and 0 interrupted iterations
default   [  12% ] 37/40 VUs  0m28.0s/4m00.0s

running (0m29.0s), 38/40 VUs, 966 complete and 0 interrupted iterations
default   [  12% ] 38/40 VUs  0m29.0s/4m00.0s

running (0m30.0s), 39/40 VUs, 999 complete and 0 interrupted iterations
default   [  12% ] 39/40 VUs  0m30.0s/4m00.0s

running (0m31.0s), 40/40 VUs, 1033 complete and 0 interrupted iterations
default   [  13% ] 40/40 VUs  0m31.0s/4m00.0s

running (0m32.0s), 40/40 VUs, 1067 complete and 0 interrupted iterations
default   [  13% ] 40/40 VUs  0m32.0s/4m00.0s

running (0m33.0s), 40/40 VUs, 1101 complete and 0 interrupted iterations
default   [  14% ] 40/40 VUs  0m33.0s/4m00.0s

running (0m34.0s), 40/40 VUs, 1135 complete and 0 interrupted iterations
default   [  14% ] 40/40 VUs  0m34.0s/4m00.0s

running (0m35.0s), 40/40 VUs, 1168 complete and 0 interrupted iterations
default   [  15% ] 40/40 VUs  0m35.0s/4m00.0s

running (0m36.0s), 40/40 VUs, 1203 complete and 0 interrupted iterations
default   [  15% ] 40/40 VUs  0m36.0s/4m00.0s

running (0m37.0s), 40/40 VUs, 1235 complete and 0 interrupted iterations
default   [  15% ] 40/40 VUs  0m37.0s/4m00.0s

running (0m38.0s), 40/40 VUs, 1271 complete and 0 interrupted iterations
default   [  16% ] 40/40 VUs  0m38.0s/4m00.0s

running (0m39.0s), 40/40 VUs, 1303 complete and 0 interrupted iterations
default   [  16% ] 40/40 VUs  0m39.0s/4m00.0s

running (0m40.0s), 40/40 VUs, 1338 complete and 0 interrupted iterations
default   [  17% ] 40/40 VUs  0m40.0s/4m00.0s

running (0m41.0s), 40/40 VUs, 1371 complete and 0 interrupted iterations
default   [  17% ] 40/40 VUs  0m41.0s/4m00.0s

running (0m42.0s), 40/40 VUs, 1406 complete and 0 interrupted iterations
default   [  17% ] 40/40 VUs  0m42.0s/4m00.0s

running (0m43.0s), 40/40 VUs, 1439 complete and 0 interrupted iterations
default   [  18% ] 40/40 VUs  0m43.0s/4m00.0s

running (0m44.0s), 40/40 VUs, 1474 complete and 0 interrupted iterations
default   [  18% ] 40/40 VUs  0m44.0s/4m00.0s

running (0m45.0s), 40/40 VUs, 1507 complete and 0 interrupted iterations
default   [  19% ] 40/40 VUs  0m45.0s/4m00.0s

running (0m46.0s), 40/40 VUs, 1541 complete and 0 interrupted iterations
default   [  19% ] 40/40 VUs  0m46.0s/4m00.0s

running (0m47.0s), 40/40 VUs, 1575 complete and 0 interrupted iterations
default   [  20% ] 40/40 VUs  0m47.0s/4m00.0s

running (0m48.0s), 40/40 VUs, 1609 complete and 0 interrupted iterations
default   [  20% ] 40/40 VUs  0m48.0s/4m00.0s

running (0m49.0s), 40/40 VUs, 1643 complete and 0 interrupted iterations
default   [  20% ] 40/40 VUs  0m49.0s/4m00.0s

running (0m50.0s), 40/40 VUs, 1675 complete and 0 interrupted iterations
default   [  21% ] 40/40 VUs  0m50.0s/4m00.0s

running (0m51.0s), 40/40 VUs, 1710 complete and 0 interrupted iterations
default   [  21% ] 40/40 VUs  0m51.0s/4m00.0s

running (0m52.0s), 40/40 VUs, 1743 complete and 0 interrupted iterations
default   [  22% ] 40/40 VUs  0m52.0s/4m00.0s

running (0m53.0s), 40/40 VUs, 1777 complete and 0 interrupted iterations
default   [  22% ] 40/40 VUs  0m53.0s/4m00.0s

running (0m54.0s), 40/40 VUs, 1811 complete and 0 interrupted iterations
default   [  22% ] 40/40 VUs  0m54.0s/4m00.0s

running (0m55.0s), 40/40 VUs, 1845 complete and 0 interrupted iterations
default   [  23% ] 40/40 VUs  0m55.0s/4m00.0s

running (0m56.0s), 40/40 VUs, 1879 complete and 0 interrupted iterations
default   [  23% ] 40/40 VUs  0m56.0s/4m00.0s

running (0m57.0s), 40/40 VUs, 1913 complete and 0 interrupted iterations
default   [  24% ] 40/40 VUs  0m57.0s/4m00.0s

running (0m58.0s), 40/40 VUs, 1947 complete and 0 interrupted iterations
default   [  24% ] 40/40 VUs  0m58.0s/4m00.0s

running (0m59.0s), 40/40 VUs, 1981 complete and 0 interrupted iterations
default   [  25% ] 40/40 VUs  0m59.0s/4m00.0s

running (1m00.0s), 40/40 VUs, 2014 complete and 0 interrupted iterations
default   [  25% ] 40/40 VUs  1m00.0s/4m00.0s

running (1m01.0s), 40/40 VUs, 2049 complete and 0 interrupted iterations
default   [  25% ] 40/40 VUs  1m01.0s/4m00.0s

running (1m02.0s), 40/40 VUs, 2081 complete and 0 interrupted iterations
default   [  26% ] 40/40 VUs  1m02.0s/4m00.0s

running (1m03.0s), 40/40 VUs, 2115 complete and 0 interrupted iterations
default   [  26% ] 40/40 VUs  1m03.0s/4m00.0s

running (1m04.0s), 40/40 VUs, 2150 complete and 0 interrupted iterations
default   [  27% ] 40/40 VUs  1m04.0s/4m00.0s

running (1m05.0s), 40/40 VUs, 2183 complete and 0 interrupted iterations
default   [  27% ] 40/40 VUs  1m05.0s/4m00.0s

running (1m06.0s), 40/40 VUs, 2217 complete and 0 interrupted iterations
default   [  27% ] 40/40 VUs  1m06.0s/4m00.0s

running (1m07.0s), 40/40 VUs, 2251 complete and 0 interrupted iterations
default   [  28% ] 40/40 VUs  1m07.0s/4m00.0s

running (1m08.0s), 40/40 VUs, 2285 complete and 0 interrupted iterations
default   [  28% ] 40/40 VUs  1m08.0s/4m00.0s

running (1m09.0s), 40/40 VUs, 2319 complete and 0 interrupted iterations
default   [  29% ] 40/40 VUs  1m09.0s/4m00.0s

running (1m10.0s), 40/40 VUs, 2352 complete and 0 interrupted iterations
default   [  29% ] 40/40 VUs  1m10.0s/4m00.0s

running (1m11.0s), 40/40 VUs, 2387 complete and 0 interrupted iterations
default   [  30% ] 40/40 VUs  1m11.0s/4m00.0s

running (1m12.0s), 40/40 VUs, 2420 complete and 0 interrupted iterations
default   [  30% ] 40/40 VUs  1m12.0s/4m00.0s

running (1m13.0s), 40/40 VUs, 2454 complete and 0 interrupted iterations
default   [  30% ] 40/40 VUs  1m13.0s/4m00.0s

running (1m14.0s), 40/40 VUs, 2487 complete and 0 interrupted iterations
default   [  31% ] 40/40 VUs  1m14.0s/4m00.0s

running (1m15.0s), 40/40 VUs, 2522 complete and 0 interrupted iterations
default   [  31% ] 40/40 VUs  1m15.0s/4m00.0s

running (1m16.0s), 40/40 VUs, 2555 complete and 0 interrupted iterations
default   [  32% ] 40/40 VUs  1m16.0s/4m00.0s

running (1m17.0s), 40/40 VUs, 2589 complete and 0 interrupted iterations
default   [  32% ] 40/40 VUs  1m17.0s/4m00.0s

running (1m18.0s), 40/40 VUs, 2623 complete and 0 interrupted iterations
default   [  32% ] 40/40 VUs  1m18.0s/4m00.0s

running (1m19.0s), 40/40 VUs, 2657 complete and 0 interrupted iterations
default   [  33% ] 40/40 VUs  1m19.0s/4m00.0s

running (1m20.0s), 40/40 VUs, 2691 complete and 0 interrupted iterations
default   [  33% ] 40/40 VUs  1m20.0s/4m00.0s

running (1m21.0s), 40/40 VUs, 2725 complete and 0 interrupted iterations
default   [  34% ] 40/40 VUs  1m21.0s/4m00.0s

running (1m22.0s), 40/40 VUs, 2759 complete and 0 interrupted iterations
default   [  34% ] 40/40 VUs  1m22.0s/4m00.0s

running (1m23.0s), 40/40 VUs, 2793 complete and 0 interrupted iterations
default   [  35% ] 40/40 VUs  1m23.0s/4m00.0s

running (1m24.0s), 40/40 VUs, 2826 complete and 0 interrupted iterations
default   [  35% ] 40/40 VUs  1m24.0s/4m00.0s

running (1m25.0s), 40/40 VUs, 2861 complete and 0 interrupted iterations
default   [  35% ] 40/40 VUs  1m25.0s/4m00.0s

running (1m26.0s), 40/40 VUs, 2894 complete and 0 interrupted iterations
default   [  36% ] 40/40 VUs  1m26.0s/4m00.0s

running (1m27.0s), 40/40 VUs, 2928 complete and 0 interrupted iterations
default   [  36% ] 40/40 VUs  1m27.0s/4m00.0s

running (1m28.0s), 40/40 VUs, 2962 complete and 0 interrupted iterations
default   [  37% ] 40/40 VUs  1m28.0s/4m00.0s

running (1m29.0s), 40/40 VUs, 2996 complete and 0 interrupted iterations
default   [  37% ] 40/40 VUs  1m29.0s/4m00.0s

running (1m30.0s), 40/40 VUs, 3029 complete and 0 interrupted iterations
default   [  37% ] 40/40 VUs  1m30.0s/4m00.0s

running (1m31.0s), 40/40 VUs, 3064 complete and 0 interrupted iterations
default   [  38% ] 40/40 VUs  1m31.0s/4m00.0s

running (1m32.0s), 40/40 VUs, 3097 complete and 0 interrupted iterations
default   [  38% ] 40/40 VUs  1m32.0s/4m00.0s

running (1m33.0s), 40/40 VUs, 3131 complete and 0 interrupted iterations
default   [  39% ] 40/40 VUs  1m33.0s/4m00.0s

running (1m34.0s), 40/40 VUs, 3165 complete and 0 interrupted iterations
default   [  39% ] 40/40 VUs  1m34.0s/4m00.0s

running (1m35.0s), 40/40 VUs, 3199 complete and 0 interrupted iterations
default   [  40% ] 40/40 VUs  1m35.0s/4m00.0s

running (1m36.0s), 40/40 VUs, 3233 complete and 0 interrupted iterations
default   [  40% ] 40/40 VUs  1m36.0s/4m00.0s

running (1m37.0s), 40/40 VUs, 3266 complete and 0 interrupted iterations
default   [  40% ] 40/40 VUs  1m37.0s/4m00.0s

running (1m38.0s), 40/40 VUs, 3301 complete and 0 interrupted iterations
default   [  41% ] 40/40 VUs  1m38.0s/4m00.0s

running (1m39.0s), 40/40 VUs, 3334 complete and 0 interrupted iterations
default   [  41% ] 40/40 VUs  1m39.0s/4m00.0s

running (1m40.0s), 40/40 VUs, 3369 complete and 0 interrupted iterations
default   [  42% ] 40/40 VUs  1m40.0s/4m00.0s

running (1m41.0s), 40/40 VUs, 3402 complete and 0 interrupted iterations
default   [  42% ] 40/40 VUs  1m41.0s/4m00.0s

running (1m42.0s), 40/40 VUs, 3437 complete and 0 interrupted iterations
default   [  42% ] 40/40 VUs  1m42.0s/4m00.0s

running (1m43.0s), 40/40 VUs, 3470 complete and 0 interrupted iterations
default   [  43% ] 40/40 VUs  1m43.0s/4m00.0s

running (1m44.0s), 40/40 VUs, 3505 complete and 0 interrupted iterations
default   [  43% ] 40/40 VUs  1m44.0s/4m00.0s

running (1m45.0s), 40/40 VUs, 3538 complete and 0 interrupted iterations
default   [  44% ] 40/40 VUs  1m45.0s/4m00.0s

running (1m46.0s), 40/40 VUs, 3573 complete and 0 interrupted iterations
default   [  44% ] 40/40 VUs  1m46.0s/4m00.0s

running (1m47.0s), 40/40 VUs, 3605 complete and 0 interrupted iterations
default   [  45% ] 40/40 VUs  1m47.0s/4m00.0s

running (1m48.0s), 40/40 VUs, 3640 complete and 0 interrupted iterations
default   [  45% ] 40/40 VUs  1m48.0s/4m00.0s

running (1m49.0s), 40/40 VUs, 3673 complete and 0 interrupted iterations
default   [  45% ] 40/40 VUs  1m49.0s/4m00.0s

running (1m50.0s), 40/40 VUs, 3707 complete and 0 interrupted iterations
default   [  46% ] 40/40 VUs  1m50.0s/4m00.0s

running (1m51.0s), 40/40 VUs, 3741 complete and 0 interrupted iterations
default   [  46% ] 40/40 VUs  1m51.0s/4m00.0s

running (1m52.0s), 40/40 VUs, 3775 complete and 0 interrupted iterations
default   [  47% ] 40/40 VUs  1m52.0s/4m00.0s

running (1m53.0s), 40/40 VUs, 3809 complete and 0 interrupted iterations
default   [  47% ] 40/40 VUs  1m53.0s/4m00.0s

running (1m54.0s), 40/40 VUs, 3842 complete and 0 interrupted iterations
default   [  47% ] 40/40 VUs  1m54.0s/4m00.0s

running (1m55.0s), 40/40 VUs, 3877 complete and 0 interrupted iterations
default   [  48% ] 40/40 VUs  1m55.0s/4m00.0s

running (1m56.0s), 40/40 VUs, 3909 complete and 0 interrupted iterations
default   [  48% ] 40/40 VUs  1m56.0s/4m00.0s

running (1m57.0s), 40/40 VUs, 3945 complete and 0 interrupted iterations
default   [  49% ] 40/40 VUs  1m57.0s/4m00.0s

running (1m58.0s), 40/40 VUs, 3977 complete and 0 interrupted iterations
default   [  49% ] 40/40 VUs  1m58.0s/4m00.0s

running (1m59.0s), 40/40 VUs, 4013 complete and 0 interrupted iterations
default   [  50% ] 40/40 VUs  1m59.0s/4m00.0s

running (2m00.0s), 40/40 VUs, 4045 complete and 0 interrupted iterations
default   [  50% ] 40/40 VUs  2m00.0s/4m00.0s

running (2m01.0s), 40/40 VUs, 4081 complete and 0 interrupted iterations
default   [  50% ] 40/40 VUs  2m01.0s/4m00.0s

running (2m02.0s), 40/40 VUs, 4113 complete and 0 interrupted iterations
default   [  51% ] 40/40 VUs  2m02.0s/4m00.0s

running (2m03.0s), 40/40 VUs, 4148 complete and 0 interrupted iterations
default   [  51% ] 40/40 VUs  2m03.0s/4m00.0s

running (2m04.0s), 40/40 VUs, 4181 complete and 0 interrupted iterations
default   [  52% ] 40/40 VUs  2m04.0s/4m00.0s

running (2m05.0s), 40/40 VUs, 4216 complete and 0 interrupted iterations
default   [  52% ] 40/40 VUs  2m05.0s/4m00.0s

running (2m06.0s), 40/40 VUs, 4249 complete and 0 interrupted iterations
default   [  52% ] 40/40 VUs  2m06.0s/4m00.0s

running (2m07.0s), 40/40 VUs, 4284 complete and 0 interrupted iterations
default   [  53% ] 40/40 VUs  2m07.0s/4m00.0s

running (2m08.0s), 40/40 VUs, 4317 complete and 0 interrupted iterations
default   [  53% ] 40/40 VUs  2m08.0s/4m00.0s

running (2m09.0s), 40/40 VUs, 4351 complete and 0 interrupted iterations
default   [  54% ] 40/40 VUs  2m09.0s/4m00.0s

running (2m10.0s), 40/40 VUs, 4385 complete and 0 interrupted iterations
default   [  54% ] 40/40 VUs  2m10.0s/4m00.0s

running (2m11.0s), 40/40 VUs, 4418 complete and 0 interrupted iterations
default   [  55% ] 40/40 VUs  2m11.0s/4m00.0s

running (2m12.0s), 40/40 VUs, 4452 complete and 0 interrupted iterations
default   [  55% ] 40/40 VUs  2m12.0s/4m00.0s

running (2m13.0s), 40/40 VUs, 4486 complete and 0 interrupted iterations
default   [  55% ] 40/40 VUs  2m13.0s/4m00.0s

running (2m14.0s), 40/40 VUs, 4520 complete and 0 interrupted iterations
default   [  56% ] 40/40 VUs  2m14.0s/4m00.0s

running (2m15.0s), 40/40 VUs, 4554 complete and 0 interrupted iterations
default   [  56% ] 40/40 VUs  2m15.0s/4m00.0s

running (2m16.0s), 40/40 VUs, 4588 complete and 0 interrupted iterations
default   [  57% ] 40/40 VUs  2m16.0s/4m00.0s

running (2m17.0s), 40/40 VUs, 4622 complete and 0 interrupted iterations
default   [  57% ] 40/40 VUs  2m17.0s/4m00.0s

running (2m18.0s), 40/40 VUs, 4656 complete and 0 interrupted iterations
default   [  57% ] 40/40 VUs  2m18.0s/4m00.0s

running (2m19.0s), 40/40 VUs, 4690 complete and 0 interrupted iterations
default   [  58% ] 40/40 VUs  2m19.0s/4m00.0s

running (2m20.0s), 40/40 VUs, 4723 complete and 0 interrupted iterations
default   [  58% ] 40/40 VUs  2m20.0s/4m00.0s

running (2m21.0s), 40/40 VUs, 4756 complete and 0 interrupted iterations
default   [  59% ] 40/40 VUs  2m21.0s/4m00.0s

running (2m22.0s), 40/40 VUs, 4792 complete and 0 interrupted iterations
default   [  59% ] 40/40 VUs  2m22.0s/4m00.0s

running (2m23.0s), 40/40 VUs, 4824 complete and 0 interrupted iterations
default   [  60% ] 40/40 VUs  2m23.0s/4m00.0s

running (2m24.0s), 40/40 VUs, 4859 complete and 0 interrupted iterations
default   [  60% ] 40/40 VUs  2m24.0s/4m00.0s

running (2m25.0s), 40/40 VUs, 4892 complete and 0 interrupted iterations
default   [  60% ] 40/40 VUs  2m25.0s/4m00.0s

running (2m26.0s), 40/40 VUs, 4927 complete and 0 interrupted iterations
default   [  61% ] 40/40 VUs  2m26.0s/4m00.0s

running (2m27.0s), 40/40 VUs, 4960 complete and 0 interrupted iterations
default   [  61% ] 40/40 VUs  2m27.0s/4m00.0s

running (2m28.0s), 40/40 VUs, 4995 complete and 0 interrupted iterations
default   [  62% ] 40/40 VUs  2m28.0s/4m00.0s

running (2m29.0s), 40/40 VUs, 5028 complete and 0 interrupted iterations
default   [  62% ] 40/40 VUs  2m29.0s/4m00.0s

running (2m30.0s), 40/40 VUs, 5062 complete and 0 interrupted iterations
default   [  62% ] 40/40 VUs  2m30.0s/4m00.0s

running (2m31.0s), 40/40 VUs, 5096 complete and 0 interrupted iterations
default   [  63% ] 40/40 VUs  2m31.0s/4m00.0s

running (2m32.0s), 40/40 VUs, 5129 complete and 0 interrupted iterations
default   [  63% ] 40/40 VUs  2m32.0s/4m00.0s

running (2m33.0s), 40/40 VUs, 5163 complete and 0 interrupted iterations
default   [  64% ] 40/40 VUs  2m33.0s/4m00.0s

running (2m34.0s), 40/40 VUs, 5197 complete and 0 interrupted iterations
default   [  64% ] 40/40 VUs  2m34.0s/4m00.0s

running (2m35.0s), 40/40 VUs, 5231 complete and 0 interrupted iterations
default   [  65% ] 40/40 VUs  2m35.0s/4m00.0s

running (2m36.0s), 40/40 VUs, 5265 complete and 0 interrupted iterations
default   [  65% ] 40/40 VUs  2m36.0s/4m00.0s

running (2m37.0s), 40/40 VUs, 5299 complete and 0 interrupted iterations
default   [  65% ] 40/40 VUs  2m37.0s/4m00.0s

running (2m38.0s), 40/40 VUs, 5333 complete and 0 interrupted iterations
default   [  66% ] 40/40 VUs  2m38.0s/4m00.0s

running (2m39.0s), 40/40 VUs, 5367 complete and 0 interrupted iterations
default   [  66% ] 40/40 VUs  2m39.0s/4m00.0s

running (2m40.0s), 40/40 VUs, 5400 complete and 0 interrupted iterations
default   [  67% ] 40/40 VUs  2m40.0s/4m00.0s

running (2m41.0s), 40/40 VUs, 5434 complete and 0 interrupted iterations
default   [  67% ] 40/40 VUs  2m41.0s/4m00.0s

running (2m42.0s), 40/40 VUs, 5468 complete and 0 interrupted iterations
default   [  67% ] 40/40 VUs  2m42.0s/4m00.0s

running (2m43.0s), 40/40 VUs, 5502 complete and 0 interrupted iterations
default   [  68% ] 40/40 VUs  2m43.0s/4m00.0s

running (2m44.0s), 40/40 VUs, 5535 complete and 0 interrupted iterations
default   [  68% ] 40/40 VUs  2m44.0s/4m00.0s

running (2m45.0s), 40/40 VUs, 5570 complete and 0 interrupted iterations
default   [  69% ] 40/40 VUs  2m45.0s/4m00.0s

running (2m46.0s), 40/40 VUs, 5603 complete and 0 interrupted iterations
default   [  69% ] 40/40 VUs  2m46.0s/4m00.0s

running (2m47.0s), 40/40 VUs, 5638 complete and 0 interrupted iterations
default   [  70% ] 40/40 VUs  2m47.0s/4m00.0s

running (2m48.0s), 40/40 VUs, 5671 complete and 0 interrupted iterations
default   [  70% ] 40/40 VUs  2m48.0s/4m00.0s

running (2m49.0s), 40/40 VUs, 5705 complete and 0 interrupted iterations
default   [  70% ] 40/40 VUs  2m49.0s/4m00.0s

running (2m50.0s), 40/40 VUs, 5739 complete and 0 interrupted iterations
default   [  71% ] 40/40 VUs  2m50.0s/4m00.0s

running (2m51.0s), 40/40 VUs, 5771 complete and 0 interrupted iterations
default   [  71% ] 40/40 VUs  2m51.0s/4m00.0s

running (2m52.0s), 40/40 VUs, 5807 complete and 0 interrupted iterations
default   [  72% ] 40/40 VUs  2m52.0s/4m00.0s

running (2m53.0s), 40/40 VUs, 5839 complete and 0 interrupted iterations
default   [  72% ] 40/40 VUs  2m53.0s/4m00.0s

running (2m54.0s), 40/40 VUs, 5874 complete and 0 interrupted iterations
default   [  72% ] 40/40 VUs  2m54.0s/4m00.0s

running (2m55.0s), 40/40 VUs, 5907 complete and 0 interrupted iterations
default   [  73% ] 40/40 VUs  2m55.0s/4m00.0s

running (2m56.0s), 40/40 VUs, 5942 complete and 0 interrupted iterations
default   [  73% ] 40/40 VUs  2m56.0s/4m00.0s

running (2m57.0s), 40/40 VUs, 5975 complete and 0 interrupted iterations
default   [  74% ] 40/40 VUs  2m57.0s/4m00.0s

running (2m58.0s), 40/40 VUs, 6010 complete and 0 interrupted iterations
default   [  74% ] 40/40 VUs  2m58.0s/4m00.0s

running (2m59.0s), 40/40 VUs, 6043 complete and 0 interrupted iterations
default   [  75% ] 40/40 VUs  2m59.0s/4m00.0s

running (3m00.0s), 40/40 VUs, 6077 complete and 0 interrupted iterations
default   [  75% ] 40/40 VUs  3m00.0s/4m00.0s

running (3m01.0s), 40/40 VUs, 6111 complete and 0 interrupted iterations
default   [  75% ] 40/40 VUs  3m01.0s/4m00.0s

running (3m02.0s), 40/40 VUs, 6144 complete and 0 interrupted iterations
default   [  76% ] 40/40 VUs  3m02.0s/4m00.0s

running (3m03.0s), 40/40 VUs, 6179 complete and 0 interrupted iterations
default   [  76% ] 40/40 VUs  3m03.0s/4m00.0s

running (3m04.0s), 40/40 VUs, 6212 complete and 0 interrupted iterations
default   [  77% ] 40/40 VUs  3m04.0s/4m00.0s

running (3m05.0s), 40/40 VUs, 6246 complete and 0 interrupted iterations
default   [  77% ] 40/40 VUs  3m05.0s/4m00.0s

running (3m06.0s), 40/40 VUs, 6279 complete and 0 interrupted iterations
default   [  77% ] 40/40 VUs  3m06.0s/4m00.0s

running (3m07.0s), 40/40 VUs, 6314 complete and 0 interrupted iterations
default   [  78% ] 40/40 VUs  3m07.0s/4m00.0s

running (3m08.0s), 40/40 VUs, 6347 complete and 0 interrupted iterations
default   [  78% ] 40/40 VUs  3m08.0s/4m00.0s

running (3m09.0s), 40/40 VUs, 6382 complete and 0 interrupted iterations
default   [  79% ] 40/40 VUs  3m09.0s/4m00.0s

running (3m10.0s), 40/40 VUs, 6415 complete and 0 interrupted iterations
default   [  79% ] 40/40 VUs  3m10.0s/4m00.0s

running (3m11.0s), 40/40 VUs, 6450 complete and 0 interrupted iterations
default   [  80% ] 40/40 VUs  3m11.0s/4m00.0s

running (3m12.0s), 40/40 VUs, 6483 complete and 0 interrupted iterations
default   [  80% ] 40/40 VUs  3m12.0s/4m00.0s

running (3m13.0s), 40/40 VUs, 6518 complete and 0 interrupted iterations
default   [  80% ] 40/40 VUs  3m13.0s/4m00.0s

running (3m14.0s), 40/40 VUs, 6550 complete and 0 interrupted iterations
default   [  81% ] 40/40 VUs  3m14.0s/4m00.0s

running (3m15.0s), 40/40 VUs, 6586 complete and 0 interrupted iterations
default   [  81% ] 40/40 VUs  3m15.0s/4m00.0s

running (3m16.0s), 40/40 VUs, 6618 complete and 0 interrupted iterations
default   [  82% ] 40/40 VUs  3m16.0s/4m00.0s

running (3m17.0s), 40/40 VUs, 6653 complete and 0 interrupted iterations
default   [  82% ] 40/40 VUs  3m17.0s/4m00.0s

running (3m18.0s), 40/40 VUs, 6686 complete and 0 interrupted iterations
default   [  82% ] 40/40 VUs  3m18.0s/4m00.0s

running (3m19.0s), 40/40 VUs, 6721 complete and 0 interrupted iterations
default   [  83% ] 40/40 VUs  3m19.0s/4m00.0s

running (3m20.0s), 40/40 VUs, 6754 complete and 0 interrupted iterations
default   [  83% ] 40/40 VUs  3m20.0s/4m00.0s

running (3m21.0s), 40/40 VUs, 6788 complete and 0 interrupted iterations
default   [  84% ] 40/40 VUs  3m21.0s/4m00.0s

running (3m22.0s), 40/40 VUs, 6822 complete and 0 interrupted iterations
default   [  84% ] 40/40 VUs  3m22.0s/4m00.0s

running (3m23.0s), 40/40 VUs, 6855 complete and 0 interrupted iterations
default   [  85% ] 40/40 VUs  3m23.0s/4m00.0s

running (3m24.0s), 40/40 VUs, 6890 complete and 0 interrupted iterations
default   [  85% ] 40/40 VUs  3m24.0s/4m00.0s

running (3m25.0s), 40/40 VUs, 6923 complete and 0 interrupted iterations
default   [  85% ] 40/40 VUs  3m25.0s/4m00.0s

running (3m26.0s), 40/40 VUs, 6958 complete and 0 interrupted iterations
default   [  86% ] 40/40 VUs  3m26.0s/4m00.0s

running (3m27.0s), 40/40 VUs, 6991 complete and 0 interrupted iterations
default   [  86% ] 40/40 VUs  3m27.0s/4m00.0s

running (3m28.0s), 40/40 VUs, 7026 complete and 0 interrupted iterations
default   [  87% ] 40/40 VUs  3m28.0s/4m00.0s

running (3m29.0s), 40/40 VUs, 7058 complete and 0 interrupted iterations
default   [  87% ] 40/40 VUs  3m29.0s/4m00.0s

running (3m30.0s), 40/40 VUs, 7094 complete and 0 interrupted iterations
default   [  87% ] 40/40 VUs  3m30.0s/4m00.0s

running (3m31.0s), 39/40 VUs, 7126 complete and 0 interrupted iterations
default   [  88% ] 39/40 VUs  3m31.0s/4m00.0s

running (3m32.0s), 39/40 VUs, 7162 complete and 0 interrupted iterations
default   [  88% ] 39/40 VUs  3m32.0s/4m00.0s

running (3m33.0s), 38/40 VUs, 7194 complete and 0 interrupted iterations
default   [  89% ] 38/40 VUs  3m33.0s/4m00.0s

running (3m34.0s), 37/40 VUs, 7229 complete and 0 interrupted iterations
default   [  89% ] 37/40 VUs  3m34.0s/4m00.0s

running (3m35.0s), 34/40 VUs, 7262 complete and 0 interrupted iterations
default   [  90% ] 34/40 VUs  3m35.0s/4m00.0s

running (3m36.0s), 34/40 VUs, 7297 complete and 0 interrupted iterations
default   [  90% ] 34/40 VUs  3m36.0s/4m00.0s

running (3m37.0s), 31/40 VUs, 7330 complete and 0 interrupted iterations
default   [  90% ] 31/40 VUs  3m37.0s/4m00.0s

running (3m38.0s), 30/40 VUs, 7364 complete and 0 interrupted iterations
default   [  91% ] 30/40 VUs  3m38.0s/4m00.0s

running (3m39.0s), 30/40 VUs, 7398 complete and 0 interrupted iterations
default   [  91% ] 30/40 VUs  3m39.0s/4m00.0s

running (3m40.0s), 27/40 VUs, 7432 complete and 0 interrupted iterations
default   [  92% ] 27/40 VUs  3m40.0s/4m00.0s

running (3m41.0s), 27/40 VUs, 7466 complete and 0 interrupted iterations
default   [  92% ] 27/40 VUs  3m41.0s/4m00.0s

running (3m42.0s), 25/40 VUs, 7500 complete and 0 interrupted iterations
default   [  92% ] 25/40 VUs  3m42.0s/4m00.0s

running (3m43.0s), 23/40 VUs, 7533 complete and 0 interrupted iterations
default   [  93% ] 23/40 VUs  3m43.0s/4m00.0s

running (3m44.0s), 22/40 VUs, 7567 complete and 0 interrupted iterations
default   [  93% ] 22/40 VUs  3m44.0s/4m00.0s

running (3m45.0s), 21/40 VUs, 7601 complete and 0 interrupted iterations
default   [  94% ] 21/40 VUs  3m45.0s/4m00.0s

running (3m46.0s), 20/40 VUs, 7636 complete and 0 interrupted iterations
default   [  94% ] 20/40 VUs  3m46.0s/4m00.0s

running (3m47.0s), 19/40 VUs, 7669 complete and 0 interrupted iterations
default   [  95% ] 19/40 VUs  3m47.0s/4m00.0s

running (3m48.0s), 17/40 VUs, 7704 complete and 0 interrupted iterations
default   [  95% ] 17/40 VUs  3m48.0s/4m00.0s

running (3m49.0s), 15/40 VUs, 7736 complete and 0 interrupted iterations
default   [  95% ] 15/40 VUs  3m49.0s/4m00.0s

running (3m50.0s), 14/40 VUs, 7771 complete and 0 interrupted iterations
default   [  96% ] 14/40 VUs  3m50.0s/4m00.0s

running (3m51.0s), 13/40 VUs, 7805 complete and 0 interrupted iterations
default   [  96% ] 13/40 VUs  3m51.0s/4m00.0s

running (3m52.0s), 11/40 VUs, 7839 complete and 0 interrupted iterations
default   [  97% ] 11/40 VUs  3m52.0s/4m00.0s

running (3m53.0s), 10/40 VUs, 7872 complete and 0 interrupted iterations
default   [  97% ] 10/40 VUs  3m53.0s/4m00.0s

running (3m54.0s), 09/40 VUs, 7907 complete and 0 interrupted iterations
default   [  97% ] 09/40 VUs  3m54.0s/4m00.0s

running (3m55.0s), 07/40 VUs, 7940 complete and 0 interrupted iterations
default   [  98% ] 07/40 VUs  3m55.0s/4m00.0s

running (3m56.0s), 06/40 VUs, 7975 complete and 0 interrupted iterations
default   [  98% ] 06/40 VUs  3m56.0s/4m00.0s

running (3m57.0s), 05/40 VUs, 8008 complete and 0 interrupted iterations
default   [  99% ] 05/40 VUs  3m57.0s/4m00.0s

running (3m58.0s), 03/40 VUs, 8043 complete and 0 interrupted iterations
default   [  99% ] 03/40 VUs  3m58.0s/4m00.0s

running (3m59.0s), 02/40 VUs, 8078 complete and 0 interrupted iterations
default   [ 100% ] 02/40 VUs  3m59.0s/4m00.0s

running (4m00.0s), 01/40 VUs, 8100 complete and 0 interrupted iterations
default   [ 100% ] 01/40 VUs  4m00.0s/4m00.0s


  █ THRESHOLDS 

    checks
    ✓ 'rate>0.95' rate=100.00%

    http_req_duration
    ✓ 'p(95)<5000' p(95)=1.42s
    ✓ 'p(99)<10000' p(99)=1.53s

    http_req_failed
    ✓ 'rate<0.05' rate=0.00%


  █ TOTAL RESULTS 

    checks_total.......: 32404   135.011514/s
    checks_succeeded...: 100.00% 32404 out of 32404
    checks_failed......: 0.00%   0 out of 32404

    ✓ status is 200
    ✓ content-type is json
    ✓ workloadType is CPU-BOUND
    ✓ executionTimeMs exists

    CUSTOM
    response_time_ms...............: min=56.811094 avg=1040.316071 med=1184.396459 max=2535.053218 p(90)=1411.408659 p(95)=1421.011248 p(99)=1538.17396
    successful_requests............: 8101   33.752879/s

    HTTP
    http_req_duration..............: min=56.81ms   avg=1.04s       med=1.18s       max=2.53s       p(90)=1.41s       p(95)=1.42s       p(99)=1.53s     
      { expected_response:true }...: min=56.81ms   avg=1.04s       med=1.18s       max=2.53s       p(90)=1.41s       p(95)=1.42s       p(99)=1.53s     
    http_req_failed................: 0.00%  0 out of 8101
    http_reqs......................: 8101   33.752879/s

    EXECUTION
    iteration_duration.............: min=56.93ms   avg=1.04s       med=1.18s       max=2.53s       p(90)=1.41s       p(95)=1.42s       p(99)=1.53s     
    iterations.....................: 8101   33.752879/s
    vus............................: 1      min=1         max=40
    vus_max........................: 40     min=40        max=40

    NETWORK
    data_received..................: 1.9 MB 7.8 kB/s
    data_sent......................: 648 kB 2.7 kB/s




running (4m00.0s), 00/40 VUs, 8101 complete and 0 interrupted iterations
default ✓ [ 100% ] 00/40 VUs  4m0s
