
         /\      Grafana   /‾‾/  
    /\  /  \     |\  __   /  /   
   /  \/    \    | |/ /  /   ‾‾\ 
  /          \   |   (  |  (‾)  |
 / __________ \  |_|\_\  \_____/ 


     execution: local
        script: cpu-bound-test.js
        output: -

     scenarios: (100.00%) 1 scenario, 75 max VUs, 4m30s max duration (incl. graceful stop):
              * default: Up to 75 looping VUs for 4m0s over 3 stages (gracefulRampDown: 30s, gracefulStop: 30s)


running (0m01.0s), 03/75 VUs, 24 complete and 0 interrupted iterations
default   [   0% ] 03/75 VUs  0m01.0s/4m00.0s

running (0m02.0s), 05/75 VUs, 57 complete and 0 interrupted iterations
default   [   1% ] 05/75 VUs  0m02.0s/4m00.0s

running (0m03.0s), 08/75 VUs, 90 complete and 0 interrupted iterations
default   [   1% ] 08/75 VUs  0m03.0s/4m00.0s

running (0m04.0s), 10/75 VUs, 126 complete and 0 interrupted iterations
default   [   2% ] 10/75 VUs  0m04.0s/4m00.0s

running (0m05.0s), 13/75 VUs, 158 complete and 0 interrupted iterations
default   [   2% ] 13/75 VUs  0m05.0s/4m00.0s

running (0m06.0s), 15/75 VUs, 193 complete and 0 interrupted iterations
default   [   2% ] 15/75 VUs  0m06.0s/4m00.0s

running (0m07.0s), 18/75 VUs, 226 complete and 0 interrupted iterations
default   [   3% ] 18/75 VUs  0m07.0s/4m00.0s

running (0m08.0s), 20/75 VUs, 261 complete and 0 interrupted iterations
default   [   3% ] 20/75 VUs  0m08.0s/4m00.0s

running (0m09.0s), 23/75 VUs, 294 complete and 0 interrupted iterations
default   [   4% ] 23/75 VUs  0m09.0s/4m00.0s

running (0m10.0s), 25/75 VUs, 328 complete and 0 interrupted iterations
default   [   4% ] 25/75 VUs  0m10.0s/4m00.0s

running (0m11.0s), 28/75 VUs, 362 complete and 0 interrupted iterations
default   [   5% ] 28/75 VUs  0m11.0s/4m00.0s

running (0m12.0s), 30/75 VUs, 395 complete and 0 interrupted iterations
default   [   5% ] 30/75 VUs  0m12.0s/4m00.0s

running (0m13.0s), 32/75 VUs, 430 complete and 0 interrupted iterations
default   [   5% ] 32/75 VUs  0m13.0s/4m00.0s

running (0m14.0s), 35/75 VUs, 463 complete and 0 interrupted iterations
default   [   6% ] 35/75 VUs  0m14.0s/4m00.0s

running (0m15.0s), 37/75 VUs, 498 complete and 0 interrupted iterations
default   [   6% ] 37/75 VUs  0m15.0s/4m00.0s

running (0m16.0s), 40/75 VUs, 530 complete and 0 interrupted iterations
default   [   7% ] 40/75 VUs  0m16.0s/4m00.0s

running (0m17.0s), 42/75 VUs, 566 complete and 0 interrupted iterations
default   [   7% ] 42/75 VUs  0m17.0s/4m00.0s

running (0m18.0s), 45/75 VUs, 598 complete and 0 interrupted iterations
default   [   7% ] 45/75 VUs  0m18.0s/4m00.0s

running (0m19.0s), 47/75 VUs, 634 complete and 0 interrupted iterations
default   [   8% ] 47/75 VUs  0m19.0s/4m00.0s

running (0m20.0s), 50/75 VUs, 666 complete and 0 interrupted iterations
default   [   8% ] 50/75 VUs  0m20.0s/4m00.0s

running (0m21.0s), 52/75 VUs, 699 complete and 0 interrupted iterations
default   [   9% ] 52/75 VUs  0m21.0s/4m00.0s

running (0m22.0s), 55/75 VUs, 734 complete and 0 interrupted iterations
default   [   9% ] 55/75 VUs  0m22.0s/4m00.0s

running (0m23.0s), 57/75 VUs, 767 complete and 0 interrupted iterations
default   [  10% ] 57/75 VUs  0m23.0s/4m00.0s

running (0m24.0s), 60/75 VUs, 802 complete and 0 interrupted iterations
default   [  10% ] 60/75 VUs  0m24.0s/4m00.0s

running (0m25.0s), 62/75 VUs, 835 complete and 0 interrupted iterations
default   [  10% ] 62/75 VUs  0m25.0s/4m00.0s

running (0m26.0s), 65/75 VUs, 870 complete and 0 interrupted iterations
default   [  11% ] 65/75 VUs  0m26.0s/4m00.0s

running (0m27.0s), 67/75 VUs, 903 complete and 0 interrupted iterations
default   [  11% ] 67/75 VUs  0m27.0s/4m00.0s

running (0m28.0s), 69/75 VUs, 937 complete and 0 interrupted iterations
default   [  12% ] 69/75 VUs  0m28.0s/4m00.0s

running (0m29.0s), 72/75 VUs, 971 complete and 0 interrupted iterations
default   [  12% ] 72/75 VUs  0m29.0s/4m00.0s

running (0m30.0s), 74/75 VUs, 1004 complete and 0 interrupted iterations
default   [  12% ] 74/75 VUs  0m30.0s/4m00.0s

running (0m31.0s), 75/75 VUs, 1038 complete and 0 interrupted iterations
default   [  13% ] 75/75 VUs  0m31.0s/4m00.0s

running (0m32.0s), 75/75 VUs, 1073 complete and 0 interrupted iterations
default   [  13% ] 75/75 VUs  0m32.0s/4m00.0s

running (0m33.0s), 75/75 VUs, 1105 complete and 0 interrupted iterations
default   [  14% ] 75/75 VUs  0m33.0s/4m00.0s

running (0m34.0s), 75/75 VUs, 1140 complete and 0 interrupted iterations
default   [  14% ] 75/75 VUs  0m34.0s/4m00.0s

running (0m35.0s), 75/75 VUs, 1173 complete and 0 interrupted iterations
default   [  15% ] 75/75 VUs  0m35.0s/4m00.0s

running (0m36.0s), 75/75 VUs, 1207 complete and 0 interrupted iterations
default   [  15% ] 75/75 VUs  0m36.0s/4m00.0s

running (0m37.0s), 75/75 VUs, 1241 complete and 0 interrupted iterations
default   [  15% ] 75/75 VUs  0m37.0s/4m00.0s

running (0m38.0s), 75/75 VUs, 1275 complete and 0 interrupted iterations
default   [  16% ] 75/75 VUs  0m38.0s/4m00.0s

running (0m39.0s), 75/75 VUs, 1309 complete and 0 interrupted iterations
default   [  16% ] 75/75 VUs  0m39.0s/4m00.0s

running (0m40.0s), 75/75 VUs, 1343 complete and 0 interrupted iterations
default   [  17% ] 75/75 VUs  0m40.0s/4m00.0s

running (0m41.0s), 75/75 VUs, 1376 complete and 0 interrupted iterations
default   [  17% ] 75/75 VUs  0m41.0s/4m00.0s

running (0m42.0s), 75/75 VUs, 1410 complete and 0 interrupted iterations
default   [  17% ] 75/75 VUs  0m42.0s/4m00.0s

running (0m43.0s), 75/75 VUs, 1444 complete and 0 interrupted iterations
default   [  18% ] 75/75 VUs  0m43.0s/4m00.0s

running (0m44.0s), 75/75 VUs, 1477 complete and 0 interrupted iterations
default   [  18% ] 75/75 VUs  0m44.0s/4m00.0s

running (0m45.0s), 75/75 VUs, 1512 complete and 0 interrupted iterations
default   [  19% ] 75/75 VUs  0m45.0s/4m00.0s

running (0m46.0s), 75/75 VUs, 1545 complete and 0 interrupted iterations
default   [  19% ] 75/75 VUs  0m46.0s/4m00.0s

running (0m47.0s), 75/75 VUs, 1580 complete and 0 interrupted iterations
default   [  20% ] 75/75 VUs  0m47.0s/4m00.0s

running (0m48.0s), 75/75 VUs, 1613 complete and 0 interrupted iterations
default   [  20% ] 75/75 VUs  0m48.0s/4m00.0s

running (0m49.0s), 75/75 VUs, 1647 complete and 0 interrupted iterations
default   [  20% ] 75/75 VUs  0m49.0s/4m00.0s

running (0m50.0s), 75/75 VUs, 1680 complete and 0 interrupted iterations
default   [  21% ] 75/75 VUs  0m50.0s/4m00.0s

running (0m51.0s), 75/75 VUs, 1715 complete and 0 interrupted iterations
default   [  21% ] 75/75 VUs  0m51.0s/4m00.0s

running (0m52.0s), 75/75 VUs, 1748 complete and 0 interrupted iterations
default   [  22% ] 75/75 VUs  0m52.0s/4m00.0s

running (0m53.0s), 75/75 VUs, 1783 complete and 0 interrupted iterations
default   [  22% ] 75/75 VUs  0m53.0s/4m00.0s

running (0m54.0s), 75/75 VUs, 1816 complete and 0 interrupted iterations
default   [  22% ] 75/75 VUs  0m54.0s/4m00.0s

running (0m55.0s), 75/75 VUs, 1850 complete and 0 interrupted iterations
default   [  23% ] 75/75 VUs  0m55.0s/4m00.0s

running (0m56.0s), 75/75 VUs, 1884 complete and 0 interrupted iterations
default   [  23% ] 75/75 VUs  0m56.0s/4m00.0s

running (0m57.0s), 75/75 VUs, 1918 complete and 0 interrupted iterations
default   [  24% ] 75/75 VUs  0m57.0s/4m00.0s

running (0m58.0s), 75/75 VUs, 1952 complete and 0 interrupted iterations
default   [  24% ] 75/75 VUs  0m58.0s/4m00.0s

running (0m59.0s), 75/75 VUs, 1986 complete and 0 interrupted iterations
default   [  25% ] 75/75 VUs  0m59.0s/4m00.0s

running (1m00.0s), 75/75 VUs, 2019 complete and 0 interrupted iterations
default   [  25% ] 75/75 VUs  1m00.0s/4m00.0s

running (1m01.0s), 75/75 VUs, 2053 complete and 0 interrupted iterations
default   [  25% ] 75/75 VUs  1m01.0s/4m00.0s

running (1m02.0s), 75/75 VUs, 2087 complete and 0 interrupted iterations
default   [  26% ] 75/75 VUs  1m02.0s/4m00.0s

running (1m03.0s), 75/75 VUs, 2120 complete and 0 interrupted iterations
default   [  26% ] 75/75 VUs  1m03.0s/4m00.0s

running (1m04.0s), 75/75 VUs, 2155 complete and 0 interrupted iterations
default   [  27% ] 75/75 VUs  1m04.0s/4m00.0s

running (1m05.0s), 75/75 VUs, 2188 complete and 0 interrupted iterations
default   [  27% ] 75/75 VUs  1m05.0s/4m00.0s

running (1m06.0s), 75/75 VUs, 2223 complete and 0 interrupted iterations
default   [  27% ] 75/75 VUs  1m06.0s/4m00.0s

running (1m07.0s), 75/75 VUs, 2256 complete and 0 interrupted iterations
default   [  28% ] 75/75 VUs  1m07.0s/4m00.0s

running (1m08.0s), 75/75 VUs, 2291 complete and 0 interrupted iterations
default   [  28% ] 75/75 VUs  1m08.0s/4m00.0s

running (1m09.0s), 75/75 VUs, 2323 complete and 0 interrupted iterations
default   [  29% ] 75/75 VUs  1m09.0s/4m00.0s

running (1m10.0s), 75/75 VUs, 2359 complete and 0 interrupted iterations
default   [  29% ] 75/75 VUs  1m10.0s/4m00.0s

running (1m11.0s), 75/75 VUs, 2391 complete and 0 interrupted iterations
default   [  30% ] 75/75 VUs  1m11.0s/4m00.0s

running (1m12.0s), 75/75 VUs, 2425 complete and 0 interrupted iterations
default   [  30% ] 75/75 VUs  1m12.0s/4m00.0s

running (1m13.0s), 75/75 VUs, 2459 complete and 0 interrupted iterations
default   [  30% ] 75/75 VUs  1m13.0s/4m00.0s

running (1m14.0s), 75/75 VUs, 2493 complete and 0 interrupted iterations
default   [  31% ] 75/75 VUs  1m14.0s/4m00.0s

running (1m15.0s), 75/75 VUs, 2527 complete and 0 interrupted iterations
default   [  31% ] 75/75 VUs  1m15.0s/4m00.0s

running (1m16.0s), 75/75 VUs, 2561 complete and 0 interrupted iterations
default   [  32% ] 75/75 VUs  1m16.0s/4m00.0s

running (1m17.0s), 75/75 VUs, 2595 complete and 0 interrupted iterations
default   [  32% ] 75/75 VUs  1m17.0s/4m00.0s

running (1m18.0s), 75/75 VUs, 2628 complete and 0 interrupted iterations
default   [  32% ] 75/75 VUs  1m18.0s/4m00.0s

running (1m19.0s), 75/75 VUs, 2663 complete and 0 interrupted iterations
default   [  33% ] 75/75 VUs  1m19.0s/4m00.0s

running (1m20.0s), 75/75 VUs, 2696 complete and 0 interrupted iterations
default   [  33% ] 75/75 VUs  1m20.0s/4m00.0s

running (1m21.0s), 75/75 VUs, 2731 complete and 0 interrupted iterations
default   [  34% ] 75/75 VUs  1m21.0s/4m00.0s

running (1m22.0s), 75/75 VUs, 2763 complete and 0 interrupted iterations
default   [  34% ] 75/75 VUs  1m22.0s/4m00.0s

running (1m23.0s), 75/75 VUs, 2798 complete and 0 interrupted iterations
default   [  35% ] 75/75 VUs  1m23.0s/4m00.0s

running (1m24.0s), 75/75 VUs, 2831 complete and 0 interrupted iterations
default   [  35% ] 75/75 VUs  1m24.0s/4m00.0s

running (1m25.0s), 75/75 VUs, 2865 complete and 0 interrupted iterations
default   [  35% ] 75/75 VUs  1m25.0s/4m00.0s

running (1m26.0s), 75/75 VUs, 2899 complete and 0 interrupted iterations
default   [  36% ] 75/75 VUs  1m26.0s/4m00.0s

running (1m27.0s), 75/75 VUs, 2933 complete and 0 interrupted iterations
default   [  36% ] 75/75 VUs  1m27.0s/4m00.0s

running (1m28.0s), 75/75 VUs, 2966 complete and 0 interrupted iterations
default   [  37% ] 75/75 VUs  1m28.0s/4m00.0s

running (1m29.0s), 75/75 VUs, 3001 complete and 0 interrupted iterations
default   [  37% ] 75/75 VUs  1m29.0s/4m00.0s

running (1m30.0s), 75/75 VUs, 3034 complete and 0 interrupted iterations
default   [  37% ] 75/75 VUs  1m30.0s/4m00.0s

running (1m31.0s), 75/75 VUs, 3068 complete and 0 interrupted iterations
default   [  38% ] 75/75 VUs  1m31.0s/4m00.0s

running (1m32.0s), 75/75 VUs, 3102 complete and 0 interrupted iterations
default   [  38% ] 75/75 VUs  1m32.0s/4m00.0s

running (1m33.0s), 75/75 VUs, 3136 complete and 0 interrupted iterations
default   [  39% ] 75/75 VUs  1m33.0s/4m00.0s

running (1m34.0s), 75/75 VUs, 3170 complete and 0 interrupted iterations
default   [  39% ] 75/75 VUs  1m34.0s/4m00.0s

running (1m35.0s), 75/75 VUs, 3204 complete and 0 interrupted iterations
default   [  40% ] 75/75 VUs  1m35.0s/4m00.0s

running (1m36.0s), 75/75 VUs, 3237 complete and 0 interrupted iterations
default   [  40% ] 75/75 VUs  1m36.0s/4m00.0s

running (1m37.0s), 75/75 VUs, 3272 complete and 0 interrupted iterations
default   [  40% ] 75/75 VUs  1m37.0s/4m00.0s

running (1m38.0s), 75/75 VUs, 3305 complete and 0 interrupted iterations
default   [  41% ] 75/75 VUs  1m38.0s/4m00.0s

running (1m39.0s), 75/75 VUs, 3339 complete and 0 interrupted iterations
default   [  41% ] 75/75 VUs  1m39.0s/4m00.0s

running (1m40.0s), 75/75 VUs, 3372 complete and 0 interrupted iterations
default   [  42% ] 75/75 VUs  1m40.0s/4m00.0s

running (1m41.0s), 75/75 VUs, 3407 complete and 0 interrupted iterations
default   [  42% ] 75/75 VUs  1m41.0s/4m00.0s

running (1m42.0s), 75/75 VUs, 3440 complete and 0 interrupted iterations
default   [  42% ] 75/75 VUs  1m42.0s/4m00.0s

running (1m43.0s), 75/75 VUs, 3474 complete and 0 interrupted iterations
default   [  43% ] 75/75 VUs  1m43.0s/4m00.0s

running (1m44.0s), 75/75 VUs, 3508 complete and 0 interrupted iterations
default   [  43% ] 75/75 VUs  1m44.0s/4m00.0s

running (1m45.0s), 75/75 VUs, 3541 complete and 0 interrupted iterations
default   [  44% ] 75/75 VUs  1m45.0s/4m00.0s

running (1m46.0s), 75/75 VUs, 3576 complete and 0 interrupted iterations
default   [  44% ] 75/75 VUs  1m46.0s/4m00.0s

running (1m47.0s), 75/75 VUs, 3609 complete and 0 interrupted iterations
default   [  45% ] 75/75 VUs  1m47.0s/4m00.0s

running (1m48.0s), 75/75 VUs, 3642 complete and 0 interrupted iterations
default   [  45% ] 75/75 VUs  1m48.0s/4m00.0s

running (1m49.0s), 75/75 VUs, 3677 complete and 0 interrupted iterations
default   [  45% ] 75/75 VUs  1m49.0s/4m00.0s

running (1m50.0s), 75/75 VUs, 3710 complete and 0 interrupted iterations
default   [  46% ] 75/75 VUs  1m50.0s/4m00.0s

running (1m51.0s), 75/75 VUs, 3745 complete and 0 interrupted iterations
default   [  46% ] 75/75 VUs  1m51.0s/4m00.0s

running (1m52.0s), 75/75 VUs, 3777 complete and 0 interrupted iterations
default   [  47% ] 75/75 VUs  1m52.0s/4m00.0s

running (1m53.0s), 75/75 VUs, 3813 complete and 0 interrupted iterations
default   [  47% ] 75/75 VUs  1m53.0s/4m00.0s

running (1m54.0s), 75/75 VUs, 3845 complete and 0 interrupted iterations
default   [  47% ] 75/75 VUs  1m54.0s/4m00.0s

running (1m55.0s), 75/75 VUs, 3880 complete and 0 interrupted iterations
default   [  48% ] 75/75 VUs  1m55.0s/4m00.0s

running (1m56.0s), 75/75 VUs, 3913 complete and 0 interrupted iterations
default   [  48% ] 75/75 VUs  1m56.0s/4m00.0s

running (1m57.0s), 75/75 VUs, 3947 complete and 0 interrupted iterations
default   [  49% ] 75/75 VUs  1m57.0s/4m00.0s

running (1m58.0s), 75/75 VUs, 3981 complete and 0 interrupted iterations
default   [  49% ] 75/75 VUs  1m58.0s/4m00.0s

running (1m59.0s), 75/75 VUs, 4015 complete and 0 interrupted iterations
default   [  50% ] 75/75 VUs  1m59.0s/4m00.0s

running (2m00.0s), 75/75 VUs, 4049 complete and 0 interrupted iterations
default   [  50% ] 75/75 VUs  2m00.0s/4m00.0s

running (2m01.0s), 75/75 VUs, 4082 complete and 0 interrupted iterations
default   [  50% ] 75/75 VUs  2m01.0s/4m00.0s

running (2m02.0s), 75/75 VUs, 4117 complete and 0 interrupted iterations
default   [  51% ] 75/75 VUs  2m02.0s/4m00.0s

running (2m03.0s), 75/75 VUs, 4150 complete and 0 interrupted iterations
default   [  51% ] 75/75 VUs  2m03.0s/4m00.0s

running (2m04.0s), 75/75 VUs, 4185 complete and 0 interrupted iterations
default   [  52% ] 75/75 VUs  2m04.0s/4m00.0s

running (2m05.0s), 75/75 VUs, 4217 complete and 0 interrupted iterations
default   [  52% ] 75/75 VUs  2m05.0s/4m00.0s

running (2m06.0s), 75/75 VUs, 4253 complete and 0 interrupted iterations
default   [  52% ] 75/75 VUs  2m06.0s/4m00.0s

running (2m07.0s), 75/75 VUs, 4285 complete and 0 interrupted iterations
default   [  53% ] 75/75 VUs  2m07.0s/4m00.0s

running (2m08.0s), 75/75 VUs, 4320 complete and 0 interrupted iterations
default   [  53% ] 75/75 VUs  2m08.0s/4m00.0s

running (2m09.0s), 75/75 VUs, 4353 complete and 0 interrupted iterations
default   [  54% ] 75/75 VUs  2m09.0s/4m00.0s

running (2m10.0s), 75/75 VUs, 4387 complete and 0 interrupted iterations
default   [  54% ] 75/75 VUs  2m10.0s/4m00.0s

running (2m11.0s), 75/75 VUs, 4421 complete and 0 interrupted iterations
default   [  55% ] 75/75 VUs  2m11.0s/4m00.0s

running (2m12.0s), 75/75 VUs, 4454 complete and 0 interrupted iterations
default   [  55% ] 75/75 VUs  2m12.0s/4m00.0s

running (2m13.0s), 75/75 VUs, 4489 complete and 0 interrupted iterations
default   [  55% ] 75/75 VUs  2m13.0s/4m00.0s

running (2m14.0s), 75/75 VUs, 4522 complete and 0 interrupted iterations
default   [  56% ] 75/75 VUs  2m14.0s/4m00.0s

running (2m15.0s), 75/75 VUs, 4557 complete and 0 interrupted iterations
default   [  56% ] 75/75 VUs  2m15.0s/4m00.0s

running (2m16.0s), 75/75 VUs, 4589 complete and 0 interrupted iterations
default   [  57% ] 75/75 VUs  2m16.0s/4m00.0s

running (2m17.0s), 75/75 VUs, 4624 complete and 0 interrupted iterations
default   [  57% ] 75/75 VUs  2m17.0s/4m00.0s

running (2m18.0s), 75/75 VUs, 4657 complete and 0 interrupted iterations
default   [  57% ] 75/75 VUs  2m18.0s/4m00.0s

running (2m19.0s), 75/75 VUs, 4692 complete and 0 interrupted iterations
default   [  58% ] 75/75 VUs  2m19.0s/4m00.0s

running (2m20.0s), 75/75 VUs, 4725 complete and 0 interrupted iterations
default   [  58% ] 75/75 VUs  2m20.0s/4m00.0s

running (2m21.0s), 75/75 VUs, 4758 complete and 0 interrupted iterations
default   [  59% ] 75/75 VUs  2m21.0s/4m00.0s

running (2m22.0s), 75/75 VUs, 4793 complete and 0 interrupted iterations
default   [  59% ] 75/75 VUs  2m22.0s/4m00.0s

running (2m23.0s), 75/75 VUs, 4826 complete and 0 interrupted iterations
default   [  60% ] 75/75 VUs  2m23.0s/4m00.0s

running (2m24.0s), 75/75 VUs, 4860 complete and 0 interrupted iterations
default   [  60% ] 75/75 VUs  2m24.0s/4m00.0s

running (2m25.0s), 75/75 VUs, 4894 complete and 0 interrupted iterations
default   [  60% ] 75/75 VUs  2m25.0s/4m00.0s

running (2m26.0s), 75/75 VUs, 4928 complete and 0 interrupted iterations
default   [  61% ] 75/75 VUs  2m26.0s/4m00.0s

running (2m27.0s), 75/75 VUs, 4962 complete and 0 interrupted iterations
default   [  61% ] 75/75 VUs  2m27.0s/4m00.0s

running (2m28.0s), 75/75 VUs, 4995 complete and 0 interrupted iterations
default   [  62% ] 75/75 VUs  2m28.0s/4m00.0s

running (2m29.0s), 75/75 VUs, 5030 complete and 0 interrupted iterations
default   [  62% ] 75/75 VUs  2m29.0s/4m00.0s

running (2m30.0s), 75/75 VUs, 5063 complete and 0 interrupted iterations
default   [  62% ] 75/75 VUs  2m30.0s/4m00.0s

running (2m31.0s), 75/75 VUs, 5096 complete and 0 interrupted iterations
default   [  63% ] 75/75 VUs  2m31.0s/4m00.0s

running (2m32.0s), 75/75 VUs, 5130 complete and 0 interrupted iterations
default   [  63% ] 75/75 VUs  2m32.0s/4m00.0s

running (2m33.0s), 75/75 VUs, 5164 complete and 0 interrupted iterations
default   [  64% ] 75/75 VUs  2m33.0s/4m00.0s

running (2m34.0s), 75/75 VUs, 5198 complete and 0 interrupted iterations
default   [  64% ] 75/75 VUs  2m34.0s/4m00.0s

running (2m35.0s), 75/75 VUs, 5231 complete and 0 interrupted iterations
default   [  65% ] 75/75 VUs  2m35.0s/4m00.0s

running (2m36.0s), 75/75 VUs, 5264 complete and 0 interrupted iterations
default   [  65% ] 75/75 VUs  2m36.0s/4m00.0s

running (2m37.0s), 75/75 VUs, 5298 complete and 0 interrupted iterations
default   [  65% ] 75/75 VUs  2m37.0s/4m00.0s

running (2m38.0s), 75/75 VUs, 5331 complete and 0 interrupted iterations
default   [  66% ] 75/75 VUs  2m38.0s/4m00.0s

running (2m39.0s), 75/75 VUs, 5366 complete and 0 interrupted iterations
default   [  66% ] 75/75 VUs  2m39.0s/4m00.0s

running (2m40.0s), 75/75 VUs, 5399 complete and 0 interrupted iterations
default   [  67% ] 75/75 VUs  2m40.0s/4m00.0s

running (2m41.0s), 75/75 VUs, 5433 complete and 0 interrupted iterations
default   [  67% ] 75/75 VUs  2m41.0s/4m00.0s

running (2m42.0s), 75/75 VUs, 5467 complete and 0 interrupted iterations
default   [  67% ] 75/75 VUs  2m42.0s/4m00.0s

running (2m43.0s), 75/75 VUs, 5500 complete and 0 interrupted iterations
default   [  68% ] 75/75 VUs  2m43.0s/4m00.0s

running (2m44.0s), 75/75 VUs, 5535 complete and 0 interrupted iterations
default   [  68% ] 75/75 VUs  2m44.0s/4m00.0s

running (2m45.0s), 75/75 VUs, 5568 complete and 0 interrupted iterations
default   [  69% ] 75/75 VUs  2m45.0s/4m00.0s

running (2m46.0s), 75/75 VUs, 5602 complete and 0 interrupted iterations
default   [  69% ] 75/75 VUs  2m46.0s/4m00.0s

running (2m47.0s), 75/75 VUs, 5636 complete and 0 interrupted iterations
default   [  70% ] 75/75 VUs  2m47.0s/4m00.0s

running (2m48.0s), 75/75 VUs, 5669 complete and 0 interrupted iterations
default   [  70% ] 75/75 VUs  2m48.0s/4m00.0s

running (2m49.0s), 75/75 VUs, 5703 complete and 0 interrupted iterations
default   [  70% ] 75/75 VUs  2m49.0s/4m00.0s

running (2m50.0s), 75/75 VUs, 5737 complete and 0 interrupted iterations
default   [  71% ] 75/75 VUs  2m50.0s/4m00.0s

running (2m51.0s), 75/75 VUs, 5771 complete and 0 interrupted iterations
default   [  71% ] 75/75 VUs  2m51.0s/4m00.0s

running (2m52.0s), 75/75 VUs, 5805 complete and 0 interrupted iterations
default   [  72% ] 75/75 VUs  2m52.0s/4m00.0s

running (2m53.0s), 75/75 VUs, 5839 complete and 0 interrupted iterations
default   [  72% ] 75/75 VUs  2m53.0s/4m00.0s

running (2m54.0s), 75/75 VUs, 5872 complete and 0 interrupted iterations
default   [  72% ] 75/75 VUs  2m54.0s/4m00.0s

running (2m55.0s), 75/75 VUs, 5905 complete and 0 interrupted iterations
default   [  73% ] 75/75 VUs  2m55.0s/4m00.0s

running (2m56.0s), 75/75 VUs, 5939 complete and 0 interrupted iterations
default   [  73% ] 75/75 VUs  2m56.0s/4m00.0s

running (2m57.0s), 75/75 VUs, 5973 complete and 0 interrupted iterations
default   [  74% ] 75/75 VUs  2m57.0s/4m00.0s

running (2m58.0s), 75/75 VUs, 6007 complete and 0 interrupted iterations
default   [  74% ] 75/75 VUs  2m58.0s/4m00.0s

running (2m59.0s), 75/75 VUs, 6041 complete and 0 interrupted iterations
default   [  75% ] 75/75 VUs  2m59.0s/4m00.0s

running (3m00.0s), 75/75 VUs, 6075 complete and 0 interrupted iterations
default   [  75% ] 75/75 VUs  3m00.0s/4m00.0s

running (3m01.0s), 75/75 VUs, 6109 complete and 0 interrupted iterations
default   [  75% ] 75/75 VUs  3m01.0s/4m00.0s

running (3m02.0s), 75/75 VUs, 6143 complete and 0 interrupted iterations
default   [  76% ] 75/75 VUs  3m02.0s/4m00.0s

running (3m03.0s), 75/75 VUs, 6177 complete and 0 interrupted iterations
default   [  76% ] 75/75 VUs  3m03.0s/4m00.0s

running (3m04.0s), 75/75 VUs, 6209 complete and 0 interrupted iterations
default   [  77% ] 75/75 VUs  3m04.0s/4m00.0s

running (3m05.0s), 75/75 VUs, 6244 complete and 0 interrupted iterations
default   [  77% ] 75/75 VUs  3m05.0s/4m00.0s

running (3m06.0s), 75/75 VUs, 6277 complete and 0 interrupted iterations
default   [  77% ] 75/75 VUs  3m06.0s/4m00.0s

running (3m07.0s), 75/75 VUs, 6311 complete and 0 interrupted iterations
default   [  78% ] 75/75 VUs  3m07.0s/4m00.0s

running (3m08.0s), 75/75 VUs, 6345 complete and 0 interrupted iterations
default   [  78% ] 75/75 VUs  3m08.0s/4m00.0s

running (3m09.0s), 75/75 VUs, 6378 complete and 0 interrupted iterations
default   [  79% ] 75/75 VUs  3m09.0s/4m00.0s

running (3m10.0s), 75/75 VUs, 6413 complete and 0 interrupted iterations
default   [  79% ] 75/75 VUs  3m10.0s/4m00.0s

running (3m11.0s), 75/75 VUs, 6446 complete and 0 interrupted iterations
default   [  80% ] 75/75 VUs  3m11.0s/4m00.0s

running (3m12.0s), 75/75 VUs, 6481 complete and 0 interrupted iterations
default   [  80% ] 75/75 VUs  3m12.0s/4m00.0s

running (3m13.0s), 75/75 VUs, 6514 complete and 0 interrupted iterations
default   [  80% ] 75/75 VUs  3m13.0s/4m00.0s

running (3m14.0s), 75/75 VUs, 6549 complete and 0 interrupted iterations
default   [  81% ] 75/75 VUs  3m14.0s/4m00.0s

running (3m15.0s), 75/75 VUs, 6581 complete and 0 interrupted iterations
default   [  81% ] 75/75 VUs  3m15.0s/4m00.0s

running (3m16.0s), 75/75 VUs, 6616 complete and 0 interrupted iterations
default   [  82% ] 75/75 VUs  3m16.0s/4m00.0s

running (3m17.0s), 75/75 VUs, 6649 complete and 0 interrupted iterations
default   [  82% ] 75/75 VUs  3m17.0s/4m00.0s

running (3m18.0s), 75/75 VUs, 6682 complete and 0 interrupted iterations
default   [  82% ] 75/75 VUs  3m18.0s/4m00.0s

running (3m19.0s), 75/75 VUs, 6717 complete and 0 interrupted iterations
default   [  83% ] 75/75 VUs  3m19.0s/4m00.0s

running (3m20.0s), 75/75 VUs, 6749 complete and 0 interrupted iterations
default   [  83% ] 75/75 VUs  3m20.0s/4m00.0s

running (3m21.0s), 75/75 VUs, 6783 complete and 0 interrupted iterations
default   [  84% ] 75/75 VUs  3m21.0s/4m00.0s

running (3m22.0s), 75/75 VUs, 6817 complete and 0 interrupted iterations
default   [  84% ] 75/75 VUs  3m22.0s/4m00.0s

running (3m23.0s), 75/75 VUs, 6850 complete and 0 interrupted iterations
default   [  85% ] 75/75 VUs  3m23.0s/4m00.0s

running (3m24.0s), 75/75 VUs, 6885 complete and 0 interrupted iterations
default   [  85% ] 75/75 VUs  3m24.0s/4m00.0s

running (3m25.0s), 75/75 VUs, 6918 complete and 0 interrupted iterations
default   [  85% ] 75/75 VUs  3m25.0s/4m00.0s

running (3m26.0s), 75/75 VUs, 6952 complete and 0 interrupted iterations
default   [  86% ] 75/75 VUs  3m26.0s/4m00.0s

running (3m27.0s), 75/75 VUs, 6985 complete and 0 interrupted iterations
default   [  86% ] 75/75 VUs  3m27.0s/4m00.0s

running (3m28.0s), 75/75 VUs, 7020 complete and 0 interrupted iterations
default   [  87% ] 75/75 VUs  3m28.0s/4m00.0s

running (3m29.0s), 75/75 VUs, 7053 complete and 0 interrupted iterations
default   [  87% ] 75/75 VUs  3m29.0s/4m00.0s

running (3m30.0s), 75/75 VUs, 7088 complete and 0 interrupted iterations
default   [  87% ] 75/75 VUs  3m30.0s/4m00.0s

running (3m31.0s), 75/75 VUs, 7121 complete and 0 interrupted iterations
default   [  88% ] 75/75 VUs  3m31.0s/4m00.0s

running (3m32.0s), 74/75 VUs, 7156 complete and 0 interrupted iterations
default   [  88% ] 74/75 VUs  3m32.0s/4m00.0s

running (3m33.0s), 72/75 VUs, 7189 complete and 0 interrupted iterations
default   [  89% ] 72/75 VUs  3m33.0s/4m00.0s

running (3m34.0s), 69/75 VUs, 7222 complete and 0 interrupted iterations
default   [  89% ] 69/75 VUs  3m34.0s/4m00.0s

running (3m35.0s), 67/75 VUs, 7257 complete and 0 interrupted iterations
default   [  90% ] 67/75 VUs  3m35.0s/4m00.0s

running (3m36.0s), 63/75 VUs, 7289 complete and 0 interrupted iterations
default   [  90% ] 63/75 VUs  3m36.0s/4m00.0s

running (3m37.0s), 59/75 VUs, 7324 complete and 0 interrupted iterations
default   [  90% ] 59/75 VUs  3m37.0s/4m00.0s

running (3m38.0s), 58/75 VUs, 7357 complete and 0 interrupted iterations
default   [  91% ] 58/75 VUs  3m38.0s/4m00.0s

running (3m39.0s), 55/75 VUs, 7392 complete and 0 interrupted iterations
default   [  91% ] 55/75 VUs  3m39.0s/4m00.0s

running (3m40.0s), 54/75 VUs, 7425 complete and 0 interrupted iterations
default   [  92% ] 54/75 VUs  3m40.0s/4m00.0s

running (3m41.0s), 52/75 VUs, 7458 complete and 0 interrupted iterations
default   [  92% ] 52/75 VUs  3m41.0s/4m00.0s

running (3m42.0s), 47/75 VUs, 7493 complete and 0 interrupted iterations
default   [  92% ] 47/75 VUs  3m42.0s/4m00.0s

running (3m43.0s), 46/75 VUs, 7526 complete and 0 interrupted iterations
default   [  93% ] 46/75 VUs  3m43.0s/4m00.0s

running (3m44.0s), 42/75 VUs, 7561 complete and 0 interrupted iterations
default   [  93% ] 42/75 VUs  3m44.0s/4m00.0s

running (3m45.0s), 40/75 VUs, 7593 complete and 0 interrupted iterations
default   [  94% ] 40/75 VUs  3m45.0s/4m00.0s

running (3m46.0s), 36/75 VUs, 7629 complete and 0 interrupted iterations
default   [  94% ] 36/75 VUs  3m46.0s/4m00.0s

running (3m47.0s), 34/75 VUs, 7661 complete and 0 interrupted iterations
default   [  95% ] 34/75 VUs  3m47.0s/4m00.0s

running (3m48.0s), 32/75 VUs, 7696 complete and 0 interrupted iterations
default   [  95% ] 32/75 VUs  3m48.0s/4m00.0s

running (3m49.0s), 29/75 VUs, 7729 complete and 0 interrupted iterations
default   [  95% ] 29/75 VUs  3m49.0s/4m00.0s

running (3m50.0s), 26/75 VUs, 7763 complete and 0 interrupted iterations
default   [  96% ] 26/75 VUs  3m50.0s/4m00.0s

running (3m51.0s), 25/75 VUs, 7797 complete and 0 interrupted iterations
default   [  96% ] 25/75 VUs  3m51.0s/4m00.0s

running (3m52.0s), 22/75 VUs, 7830 complete and 0 interrupted iterations
default   [  97% ] 22/75 VUs  3m52.0s/4m00.0s

running (3m53.0s), 18/75 VUs, 7865 complete and 0 interrupted iterations
default   [  97% ] 18/75 VUs  3m53.0s/4m00.0s

running (3m54.0s), 17/75 VUs, 7897 complete and 0 interrupted iterations
default   [  97% ] 17/75 VUs  3m54.0s/4m00.0s

running (3m55.0s), 14/75 VUs, 7933 complete and 0 interrupted iterations
default   [  98% ] 14/75 VUs  3m55.0s/4m00.0s

running (3m56.0s), 11/75 VUs, 7965 complete and 0 interrupted iterations
default   [  98% ] 11/75 VUs  3m56.0s/4m00.0s

running (3m57.0s), 09/75 VUs, 8001 complete and 0 interrupted iterations
default   [  99% ] 09/75 VUs  3m57.0s/4m00.0s

running (3m58.0s), 06/75 VUs, 8033 complete and 0 interrupted iterations
default   [  99% ] 06/75 VUs  3m58.0s/4m00.0s

running (3m59.0s), 03/75 VUs, 8069 complete and 0 interrupted iterations
default   [ 100% ] 03/75 VUs  3m59.0s/4m00.0s

running (4m00.0s), 01/75 VUs, 8098 complete and 0 interrupted iterations
default   [ 100% ] 01/75 VUs  4m00.0s/4m00.0s


  █ THRESHOLDS 

    checks
    ✓ 'rate>0.95' rate=100.00%

    http_req_duration
    ✓ 'p(95)<5000' p(95)=2.6s
    ✓ 'p(99)<10000' p(99)=2.84s

    http_req_failed
    ✓ 'rate<0.05' rate=0.00%


  █ TOTAL RESULTS 

    checks_total.......: 32396   134.978874/s
    checks_succeeded...: 100.00% 32396 out of 32396
    checks_failed......: 0.00%   0 out of 32396

    ✓ status is 200
    ✓ content-type is json
    ✓ workloadType is CPU-BOUND
    ✓ executionTimeMs exists

    CUSTOM
    response_time_ms...............: min=56.786068 avg=1952.361479 med=2243.026694 max=4874.084017 p(90)=2498.203389 p(95)=2608.070323 p(99)=2844.786373
    successful_requests............: 8099   33.744718/s

    HTTP
    http_req_duration..............: min=56.78ms   avg=1.95s       med=2.24s       max=4.87s       p(90)=2.49s       p(95)=2.6s        p(99)=2.84s      
      { expected_response:true }...: min=56.78ms   avg=1.95s       med=2.24s       max=4.87s       p(90)=2.49s       p(95)=2.6s        p(99)=2.84s      
    http_req_failed................: 0.00%  0 out of 8099
    http_reqs......................: 8099   33.744718/s

    EXECUTION
    iteration_duration.............: min=56.93ms   avg=1.95s       med=2.24s       max=4.87s       p(90)=2.49s       p(95)=2.6s        p(99)=2.84s      
    iterations.....................: 8099   33.744718/s
    vus............................: 1      min=1         max=75
    vus_max........................: 75     min=75        max=75

    NETWORK
    data_received..................: 1.9 MB 7.8 kB/s
    data_sent......................: 648 kB 2.7 kB/s




running (4m00.0s), 00/75 VUs, 8099 complete and 0 interrupted iterations
default ✓ [ 100% ] 00/75 VUs  4m0s
