
         /\      Grafana   /‾‾/  
    /\  /  \     |\  __   /  /   
   /  \/    \    | |/ /  /   ‾‾\ 
  /          \   |   (  |  (‾)  |
 / __________ \  |_|\_\  \_____/ 


     execution: local
        script: io-bound-test.js
        output: -

     scenarios: (100.00%) 1 scenario, 500 max VUs, 6m30s max duration (incl. graceful stop):
              * default: Up to 500 looping VUs for 6m0s over 3 stages (gracefulRampDown: 30s, gracefulStop: 30s)


running (0m00.8s), 013/500 VUs, 96 complete and 0 interrupted iterations
default   [   0% ] 013/500 VUs  0m00.8s/6m00.0s

running (0m01.8s), 030/500 VUs, 510 complete and 0 interrupted iterations
default   [   0% ] 030/500 VUs  0m01.8s/6m00.0s

running (0m02.8s), 047/500 VUs, 1238 complete and 0 interrupted iterations
default   [   1% ] 047/500 VUs  0m02.8s/6m00.0s

running (0m03.8s), 063/500 VUs, 2217 complete and 0 interrupted iterations
default   [   1% ] 063/500 VUs  0m03.8s/6m00.0s

running (0m04.8s), 080/500 VUs, 3202 complete and 0 interrupted iterations
default   [   1% ] 080/500 VUs  0m04.8s/6m00.0s

running (0m05.8s), 097/500 VUs, 4176 complete and 0 interrupted iterations
default   [   2% ] 097/500 VUs  0m05.8s/6m00.0s

running (0m06.8s), 113/500 VUs, 5167 complete and 0 interrupted iterations
default   [   2% ] 113/500 VUs  0m06.8s/6m00.0s

running (0m07.8s), 130/500 VUs, 6128 complete and 0 interrupted iterations
default   [   2% ] 130/500 VUs  0m07.8s/6m00.0s

running (0m08.8s), 146/500 VUs, 7117 complete and 0 interrupted iterations
default   [   2% ] 146/500 VUs  0m08.8s/6m00.0s

running (0m09.8s), 163/500 VUs, 8117 complete and 0 interrupted iterations
default   [   3% ] 163/500 VUs  0m09.8s/6m00.0s

running (0m10.8s), 180/500 VUs, 9076 complete and 0 interrupted iterations
default   [   3% ] 180/500 VUs  0m10.8s/6m00.0s

running (0m11.8s), 196/500 VUs, 10067 complete and 0 interrupted iterations
default   [   3% ] 196/500 VUs  0m11.8s/6m00.0s

running (0m12.8s), 213/500 VUs, 11035 complete and 0 interrupted iterations
default   [   4% ] 213/500 VUs  0m12.8s/6m00.0s

running (0m13.8s), 230/500 VUs, 12017 complete and 0 interrupted iterations
default   [   4% ] 230/500 VUs  0m13.8s/6m00.0s

running (0m14.8s), 246/500 VUs, 13017 complete and 0 interrupted iterations
default   [   4% ] 246/500 VUs  0m14.8s/6m00.0s

running (0m15.8s), 263/500 VUs, 13967 complete and 0 interrupted iterations
default   [   4% ] 263/500 VUs  0m15.8s/6m00.0s

running (0m16.8s), 279/500 VUs, 14967 complete and 0 interrupted iterations
default   [   5% ] 279/500 VUs  0m16.8s/6m00.0s

running (0m17.8s), 296/500 VUs, 15948 complete and 0 interrupted iterations
default   [   5% ] 296/500 VUs  0m17.8s/6m00.0s

running (0m18.8s), 313/500 VUs, 16917 complete and 0 interrupted iterations
default   [   5% ] 313/500 VUs  0m18.8s/6m00.0s

running (0m19.8s), 329/500 VUs, 17917 complete and 0 interrupted iterations
default   [   5% ] 329/500 VUs  0m19.8s/6m00.0s

running (0m20.8s), 346/500 VUs, 18867 complete and 0 interrupted iterations
default   [   6% ] 346/500 VUs  0m20.8s/6m00.0s

running (0m21.8s), 363/500 VUs, 19867 complete and 0 interrupted iterations
default   [   6% ] 363/500 VUs  0m21.8s/6m00.0s

running (0m22.8s), 379/500 VUs, 20840 complete and 0 interrupted iterations
default   [   6% ] 379/500 VUs  0m22.8s/6m00.0s

running (0m23.8s), 396/500 VUs, 21817 complete and 0 interrupted iterations
default   [   7% ] 396/500 VUs  0m23.8s/6m00.0s

running (0m24.8s), 413/500 VUs, 22817 complete and 0 interrupted iterations
default   [   7% ] 413/500 VUs  0m24.8s/6m00.0s

running (0m25.8s), 429/500 VUs, 23767 complete and 0 interrupted iterations
default   [   7% ] 429/500 VUs  0m25.8s/6m00.0s

running (0m26.8s), 446/500 VUs, 24767 complete and 0 interrupted iterations
default   [   7% ] 446/500 VUs  0m26.8s/6m00.0s

running (0m27.8s), 462/500 VUs, 25722 complete and 0 interrupted iterations
default   [   8% ] 462/500 VUs  0m27.8s/6m00.0s

running (0m28.8s), 479/500 VUs, 26717 complete and 0 interrupted iterations
default   [   8% ] 479/500 VUs  0m28.8s/6m00.0s

running (0m29.8s), 496/500 VUs, 27695 complete and 0 interrupted iterations
default   [   8% ] 496/500 VUs  0m29.8s/6m00.0s

running (0m30.8s), 500/500 VUs, 28667 complete and 0 interrupted iterations
default   [   9% ] 500/500 VUs  0m30.8s/6m00.0s

running (0m31.8s), 500/500 VUs, 29667 complete and 0 interrupted iterations
default   [   9% ] 500/500 VUs  0m31.8s/6m00.0s

running (0m32.8s), 500/500 VUs, 30617 complete and 0 interrupted iterations
default   [   9% ] 500/500 VUs  0m32.8s/6m00.0s

running (0m33.8s), 500/500 VUs, 31617 complete and 0 interrupted iterations
default   [   9% ] 500/500 VUs  0m33.8s/6m00.0s

running (0m34.8s), 500/500 VUs, 32583 complete and 0 interrupted iterations
default   [  10% ] 500/500 VUs  0m34.8s/6m00.0s

running (0m35.8s), 500/500 VUs, 33567 complete and 0 interrupted iterations
default   [  10% ] 500/500 VUs  0m35.8s/6m00.0s

running (0m36.8s), 500/500 VUs, 34567 complete and 0 interrupted iterations
default   [  10% ] 500/500 VUs  0m36.8s/6m00.0s

running (0m37.8s), 500/500 VUs, 35517 complete and 0 interrupted iterations
default   [  10% ] 500/500 VUs  0m37.8s/6m00.0s

running (0m38.8s), 500/500 VUs, 36517 complete and 0 interrupted iterations
default   [  11% ] 500/500 VUs  0m38.8s/6m00.0s

running (0m39.8s), 500/500 VUs, 37467 complete and 0 interrupted iterations
default   [  11% ] 500/500 VUs  0m39.8s/6m00.0s

running (0m40.8s), 500/500 VUs, 38467 complete and 0 interrupted iterations
default   [  11% ] 500/500 VUs  0m40.8s/6m00.0s

running (0m41.8s), 500/500 VUs, 39446 complete and 0 interrupted iterations
default   [  12% ] 500/500 VUs  0m41.8s/6m00.0s

running (0m42.8s), 500/500 VUs, 40417 complete and 0 interrupted iterations
default   [  12% ] 500/500 VUs  0m42.8s/6m00.0s

running (0m43.8s), 500/500 VUs, 41417 complete and 0 interrupted iterations
default   [  12% ] 500/500 VUs  0m43.8s/6m00.0s

running (0m44.8s), 500/500 VUs, 42367 complete and 0 interrupted iterations
default   [  12% ] 500/500 VUs  0m44.8s/6m00.0s

running (0m45.8s), 500/500 VUs, 43367 complete and 0 interrupted iterations
default   [  13% ] 500/500 VUs  0m45.8s/6m00.0s

running (0m46.8s), 500/500 VUs, 44326 complete and 0 interrupted iterations
default   [  13% ] 500/500 VUs  0m46.8s/6m00.0s

running (0m47.8s), 500/500 VUs, 45317 complete and 0 interrupted iterations
default   [  13% ] 500/500 VUs  0m47.8s/6m00.0s

running (0m48.8s), 500/500 VUs, 46317 complete and 0 interrupted iterations
default   [  14% ] 500/500 VUs  0m48.8s/6m00.0s

running (0m49.8s), 500/500 VUs, 47267 complete and 0 interrupted iterations
default   [  14% ] 500/500 VUs  0m49.8s/6m00.0s

running (0m50.8s), 500/500 VUs, 48267 complete and 0 interrupted iterations
default   [  14% ] 500/500 VUs  0m50.8s/6m00.0s

running (0m51.8s), 500/500 VUs, 49217 complete and 0 interrupted iterations
default   [  14% ] 500/500 VUs  0m51.8s/6m00.0s

running (0m52.8s), 500/500 VUs, 50217 complete and 0 interrupted iterations
default   [  15% ] 500/500 VUs  0m52.8s/6m00.0s

running (0m53.8s), 500/500 VUs, 51195 complete and 0 interrupted iterations
default   [  15% ] 500/500 VUs  0m53.8s/6m00.0s

running (0m54.8s), 500/500 VUs, 52167 complete and 0 interrupted iterations
default   [  15% ] 500/500 VUs  0m54.8s/6m00.0s

running (0m55.8s), 500/500 VUs, 53167 complete and 0 interrupted iterations
default   [  15% ] 500/500 VUs  0m55.8s/6m00.0s

running (0m56.8s), 500/500 VUs, 54117 complete and 0 interrupted iterations
default   [  16% ] 500/500 VUs  0m56.8s/6m00.0s

running (0m57.8s), 500/500 VUs, 55117 complete and 0 interrupted iterations
default   [  16% ] 500/500 VUs  0m57.8s/6m00.0s

running (0m58.8s), 500/500 VUs, 56080 complete and 0 interrupted iterations
default   [  16% ] 500/500 VUs  0m58.8s/6m00.0s

running (0m59.8s), 500/500 VUs, 57067 complete and 0 interrupted iterations
default   [  17% ] 500/500 VUs  0m59.8s/6m00.0s

running (1m00.8s), 500/500 VUs, 58028 complete and 0 interrupted iterations
default   [  17% ] 500/500 VUs  1m00.8s/6m00.0s

running (1m01.8s), 500/500 VUs, 59017 complete and 0 interrupted iterations
default   [  17% ] 500/500 VUs  1m01.8s/6m00.0s

running (1m02.8s), 500/500 VUs, 60017 complete and 0 interrupted iterations
default   [  17% ] 500/500 VUs  1m02.8s/6m00.0s

running (1m03.8s), 500/500 VUs, 60967 complete and 0 interrupted iterations
default   [  18% ] 500/500 VUs  1m03.8s/6m00.0s

running (1m04.8s), 500/500 VUs, 61967 complete and 0 interrupted iterations
default   [  18% ] 500/500 VUs  1m04.8s/6m00.0s

running (1m05.8s), 500/500 VUs, 62931 complete and 0 interrupted iterations
default   [  18% ] 500/500 VUs  1m05.8s/6m00.0s

running (1m06.8s), 500/500 VUs, 63917 complete and 0 interrupted iterations
default   [  19% ] 500/500 VUs  1m06.8s/6m00.0s

running (1m07.8s), 500/500 VUs, 64896 complete and 0 interrupted iterations
default   [  19% ] 500/500 VUs  1m07.8s/6m00.0s

running (1m08.8s), 500/500 VUs, 65867 complete and 0 interrupted iterations
default   [  19% ] 500/500 VUs  1m08.8s/6m00.0s

running (1m09.8s), 500/500 VUs, 66867 complete and 0 interrupted iterations
default   [  19% ] 500/500 VUs  1m09.8s/6m00.0s

running (1m10.8s), 500/500 VUs, 67817 complete and 0 interrupted iterations
default   [  20% ] 500/500 VUs  1m10.8s/6m00.0s

running (1m11.8s), 500/500 VUs, 68817 complete and 0 interrupted iterations
default   [  20% ] 500/500 VUs  1m11.8s/6m00.0s

running (1m12.8s), 500/500 VUs, 69791 complete and 0 interrupted iterations
default   [  20% ] 500/500 VUs  1m12.8s/6m00.0s

running (1m13.8s), 500/500 VUs, 70767 complete and 0 interrupted iterations
default   [  20% ] 500/500 VUs  1m13.8s/6m00.0s

running (1m14.8s), 500/500 VUs, 71767 complete and 0 interrupted iterations
default   [  21% ] 500/500 VUs  1m14.8s/6m00.0s

running (1m15.8s), 500/500 VUs, 72717 complete and 0 interrupted iterations
default   [  21% ] 500/500 VUs  1m15.8s/6m00.0s

running (1m16.8s), 500/500 VUs, 73717 complete and 0 interrupted iterations
default   [  21% ] 500/500 VUs  1m16.8s/6m00.0s

running (1m17.8s), 500/500 VUs, 74683 complete and 0 interrupted iterations
default   [  22% ] 500/500 VUs  1m17.8s/6m00.0s

running (1m18.8s), 500/500 VUs, 75667 complete and 0 interrupted iterations
default   [  22% ] 500/500 VUs  1m18.8s/6m00.0s

running (1m19.8s), 500/500 VUs, 76664 complete and 0 interrupted iterations
default   [  22% ] 500/500 VUs  1m19.8s/6m00.0s

running (1m20.8s), 500/500 VUs, 77617 complete and 0 interrupted iterations
default   [  22% ] 500/500 VUs  1m20.8s/6m00.0s

running (1m21.8s), 500/500 VUs, 78607 complete and 0 interrupted iterations
default   [  23% ] 500/500 VUs  1m21.8s/6m00.0s

running (1m22.8s), 500/500 VUs, 79567 complete and 0 interrupted iterations
default   [  23% ] 500/500 VUs  1m22.8s/6m00.0s

running (1m23.8s), 500/500 VUs, 80567 complete and 0 interrupted iterations
default   [  23% ] 500/500 VUs  1m23.8s/6m00.0s

running (1m24.8s), 500/500 VUs, 81522 complete and 0 interrupted iterations
default   [  24% ] 500/500 VUs  1m24.8s/6m00.0s

running (1m25.8s), 500/500 VUs, 82517 complete and 0 interrupted iterations
default   [  24% ] 500/500 VUs  1m25.8s/6m00.0s

running (1m26.8s), 500/500 VUs, 83517 complete and 0 interrupted iterations
default   [  24% ] 500/500 VUs  1m26.8s/6m00.0s

running (1m27.8s), 500/500 VUs, 84467 complete and 0 interrupted iterations
default   [  24% ] 500/500 VUs  1m27.8s/6m00.0s

running (1m28.8s), 500/500 VUs, 85467 complete and 0 interrupted iterations
default   [  25% ] 500/500 VUs  1m28.8s/6m00.0s

running (1m29.8s), 500/500 VUs, 86417 complete and 0 interrupted iterations
default   [  25% ] 500/500 VUs  1m29.8s/6m00.0s

running (1m30.8s), 500/500 VUs, 87417 complete and 0 interrupted iterations
default   [  25% ] 500/500 VUs  1m30.8s/6m00.0s

running (1m31.8s), 500/500 VUs, 88383 complete and 0 interrupted iterations
default   [  25% ] 500/500 VUs  1m31.8s/6m00.0s

running (1m32.8s), 500/500 VUs, 89367 complete and 0 interrupted iterations
default   [  26% ] 500/500 VUs  1m32.8s/6m00.0s

running (1m33.8s), 500/500 VUs, 90330 complete and 0 interrupted iterations
default   [  26% ] 500/500 VUs  1m33.8s/6m00.0s

running (1m34.8s), 500/500 VUs, 91317 complete and 0 interrupted iterations
default   [  26% ] 500/500 VUs  1m34.8s/6m00.0s

running (1m35.8s), 500/500 VUs, 92317 complete and 0 interrupted iterations
default   [  27% ] 500/500 VUs  1m35.8s/6m00.0s

running (1m36.8s), 500/500 VUs, 93267 complete and 0 interrupted iterations
default   [  27% ] 500/500 VUs  1m36.8s/6m00.0s

running (1m37.8s), 500/500 VUs, 94267 complete and 0 interrupted iterations
default   [  27% ] 500/500 VUs  1m37.8s/6m00.0s

running (1m38.8s), 500/500 VUs, 95230 complete and 0 interrupted iterations
default   [  27% ] 500/500 VUs  1m38.8s/6m00.0s

running (1m39.8s), 500/500 VUs, 96217 complete and 0 interrupted iterations
default   [  28% ] 500/500 VUs  1m39.8s/6m00.0s

running (1m40.8s), 500/500 VUs, 97184 complete and 0 interrupted iterations
default   [  28% ] 500/500 VUs  1m40.8s/6m00.0s

running (1m41.8s), 500/500 VUs, 98167 complete and 0 interrupted iterations
default   [  28% ] 500/500 VUs  1m41.8s/6m00.0s

running (1m42.8s), 500/500 VUs, 99139 complete and 0 interrupted iterations
default   [  29% ] 500/500 VUs  1m42.8s/6m00.0s

running (1m43.8s), 500/500 VUs, 100117 complete and 0 interrupted iterations
default   [  29% ] 500/500 VUs  1m43.8s/6m00.0s

running (1m44.8s), 500/500 VUs, 101101 complete and 0 interrupted iterations
default   [  29% ] 500/500 VUs  1m44.8s/6m00.0s

running (1m45.8s), 500/500 VUs, 102080 complete and 0 interrupted iterations
default   [  29% ] 500/500 VUs  1m45.8s/6m00.0s

running (1m46.8s), 500/500 VUs, 103067 complete and 0 interrupted iterations
default   [  30% ] 500/500 VUs  1m46.8s/6m00.0s

running (1m47.8s), 500/500 VUs, 104039 complete and 0 interrupted iterations
default   [  30% ] 500/500 VUs  1m47.8s/6m00.0s

running (1m48.8s), 500/500 VUs, 105017 complete and 0 interrupted iterations
default   [  30% ] 500/500 VUs  1m48.8s/6m00.0s

running (1m49.8s), 500/500 VUs, 105989 complete and 0 interrupted iterations
default   [  30% ] 500/500 VUs  1m49.8s/6m00.0s

running (1m50.8s), 500/500 VUs, 106967 complete and 0 interrupted iterations
default   [  31% ] 500/500 VUs  1m50.8s/6m00.0s

running (1m51.8s), 500/500 VUs, 107957 complete and 0 interrupted iterations
default   [  31% ] 500/500 VUs  1m51.8s/6m00.0s

running (1m52.8s), 500/500 VUs, 108939 complete and 0 interrupted iterations
default   [  31% ] 500/500 VUs  1m52.8s/6m00.0s

running (1m53.8s), 500/500 VUs, 109917 complete and 0 interrupted iterations
default   [  32% ] 500/500 VUs  1m53.8s/6m00.0s

running (1m54.8s), 500/500 VUs, 110889 complete and 0 interrupted iterations
default   [  32% ] 500/500 VUs  1m54.8s/6m00.0s

running (1m55.8s), 500/500 VUs, 111867 complete and 0 interrupted iterations
default   [  32% ] 500/500 VUs  1m55.8s/6m00.0s

running (1m56.8s), 500/500 VUs, 112839 complete and 0 interrupted iterations
default   [  32% ] 500/500 VUs  1m56.8s/6m00.0s

running (1m57.8s), 500/500 VUs, 113832 complete and 0 interrupted iterations
default   [  33% ] 500/500 VUs  1m57.8s/6m00.0s

running (1m58.8s), 500/500 VUs, 114817 complete and 0 interrupted iterations
default   [  33% ] 500/500 VUs  1m58.8s/6m00.0s

running (1m59.8s), 500/500 VUs, 115774 complete and 0 interrupted iterations
default   [  33% ] 500/500 VUs  1m59.8s/6m00.0s

running (2m00.8s), 500/500 VUs, 116767 complete and 0 interrupted iterations
default   [  34% ] 500/500 VUs  2m00.8s/6m00.0s

running (2m01.8s), 500/500 VUs, 117739 complete and 0 interrupted iterations
default   [  34% ] 500/500 VUs  2m01.8s/6m00.0s

running (2m02.8s), 500/500 VUs, 118717 complete and 0 interrupted iterations
default   [  34% ] 500/500 VUs  2m02.8s/6m00.0s

running (2m03.8s), 500/500 VUs, 119692 complete and 0 interrupted iterations
default   [  34% ] 500/500 VUs  2m03.8s/6m00.0s

running (2m04.8s), 500/500 VUs, 120667 complete and 0 interrupted iterations
default   [  35% ] 500/500 VUs  2m04.8s/6m00.0s

running (2m05.8s), 500/500 VUs, 121667 complete and 0 interrupted iterations
default   [  35% ] 500/500 VUs  2m05.8s/6m00.0s

running (2m06.8s), 500/500 VUs, 122632 complete and 0 interrupted iterations
default   [  35% ] 500/500 VUs  2m06.8s/6m00.0s

running (2m07.8s), 500/500 VUs, 123617 complete and 0 interrupted iterations
default   [  35% ] 500/500 VUs  2m07.8s/6m00.0s

running (2m08.8s), 500/500 VUs, 124617 complete and 0 interrupted iterations
default   [  36% ] 500/500 VUs  2m08.8s/6m00.0s

running (2m09.8s), 500/500 VUs, 125568 complete and 0 interrupted iterations
default   [  36% ] 500/500 VUs  2m09.8s/6m00.0s

running (2m10.8s), 500/500 VUs, 126567 complete and 0 interrupted iterations
default   [  36% ] 500/500 VUs  2m10.8s/6m00.0s

running (2m11.8s), 500/500 VUs, 127536 complete and 0 interrupted iterations
default   [  37% ] 500/500 VUs  2m11.8s/6m00.0s

running (2m12.8s), 500/500 VUs, 128518 complete and 0 interrupted iterations
default   [  37% ] 500/500 VUs  2m12.8s/6m00.0s

running (2m13.8s), 500/500 VUs, 129517 complete and 0 interrupted iterations
default   [  37% ] 500/500 VUs  2m13.8s/6m00.0s

running (2m14.8s), 500/500 VUs, 130468 complete and 0 interrupted iterations
default   [  37% ] 500/500 VUs  2m14.8s/6m00.0s

running (2m15.8s), 500/500 VUs, 131467 complete and 0 interrupted iterations
default   [  38% ] 500/500 VUs  2m15.8s/6m00.0s

running (2m16.8s), 500/500 VUs, 132437 complete and 0 interrupted iterations
default   [  38% ] 500/500 VUs  2m16.8s/6m00.0s

running (2m17.8s), 500/500 VUs, 133418 complete and 0 interrupted iterations
default   [  38% ] 500/500 VUs  2m17.8s/6m00.0s

running (2m18.8s), 500/500 VUs, 134417 complete and 0 interrupted iterations
default   [  39% ] 500/500 VUs  2m18.8s/6m00.0s

running (2m19.8s), 500/500 VUs, 135368 complete and 0 interrupted iterations
default   [  39% ] 500/500 VUs  2m19.8s/6m00.0s

running (2m20.8s), 500/500 VUs, 136368 complete and 0 interrupted iterations
default   [  39% ] 500/500 VUs  2m20.8s/6m00.0s

running (2m21.8s), 500/500 VUs, 137358 complete and 0 interrupted iterations
default   [  39% ] 500/500 VUs  2m21.8s/6m00.0s

running (2m22.8s), 500/500 VUs, 138318 complete and 0 interrupted iterations
default   [  40% ] 500/500 VUs  2m22.8s/6m00.0s

running (2m23.8s), 500/500 VUs, 139308 complete and 0 interrupted iterations
default   [  40% ] 500/500 VUs  2m23.8s/6m00.0s

running (2m24.8s), 500/500 VUs, 140268 complete and 0 interrupted iterations
default   [  40% ] 500/500 VUs  2m24.8s/6m00.0s

running (2m25.8s), 500/500 VUs, 141268 complete and 0 interrupted iterations
default   [  40% ] 500/500 VUs  2m25.8s/6m00.0s

running (2m26.8s), 500/500 VUs, 142218 complete and 0 interrupted iterations
default   [  41% ] 500/500 VUs  2m26.8s/6m00.0s

running (2m27.8s), 500/500 VUs, 143218 complete and 0 interrupted iterations
default   [  41% ] 500/500 VUs  2m27.8s/6m00.0s

running (2m28.8s), 500/500 VUs, 144193 complete and 0 interrupted iterations
default   [  41% ] 500/500 VUs  2m28.8s/6m00.0s

running (2m29.8s), 500/500 VUs, 145168 complete and 0 interrupted iterations
default   [  42% ] 500/500 VUs  2m29.8s/6m00.0s

running (2m30.8s), 500/500 VUs, 146168 complete and 0 interrupted iterations
default   [  42% ] 500/500 VUs  2m30.8s/6m00.0s

running (2m31.8s), 500/500 VUs, 147118 complete and 0 interrupted iterations
default   [  42% ] 500/500 VUs  2m31.8s/6m00.0s

running (2m32.8s), 500/500 VUs, 148118 complete and 0 interrupted iterations
default   [  42% ] 500/500 VUs  2m32.8s/6m00.0s

running (2m33.8s), 500/500 VUs, 149116 complete and 0 interrupted iterations
default   [  43% ] 500/500 VUs  2m33.8s/6m00.0s

running (2m34.8s), 500/500 VUs, 150068 complete and 0 interrupted iterations
default   [  43% ] 500/500 VUs  2m34.8s/6m00.0s

running (2m35.8s), 500/500 VUs, 151068 complete and 0 interrupted iterations
default   [  43% ] 500/500 VUs  2m35.8s/6m00.0s

running (2m36.8s), 500/500 VUs, 152018 complete and 0 interrupted iterations
default   [  44% ] 500/500 VUs  2m36.8s/6m00.0s

running (2m37.8s), 500/500 VUs, 153018 complete and 0 interrupted iterations
default   [  44% ] 500/500 VUs  2m37.8s/6m00.0s

running (2m38.8s), 500/500 VUs, 153968 complete and 0 interrupted iterations
default   [  44% ] 500/500 VUs  2m38.8s/6m00.0s

running (2m39.8s), 500/500 VUs, 154968 complete and 0 interrupted iterations
default   [  44% ] 500/500 VUs  2m39.8s/6m00.0s

running (2m40.8s), 500/500 VUs, 155960 complete and 0 interrupted iterations
default   [  45% ] 500/500 VUs  2m40.8s/6m00.0s

running (2m41.8s), 500/500 VUs, 156918 complete and 0 interrupted iterations
default   [  45% ] 500/500 VUs  2m41.8s/6m00.0s

running (2m42.8s), 500/500 VUs, 157918 complete and 0 interrupted iterations
default   [  45% ] 500/500 VUs  2m42.8s/6m00.0s

running (2m43.8s), 500/500 VUs, 158868 complete and 0 interrupted iterations
default   [  45% ] 500/500 VUs  2m43.8s/6m00.0s

running (2m44.8s), 500/500 VUs, 159868 complete and 0 interrupted iterations
default   [  46% ] 500/500 VUs  2m44.8s/6m00.0s

running (2m45.8s), 500/500 VUs, 160868 complete and 0 interrupted iterations
default   [  46% ] 500/500 VUs  2m45.8s/6m00.0s

running (2m46.8s), 500/500 VUs, 161818 complete and 0 interrupted iterations
default   [  46% ] 500/500 VUs  2m46.8s/6m00.0s

running (2m47.8s), 500/500 VUs, 162788 complete and 0 interrupted iterations
default   [  47% ] 500/500 VUs  2m47.8s/6m00.0s

running (2m48.8s), 500/500 VUs, 163768 complete and 0 interrupted iterations
default   [  47% ] 500/500 VUs  2m48.8s/6m00.0s

running (2m49.8s), 500/500 VUs, 164768 complete and 0 interrupted iterations
default   [  47% ] 500/500 VUs  2m49.8s/6m00.0s

running (2m50.8s), 500/500 VUs, 165718 complete and 0 interrupted iterations
default   [  47% ] 500/500 VUs  2m50.8s/6m00.0s

running (2m51.8s), 500/500 VUs, 166718 complete and 0 interrupted iterations
default   [  48% ] 500/500 VUs  2m51.8s/6m00.0s

running (2m52.8s), 500/500 VUs, 167708 complete and 0 interrupted iterations
default   [  48% ] 500/500 VUs  2m52.8s/6m00.0s

running (2m53.8s), 500/500 VUs, 168668 complete and 0 interrupted iterations
default   [  48% ] 500/500 VUs  2m53.8s/6m00.0s

running (2m54.8s), 500/500 VUs, 169668 complete and 0 interrupted iterations
default   [  49% ] 500/500 VUs  2m54.8s/6m00.0s

running (2m55.8s), 500/500 VUs, 170618 complete and 0 interrupted iterations
default   [  49% ] 500/500 VUs  2m55.8s/6m00.0s

running (2m56.8s), 500/500 VUs, 171618 complete and 0 interrupted iterations
default   [  49% ] 500/500 VUs  2m56.8s/6m00.0s

running (2m57.8s), 500/500 VUs, 172618 complete and 0 interrupted iterations
default   [  49% ] 500/500 VUs  2m57.8s/6m00.0s

running (2m58.8s), 500/500 VUs, 173568 complete and 0 interrupted iterations
default   [  50% ] 500/500 VUs  2m58.8s/6m00.0s

running (2m59.8s), 500/500 VUs, 174546 complete and 0 interrupted iterations
default   [  50% ] 500/500 VUs  2m59.8s/6m00.0s

running (3m00.8s), 500/500 VUs, 175518 complete and 0 interrupted iterations
default   [  50% ] 500/500 VUs  3m00.8s/6m00.0s

running (3m01.8s), 500/500 VUs, 176518 complete and 0 interrupted iterations
default   [  50% ] 500/500 VUs  3m01.8s/6m00.0s

running (3m02.8s), 500/500 VUs, 177468 complete and 0 interrupted iterations
default   [  51% ] 500/500 VUs  3m02.8s/6m00.0s

running (3m03.8s), 500/500 VUs, 178468 complete and 0 interrupted iterations
default   [  51% ] 500/500 VUs  3m03.8s/6m00.0s

running (3m04.8s), 500/500 VUs, 179450 complete and 0 interrupted iterations
default   [  51% ] 500/500 VUs  3m04.8s/6m00.0s

running (3m05.8s), 500/500 VUs, 180418 complete and 0 interrupted iterations
default   [  52% ] 500/500 VUs  3m05.8s/6m00.0s

running (3m06.8s), 500/500 VUs, 181418 complete and 0 interrupted iterations
default   [  52% ] 500/500 VUs  3m06.8s/6m00.0s

running (3m07.8s), 500/500 VUs, 182368 complete and 0 interrupted iterations
default   [  52% ] 500/500 VUs  3m07.8s/6m00.0s

running (3m08.8s), 500/500 VUs, 183368 complete and 0 interrupted iterations
default   [  52% ] 500/500 VUs  3m08.8s/6m00.0s

running (3m09.8s), 500/500 VUs, 184319 complete and 0 interrupted iterations
default   [  53% ] 500/500 VUs  3m09.8s/6m00.0s

running (3m10.8s), 500/500 VUs, 185318 complete and 0 interrupted iterations
default   [  53% ] 500/500 VUs  3m10.8s/6m00.0s

running (3m11.8s), 500/500 VUs, 186281 complete and 0 interrupted iterations
default   [  53% ] 500/500 VUs  3m11.8s/6m00.0s

running (3m12.8s), 500/500 VUs, 187268 complete and 0 interrupted iterations
default   [  54% ] 500/500 VUs  3m12.8s/6m00.0s

running (3m13.8s), 500/500 VUs, 188261 complete and 0 interrupted iterations
default   [  54% ] 500/500 VUs  3m13.8s/6m00.0s

running (3m14.8s), 500/500 VUs, 189218 complete and 0 interrupted iterations
default   [  54% ] 500/500 VUs  3m14.8s/6m00.0s

running (3m15.8s), 500/500 VUs, 190214 complete and 0 interrupted iterations
default   [  54% ] 500/500 VUs  3m15.8s/6m00.0s

running (3m16.8s), 500/500 VUs, 191181 complete and 0 interrupted iterations
default   [  55% ] 500/500 VUs  3m16.8s/6m00.0s

running (3m17.8s), 500/500 VUs, 192168 complete and 0 interrupted iterations
default   [  55% ] 500/500 VUs  3m17.8s/6m00.0s

running (3m18.8s), 500/500 VUs, 193137 complete and 0 interrupted iterations
default   [  55% ] 500/500 VUs  3m18.8s/6m00.0s

running (3m19.8s), 500/500 VUs, 194118 complete and 0 interrupted iterations
default   [  55% ] 500/500 VUs  3m19.8s/6m00.0s

running (3m20.8s), 500/500 VUs, 195097 complete and 0 interrupted iterations
default   [  56% ] 500/500 VUs  3m20.8s/6m00.0s

running (3m21.8s), 500/500 VUs, 196068 complete and 0 interrupted iterations
default   [  56% ] 500/500 VUs  3m21.8s/6m00.0s

running (3m22.8s), 500/500 VUs, 197068 complete and 0 interrupted iterations
default   [  56% ] 500/500 VUs  3m22.8s/6m00.0s

running (3m23.8s), 500/500 VUs, 198037 complete and 0 interrupted iterations
default   [  57% ] 500/500 VUs  3m23.8s/6m00.0s

running (3m24.8s), 500/500 VUs, 199018 complete and 0 interrupted iterations
default   [  57% ] 500/500 VUs  3m24.8s/6m00.0s

running (3m25.8s), 500/500 VUs, 199991 complete and 0 interrupted iterations
default   [  57% ] 500/500 VUs  3m25.8s/6m00.0s

running (3m26.8s), 500/500 VUs, 200968 complete and 0 interrupted iterations
default   [  57% ] 500/500 VUs  3m26.8s/6m00.0s

running (3m27.8s), 500/500 VUs, 201968 complete and 0 interrupted iterations
default   [  58% ] 500/500 VUs  3m27.8s/6m00.0s

running (3m28.8s), 500/500 VUs, 202929 complete and 0 interrupted iterations
default   [  58% ] 500/500 VUs  3m28.8s/6m00.0s

running (3m29.8s), 500/500 VUs, 203918 complete and 0 interrupted iterations
default   [  58% ] 500/500 VUs  3m29.8s/6m00.0s

running (3m30.8s), 500/500 VUs, 204918 complete and 0 interrupted iterations
default   [  59% ] 500/500 VUs  3m30.8s/6m00.0s

running (3m31.8s), 500/500 VUs, 205868 complete and 0 interrupted iterations
default   [  59% ] 500/500 VUs  3m31.8s/6m00.0s

running (3m32.8s), 500/500 VUs, 206868 complete and 0 interrupted iterations
default   [  59% ] 500/500 VUs  3m32.8s/6m00.0s

running (3m33.8s), 500/500 VUs, 207818 complete and 0 interrupted iterations
default   [  59% ] 500/500 VUs  3m33.8s/6m00.0s

running (3m34.8s), 500/500 VUs, 208818 complete and 0 interrupted iterations
default   [  60% ] 500/500 VUs  3m34.8s/6m00.0s

running (3m35.8s), 500/500 VUs, 209801 complete and 0 interrupted iterations
default   [  60% ] 500/500 VUs  3m35.8s/6m00.0s

running (3m36.8s), 500/500 VUs, 210768 complete and 0 interrupted iterations
default   [  60% ] 500/500 VUs  3m36.8s/6m00.0s

running (3m37.8s), 500/500 VUs, 211768 complete and 0 interrupted iterations
default   [  60% ] 500/500 VUs  3m37.8s/6m00.0s

running (3m38.8s), 500/500 VUs, 212718 complete and 0 interrupted iterations
default   [  61% ] 500/500 VUs  3m38.8s/6m00.0s

running (3m39.8s), 500/500 VUs, 213718 complete and 0 interrupted iterations
default   [  61% ] 500/500 VUs  3m39.8s/6m00.0s

running (3m40.8s), 500/500 VUs, 214678 complete and 0 interrupted iterations
default   [  61% ] 500/500 VUs  3m40.8s/6m00.0s

running (3m41.8s), 500/500 VUs, 215668 complete and 0 interrupted iterations
default   [  62% ] 500/500 VUs  3m41.8s/6m00.0s

running (3m42.8s), 500/500 VUs, 216653 complete and 0 interrupted iterations
default   [  62% ] 500/500 VUs  3m42.8s/6m00.0s

running (3m43.8s), 500/500 VUs, 217618 complete and 0 interrupted iterations
default   [  62% ] 500/500 VUs  3m43.8s/6m00.0s

running (3m44.8s), 500/500 VUs, 218618 complete and 0 interrupted iterations
default   [  62% ] 500/500 VUs  3m44.8s/6m00.0s

running (3m45.8s), 500/500 VUs, 219568 complete and 0 interrupted iterations
default   [  63% ] 500/500 VUs  3m45.8s/6m00.0s

running (3m46.8s), 500/500 VUs, 220568 complete and 0 interrupted iterations
default   [  63% ] 500/500 VUs  3m46.8s/6m00.0s

running (3m47.8s), 500/500 VUs, 221528 complete and 0 interrupted iterations
default   [  63% ] 500/500 VUs  3m47.8s/6m00.0s

running (3m48.8s), 500/500 VUs, 222518 complete and 0 interrupted iterations
default   [  64% ] 500/500 VUs  3m48.8s/6m00.0s

running (3m49.8s), 500/500 VUs, 223518 complete and 0 interrupted iterations
default   [  64% ] 500/500 VUs  3m49.8s/6m00.0s

running (3m50.8s), 500/500 VUs, 224468 complete and 0 interrupted iterations
default   [  64% ] 500/500 VUs  3m50.8s/6m00.0s

running (3m51.8s), 500/500 VUs, 225468 complete and 0 interrupted iterations
default   [  64% ] 500/500 VUs  3m51.8s/6m00.0s

running (3m52.8s), 500/500 VUs, 226428 complete and 0 interrupted iterations
default   [  65% ] 500/500 VUs  3m52.8s/6m00.0s

running (3m53.8s), 500/500 VUs, 227418 complete and 0 interrupted iterations
default   [  65% ] 500/500 VUs  3m53.8s/6m00.0s

running (3m54.8s), 500/500 VUs, 228418 complete and 0 interrupted iterations
default   [  65% ] 500/500 VUs  3m54.8s/6m00.0s

running (3m55.8s), 500/500 VUs, 229368 complete and 0 interrupted iterations
default   [  65% ] 500/500 VUs  3m55.8s/6m00.0s

running (3m56.8s), 500/500 VUs, 230368 complete and 0 interrupted iterations
default   [  66% ] 500/500 VUs  3m56.8s/6m00.0s

running (3m57.8s), 500/500 VUs, 231318 complete and 0 interrupted iterations
default   [  66% ] 500/500 VUs  3m57.8s/6m00.0s

running (3m58.8s), 500/500 VUs, 232318 complete and 0 interrupted iterations
default   [  66% ] 500/500 VUs  3m58.8s/6m00.0s

running (3m59.8s), 500/500 VUs, 233298 complete and 0 interrupted iterations
default   [  67% ] 500/500 VUs  3m59.8s/6m00.0s

running (4m00.8s), 500/500 VUs, 234268 complete and 0 interrupted iterations
default   [  67% ] 500/500 VUs  4m00.8s/6m00.0s

running (4m01.8s), 500/500 VUs, 235268 complete and 0 interrupted iterations
default   [  67% ] 500/500 VUs  4m01.8s/6m00.0s

running (4m02.8s), 500/500 VUs, 236218 complete and 0 interrupted iterations
default   [  67% ] 500/500 VUs  4m02.8s/6m00.0s

running (4m03.8s), 500/500 VUs, 237218 complete and 0 interrupted iterations
default   [  68% ] 500/500 VUs  4m03.8s/6m00.0s

running (4m04.8s), 500/500 VUs, 238197 complete and 0 interrupted iterations
default   [  68% ] 500/500 VUs  4m04.8s/6m00.0s

running (4m05.8s), 500/500 VUs, 239168 complete and 0 interrupted iterations
default   [  68% ] 500/500 VUs  4m05.8s/6m00.0s

running (4m06.8s), 500/500 VUs, 240168 complete and 0 interrupted iterations
default   [  69% ] 500/500 VUs  4m06.8s/6m00.0s

running (4m07.8s), 500/500 VUs, 241118 complete and 0 interrupted iterations
default   [  69% ] 500/500 VUs  4m07.8s/6m00.0s

running (4m08.8s), 500/500 VUs, 242118 complete and 0 interrupted iterations
default   [  69% ] 500/500 VUs  4m08.8s/6m00.0s

running (4m09.8s), 500/500 VUs, 243084 complete and 0 interrupted iterations
default   [  69% ] 500/500 VUs  4m09.8s/6m00.0s

running (4m10.8s), 500/500 VUs, 244068 complete and 0 interrupted iterations
default   [  70% ] 500/500 VUs  4m10.8s/6m00.0s

running (4m11.8s), 500/500 VUs, 245068 complete and 0 interrupted iterations
default   [  70% ] 500/500 VUs  4m11.8s/6m00.0s

running (4m12.8s), 500/500 VUs, 246018 complete and 0 interrupted iterations
default   [  70% ] 500/500 VUs  4m12.8s/6m00.0s

running (4m13.8s), 500/500 VUs, 247018 complete and 0 interrupted iterations
default   [  70% ] 500/500 VUs  4m13.8s/6m00.0s

running (4m14.8s), 500/500 VUs, 247970 complete and 0 interrupted iterations
default   [  71% ] 500/500 VUs  4m14.8s/6m00.0s

running (4m15.8s), 500/500 VUs, 248968 complete and 0 interrupted iterations
default   [  71% ] 500/500 VUs  4m15.8s/6m00.0s

running (4m16.8s), 500/500 VUs, 249956 complete and 0 interrupted iterations
default   [  71% ] 500/500 VUs  4m16.8s/6m00.0s

running (4m17.8s), 500/500 VUs, 250918 complete and 0 interrupted iterations
default   [  72% ] 500/500 VUs  4m17.8s/6m00.0s

running (4m18.8s), 500/500 VUs, 251918 complete and 0 interrupted iterations
default   [  72% ] 500/500 VUs  4m18.8s/6m00.0s

running (4m19.8s), 500/500 VUs, 252868 complete and 0 interrupted iterations
default   [  72% ] 500/500 VUs  4m19.8s/6m00.0s

running (4m20.8s), 500/500 VUs, 253868 complete and 0 interrupted iterations
default   [  72% ] 500/500 VUs  4m20.8s/6m00.0s

running (4m21.8s), 500/500 VUs, 254868 complete and 0 interrupted iterations
default   [  73% ] 500/500 VUs  4m21.8s/6m00.0s

running (4m22.8s), 500/500 VUs, 255818 complete and 0 interrupted iterations
default   [  73% ] 500/500 VUs  4m22.8s/6m00.0s

running (4m23.8s), 500/500 VUs, 256818 complete and 0 interrupted iterations
default   [  73% ] 500/500 VUs  4m23.8s/6m00.0s

running (4m24.8s), 500/500 VUs, 257768 complete and 0 interrupted iterations
default   [  74% ] 500/500 VUs  4m24.8s/6m00.0s

running (4m25.8s), 500/500 VUs, 258768 complete and 0 interrupted iterations
default   [  74% ] 500/500 VUs  4m25.8s/6m00.0s

running (4m26.8s), 500/500 VUs, 259718 complete and 0 interrupted iterations
default   [  74% ] 500/500 VUs  4m26.8s/6m00.0s

running (4m27.8s), 500/500 VUs, 260718 complete and 0 interrupted iterations
default   [  74% ] 500/500 VUs  4m27.8s/6m00.0s

running (4m28.8s), 500/500 VUs, 261711 complete and 0 interrupted iterations
default   [  75% ] 500/500 VUs  4m28.8s/6m00.0s

running (4m29.8s), 500/500 VUs, 262668 complete and 0 interrupted iterations
default   [  75% ] 500/500 VUs  4m29.8s/6m00.0s

running (4m30.8s), 500/500 VUs, 263668 complete and 0 interrupted iterations
default   [  75% ] 500/500 VUs  4m30.8s/6m00.0s

running (4m31.8s), 500/500 VUs, 264618 complete and 0 interrupted iterations
default   [  75% ] 500/500 VUs  4m31.8s/6m00.0s

running (4m32.8s), 500/500 VUs, 265618 complete and 0 interrupted iterations
default   [  76% ] 500/500 VUs  4m32.8s/6m00.0s

running (4m33.8s), 500/500 VUs, 266618 complete and 0 interrupted iterations
default   [  76% ] 500/500 VUs  4m33.8s/6m00.0s

running (4m34.8s), 500/500 VUs, 267568 complete and 0 interrupted iterations
default   [  76% ] 500/500 VUs  4m34.8s/6m00.0s

running (4m35.8s), 500/500 VUs, 268538 complete and 0 interrupted iterations
default   [  77% ] 500/500 VUs  4m35.8s/6m00.0s

running (4m36.8s), 500/500 VUs, 269518 complete and 0 interrupted iterations
default   [  77% ] 500/500 VUs  4m36.8s/6m00.0s

running (4m37.8s), 500/500 VUs, 270518 complete and 0 interrupted iterations
default   [  77% ] 500/500 VUs  4m37.8s/6m00.0s

running (4m38.8s), 500/500 VUs, 271468 complete and 0 interrupted iterations
default   [  77% ] 500/500 VUs  4m38.8s/6m00.0s

running (4m39.8s), 500/500 VUs, 272468 complete and 0 interrupted iterations
default   [  78% ] 500/500 VUs  4m39.8s/6m00.0s

running (4m40.8s), 500/500 VUs, 273422 complete and 0 interrupted iterations
default   [  78% ] 500/500 VUs  4m40.8s/6m00.0s

running (4m41.8s), 500/500 VUs, 274418 complete and 0 interrupted iterations
default   [  78% ] 500/500 VUs  4m41.8s/6m00.0s

running (4m42.8s), 500/500 VUs, 275405 complete and 0 interrupted iterations
default   [  79% ] 500/500 VUs  4m42.8s/6m00.0s

running (4m43.8s), 500/500 VUs, 276368 complete and 0 interrupted iterations
default   [  79% ] 500/500 VUs  4m43.8s/6m00.0s

running (4m44.8s), 500/500 VUs, 277368 complete and 0 interrupted iterations
default   [  79% ] 500/500 VUs  4m44.8s/6m00.0s

running (4m45.8s), 500/500 VUs, 278318 complete and 0 interrupted iterations
default   [  79% ] 500/500 VUs  4m45.8s/6m00.0s

running (4m46.8s), 500/500 VUs, 279318 complete and 0 interrupted iterations
default   [  80% ] 500/500 VUs  4m46.8s/6m00.0s

running (4m47.8s), 500/500 VUs, 280318 complete and 0 interrupted iterations
default   [  80% ] 500/500 VUs  4m47.8s/6m00.0s

running (4m48.8s), 500/500 VUs, 281268 complete and 0 interrupted iterations
default   [  80% ] 500/500 VUs  4m48.8s/6m00.0s

running (4m49.8s), 500/500 VUs, 282268 complete and 0 interrupted iterations
default   [  80% ] 500/500 VUs  4m49.8s/6m00.0s

running (4m50.8s), 500/500 VUs, 283218 complete and 0 interrupted iterations
default   [  81% ] 500/500 VUs  4m50.8s/6m00.0s

running (4m51.8s), 500/500 VUs, 284218 complete and 0 interrupted iterations
default   [  81% ] 500/500 VUs  4m51.8s/6m00.0s

running (4m52.8s), 500/500 VUs, 285168 complete and 0 interrupted iterations
default   [  81% ] 500/500 VUs  4m52.8s/6m00.0s

running (4m53.8s), 500/500 VUs, 286168 complete and 0 interrupted iterations
default   [  82% ] 500/500 VUs  4m53.8s/6m00.0s

running (4m54.8s), 500/500 VUs, 287165 complete and 0 interrupted iterations
default   [  82% ] 500/500 VUs  4m54.8s/6m00.0s

running (4m55.8s), 500/500 VUs, 288118 complete and 0 interrupted iterations
default   [  82% ] 500/500 VUs  4m55.8s/6m00.0s

running (4m56.8s), 500/500 VUs, 289118 complete and 0 interrupted iterations
default   [  82% ] 500/500 VUs  4m56.8s/6m00.0s

running (4m57.8s), 500/500 VUs, 290068 complete and 0 interrupted iterations
default   [  83% ] 500/500 VUs  4m57.8s/6m00.0s

running (4m58.8s), 500/500 VUs, 291068 complete and 0 interrupted iterations
default   [  83% ] 500/500 VUs  4m58.8s/6m00.0s

running (4m59.8s), 500/500 VUs, 292035 complete and 0 interrupted iterations
default   [  83% ] 500/500 VUs  4m59.8s/6m00.0s

running (5m00.8s), 500/500 VUs, 293018 complete and 0 interrupted iterations
default   [  84% ] 500/500 VUs  5m00.8s/6m00.0s

running (5m01.8s), 500/500 VUs, 294018 complete and 0 interrupted iterations
default   [  84% ] 500/500 VUs  5m01.8s/6m00.0s

running (5m02.8s), 500/500 VUs, 294968 complete and 0 interrupted iterations
default   [  84% ] 500/500 VUs  5m02.8s/6m00.0s

running (5m03.8s), 500/500 VUs, 295968 complete and 0 interrupted iterations
default   [  84% ] 500/500 VUs  5m03.8s/6m00.0s

running (5m04.8s), 500/500 VUs, 296918 complete and 0 interrupted iterations
default   [  85% ] 500/500 VUs  5m04.8s/6m00.0s

running (5m05.8s), 500/500 VUs, 297918 complete and 0 interrupted iterations
default   [  85% ] 500/500 VUs  5m05.8s/6m00.0s

running (5m06.8s), 500/500 VUs, 298886 complete and 0 interrupted iterations
default   [  85% ] 500/500 VUs  5m06.8s/6m00.0s

running (5m07.8s), 500/500 VUs, 299868 complete and 0 interrupted iterations
default   [  85% ] 500/500 VUs  5m07.8s/6m00.0s

running (5m08.8s), 500/500 VUs, 300847 complete and 0 interrupted iterations
default   [  86% ] 500/500 VUs  5m08.8s/6m00.0s

running (5m09.8s), 500/500 VUs, 301818 complete and 0 interrupted iterations
default   [  86% ] 500/500 VUs  5m09.8s/6m00.0s

running (5m10.8s), 500/500 VUs, 302818 complete and 0 interrupted iterations
default   [  86% ] 500/500 VUs  5m10.8s/6m00.0s

running (5m11.8s), 500/500 VUs, 303776 complete and 0 interrupted iterations
default   [  87% ] 500/500 VUs  5m11.8s/6m00.0s

running (5m12.8s), 500/500 VUs, 304768 complete and 0 interrupted iterations
default   [  87% ] 500/500 VUs  5m12.8s/6m00.0s

running (5m13.8s), 500/500 VUs, 305768 complete and 0 interrupted iterations
default   [  87% ] 500/500 VUs  5m13.8s/6m00.0s

running (5m14.8s), 500/500 VUs, 306718 complete and 0 interrupted iterations
default   [  87% ] 500/500 VUs  5m14.8s/6m00.0s

running (5m15.8s), 500/500 VUs, 307718 complete and 0 interrupted iterations
default   [  88% ] 500/500 VUs  5m15.8s/6m00.0s

running (5m16.8s), 500/500 VUs, 308668 complete and 0 interrupted iterations
default   [  88% ] 500/500 VUs  5m16.8s/6m00.0s

running (5m17.8s), 500/500 VUs, 309668 complete and 0 interrupted iterations
default   [  88% ] 500/500 VUs  5m17.8s/6m00.0s

running (5m18.8s), 500/500 VUs, 310644 complete and 0 interrupted iterations
default   [  89% ] 500/500 VUs  5m18.8s/6m00.0s

running (5m19.8s), 500/500 VUs, 311618 complete and 0 interrupted iterations
default   [  89% ] 500/500 VUs  5m19.8s/6m00.0s

running (5m20.8s), 500/500 VUs, 312618 complete and 0 interrupted iterations
default   [  89% ] 500/500 VUs  5m20.8s/6m00.0s

running (5m21.8s), 500/500 VUs, 313568 complete and 0 interrupted iterations
default   [  89% ] 500/500 VUs  5m21.8s/6m00.0s

running (5m22.8s), 500/500 VUs, 314568 complete and 0 interrupted iterations
default   [  90% ] 500/500 VUs  5m22.8s/6m00.0s

running (5m23.8s), 500/500 VUs, 315523 complete and 0 interrupted iterations
default   [  90% ] 500/500 VUs  5m23.8s/6m00.0s

running (5m24.8s), 500/500 VUs, 316518 complete and 0 interrupted iterations
default   [  90% ] 500/500 VUs  5m24.8s/6m00.0s

running (5m25.8s), 500/500 VUs, 317518 complete and 0 interrupted iterations
default   [  90% ] 500/500 VUs  5m25.8s/6m00.0s

running (5m26.8s), 500/500 VUs, 318468 complete and 0 interrupted iterations
default   [  91% ] 500/500 VUs  5m26.8s/6m00.0s

running (5m27.8s), 500/500 VUs, 319468 complete and 0 interrupted iterations
default   [  91% ] 500/500 VUs  5m27.8s/6m00.0s

running (5m28.8s), 500/500 VUs, 320418 complete and 0 interrupted iterations
default   [  91% ] 500/500 VUs  5m28.8s/6m00.0s

running (5m29.8s), 500/500 VUs, 321418 complete and 0 interrupted iterations
default   [  92% ] 500/500 VUs  5m29.8s/6m00.0s

running (5m30.8s), 492/500 VUs, 322388 complete and 0 interrupted iterations
default   [  92% ] 492/500 VUs  5m30.8s/6m00.0s

running (5m31.8s), 474/500 VUs, 323368 complete and 0 interrupted iterations
default   [  92% ] 474/500 VUs  5m31.8s/6m00.0s

running (5m32.8s), 458/500 VUs, 324368 complete and 0 interrupted iterations
default   [  92% ] 458/500 VUs  5m32.8s/6m00.0s

running (5m33.8s), 441/500 VUs, 325318 complete and 0 interrupted iterations
default   [  93% ] 441/500 VUs  5m33.8s/6m00.0s

running (5m34.8s), 424/500 VUs, 326318 complete and 0 interrupted iterations
default   [  93% ] 424/500 VUs  5m34.8s/6m00.0s

running (5m35.8s), 409/500 VUs, 327268 complete and 0 interrupted iterations
default   [  93% ] 409/500 VUs  5m35.8s/6m00.0s

running (5m36.8s), 392/500 VUs, 328268 complete and 0 interrupted iterations
default   [  94% ] 392/500 VUs  5m36.8s/6m00.0s

running (5m37.8s), 372/500 VUs, 329268 complete and 0 interrupted iterations
default   [  94% ] 372/500 VUs  5m37.8s/6m00.0s

running (5m38.8s), 356/500 VUs, 330218 complete and 0 interrupted iterations
default   [  94% ] 356/500 VUs  5m38.8s/6m00.0s

running (5m39.8s), 341/500 VUs, 331218 complete and 0 interrupted iterations
default   [  94% ] 341/500 VUs  5m39.8s/6m00.0s

running (5m40.8s), 325/500 VUs, 332168 complete and 0 interrupted iterations
default   [  95% ] 325/500 VUs  5m40.8s/6m00.0s

running (5m41.8s), 307/500 VUs, 333168 complete and 0 interrupted iterations
default   [  95% ] 307/500 VUs  5m41.8s/6m00.0s

running (5m42.8s), 290/500 VUs, 334139 complete and 0 interrupted iterations
default   [  95% ] 290/500 VUs  5m42.8s/6m00.0s

running (5m43.8s), 274/500 VUs, 335118 complete and 0 interrupted iterations
default   [  95% ] 274/500 VUs  5m43.8s/6m00.0s

running (5m44.8s), 255/500 VUs, 336118 complete and 0 interrupted iterations
default   [  96% ] 255/500 VUs  5m44.8s/6m00.0s

running (5m45.8s), 240/500 VUs, 337068 complete and 0 interrupted iterations
default   [  96% ] 240/500 VUs  5m45.8s/6m00.0s

running (5m46.8s), 223/500 VUs, 338068 complete and 0 interrupted iterations
default   [  96% ] 223/500 VUs  5m46.8s/6m00.0s

running (5m47.8s), 207/500 VUs, 339068 complete and 0 interrupted iterations
default   [  97% ] 207/500 VUs  5m47.8s/6m00.0s

running (5m48.8s), 190/500 VUs, 340018 complete and 0 interrupted iterations
default   [  97% ] 190/500 VUs  5m48.8s/6m00.0s

running (5m49.8s), 173/500 VUs, 341018 complete and 0 interrupted iterations
default   [  97% ] 173/500 VUs  5m49.8s/6m00.0s

running (5m50.8s), 156/500 VUs, 341968 complete and 0 interrupted iterations
default   [  97% ] 156/500 VUs  5m50.8s/6m00.0s

running (5m51.8s), 138/500 VUs, 342968 complete and 0 interrupted iterations
default   [  98% ] 138/500 VUs  5m51.8s/6m00.0s

running (5m52.8s), 123/500 VUs, 343918 complete and 0 interrupted iterations
default   [  98% ] 123/500 VUs  5m52.8s/6m00.0s

running (5m53.8s), 105/500 VUs, 344918 complete and 0 interrupted iterations
default   [  98% ] 105/500 VUs  5m53.8s/6m00.0s

running (5m54.8s), 089/500 VUs, 345906 complete and 0 interrupted iterations
default   [  99% ] 089/500 VUs  5m54.8s/6m00.0s

running (5m55.8s), 072/500 VUs, 346868 complete and 0 interrupted iterations
default   [  99% ] 072/500 VUs  5m55.8s/6m00.0s

running (5m56.8s), 055/500 VUs, 347868 complete and 0 interrupted iterations
default   [  99% ] 055/500 VUs  5m56.8s/6m00.0s

running (5m57.8s), 038/500 VUs, 348743 complete and 0 interrupted iterations
default   [  99% ] 038/500 VUs  5m57.8s/6m00.0s

running (5m58.8s), 022/500 VUs, 349327 complete and 0 interrupted iterations
default   [ 100% ] 022/500 VUs  5m58.8s/6m00.0s

running (5m59.8s), 005/500 VUs, 349592 complete and 0 interrupted iterations
default   [ 100% ] 005/500 VUs  5m59.8s/6m00.0s


  █ THRESHOLDS 

    checks
    ✓ 'rate>0.95' rate=100.00%

    http_req_duration
    ✓ 'p(95)<5000' p(95)=513.21ms
    ✓ 'p(99)<10000' p(99)=520.07ms

    http_req_failed
    ✓ 'rate<0.05' rate=0.00%


  █ TOTAL RESULTS 

    checks_total.......: 1398428 3884.370697/s
    checks_succeeded...: 100.00% 1398428 out of 1398428
    checks_failed......: 0.00%   0 out of 1398428

    ✓ status is 200
    ✓ content-type is json
    ✓ workloadType is IO-BOUND
    ✓ executionTimeMs exists

    CUSTOM
    response_time_ms...............: min=50.828031 avg=472.036816 med=510.228134 max=547.295206 p(90)=511.298601 p(95)=513.211741 p(99)=520.079837
    successful_requests............: 349607 971.092674/s

    HTTP
    http_req_duration..............: min=50.82ms   avg=472.03ms   med=510.22ms   max=547.29ms   p(90)=511.29ms   p(95)=513.21ms   p(99)=520.07ms  
      { expected_response:true }...: min=50.82ms   avg=472.03ms   med=510.22ms   max=547.29ms   p(90)=511.29ms   p(95)=513.21ms   p(99)=520.07ms  
    http_req_failed................: 0.00%  0 out of 349607
    http_reqs......................: 349607 971.092674/s

    EXECUTION
    iteration_duration.............: min=50.94ms   avg=472.18ms   med=510.37ms   max=547.49ms   p(90)=511.44ms   p(95)=513.41ms   p(99)=520.22ms  
    iterations.....................: 349607 971.092674/s
    vus............................: 5      min=5           max=500
    vus_max........................: 500    min=500         max=500

    NETWORK
    data_received..................: 77 MB  215 kB/s
    data_sent......................: 28 MB  77 kB/s




running (6m00.0s), 000/500 VUs, 349607 complete and 0 interrupted iterations
default ✓ [ 100% ] 000/500 VUs  6m0s
