
         /\      Grafana   /‾‾/  
    /\  /  \     |\  __   /  /   
   /  \/    \    | |/ /  /   ‾‾\ 
  /          \   |   (  |  (‾)  |
 / __________ \  |_|\_\  \_____/ 


     execution: local
        script: cpu-bound-test.js
        output: -

     scenarios: (100.00%) 1 scenario, 100 max VUs, 4m30s max duration (incl. graceful stop):
              * default: Up to 100 looping VUs for 4m0s over 3 stages (gracefulRampDown: 30s, gracefulStop: 30s)


running (0m00.9s), 004/100 VUs, 25 complete and 0 interrupted iterations
default   [   0% ] 004/100 VUs  0m00.9s/4m00.0s

running (0m01.9s), 007/100 VUs, 60 complete and 0 interrupted iterations
default   [   1% ] 007/100 VUs  0m01.9s/4m00.0s

running (0m02.9s), 010/100 VUs, 92 complete and 0 interrupted iterations
default   [   1% ] 010/100 VUs  0m02.9s/4m00.0s

running (0m03.9s), 014/100 VUs, 128 complete and 0 interrupted iterations
default   [   2% ] 014/100 VUs  0m03.9s/4m00.0s

running (0m04.9s), 017/100 VUs, 160 complete and 0 interrupted iterations
default   [   2% ] 017/100 VUs  0m04.9s/4m00.0s

running (0m05.9s), 020/100 VUs, 195 complete and 0 interrupted iterations
default   [   2% ] 020/100 VUs  0m05.9s/4m00.0s

running (0m06.9s), 023/100 VUs, 228 complete and 0 interrupted iterations
default   [   3% ] 023/100 VUs  0m06.9s/4m00.0s

running (0m07.9s), 027/100 VUs, 262 complete and 0 interrupted iterations
default   [   3% ] 027/100 VUs  0m07.9s/4m00.0s

running (0m08.9s), 030/100 VUs, 296 complete and 0 interrupted iterations
default   [   4% ] 030/100 VUs  0m08.9s/4m00.0s

running (0m09.9s), 033/100 VUs, 330 complete and 0 interrupted iterations
default   [   4% ] 033/100 VUs  0m09.9s/4m00.0s

running (0m10.9s), 037/100 VUs, 364 complete and 0 interrupted iterations
default   [   5% ] 037/100 VUs  0m10.9s/4m00.0s

running (0m11.9s), 040/100 VUs, 396 complete and 0 interrupted iterations
default   [   5% ] 040/100 VUs  0m11.9s/4m00.0s

running (0m12.9s), 043/100 VUs, 432 complete and 0 interrupted iterations
default   [   5% ] 043/100 VUs  0m12.9s/4m00.0s

running (0m13.9s), 047/100 VUs, 464 complete and 0 interrupted iterations
default   [   6% ] 047/100 VUs  0m13.9s/4m00.0s

running (0m14.9s), 050/100 VUs, 499 complete and 0 interrupted iterations
default   [   6% ] 050/100 VUs  0m14.9s/4m00.0s

running (0m15.9s), 053/100 VUs, 532 complete and 0 interrupted iterations
default   [   7% ] 053/100 VUs  0m15.9s/4m00.0s

running (0m16.9s), 056/100 VUs, 567 complete and 0 interrupted iterations
default   [   7% ] 056/100 VUs  0m16.9s/4m00.0s

running (0m17.9s), 060/100 VUs, 600 complete and 0 interrupted iterations
default   [   7% ] 060/100 VUs  0m17.9s/4m00.0s

running (0m18.9s), 063/100 VUs, 634 complete and 0 interrupted iterations
default   [   8% ] 063/100 VUs  0m18.9s/4m00.0s

running (0m19.9s), 066/100 VUs, 668 complete and 0 interrupted iterations
default   [   8% ] 066/100 VUs  0m19.9s/4m00.0s

running (0m20.9s), 070/100 VUs, 701 complete and 0 interrupted iterations
default   [   9% ] 070/100 VUs  0m20.9s/4m00.0s

running (0m21.9s), 073/100 VUs, 736 complete and 0 interrupted iterations
default   [   9% ] 073/100 VUs  0m21.9s/4m00.0s

running (0m22.9s), 076/100 VUs, 770 complete and 0 interrupted iterations
default   [  10% ] 076/100 VUs  0m22.9s/4m00.0s

running (0m23.9s), 080/100 VUs, 804 complete and 0 interrupted iterations
default   [  10% ] 080/100 VUs  0m23.9s/4m00.0s

running (0m24.9s), 083/100 VUs, 837 complete and 0 interrupted iterations
default   [  10% ] 083/100 VUs  0m24.9s/4m00.0s

running (0m25.9s), 086/100 VUs, 871 complete and 0 interrupted iterations
default   [  11% ] 086/100 VUs  0m25.9s/4m00.0s

running (0m26.9s), 089/100 VUs, 904 complete and 0 interrupted iterations
default   [  11% ] 089/100 VUs  0m26.9s/4m00.0s

running (0m27.9s), 093/100 VUs, 939 complete and 0 interrupted iterations
default   [  12% ] 093/100 VUs  0m27.9s/4m00.0s

running (0m28.9s), 096/100 VUs, 972 complete and 0 interrupted iterations
default   [  12% ] 096/100 VUs  0m28.9s/4m00.0s

running (0m29.9s), 099/100 VUs, 1007 complete and 0 interrupted iterations
default   [  12% ] 099/100 VUs  0m29.9s/4m00.0s

running (0m30.9s), 100/100 VUs, 1040 complete and 0 interrupted iterations
default   [  13% ] 100/100 VUs  0m30.9s/4m00.0s

running (0m31.9s), 100/100 VUs, 1075 complete and 0 interrupted iterations
default   [  13% ] 100/100 VUs  0m31.9s/4m00.0s

running (0m32.9s), 100/100 VUs, 1108 complete and 0 interrupted iterations
default   [  14% ] 100/100 VUs  0m32.9s/4m00.0s

running (0m33.9s), 100/100 VUs, 1143 complete and 0 interrupted iterations
default   [  14% ] 100/100 VUs  0m33.9s/4m00.0s

running (0m34.9s), 100/100 VUs, 1175 complete and 0 interrupted iterations
default   [  15% ] 100/100 VUs  0m34.9s/4m00.0s

running (0m35.9s), 100/100 VUs, 1211 complete and 0 interrupted iterations
default   [  15% ] 100/100 VUs  0m35.9s/4m00.0s

running (0m36.9s), 100/100 VUs, 1243 complete and 0 interrupted iterations
default   [  15% ] 100/100 VUs  0m36.9s/4m00.0s

running (0m37.9s), 100/100 VUs, 1277 complete and 0 interrupted iterations
default   [  16% ] 100/100 VUs  0m37.9s/4m00.0s

running (0m38.9s), 100/100 VUs, 1311 complete and 0 interrupted iterations
default   [  16% ] 100/100 VUs  0m38.9s/4m00.0s

running (0m39.9s), 100/100 VUs, 1344 complete and 0 interrupted iterations
default   [  17% ] 100/100 VUs  0m39.9s/4m00.0s

running (0m40.9s), 100/100 VUs, 1379 complete and 0 interrupted iterations
default   [  17% ] 100/100 VUs  0m40.9s/4m00.0s

running (0m41.9s), 100/100 VUs, 1412 complete and 0 interrupted iterations
default   [  17% ] 100/100 VUs  0m41.9s/4m00.0s

running (0m42.9s), 100/100 VUs, 1447 complete and 0 interrupted iterations
default   [  18% ] 100/100 VUs  0m42.9s/4m00.0s

running (0m43.9s), 100/100 VUs, 1480 complete and 0 interrupted iterations
default   [  18% ] 100/100 VUs  0m43.9s/4m00.0s

running (0m44.9s), 100/100 VUs, 1515 complete and 0 interrupted iterations
default   [  19% ] 100/100 VUs  0m44.9s/4m00.0s

running (0m45.9s), 100/100 VUs, 1548 complete and 0 interrupted iterations
default   [  19% ] 100/100 VUs  0m45.9s/4m00.0s

running (0m46.9s), 100/100 VUs, 1582 complete and 0 interrupted iterations
default   [  20% ] 100/100 VUs  0m46.9s/4m00.0s

running (0m47.9s), 100/100 VUs, 1615 complete and 0 interrupted iterations
default   [  20% ] 100/100 VUs  0m47.9s/4m00.0s

running (0m48.9s), 100/100 VUs, 1650 complete and 0 interrupted iterations
default   [  20% ] 100/100 VUs  0m48.9s/4m00.0s

running (0m49.9s), 100/100 VUs, 1683 complete and 0 interrupted iterations
default   [  21% ] 100/100 VUs  0m49.9s/4m00.0s

running (0m50.9s), 100/100 VUs, 1716 complete and 0 interrupted iterations
default   [  21% ] 100/100 VUs  0m50.9s/4m00.0s

running (0m51.9s), 100/100 VUs, 1751 complete and 0 interrupted iterations
default   [  22% ] 100/100 VUs  0m51.9s/4m00.0s

running (0m52.9s), 100/100 VUs, 1784 complete and 0 interrupted iterations
default   [  22% ] 100/100 VUs  0m52.9s/4m00.0s

running (0m53.9s), 100/100 VUs, 1819 complete and 0 interrupted iterations
default   [  22% ] 100/100 VUs  0m53.9s/4m00.0s

running (0m54.9s), 100/100 VUs, 1852 complete and 0 interrupted iterations
default   [  23% ] 100/100 VUs  0m54.9s/4m00.0s

running (0m55.9s), 100/100 VUs, 1887 complete and 0 interrupted iterations
default   [  23% ] 100/100 VUs  0m55.9s/4m00.0s

running (0m56.9s), 100/100 VUs, 1919 complete and 0 interrupted iterations
default   [  24% ] 100/100 VUs  0m56.9s/4m00.0s

running (0m57.9s), 100/100 VUs, 1955 complete and 0 interrupted iterations
default   [  24% ] 100/100 VUs  0m57.9s/4m00.0s

running (0m58.9s), 100/100 VUs, 1987 complete and 0 interrupted iterations
default   [  25% ] 100/100 VUs  0m58.9s/4m00.0s

running (0m59.9s), 100/100 VUs, 2022 complete and 0 interrupted iterations
default   [  25% ] 100/100 VUs  0m59.9s/4m00.0s

running (1m00.9s), 100/100 VUs, 2055 complete and 0 interrupted iterations
default   [  25% ] 100/100 VUs  1m00.9s/4m00.0s

running (1m01.9s), 100/100 VUs, 2089 complete and 0 interrupted iterations
default   [  26% ] 100/100 VUs  1m01.9s/4m00.0s

running (1m02.9s), 100/100 VUs, 2123 complete and 0 interrupted iterations
default   [  26% ] 100/100 VUs  1m02.9s/4m00.0s

running (1m03.9s), 100/100 VUs, 2157 complete and 0 interrupted iterations
default   [  27% ] 100/100 VUs  1m03.9s/4m00.0s

running (1m04.9s), 100/100 VUs, 2191 complete and 0 interrupted iterations
default   [  27% ] 100/100 VUs  1m04.9s/4m00.0s

running (1m05.9s), 100/100 VUs, 2224 complete and 0 interrupted iterations
default   [  27% ] 100/100 VUs  1m05.9s/4m00.0s

running (1m06.9s), 100/100 VUs, 2259 complete and 0 interrupted iterations
default   [  28% ] 100/100 VUs  1m06.9s/4m00.0s

running (1m07.9s), 100/100 VUs, 2291 complete and 0 interrupted iterations
default   [  28% ] 100/100 VUs  1m07.9s/4m00.0s

running (1m08.9s), 100/100 VUs, 2327 complete and 0 interrupted iterations
default   [  29% ] 100/100 VUs  1m08.9s/4m00.0s

running (1m09.9s), 100/100 VUs, 2359 complete and 0 interrupted iterations
default   [  29% ] 100/100 VUs  1m09.9s/4m00.0s

running (1m10.9s), 100/100 VUs, 2395 complete and 0 interrupted iterations
default   [  30% ] 100/100 VUs  1m10.9s/4m00.0s

running (1m11.9s), 100/100 VUs, 2427 complete and 0 interrupted iterations
default   [  30% ] 100/100 VUs  1m11.9s/4m00.0s

running (1m12.9s), 100/100 VUs, 2463 complete and 0 interrupted iterations
default   [  30% ] 100/100 VUs  1m12.9s/4m00.0s

running (1m13.9s), 100/100 VUs, 2495 complete and 0 interrupted iterations
default   [  31% ] 100/100 VUs  1m13.9s/4m00.0s

running (1m14.9s), 100/100 VUs, 2530 complete and 0 interrupted iterations
default   [  31% ] 100/100 VUs  1m14.9s/4m00.0s

running (1m15.9s), 100/100 VUs, 2563 complete and 0 interrupted iterations
default   [  32% ] 100/100 VUs  1m15.9s/4m00.0s

running (1m16.9s), 100/100 VUs, 2597 complete and 0 interrupted iterations
default   [  32% ] 100/100 VUs  1m16.9s/4m00.0s

running (1m17.9s), 100/100 VUs, 2631 complete and 0 interrupted iterations
default   [  32% ] 100/100 VUs  1m17.9s/4m00.0s

running (1m18.9s), 100/100 VUs, 2665 complete and 0 interrupted iterations
default   [  33% ] 100/100 VUs  1m18.9s/4m00.0s

running (1m19.9s), 100/100 VUs, 2699 complete and 0 interrupted iterations
default   [  33% ] 100/100 VUs  1m19.9s/4m00.0s

running (1m20.9s), 100/100 VUs, 2732 complete and 0 interrupted iterations
default   [  34% ] 100/100 VUs  1m20.9s/4m00.0s

running (1m21.9s), 100/100 VUs, 2767 complete and 0 interrupted iterations
default   [  34% ] 100/100 VUs  1m21.9s/4m00.0s

running (1m22.9s), 100/100 VUs, 2799 complete and 0 interrupted iterations
default   [  35% ] 100/100 VUs  1m22.9s/4m00.0s

running (1m23.9s), 100/100 VUs, 2835 complete and 0 interrupted iterations
default   [  35% ] 100/100 VUs  1m23.9s/4m00.0s

running (1m24.9s), 100/100 VUs, 2867 complete and 0 interrupted iterations
default   [  35% ] 100/100 VUs  1m24.9s/4m00.0s

running (1m25.9s), 100/100 VUs, 2903 complete and 0 interrupted iterations
default   [  36% ] 100/100 VUs  1m25.9s/4m00.0s

running (1m26.9s), 100/100 VUs, 2935 complete and 0 interrupted iterations
default   [  36% ] 100/100 VUs  1m26.9s/4m00.0s

running (1m27.9s), 100/100 VUs, 2970 complete and 0 interrupted iterations
default   [  37% ] 100/100 VUs  1m27.9s/4m00.0s

running (1m28.9s), 100/100 VUs, 3003 complete and 0 interrupted iterations
default   [  37% ] 100/100 VUs  1m28.9s/4m00.0s

running (1m29.9s), 100/100 VUs, 3037 complete and 0 interrupted iterations
default   [  37% ] 100/100 VUs  1m29.9s/4m00.0s

running (1m30.9s), 100/100 VUs, 3071 complete and 0 interrupted iterations
default   [  38% ] 100/100 VUs  1m30.9s/4m00.0s

running (1m31.9s), 100/100 VUs, 3105 complete and 0 interrupted iterations
default   [  38% ] 100/100 VUs  1m31.9s/4m00.0s

running (1m32.9s), 100/100 VUs, 3139 complete and 0 interrupted iterations
default   [  39% ] 100/100 VUs  1m32.9s/4m00.0s

running (1m33.9s), 100/100 VUs, 3171 complete and 0 interrupted iterations
default   [  39% ] 100/100 VUs  1m33.9s/4m00.0s

running (1m34.9s), 100/100 VUs, 3207 complete and 0 interrupted iterations
default   [  40% ] 100/100 VUs  1m34.9s/4m00.0s

running (1m35.9s), 100/100 VUs, 3239 complete and 0 interrupted iterations
default   [  40% ] 100/100 VUs  1m35.9s/4m00.0s

running (1m36.9s), 100/100 VUs, 3275 complete and 0 interrupted iterations
default   [  40% ] 100/100 VUs  1m36.9s/4m00.0s

running (1m37.9s), 100/100 VUs, 3307 complete and 0 interrupted iterations
default   [  41% ] 100/100 VUs  1m37.9s/4m00.0s

running (1m38.9s), 100/100 VUs, 3342 complete and 0 interrupted iterations
default   [  41% ] 100/100 VUs  1m38.9s/4m00.0s

running (1m39.9s), 100/100 VUs, 3375 complete and 0 interrupted iterations
default   [  42% ] 100/100 VUs  1m39.9s/4m00.0s

running (1m40.9s), 100/100 VUs, 3409 complete and 0 interrupted iterations
default   [  42% ] 100/100 VUs  1m40.9s/4m00.0s

running (1m41.9s), 100/100 VUs, 3443 complete and 0 interrupted iterations
default   [  42% ] 100/100 VUs  1m41.9s/4m00.0s

running (1m42.9s), 100/100 VUs, 3477 complete and 0 interrupted iterations
default   [  43% ] 100/100 VUs  1m42.9s/4m00.0s

running (1m43.9s), 100/100 VUs, 3511 complete and 0 interrupted iterations
default   [  43% ] 100/100 VUs  1m43.9s/4m00.0s

running (1m44.9s), 100/100 VUs, 3544 complete and 0 interrupted iterations
default   [  44% ] 100/100 VUs  1m44.9s/4m00.0s

running (1m45.9s), 100/100 VUs, 3579 complete and 0 interrupted iterations
default   [  44% ] 100/100 VUs  1m45.9s/4m00.0s

running (1m46.9s), 100/100 VUs, 3612 complete and 0 interrupted iterations
default   [  45% ] 100/100 VUs  1m46.9s/4m00.0s

running (1m47.9s), 100/100 VUs, 3647 complete and 0 interrupted iterations
default   [  45% ] 100/100 VUs  1m47.9s/4m00.0s

running (1m48.9s), 100/100 VUs, 3680 complete and 0 interrupted iterations
default   [  45% ] 100/100 VUs  1m48.9s/4m00.0s

running (1m49.9s), 100/100 VUs, 3714 complete and 0 interrupted iterations
default   [  46% ] 100/100 VUs  1m49.9s/4m00.0s

running (1m50.9s), 100/100 VUs, 3748 complete and 0 interrupted iterations
default   [  46% ] 100/100 VUs  1m50.9s/4m00.0s

running (1m51.9s), 100/100 VUs, 3782 complete and 0 interrupted iterations
default   [  47% ] 100/100 VUs  1m51.9s/4m00.0s

running (1m52.9s), 100/100 VUs, 3815 complete and 0 interrupted iterations
default   [  47% ] 100/100 VUs  1m52.9s/4m00.0s

running (1m53.9s), 100/100 VUs, 3850 complete and 0 interrupted iterations
default   [  47% ] 100/100 VUs  1m53.9s/4m00.0s

running (1m54.9s), 100/100 VUs, 3883 complete and 0 interrupted iterations
default   [  48% ] 100/100 VUs  1m54.9s/4m00.0s

running (1m55.9s), 100/100 VUs, 3917 complete and 0 interrupted iterations
default   [  48% ] 100/100 VUs  1m55.9s/4m00.0s

running (1m56.9s), 100/100 VUs, 3951 complete and 0 interrupted iterations
default   [  49% ] 100/100 VUs  1m56.9s/4m00.0s

running (1m57.9s), 100/100 VUs, 3984 complete and 0 interrupted iterations
default   [  49% ] 100/100 VUs  1m57.9s/4m00.0s

running (1m58.9s), 100/100 VUs, 4019 complete and 0 interrupted iterations
default   [  50% ] 100/100 VUs  1m58.9s/4m00.0s

running (1m59.9s), 100/100 VUs, 4052 complete and 0 interrupted iterations
default   [  50% ] 100/100 VUs  1m59.9s/4m00.0s

running (2m00.9s), 100/100 VUs, 4086 complete and 0 interrupted iterations
default   [  50% ] 100/100 VUs  2m00.9s/4m00.0s

running (2m01.9s), 100/100 VUs, 4120 complete and 0 interrupted iterations
default   [  51% ] 100/100 VUs  2m01.9s/4m00.0s

running (2m02.9s), 100/100 VUs, 4154 complete and 0 interrupted iterations
default   [  51% ] 100/100 VUs  2m02.9s/4m00.0s

running (2m03.9s), 100/100 VUs, 4188 complete and 0 interrupted iterations
default   [  52% ] 100/100 VUs  2m03.9s/4m00.0s

running (2m04.9s), 100/100 VUs, 4222 complete and 0 interrupted iterations
default   [  52% ] 100/100 VUs  2m04.9s/4m00.0s

running (2m05.9s), 100/100 VUs, 4255 complete and 0 interrupted iterations
default   [  52% ] 100/100 VUs  2m05.9s/4m00.0s

running (2m06.9s), 100/100 VUs, 4290 complete and 0 interrupted iterations
default   [  53% ] 100/100 VUs  2m06.9s/4m00.0s

running (2m07.9s), 100/100 VUs, 4323 complete and 0 interrupted iterations
default   [  53% ] 100/100 VUs  2m07.9s/4m00.0s

running (2m08.9s), 100/100 VUs, 4357 complete and 0 interrupted iterations
default   [  54% ] 100/100 VUs  2m08.9s/4m00.0s

running (2m09.9s), 100/100 VUs, 4391 complete and 0 interrupted iterations
default   [  54% ] 100/100 VUs  2m09.9s/4m00.0s

running (2m10.9s), 100/100 VUs, 4424 complete and 0 interrupted iterations
default   [  55% ] 100/100 VUs  2m10.9s/4m00.0s

running (2m11.9s), 100/100 VUs, 4459 complete and 0 interrupted iterations
default   [  55% ] 100/100 VUs  2m11.9s/4m00.0s

running (2m12.9s), 100/100 VUs, 4492 complete and 0 interrupted iterations
default   [  55% ] 100/100 VUs  2m12.9s/4m00.0s

running (2m13.9s), 100/100 VUs, 4527 complete and 0 interrupted iterations
default   [  56% ] 100/100 VUs  2m13.9s/4m00.0s

running (2m14.9s), 100/100 VUs, 4560 complete and 0 interrupted iterations
default   [  56% ] 100/100 VUs  2m14.9s/4m00.0s

running (2m15.9s), 100/100 VUs, 4594 complete and 0 interrupted iterations
default   [  57% ] 100/100 VUs  2m15.9s/4m00.0s

running (2m16.9s), 100/100 VUs, 4627 complete and 0 interrupted iterations
default   [  57% ] 100/100 VUs  2m16.9s/4m00.0s

running (2m17.9s), 100/100 VUs, 4661 complete and 0 interrupted iterations
default   [  57% ] 100/100 VUs  2m17.9s/4m00.0s

running (2m18.9s), 100/100 VUs, 4695 complete and 0 interrupted iterations
default   [  58% ] 100/100 VUs  2m18.9s/4m00.0s

running (2m19.9s), 100/100 VUs, 4729 complete and 0 interrupted iterations
default   [  58% ] 100/100 VUs  2m19.9s/4m00.0s

running (2m20.9s), 100/100 VUs, 4763 complete and 0 interrupted iterations
default   [  59% ] 100/100 VUs  2m20.9s/4m00.0s

running (2m21.9s), 100/100 VUs, 4797 complete and 0 interrupted iterations
default   [  59% ] 100/100 VUs  2m21.9s/4m00.0s

running (2m22.9s), 100/100 VUs, 4831 complete and 0 interrupted iterations
default   [  60% ] 100/100 VUs  2m22.9s/4m00.0s

running (2m23.9s), 100/100 VUs, 4864 complete and 0 interrupted iterations
default   [  60% ] 100/100 VUs  2m23.9s/4m00.0s

running (2m24.9s), 100/100 VUs, 4899 complete and 0 interrupted iterations
default   [  60% ] 100/100 VUs  2m24.9s/4m00.0s

running (2m25.9s), 100/100 VUs, 4931 complete and 0 interrupted iterations
default   [  61% ] 100/100 VUs  2m25.9s/4m00.0s

running (2m26.9s), 100/100 VUs, 4967 complete and 0 interrupted iterations
default   [  61% ] 100/100 VUs  2m26.9s/4m00.0s

running (2m27.9s), 100/100 VUs, 4999 complete and 0 interrupted iterations
default   [  62% ] 100/100 VUs  2m27.9s/4m00.0s

running (2m28.9s), 100/100 VUs, 5035 complete and 0 interrupted iterations
default   [  62% ] 100/100 VUs  2m28.9s/4m00.0s

running (2m29.9s), 100/100 VUs, 5067 complete and 0 interrupted iterations
default   [  62% ] 100/100 VUs  2m29.9s/4m00.0s

running (2m30.9s), 100/100 VUs, 5103 complete and 0 interrupted iterations
default   [  63% ] 100/100 VUs  2m30.9s/4m00.0s

running (2m31.9s), 100/100 VUs, 5135 complete and 0 interrupted iterations
default   [  63% ] 100/100 VUs  2m31.9s/4m00.0s

running (2m32.9s), 100/100 VUs, 5170 complete and 0 interrupted iterations
default   [  64% ] 100/100 VUs  2m32.9s/4m00.0s

running (2m33.9s), 100/100 VUs, 5203 complete and 0 interrupted iterations
default   [  64% ] 100/100 VUs  2m33.9s/4m00.0s

running (2m34.9s), 100/100 VUs, 5236 complete and 0 interrupted iterations
default   [  65% ] 100/100 VUs  2m34.9s/4m00.0s

running (2m35.9s), 100/100 VUs, 5271 complete and 0 interrupted iterations
default   [  65% ] 100/100 VUs  2m35.9s/4m00.0s

running (2m36.9s), 100/100 VUs, 5303 complete and 0 interrupted iterations
default   [  65% ] 100/100 VUs  2m36.9s/4m00.0s

running (2m37.9s), 100/100 VUs, 5339 complete and 0 interrupted iterations
default   [  66% ] 100/100 VUs  2m37.9s/4m00.0s

running (2m38.9s), 100/100 VUs, 5371 complete and 0 interrupted iterations
default   [  66% ] 100/100 VUs  2m38.9s/4m00.0s

running (2m39.9s), 100/100 VUs, 5407 complete and 0 interrupted iterations
default   [  67% ] 100/100 VUs  2m39.9s/4m00.0s

running (2m40.9s), 100/100 VUs, 5439 complete and 0 interrupted iterations
default   [  67% ] 100/100 VUs  2m40.9s/4m00.0s

running (2m41.9s), 100/100 VUs, 5474 complete and 0 interrupted iterations
default   [  67% ] 100/100 VUs  2m41.9s/4m00.0s

running (2m42.9s), 100/100 VUs, 5507 complete and 0 interrupted iterations
default   [  68% ] 100/100 VUs  2m42.9s/4m00.0s

running (2m43.9s), 100/100 VUs, 5542 complete and 0 interrupted iterations
default   [  68% ] 100/100 VUs  2m43.9s/4m00.0s

running (2m44.9s), 100/100 VUs, 5575 complete and 0 interrupted iterations
default   [  69% ] 100/100 VUs  2m44.9s/4m00.0s

running (2m45.9s), 100/100 VUs, 5609 complete and 0 interrupted iterations
default   [  69% ] 100/100 VUs  2m45.9s/4m00.0s

running (2m46.9s), 100/100 VUs, 5643 complete and 0 interrupted iterations
default   [  70% ] 100/100 VUs  2m46.9s/4m00.0s

running (2m47.9s), 100/100 VUs, 5676 complete and 0 interrupted iterations
default   [  70% ] 100/100 VUs  2m47.9s/4m00.0s

running (2m48.9s), 100/100 VUs, 5711 complete and 0 interrupted iterations
default   [  70% ] 100/100 VUs  2m48.9s/4m00.0s

running (2m49.9s), 100/100 VUs, 5743 complete and 0 interrupted iterations
default   [  71% ] 100/100 VUs  2m49.9s/4m00.0s

running (2m50.9s), 100/100 VUs, 5779 complete and 0 interrupted iterations
default   [  71% ] 100/100 VUs  2m50.9s/4m00.0s

running (2m51.9s), 100/100 VUs, 5811 complete and 0 interrupted iterations
default   [  72% ] 100/100 VUs  2m51.9s/4m00.0s

running (2m52.9s), 100/100 VUs, 5846 complete and 0 interrupted iterations
default   [  72% ] 100/100 VUs  2m52.9s/4m00.0s

running (2m53.9s), 100/100 VUs, 5879 complete and 0 interrupted iterations
default   [  72% ] 100/100 VUs  2m53.9s/4m00.0s

running (2m54.9s), 100/100 VUs, 5914 complete and 0 interrupted iterations
default   [  73% ] 100/100 VUs  2m54.9s/4m00.0s

running (2m55.9s), 100/100 VUs, 5947 complete and 0 interrupted iterations
default   [  73% ] 100/100 VUs  2m55.9s/4m00.0s

running (2m56.9s), 100/100 VUs, 5982 complete and 0 interrupted iterations
default   [  74% ] 100/100 VUs  2m56.9s/4m00.0s

running (2m57.9s), 100/100 VUs, 6015 complete and 0 interrupted iterations
default   [  74% ] 100/100 VUs  2m57.9s/4m00.0s

running (2m58.9s), 100/100 VUs, 6048 complete and 0 interrupted iterations
default   [  75% ] 100/100 VUs  2m58.9s/4m00.0s

running (2m59.9s), 100/100 VUs, 6083 complete and 0 interrupted iterations
default   [  75% ] 100/100 VUs  2m59.9s/4m00.0s

running (3m00.9s), 100/100 VUs, 6116 complete and 0 interrupted iterations
default   [  75% ] 100/100 VUs  3m00.9s/4m00.0s

running (3m01.9s), 100/100 VUs, 6151 complete and 0 interrupted iterations
default   [  76% ] 100/100 VUs  3m01.9s/4m00.0s

running (3m02.9s), 100/100 VUs, 6184 complete and 0 interrupted iterations
default   [  76% ] 100/100 VUs  3m02.9s/4m00.0s

running (3m03.9s), 100/100 VUs, 6219 complete and 0 interrupted iterations
default   [  77% ] 100/100 VUs  3m03.9s/4m00.0s

running (3m04.9s), 100/100 VUs, 6252 complete and 0 interrupted iterations
default   [  77% ] 100/100 VUs  3m04.9s/4m00.0s

running (3m05.9s), 100/100 VUs, 6286 complete and 0 interrupted iterations
default   [  77% ] 100/100 VUs  3m05.9s/4m00.0s

running (3m06.9s), 100/100 VUs, 6320 complete and 0 interrupted iterations
default   [  78% ] 100/100 VUs  3m06.9s/4m00.0s

running (3m07.9s), 100/100 VUs, 6354 complete and 0 interrupted iterations
default   [  78% ] 100/100 VUs  3m07.9s/4m00.0s

running (3m08.9s), 100/100 VUs, 6388 complete and 0 interrupted iterations
default   [  79% ] 100/100 VUs  3m08.9s/4m00.0s

running (3m09.9s), 100/100 VUs, 6422 complete and 0 interrupted iterations
default   [  79% ] 100/100 VUs  3m09.9s/4m00.0s

running (3m10.9s), 100/100 VUs, 6456 complete and 0 interrupted iterations
default   [  80% ] 100/100 VUs  3m10.9s/4m00.0s

running (3m11.9s), 100/100 VUs, 6489 complete and 0 interrupted iterations
default   [  80% ] 100/100 VUs  3m11.9s/4m00.0s

running (3m12.9s), 100/100 VUs, 6523 complete and 0 interrupted iterations
default   [  80% ] 100/100 VUs  3m12.9s/4m00.0s

running (3m13.9s), 100/100 VUs, 6557 complete and 0 interrupted iterations
default   [  81% ] 100/100 VUs  3m13.9s/4m00.0s

running (3m14.9s), 100/100 VUs, 6591 complete and 0 interrupted iterations
default   [  81% ] 100/100 VUs  3m14.9s/4m00.0s

running (3m15.9s), 100/100 VUs, 6624 complete and 0 interrupted iterations
default   [  82% ] 100/100 VUs  3m15.9s/4m00.0s

running (3m16.9s), 100/100 VUs, 6658 complete and 0 interrupted iterations
default   [  82% ] 100/100 VUs  3m16.9s/4m00.0s

running (3m17.9s), 100/100 VUs, 6692 complete and 0 interrupted iterations
default   [  82% ] 100/100 VUs  3m17.9s/4m00.0s

running (3m18.9s), 100/100 VUs, 6726 complete and 0 interrupted iterations
default   [  83% ] 100/100 VUs  3m18.9s/4m00.0s

running (3m19.9s), 100/100 VUs, 6759 complete and 0 interrupted iterations
default   [  83% ] 100/100 VUs  3m19.9s/4m00.0s

running (3m20.9s), 100/100 VUs, 6794 complete and 0 interrupted iterations
default   [  84% ] 100/100 VUs  3m20.9s/4m00.0s

running (3m21.9s), 100/100 VUs, 6827 complete and 0 interrupted iterations
default   [  84% ] 100/100 VUs  3m21.9s/4m00.0s

running (3m22.9s), 100/100 VUs, 6861 complete and 0 interrupted iterations
default   [  85% ] 100/100 VUs  3m22.9s/4m00.0s

running (3m23.9s), 100/100 VUs, 6895 complete and 0 interrupted iterations
default   [  85% ] 100/100 VUs  3m23.9s/4m00.0s

running (3m24.9s), 100/100 VUs, 6929 complete and 0 interrupted iterations
default   [  85% ] 100/100 VUs  3m24.9s/4m00.0s

running (3m25.9s), 100/100 VUs, 6963 complete and 0 interrupted iterations
default   [  86% ] 100/100 VUs  3m25.9s/4m00.0s

running (3m26.9s), 100/100 VUs, 6997 complete and 0 interrupted iterations
default   [  86% ] 100/100 VUs  3m26.9s/4m00.0s

running (3m27.9s), 100/100 VUs, 7031 complete and 0 interrupted iterations
default   [  87% ] 100/100 VUs  3m27.9s/4m00.0s

running (3m28.9s), 100/100 VUs, 7064 complete and 0 interrupted iterations
default   [  87% ] 100/100 VUs  3m28.9s/4m00.0s

running (3m29.9s), 100/100 VUs, 7099 complete and 0 interrupted iterations
default   [  87% ] 100/100 VUs  3m29.9s/4m00.0s

running (3m30.9s), 099/100 VUs, 7131 complete and 0 interrupted iterations
default   [  88% ] 099/100 VUs  3m30.9s/4m00.0s

running (3m31.9s), 098/100 VUs, 7167 complete and 0 interrupted iterations
default   [  88% ] 098/100 VUs  3m31.9s/4m00.0s

running (3m32.9s), 097/100 VUs, 7199 complete and 0 interrupted iterations
default   [  89% ] 097/100 VUs  3m32.9s/4m00.0s

running (3m33.9s), 094/100 VUs, 7235 complete and 0 interrupted iterations
default   [  89% ] 094/100 VUs  3m33.9s/4m00.0s

running (3m34.9s), 089/100 VUs, 7267 complete and 0 interrupted iterations
default   [  90% ] 089/100 VUs  3m34.9s/4m00.0s

running (3m35.9s), 088/100 VUs, 7302 complete and 0 interrupted iterations
default   [  90% ] 088/100 VUs  3m35.9s/4m00.0s

running (3m36.9s), 081/100 VUs, 7335 complete and 0 interrupted iterations
default   [  90% ] 081/100 VUs  3m36.9s/4m00.0s

running (3m37.9s), 077/100 VUs, 7368 complete and 0 interrupted iterations
default   [  91% ] 077/100 VUs  3m37.9s/4m00.0s

running (3m38.9s), 075/100 VUs, 7403 complete and 0 interrupted iterations
default   [  91% ] 075/100 VUs  3m38.9s/4m00.0s

running (3m39.9s), 071/100 VUs, 7436 complete and 0 interrupted iterations
default   [  92% ] 071/100 VUs  3m39.9s/4m00.0s

running (3m40.9s), 068/100 VUs, 7471 complete and 0 interrupted iterations
default   [  92% ] 068/100 VUs  3m40.9s/4m00.0s

running (3m41.9s), 067/100 VUs, 7504 complete and 0 interrupted iterations
default   [  92% ] 067/100 VUs  3m41.9s/4m00.0s

running (3m42.9s), 060/100 VUs, 7539 complete and 0 interrupted iterations
default   [  93% ] 060/100 VUs  3m42.9s/4m00.0s

running (3m43.9s), 059/100 VUs, 7571 complete and 0 interrupted iterations
default   [  93% ] 059/100 VUs  3m43.9s/4m00.0s

running (3m44.9s), 054/100 VUs, 7607 complete and 0 interrupted iterations
default   [  94% ] 054/100 VUs  3m44.9s/4m00.0s

running (3m45.9s), 051/100 VUs, 7639 complete and 0 interrupted iterations
default   [  94% ] 051/100 VUs  3m45.9s/4m00.0s

running (3m46.9s), 047/100 VUs, 7673 complete and 0 interrupted iterations
default   [  95% ] 047/100 VUs  3m46.9s/4m00.0s

running (3m47.9s), 042/100 VUs, 7707 complete and 0 interrupted iterations
default   [  95% ] 042/100 VUs  3m47.9s/4m00.0s

running (3m48.9s), 040/100 VUs, 7741 complete and 0 interrupted iterations
default   [  95% ] 040/100 VUs  3m48.9s/4m00.0s

running (3m49.9s), 037/100 VUs, 7775 complete and 0 interrupted iterations
default   [  96% ] 037/100 VUs  3m49.9s/4m00.0s

running (3m50.9s), 031/100 VUs, 7809 complete and 0 interrupted iterations
default   [  96% ] 031/100 VUs  3m50.9s/4m00.0s

running (3m51.9s), 028/100 VUs, 7843 complete and 0 interrupted iterations
default   [  97% ] 028/100 VUs  3m51.9s/4m00.0s

running (3m52.9s), 025/100 VUs, 7877 complete and 0 interrupted iterations
default   [  97% ] 025/100 VUs  3m52.9s/4m00.0s

running (3m53.9s), 021/100 VUs, 7911 complete and 0 interrupted iterations
default   [  97% ] 021/100 VUs  3m53.9s/4m00.0s

running (3m54.9s), 018/100 VUs, 7944 complete and 0 interrupted iterations
default   [  98% ] 018/100 VUs  3m54.9s/4m00.0s

running (3m55.9s), 014/100 VUs, 7979 complete and 0 interrupted iterations
default   [  98% ] 014/100 VUs  3m55.9s/4m00.0s

running (3m56.9s), 012/100 VUs, 8011 complete and 0 interrupted iterations
default   [  99% ] 012/100 VUs  3m56.9s/4m00.0s

running (3m57.9s), 008/100 VUs, 8045 complete and 0 interrupted iterations
default   [  99% ] 008/100 VUs  3m57.9s/4m00.0s

running (3m58.9s), 004/100 VUs, 8079 complete and 0 interrupted iterations
default   [ 100% ] 004/100 VUs  3m58.9s/4m00.0s

running (3m59.9s), 001/100 VUs, 8111 complete and 0 interrupted iterations
default   [ 100% ] 001/100 VUs  3m59.9s/4m00.0s


  █ THRESHOLDS 

    checks
    ✓ 'rate>0.95' rate=100.00%

    http_req_duration
    ✓ 'p(95)<5000' p(95)=3.31s
    ✓ 'p(99)<10000' p(99)=3.54s

    http_req_failed
    ✓ 'rate<0.05' rate=0.00%


  █ TOTAL RESULTS 

    checks_total.......: 32452   135.208792/s
    checks_succeeded...: 100.00% 32452 out of 32452
    checks_failed......: 0.00%   0 out of 32452

    ✓ status is 200
    ✓ content-type is json
    ✓ workloadType is CPU-BOUND
    ✓ executionTimeMs exists

    CUSTOM
    response_time_ms...............: min=56.814624 avg=2601.580255 med=2954.091777 max=6279.736516 p(90)=3193.871504 p(95)=3314.689671 p(99)=3548.453214
    successful_requests............: 8113   33.802198/s

    HTTP
    http_req_duration..............: min=56.81ms   avg=2.6s        med=2.95s       max=6.27s       p(90)=3.19s       p(95)=3.31s       p(99)=3.54s      
      { expected_response:true }...: min=56.81ms   avg=2.6s        med=2.95s       max=6.27s       p(90)=3.19s       p(95)=3.31s       p(99)=3.54s      
    http_req_failed................: 0.00%  0 out of 8113
    http_reqs......................: 8113   33.802198/s

    EXECUTION
    iteration_duration.............: min=56.94ms   avg=2.6s        med=2.95s       max=6.28s       p(90)=3.19s       p(95)=3.31s       p(99)=3.54s      
    iterations.....................: 8113   33.802198/s
    vus............................: 1      min=1         max=100
    vus_max........................: 100    min=100       max=100

    NETWORK
    data_received..................: 1.9 MB 7.8 kB/s
    data_sent......................: 649 kB 2.7 kB/s




running (4m00.0s), 000/100 VUs, 8113 complete and 0 interrupted iterations
default ✓ [ 100% ] 000/100 VUs  4m0s
