
         /\      Grafana   /‾‾/  
    /\  /  \     |\  __   /  /   
   /  \/    \    | |/ /  /   ‾‾\ 
  /          \   |   (  |  (‾)  |
 / __________ \  |_|\_\  \_____/ 


     execution: local
        script: cpu-bound-test.js
        output: -

     scenarios: (100.00%) 1 scenario, 100 max VUs, 4m30s max duration (incl. graceful stop):
              * default: Up to 100 looping VUs for 4m0s over 3 stages (gracefulRampDown: 30s, gracefulStop: 30s)


running (0m01.0s), 004/100 VUs, 24 complete and 0 interrupted iterations
default   [   0% ] 004/100 VUs  0m01.0s/4m00.0s

running (0m02.0s), 007/100 VUs, 59 complete and 0 interrupted iterations
default   [   1% ] 007/100 VUs  0m02.0s/4m00.0s

running (0m03.0s), 010/100 VUs, 92 complete and 0 interrupted iterations
default   [   1% ] 010/100 VUs  0m03.0s/4m00.0s

running (0m04.0s), 014/100 VUs, 127 complete and 0 interrupted iterations
default   [   2% ] 014/100 VUs  0m04.0s/4m00.0s

running (0m05.0s), 017/100 VUs, 160 complete and 0 interrupted iterations
default   [   2% ] 017/100 VUs  0m05.0s/4m00.0s

running (0m06.0s), 020/100 VUs, 195 complete and 0 interrupted iterations
default   [   2% ] 020/100 VUs  0m06.0s/4m00.0s

running (0m07.0s), 023/100 VUs, 228 complete and 0 interrupted iterations
default   [   3% ] 023/100 VUs  0m07.0s/4m00.0s

running (0m08.0s), 027/100 VUs, 263 complete and 0 interrupted iterations
default   [   3% ] 027/100 VUs  0m08.0s/4m00.0s

running (0m09.0s), 030/100 VUs, 295 complete and 0 interrupted iterations
default   [   4% ] 030/100 VUs  0m09.0s/4m00.0s

running (0m10.0s), 033/100 VUs, 330 complete and 0 interrupted iterations
default   [   4% ] 033/100 VUs  0m10.0s/4m00.0s

running (0m11.0s), 037/100 VUs, 363 complete and 0 interrupted iterations
default   [   5% ] 037/100 VUs  0m11.0s/4m00.0s

running (0m12.0s), 040/100 VUs, 398 complete and 0 interrupted iterations
default   [   5% ] 040/100 VUs  0m12.0s/4m00.0s

running (0m13.0s), 043/100 VUs, 431 complete and 0 interrupted iterations
default   [   5% ] 043/100 VUs  0m13.0s/4m00.0s

running (0m14.0s), 047/100 VUs, 466 complete and 0 interrupted iterations
default   [   6% ] 047/100 VUs  0m14.0s/4m00.0s

running (0m15.0s), 050/100 VUs, 499 complete and 0 interrupted iterations
default   [   6% ] 050/100 VUs  0m15.0s/4m00.0s

running (0m16.0s), 053/100 VUs, 534 complete and 0 interrupted iterations
default   [   7% ] 053/100 VUs  0m16.0s/4m00.0s

running (0m17.0s), 056/100 VUs, 567 complete and 0 interrupted iterations
default   [   7% ] 056/100 VUs  0m17.0s/4m00.0s

running (0m18.0s), 060/100 VUs, 602 complete and 0 interrupted iterations
default   [   7% ] 060/100 VUs  0m18.0s/4m00.0s

running (0m19.0s), 063/100 VUs, 635 complete and 0 interrupted iterations
default   [   8% ] 063/100 VUs  0m19.0s/4m00.0s

running (0m20.0s), 066/100 VUs, 669 complete and 0 interrupted iterations
default   [   8% ] 066/100 VUs  0m20.0s/4m00.0s

running (0m21.0s), 070/100 VUs, 702 complete and 0 interrupted iterations
default   [   9% ] 070/100 VUs  0m21.0s/4m00.0s

running (0m22.0s), 073/100 VUs, 737 complete and 0 interrupted iterations
default   [   9% ] 073/100 VUs  0m22.0s/4m00.0s

running (0m23.0s), 076/100 VUs, 770 complete and 0 interrupted iterations
default   [  10% ] 076/100 VUs  0m23.0s/4m00.0s

running (0m24.0s), 080/100 VUs, 805 complete and 0 interrupted iterations
default   [  10% ] 080/100 VUs  0m24.0s/4m00.0s

running (0m25.0s), 083/100 VUs, 838 complete and 0 interrupted iterations
default   [  10% ] 083/100 VUs  0m25.0s/4m00.0s

running (0m26.0s), 086/100 VUs, 873 complete and 0 interrupted iterations
default   [  11% ] 086/100 VUs  0m26.0s/4m00.0s

running (0m27.0s), 089/100 VUs, 906 complete and 0 interrupted iterations
default   [  11% ] 089/100 VUs  0m27.0s/4m00.0s

running (0m28.0s), 093/100 VUs, 940 complete and 0 interrupted iterations
default   [  12% ] 093/100 VUs  0m28.0s/4m00.0s

running (0m29.0s), 096/100 VUs, 973 complete and 0 interrupted iterations
default   [  12% ] 096/100 VUs  0m29.0s/4m00.0s

running (0m30.0s), 099/100 VUs, 1008 complete and 0 interrupted iterations
default   [  12% ] 099/100 VUs  0m30.0s/4m00.0s

running (0m31.0s), 100/100 VUs, 1041 complete and 0 interrupted iterations
default   [  13% ] 100/100 VUs  0m31.0s/4m00.0s

running (0m32.0s), 100/100 VUs, 1076 complete and 0 interrupted iterations
default   [  13% ] 100/100 VUs  0m32.0s/4m00.0s

running (0m33.0s), 100/100 VUs, 1109 complete and 0 interrupted iterations
default   [  14% ] 100/100 VUs  0m33.0s/4m00.0s

running (0m34.0s), 100/100 VUs, 1144 complete and 0 interrupted iterations
default   [  14% ] 100/100 VUs  0m34.0s/4m00.0s

running (0m35.0s), 100/100 VUs, 1177 complete and 0 interrupted iterations
default   [  15% ] 100/100 VUs  0m35.0s/4m00.0s

running (0m36.0s), 100/100 VUs, 1210 complete and 0 interrupted iterations
default   [  15% ] 100/100 VUs  0m36.0s/4m00.0s

running (0m37.0s), 100/100 VUs, 1245 complete and 0 interrupted iterations
default   [  15% ] 100/100 VUs  0m37.0s/4m00.0s

running (0m38.0s), 100/100 VUs, 1278 complete and 0 interrupted iterations
default   [  16% ] 100/100 VUs  0m38.0s/4m00.0s

running (0m39.0s), 100/100 VUs, 1313 complete and 0 interrupted iterations
default   [  16% ] 100/100 VUs  0m39.0s/4m00.0s

running (0m40.0s), 100/100 VUs, 1346 complete and 0 interrupted iterations
default   [  17% ] 100/100 VUs  0m40.0s/4m00.0s

running (0m41.0s), 100/100 VUs, 1381 complete and 0 interrupted iterations
default   [  17% ] 100/100 VUs  0m41.0s/4m00.0s

running (0m42.0s), 100/100 VUs, 1413 complete and 0 interrupted iterations
default   [  17% ] 100/100 VUs  0m42.0s/4m00.0s

running (0m43.0s), 100/100 VUs, 1449 complete and 0 interrupted iterations
default   [  18% ] 100/100 VUs  0m43.0s/4m00.0s

running (0m44.0s), 100/100 VUs, 1481 complete and 0 interrupted iterations
default   [  18% ] 100/100 VUs  0m44.0s/4m00.0s

running (0m45.0s), 100/100 VUs, 1517 complete and 0 interrupted iterations
default   [  19% ] 100/100 VUs  0m45.0s/4m00.0s

running (0m46.0s), 100/100 VUs, 1549 complete and 0 interrupted iterations
default   [  19% ] 100/100 VUs  0m46.0s/4m00.0s

running (0m47.0s), 100/100 VUs, 1585 complete and 0 interrupted iterations
default   [  20% ] 100/100 VUs  0m47.0s/4m00.0s

running (0m48.0s), 100/100 VUs, 1617 complete and 0 interrupted iterations
default   [  20% ] 100/100 VUs  0m48.0s/4m00.0s

running (0m49.0s), 100/100 VUs, 1652 complete and 0 interrupted iterations
default   [  20% ] 100/100 VUs  0m49.0s/4m00.0s

running (0m50.0s), 100/100 VUs, 1685 complete and 0 interrupted iterations
default   [  21% ] 100/100 VUs  0m50.0s/4m00.0s

running (0m51.0s), 100/100 VUs, 1720 complete and 0 interrupted iterations
default   [  21% ] 100/100 VUs  0m51.0s/4m00.0s

running (0m52.0s), 100/100 VUs, 1753 complete and 0 interrupted iterations
default   [  22% ] 100/100 VUs  0m52.0s/4m00.0s

running (0m53.0s), 100/100 VUs, 1787 complete and 0 interrupted iterations
default   [  22% ] 100/100 VUs  0m53.0s/4m00.0s

running (0m54.0s), 100/100 VUs, 1821 complete and 0 interrupted iterations
default   [  22% ] 100/100 VUs  0m54.0s/4m00.0s

running (0m55.0s), 100/100 VUs, 1853 complete and 0 interrupted iterations
default   [  23% ] 100/100 VUs  0m55.0s/4m00.0s

running (0m56.0s), 100/100 VUs, 1889 complete and 0 interrupted iterations
default   [  23% ] 100/100 VUs  0m56.0s/4m00.0s

running (0m57.0s), 100/100 VUs, 1921 complete and 0 interrupted iterations
default   [  24% ] 100/100 VUs  0m57.0s/4m00.0s

running (0m58.0s), 100/100 VUs, 1957 complete and 0 interrupted iterations
default   [  24% ] 100/100 VUs  0m58.0s/4m00.0s

running (0m59.0s), 100/100 VUs, 1989 complete and 0 interrupted iterations
default   [  25% ] 100/100 VUs  0m59.0s/4m00.0s

running (1m00.0s), 100/100 VUs, 2025 complete and 0 interrupted iterations
default   [  25% ] 100/100 VUs  1m00.0s/4m00.0s

running (1m01.0s), 100/100 VUs, 2056 complete and 0 interrupted iterations
default   [  25% ] 100/100 VUs  1m01.0s/4m00.0s

running (1m02.0s), 100/100 VUs, 2089 complete and 0 interrupted iterations
default   [  26% ] 100/100 VUs  1m02.0s/4m00.0s

running (1m03.0s), 100/100 VUs, 2124 complete and 0 interrupted iterations
default   [  26% ] 100/100 VUs  1m03.0s/4m00.0s

running (1m04.0s), 100/100 VUs, 2157 complete and 0 interrupted iterations
default   [  27% ] 100/100 VUs  1m04.0s/4m00.0s

running (1m05.0s), 100/100 VUs, 2192 complete and 0 interrupted iterations
default   [  27% ] 100/100 VUs  1m05.0s/4m00.0s

running (1m06.0s), 100/100 VUs, 2225 complete and 0 interrupted iterations
default   [  27% ] 100/100 VUs  1m06.0s/4m00.0s

running (1m07.0s), 100/100 VUs, 2259 complete and 0 interrupted iterations
default   [  28% ] 100/100 VUs  1m07.0s/4m00.0s

running (1m08.0s), 100/100 VUs, 2293 complete and 0 interrupted iterations
default   [  28% ] 100/100 VUs  1m08.0s/4m00.0s

running (1m09.0s), 100/100 VUs, 2327 complete and 0 interrupted iterations
default   [  29% ] 100/100 VUs  1m09.0s/4m00.0s

running (1m10.0s), 100/100 VUs, 2361 complete and 0 interrupted iterations
default   [  29% ] 100/100 VUs  1m10.0s/4m00.0s

running (1m11.0s), 100/100 VUs, 2395 complete and 0 interrupted iterations
default   [  30% ] 100/100 VUs  1m11.0s/4m00.0s

running (1m12.0s), 100/100 VUs, 2429 complete and 0 interrupted iterations
default   [  30% ] 100/100 VUs  1m12.0s/4m00.0s

running (1m13.0s), 100/100 VUs, 2462 complete and 0 interrupted iterations
default   [  30% ] 100/100 VUs  1m13.0s/4m00.0s

running (1m14.0s), 100/100 VUs, 2497 complete and 0 interrupted iterations
default   [  31% ] 100/100 VUs  1m14.0s/4m00.0s

running (1m15.0s), 100/100 VUs, 2530 complete and 0 interrupted iterations
default   [  31% ] 100/100 VUs  1m15.0s/4m00.0s

running (1m16.0s), 100/100 VUs, 2565 complete and 0 interrupted iterations
default   [  32% ] 100/100 VUs  1m16.0s/4m00.0s

running (1m17.0s), 100/100 VUs, 2597 complete and 0 interrupted iterations
default   [  32% ] 100/100 VUs  1m17.0s/4m00.0s

running (1m18.0s), 100/100 VUs, 2632 complete and 0 interrupted iterations
default   [  32% ] 100/100 VUs  1m18.0s/4m00.0s

running (1m19.0s), 100/100 VUs, 2665 complete and 0 interrupted iterations
default   [  33% ] 100/100 VUs  1m19.0s/4m00.0s

running (1m20.0s), 100/100 VUs, 2700 complete and 0 interrupted iterations
default   [  33% ] 100/100 VUs  1m20.0s/4m00.0s

running (1m21.0s), 100/100 VUs, 2733 complete and 0 interrupted iterations
default   [  34% ] 100/100 VUs  1m21.0s/4m00.0s

running (1m22.0s), 100/100 VUs, 2767 complete and 0 interrupted iterations
default   [  34% ] 100/100 VUs  1m22.0s/4m00.0s

running (1m23.0s), 100/100 VUs, 2801 complete and 0 interrupted iterations
default   [  35% ] 100/100 VUs  1m23.0s/4m00.0s

running (1m24.0s), 100/100 VUs, 2835 complete and 0 interrupted iterations
default   [  35% ] 100/100 VUs  1m24.0s/4m00.0s

running (1m25.0s), 100/100 VUs, 2869 complete and 0 interrupted iterations
default   [  35% ] 100/100 VUs  1m25.0s/4m00.0s

running (1m26.0s), 100/100 VUs, 2903 complete and 0 interrupted iterations
default   [  36% ] 100/100 VUs  1m26.0s/4m00.0s

running (1m27.0s), 100/100 VUs, 2936 complete and 0 interrupted iterations
default   [  36% ] 100/100 VUs  1m27.0s/4m00.0s

running (1m28.0s), 100/100 VUs, 2971 complete and 0 interrupted iterations
default   [  37% ] 100/100 VUs  1m28.0s/4m00.0s

running (1m29.0s), 100/100 VUs, 3004 complete and 0 interrupted iterations
default   [  37% ] 100/100 VUs  1m29.0s/4m00.0s

running (1m30.0s), 100/100 VUs, 3037 complete and 0 interrupted iterations
default   [  37% ] 100/100 VUs  1m30.0s/4m00.0s

running (1m31.0s), 100/100 VUs, 3072 complete and 0 interrupted iterations
default   [  38% ] 100/100 VUs  1m31.0s/4m00.0s

running (1m32.0s), 100/100 VUs, 3105 complete and 0 interrupted iterations
default   [  38% ] 100/100 VUs  1m32.0s/4m00.0s

running (1m33.0s), 100/100 VUs, 3140 complete and 0 interrupted iterations
default   [  39% ] 100/100 VUs  1m33.0s/4m00.0s

running (1m34.0s), 100/100 VUs, 3173 complete and 0 interrupted iterations
default   [  39% ] 100/100 VUs  1m34.0s/4m00.0s

running (1m35.0s), 100/100 VUs, 3208 complete and 0 interrupted iterations
default   [  40% ] 100/100 VUs  1m35.0s/4m00.0s

running (1m36.0s), 100/100 VUs, 3241 complete and 0 interrupted iterations
default   [  40% ] 100/100 VUs  1m36.0s/4m00.0s

running (1m37.0s), 100/100 VUs, 3276 complete and 0 interrupted iterations
default   [  40% ] 100/100 VUs  1m37.0s/4m00.0s

running (1m38.0s), 100/100 VUs, 3309 complete and 0 interrupted iterations
default   [  41% ] 100/100 VUs  1m38.0s/4m00.0s

running (1m39.0s), 100/100 VUs, 3343 complete and 0 interrupted iterations
default   [  41% ] 100/100 VUs  1m39.0s/4m00.0s

running (1m40.0s), 100/100 VUs, 3377 complete and 0 interrupted iterations
default   [  42% ] 100/100 VUs  1m40.0s/4m00.0s

running (1m41.0s), 100/100 VUs, 3410 complete and 0 interrupted iterations
default   [  42% ] 100/100 VUs  1m41.0s/4m00.0s

running (1m42.0s), 100/100 VUs, 3445 complete and 0 interrupted iterations
default   [  42% ] 100/100 VUs  1m42.0s/4m00.0s

running (1m43.0s), 100/100 VUs, 3478 complete and 0 interrupted iterations
default   [  43% ] 100/100 VUs  1m43.0s/4m00.0s

running (1m44.0s), 100/100 VUs, 3513 complete and 0 interrupted iterations
default   [  43% ] 100/100 VUs  1m44.0s/4m00.0s

running (1m45.0s), 100/100 VUs, 3546 complete and 0 interrupted iterations
default   [  44% ] 100/100 VUs  1m45.0s/4m00.0s

running (1m46.0s), 100/100 VUs, 3580 complete and 0 interrupted iterations
default   [  44% ] 100/100 VUs  1m46.0s/4m00.0s

running (1m47.0s), 100/100 VUs, 3614 complete and 0 interrupted iterations
default   [  45% ] 100/100 VUs  1m47.0s/4m00.0s

running (1m48.0s), 100/100 VUs, 3648 complete and 0 interrupted iterations
default   [  45% ] 100/100 VUs  1m48.0s/4m00.0s

running (1m49.0s), 100/100 VUs, 3682 complete and 0 interrupted iterations
default   [  45% ] 100/100 VUs  1m49.0s/4m00.0s

running (1m50.0s), 100/100 VUs, 3715 complete and 0 interrupted iterations
default   [  46% ] 100/100 VUs  1m50.0s/4m00.0s

running (1m51.0s), 100/100 VUs, 3750 complete and 0 interrupted iterations
default   [  46% ] 100/100 VUs  1m51.0s/4m00.0s

running (1m52.0s), 100/100 VUs, 3783 complete and 0 interrupted iterations
default   [  47% ] 100/100 VUs  1m52.0s/4m00.0s

running (1m53.0s), 100/100 VUs, 3818 complete and 0 interrupted iterations
default   [  47% ] 100/100 VUs  1m53.0s/4m00.0s

running (1m54.0s), 100/100 VUs, 3851 complete and 0 interrupted iterations
default   [  47% ] 100/100 VUs  1m54.0s/4m00.0s

running (1m55.0s), 100/100 VUs, 3886 complete and 0 interrupted iterations
default   [  48% ] 100/100 VUs  1m55.0s/4m00.0s

running (1m56.0s), 100/100 VUs, 3919 complete and 0 interrupted iterations
default   [  48% ] 100/100 VUs  1m56.0s/4m00.0s

running (1m57.0s), 100/100 VUs, 3954 complete and 0 interrupted iterations
default   [  49% ] 100/100 VUs  1m57.0s/4m00.0s

running (1m58.0s), 100/100 VUs, 3987 complete and 0 interrupted iterations
default   [  49% ] 100/100 VUs  1m58.0s/4m00.0s

running (1m59.0s), 100/100 VUs, 4022 complete and 0 interrupted iterations
default   [  50% ] 100/100 VUs  1m59.0s/4m00.0s

running (2m00.0s), 100/100 VUs, 4055 complete and 0 interrupted iterations
default   [  50% ] 100/100 VUs  2m00.0s/4m00.0s

running (2m01.0s), 100/100 VUs, 4088 complete and 0 interrupted iterations
default   [  50% ] 100/100 VUs  2m01.0s/4m00.0s

running (2m02.0s), 100/100 VUs, 4122 complete and 0 interrupted iterations
default   [  51% ] 100/100 VUs  2m02.0s/4m00.0s

running (2m03.0s), 100/100 VUs, 4156 complete and 0 interrupted iterations
default   [  51% ] 100/100 VUs  2m03.0s/4m00.0s

running (2m04.0s), 100/100 VUs, 4190 complete and 0 interrupted iterations
default   [  52% ] 100/100 VUs  2m04.0s/4m00.0s

running (2m05.0s), 100/100 VUs, 4224 complete and 0 interrupted iterations
default   [  52% ] 100/100 VUs  2m05.0s/4m00.0s

running (2m06.0s), 100/100 VUs, 4258 complete and 0 interrupted iterations
default   [  52% ] 100/100 VUs  2m06.0s/4m00.0s

running (2m07.0s), 100/100 VUs, 4292 complete and 0 interrupted iterations
default   [  53% ] 100/100 VUs  2m07.0s/4m00.0s

running (2m08.0s), 100/100 VUs, 4326 complete and 0 interrupted iterations
default   [  53% ] 100/100 VUs  2m08.0s/4m00.0s

running (2m09.0s), 100/100 VUs, 4360 complete and 0 interrupted iterations
default   [  54% ] 100/100 VUs  2m09.0s/4m00.0s

running (2m10.0s), 100/100 VUs, 4394 complete and 0 interrupted iterations
default   [  54% ] 100/100 VUs  2m10.0s/4m00.0s

running (2m11.0s), 100/100 VUs, 4428 complete and 0 interrupted iterations
default   [  55% ] 100/100 VUs  2m11.0s/4m00.0s

running (2m12.0s), 100/100 VUs, 4462 complete and 0 interrupted iterations
default   [  55% ] 100/100 VUs  2m12.0s/4m00.0s

running (2m13.0s), 100/100 VUs, 4496 complete and 0 interrupted iterations
default   [  55% ] 100/100 VUs  2m13.0s/4m00.0s

running (2m14.0s), 100/100 VUs, 4529 complete and 0 interrupted iterations
default   [  56% ] 100/100 VUs  2m14.0s/4m00.0s

running (2m15.0s), 100/100 VUs, 4564 complete and 0 interrupted iterations
default   [  56% ] 100/100 VUs  2m15.0s/4m00.0s

running (2m16.0s), 100/100 VUs, 4596 complete and 0 interrupted iterations
default   [  57% ] 100/100 VUs  2m16.0s/4m00.0s

running (2m17.0s), 100/100 VUs, 4631 complete and 0 interrupted iterations
default   [  57% ] 100/100 VUs  2m17.0s/4m00.0s

running (2m18.0s), 100/100 VUs, 4664 complete and 0 interrupted iterations
default   [  57% ] 100/100 VUs  2m18.0s/4m00.0s

running (2m19.0s), 100/100 VUs, 4698 complete and 0 interrupted iterations
default   [  58% ] 100/100 VUs  2m19.0s/4m00.0s

running (2m20.0s), 100/100 VUs, 4732 complete and 0 interrupted iterations
default   [  58% ] 100/100 VUs  2m20.0s/4m00.0s

running (2m21.0s), 100/100 VUs, 4766 complete and 0 interrupted iterations
default   [  59% ] 100/100 VUs  2m21.0s/4m00.0s

running (2m22.0s), 100/100 VUs, 4800 complete and 0 interrupted iterations
default   [  59% ] 100/100 VUs  2m22.0s/4m00.0s

running (2m23.0s), 100/100 VUs, 4834 complete and 0 interrupted iterations
default   [  60% ] 100/100 VUs  2m23.0s/4m00.0s

running (2m24.0s), 100/100 VUs, 4868 complete and 0 interrupted iterations
default   [  60% ] 100/100 VUs  2m24.0s/4m00.0s

running (2m25.0s), 100/100 VUs, 4902 complete and 0 interrupted iterations
default   [  60% ] 100/100 VUs  2m25.0s/4m00.0s

running (2m26.0s), 100/100 VUs, 4936 complete and 0 interrupted iterations
default   [  61% ] 100/100 VUs  2m26.0s/4m00.0s

running (2m27.0s), 100/100 VUs, 4969 complete and 0 interrupted iterations
default   [  61% ] 100/100 VUs  2m27.0s/4m00.0s

running (2m28.0s), 100/100 VUs, 5004 complete and 0 interrupted iterations
default   [  62% ] 100/100 VUs  2m28.0s/4m00.0s

running (2m29.0s), 100/100 VUs, 5038 complete and 0 interrupted iterations
default   [  62% ] 100/100 VUs  2m29.0s/4m00.0s

running (2m30.0s), 100/100 VUs, 5072 complete and 0 interrupted iterations
default   [  62% ] 100/100 VUs  2m30.0s/4m00.0s

running (2m31.0s), 100/100 VUs, 5104 complete and 0 interrupted iterations
default   [  63% ] 100/100 VUs  2m31.0s/4m00.0s

running (2m32.0s), 100/100 VUs, 5140 complete and 0 interrupted iterations
default   [  63% ] 100/100 VUs  2m32.0s/4m00.0s

running (2m33.0s), 100/100 VUs, 5172 complete and 0 interrupted iterations
default   [  64% ] 100/100 VUs  2m33.0s/4m00.0s

running (2m34.0s), 100/100 VUs, 5208 complete and 0 interrupted iterations
default   [  64% ] 100/100 VUs  2m34.0s/4m00.0s

running (2m35.0s), 100/100 VUs, 5240 complete and 0 interrupted iterations
default   [  65% ] 100/100 VUs  2m35.0s/4m00.0s

running (2m36.0s), 100/100 VUs, 5276 complete and 0 interrupted iterations
default   [  65% ] 100/100 VUs  2m36.0s/4m00.0s

running (2m37.0s), 100/100 VUs, 5308 complete and 0 interrupted iterations
default   [  65% ] 100/100 VUs  2m37.0s/4m00.0s

running (2m38.0s), 100/100 VUs, 5343 complete and 0 interrupted iterations
default   [  66% ] 100/100 VUs  2m38.0s/4m00.0s

running (2m39.0s), 100/100 VUs, 5376 complete and 0 interrupted iterations
default   [  66% ] 100/100 VUs  2m39.0s/4m00.0s

running (2m40.0s), 100/100 VUs, 5409 complete and 0 interrupted iterations
default   [  67% ] 100/100 VUs  2m40.0s/4m00.0s

running (2m41.0s), 100/100 VUs, 5444 complete and 0 interrupted iterations
default   [  67% ] 100/100 VUs  2m41.0s/4m00.0s

running (2m42.0s), 100/100 VUs, 5477 complete and 0 interrupted iterations
default   [  67% ] 100/100 VUs  2m42.0s/4m00.0s

running (2m43.0s), 100/100 VUs, 5512 complete and 0 interrupted iterations
default   [  68% ] 100/100 VUs  2m43.0s/4m00.0s

running (2m44.0s), 100/100 VUs, 5545 complete and 0 interrupted iterations
default   [  68% ] 100/100 VUs  2m44.0s/4m00.0s

running (2m45.0s), 100/100 VUs, 5580 complete and 0 interrupted iterations
default   [  69% ] 100/100 VUs  2m45.0s/4m00.0s

running (2m46.0s), 100/100 VUs, 5612 complete and 0 interrupted iterations
default   [  69% ] 100/100 VUs  2m46.0s/4m00.0s

running (2m47.0s), 100/100 VUs, 5648 complete and 0 interrupted iterations
default   [  70% ] 100/100 VUs  2m47.0s/4m00.0s

running (2m48.0s), 100/100 VUs, 5680 complete and 0 interrupted iterations
default   [  70% ] 100/100 VUs  2m48.0s/4m00.0s

running (2m49.0s), 100/100 VUs, 5716 complete and 0 interrupted iterations
default   [  70% ] 100/100 VUs  2m49.0s/4m00.0s

running (2m50.0s), 100/100 VUs, 5748 complete and 0 interrupted iterations
default   [  71% ] 100/100 VUs  2m50.0s/4m00.0s

running (2m51.0s), 100/100 VUs, 5784 complete and 0 interrupted iterations
default   [  71% ] 100/100 VUs  2m51.0s/4m00.0s

running (2m52.0s), 100/100 VUs, 5816 complete and 0 interrupted iterations
default   [  72% ] 100/100 VUs  2m52.0s/4m00.0s

running (2m53.0s), 100/100 VUs, 5852 complete and 0 interrupted iterations
default   [  72% ] 100/100 VUs  2m53.0s/4m00.0s

running (2m54.0s), 100/100 VUs, 5884 complete and 0 interrupted iterations
default   [  72% ] 100/100 VUs  2m54.0s/4m00.0s

running (2m55.0s), 100/100 VUs, 5920 complete and 0 interrupted iterations
default   [  73% ] 100/100 VUs  2m55.0s/4m00.0s

running (2m56.0s), 100/100 VUs, 5952 complete and 0 interrupted iterations
default   [  73% ] 100/100 VUs  2m56.0s/4m00.0s

running (2m57.0s), 100/100 VUs, 5986 complete and 0 interrupted iterations
default   [  74% ] 100/100 VUs  2m57.0s/4m00.0s

running (2m58.0s), 100/100 VUs, 6020 complete and 0 interrupted iterations
default   [  74% ] 100/100 VUs  2m58.0s/4m00.0s

running (2m59.0s), 100/100 VUs, 6053 complete and 0 interrupted iterations
default   [  75% ] 100/100 VUs  2m59.0s/4m00.0s

running (3m00.0s), 100/100 VUs, 6088 complete and 0 interrupted iterations
default   [  75% ] 100/100 VUs  3m00.0s/4m00.0s

running (3m01.0s), 100/100 VUs, 6121 complete and 0 interrupted iterations
default   [  75% ] 100/100 VUs  3m01.0s/4m00.0s

running (3m02.0s), 100/100 VUs, 6156 complete and 0 interrupted iterations
default   [  76% ] 100/100 VUs  3m02.0s/4m00.0s

running (3m03.0s), 100/100 VUs, 6189 complete and 0 interrupted iterations
default   [  76% ] 100/100 VUs  3m03.0s/4m00.0s

running (3m04.0s), 100/100 VUs, 6224 complete and 0 interrupted iterations
default   [  77% ] 100/100 VUs  3m04.0s/4m00.0s

running (3m05.0s), 100/100 VUs, 6256 complete and 0 interrupted iterations
default   [  77% ] 100/100 VUs  3m05.0s/4m00.0s

running (3m06.0s), 100/100 VUs, 6292 complete and 0 interrupted iterations
default   [  77% ] 100/100 VUs  3m06.0s/4m00.0s

running (3m07.0s), 100/100 VUs, 6324 complete and 0 interrupted iterations
default   [  78% ] 100/100 VUs  3m07.0s/4m00.0s

running (3m08.0s), 100/100 VUs, 6360 complete and 0 interrupted iterations
default   [  78% ] 100/100 VUs  3m08.0s/4m00.0s

running (3m09.0s), 100/100 VUs, 6392 complete and 0 interrupted iterations
default   [  79% ] 100/100 VUs  3m09.0s/4m00.0s

running (3m10.0s), 100/100 VUs, 6428 complete and 0 interrupted iterations
default   [  79% ] 100/100 VUs  3m10.0s/4m00.0s

running (3m11.0s), 100/100 VUs, 6460 complete and 0 interrupted iterations
default   [  80% ] 100/100 VUs  3m11.0s/4m00.0s

running (3m12.0s), 100/100 VUs, 6496 complete and 0 interrupted iterations
default   [  80% ] 100/100 VUs  3m12.0s/4m00.0s

running (3m13.0s), 100/100 VUs, 6528 complete and 0 interrupted iterations
default   [  80% ] 100/100 VUs  3m13.0s/4m00.0s

running (3m14.0s), 100/100 VUs, 6563 complete and 0 interrupted iterations
default   [  81% ] 100/100 VUs  3m14.0s/4m00.0s

running (3m15.0s), 100/100 VUs, 6596 complete and 0 interrupted iterations
default   [  81% ] 100/100 VUs  3m15.0s/4m00.0s

running (3m16.0s), 100/100 VUs, 6631 complete and 0 interrupted iterations
default   [  82% ] 100/100 VUs  3m16.0s/4m00.0s

running (3m17.0s), 100/100 VUs, 6664 complete and 0 interrupted iterations
default   [  82% ] 100/100 VUs  3m17.0s/4m00.0s

running (3m18.0s), 100/100 VUs, 6697 complete and 0 interrupted iterations
default   [  82% ] 100/100 VUs  3m18.0s/4m00.0s

running (3m19.0s), 100/100 VUs, 6732 complete and 0 interrupted iterations
default   [  83% ] 100/100 VUs  3m19.0s/4m00.0s

running (3m20.0s), 100/100 VUs, 6764 complete and 0 interrupted iterations
default   [  83% ] 100/100 VUs  3m20.0s/4m00.0s

running (3m21.0s), 100/100 VUs, 6800 complete and 0 interrupted iterations
default   [  84% ] 100/100 VUs  3m21.0s/4m00.0s

running (3m22.0s), 100/100 VUs, 6832 complete and 0 interrupted iterations
default   [  84% ] 100/100 VUs  3m22.0s/4m00.0s

running (3m23.0s), 100/100 VUs, 6868 complete and 0 interrupted iterations
default   [  85% ] 100/100 VUs  3m23.0s/4m00.0s

running (3m24.0s), 100/100 VUs, 6900 complete and 0 interrupted iterations
default   [  85% ] 100/100 VUs  3m24.0s/4m00.0s

running (3m25.0s), 100/100 VUs, 6935 complete and 0 interrupted iterations
default   [  85% ] 100/100 VUs  3m25.0s/4m00.0s

running (3m26.0s), 100/100 VUs, 6968 complete and 0 interrupted iterations
default   [  86% ] 100/100 VUs  3m26.0s/4m00.0s

running (3m27.0s), 100/100 VUs, 7003 complete and 0 interrupted iterations
default   [  86% ] 100/100 VUs  3m27.0s/4m00.0s

running (3m28.0s), 100/100 VUs, 7036 complete and 0 interrupted iterations
default   [  87% ] 100/100 VUs  3m28.0s/4m00.0s

running (3m29.0s), 100/100 VUs, 7071 complete and 0 interrupted iterations
default   [  87% ] 100/100 VUs  3m29.0s/4m00.0s

running (3m30.0s), 100/100 VUs, 7104 complete and 0 interrupted iterations
default   [  87% ] 100/100 VUs  3m30.0s/4m00.0s

running (3m31.0s), 099/100 VUs, 7139 complete and 0 interrupted iterations
default   [  88% ] 099/100 VUs  3m31.0s/4m00.0s

running (3m32.0s), 098/100 VUs, 7171 complete and 0 interrupted iterations
default   [  88% ] 098/100 VUs  3m32.0s/4m00.0s

running (3m33.0s), 098/100 VUs, 7206 complete and 0 interrupted iterations
default   [  89% ] 098/100 VUs  3m33.0s/4m00.0s

running (3m34.0s), 096/100 VUs, 7239 complete and 0 interrupted iterations
default   [  89% ] 096/100 VUs  3m34.0s/4m00.0s

running (3m35.0s), 088/100 VUs, 7274 complete and 0 interrupted iterations
default   [  90% ] 088/100 VUs  3m35.0s/4m00.0s

running (3m36.0s), 087/100 VUs, 7307 complete and 0 interrupted iterations
default   [  90% ] 087/100 VUs  3m36.0s/4m00.0s

running (3m37.0s), 085/100 VUs, 7342 complete and 0 interrupted iterations
default   [  90% ] 085/100 VUs  3m37.0s/4m00.0s

running (3m38.0s), 076/100 VUs, 7375 complete and 0 interrupted iterations
default   [  91% ] 076/100 VUs  3m38.0s/4m00.0s

running (3m39.0s), 076/100 VUs, 7410 complete and 0 interrupted iterations
default   [  91% ] 076/100 VUs  3m39.0s/4m00.0s

running (3m40.0s), 070/100 VUs, 7443 complete and 0 interrupted iterations
default   [  92% ] 070/100 VUs  3m40.0s/4m00.0s

running (3m41.0s), 066/100 VUs, 7478 complete and 0 interrupted iterations
default   [  92% ] 066/100 VUs  3m41.0s/4m00.0s

running (3m42.0s), 066/100 VUs, 7511 complete and 0 interrupted iterations
default   [  92% ] 066/100 VUs  3m42.0s/4m00.0s

running (3m43.0s), 060/100 VUs, 7546 complete and 0 interrupted iterations
default   [  93% ] 060/100 VUs  3m43.0s/4m00.0s

running (3m44.0s), 059/100 VUs, 7579 complete and 0 interrupted iterations
default   [  93% ] 059/100 VUs  3m44.0s/4m00.0s

running (3m45.0s), 053/100 VUs, 7613 complete and 0 interrupted iterations
default   [  94% ] 053/100 VUs  3m45.0s/4m00.0s

running (3m46.0s), 050/100 VUs, 7647 complete and 0 interrupted iterations
default   [  94% ] 050/100 VUs  3m46.0s/4m00.0s

running (3m47.0s), 047/100 VUs, 7680 complete and 0 interrupted iterations
default   [  95% ] 047/100 VUs  3m47.0s/4m00.0s

running (3m48.0s), 043/100 VUs, 7714 complete and 0 interrupted iterations
default   [  95% ] 043/100 VUs  3m48.0s/4m00.0s

running (3m49.0s), 039/100 VUs, 7748 complete and 0 interrupted iterations
default   [  95% ] 039/100 VUs  3m49.0s/4m00.0s

running (3m50.0s), 036/100 VUs, 7782 complete and 0 interrupted iterations
default   [  96% ] 036/100 VUs  3m50.0s/4m00.0s

running (3m51.0s), 032/100 VUs, 7816 complete and 0 interrupted iterations
default   [  96% ] 032/100 VUs  3m51.0s/4m00.0s

running (3m52.0s), 030/100 VUs, 7850 complete and 0 interrupted iterations
default   [  97% ] 030/100 VUs  3m52.0s/4m00.0s

running (3m53.0s), 025/100 VUs, 7884 complete and 0 interrupted iterations
default   [  97% ] 025/100 VUs  3m53.0s/4m00.0s

running (3m54.0s), 022/100 VUs, 7918 complete and 0 interrupted iterations
default   [  97% ] 022/100 VUs  3m54.0s/4m00.0s

running (3m55.0s), 018/100 VUs, 7951 complete and 0 interrupted iterations
default   [  98% ] 018/100 VUs  3m55.0s/4m00.0s

running (3m56.0s), 016/100 VUs, 7986 complete and 0 interrupted iterations
default   [  98% ] 016/100 VUs  3m56.0s/4m00.0s

running (3m57.0s), 011/100 VUs, 8019 complete and 0 interrupted iterations
default   [  99% ] 011/100 VUs  3m57.0s/4m00.0s

running (3m58.0s), 008/100 VUs, 8054 complete and 0 interrupted iterations
default   [  99% ] 008/100 VUs  3m58.0s/4m00.0s

running (3m59.0s), 004/100 VUs, 8087 complete and 0 interrupted iterations
default   [ 100% ] 004/100 VUs  3m59.0s/4m00.0s

running (4m00.0s), 001/100 VUs, 8119 complete and 0 interrupted iterations
default   [ 100% ] 001/100 VUs  4m00.0s/4m00.0s


  █ THRESHOLDS 

    checks
    ✓ 'rate>0.95' rate=100.00%

    http_req_duration
    ✓ 'p(95)<5000' p(95)=3.31s
    ✓ 'p(99)<10000' p(99)=3.53s

    http_req_failed
    ✓ 'rate<0.05' rate=0.00%


  █ TOTAL RESULTS 

    checks_total.......: 32480   135.332978/s
    checks_succeeded...: 100.00% 32480 out of 32480
    checks_failed......: 0.00%   0 out of 32480

    ✓ status is 200
    ✓ content-type is json
    ✓ workloadType is CPU-BOUND
    ✓ executionTimeMs exists

    CUSTOM
    response_time_ms...............: min=56.810475 avg=2598.663266 med=2950.77634 max=6272.513371 p(90)=3193.883336 p(95)=3313.709049 p(99)=3536.407584
    successful_requests............: 8120   33.833245/s

    HTTP
    http_req_duration..............: min=56.81ms   avg=2.59s       med=2.95s      max=6.27s       p(90)=3.19s       p(95)=3.31s       p(99)=3.53s      
      { expected_response:true }...: min=56.81ms   avg=2.59s       med=2.95s      max=6.27s       p(90)=3.19s       p(95)=3.31s       p(99)=3.53s      
    http_req_failed................: 0.00%  0 out of 8120
    http_reqs......................: 8120   33.833245/s

    EXECUTION
    iteration_duration.............: min=56.93ms   avg=2.59s       med=2.95s      max=6.27s       p(90)=3.19s       p(95)=3.31s       p(99)=3.53s      
    iterations.....................: 8120   33.833245/s
    vus............................: 1      min=1         max=100
    vus_max........................: 100    min=100       max=100

    NETWORK
    data_received..................: 1.9 MB 7.8 kB/s
    data_sent......................: 650 kB 2.7 kB/s




running (4m00.0s), 000/100 VUs, 8120 complete and 0 interrupted iterations
default ✓ [ 100% ] 000/100 VUs  4m0s
