
         /\      Grafana   /‾‾/  
    /\  /  \     |\  __   /  /   
   /  \/    \    | |/ /  /   ‾‾\ 
  /          \   |   (  |  (‾)  |
 / __________ \  |_|\_\  \_____/ 


     execution: local
        script: io-bound-test.js
        output: -

     scenarios: (100.00%) 1 scenario, 150 max VUs, 4m30s max duration (incl. graceful stop):
              * default: Up to 150 looping VUs for 4m0s over 3 stages (gracefulRampDown: 30s, gracefulStop: 30s)


running (0m00.9s), 005/150 VUs, 50 complete and 0 interrupted iterations
default   [   0% ] 005/150 VUs  0m00.9s/4m00.0s

running (0m01.9s), 010/150 VUs, 195 complete and 0 interrupted iterations
default   [   1% ] 010/150 VUs  0m01.9s/4m00.0s

running (0m02.9s), 015/150 VUs, 438 complete and 0 interrupted iterations
default   [   1% ] 015/150 VUs  0m02.9s/4m00.0s

running (0m03.9s), 020/150 VUs, 775 complete and 0 interrupted iterations
default   [   2% ] 020/150 VUs  0m03.9s/4m00.0s

running (0m04.9s), 025/150 VUs, 1213 complete and 0 interrupted iterations
default   [   2% ] 025/150 VUs  0m04.9s/4m00.0s

running (0m05.9s), 030/150 VUs, 1745 complete and 0 interrupted iterations
default   [   2% ] 030/150 VUs  0m05.9s/4m00.0s

running (0m06.9s), 035/150 VUs, 2380 complete and 0 interrupted iterations
default   [   3% ] 035/150 VUs  0m06.9s/4m00.0s

running (0m07.9s), 040/150 VUs, 3099 complete and 0 interrupted iterations
default   [   3% ] 040/150 VUs  0m07.9s/4m00.0s

running (0m08.9s), 045/150 VUs, 3932 complete and 0 interrupted iterations
default   [   4% ] 045/150 VUs  0m08.9s/4m00.0s

running (0m09.9s), 050/150 VUs, 4832 complete and 0 interrupted iterations
default   [   4% ] 050/150 VUs  0m09.9s/4m00.0s

running (0m10.9s), 055/150 VUs, 5827 complete and 0 interrupted iterations
default   [   5% ] 055/150 VUs  0m10.9s/4m00.0s

running (0m11.9s), 060/150 VUs, 6803 complete and 0 interrupted iterations
default   [   5% ] 060/150 VUs  0m11.9s/4m00.0s

running (0m12.9s), 065/150 VUs, 7802 complete and 0 interrupted iterations
default   [   5% ] 065/150 VUs  0m12.9s/4m00.0s

running (0m13.9s), 070/150 VUs, 8782 complete and 0 interrupted iterations
default   [   6% ] 070/150 VUs  0m13.9s/4m00.0s

running (0m14.9s), 075/150 VUs, 9757 complete and 0 interrupted iterations
default   [   6% ] 075/150 VUs  0m14.9s/4m00.0s

running (0m15.9s), 080/150 VUs, 10752 complete and 0 interrupted iterations
default   [   7% ] 080/150 VUs  0m15.9s/4m00.0s

running (0m16.9s), 085/150 VUs, 11733 complete and 0 interrupted iterations
default   [   7% ] 085/150 VUs  0m16.9s/4m00.0s

running (0m17.9s), 090/150 VUs, 12717 complete and 0 interrupted iterations
default   [   7% ] 090/150 VUs  0m17.9s/4m00.0s

running (0m18.9s), 095/150 VUs, 13702 complete and 0 interrupted iterations
default   [   8% ] 095/150 VUs  0m18.9s/4m00.0s

running (0m19.9s), 099/150 VUs, 14683 complete and 0 interrupted iterations
default   [   8% ] 099/150 VUs  0m19.9s/4m00.0s

running (0m20.9s), 104/150 VUs, 15670 complete and 0 interrupted iterations
default   [   9% ] 104/150 VUs  0m20.9s/4m00.0s

running (0m21.9s), 109/150 VUs, 16652 complete and 0 interrupted iterations
default   [   9% ] 109/150 VUs  0m21.9s/4m00.0s

running (0m22.9s), 114/150 VUs, 17633 complete and 0 interrupted iterations
default   [  10% ] 114/150 VUs  0m22.9s/4m00.0s

running (0m23.9s), 119/150 VUs, 18630 complete and 0 interrupted iterations
default   [  10% ] 119/150 VUs  0m23.9s/4m00.0s

running (0m24.9s), 124/150 VUs, 19602 complete and 0 interrupted iterations
default   [  10% ] 124/150 VUs  0m24.9s/4m00.0s

running (0m25.9s), 129/150 VUs, 20600 complete and 0 interrupted iterations
default   [  11% ] 129/150 VUs  0m25.9s/4m00.0s

running (0m26.9s), 134/150 VUs, 21573 complete and 0 interrupted iterations
default   [  11% ] 134/150 VUs  0m26.9s/4m00.0s

running (0m27.9s), 139/150 VUs, 22552 complete and 0 interrupted iterations
default   [  12% ] 139/150 VUs  0m27.9s/4m00.0s

running (0m28.9s), 144/150 VUs, 23552 complete and 0 interrupted iterations
default   [  12% ] 144/150 VUs  0m28.9s/4m00.0s

running (0m29.9s), 149/150 VUs, 24521 complete and 0 interrupted iterations
default   [  12% ] 149/150 VUs  0m29.9s/4m00.0s

running (0m30.9s), 150/150 VUs, 25502 complete and 0 interrupted iterations
default   [  13% ] 150/150 VUs  0m30.9s/4m00.0s

running (0m31.9s), 150/150 VUs, 26502 complete and 0 interrupted iterations
default   [  13% ] 150/150 VUs  0m31.9s/4m00.0s

running (0m32.9s), 150/150 VUs, 27477 complete and 0 interrupted iterations
default   [  14% ] 150/150 VUs  0m32.9s/4m00.0s

running (0m33.9s), 150/150 VUs, 28452 complete and 0 interrupted iterations
default   [  14% ] 150/150 VUs  0m33.9s/4m00.0s

running (0m34.9s), 150/150 VUs, 29452 complete and 0 interrupted iterations
default   [  15% ] 150/150 VUs  0m34.9s/4m00.0s

running (0m35.9s), 150/150 VUs, 30426 complete and 0 interrupted iterations
default   [  15% ] 150/150 VUs  0m35.9s/4m00.0s

running (0m36.9s), 150/150 VUs, 31402 complete and 0 interrupted iterations
default   [  15% ] 150/150 VUs  0m36.9s/4m00.0s

running (0m37.9s), 150/150 VUs, 32402 complete and 0 interrupted iterations
default   [  16% ] 150/150 VUs  0m37.9s/4m00.0s

running (0m38.9s), 150/150 VUs, 33358 complete and 0 interrupted iterations
default   [  16% ] 150/150 VUs  0m38.9s/4m00.0s

running (0m39.9s), 150/150 VUs, 34352 complete and 0 interrupted iterations
default   [  17% ] 150/150 VUs  0m39.9s/4m00.0s

running (0m40.9s), 150/150 VUs, 35352 complete and 0 interrupted iterations
default   [  17% ] 150/150 VUs  0m40.9s/4m00.0s

running (0m41.9s), 150/150 VUs, 36325 complete and 0 interrupted iterations
default   [  17% ] 150/150 VUs  0m41.9s/4m00.0s

running (0m42.9s), 150/150 VUs, 37302 complete and 0 interrupted iterations
default   [  18% ] 150/150 VUs  0m42.9s/4m00.0s

running (0m43.9s), 150/150 VUs, 38302 complete and 0 interrupted iterations
default   [  18% ] 150/150 VUs  0m43.9s/4m00.0s

running (0m44.9s), 150/150 VUs, 39302 complete and 0 interrupted iterations
default   [  19% ] 150/150 VUs  0m44.9s/4m00.0s

running (0m45.9s), 150/150 VUs, 40255 complete and 0 interrupted iterations
default   [  19% ] 150/150 VUs  0m45.9s/4m00.0s

running (0m46.9s), 150/150 VUs, 41252 complete and 0 interrupted iterations
default   [  20% ] 150/150 VUs  0m46.9s/4m00.0s

running (0m47.9s), 150/150 VUs, 42252 complete and 0 interrupted iterations
default   [  20% ] 150/150 VUs  0m47.9s/4m00.0s

running (0m48.9s), 150/150 VUs, 43205 complete and 0 interrupted iterations
default   [  20% ] 150/150 VUs  0m48.9s/4m00.0s

running (0m49.9s), 150/150 VUs, 44202 complete and 0 interrupted iterations
default   [  21% ] 150/150 VUs  0m49.9s/4m00.0s

running (0m50.9s), 150/150 VUs, 45202 complete and 0 interrupted iterations
default   [  21% ] 150/150 VUs  0m50.9s/4m00.0s

running (0m51.9s), 150/150 VUs, 46155 complete and 0 interrupted iterations
default   [  22% ] 150/150 VUs  0m51.9s/4m00.0s

running (0m52.9s), 150/150 VUs, 47152 complete and 0 interrupted iterations
default   [  22% ] 150/150 VUs  0m52.9s/4m00.0s

running (0m53.9s), 150/150 VUs, 48152 complete and 0 interrupted iterations
default   [  22% ] 150/150 VUs  0m53.9s/4m00.0s

running (0m54.9s), 150/150 VUs, 49105 complete and 0 interrupted iterations
default   [  23% ] 150/150 VUs  0m54.9s/4m00.0s

running (0m55.9s), 150/150 VUs, 50105 complete and 0 interrupted iterations
default   [  23% ] 150/150 VUs  0m55.9s/4m00.0s

running (0m56.9s), 150/150 VUs, 51092 complete and 0 interrupted iterations
default   [  24% ] 150/150 VUs  0m56.9s/4m00.0s

running (0m57.9s), 150/150 VUs, 52055 complete and 0 interrupted iterations
default   [  24% ] 150/150 VUs  0m57.9s/4m00.0s

running (0m58.9s), 150/150 VUs, 53055 complete and 0 interrupted iterations
default   [  25% ] 150/150 VUs  0m58.9s/4m00.0s

running (0m59.9s), 150/150 VUs, 54052 complete and 0 interrupted iterations
default   [  25% ] 150/150 VUs  0m59.9s/4m00.0s

running (1m00.9s), 150/150 VUs, 55005 complete and 0 interrupted iterations
default   [  25% ] 150/150 VUs  1m00.9s/4m00.0s

running (1m01.9s), 150/150 VUs, 56005 complete and 0 interrupted iterations
default   [  26% ] 150/150 VUs  1m01.9s/4m00.0s

running (1m02.9s), 150/150 VUs, 57005 complete and 0 interrupted iterations
default   [  26% ] 150/150 VUs  1m02.9s/4m00.0s

running (1m03.9s), 150/150 VUs, 57955 complete and 0 interrupted iterations
default   [  27% ] 150/150 VUs  1m03.9s/4m00.0s

running (1m04.9s), 150/150 VUs, 58955 complete and 0 interrupted iterations
default   [  27% ] 150/150 VUs  1m04.9s/4m00.0s

running (1m05.9s), 150/150 VUs, 59955 complete and 0 interrupted iterations
default   [  27% ] 150/150 VUs  1m05.9s/4m00.0s

running (1m06.9s), 150/150 VUs, 60905 complete and 0 interrupted iterations
default   [  28% ] 150/150 VUs  1m06.9s/4m00.0s

running (1m07.9s), 150/150 VUs, 61905 complete and 0 interrupted iterations
default   [  28% ] 150/150 VUs  1m07.9s/4m00.0s

running (1m08.9s), 150/150 VUs, 62905 complete and 0 interrupted iterations
default   [  29% ] 150/150 VUs  1m08.9s/4m00.0s

running (1m09.9s), 150/150 VUs, 63855 complete and 0 interrupted iterations
default   [  29% ] 150/150 VUs  1m09.9s/4m00.0s

running (1m10.9s), 150/150 VUs, 64855 complete and 0 interrupted iterations
default   [  30% ] 150/150 VUs  1m10.9s/4m00.0s

running (1m11.9s), 150/150 VUs, 65855 complete and 0 interrupted iterations
default   [  30% ] 150/150 VUs  1m11.9s/4m00.0s

running (1m12.9s), 150/150 VUs, 66805 complete and 0 interrupted iterations
default   [  30% ] 150/150 VUs  1m12.9s/4m00.0s

running (1m13.9s), 150/150 VUs, 67805 complete and 0 interrupted iterations
default   [  31% ] 150/150 VUs  1m13.9s/4m00.0s

running (1m14.9s), 150/150 VUs, 68801 complete and 0 interrupted iterations
default   [  31% ] 150/150 VUs  1m14.9s/4m00.0s

running (1m15.9s), 150/150 VUs, 69755 complete and 0 interrupted iterations
default   [  32% ] 150/150 VUs  1m15.9s/4m00.0s

running (1m16.9s), 150/150 VUs, 70755 complete and 0 interrupted iterations
default   [  32% ] 150/150 VUs  1m16.9s/4m00.0s

running (1m17.9s), 150/150 VUs, 71755 complete and 0 interrupted iterations
default   [  32% ] 150/150 VUs  1m17.9s/4m00.0s

running (1m18.9s), 150/150 VUs, 72705 complete and 0 interrupted iterations
default   [  33% ] 150/150 VUs  1m18.9s/4m00.0s

running (1m19.9s), 150/150 VUs, 73705 complete and 0 interrupted iterations
default   [  33% ] 150/150 VUs  1m19.9s/4m00.0s

running (1m20.9s), 150/150 VUs, 74705 complete and 0 interrupted iterations
default   [  34% ] 150/150 VUs  1m20.9s/4m00.0s

running (1m21.9s), 150/150 VUs, 75655 complete and 0 interrupted iterations
default   [  34% ] 150/150 VUs  1m21.9s/4m00.0s

running (1m22.9s), 150/150 VUs, 76655 complete and 0 interrupted iterations
default   [  35% ] 150/150 VUs  1m22.9s/4m00.0s

running (1m23.9s), 150/150 VUs, 77655 complete and 0 interrupted iterations
default   [  35% ] 150/150 VUs  1m23.9s/4m00.0s

running (1m24.9s), 150/150 VUs, 78605 complete and 0 interrupted iterations
default   [  35% ] 150/150 VUs  1m24.9s/4m00.0s

running (1m25.9s), 150/150 VUs, 79605 complete and 0 interrupted iterations
default   [  36% ] 150/150 VUs  1m25.9s/4m00.0s

running (1m26.9s), 150/150 VUs, 80605 complete and 0 interrupted iterations
default   [  36% ] 150/150 VUs  1m26.9s/4m00.0s

running (1m27.9s), 150/150 VUs, 81555 complete and 0 interrupted iterations
default   [  37% ] 150/150 VUs  1m27.9s/4m00.0s

running (1m28.9s), 150/150 VUs, 82555 complete and 0 interrupted iterations
default   [  37% ] 150/150 VUs  1m28.9s/4m00.0s

running (1m29.9s), 150/150 VUs, 83555 complete and 0 interrupted iterations
default   [  37% ] 150/150 VUs  1m29.9s/4m00.0s

running (1m30.9s), 150/150 VUs, 84505 complete and 0 interrupted iterations
default   [  38% ] 150/150 VUs  1m30.9s/4m00.0s

running (1m31.9s), 150/150 VUs, 85505 complete and 0 interrupted iterations
default   [  38% ] 150/150 VUs  1m31.9s/4m00.0s

running (1m32.9s), 150/150 VUs, 86505 complete and 0 interrupted iterations
default   [  39% ] 150/150 VUs  1m32.9s/4m00.0s

running (1m33.9s), 150/150 VUs, 87455 complete and 0 interrupted iterations
default   [  39% ] 150/150 VUs  1m33.9s/4m00.0s

running (1m34.9s), 150/150 VUs, 88455 complete and 0 interrupted iterations
default   [  40% ] 150/150 VUs  1m34.9s/4m00.0s

running (1m35.9s), 150/150 VUs, 89455 complete and 0 interrupted iterations
default   [  40% ] 150/150 VUs  1m35.9s/4m00.0s

running (1m36.9s), 150/150 VUs, 90405 complete and 0 interrupted iterations
default   [  40% ] 150/150 VUs  1m36.9s/4m00.0s

running (1m37.9s), 150/150 VUs, 91405 complete and 0 interrupted iterations
default   [  41% ] 150/150 VUs  1m37.9s/4m00.0s

running (1m38.9s), 150/150 VUs, 92405 complete and 0 interrupted iterations
default   [  41% ] 150/150 VUs  1m38.9s/4m00.0s

running (1m39.9s), 150/150 VUs, 93355 complete and 0 interrupted iterations
default   [  42% ] 150/150 VUs  1m39.9s/4m00.0s

running (1m40.9s), 150/150 VUs, 94355 complete and 0 interrupted iterations
default   [  42% ] 150/150 VUs  1m40.9s/4m00.0s

running (1m41.9s), 150/150 VUs, 95355 complete and 0 interrupted iterations
default   [  42% ] 150/150 VUs  1m41.9s/4m00.0s

running (1m42.9s), 150/150 VUs, 96305 complete and 0 interrupted iterations
default   [  43% ] 150/150 VUs  1m42.9s/4m00.0s

running (1m43.9s), 150/150 VUs, 97305 complete and 0 interrupted iterations
default   [  43% ] 150/150 VUs  1m43.9s/4m00.0s

running (1m44.9s), 150/150 VUs, 98305 complete and 0 interrupted iterations
default   [  44% ] 150/150 VUs  1m44.9s/4m00.0s

running (1m45.9s), 150/150 VUs, 99255 complete and 0 interrupted iterations
default   [  44% ] 150/150 VUs  1m45.9s/4m00.0s

running (1m46.9s), 150/150 VUs, 100255 complete and 0 interrupted iterations
default   [  45% ] 150/150 VUs  1m46.9s/4m00.0s

running (1m47.9s), 150/150 VUs, 101255 complete and 0 interrupted iterations
default   [  45% ] 150/150 VUs  1m47.9s/4m00.0s

running (1m48.9s), 150/150 VUs, 102205 complete and 0 interrupted iterations
default   [  45% ] 150/150 VUs  1m48.9s/4m00.0s

running (1m49.9s), 150/150 VUs, 103205 complete and 0 interrupted iterations
default   [  46% ] 150/150 VUs  1m49.9s/4m00.0s

running (1m50.9s), 150/150 VUs, 104205 complete and 0 interrupted iterations
default   [  46% ] 150/150 VUs  1m50.9s/4m00.0s

running (1m51.9s), 150/150 VUs, 105155 complete and 0 interrupted iterations
default   [  47% ] 150/150 VUs  1m51.9s/4m00.0s

running (1m52.9s), 150/150 VUs, 106155 complete and 0 interrupted iterations
default   [  47% ] 150/150 VUs  1m52.9s/4m00.0s

running (1m53.9s), 150/150 VUs, 107146 complete and 0 interrupted iterations
default   [  47% ] 150/150 VUs  1m53.9s/4m00.0s

running (1m54.9s), 150/150 VUs, 108105 complete and 0 interrupted iterations
default   [  48% ] 150/150 VUs  1m54.9s/4m00.0s

running (1m55.9s), 150/150 VUs, 109105 complete and 0 interrupted iterations
default   [  48% ] 150/150 VUs  1m55.9s/4m00.0s

running (1m56.9s), 150/150 VUs, 110105 complete and 0 interrupted iterations
default   [  49% ] 150/150 VUs  1m56.9s/4m00.0s

running (1m57.9s), 150/150 VUs, 111055 complete and 0 interrupted iterations
default   [  49% ] 150/150 VUs  1m57.9s/4m00.0s

running (1m58.9s), 150/150 VUs, 112055 complete and 0 interrupted iterations
default   [  50% ] 150/150 VUs  1m58.9s/4m00.0s

running (1m59.9s), 150/150 VUs, 113055 complete and 0 interrupted iterations
default   [  50% ] 150/150 VUs  1m59.9s/4m00.0s

running (2m00.9s), 150/150 VUs, 114005 complete and 0 interrupted iterations
default   [  50% ] 150/150 VUs  2m00.9s/4m00.0s

running (2m01.9s), 150/150 VUs, 115005 complete and 0 interrupted iterations
default   [  51% ] 150/150 VUs  2m01.9s/4m00.0s

running (2m02.9s), 150/150 VUs, 116005 complete and 0 interrupted iterations
default   [  51% ] 150/150 VUs  2m02.9s/4m00.0s

running (2m03.9s), 150/150 VUs, 116955 complete and 0 interrupted iterations
default   [  52% ] 150/150 VUs  2m03.9s/4m00.0s

running (2m04.9s), 150/150 VUs, 117955 complete and 0 interrupted iterations
default   [  52% ] 150/150 VUs  2m04.9s/4m00.0s

running (2m05.9s), 150/150 VUs, 118955 complete and 0 interrupted iterations
default   [  52% ] 150/150 VUs  2m05.9s/4m00.0s

running (2m06.9s), 150/150 VUs, 119905 complete and 0 interrupted iterations
default   [  53% ] 150/150 VUs  2m06.9s/4m00.0s

running (2m07.9s), 150/150 VUs, 120905 complete and 0 interrupted iterations
default   [  53% ] 150/150 VUs  2m07.9s/4m00.0s

running (2m08.9s), 150/150 VUs, 121905 complete and 0 interrupted iterations
default   [  54% ] 150/150 VUs  2m08.9s/4m00.0s

running (2m09.9s), 150/150 VUs, 122855 complete and 0 interrupted iterations
default   [  54% ] 150/150 VUs  2m09.9s/4m00.0s

running (2m10.9s), 150/150 VUs, 123855 complete and 0 interrupted iterations
default   [  55% ] 150/150 VUs  2m10.9s/4m00.0s

running (2m11.9s), 150/150 VUs, 124855 complete and 0 interrupted iterations
default   [  55% ] 150/150 VUs  2m11.9s/4m00.0s

running (2m12.9s), 150/150 VUs, 125805 complete and 0 interrupted iterations
default   [  55% ] 150/150 VUs  2m12.9s/4m00.0s

running (2m13.9s), 150/150 VUs, 126805 complete and 0 interrupted iterations
default   [  56% ] 150/150 VUs  2m13.9s/4m00.0s

running (2m14.9s), 150/150 VUs, 127805 complete and 0 interrupted iterations
default   [  56% ] 150/150 VUs  2m14.9s/4m00.0s

running (2m15.9s), 150/150 VUs, 128755 complete and 0 interrupted iterations
default   [  57% ] 150/150 VUs  2m15.9s/4m00.0s

running (2m16.9s), 150/150 VUs, 129755 complete and 0 interrupted iterations
default   [  57% ] 150/150 VUs  2m16.9s/4m00.0s

running (2m17.9s), 150/150 VUs, 130755 complete and 0 interrupted iterations
default   [  57% ] 150/150 VUs  2m17.9s/4m00.0s

running (2m18.9s), 150/150 VUs, 131705 complete and 0 interrupted iterations
default   [  58% ] 150/150 VUs  2m18.9s/4m00.0s

running (2m19.9s), 150/150 VUs, 132705 complete and 0 interrupted iterations
default   [  58% ] 150/150 VUs  2m19.9s/4m00.0s

running (2m20.9s), 150/150 VUs, 133705 complete and 0 interrupted iterations
default   [  59% ] 150/150 VUs  2m20.9s/4m00.0s

running (2m21.9s), 150/150 VUs, 134655 complete and 0 interrupted iterations
default   [  59% ] 150/150 VUs  2m21.9s/4m00.0s

running (2m22.9s), 150/150 VUs, 135655 complete and 0 interrupted iterations
default   [  60% ] 150/150 VUs  2m22.9s/4m00.0s

running (2m23.9s), 150/150 VUs, 136655 complete and 0 interrupted iterations
default   [  60% ] 150/150 VUs  2m23.9s/4m00.0s

running (2m24.9s), 150/150 VUs, 137605 complete and 0 interrupted iterations
default   [  60% ] 150/150 VUs  2m24.9s/4m00.0s

running (2m25.9s), 150/150 VUs, 138605 complete and 0 interrupted iterations
default   [  61% ] 150/150 VUs  2m25.9s/4m00.0s

running (2m26.9s), 150/150 VUs, 139605 complete and 0 interrupted iterations
default   [  61% ] 150/150 VUs  2m26.9s/4m00.0s

running (2m27.9s), 150/150 VUs, 140555 complete and 0 interrupted iterations
default   [  62% ] 150/150 VUs  2m27.9s/4m00.0s

running (2m28.9s), 150/150 VUs, 141555 complete and 0 interrupted iterations
default   [  62% ] 150/150 VUs  2m28.9s/4m00.0s

running (2m29.9s), 150/150 VUs, 142555 complete and 0 interrupted iterations
default   [  62% ] 150/150 VUs  2m29.9s/4m00.0s

running (2m30.9s), 150/150 VUs, 143505 complete and 0 interrupted iterations
default   [  63% ] 150/150 VUs  2m30.9s/4m00.0s

running (2m31.9s), 150/150 VUs, 144505 complete and 0 interrupted iterations
default   [  63% ] 150/150 VUs  2m31.9s/4m00.0s

running (2m32.9s), 150/150 VUs, 145505 complete and 0 interrupted iterations
default   [  64% ] 150/150 VUs  2m32.9s/4m00.0s

running (2m33.9s), 150/150 VUs, 146455 complete and 0 interrupted iterations
default   [  64% ] 150/150 VUs  2m33.9s/4m00.0s

running (2m34.9s), 150/150 VUs, 147455 complete and 0 interrupted iterations
default   [  65% ] 150/150 VUs  2m34.9s/4m00.0s

running (2m35.9s), 150/150 VUs, 148455 complete and 0 interrupted iterations
default   [  65% ] 150/150 VUs  2m35.9s/4m00.0s

running (2m36.9s), 150/150 VUs, 149405 complete and 0 interrupted iterations
default   [  65% ] 150/150 VUs  2m36.9s/4m00.0s

running (2m37.9s), 150/150 VUs, 150405 complete and 0 interrupted iterations
default   [  66% ] 150/150 VUs  2m37.9s/4m00.0s

running (2m38.9s), 150/150 VUs, 151405 complete and 0 interrupted iterations
default   [  66% ] 150/150 VUs  2m38.9s/4m00.0s

running (2m39.9s), 150/150 VUs, 152355 complete and 0 interrupted iterations
default   [  67% ] 150/150 VUs  2m39.9s/4m00.0s

running (2m40.9s), 150/150 VUs, 153355 complete and 0 interrupted iterations
default   [  67% ] 150/150 VUs  2m40.9s/4m00.0s

running (2m41.9s), 150/150 VUs, 154355 complete and 0 interrupted iterations
default   [  67% ] 150/150 VUs  2m41.9s/4m00.0s

running (2m42.9s), 150/150 VUs, 155305 complete and 0 interrupted iterations
default   [  68% ] 150/150 VUs  2m42.9s/4m00.0s

running (2m43.9s), 150/150 VUs, 156305 complete and 0 interrupted iterations
default   [  68% ] 150/150 VUs  2m43.9s/4m00.0s

running (2m44.9s), 150/150 VUs, 157299 complete and 0 interrupted iterations
default   [  69% ] 150/150 VUs  2m44.9s/4m00.0s

running (2m45.9s), 150/150 VUs, 158255 complete and 0 interrupted iterations
default   [  69% ] 150/150 VUs  2m45.9s/4m00.0s

running (2m46.9s), 150/150 VUs, 159255 complete and 0 interrupted iterations
default   [  70% ] 150/150 VUs  2m46.9s/4m00.0s

running (2m47.9s), 150/150 VUs, 160255 complete and 0 interrupted iterations
default   [  70% ] 150/150 VUs  2m47.9s/4m00.0s

running (2m48.9s), 150/150 VUs, 161205 complete and 0 interrupted iterations
default   [  70% ] 150/150 VUs  2m48.9s/4m00.0s

running (2m49.9s), 150/150 VUs, 162205 complete and 0 interrupted iterations
default   [  71% ] 150/150 VUs  2m49.9s/4m00.0s

running (2m50.9s), 150/150 VUs, 163205 complete and 0 interrupted iterations
default   [  71% ] 150/150 VUs  2m50.9s/4m00.0s

running (2m51.9s), 150/150 VUs, 164155 complete and 0 interrupted iterations
default   [  72% ] 150/150 VUs  2m51.9s/4m00.0s

running (2m52.9s), 150/150 VUs, 165155 complete and 0 interrupted iterations
default   [  72% ] 150/150 VUs  2m52.9s/4m00.0s

running (2m53.9s), 150/150 VUs, 166155 complete and 0 interrupted iterations
default   [  72% ] 150/150 VUs  2m53.9s/4m00.0s

running (2m54.9s), 150/150 VUs, 167105 complete and 0 interrupted iterations
default   [  73% ] 150/150 VUs  2m54.9s/4m00.0s

running (2m55.9s), 150/150 VUs, 168105 complete and 0 interrupted iterations
default   [  73% ] 150/150 VUs  2m55.9s/4m00.0s

running (2m56.9s), 150/150 VUs, 169105 complete and 0 interrupted iterations
default   [  74% ] 150/150 VUs  2m56.9s/4m00.0s

running (2m57.9s), 150/150 VUs, 170055 complete and 0 interrupted iterations
default   [  74% ] 150/150 VUs  2m57.9s/4m00.0s

running (2m58.9s), 150/150 VUs, 171055 complete and 0 interrupted iterations
default   [  75% ] 150/150 VUs  2m58.9s/4m00.0s

running (2m59.9s), 150/150 VUs, 172055 complete and 0 interrupted iterations
default   [  75% ] 150/150 VUs  2m59.9s/4m00.0s

running (3m00.9s), 150/150 VUs, 173005 complete and 0 interrupted iterations
default   [  75% ] 150/150 VUs  3m00.9s/4m00.0s

running (3m01.9s), 150/150 VUs, 174005 complete and 0 interrupted iterations
default   [  76% ] 150/150 VUs  3m01.9s/4m00.0s

running (3m02.9s), 150/150 VUs, 174992 complete and 0 interrupted iterations
default   [  76% ] 150/150 VUs  3m02.9s/4m00.0s

running (3m03.9s), 150/150 VUs, 175955 complete and 0 interrupted iterations
default   [  77% ] 150/150 VUs  3m03.9s/4m00.0s

running (3m04.9s), 150/150 VUs, 176955 complete and 0 interrupted iterations
default   [  77% ] 150/150 VUs  3m04.9s/4m00.0s

running (3m05.9s), 150/150 VUs, 177955 complete and 0 interrupted iterations
default   [  77% ] 150/150 VUs  3m05.9s/4m00.0s

running (3m06.9s), 150/150 VUs, 178905 complete and 0 interrupted iterations
default   [  78% ] 150/150 VUs  3m06.9s/4m00.0s

running (3m07.9s), 150/150 VUs, 179905 complete and 0 interrupted iterations
default   [  78% ] 150/150 VUs  3m07.9s/4m00.0s

running (3m08.9s), 150/150 VUs, 180905 complete and 0 interrupted iterations
default   [  79% ] 150/150 VUs  3m08.9s/4m00.0s

running (3m09.9s), 150/150 VUs, 181855 complete and 0 interrupted iterations
default   [  79% ] 150/150 VUs  3m09.9s/4m00.0s

running (3m10.9s), 150/150 VUs, 182855 complete and 0 interrupted iterations
default   [  80% ] 150/150 VUs  3m10.9s/4m00.0s

running (3m11.9s), 150/150 VUs, 183855 complete and 0 interrupted iterations
default   [  80% ] 150/150 VUs  3m11.9s/4m00.0s

running (3m12.9s), 150/150 VUs, 184805 complete and 0 interrupted iterations
default   [  80% ] 150/150 VUs  3m12.9s/4m00.0s

running (3m13.9s), 150/150 VUs, 185805 complete and 0 interrupted iterations
default   [  81% ] 150/150 VUs  3m13.9s/4m00.0s

running (3m14.9s), 150/150 VUs, 186805 complete and 0 interrupted iterations
default   [  81% ] 150/150 VUs  3m14.9s/4m00.0s

running (3m15.9s), 150/150 VUs, 187755 complete and 0 interrupted iterations
default   [  82% ] 150/150 VUs  3m15.9s/4m00.0s

running (3m16.9s), 150/150 VUs, 188755 complete and 0 interrupted iterations
default   [  82% ] 150/150 VUs  3m16.9s/4m00.0s

running (3m17.9s), 150/150 VUs, 189755 complete and 0 interrupted iterations
default   [  82% ] 150/150 VUs  3m17.9s/4m00.0s

running (3m18.9s), 150/150 VUs, 190705 complete and 0 interrupted iterations
default   [  83% ] 150/150 VUs  3m18.9s/4m00.0s

running (3m19.9s), 150/150 VUs, 191705 complete and 0 interrupted iterations
default   [  83% ] 150/150 VUs  3m19.9s/4m00.0s

running (3m20.9s), 150/150 VUs, 192705 complete and 0 interrupted iterations
default   [  84% ] 150/150 VUs  3m20.9s/4m00.0s

running (3m21.9s), 150/150 VUs, 193696 complete and 0 interrupted iterations
default   [  84% ] 150/150 VUs  3m21.9s/4m00.0s

running (3m22.9s), 150/150 VUs, 194655 complete and 0 interrupted iterations
default   [  85% ] 150/150 VUs  3m22.9s/4m00.0s

running (3m23.9s), 150/150 VUs, 195655 complete and 0 interrupted iterations
default   [  85% ] 150/150 VUs  3m23.9s/4m00.0s

running (3m24.9s), 150/150 VUs, 196605 complete and 0 interrupted iterations
default   [  85% ] 150/150 VUs  3m24.9s/4m00.0s

running (3m25.9s), 150/150 VUs, 197605 complete and 0 interrupted iterations
default   [  86% ] 150/150 VUs  3m25.9s/4m00.0s

running (3m26.9s), 150/150 VUs, 198605 complete and 0 interrupted iterations
default   [  86% ] 150/150 VUs  3m26.9s/4m00.0s

running (3m27.9s), 150/150 VUs, 199555 complete and 0 interrupted iterations
default   [  87% ] 150/150 VUs  3m27.9s/4m00.0s

running (3m28.9s), 150/150 VUs, 200555 complete and 0 interrupted iterations
default   [  87% ] 150/150 VUs  3m28.9s/4m00.0s

running (3m29.9s), 150/150 VUs, 201555 complete and 0 interrupted iterations
default   [  87% ] 150/150 VUs  3m29.9s/4m00.0s

running (3m30.9s), 147/150 VUs, 202505 complete and 0 interrupted iterations
default   [  88% ] 147/150 VUs  3m30.9s/4m00.0s

running (3m31.9s), 142/150 VUs, 203505 complete and 0 interrupted iterations
default   [  88% ] 142/150 VUs  3m31.9s/4m00.0s

running (3m32.9s), 136/150 VUs, 204486 complete and 0 interrupted iterations
default   [  89% ] 136/150 VUs  3m32.9s/4m00.0s

running (3m33.9s), 132/150 VUs, 205455 complete and 0 interrupted iterations
default   [  89% ] 132/150 VUs  3m33.9s/4m00.0s

running (3m34.9s), 126/150 VUs, 206455 complete and 0 interrupted iterations
default   [  90% ] 126/150 VUs  3m34.9s/4m00.0s

running (3m35.9s), 121/150 VUs, 207455 complete and 0 interrupted iterations
default   [  90% ] 121/150 VUs  3m35.9s/4m00.0s

running (3m36.9s), 116/150 VUs, 208405 complete and 0 interrupted iterations
default   [  90% ] 116/150 VUs  3m36.9s/4m00.0s

running (3m37.9s), 111/150 VUs, 209405 complete and 0 interrupted iterations
default   [  91% ] 111/150 VUs  3m37.9s/4m00.0s

running (3m38.9s), 106/150 VUs, 210405 complete and 0 interrupted iterations
default   [  91% ] 106/150 VUs  3m38.9s/4m00.0s

running (3m39.9s), 101/150 VUs, 211355 complete and 0 interrupted iterations
default   [  92% ] 101/150 VUs  3m39.9s/4m00.0s

running (3m40.9s), 097/150 VUs, 212355 complete and 0 interrupted iterations
default   [  92% ] 097/150 VUs  3m40.9s/4m00.0s

running (3m41.9s), 091/150 VUs, 213355 complete and 0 interrupted iterations
default   [  92% ] 091/150 VUs  3m41.9s/4m00.0s

running (3m42.9s), 086/150 VUs, 214314 complete and 0 interrupted iterations
default   [  93% ] 086/150 VUs  3m42.9s/4m00.0s

running (3m43.9s), 082/150 VUs, 215305 complete and 0 interrupted iterations
default   [  93% ] 082/150 VUs  3m43.9s/4m00.0s

running (3m44.9s), 076/150 VUs, 216305 complete and 0 interrupted iterations
default   [  94% ] 076/150 VUs  3m44.9s/4m00.0s

running (3m45.9s), 071/150 VUs, 217265 complete and 0 interrupted iterations
default   [  94% ] 071/150 VUs  3m45.9s/4m00.0s

running (3m46.9s), 066/150 VUs, 218255 complete and 0 interrupted iterations
default   [  95% ] 066/150 VUs  3m46.9s/4m00.0s

running (3m47.9s), 061/150 VUs, 219255 complete and 0 interrupted iterations
default   [  95% ] 061/150 VUs  3m47.9s/4m00.0s

running (3m48.9s), 056/150 VUs, 220216 complete and 0 interrupted iterations
default   [  95% ] 056/150 VUs  3m48.9s/4m00.0s

running (3m49.9s), 051/150 VUs, 221205 complete and 0 interrupted iterations
default   [  96% ] 051/150 VUs  3m49.9s/4m00.0s

running (3m50.9s), 046/150 VUs, 222173 complete and 0 interrupted iterations
default   [  96% ] 046/150 VUs  3m50.9s/4m00.0s

running (3m51.9s), 041/150 VUs, 223001 complete and 0 interrupted iterations
default   [  97% ] 041/150 VUs  3m51.9s/4m00.0s

running (3m52.9s), 036/150 VUs, 223769 complete and 0 interrupted iterations
default   [  97% ] 036/150 VUs  3m52.9s/4m00.0s

running (3m53.9s), 031/150 VUs, 224409 complete and 0 interrupted iterations
default   [  97% ] 031/150 VUs  3m53.9s/4m00.0s

running (3m54.9s), 026/150 VUs, 224961 complete and 0 interrupted iterations
default   [  98% ] 026/150 VUs  3m54.9s/4m00.0s

running (3m55.9s), 021/150 VUs, 225426 complete and 0 interrupted iterations
default   [  98% ] 021/150 VUs  3m55.9s/4m00.0s

running (3m56.9s), 016/150 VUs, 225780 complete and 0 interrupted iterations
default   [  99% ] 016/150 VUs  3m56.9s/4m00.0s

running (3m57.9s), 011/150 VUs, 226052 complete and 0 interrupted iterations
default   [  99% ] 011/150 VUs  3m57.9s/4m00.0s

running (3m58.9s), 006/150 VUs, 226216 complete and 0 interrupted iterations
default   [ 100% ] 006/150 VUs  3m58.9s/4m00.0s

running (3m59.9s), 001/150 VUs, 226287 complete and 0 interrupted iterations
default   [ 100% ] 001/150 VUs  3m59.9s/4m00.0s


  █ THRESHOLDS 

    checks
    ✓ 'rate>0.95' rate=100.00%

    http_req_duration
    ✓ 'p(95)<5000' p(95)=344.15ms
    ✓ 'p(99)<10000' p(99)=454.82ms

    http_req_failed
    ✓ 'rate<0.05' rate=0.00%


  █ TOTAL RESULTS 

    checks_total.......: 905156  3771.114321/s
    checks_succeeded...: 100.00% 905156 out of 905156
    checks_failed......: 0.00%   0 out of 905156

    ✓ status is 200
    ✓ content-type is json
    ✓ workloadType is IO-BOUND
    ✓ executionTimeMs exists

    CUSTOM
    response_time_ms...............: min=50.601587 avg=139.133245 med=151.876962 max=1263.013159 p(90)=253.382483 p(95)=344.151945 p(99)=454.828216
    successful_requests............: 226289 942.77858/s

    HTTP
    http_req_duration..............: min=50.6ms    avg=139.13ms   med=151.87ms   max=1.26s       p(90)=253.38ms   p(95)=344.15ms   p(99)=454.82ms  
      { expected_response:true }...: min=50.6ms    avg=139.13ms   med=151.87ms   max=1.26s       p(90)=253.38ms   p(95)=344.15ms   p(99)=454.82ms  
    http_req_failed................: 0.00%  0 out of 226289
    http_reqs......................: 226289 942.77858/s

    EXECUTION
    iteration_duration.............: min=50.71ms   avg=139.29ms   med=152.02ms   max=1.26s       p(90)=253.53ms   p(95)=344.4ms    p(99)=454.97ms  
    iterations.....................: 226289 942.77858/s
    vus............................: 1      min=1           max=150
    vus_max........................: 150    min=150         max=150

    NETWORK
    data_received..................: 63 MB  262 kB/s
    data_sent......................: 18 MB  75 kB/s




running (4m00.0s), 000/150 VUs, 226289 complete and 0 interrupted iterations
default ✓ [ 100% ] 000/150 VUs  4m0s
