
         /\      Grafana   /‾‾/  
    /\  /  \     |\  __   /  /   
   /  \/    \    | |/ /  /   ‾‾\ 
  /          \   |   (  |  (‾)  |
 / __________ \  |_|\_\  \_____/ 


     execution: local
        script: cpu-bound-test.js
        output: -

     scenarios: (100.00%) 1 scenario, 50 max VUs, 4m30s max duration (incl. graceful stop):
              * default: Up to 50 looping VUs for 4m0s over 3 stages (gracefulRampDown: 30s, gracefulStop: 30s)


running (0m01.0s), 02/50 VUs, 25 complete and 0 interrupted iterations
default   [   0% ] 02/50 VUs  0m01.0s/4m00.0s

running (0m02.0s), 04/50 VUs, 67 complete and 0 interrupted iterations
default   [   1% ] 04/50 VUs  0m02.0s/4m00.0s

running (0m03.0s), 05/50 VUs, 107 complete and 0 interrupted iterations
default   [   1% ] 05/50 VUs  0m03.0s/4m00.0s

running (0m04.0s), 07/50 VUs, 148 complete and 0 interrupted iterations
default   [   2% ] 07/50 VUs  0m04.0s/4m00.0s

running (0m05.0s), 09/50 VUs, 189 complete and 0 interrupted iterations
default   [   2% ] 09/50 VUs  0m05.0s/4m00.0s

running (0m06.0s), 10/50 VUs, 229 complete and 0 interrupted iterations
default   [   2% ] 10/50 VUs  0m06.0s/4m00.0s

running (0m07.0s), 12/50 VUs, 272 complete and 0 interrupted iterations
default   [   3% ] 12/50 VUs  0m07.0s/4m00.0s

running (0m08.0s), 14/50 VUs, 310 complete and 0 interrupted iterations
default   [   3% ] 14/50 VUs  0m08.0s/4m00.0s

running (0m09.0s), 15/50 VUs, 350 complete and 0 interrupted iterations
default   [   4% ] 15/50 VUs  0m09.0s/4m00.0s

running (0m10.0s), 17/50 VUs, 391 complete and 0 interrupted iterations
default   [   4% ] 17/50 VUs  0m10.0s/4m00.0s

running (0m11.0s), 18/50 VUs, 432 complete and 0 interrupted iterations
default   [   5% ] 18/50 VUs  0m11.0s/4m00.0s

running (0m12.0s), 20/50 VUs, 471 complete and 0 interrupted iterations
default   [   5% ] 20/50 VUs  0m12.0s/4m00.0s

running (0m13.0s), 22/50 VUs, 512 complete and 0 interrupted iterations
default   [   5% ] 22/50 VUs  0m13.0s/4m00.0s

running (0m14.0s), 23/50 VUs, 553 complete and 0 interrupted iterations
default   [   6% ] 23/50 VUs  0m14.0s/4m00.0s

running (0m15.0s), 25/50 VUs, 594 complete and 0 interrupted iterations
default   [   6% ] 25/50 VUs  0m15.0s/4m00.0s

running (0m16.0s), 27/50 VUs, 635 complete and 0 interrupted iterations
default   [   7% ] 27/50 VUs  0m16.0s/4m00.0s

running (0m17.0s), 28/50 VUs, 678 complete and 0 interrupted iterations
default   [   7% ] 28/50 VUs  0m17.0s/4m00.0s

running (0m18.0s), 30/50 VUs, 715 complete and 0 interrupted iterations
default   [   7% ] 30/50 VUs  0m18.0s/4m00.0s

running (0m19.0s), 31/50 VUs, 756 complete and 0 interrupted iterations
default   [   8% ] 31/50 VUs  0m19.0s/4m00.0s

running (0m20.0s), 33/50 VUs, 795 complete and 0 interrupted iterations
default   [   8% ] 33/50 VUs  0m20.0s/4m00.0s

running (0m21.0s), 35/50 VUs, 836 complete and 0 interrupted iterations
default   [   9% ] 35/50 VUs  0m21.0s/4m00.0s

running (0m22.0s), 36/50 VUs, 879 complete and 0 interrupted iterations
default   [   9% ] 36/50 VUs  0m22.0s/4m00.0s

running (0m23.0s), 38/50 VUs, 919 complete and 0 interrupted iterations
default   [  10% ] 38/50 VUs  0m23.0s/4m00.0s

running (0m24.0s), 40/50 VUs, 958 complete and 0 interrupted iterations
default   [  10% ] 40/50 VUs  0m24.0s/4m00.0s

running (0m25.0s), 41/50 VUs, 1001 complete and 0 interrupted iterations
default   [  10% ] 41/50 VUs  0m25.0s/4m00.0s

running (0m26.0s), 43/50 VUs, 1042 complete and 0 interrupted iterations
default   [  11% ] 43/50 VUs  0m26.0s/4m00.0s

running (0m27.0s), 45/50 VUs, 1078 complete and 0 interrupted iterations
default   [  11% ] 45/50 VUs  0m27.0s/4m00.0s

running (0m28.0s), 46/50 VUs, 1119 complete and 0 interrupted iterations
default   [  12% ] 46/50 VUs  0m28.0s/4m00.0s

running (0m29.0s), 48/50 VUs, 1163 complete and 0 interrupted iterations
default   [  12% ] 48/50 VUs  0m29.0s/4m00.0s

running (0m30.0s), 49/50 VUs, 1204 complete and 0 interrupted iterations
default   [  12% ] 49/50 VUs  0m30.0s/4m00.0s

running (0m31.0s), 50/50 VUs, 1245 complete and 0 interrupted iterations
default   [  13% ] 50/50 VUs  0m31.0s/4m00.0s

running (0m32.0s), 50/50 VUs, 1286 complete and 0 interrupted iterations
default   [  13% ] 50/50 VUs  0m32.0s/4m00.0s

running (0m33.0s), 50/50 VUs, 1324 complete and 0 interrupted iterations
default   [  14% ] 50/50 VUs  0m33.0s/4m00.0s

running (0m34.0s), 50/50 VUs, 1365 complete and 0 interrupted iterations
default   [  14% ] 50/50 VUs  0m34.0s/4m00.0s

running (0m35.0s), 50/50 VUs, 1408 complete and 0 interrupted iterations
default   [  15% ] 50/50 VUs  0m35.0s/4m00.0s

running (0m36.0s), 50/50 VUs, 1447 complete and 0 interrupted iterations
default   [  15% ] 50/50 VUs  0m36.0s/4m00.0s

running (0m37.0s), 50/50 VUs, 1489 complete and 0 interrupted iterations
default   [  15% ] 50/50 VUs  0m37.0s/4m00.0s

running (0m38.0s), 50/50 VUs, 1534 complete and 0 interrupted iterations
default   [  16% ] 50/50 VUs  0m38.0s/4m00.0s

running (0m39.0s), 50/50 VUs, 1572 complete and 0 interrupted iterations
default   [  16% ] 50/50 VUs  0m39.0s/4m00.0s

running (0m40.0s), 50/50 VUs, 1615 complete and 0 interrupted iterations
default   [  17% ] 50/50 VUs  0m40.0s/4m00.0s

running (0m41.0s), 50/50 VUs, 1654 complete and 0 interrupted iterations
default   [  17% ] 50/50 VUs  0m41.0s/4m00.0s

running (0m42.0s), 50/50 VUs, 1698 complete and 0 interrupted iterations
default   [  17% ] 50/50 VUs  0m42.0s/4m00.0s

running (0m43.0s), 50/50 VUs, 1738 complete and 0 interrupted iterations
default   [  18% ] 50/50 VUs  0m43.0s/4m00.0s

running (0m44.0s), 50/50 VUs, 1776 complete and 0 interrupted iterations
default   [  18% ] 50/50 VUs  0m44.0s/4m00.0s

running (0m45.0s), 50/50 VUs, 1819 complete and 0 interrupted iterations
default   [  19% ] 50/50 VUs  0m45.0s/4m00.0s

running (0m46.0s), 50/50 VUs, 1866 complete and 0 interrupted iterations
default   [  19% ] 50/50 VUs  0m46.0s/4m00.0s

running (0m47.0s), 50/50 VUs, 1905 complete and 0 interrupted iterations
default   [  20% ] 50/50 VUs  0m47.0s/4m00.0s

running (0m48.0s), 50/50 VUs, 1947 complete and 0 interrupted iterations
default   [  20% ] 50/50 VUs  0m48.0s/4m00.0s

running (0m49.0s), 50/50 VUs, 1981 complete and 0 interrupted iterations
default   [  20% ] 50/50 VUs  0m49.0s/4m00.0s

running (0m50.0s), 50/50 VUs, 2024 complete and 0 interrupted iterations
default   [  21% ] 50/50 VUs  0m50.0s/4m00.0s

running (0m51.0s), 50/50 VUs, 2066 complete and 0 interrupted iterations
default   [  21% ] 50/50 VUs  0m51.0s/4m00.0s

running (0m52.0s), 50/50 VUs, 2108 complete and 0 interrupted iterations
default   [  22% ] 50/50 VUs  0m52.0s/4m00.0s

running (0m53.0s), 50/50 VUs, 2147 complete and 0 interrupted iterations
default   [  22% ] 50/50 VUs  0m53.0s/4m00.0s

running (0m54.0s), 50/50 VUs, 2190 complete and 0 interrupted iterations
default   [  22% ] 50/50 VUs  0m54.0s/4m00.0s

running (0m55.0s), 50/50 VUs, 2231 complete and 0 interrupted iterations
default   [  23% ] 50/50 VUs  0m55.0s/4m00.0s

running (0m56.0s), 50/50 VUs, 2273 complete and 0 interrupted iterations
default   [  23% ] 50/50 VUs  0m56.0s/4m00.0s

running (0m57.0s), 50/50 VUs, 2317 complete and 0 interrupted iterations
default   [  24% ] 50/50 VUs  0m57.0s/4m00.0s

running (0m58.0s), 50/50 VUs, 2354 complete and 0 interrupted iterations
default   [  24% ] 50/50 VUs  0m58.0s/4m00.0s

running (0m59.0s), 50/50 VUs, 2397 complete and 0 interrupted iterations
default   [  25% ] 50/50 VUs  0m59.0s/4m00.0s

running (1m00.0s), 50/50 VUs, 2439 complete and 0 interrupted iterations
default   [  25% ] 50/50 VUs  1m00.0s/4m00.0s

running (1m01.0s), 50/50 VUs, 2480 complete and 0 interrupted iterations
default   [  25% ] 50/50 VUs  1m01.0s/4m00.0s

running (1m02.0s), 50/50 VUs, 2522 complete and 0 interrupted iterations
default   [  26% ] 50/50 VUs  1m02.0s/4m00.0s

running (1m03.0s), 50/50 VUs, 2564 complete and 0 interrupted iterations
default   [  26% ] 50/50 VUs  1m03.0s/4m00.0s

running (1m04.0s), 50/50 VUs, 2606 complete and 0 interrupted iterations
default   [  27% ] 50/50 VUs  1m04.0s/4m00.0s

running (1m05.0s), 50/50 VUs, 2643 complete and 0 interrupted iterations
default   [  27% ] 50/50 VUs  1m05.0s/4m00.0s

running (1m06.0s), 50/50 VUs, 2687 complete and 0 interrupted iterations
default   [  27% ] 50/50 VUs  1m06.0s/4m00.0s

running (1m07.0s), 50/50 VUs, 2727 complete and 0 interrupted iterations
default   [  28% ] 50/50 VUs  1m07.0s/4m00.0s

running (1m08.0s), 50/50 VUs, 2766 complete and 0 interrupted iterations
default   [  28% ] 50/50 VUs  1m08.0s/4m00.0s

running (1m09.0s), 50/50 VUs, 2812 complete and 0 interrupted iterations
default   [  29% ] 50/50 VUs  1m09.0s/4m00.0s

running (1m10.0s), 50/50 VUs, 2852 complete and 0 interrupted iterations
default   [  29% ] 50/50 VUs  1m10.0s/4m00.0s

running (1m11.0s), 50/50 VUs, 2891 complete and 0 interrupted iterations
default   [  30% ] 50/50 VUs  1m11.0s/4m00.0s

running (1m12.0s), 50/50 VUs, 2931 complete and 0 interrupted iterations
default   [  30% ] 50/50 VUs  1m12.0s/4m00.0s

running (1m13.0s), 50/50 VUs, 2974 complete and 0 interrupted iterations
default   [  30% ] 50/50 VUs  1m13.0s/4m00.0s

running (1m14.0s), 50/50 VUs, 3017 complete and 0 interrupted iterations
default   [  31% ] 50/50 VUs  1m14.0s/4m00.0s

running (1m15.0s), 50/50 VUs, 3060 complete and 0 interrupted iterations
default   [  31% ] 50/50 VUs  1m15.0s/4m00.0s

running (1m16.0s), 50/50 VUs, 3103 complete and 0 interrupted iterations
default   [  32% ] 50/50 VUs  1m16.0s/4m00.0s

running (1m17.0s), 50/50 VUs, 3140 complete and 0 interrupted iterations
default   [  32% ] 50/50 VUs  1m17.0s/4m00.0s

running (1m18.0s), 50/50 VUs, 3182 complete and 0 interrupted iterations
default   [  32% ] 50/50 VUs  1m18.0s/4m00.0s

running (1m19.0s), 50/50 VUs, 3222 complete and 0 interrupted iterations
default   [  33% ] 50/50 VUs  1m19.0s/4m00.0s

running (1m20.0s), 50/50 VUs, 3264 complete and 0 interrupted iterations
default   [  33% ] 50/50 VUs  1m20.0s/4m00.0s

running (1m21.0s), 50/50 VUs, 3305 complete and 0 interrupted iterations
default   [  34% ] 50/50 VUs  1m21.0s/4m00.0s

running (1m22.0s), 50/50 VUs, 3346 complete and 0 interrupted iterations
default   [  34% ] 50/50 VUs  1m22.0s/4m00.0s

running (1m23.0s), 50/50 VUs, 3386 complete and 0 interrupted iterations
default   [  35% ] 50/50 VUs  1m23.0s/4m00.0s

running (1m24.0s), 50/50 VUs, 3426 complete and 0 interrupted iterations
default   [  35% ] 50/50 VUs  1m24.0s/4m00.0s

running (1m25.0s), 50/50 VUs, 3471 complete and 0 interrupted iterations
default   [  35% ] 50/50 VUs  1m25.0s/4m00.0s

running (1m26.0s), 50/50 VUs, 3513 complete and 0 interrupted iterations
default   [  36% ] 50/50 VUs  1m26.0s/4m00.0s

running (1m27.0s), 50/50 VUs, 3548 complete and 0 interrupted iterations
default   [  36% ] 50/50 VUs  1m27.0s/4m00.0s

running (1m28.0s), 50/50 VUs, 3591 complete and 0 interrupted iterations
default   [  37% ] 50/50 VUs  1m28.0s/4m00.0s

running (1m29.0s), 50/50 VUs, 3633 complete and 0 interrupted iterations
default   [  37% ] 50/50 VUs  1m29.0s/4m00.0s

running (1m30.0s), 50/50 VUs, 3674 complete and 0 interrupted iterations
default   [  37% ] 50/50 VUs  1m30.0s/4m00.0s

running (1m31.0s), 50/50 VUs, 3719 complete and 0 interrupted iterations
default   [  38% ] 50/50 VUs  1m31.0s/4m00.0s

running (1m32.0s), 50/50 VUs, 3758 complete and 0 interrupted iterations
default   [  38% ] 50/50 VUs  1m32.0s/4m00.0s

running (1m33.0s), 50/50 VUs, 3801 complete and 0 interrupted iterations
default   [  39% ] 50/50 VUs  1m33.0s/4m00.0s

running (1m34.0s), 50/50 VUs, 3841 complete and 0 interrupted iterations
default   [  39% ] 50/50 VUs  1m34.0s/4m00.0s

running (1m35.0s), 50/50 VUs, 3882 complete and 0 interrupted iterations
default   [  40% ] 50/50 VUs  1m35.0s/4m00.0s

running (1m36.0s), 50/50 VUs, 3926 complete and 0 interrupted iterations
default   [  40% ] 50/50 VUs  1m36.0s/4m00.0s

running (1m37.0s), 50/50 VUs, 3968 complete and 0 interrupted iterations
default   [  40% ] 50/50 VUs  1m37.0s/4m00.0s

running (1m38.0s), 50/50 VUs, 4004 complete and 0 interrupted iterations
default   [  41% ] 50/50 VUs  1m38.0s/4m00.0s

running (1m39.0s), 50/50 VUs, 4048 complete and 0 interrupted iterations
default   [  41% ] 50/50 VUs  1m39.0s/4m00.0s

running (1m40.0s), 50/50 VUs, 4086 complete and 0 interrupted iterations
default   [  42% ] 50/50 VUs  1m40.0s/4m00.0s

running (1m41.0s), 50/50 VUs, 4131 complete and 0 interrupted iterations
default   [  42% ] 50/50 VUs  1m41.0s/4m00.0s

running (1m42.0s), 50/50 VUs, 4172 complete and 0 interrupted iterations
default   [  42% ] 50/50 VUs  1m42.0s/4m00.0s

running (1m43.0s), 50/50 VUs, 4211 complete and 0 interrupted iterations
default   [  43% ] 50/50 VUs  1m43.0s/4m00.0s

running (1m44.0s), 50/50 VUs, 4251 complete and 0 interrupted iterations
default   [  43% ] 50/50 VUs  1m44.0s/4m00.0s

running (1m45.0s), 50/50 VUs, 4293 complete and 0 interrupted iterations
default   [  44% ] 50/50 VUs  1m45.0s/4m00.0s

running (1m46.0s), 50/50 VUs, 4333 complete and 0 interrupted iterations
default   [  44% ] 50/50 VUs  1m46.0s/4m00.0s

running (1m47.0s), 50/50 VUs, 4378 complete and 0 interrupted iterations
default   [  45% ] 50/50 VUs  1m47.0s/4m00.0s

running (1m48.0s), 50/50 VUs, 4419 complete and 0 interrupted iterations
default   [  45% ] 50/50 VUs  1m48.0s/4m00.0s

running (1m49.0s), 50/50 VUs, 4459 complete and 0 interrupted iterations
default   [  45% ] 50/50 VUs  1m49.0s/4m00.0s

running (1m50.0s), 50/50 VUs, 4502 complete and 0 interrupted iterations
default   [  46% ] 50/50 VUs  1m50.0s/4m00.0s

running (1m51.0s), 50/50 VUs, 4541 complete and 0 interrupted iterations
default   [  46% ] 50/50 VUs  1m51.0s/4m00.0s

running (1m52.0s), 50/50 VUs, 4586 complete and 0 interrupted iterations
default   [  47% ] 50/50 VUs  1m52.0s/4m00.0s

running (1m53.0s), 50/50 VUs, 4620 complete and 0 interrupted iterations
default   [  47% ] 50/50 VUs  1m53.0s/4m00.0s

running (1m54.0s), 50/50 VUs, 4665 complete and 0 interrupted iterations
default   [  47% ] 50/50 VUs  1m54.0s/4m00.0s

running (1m55.0s), 50/50 VUs, 4708 complete and 0 interrupted iterations
default   [  48% ] 50/50 VUs  1m55.0s/4m00.0s

running (1m56.0s), 50/50 VUs, 4749 complete and 0 interrupted iterations
default   [  48% ] 50/50 VUs  1m56.0s/4m00.0s

running (1m57.0s), 50/50 VUs, 4786 complete and 0 interrupted iterations
default   [  49% ] 50/50 VUs  1m57.0s/4m00.0s

running (1m58.0s), 50/50 VUs, 4828 complete and 0 interrupted iterations
default   [  49% ] 50/50 VUs  1m58.0s/4m00.0s

running (1m59.0s), 50/50 VUs, 4873 complete and 0 interrupted iterations
default   [  50% ] 50/50 VUs  1m59.0s/4m00.0s

running (2m00.0s), 50/50 VUs, 4912 complete and 0 interrupted iterations
default   [  50% ] 50/50 VUs  2m00.0s/4m00.0s

running (2m01.0s), 50/50 VUs, 4955 complete and 0 interrupted iterations
default   [  50% ] 50/50 VUs  2m01.0s/4m00.0s

running (2m02.0s), 50/50 VUs, 4990 complete and 0 interrupted iterations
default   [  51% ] 50/50 VUs  2m02.0s/4m00.0s

running (2m03.0s), 50/50 VUs, 5034 complete and 0 interrupted iterations
default   [  51% ] 50/50 VUs  2m03.0s/4m00.0s

running (2m04.0s), 50/50 VUs, 5079 complete and 0 interrupted iterations
default   [  52% ] 50/50 VUs  2m04.0s/4m00.0s

running (2m05.0s), 50/50 VUs, 5115 complete and 0 interrupted iterations
default   [  52% ] 50/50 VUs  2m05.0s/4m00.0s

running (2m06.0s), 50/50 VUs, 5158 complete and 0 interrupted iterations
default   [  52% ] 50/50 VUs  2m06.0s/4m00.0s

running (2m07.0s), 50/50 VUs, 5202 complete and 0 interrupted iterations
default   [  53% ] 50/50 VUs  2m07.0s/4m00.0s

running (2m08.0s), 50/50 VUs, 5241 complete and 0 interrupted iterations
default   [  53% ] 50/50 VUs  2m08.0s/4m00.0s

running (2m09.0s), 50/50 VUs, 5281 complete and 0 interrupted iterations
default   [  54% ] 50/50 VUs  2m09.0s/4m00.0s

running (2m10.0s), 50/50 VUs, 5325 complete and 0 interrupted iterations
default   [  54% ] 50/50 VUs  2m10.0s/4m00.0s

running (2m11.0s), 50/50 VUs, 5370 complete and 0 interrupted iterations
default   [  55% ] 50/50 VUs  2m11.0s/4m00.0s

running (2m12.0s), 50/50 VUs, 5407 complete and 0 interrupted iterations
default   [  55% ] 50/50 VUs  2m12.0s/4m00.0s

running (2m13.0s), 50/50 VUs, 5448 complete and 0 interrupted iterations
default   [  55% ] 50/50 VUs  2m13.0s/4m00.0s

running (2m14.0s), 50/50 VUs, 5493 complete and 0 interrupted iterations
default   [  56% ] 50/50 VUs  2m14.0s/4m00.0s

running (2m15.0s), 50/50 VUs, 5528 complete and 0 interrupted iterations
default   [  56% ] 50/50 VUs  2m15.0s/4m00.0s

running (2m16.0s), 50/50 VUs, 5570 complete and 0 interrupted iterations
default   [  57% ] 50/50 VUs  2m16.0s/4m00.0s

running (2m17.0s), 50/50 VUs, 5611 complete and 0 interrupted iterations
default   [  57% ] 50/50 VUs  2m17.0s/4m00.0s

running (2m18.0s), 50/50 VUs, 5654 complete and 0 interrupted iterations
default   [  57% ] 50/50 VUs  2m18.0s/4m00.0s

running (2m19.0s), 50/50 VUs, 5702 complete and 0 interrupted iterations
default   [  58% ] 50/50 VUs  2m19.0s/4m00.0s

running (2m20.0s), 50/50 VUs, 5737 complete and 0 interrupted iterations
default   [  58% ] 50/50 VUs  2m20.0s/4m00.0s

running (2m21.0s), 50/50 VUs, 5776 complete and 0 interrupted iterations
default   [  59% ] 50/50 VUs  2m21.0s/4m00.0s

running (2m22.0s), 50/50 VUs, 5819 complete and 0 interrupted iterations
default   [  59% ] 50/50 VUs  2m22.0s/4m00.0s

running (2m23.0s), 50/50 VUs, 5861 complete and 0 interrupted iterations
default   [  60% ] 50/50 VUs  2m23.0s/4m00.0s

running (2m24.0s), 50/50 VUs, 5901 complete and 0 interrupted iterations
default   [  60% ] 50/50 VUs  2m24.0s/4m00.0s

running (2m25.0s), 50/50 VUs, 5944 complete and 0 interrupted iterations
default   [  60% ] 50/50 VUs  2m25.0s/4m00.0s

running (2m26.0s), 50/50 VUs, 5983 complete and 0 interrupted iterations
default   [  61% ] 50/50 VUs  2m26.0s/4m00.0s

running (2m27.0s), 50/50 VUs, 6026 complete and 0 interrupted iterations
default   [  61% ] 50/50 VUs  2m27.0s/4m00.0s

running (2m28.0s), 50/50 VUs, 6067 complete and 0 interrupted iterations
default   [  62% ] 50/50 VUs  2m28.0s/4m00.0s

running (2m29.0s), 50/50 VUs, 6108 complete and 0 interrupted iterations
default   [  62% ] 50/50 VUs  2m29.0s/4m00.0s

running (2m30.0s), 50/50 VUs, 6149 complete and 0 interrupted iterations
default   [  62% ] 50/50 VUs  2m30.0s/4m00.0s

running (2m31.0s), 50/50 VUs, 6191 complete and 0 interrupted iterations
default   [  63% ] 50/50 VUs  2m31.0s/4m00.0s

running (2m32.0s), 50/50 VUs, 6232 complete and 0 interrupted iterations
default   [  63% ] 50/50 VUs  2m32.0s/4m00.0s

running (2m33.0s), 50/50 VUs, 6269 complete and 0 interrupted iterations
default   [  64% ] 50/50 VUs  2m33.0s/4m00.0s

running (2m34.0s), 50/50 VUs, 6309 complete and 0 interrupted iterations
default   [  64% ] 50/50 VUs  2m34.0s/4m00.0s

running (2m35.0s), 50/50 VUs, 6354 complete and 0 interrupted iterations
default   [  65% ] 50/50 VUs  2m35.0s/4m00.0s

running (2m36.0s), 50/50 VUs, 6398 complete and 0 interrupted iterations
default   [  65% ] 50/50 VUs  2m36.0s/4m00.0s

running (2m37.0s), 50/50 VUs, 6435 complete and 0 interrupted iterations
default   [  65% ] 50/50 VUs  2m37.0s/4m00.0s

running (2m38.0s), 50/50 VUs, 6476 complete and 0 interrupted iterations
default   [  66% ] 50/50 VUs  2m38.0s/4m00.0s

running (2m39.0s), 50/50 VUs, 6522 complete and 0 interrupted iterations
default   [  66% ] 50/50 VUs  2m39.0s/4m00.0s

running (2m40.0s), 50/50 VUs, 6561 complete and 0 interrupted iterations
default   [  67% ] 50/50 VUs  2m40.0s/4m00.0s

running (2m41.0s), 50/50 VUs, 6603 complete and 0 interrupted iterations
default   [  67% ] 50/50 VUs  2m41.0s/4m00.0s

running (2m42.0s), 50/50 VUs, 6640 complete and 0 interrupted iterations
default   [  67% ] 50/50 VUs  2m42.0s/4m00.0s

running (2m43.0s), 50/50 VUs, 6682 complete and 0 interrupted iterations
default   [  68% ] 50/50 VUs  2m43.0s/4m00.0s

running (2m44.0s), 50/50 VUs, 6725 complete and 0 interrupted iterations
default   [  68% ] 50/50 VUs  2m44.0s/4m00.0s

running (2m45.0s), 50/50 VUs, 6765 complete and 0 interrupted iterations
default   [  69% ] 50/50 VUs  2m45.0s/4m00.0s

running (2m46.0s), 50/50 VUs, 6810 complete and 0 interrupted iterations
default   [  69% ] 50/50 VUs  2m46.0s/4m00.0s

running (2m47.0s), 50/50 VUs, 6847 complete and 0 interrupted iterations
default   [  70% ] 50/50 VUs  2m47.0s/4m00.0s

running (2m48.0s), 50/50 VUs, 6889 complete and 0 interrupted iterations
default   [  70% ] 50/50 VUs  2m48.0s/4m00.0s

running (2m49.0s), 50/50 VUs, 6933 complete and 0 interrupted iterations
default   [  70% ] 50/50 VUs  2m49.0s/4m00.0s

running (2m50.0s), 50/50 VUs, 6970 complete and 0 interrupted iterations
default   [  71% ] 50/50 VUs  2m50.0s/4m00.0s

running (2m51.0s), 50/50 VUs, 7011 complete and 0 interrupted iterations
default   [  71% ] 50/50 VUs  2m51.0s/4m00.0s

running (2m52.0s), 50/50 VUs, 7050 complete and 0 interrupted iterations
default   [  72% ] 50/50 VUs  2m52.0s/4m00.0s

running (2m53.0s), 50/50 VUs, 7097 complete and 0 interrupted iterations
default   [  72% ] 50/50 VUs  2m53.0s/4m00.0s

running (2m54.0s), 50/50 VUs, 7141 complete and 0 interrupted iterations
default   [  72% ] 50/50 VUs  2m54.0s/4m00.0s

running (2m55.0s), 50/50 VUs, 7177 complete and 0 interrupted iterations
default   [  73% ] 50/50 VUs  2m55.0s/4m00.0s

running (2m56.0s), 50/50 VUs, 7219 complete and 0 interrupted iterations
default   [  73% ] 50/50 VUs  2m56.0s/4m00.0s

running (2m57.0s), 50/50 VUs, 7262 complete and 0 interrupted iterations
default   [  74% ] 50/50 VUs  2m57.0s/4m00.0s

running (2m58.0s), 50/50 VUs, 7303 complete and 0 interrupted iterations
default   [  74% ] 50/50 VUs  2m58.0s/4m00.0s

running (2m59.0s), 50/50 VUs, 7338 complete and 0 interrupted iterations
default   [  75% ] 50/50 VUs  2m59.0s/4m00.0s

running (3m00.0s), 50/50 VUs, 7384 complete and 0 interrupted iterations
default   [  75% ] 50/50 VUs  3m00.0s/4m00.0s

running (3m01.0s), 50/50 VUs, 7423 complete and 0 interrupted iterations
default   [  75% ] 50/50 VUs  3m01.0s/4m00.0s

running (3m02.0s), 50/50 VUs, 7469 complete and 0 interrupted iterations
default   [  76% ] 50/50 VUs  3m02.0s/4m00.0s

running (3m03.0s), 50/50 VUs, 7511 complete and 0 interrupted iterations
default   [  76% ] 50/50 VUs  3m03.0s/4m00.0s

running (3m04.0s), 50/50 VUs, 7549 complete and 0 interrupted iterations
default   [  77% ] 50/50 VUs  3m04.0s/4m00.0s

running (3m05.0s), 50/50 VUs, 7588 complete and 0 interrupted iterations
default   [  77% ] 50/50 VUs  3m05.0s/4m00.0s

running (3m06.0s), 50/50 VUs, 7636 complete and 0 interrupted iterations
default   [  77% ] 50/50 VUs  3m06.0s/4m00.0s

running (3m07.0s), 50/50 VUs, 7671 complete and 0 interrupted iterations
default   [  78% ] 50/50 VUs  3m07.0s/4m00.0s

running (3m08.0s), 50/50 VUs, 7712 complete and 0 interrupted iterations
default   [  78% ] 50/50 VUs  3m08.0s/4m00.0s

running (3m09.0s), 50/50 VUs, 7754 complete and 0 interrupted iterations
default   [  79% ] 50/50 VUs  3m09.0s/4m00.0s

running (3m10.0s), 50/50 VUs, 7794 complete and 0 interrupted iterations
default   [  79% ] 50/50 VUs  3m10.0s/4m00.0s

running (3m11.0s), 50/50 VUs, 7838 complete and 0 interrupted iterations
default   [  80% ] 50/50 VUs  3m11.0s/4m00.0s

running (3m12.0s), 50/50 VUs, 7880 complete and 0 interrupted iterations
default   [  80% ] 50/50 VUs  3m12.0s/4m00.0s

running (3m13.0s), 50/50 VUs, 7922 complete and 0 interrupted iterations
default   [  80% ] 50/50 VUs  3m13.0s/4m00.0s

running (3m14.0s), 50/50 VUs, 7962 complete and 0 interrupted iterations
default   [  81% ] 50/50 VUs  3m14.0s/4m00.0s

running (3m15.0s), 50/50 VUs, 8006 complete and 0 interrupted iterations
default   [  81% ] 50/50 VUs  3m15.0s/4m00.0s

running (3m16.0s), 50/50 VUs, 8042 complete and 0 interrupted iterations
default   [  82% ] 50/50 VUs  3m16.0s/4m00.0s

running (3m17.0s), 50/50 VUs, 8082 complete and 0 interrupted iterations
default   [  82% ] 50/50 VUs  3m17.0s/4m00.0s

running (3m18.0s), 50/50 VUs, 8127 complete and 0 interrupted iterations
default   [  82% ] 50/50 VUs  3m18.0s/4m00.0s

running (3m19.0s), 50/50 VUs, 8168 complete and 0 interrupted iterations
default   [  83% ] 50/50 VUs  3m19.0s/4m00.0s

running (3m20.0s), 50/50 VUs, 8209 complete and 0 interrupted iterations
default   [  83% ] 50/50 VUs  3m20.0s/4m00.0s

running (3m21.0s), 50/50 VUs, 8250 complete and 0 interrupted iterations
default   [  84% ] 50/50 VUs  3m21.0s/4m00.0s

running (3m22.0s), 50/50 VUs, 8295 complete and 0 interrupted iterations
default   [  84% ] 50/50 VUs  3m22.0s/4m00.0s

running (3m23.0s), 50/50 VUs, 8333 complete and 0 interrupted iterations
default   [  85% ] 50/50 VUs  3m23.0s/4m00.0s

running (3m24.0s), 50/50 VUs, 8370 complete and 0 interrupted iterations
default   [  85% ] 50/50 VUs  3m24.0s/4m00.0s

running (3m25.0s), 50/50 VUs, 8415 complete and 0 interrupted iterations
default   [  85% ] 50/50 VUs  3m25.0s/4m00.0s

running (3m26.0s), 50/50 VUs, 8453 complete and 0 interrupted iterations
default   [  86% ] 50/50 VUs  3m26.0s/4m00.0s

running (3m27.0s), 50/50 VUs, 8498 complete and 0 interrupted iterations
default   [  86% ] 50/50 VUs  3m27.0s/4m00.0s

running (3m28.0s), 50/50 VUs, 8538 complete and 0 interrupted iterations
default   [  87% ] 50/50 VUs  3m28.0s/4m00.0s

running (3m29.0s), 50/50 VUs, 8580 complete and 0 interrupted iterations
default   [  87% ] 50/50 VUs  3m29.0s/4m00.0s

running (3m30.0s), 50/50 VUs, 8621 complete and 0 interrupted iterations
default   [  87% ] 50/50 VUs  3m30.0s/4m00.0s

running (3m31.0s), 50/50 VUs, 8662 complete and 0 interrupted iterations
default   [  88% ] 50/50 VUs  3m31.0s/4m00.0s

running (3m32.0s), 48/50 VUs, 8701 complete and 0 interrupted iterations
default   [  88% ] 48/50 VUs  3m32.0s/4m00.0s

running (3m33.0s), 46/50 VUs, 8745 complete and 0 interrupted iterations
default   [  89% ] 46/50 VUs  3m33.0s/4m00.0s

running (3m34.0s), 45/50 VUs, 8788 complete and 0 interrupted iterations
default   [  89% ] 45/50 VUs  3m34.0s/4m00.0s

running (3m35.0s), 44/50 VUs, 8830 complete and 0 interrupted iterations
default   [  90% ] 44/50 VUs  3m35.0s/4m00.0s

running (3m36.0s), 42/50 VUs, 8870 complete and 0 interrupted iterations
default   [  90% ] 42/50 VUs  3m36.0s/4m00.0s

running (3m37.0s), 40/50 VUs, 8914 complete and 0 interrupted iterations
default   [  90% ] 40/50 VUs  3m37.0s/4m00.0s

running (3m38.0s), 38/50 VUs, 8958 complete and 0 interrupted iterations
default   [  91% ] 38/50 VUs  3m38.0s/4m00.0s

running (3m39.0s), 37/50 VUs, 9000 complete and 0 interrupted iterations
default   [  91% ] 37/50 VUs  3m39.0s/4m00.0s

running (3m40.0s), 35/50 VUs, 9037 complete and 0 interrupted iterations
default   [  92% ] 35/50 VUs  3m40.0s/4m00.0s

running (3m41.0s), 32/50 VUs, 9082 complete and 0 interrupted iterations
default   [  92% ] 32/50 VUs  3m41.0s/4m00.0s

running (3m42.0s), 31/50 VUs, 9127 complete and 0 interrupted iterations
default   [  92% ] 31/50 VUs  3m42.0s/4m00.0s

running (3m43.0s), 29/50 VUs, 9167 complete and 0 interrupted iterations
default   [  93% ] 29/50 VUs  3m43.0s/4m00.0s

running (3m44.0s), 27/50 VUs, 9211 complete and 0 interrupted iterations
default   [  93% ] 27/50 VUs  3m44.0s/4m00.0s

running (3m45.0s), 26/50 VUs, 9250 complete and 0 interrupted iterations
default   [  94% ] 26/50 VUs  3m45.0s/4m00.0s

running (3m46.0s), 24/50 VUs, 9295 complete and 0 interrupted iterations
default   [  94% ] 24/50 VUs  3m46.0s/4m00.0s

running (3m47.0s), 22/50 VUs, 9337 complete and 0 interrupted iterations
default   [  95% ] 22/50 VUs  3m47.0s/4m00.0s

running (3m48.0s), 21/50 VUs, 9376 complete and 0 interrupted iterations
default   [  95% ] 21/50 VUs  3m48.0s/4m00.0s

running (3m49.0s), 19/50 VUs, 9420 complete and 0 interrupted iterations
default   [  95% ] 19/50 VUs  3m49.0s/4m00.0s

running (3m50.0s), 18/50 VUs, 9462 complete and 0 interrupted iterations
default   [  96% ] 18/50 VUs  3m50.0s/4m00.0s

running (3m51.0s), 16/50 VUs, 9504 complete and 0 interrupted iterations
default   [  96% ] 16/50 VUs  3m51.0s/4m00.0s

running (3m52.0s), 14/50 VUs, 9548 complete and 0 interrupted iterations
default   [  97% ] 14/50 VUs  3m52.0s/4m00.0s

running (3m53.0s), 13/50 VUs, 9592 complete and 0 interrupted iterations
default   [  97% ] 13/50 VUs  3m53.0s/4m00.0s

running (3m54.0s), 11/50 VUs, 9631 complete and 0 interrupted iterations
default   [  97% ] 11/50 VUs  3m54.0s/4m00.0s

running (3m55.0s), 09/50 VUs, 9674 complete and 0 interrupted iterations
default   [  98% ] 09/50 VUs  3m55.0s/4m00.0s

running (3m56.0s), 07/50 VUs, 9716 complete and 0 interrupted iterations
default   [  98% ] 07/50 VUs  3m56.0s/4m00.0s

running (3m57.0s), 06/50 VUs, 9759 complete and 0 interrupted iterations
default   [  99% ] 06/50 VUs  3m57.0s/4m00.0s

running (3m58.0s), 04/50 VUs, 9801 complete and 0 interrupted iterations
default   [  99% ] 04/50 VUs  3m58.0s/4m00.0s

running (3m59.0s), 02/50 VUs, 9844 complete and 0 interrupted iterations
default   [ 100% ] 02/50 VUs  3m59.0s/4m00.0s

running (4m00.0s), 01/50 VUs, 9874 complete and 0 interrupted iterations
default   [ 100% ] 01/50 VUs  4m00.0s/4m00.0s


  █ THRESHOLDS 

    checks
    ✓ 'rate>0.95' rate=100.00%

    http_req_duration
    ✓ 'p(95)<5000' p(95)=1.6s
    ✓ 'p(99)<10000' p(99)=1.75s

    http_req_failed
    ✓ 'rate<0.05' rate=0.00%


  █ TOTAL RESULTS 

    checks_total.......: 39504   164.577089/s
    checks_succeeded...: 100.00% 39504 out of 39504
    checks_failed......: 0.00%   0 out of 39504

    ✓ status is 200
    ✓ content-type is json
    ✓ workloadType is CPU-BOUND
    ✓ executionTimeMs exists

    CUSTOM
    response_time_ms...............: min=46.297761 avg=1066.271975 med=1131.272137 max=2256.66128 p(90)=1500.083281 p(95)=1600.111669 p(99)=1754.682263
    successful_requests............: 9876   41.144272/s

    HTTP
    http_req_duration..............: min=46.29ms   avg=1.06s       med=1.13s       max=2.25s      p(90)=1.5s        p(95)=1.6s        p(99)=1.75s      
      { expected_response:true }...: min=46.29ms   avg=1.06s       med=1.13s       max=2.25s      p(90)=1.5s        p(95)=1.6s        p(99)=1.75s      
    http_req_failed................: 0.00%  0 out of 9876
    http_reqs......................: 9876   41.144272/s

    EXECUTION
    iteration_duration.............: min=46.47ms   avg=1.06s       med=1.13s       max=2.25s      p(90)=1.5s        p(95)=1.6s        p(99)=1.75s      
    iterations.....................: 9876   41.144272/s
    vus............................: 1      min=1         max=50
    vus_max........................: 50     min=50        max=50

    NETWORK
    data_received..................: 2.8 MB 12 kB/s
    data_sent......................: 790 kB 3.3 kB/s




running (4m00.0s), 00/50 VUs, 9876 complete and 0 interrupted iterations
default ✓ [ 100% ] 00/50 VUs  4m0s
