
         /\      Grafana   /‾‾/  
    /\  /  \     |\  __   /  /   
   /  \/    \    | |/ /  /   ‾‾\ 
  /          \   |   (  |  (‾)  |
 / __________ \  |_|\_\  \_____/ 


     execution: local
        script: io-bound-test.js
        output: -

     scenarios: (100.00%) 1 scenario, 100 max VUs, 4m30s max duration (incl. graceful stop):
              * default: Up to 100 looping VUs for 4m0s over 3 stages (gracefulRampDown: 30s, gracefulStop: 30s)


running (0m01.0s), 004/100 VUs, 36 complete and 0 interrupted iterations
default   [   0% ] 004/100 VUs  0m01.0s/4m00.0s

running (0m02.0s), 007/100 VUs, 140 complete and 0 interrupted iterations
default   [   1% ] 007/100 VUs  0m02.0s/4m00.0s

running (0m03.0s), 010/100 VUs, 307 complete and 0 interrupted iterations
default   [   1% ] 010/100 VUs  0m03.0s/4m00.0s

running (0m04.0s), 014/100 VUs, 537 complete and 0 interrupted iterations
default   [   2% ] 014/100 VUs  0m04.0s/4m00.0s

running (0m05.0s), 017/100 VUs, 833 complete and 0 interrupted iterations
default   [   2% ] 017/100 VUs  0m05.0s/4m00.0s

running (0m06.0s), 020/100 VUs, 1197 complete and 0 interrupted iterations
default   [   2% ] 020/100 VUs  0m06.0s/4m00.0s

running (0m07.0s), 023/100 VUs, 1624 complete and 0 interrupted iterations
default   [   3% ] 023/100 VUs  0m07.0s/4m00.0s

running (0m08.0s), 027/100 VUs, 2117 complete and 0 interrupted iterations
default   [   3% ] 027/100 VUs  0m08.0s/4m00.0s

running (0m09.0s), 030/100 VUs, 2671 complete and 0 interrupted iterations
default   [   4% ] 030/100 VUs  0m09.0s/4m00.0s

running (0m10.0s), 033/100 VUs, 3291 complete and 0 interrupted iterations
default   [   4% ] 033/100 VUs  0m10.0s/4m00.0s

running (0m11.0s), 037/100 VUs, 3979 complete and 0 interrupted iterations
default   [   5% ] 037/100 VUs  0m11.0s/4m00.0s

running (0m12.0s), 040/100 VUs, 4720 complete and 0 interrupted iterations
default   [   5% ] 040/100 VUs  0m12.0s/4m00.0s

running (0m13.0s), 043/100 VUs, 5541 complete and 0 interrupted iterations
default   [   5% ] 043/100 VUs  0m13.0s/4m00.0s

running (0m14.0s), 047/100 VUs, 6418 complete and 0 interrupted iterations
default   [   6% ] 047/100 VUs  0m14.0s/4m00.0s

running (0m15.0s), 050/100 VUs, 7359 complete and 0 interrupted iterations
default   [   6% ] 050/100 VUs  0m15.0s/4m00.0s

running (0m16.0s), 053/100 VUs, 8355 complete and 0 interrupted iterations
default   [   7% ] 053/100 VUs  0m16.0s/4m00.0s

running (0m17.0s), 056/100 VUs, 9349 complete and 0 interrupted iterations
default   [   7% ] 056/100 VUs  0m17.0s/4m00.0s

running (0m18.0s), 060/100 VUs, 10335 complete and 0 interrupted iterations
default   [   7% ] 060/100 VUs  0m18.0s/4m00.0s

running (0m19.0s), 063/100 VUs, 11323 complete and 0 interrupted iterations
default   [   8% ] 063/100 VUs  0m19.0s/4m00.0s

running (0m20.0s), 066/100 VUs, 12315 complete and 0 interrupted iterations
default   [   8% ] 066/100 VUs  0m20.0s/4m00.0s

running (0m21.0s), 070/100 VUs, 13310 complete and 0 interrupted iterations
default   [   9% ] 070/100 VUs  0m21.0s/4m00.0s

running (0m22.0s), 073/100 VUs, 14306 complete and 0 interrupted iterations
default   [   9% ] 073/100 VUs  0m22.0s/4m00.0s

running (0m23.0s), 076/100 VUs, 15290 complete and 0 interrupted iterations
default   [  10% ] 076/100 VUs  0m23.0s/4m00.0s

running (0m24.0s), 080/100 VUs, 16285 complete and 0 interrupted iterations
default   [  10% ] 080/100 VUs  0m24.0s/4m00.0s

running (0m25.0s), 083/100 VUs, 17276 complete and 0 interrupted iterations
default   [  10% ] 083/100 VUs  0m25.0s/4m00.0s

running (0m26.0s), 086/100 VUs, 18271 complete and 0 interrupted iterations
default   [  11% ] 086/100 VUs  0m26.0s/4m00.0s

running (0m27.0s), 089/100 VUs, 19263 complete and 0 interrupted iterations
default   [  11% ] 089/100 VUs  0m27.0s/4m00.0s

running (0m28.0s), 093/100 VUs, 20259 complete and 0 interrupted iterations
default   [  12% ] 093/100 VUs  0m28.0s/4m00.0s

running (0m29.0s), 096/100 VUs, 21243 complete and 0 interrupted iterations
default   [  12% ] 096/100 VUs  0m29.0s/4m00.0s

running (0m30.0s), 099/100 VUs, 22233 complete and 0 interrupted iterations
default   [  12% ] 099/100 VUs  0m30.0s/4m00.0s

running (0m31.0s), 100/100 VUs, 23228 complete and 0 interrupted iterations
default   [  13% ] 100/100 VUs  0m31.0s/4m00.0s

running (0m32.0s), 100/100 VUs, 24223 complete and 0 interrupted iterations
default   [  13% ] 100/100 VUs  0m32.0s/4m00.0s

running (0m33.0s), 100/100 VUs, 25215 complete and 0 interrupted iterations
default   [  14% ] 100/100 VUs  0m33.0s/4m00.0s

running (0m34.0s), 100/100 VUs, 26202 complete and 0 interrupted iterations
default   [  14% ] 100/100 VUs  0m34.0s/4m00.0s

running (0m35.0s), 100/100 VUs, 27197 complete and 0 interrupted iterations
default   [  15% ] 100/100 VUs  0m35.0s/4m00.0s

running (0m36.0s), 100/100 VUs, 28186 complete and 0 interrupted iterations
default   [  15% ] 100/100 VUs  0m36.0s/4m00.0s

running (0m37.0s), 100/100 VUs, 29179 complete and 0 interrupted iterations
default   [  15% ] 100/100 VUs  0m37.0s/4m00.0s

running (0m38.0s), 100/100 VUs, 30174 complete and 0 interrupted iterations
default   [  16% ] 100/100 VUs  0m38.0s/4m00.0s

running (0m39.0s), 100/100 VUs, 31165 complete and 0 interrupted iterations
default   [  16% ] 100/100 VUs  0m39.0s/4m00.0s

running (0m40.0s), 100/100 VUs, 32152 complete and 0 interrupted iterations
default   [  17% ] 100/100 VUs  0m40.0s/4m00.0s

running (0m41.0s), 100/100 VUs, 33145 complete and 0 interrupted iterations
default   [  17% ] 100/100 VUs  0m41.0s/4m00.0s

running (0m42.0s), 100/100 VUs, 34138 complete and 0 interrupted iterations
default   [  17% ] 100/100 VUs  0m42.0s/4m00.0s

running (0m43.0s), 100/100 VUs, 35129 complete and 0 interrupted iterations
default   [  18% ] 100/100 VUs  0m43.0s/4m00.0s

running (0m44.0s), 100/100 VUs, 36124 complete and 0 interrupted iterations
default   [  18% ] 100/100 VUs  0m44.0s/4m00.0s

running (0m45.0s), 100/100 VUs, 37109 complete and 0 interrupted iterations
default   [  19% ] 100/100 VUs  0m45.0s/4m00.0s

running (0m46.0s), 100/100 VUs, 38104 complete and 0 interrupted iterations
default   [  19% ] 100/100 VUs  0m46.0s/4m00.0s

running (0m47.0s), 100/100 VUs, 39098 complete and 0 interrupted iterations
default   [  20% ] 100/100 VUs  0m47.0s/4m00.0s

running (0m48.0s), 100/100 VUs, 40084 complete and 0 interrupted iterations
default   [  20% ] 100/100 VUs  0m48.0s/4m00.0s

running (0m49.0s), 100/100 VUs, 41079 complete and 0 interrupted iterations
default   [  20% ] 100/100 VUs  0m49.0s/4m00.0s

running (0m50.0s), 100/100 VUs, 42075 complete and 0 interrupted iterations
default   [  21% ] 100/100 VUs  0m50.0s/4m00.0s

running (0m51.0s), 100/100 VUs, 43062 complete and 0 interrupted iterations
default   [  21% ] 100/100 VUs  0m51.0s/4m00.0s

running (0m52.0s), 100/100 VUs, 44059 complete and 0 interrupted iterations
default   [  22% ] 100/100 VUs  0m52.0s/4m00.0s

running (0m53.0s), 100/100 VUs, 45046 complete and 0 interrupted iterations
default   [  22% ] 100/100 VUs  0m53.0s/4m00.0s

running (0m54.0s), 100/100 VUs, 46034 complete and 0 interrupted iterations
default   [  22% ] 100/100 VUs  0m54.0s/4m00.0s

running (0m55.0s), 100/100 VUs, 47029 complete and 0 interrupted iterations
default   [  23% ] 100/100 VUs  0m55.0s/4m00.0s

running (0m56.0s), 100/100 VUs, 48018 complete and 0 interrupted iterations
default   [  23% ] 100/100 VUs  0m56.0s/4m00.0s

running (0m57.0s), 100/100 VUs, 49014 complete and 0 interrupted iterations
default   [  24% ] 100/100 VUs  0m57.0s/4m00.0s

running (0m58.0s), 100/100 VUs, 50005 complete and 0 interrupted iterations
default   [  24% ] 100/100 VUs  0m58.0s/4m00.0s

running (0m59.0s), 100/100 VUs, 50993 complete and 0 interrupted iterations
default   [  25% ] 100/100 VUs  0m59.0s/4m00.0s

running (1m00.0s), 100/100 VUs, 51987 complete and 0 interrupted iterations
default   [  25% ] 100/100 VUs  1m00.0s/4m00.0s

running (1m01.0s), 100/100 VUs, 52981 complete and 0 interrupted iterations
default   [  25% ] 100/100 VUs  1m01.0s/4m00.0s

running (1m02.0s), 100/100 VUs, 53968 complete and 0 interrupted iterations
default   [  26% ] 100/100 VUs  1m02.0s/4m00.0s

running (1m03.0s), 100/100 VUs, 54965 complete and 0 interrupted iterations
default   [  26% ] 100/100 VUs  1m03.0s/4m00.0s

running (1m04.0s), 100/100 VUs, 55956 complete and 0 interrupted iterations
default   [  27% ] 100/100 VUs  1m04.0s/4m00.0s

running (1m05.0s), 100/100 VUs, 56946 complete and 0 interrupted iterations
default   [  27% ] 100/100 VUs  1m05.0s/4m00.0s

running (1m06.0s), 100/100 VUs, 57940 complete and 0 interrupted iterations
default   [  27% ] 100/100 VUs  1m06.0s/4m00.0s

running (1m07.0s), 100/100 VUs, 58932 complete and 0 interrupted iterations
default   [  28% ] 100/100 VUs  1m07.0s/4m00.0s

running (1m08.0s), 100/100 VUs, 59920 complete and 0 interrupted iterations
default   [  28% ] 100/100 VUs  1m08.0s/4m00.0s

running (1m09.0s), 100/100 VUs, 60910 complete and 0 interrupted iterations
default   [  29% ] 100/100 VUs  1m09.0s/4m00.0s

running (1m10.0s), 100/100 VUs, 61906 complete and 0 interrupted iterations
default   [  29% ] 100/100 VUs  1m10.0s/4m00.0s

running (1m11.0s), 100/100 VUs, 62891 complete and 0 interrupted iterations
default   [  30% ] 100/100 VUs  1m11.0s/4m00.0s

running (1m12.0s), 100/100 VUs, 63882 complete and 0 interrupted iterations
default   [  30% ] 100/100 VUs  1m12.0s/4m00.0s

running (1m13.0s), 100/100 VUs, 64882 complete and 0 interrupted iterations
default   [  30% ] 100/100 VUs  1m13.0s/4m00.0s

running (1m14.0s), 100/100 VUs, 65866 complete and 0 interrupted iterations
default   [  31% ] 100/100 VUs  1m14.0s/4m00.0s

running (1m15.0s), 100/100 VUs, 66856 complete and 0 interrupted iterations
default   [  31% ] 100/100 VUs  1m15.0s/4m00.0s

running (1m16.0s), 100/100 VUs, 67856 complete and 0 interrupted iterations
default   [  32% ] 100/100 VUs  1m16.0s/4m00.0s

running (1m17.0s), 100/100 VUs, 68839 complete and 0 interrupted iterations
default   [  32% ] 100/100 VUs  1m17.0s/4m00.0s

running (1m18.0s), 100/100 VUs, 69832 complete and 0 interrupted iterations
default   [  32% ] 100/100 VUs  1m18.0s/4m00.0s

running (1m19.0s), 100/100 VUs, 70830 complete and 0 interrupted iterations
default   [  33% ] 100/100 VUs  1m19.0s/4m00.0s

running (1m20.0s), 100/100 VUs, 71817 complete and 0 interrupted iterations
default   [  33% ] 100/100 VUs  1m20.0s/4m00.0s

running (1m21.0s), 100/100 VUs, 72806 complete and 0 interrupted iterations
default   [  34% ] 100/100 VUs  1m21.0s/4m00.0s

running (1m22.0s), 100/100 VUs, 73803 complete and 0 interrupted iterations
default   [  34% ] 100/100 VUs  1m22.0s/4m00.0s

running (1m23.0s), 100/100 VUs, 74782 complete and 0 interrupted iterations
default   [  35% ] 100/100 VUs  1m23.0s/4m00.0s

running (1m24.0s), 100/100 VUs, 75782 complete and 0 interrupted iterations
default   [  35% ] 100/100 VUs  1m24.0s/4m00.0s

running (1m25.0s), 100/100 VUs, 76756 complete and 0 interrupted iterations
default   [  35% ] 100/100 VUs  1m25.0s/4m00.0s

running (1m26.0s), 100/100 VUs, 77732 complete and 0 interrupted iterations
default   [  36% ] 100/100 VUs  1m26.0s/4m00.0s

running (1m27.0s), 100/100 VUs, 78732 complete and 0 interrupted iterations
default   [  36% ] 100/100 VUs  1m27.0s/4m00.0s

running (1m28.0s), 100/100 VUs, 79732 complete and 0 interrupted iterations
default   [  37% ] 100/100 VUs  1m28.0s/4m00.0s

running (1m29.0s), 100/100 VUs, 80683 complete and 0 interrupted iterations
default   [  37% ] 100/100 VUs  1m29.0s/4m00.0s

running (1m30.0s), 100/100 VUs, 81682 complete and 0 interrupted iterations
default   [  37% ] 100/100 VUs  1m30.0s/4m00.0s

running (1m31.0s), 100/100 VUs, 82682 complete and 0 interrupted iterations
default   [  38% ] 100/100 VUs  1m31.0s/4m00.0s

running (1m32.0s), 100/100 VUs, 83682 complete and 0 interrupted iterations
default   [  38% ] 100/100 VUs  1m32.0s/4m00.0s

running (1m33.0s), 100/100 VUs, 84636 complete and 0 interrupted iterations
default   [  39% ] 100/100 VUs  1m33.0s/4m00.0s

running (1m34.0s), 100/100 VUs, 85632 complete and 0 interrupted iterations
default   [  39% ] 100/100 VUs  1m34.0s/4m00.0s

running (1m35.0s), 100/100 VUs, 86632 complete and 0 interrupted iterations
default   [  40% ] 100/100 VUs  1m35.0s/4m00.0s

running (1m36.0s), 100/100 VUs, 87632 complete and 0 interrupted iterations
default   [  40% ] 100/100 VUs  1m36.0s/4m00.0s

running (1m37.0s), 100/100 VUs, 88610 complete and 0 interrupted iterations
default   [  40% ] 100/100 VUs  1m37.0s/4m00.0s

running (1m38.0s), 100/100 VUs, 89582 complete and 0 interrupted iterations
default   [  41% ] 100/100 VUs  1m38.0s/4m00.0s

running (1m39.0s), 100/100 VUs, 90582 complete and 0 interrupted iterations
default   [  41% ] 100/100 VUs  1m39.0s/4m00.0s

running (1m40.0s), 100/100 VUs, 91582 complete and 0 interrupted iterations
default   [  42% ] 100/100 VUs  1m40.0s/4m00.0s

running (1m41.0s), 100/100 VUs, 92533 complete and 0 interrupted iterations
default   [  42% ] 100/100 VUs  1m41.0s/4m00.0s

running (1m42.0s), 100/100 VUs, 93532 complete and 0 interrupted iterations
default   [  42% ] 100/100 VUs  1m42.0s/4m00.0s

running (1m43.0s), 100/100 VUs, 94532 complete and 0 interrupted iterations
default   [  43% ] 100/100 VUs  1m43.0s/4m00.0s

running (1m44.0s), 100/100 VUs, 95532 complete and 0 interrupted iterations
default   [  43% ] 100/100 VUs  1m44.0s/4m00.0s

running (1m45.0s), 100/100 VUs, 96505 complete and 0 interrupted iterations
default   [  44% ] 100/100 VUs  1m45.0s/4m00.0s

running (1m46.0s), 100/100 VUs, 97482 complete and 0 interrupted iterations
default   [  44% ] 100/100 VUs  1m46.0s/4m00.0s

running (1m47.0s), 100/100 VUs, 98482 complete and 0 interrupted iterations
default   [  45% ] 100/100 VUs  1m47.0s/4m00.0s

running (1m48.0s), 100/100 VUs, 99482 complete and 0 interrupted iterations
default   [  45% ] 100/100 VUs  1m48.0s/4m00.0s

running (1m49.0s), 100/100 VUs, 100477 complete and 0 interrupted iterations
default   [  45% ] 100/100 VUs  1m49.0s/4m00.0s

running (1m50.0s), 100/100 VUs, 101464 complete and 0 interrupted iterations
default   [  46% ] 100/100 VUs  1m50.0s/4m00.0s

running (1m51.0s), 100/100 VUs, 102432 complete and 0 interrupted iterations
default   [  46% ] 100/100 VUs  1m51.0s/4m00.0s

running (1m52.0s), 100/100 VUs, 103432 complete and 0 interrupted iterations
default   [  47% ] 100/100 VUs  1m52.0s/4m00.0s

running (1m53.0s), 100/100 VUs, 104432 complete and 0 interrupted iterations
default   [  47% ] 100/100 VUs  1m53.0s/4m00.0s

running (1m54.0s), 100/100 VUs, 105432 complete and 0 interrupted iterations
default   [  47% ] 100/100 VUs  1m54.0s/4m00.0s

running (1m55.0s), 100/100 VUs, 106384 complete and 0 interrupted iterations
default   [  48% ] 100/100 VUs  1m55.0s/4m00.0s

running (1m56.0s), 100/100 VUs, 107382 complete and 0 interrupted iterations
default   [  48% ] 100/100 VUs  1m56.0s/4m00.0s

running (1m57.0s), 100/100 VUs, 108382 complete and 0 interrupted iterations
default   [  49% ] 100/100 VUs  1m57.0s/4m00.0s

running (1m58.0s), 100/100 VUs, 109382 complete and 0 interrupted iterations
default   [  49% ] 100/100 VUs  1m58.0s/4m00.0s

running (1m59.0s), 100/100 VUs, 110372 complete and 0 interrupted iterations
default   [  50% ] 100/100 VUs  1m59.0s/4m00.0s

running (2m00.0s), 100/100 VUs, 111332 complete and 0 interrupted iterations
default   [  50% ] 100/100 VUs  2m00.0s/4m00.0s

running (2m01.0s), 100/100 VUs, 112332 complete and 0 interrupted iterations
default   [  50% ] 100/100 VUs  2m01.0s/4m00.0s

running (2m02.0s), 100/100 VUs, 113332 complete and 0 interrupted iterations
default   [  51% ] 100/100 VUs  2m02.0s/4m00.0s

running (2m03.0s), 100/100 VUs, 114319 complete and 0 interrupted iterations
default   [  51% ] 100/100 VUs  2m03.0s/4m00.0s

running (2m04.0s), 100/100 VUs, 115289 complete and 0 interrupted iterations
default   [  52% ] 100/100 VUs  2m04.0s/4m00.0s

running (2m05.0s), 100/100 VUs, 116282 complete and 0 interrupted iterations
default   [  52% ] 100/100 VUs  2m05.0s/4m00.0s

running (2m06.0s), 100/100 VUs, 117282 complete and 0 interrupted iterations
default   [  52% ] 100/100 VUs  2m06.0s/4m00.0s

running (2m07.0s), 100/100 VUs, 118282 complete and 0 interrupted iterations
default   [  53% ] 100/100 VUs  2m07.0s/4m00.0s

running (2m08.0s), 100/100 VUs, 119282 complete and 0 interrupted iterations
default   [  53% ] 100/100 VUs  2m08.0s/4m00.0s

running (2m09.0s), 100/100 VUs, 120232 complete and 0 interrupted iterations
default   [  54% ] 100/100 VUs  2m09.0s/4m00.0s

running (2m10.0s), 100/100 VUs, 121232 complete and 0 interrupted iterations
default   [  54% ] 100/100 VUs  2m10.0s/4m00.0s

running (2m11.0s), 100/100 VUs, 122232 complete and 0 interrupted iterations
default   [  55% ] 100/100 VUs  2m11.0s/4m00.0s

running (2m12.0s), 100/100 VUs, 123232 complete and 0 interrupted iterations
default   [  55% ] 100/100 VUs  2m12.0s/4m00.0s

running (2m13.0s), 100/100 VUs, 124183 complete and 0 interrupted iterations
default   [  55% ] 100/100 VUs  2m13.0s/4m00.0s

running (2m14.0s), 100/100 VUs, 125182 complete and 0 interrupted iterations
default   [  56% ] 100/100 VUs  2m14.0s/4m00.0s

running (2m15.0s), 100/100 VUs, 126182 complete and 0 interrupted iterations
default   [  56% ] 100/100 VUs  2m15.0s/4m00.0s

running (2m16.0s), 100/100 VUs, 127182 complete and 0 interrupted iterations
default   [  57% ] 100/100 VUs  2m16.0s/4m00.0s

running (2m17.0s), 100/100 VUs, 128147 complete and 0 interrupted iterations
default   [  57% ] 100/100 VUs  2m17.0s/4m00.0s

running (2m18.0s), 100/100 VUs, 129132 complete and 0 interrupted iterations
default   [  57% ] 100/100 VUs  2m18.0s/4m00.0s

running (2m19.0s), 100/100 VUs, 130132 complete and 0 interrupted iterations
default   [  58% ] 100/100 VUs  2m19.0s/4m00.0s

running (2m20.0s), 100/100 VUs, 131132 complete and 0 interrupted iterations
default   [  58% ] 100/100 VUs  2m20.0s/4m00.0s

running (2m21.0s), 100/100 VUs, 132091 complete and 0 interrupted iterations
default   [  59% ] 100/100 VUs  2m21.0s/4m00.0s

running (2m22.0s), 100/100 VUs, 133082 complete and 0 interrupted iterations
default   [  59% ] 100/100 VUs  2m22.0s/4m00.0s

running (2m23.0s), 100/100 VUs, 134082 complete and 0 interrupted iterations
default   [  60% ] 100/100 VUs  2m23.0s/4m00.0s

running (2m24.0s), 100/100 VUs, 135082 complete and 0 interrupted iterations
default   [  60% ] 100/100 VUs  2m24.0s/4m00.0s

running (2m25.0s), 100/100 VUs, 136032 complete and 0 interrupted iterations
default   [  60% ] 100/100 VUs  2m25.0s/4m00.0s

running (2m26.0s), 100/100 VUs, 137032 complete and 0 interrupted iterations
default   [  61% ] 100/100 VUs  2m26.0s/4m00.0s

running (2m27.0s), 100/100 VUs, 138032 complete and 0 interrupted iterations
default   [  61% ] 100/100 VUs  2m27.0s/4m00.0s

running (2m28.0s), 100/100 VUs, 139032 complete and 0 interrupted iterations
default   [  62% ] 100/100 VUs  2m28.0s/4m00.0s

running (2m29.0s), 100/100 VUs, 139982 complete and 0 interrupted iterations
default   [  62% ] 100/100 VUs  2m29.0s/4m00.0s

running (2m30.0s), 100/100 VUs, 140982 complete and 0 interrupted iterations
default   [  62% ] 100/100 VUs  2m30.0s/4m00.0s

running (2m31.0s), 100/100 VUs, 141982 complete and 0 interrupted iterations
default   [  63% ] 100/100 VUs  2m31.0s/4m00.0s

running (2m32.0s), 100/100 VUs, 142975 complete and 0 interrupted iterations
default   [  63% ] 100/100 VUs  2m32.0s/4m00.0s

running (2m33.0s), 100/100 VUs, 143932 complete and 0 interrupted iterations
default   [  64% ] 100/100 VUs  2m33.0s/4m00.0s

running (2m34.0s), 100/100 VUs, 144932 complete and 0 interrupted iterations
default   [  64% ] 100/100 VUs  2m34.0s/4m00.0s

running (2m35.0s), 100/100 VUs, 145932 complete and 0 interrupted iterations
default   [  65% ] 100/100 VUs  2m35.0s/4m00.0s

running (2m36.0s), 100/100 VUs, 146932 complete and 0 interrupted iterations
default   [  65% ] 100/100 VUs  2m36.0s/4m00.0s

running (2m37.0s), 100/100 VUs, 147917 complete and 0 interrupted iterations
default   [  65% ] 100/100 VUs  2m37.0s/4m00.0s

running (2m38.0s), 100/100 VUs, 148882 complete and 0 interrupted iterations
default   [  66% ] 100/100 VUs  2m38.0s/4m00.0s

running (2m39.0s), 100/100 VUs, 149882 complete and 0 interrupted iterations
default   [  66% ] 100/100 VUs  2m39.0s/4m00.0s

running (2m40.0s), 100/100 VUs, 150882 complete and 0 interrupted iterations
default   [  67% ] 100/100 VUs  2m40.0s/4m00.0s

running (2m41.0s), 100/100 VUs, 151882 complete and 0 interrupted iterations
default   [  67% ] 100/100 VUs  2m41.0s/4m00.0s

running (2m42.0s), 100/100 VUs, 152882 complete and 0 interrupted iterations
default   [  67% ] 100/100 VUs  2m42.0s/4m00.0s

running (2m43.0s), 100/100 VUs, 153832 complete and 0 interrupted iterations
default   [  68% ] 100/100 VUs  2m43.0s/4m00.0s

running (2m44.0s), 100/100 VUs, 154832 complete and 0 interrupted iterations
default   [  68% ] 100/100 VUs  2m44.0s/4m00.0s

running (2m45.0s), 100/100 VUs, 155832 complete and 0 interrupted iterations
default   [  69% ] 100/100 VUs  2m45.0s/4m00.0s

running (2m46.0s), 100/100 VUs, 156816 complete and 0 interrupted iterations
default   [  69% ] 100/100 VUs  2m46.0s/4m00.0s

running (2m47.0s), 100/100 VUs, 157782 complete and 0 interrupted iterations
default   [  70% ] 100/100 VUs  2m47.0s/4m00.0s

running (2m48.0s), 100/100 VUs, 158782 complete and 0 interrupted iterations
default   [  70% ] 100/100 VUs  2m48.0s/4m00.0s

running (2m49.0s), 100/100 VUs, 159782 complete and 0 interrupted iterations
default   [  70% ] 100/100 VUs  2m49.0s/4m00.0s

running (2m50.0s), 100/100 VUs, 160782 complete and 0 interrupted iterations
default   [  71% ] 100/100 VUs  2m50.0s/4m00.0s

running (2m51.0s), 100/100 VUs, 161732 complete and 0 interrupted iterations
default   [  71% ] 100/100 VUs  2m51.0s/4m00.0s

running (2m52.0s), 100/100 VUs, 162732 complete and 0 interrupted iterations
default   [  72% ] 100/100 VUs  2m52.0s/4m00.0s

running (2m53.0s), 100/100 VUs, 163732 complete and 0 interrupted iterations
default   [  72% ] 100/100 VUs  2m53.0s/4m00.0s

running (2m54.0s), 100/100 VUs, 164732 complete and 0 interrupted iterations
default   [  72% ] 100/100 VUs  2m54.0s/4m00.0s

running (2m55.0s), 100/100 VUs, 165684 complete and 0 interrupted iterations
default   [  73% ] 100/100 VUs  2m55.0s/4m00.0s

running (2m56.0s), 100/100 VUs, 166682 complete and 0 interrupted iterations
default   [  73% ] 100/100 VUs  2m56.0s/4m00.0s

running (2m57.0s), 100/100 VUs, 167682 complete and 0 interrupted iterations
default   [  74% ] 100/100 VUs  2m57.0s/4m00.0s

running (2m58.0s), 100/100 VUs, 168682 complete and 0 interrupted iterations
default   [  74% ] 100/100 VUs  2m58.0s/4m00.0s

running (2m59.0s), 100/100 VUs, 169682 complete and 0 interrupted iterations
default   [  75% ] 100/100 VUs  2m59.0s/4m00.0s

running (3m00.0s), 100/100 VUs, 170632 complete and 0 interrupted iterations
default   [  75% ] 100/100 VUs  3m00.0s/4m00.0s

running (3m01.0s), 100/100 VUs, 171632 complete and 0 interrupted iterations
default   [  75% ] 100/100 VUs  3m01.0s/4m00.0s

running (3m02.0s), 100/100 VUs, 172632 complete and 0 interrupted iterations
default   [  76% ] 100/100 VUs  3m02.0s/4m00.0s

running (3m03.0s), 100/100 VUs, 173632 complete and 0 interrupted iterations
default   [  76% ] 100/100 VUs  3m03.0s/4m00.0s

running (3m04.0s), 100/100 VUs, 174632 complete and 0 interrupted iterations
default   [  77% ] 100/100 VUs  3m04.0s/4m00.0s

running (3m05.0s), 100/100 VUs, 175582 complete and 0 interrupted iterations
default   [  77% ] 100/100 VUs  3m05.0s/4m00.0s

running (3m06.0s), 100/100 VUs, 176582 complete and 0 interrupted iterations
default   [  77% ] 100/100 VUs  3m06.0s/4m00.0s

running (3m07.0s), 100/100 VUs, 177582 complete and 0 interrupted iterations
default   [  78% ] 100/100 VUs  3m07.0s/4m00.0s

running (3m08.0s), 100/100 VUs, 178582 complete and 0 interrupted iterations
default   [  78% ] 100/100 VUs  3m08.0s/4m00.0s

running (3m09.0s), 100/100 VUs, 179532 complete and 0 interrupted iterations
default   [  79% ] 100/100 VUs  3m09.0s/4m00.0s

running (3m10.0s), 100/100 VUs, 180532 complete and 0 interrupted iterations
default   [  79% ] 100/100 VUs  3m10.0s/4m00.0s

running (3m11.0s), 100/100 VUs, 181532 complete and 0 interrupted iterations
default   [  80% ] 100/100 VUs  3m11.0s/4m00.0s

running (3m12.0s), 100/100 VUs, 182532 complete and 0 interrupted iterations
default   [  80% ] 100/100 VUs  3m12.0s/4m00.0s

running (3m13.0s), 100/100 VUs, 183482 complete and 0 interrupted iterations
default   [  80% ] 100/100 VUs  3m13.0s/4m00.0s

running (3m14.0s), 100/100 VUs, 184482 complete and 0 interrupted iterations
default   [  81% ] 100/100 VUs  3m14.0s/4m00.0s

running (3m15.0s), 100/100 VUs, 185482 complete and 0 interrupted iterations
default   [  81% ] 100/100 VUs  3m15.0s/4m00.0s

running (3m16.0s), 100/100 VUs, 186482 complete and 0 interrupted iterations
default   [  82% ] 100/100 VUs  3m16.0s/4m00.0s

running (3m17.0s), 100/100 VUs, 187432 complete and 0 interrupted iterations
default   [  82% ] 100/100 VUs  3m17.0s/4m00.0s

running (3m18.0s), 100/100 VUs, 188432 complete and 0 interrupted iterations
default   [  82% ] 100/100 VUs  3m18.0s/4m00.0s

running (3m19.0s), 100/100 VUs, 189432 complete and 0 interrupted iterations
default   [  83% ] 100/100 VUs  3m19.0s/4m00.0s

running (3m20.0s), 100/100 VUs, 190432 complete and 0 interrupted iterations
default   [  83% ] 100/100 VUs  3m20.0s/4m00.0s

running (3m21.0s), 100/100 VUs, 191382 complete and 0 interrupted iterations
default   [  84% ] 100/100 VUs  3m21.0s/4m00.0s

running (3m22.0s), 100/100 VUs, 192382 complete and 0 interrupted iterations
default   [  84% ] 100/100 VUs  3m22.0s/4m00.0s

running (3m23.0s), 100/100 VUs, 193382 complete and 0 interrupted iterations
default   [  85% ] 100/100 VUs  3m23.0s/4m00.0s

running (3m24.0s), 100/100 VUs, 194333 complete and 0 interrupted iterations
default   [  85% ] 100/100 VUs  3m24.0s/4m00.0s

running (3m25.0s), 100/100 VUs, 195332 complete and 0 interrupted iterations
default   [  85% ] 100/100 VUs  3m25.0s/4m00.0s

running (3m26.0s), 100/100 VUs, 196332 complete and 0 interrupted iterations
default   [  86% ] 100/100 VUs  3m26.0s/4m00.0s

running (3m27.0s), 100/100 VUs, 197332 complete and 0 interrupted iterations
default   [  86% ] 100/100 VUs  3m27.0s/4m00.0s

running (3m28.0s), 100/100 VUs, 198332 complete and 0 interrupted iterations
default   [  87% ] 100/100 VUs  3m28.0s/4m00.0s

running (3m29.0s), 100/100 VUs, 199282 complete and 0 interrupted iterations
default   [  87% ] 100/100 VUs  3m29.0s/4m00.0s

running (3m30.0s), 100/100 VUs, 200282 complete and 0 interrupted iterations
default   [  87% ] 100/100 VUs  3m30.0s/4m00.0s

running (3m31.0s), 097/100 VUs, 201282 complete and 0 interrupted iterations
default   [  88% ] 097/100 VUs  3m31.0s/4m00.0s

running (3m32.0s), 094/100 VUs, 202240 complete and 0 interrupted iterations
default   [  88% ] 094/100 VUs  3m32.0s/4m00.0s

running (3m33.0s), 091/100 VUs, 203232 complete and 0 interrupted iterations
default   [  89% ] 091/100 VUs  3m33.0s/4m00.0s

running (3m34.0s), 087/100 VUs, 204232 complete and 0 interrupted iterations
default   [  89% ] 087/100 VUs  3m34.0s/4m00.0s

running (3m35.0s), 084/100 VUs, 205232 complete and 0 interrupted iterations
default   [  90% ] 084/100 VUs  3m35.0s/4m00.0s

running (3m36.0s), 081/100 VUs, 206232 complete and 0 interrupted iterations
default   [  90% ] 081/100 VUs  3m36.0s/4m00.0s

running (3m37.0s), 078/100 VUs, 207200 complete and 0 interrupted iterations
default   [  90% ] 078/100 VUs  3m37.0s/4m00.0s

running (3m38.0s), 074/100 VUs, 208182 complete and 0 interrupted iterations
default   [  91% ] 074/100 VUs  3m38.0s/4m00.0s

running (3m39.0s), 071/100 VUs, 209182 complete and 0 interrupted iterations
default   [  91% ] 071/100 VUs  3m39.0s/4m00.0s

running (3m40.0s), 067/100 VUs, 210182 complete and 0 interrupted iterations
default   [  92% ] 067/100 VUs  3m40.0s/4m00.0s

running (3m41.0s), 064/100 VUs, 211158 complete and 0 interrupted iterations
default   [  92% ] 064/100 VUs  3m41.0s/4m00.0s

running (3m42.0s), 061/100 VUs, 212132 complete and 0 interrupted iterations
default   [  92% ] 061/100 VUs  3m42.0s/4m00.0s

running (3m43.0s), 057/100 VUs, 213132 complete and 0 interrupted iterations
default   [  93% ] 057/100 VUs  3m43.0s/4m00.0s

running (3m44.0s), 054/100 VUs, 214132 complete and 0 interrupted iterations
default   [  93% ] 054/100 VUs  3m44.0s/4m00.0s

running (3m45.0s), 051/100 VUs, 215122 complete and 0 interrupted iterations
default   [  94% ] 051/100 VUs  3m45.0s/4m00.0s

running (3m46.0s), 047/100 VUs, 216064 complete and 0 interrupted iterations
default   [  94% ] 047/100 VUs  3m46.0s/4m00.0s

running (3m47.0s), 044/100 VUs, 216980 complete and 0 interrupted iterations
default   [  95% ] 044/100 VUs  3m47.0s/4m00.0s

running (3m48.0s), 041/100 VUs, 217813 complete and 0 interrupted iterations
default   [  95% ] 041/100 VUs  3m48.0s/4m00.0s

running (3m49.0s), 037/100 VUs, 218573 complete and 0 interrupted iterations
default   [  95% ] 037/100 VUs  3m49.0s/4m00.0s

running (3m50.0s), 034/100 VUs, 219289 complete and 0 interrupted iterations
default   [  96% ] 034/100 VUs  3m50.0s/4m00.0s

running (3m51.0s), 031/100 VUs, 219906 complete and 0 interrupted iterations
default   [  96% ] 031/100 VUs  3m51.0s/4m00.0s

running (3m52.0s), 027/100 VUs, 220490 complete and 0 interrupted iterations
default   [  97% ] 027/100 VUs  3m52.0s/4m00.0s

running (3m53.0s), 024/100 VUs, 221002 complete and 0 interrupted iterations
default   [  97% ] 024/100 VUs  3m53.0s/4m00.0s

running (3m54.0s), 021/100 VUs, 221432 complete and 0 interrupted iterations
default   [  97% ] 021/100 VUs  3m54.0s/4m00.0s

running (3m55.0s), 017/100 VUs, 221816 complete and 0 interrupted iterations
default   [  98% ] 017/100 VUs  3m55.0s/4m00.0s

running (3m56.0s), 014/100 VUs, 222127 complete and 0 interrupted iterations
default   [  98% ] 014/100 VUs  3m56.0s/4m00.0s

running (3m57.0s), 011/100 VUs, 222368 complete and 0 interrupted iterations
default   [  99% ] 011/100 VUs  3m57.0s/4m00.0s

running (3m58.0s), 007/100 VUs, 222551 complete and 0 interrupted iterations
default   [  99% ] 007/100 VUs  3m58.0s/4m00.0s

running (3m59.0s), 004/100 VUs, 222661 complete and 0 interrupted iterations
default   [ 100% ] 004/100 VUs  3m59.0s/4m00.0s

running (4m00.0s), 001/100 VUs, 222711 complete and 0 interrupted iterations
default   [ 100% ] 001/100 VUs  4m00.0s/4m00.0s


  █ THRESHOLDS 

    checks
    ✓ 'rate>0.95' rate=100.00%

    http_req_duration
    ✓ 'p(95)<5000' p(95)=151.01ms
    ✓ 'p(99)<10000' p(99)=201.04ms

    http_req_failed
    ✓ 'rate<0.05' rate=0.00%


  █ TOTAL RESULTS 

    checks_total.......: 890852  3711.222668/s
    checks_succeeded...: 100.00% 890852 out of 890852
    checks_failed......: 0.00%   0 out of 890852

    ✓ status is 200
    ✓ content-type is json
    ✓ workloadType is IO-BOUND
    ✓ executionTimeMs exists

    CUSTOM
    response_time_ms...............: min=50.540602 avg=94.217561 med=100.710296 max=452.656329 p(90)=104.40114 p(95)=151.014991 p(99)=201.041273
    successful_requests............: 222713 927.805667/s

    HTTP
    http_req_duration..............: min=50.54ms   avg=94.21ms   med=100.71ms   max=452.65ms   p(90)=104.4ms   p(95)=151.01ms   p(99)=201.04ms  
      { expected_response:true }...: min=50.54ms   avg=94.21ms   med=100.71ms   max=452.65ms   p(90)=104.4ms   p(95)=151.01ms   p(99)=201.04ms  
    http_req_failed................: 0.00%  0 out of 222713
    http_reqs......................: 222713 927.805667/s

    EXECUTION
    iteration_duration.............: min=50.64ms   avg=94.36ms   med=100.85ms   max=452.78ms   p(90)=104.6ms   p(95)=151.16ms   p(99)=201.19ms  
    iterations.....................: 222713 927.805667/s
    vus............................: 1      min=1           max=100
    vus_max........................: 100    min=100         max=100

    NETWORK
    data_received..................: 62 MB  258 kB/s
    data_sent......................: 18 MB  73 kB/s




running (4m00.0s), 000/100 VUs, 222713 complete and 0 interrupted iterations
default ✓ [ 100% ] 000/100 VUs  4m0s
