
         /\      Grafana   /‾‾/  
    /\  /  \     |\  __   /  /   
   /  \/    \    | |/ /  /   ‾‾\ 
  /          \   |   (  |  (‾)  |
 / __________ \  |_|\_\  \_____/ 


     execution: local
        script: cpu-bound-test.js
        output: -

     scenarios: (100.00%) 1 scenario, 75 max VUs, 4m30s max duration (incl. graceful stop):
              * default: Up to 75 looping VUs for 4m0s over 3 stages (gracefulRampDown: 30s, gracefulStop: 30s)


running (0m01.0s), 03/75 VUs, 29 complete and 0 interrupted iterations
default   [   0% ] 03/75 VUs  0m01.0s/4m00.0s

running (0m02.0s), 05/75 VUs, 70 complete and 0 interrupted iterations
default   [   1% ] 05/75 VUs  0m02.0s/4m00.0s

running (0m03.0s), 08/75 VUs, 109 complete and 0 interrupted iterations
default   [   1% ] 08/75 VUs  0m03.0s/4m00.0s

running (0m04.0s), 10/75 VUs, 149 complete and 0 interrupted iterations
default   [   2% ] 10/75 VUs  0m04.0s/4m00.0s

running (0m05.0s), 13/75 VUs, 192 complete and 0 interrupted iterations
default   [   2% ] 13/75 VUs  0m05.0s/4m00.0s

running (0m06.0s), 15/75 VUs, 229 complete and 0 interrupted iterations
default   [   2% ] 15/75 VUs  0m06.0s/4m00.0s

running (0m07.0s), 18/75 VUs, 273 complete and 0 interrupted iterations
default   [   3% ] 18/75 VUs  0m07.0s/4m00.0s

running (0m08.0s), 20/75 VUs, 313 complete and 0 interrupted iterations
default   [   3% ] 20/75 VUs  0m08.0s/4m00.0s

running (0m09.0s), 23/75 VUs, 354 complete and 0 interrupted iterations
default   [   4% ] 23/75 VUs  0m09.0s/4m00.0s

running (0m10.0s), 25/75 VUs, 396 complete and 0 interrupted iterations
default   [   4% ] 25/75 VUs  0m10.0s/4m00.0s

running (0m11.0s), 28/75 VUs, 434 complete and 0 interrupted iterations
default   [   5% ] 28/75 VUs  0m11.0s/4m00.0s

running (0m12.0s), 30/75 VUs, 470 complete and 0 interrupted iterations
default   [   5% ] 30/75 VUs  0m12.0s/4m00.0s

running (0m13.0s), 32/75 VUs, 515 complete and 0 interrupted iterations
default   [   5% ] 32/75 VUs  0m13.0s/4m00.0s

running (0m14.0s), 35/75 VUs, 552 complete and 0 interrupted iterations
default   [   6% ] 35/75 VUs  0m14.0s/4m00.0s

running (0m15.0s), 37/75 VUs, 592 complete and 0 interrupted iterations
default   [   6% ] 37/75 VUs  0m15.0s/4m00.0s

running (0m16.0s), 40/75 VUs, 631 complete and 0 interrupted iterations
default   [   7% ] 40/75 VUs  0m16.0s/4m00.0s

running (0m17.0s), 42/75 VUs, 675 complete and 0 interrupted iterations
default   [   7% ] 42/75 VUs  0m17.0s/4m00.0s

running (0m18.0s), 45/75 VUs, 715 complete and 0 interrupted iterations
default   [   7% ] 45/75 VUs  0m18.0s/4m00.0s

running (0m19.0s), 47/75 VUs, 754 complete and 0 interrupted iterations
default   [   8% ] 47/75 VUs  0m19.0s/4m00.0s

running (0m20.0s), 50/75 VUs, 796 complete and 0 interrupted iterations
default   [   8% ] 50/75 VUs  0m20.0s/4m00.0s

running (0m21.0s), 52/75 VUs, 833 complete and 0 interrupted iterations
default   [   9% ] 52/75 VUs  0m21.0s/4m00.0s

running (0m22.0s), 55/75 VUs, 874 complete and 0 interrupted iterations
default   [   9% ] 55/75 VUs  0m22.0s/4m00.0s

running (0m23.0s), 57/75 VUs, 918 complete and 0 interrupted iterations
default   [  10% ] 57/75 VUs  0m23.0s/4m00.0s

running (0m24.0s), 60/75 VUs, 955 complete and 0 interrupted iterations
default   [  10% ] 60/75 VUs  0m24.0s/4m00.0s

running (0m25.0s), 62/75 VUs, 996 complete and 0 interrupted iterations
default   [  10% ] 62/75 VUs  0m25.0s/4m00.0s

running (0m26.0s), 65/75 VUs, 1033 complete and 0 interrupted iterations
default   [  11% ] 65/75 VUs  0m26.0s/4m00.0s

running (0m27.0s), 67/75 VUs, 1078 complete and 0 interrupted iterations
default   [  11% ] 67/75 VUs  0m27.0s/4m00.0s

running (0m28.0s), 69/75 VUs, 1115 complete and 0 interrupted iterations
default   [  12% ] 69/75 VUs  0m28.0s/4m00.0s

running (0m29.0s), 72/75 VUs, 1157 complete and 0 interrupted iterations
default   [  12% ] 72/75 VUs  0m29.0s/4m00.0s

running (0m30.0s), 74/75 VUs, 1189 complete and 0 interrupted iterations
default   [  12% ] 74/75 VUs  0m30.0s/4m00.0s

running (0m31.0s), 75/75 VUs, 1239 complete and 0 interrupted iterations
default   [  13% ] 75/75 VUs  0m31.0s/4m00.0s

running (0m32.0s), 75/75 VUs, 1272 complete and 0 interrupted iterations
default   [  13% ] 75/75 VUs  0m32.0s/4m00.0s

running (0m33.0s), 75/75 VUs, 1326 complete and 0 interrupted iterations
default   [  14% ] 75/75 VUs  0m33.0s/4m00.0s

running (0m34.0s), 75/75 VUs, 1359 complete and 0 interrupted iterations
default   [  14% ] 75/75 VUs  0m34.0s/4m00.0s

running (0m35.0s), 75/75 VUs, 1400 complete and 0 interrupted iterations
default   [  15% ] 75/75 VUs  0m35.0s/4m00.0s

running (0m36.0s), 75/75 VUs, 1445 complete and 0 interrupted iterations
default   [  15% ] 75/75 VUs  0m36.0s/4m00.0s

running (0m37.0s), 75/75 VUs, 1483 complete and 0 interrupted iterations
default   [  15% ] 75/75 VUs  0m37.0s/4m00.0s

running (0m38.0s), 75/75 VUs, 1527 complete and 0 interrupted iterations
default   [  16% ] 75/75 VUs  0m38.0s/4m00.0s

running (0m39.0s), 75/75 VUs, 1567 complete and 0 interrupted iterations
default   [  16% ] 75/75 VUs  0m39.0s/4m00.0s

running (0m40.0s), 75/75 VUs, 1612 complete and 0 interrupted iterations
default   [  17% ] 75/75 VUs  0m40.0s/4m00.0s

running (0m41.0s), 75/75 VUs, 1652 complete and 0 interrupted iterations
default   [  17% ] 75/75 VUs  0m41.0s/4m00.0s

running (0m42.0s), 75/75 VUs, 1690 complete and 0 interrupted iterations
default   [  17% ] 75/75 VUs  0m42.0s/4m00.0s

running (0m43.0s), 75/75 VUs, 1740 complete and 0 interrupted iterations
default   [  18% ] 75/75 VUs  0m43.0s/4m00.0s

running (0m44.0s), 75/75 VUs, 1772 complete and 0 interrupted iterations
default   [  18% ] 75/75 VUs  0m44.0s/4m00.0s

running (0m45.0s), 75/75 VUs, 1813 complete and 0 interrupted iterations
default   [  19% ] 75/75 VUs  0m45.0s/4m00.0s

running (0m46.0s), 75/75 VUs, 1859 complete and 0 interrupted iterations
default   [  19% ] 75/75 VUs  0m46.0s/4m00.0s

running (0m47.0s), 75/75 VUs, 1899 complete and 0 interrupted iterations
default   [  20% ] 75/75 VUs  0m47.0s/4m00.0s

running (0m48.0s), 75/75 VUs, 1939 complete and 0 interrupted iterations
default   [  20% ] 75/75 VUs  0m48.0s/4m00.0s

running (0m49.0s), 75/75 VUs, 1979 complete and 0 interrupted iterations
default   [  20% ] 75/75 VUs  0m49.0s/4m00.0s

running (0m50.0s), 75/75 VUs, 2025 complete and 0 interrupted iterations
default   [  21% ] 75/75 VUs  0m50.0s/4m00.0s

running (0m51.0s), 75/75 VUs, 2064 complete and 0 interrupted iterations
default   [  21% ] 75/75 VUs  0m51.0s/4m00.0s

running (0m52.0s), 75/75 VUs, 2105 complete and 0 interrupted iterations
default   [  22% ] 75/75 VUs  0m52.0s/4m00.0s

running (0m53.0s), 75/75 VUs, 2146 complete and 0 interrupted iterations
default   [  22% ] 75/75 VUs  0m53.0s/4m00.0s

running (0m54.0s), 75/75 VUs, 2190 complete and 0 interrupted iterations
default   [  22% ] 75/75 VUs  0m54.0s/4m00.0s

running (0m55.0s), 75/75 VUs, 2227 complete and 0 interrupted iterations
default   [  23% ] 75/75 VUs  0m55.0s/4m00.0s

running (0m56.0s), 75/75 VUs, 2273 complete and 0 interrupted iterations
default   [  23% ] 75/75 VUs  0m56.0s/4m00.0s

running (0m57.0s), 75/75 VUs, 2309 complete and 0 interrupted iterations
default   [  24% ] 75/75 VUs  0m57.0s/4m00.0s

running (0m58.0s), 75/75 VUs, 2355 complete and 0 interrupted iterations
default   [  24% ] 75/75 VUs  0m58.0s/4m00.0s

running (0m59.0s), 75/75 VUs, 2391 complete and 0 interrupted iterations
default   [  25% ] 75/75 VUs  0m59.0s/4m00.0s

running (1m00.0s), 75/75 VUs, 2435 complete and 0 interrupted iterations
default   [  25% ] 75/75 VUs  1m00.0s/4m00.0s

running (1m01.0s), 75/75 VUs, 2475 complete and 0 interrupted iterations
default   [  25% ] 75/75 VUs  1m01.0s/4m00.0s

running (1m02.0s), 75/75 VUs, 2520 complete and 0 interrupted iterations
default   [  26% ] 75/75 VUs  1m02.0s/4m00.0s

running (1m03.0s), 75/75 VUs, 2562 complete and 0 interrupted iterations
default   [  26% ] 75/75 VUs  1m03.0s/4m00.0s

running (1m04.0s), 75/75 VUs, 2597 complete and 0 interrupted iterations
default   [  27% ] 75/75 VUs  1m04.0s/4m00.0s

running (1m05.0s), 75/75 VUs, 2640 complete and 0 interrupted iterations
default   [  27% ] 75/75 VUs  1m05.0s/4m00.0s

running (1m06.0s), 75/75 VUs, 2682 complete and 0 interrupted iterations
default   [  27% ] 75/75 VUs  1m06.0s/4m00.0s

running (1m07.0s), 75/75 VUs, 2723 complete and 0 interrupted iterations
default   [  28% ] 75/75 VUs  1m07.0s/4m00.0s

running (1m08.0s), 75/75 VUs, 2762 complete and 0 interrupted iterations
default   [  28% ] 75/75 VUs  1m08.0s/4m00.0s

running (1m09.0s), 75/75 VUs, 2808 complete and 0 interrupted iterations
default   [  29% ] 75/75 VUs  1m09.0s/4m00.0s

running (1m10.0s), 75/75 VUs, 2860 complete and 0 interrupted iterations
default   [  29% ] 75/75 VUs  1m10.0s/4m00.0s

running (1m11.0s), 75/75 VUs, 2883 complete and 0 interrupted iterations
default   [  30% ] 75/75 VUs  1m11.0s/4m00.0s

running (1m12.0s), 75/75 VUs, 2938 complete and 0 interrupted iterations
default   [  30% ] 75/75 VUs  1m12.0s/4m00.0s

running (1m13.0s), 75/75 VUs, 2966 complete and 0 interrupted iterations
default   [  30% ] 75/75 VUs  1m13.0s/4m00.0s

running (1m14.0s), 75/75 VUs, 3017 complete and 0 interrupted iterations
default   [  31% ] 75/75 VUs  1m14.0s/4m00.0s

running (1m15.0s), 75/75 VUs, 3052 complete and 0 interrupted iterations
default   [  31% ] 75/75 VUs  1m15.0s/4m00.0s

running (1m16.0s), 75/75 VUs, 3096 complete and 0 interrupted iterations
default   [  32% ] 75/75 VUs  1m16.0s/4m00.0s

running (1m17.0s), 75/75 VUs, 3140 complete and 0 interrupted iterations
default   [  32% ] 75/75 VUs  1m17.0s/4m00.0s

running (1m18.0s), 75/75 VUs, 3176 complete and 0 interrupted iterations
default   [  32% ] 75/75 VUs  1m18.0s/4m00.0s

running (1m19.0s), 75/75 VUs, 3221 complete and 0 interrupted iterations
default   [  33% ] 75/75 VUs  1m19.0s/4m00.0s

running (1m20.0s), 75/75 VUs, 3263 complete and 0 interrupted iterations
default   [  33% ] 75/75 VUs  1m20.0s/4m00.0s

running (1m21.0s), 75/75 VUs, 3300 complete and 0 interrupted iterations
default   [  34% ] 75/75 VUs  1m21.0s/4m00.0s

running (1m22.0s), 75/75 VUs, 3347 complete and 0 interrupted iterations
default   [  34% ] 75/75 VUs  1m22.0s/4m00.0s

running (1m23.0s), 75/75 VUs, 3379 complete and 0 interrupted iterations
default   [  35% ] 75/75 VUs  1m23.0s/4m00.0s

running (1m24.0s), 75/75 VUs, 3432 complete and 0 interrupted iterations
default   [  35% ] 75/75 VUs  1m24.0s/4m00.0s

running (1m25.0s), 75/75 VUs, 3466 complete and 0 interrupted iterations
default   [  35% ] 75/75 VUs  1m25.0s/4m00.0s

running (1m26.0s), 75/75 VUs, 3509 complete and 0 interrupted iterations
default   [  36% ] 75/75 VUs  1m26.0s/4m00.0s

running (1m27.0s), 75/75 VUs, 3550 complete and 0 interrupted iterations
default   [  36% ] 75/75 VUs  1m27.0s/4m00.0s

running (1m28.0s), 75/75 VUs, 3591 complete and 0 interrupted iterations
default   [  37% ] 75/75 VUs  1m28.0s/4m00.0s

running (1m29.0s), 75/75 VUs, 3639 complete and 0 interrupted iterations
default   [  37% ] 75/75 VUs  1m29.0s/4m00.0s

running (1m30.0s), 75/75 VUs, 3671 complete and 0 interrupted iterations
default   [  37% ] 75/75 VUs  1m30.0s/4m00.0s

running (1m31.0s), 75/75 VUs, 3719 complete and 0 interrupted iterations
default   [  38% ] 75/75 VUs  1m31.0s/4m00.0s

running (1m32.0s), 75/75 VUs, 3754 complete and 0 interrupted iterations
default   [  38% ] 75/75 VUs  1m32.0s/4m00.0s

running (1m33.0s), 75/75 VUs, 3802 complete and 0 interrupted iterations
default   [  39% ] 75/75 VUs  1m33.0s/4m00.0s

running (1m34.0s), 75/75 VUs, 3841 complete and 0 interrupted iterations
default   [  39% ] 75/75 VUs  1m34.0s/4m00.0s

running (1m35.0s), 75/75 VUs, 3879 complete and 0 interrupted iterations
default   [  40% ] 75/75 VUs  1m35.0s/4m00.0s

running (1m36.0s), 75/75 VUs, 3923 complete and 0 interrupted iterations
default   [  40% ] 75/75 VUs  1m36.0s/4m00.0s

running (1m37.0s), 75/75 VUs, 3963 complete and 0 interrupted iterations
default   [  40% ] 75/75 VUs  1m37.0s/4m00.0s

running (1m38.0s), 75/75 VUs, 4005 complete and 0 interrupted iterations
default   [  41% ] 75/75 VUs  1m38.0s/4m00.0s

running (1m39.0s), 75/75 VUs, 4048 complete and 0 interrupted iterations
default   [  41% ] 75/75 VUs  1m39.0s/4m00.0s

running (1m40.0s), 75/75 VUs, 4085 complete and 0 interrupted iterations
default   [  42% ] 75/75 VUs  1m40.0s/4m00.0s

running (1m41.0s), 75/75 VUs, 4128 complete and 0 interrupted iterations
default   [  42% ] 75/75 VUs  1m41.0s/4m00.0s

running (1m42.0s), 75/75 VUs, 4167 complete and 0 interrupted iterations
default   [  42% ] 75/75 VUs  1m42.0s/4m00.0s

running (1m43.0s), 75/75 VUs, 4211 complete and 0 interrupted iterations
default   [  43% ] 75/75 VUs  1m43.0s/4m00.0s

running (1m44.0s), 75/75 VUs, 4251 complete and 0 interrupted iterations
default   [  43% ] 75/75 VUs  1m44.0s/4m00.0s

running (1m45.0s), 75/75 VUs, 4294 complete and 0 interrupted iterations
default   [  44% ] 75/75 VUs  1m45.0s/4m00.0s

running (1m46.0s), 75/75 VUs, 4336 complete and 0 interrupted iterations
default   [  44% ] 75/75 VUs  1m46.0s/4m00.0s

running (1m47.0s), 75/75 VUs, 4377 complete and 0 interrupted iterations
default   [  45% ] 75/75 VUs  1m47.0s/4m00.0s

running (1m48.0s), 75/75 VUs, 4414 complete and 0 interrupted iterations
default   [  45% ] 75/75 VUs  1m48.0s/4m00.0s

running (1m49.0s), 75/75 VUs, 4464 complete and 0 interrupted iterations
default   [  45% ] 75/75 VUs  1m49.0s/4m00.0s

running (1m50.0s), 75/75 VUs, 4497 complete and 0 interrupted iterations
default   [  46% ] 75/75 VUs  1m50.0s/4m00.0s

running (1m51.0s), 75/75 VUs, 4543 complete and 0 interrupted iterations
default   [  46% ] 75/75 VUs  1m51.0s/4m00.0s

running (1m52.0s), 75/75 VUs, 4583 complete and 0 interrupted iterations
default   [  47% ] 75/75 VUs  1m52.0s/4m00.0s

running (1m53.0s), 75/75 VUs, 4624 complete and 0 interrupted iterations
default   [  47% ] 75/75 VUs  1m53.0s/4m00.0s

running (1m54.0s), 75/75 VUs, 4663 complete and 0 interrupted iterations
default   [  47% ] 75/75 VUs  1m54.0s/4m00.0s

running (1m55.0s), 75/75 VUs, 4705 complete and 0 interrupted iterations
default   [  48% ] 75/75 VUs  1m55.0s/4m00.0s

running (1m56.0s), 75/75 VUs, 4747 complete and 0 interrupted iterations
default   [  48% ] 75/75 VUs  1m56.0s/4m00.0s

running (1m57.0s), 75/75 VUs, 4789 complete and 0 interrupted iterations
default   [  49% ] 75/75 VUs  1m57.0s/4m00.0s

running (1m58.0s), 75/75 VUs, 4833 complete and 0 interrupted iterations
default   [  49% ] 75/75 VUs  1m58.0s/4m00.0s

running (1m59.0s), 75/75 VUs, 4873 complete and 0 interrupted iterations
default   [  50% ] 75/75 VUs  1m59.0s/4m00.0s

running (2m00.0s), 75/75 VUs, 4915 complete and 0 interrupted iterations
default   [  50% ] 75/75 VUs  2m00.0s/4m00.0s

running (2m01.0s), 75/75 VUs, 4952 complete and 0 interrupted iterations
default   [  50% ] 75/75 VUs  2m01.0s/4m00.0s

running (2m02.0s), 75/75 VUs, 4993 complete and 0 interrupted iterations
default   [  51% ] 75/75 VUs  2m02.0s/4m00.0s

running (2m03.0s), 75/75 VUs, 5042 complete and 0 interrupted iterations
default   [  51% ] 75/75 VUs  2m03.0s/4m00.0s

running (2m04.0s), 75/75 VUs, 5075 complete and 0 interrupted iterations
default   [  52% ] 75/75 VUs  2m04.0s/4m00.0s

running (2m05.0s), 75/75 VUs, 5123 complete and 0 interrupted iterations
default   [  52% ] 75/75 VUs  2m05.0s/4m00.0s

running (2m06.0s), 75/75 VUs, 5156 complete and 0 interrupted iterations
default   [  52% ] 75/75 VUs  2m06.0s/4m00.0s

running (2m07.0s), 75/75 VUs, 5207 complete and 0 interrupted iterations
default   [  53% ] 75/75 VUs  2m07.0s/4m00.0s

running (2m08.0s), 75/75 VUs, 5242 complete and 0 interrupted iterations
default   [  53% ] 75/75 VUs  2m08.0s/4m00.0s

running (2m09.0s), 75/75 VUs, 5283 complete and 0 interrupted iterations
default   [  54% ] 75/75 VUs  2m09.0s/4m00.0s

running (2m10.0s), 75/75 VUs, 5325 complete and 0 interrupted iterations
default   [  54% ] 75/75 VUs  2m10.0s/4m00.0s

running (2m11.0s), 75/75 VUs, 5368 complete and 0 interrupted iterations
default   [  55% ] 75/75 VUs  2m11.0s/4m00.0s

running (2m12.0s), 75/75 VUs, 5406 complete and 0 interrupted iterations
default   [  55% ] 75/75 VUs  2m12.0s/4m00.0s

running (2m13.0s), 75/75 VUs, 5454 complete and 0 interrupted iterations
default   [  55% ] 75/75 VUs  2m13.0s/4m00.0s

running (2m14.0s), 75/75 VUs, 5487 complete and 0 interrupted iterations
default   [  56% ] 75/75 VUs  2m14.0s/4m00.0s

running (2m15.0s), 75/75 VUs, 5534 complete and 0 interrupted iterations
default   [  56% ] 75/75 VUs  2m15.0s/4m00.0s

running (2m16.0s), 75/75 VUs, 5575 complete and 0 interrupted iterations
default   [  57% ] 75/75 VUs  2m16.0s/4m00.0s

running (2m17.0s), 75/75 VUs, 5616 complete and 0 interrupted iterations
default   [  57% ] 75/75 VUs  2m17.0s/4m00.0s

running (2m18.0s), 75/75 VUs, 5659 complete and 0 interrupted iterations
default   [  57% ] 75/75 VUs  2m18.0s/4m00.0s

running (2m19.0s), 75/75 VUs, 5697 complete and 0 interrupted iterations
default   [  58% ] 75/75 VUs  2m19.0s/4m00.0s

running (2m20.0s), 75/75 VUs, 5740 complete and 0 interrupted iterations
default   [  58% ] 75/75 VUs  2m20.0s/4m00.0s

running (2m21.0s), 75/75 VUs, 5784 complete and 0 interrupted iterations
default   [  59% ] 75/75 VUs  2m21.0s/4m00.0s

running (2m22.0s), 75/75 VUs, 5821 complete and 0 interrupted iterations
default   [  59% ] 75/75 VUs  2m22.0s/4m00.0s

running (2m23.0s), 75/75 VUs, 5867 complete and 0 interrupted iterations
default   [  60% ] 75/75 VUs  2m23.0s/4m00.0s

running (2m24.0s), 75/75 VUs, 5909 complete and 0 interrupted iterations
default   [  60% ] 75/75 VUs  2m24.0s/4m00.0s

running (2m25.0s), 75/75 VUs, 5947 complete and 0 interrupted iterations
default   [  60% ] 75/75 VUs  2m25.0s/4m00.0s

running (2m26.0s), 75/75 VUs, 5982 complete and 0 interrupted iterations
default   [  61% ] 75/75 VUs  2m26.0s/4m00.0s

running (2m27.0s), 75/75 VUs, 6028 complete and 0 interrupted iterations
default   [  61% ] 75/75 VUs  2m27.0s/4m00.0s

running (2m28.0s), 75/75 VUs, 6065 complete and 0 interrupted iterations
default   [  62% ] 75/75 VUs  2m28.0s/4m00.0s

running (2m29.0s), 75/75 VUs, 6108 complete and 0 interrupted iterations
default   [  62% ] 75/75 VUs  2m29.0s/4m00.0s

running (2m30.0s), 75/75 VUs, 6157 complete and 0 interrupted iterations
default   [  62% ] 75/75 VUs  2m30.0s/4m00.0s

running (2m31.0s), 75/75 VUs, 6189 complete and 0 interrupted iterations
default   [  63% ] 75/75 VUs  2m31.0s/4m00.0s

running (2m32.0s), 75/75 VUs, 6232 complete and 0 interrupted iterations
default   [  63% ] 75/75 VUs  2m32.0s/4m00.0s

running (2m33.0s), 75/75 VUs, 6275 complete and 0 interrupted iterations
default   [  64% ] 75/75 VUs  2m33.0s/4m00.0s

running (2m34.0s), 75/75 VUs, 6314 complete and 0 interrupted iterations
default   [  64% ] 75/75 VUs  2m34.0s/4m00.0s

running (2m35.0s), 75/75 VUs, 6357 complete and 0 interrupted iterations
default   [  65% ] 75/75 VUs  2m35.0s/4m00.0s

running (2m36.0s), 75/75 VUs, 6399 complete and 0 interrupted iterations
default   [  65% ] 75/75 VUs  2m36.0s/4m00.0s

running (2m37.0s), 75/75 VUs, 6446 complete and 0 interrupted iterations
default   [  65% ] 75/75 VUs  2m37.0s/4m00.0s

running (2m38.0s), 75/75 VUs, 6478 complete and 0 interrupted iterations
default   [  66% ] 75/75 VUs  2m38.0s/4m00.0s

running (2m39.0s), 75/75 VUs, 6525 complete and 0 interrupted iterations
default   [  66% ] 75/75 VUs  2m39.0s/4m00.0s

running (2m40.0s), 75/75 VUs, 6566 complete and 0 interrupted iterations
default   [  67% ] 75/75 VUs  2m40.0s/4m00.0s

running (2m41.0s), 75/75 VUs, 6605 complete and 0 interrupted iterations
default   [  67% ] 75/75 VUs  2m41.0s/4m00.0s

running (2m42.0s), 75/75 VUs, 6650 complete and 0 interrupted iterations
default   [  67% ] 75/75 VUs  2m42.0s/4m00.0s

running (2m43.0s), 75/75 VUs, 6683 complete and 0 interrupted iterations
default   [  68% ] 75/75 VUs  2m43.0s/4m00.0s

running (2m44.0s), 75/75 VUs, 6731 complete and 0 interrupted iterations
default   [  68% ] 75/75 VUs  2m44.0s/4m00.0s

running (2m45.0s), 75/75 VUs, 6770 complete and 0 interrupted iterations
default   [  69% ] 75/75 VUs  2m45.0s/4m00.0s

running (2m46.0s), 75/75 VUs, 6821 complete and 0 interrupted iterations
default   [  69% ] 75/75 VUs  2m46.0s/4m00.0s

running (2m47.0s), 75/75 VUs, 6853 complete and 0 interrupted iterations
default   [  70% ] 75/75 VUs  2m47.0s/4m00.0s

running (2m48.0s), 75/75 VUs, 6893 complete and 0 interrupted iterations
default   [  70% ] 75/75 VUs  2m48.0s/4m00.0s

running (2m49.0s), 75/75 VUs, 6934 complete and 0 interrupted iterations
default   [  70% ] 75/75 VUs  2m49.0s/4m00.0s

running (2m50.0s), 75/75 VUs, 6977 complete and 0 interrupted iterations
default   [  71% ] 75/75 VUs  2m50.0s/4m00.0s

running (2m51.0s), 75/75 VUs, 7017 complete and 0 interrupted iterations
default   [  71% ] 75/75 VUs  2m51.0s/4m00.0s

running (2m52.0s), 75/75 VUs, 7059 complete and 0 interrupted iterations
default   [  72% ] 75/75 VUs  2m52.0s/4m00.0s

running (2m53.0s), 75/75 VUs, 7105 complete and 0 interrupted iterations
default   [  72% ] 75/75 VUs  2m53.0s/4m00.0s

running (2m54.0s), 75/75 VUs, 7142 complete and 0 interrupted iterations
default   [  72% ] 75/75 VUs  2m54.0s/4m00.0s

running (2m55.0s), 75/75 VUs, 7184 complete and 0 interrupted iterations
default   [  73% ] 75/75 VUs  2m55.0s/4m00.0s

running (2m56.0s), 75/75 VUs, 7222 complete and 0 interrupted iterations
default   [  73% ] 75/75 VUs  2m56.0s/4m00.0s

running (2m57.0s), 75/75 VUs, 7271 complete and 0 interrupted iterations
default   [  74% ] 75/75 VUs  2m57.0s/4m00.0s

running (2m58.0s), 75/75 VUs, 7307 complete and 0 interrupted iterations
default   [  74% ] 75/75 VUs  2m58.0s/4m00.0s

running (2m59.0s), 75/75 VUs, 7353 complete and 0 interrupted iterations
default   [  75% ] 75/75 VUs  2m59.0s/4m00.0s

running (3m00.0s), 75/75 VUs, 7389 complete and 0 interrupted iterations
default   [  75% ] 75/75 VUs  3m00.0s/4m00.0s

running (3m01.0s), 75/75 VUs, 7433 complete and 0 interrupted iterations
default   [  75% ] 75/75 VUs  3m01.0s/4m00.0s

running (3m02.0s), 75/75 VUs, 7471 complete and 0 interrupted iterations
default   [  76% ] 75/75 VUs  3m02.0s/4m00.0s

running (3m03.0s), 75/75 VUs, 7511 complete and 0 interrupted iterations
default   [  76% ] 75/75 VUs  3m03.0s/4m00.0s

running (3m04.0s), 75/75 VUs, 7553 complete and 0 interrupted iterations
default   [  77% ] 75/75 VUs  3m04.0s/4m00.0s

running (3m05.0s), 75/75 VUs, 7595 complete and 0 interrupted iterations
default   [  77% ] 75/75 VUs  3m05.0s/4m00.0s

running (3m06.0s), 75/75 VUs, 7637 complete and 0 interrupted iterations
default   [  77% ] 75/75 VUs  3m06.0s/4m00.0s

running (3m07.0s), 75/75 VUs, 7678 complete and 0 interrupted iterations
default   [  78% ] 75/75 VUs  3m07.0s/4m00.0s

running (3m08.0s), 75/75 VUs, 7724 complete and 0 interrupted iterations
default   [  78% ] 75/75 VUs  3m08.0s/4m00.0s

running (3m09.0s), 75/75 VUs, 7761 complete and 0 interrupted iterations
default   [  79% ] 75/75 VUs  3m09.0s/4m00.0s

running (3m10.0s), 75/75 VUs, 7802 complete and 0 interrupted iterations
default   [  79% ] 75/75 VUs  3m10.0s/4m00.0s

running (3m11.0s), 75/75 VUs, 7843 complete and 0 interrupted iterations
default   [  80% ] 75/75 VUs  3m11.0s/4m00.0s

running (3m12.0s), 75/75 VUs, 7883 complete and 0 interrupted iterations
default   [  80% ] 75/75 VUs  3m12.0s/4m00.0s

running (3m13.0s), 75/75 VUs, 7923 complete and 0 interrupted iterations
default   [  80% ] 75/75 VUs  3m13.0s/4m00.0s

running (3m14.0s), 75/75 VUs, 7967 complete and 0 interrupted iterations
default   [  81% ] 75/75 VUs  3m14.0s/4m00.0s

running (3m15.0s), 75/75 VUs, 8008 complete and 0 interrupted iterations
default   [  81% ] 75/75 VUs  3m15.0s/4m00.0s

running (3m16.0s), 75/75 VUs, 8053 complete and 0 interrupted iterations
default   [  82% ] 75/75 VUs  3m16.0s/4m00.0s

running (3m17.0s), 75/75 VUs, 8092 complete and 0 interrupted iterations
default   [  82% ] 75/75 VUs  3m17.0s/4m00.0s

running (3m18.0s), 75/75 VUs, 8130 complete and 0 interrupted iterations
default   [  82% ] 75/75 VUs  3m18.0s/4m00.0s

running (3m19.0s), 75/75 VUs, 8176 complete and 0 interrupted iterations
default   [  83% ] 75/75 VUs  3m19.0s/4m00.0s

running (3m20.0s), 75/75 VUs, 8211 complete and 0 interrupted iterations
default   [  83% ] 75/75 VUs  3m20.0s/4m00.0s

running (3m21.0s), 75/75 VUs, 8265 complete and 0 interrupted iterations
default   [  84% ] 75/75 VUs  3m21.0s/4m00.0s

running (3m22.0s), 75/75 VUs, 8290 complete and 0 interrupted iterations
default   [  84% ] 75/75 VUs  3m22.0s/4m00.0s

running (3m23.0s), 75/75 VUs, 8346 complete and 0 interrupted iterations
default   [  85% ] 75/75 VUs  3m23.0s/4m00.0s

running (3m24.0s), 75/75 VUs, 8377 complete and 0 interrupted iterations
default   [  85% ] 75/75 VUs  3m24.0s/4m00.0s

running (3m25.0s), 75/75 VUs, 8421 complete and 0 interrupted iterations
default   [  85% ] 75/75 VUs  3m25.0s/4m00.0s

running (3m26.0s), 75/75 VUs, 8459 complete and 0 interrupted iterations
default   [  86% ] 75/75 VUs  3m26.0s/4m00.0s

running (3m27.0s), 75/75 VUs, 8506 complete and 0 interrupted iterations
default   [  86% ] 75/75 VUs  3m27.0s/4m00.0s

running (3m28.0s), 75/75 VUs, 8543 complete and 0 interrupted iterations
default   [  87% ] 75/75 VUs  3m28.0s/4m00.0s

running (3m29.0s), 75/75 VUs, 8588 complete and 0 interrupted iterations
default   [  87% ] 75/75 VUs  3m29.0s/4m00.0s

running (3m30.0s), 75/75 VUs, 8628 complete and 0 interrupted iterations
default   [  87% ] 75/75 VUs  3m30.0s/4m00.0s

running (3m31.0s), 75/75 VUs, 8672 complete and 0 interrupted iterations
default   [  88% ] 75/75 VUs  3m31.0s/4m00.0s

running (3m32.0s), 74/75 VUs, 8711 complete and 0 interrupted iterations
default   [  88% ] 74/75 VUs  3m32.0s/4m00.0s

running (3m33.0s), 71/75 VUs, 8755 complete and 0 interrupted iterations
default   [  89% ] 71/75 VUs  3m33.0s/4m00.0s

running (3m34.0s), 69/75 VUs, 8791 complete and 0 interrupted iterations
default   [  89% ] 69/75 VUs  3m34.0s/4m00.0s

running (3m35.0s), 67/75 VUs, 8842 complete and 0 interrupted iterations
default   [  90% ] 67/75 VUs  3m35.0s/4m00.0s

running (3m36.0s), 62/75 VUs, 8880 complete and 0 interrupted iterations
default   [  90% ] 62/75 VUs  3m36.0s/4m00.0s

running (3m37.0s), 61/75 VUs, 8924 complete and 0 interrupted iterations
default   [  90% ] 61/75 VUs  3m37.0s/4m00.0s

running (3m38.0s), 58/75 VUs, 8965 complete and 0 interrupted iterations
default   [  91% ] 58/75 VUs  3m38.0s/4m00.0s

running (3m39.0s), 54/75 VUs, 9008 complete and 0 interrupted iterations
default   [  91% ] 54/75 VUs  3m39.0s/4m00.0s

running (3m40.0s), 53/75 VUs, 9052 complete and 0 interrupted iterations
default   [  92% ] 53/75 VUs  3m40.0s/4m00.0s

running (3m41.0s), 50/75 VUs, 9098 complete and 0 interrupted iterations
default   [  92% ] 50/75 VUs  3m41.0s/4m00.0s

running (3m42.0s), 47/75 VUs, 9139 complete and 0 interrupted iterations
default   [  92% ] 47/75 VUs  3m42.0s/4m00.0s

running (3m43.0s), 46/75 VUs, 9174 complete and 0 interrupted iterations
default   [  93% ] 46/75 VUs  3m43.0s/4m00.0s

running (3m44.0s), 42/75 VUs, 9220 complete and 0 interrupted iterations
default   [  93% ] 42/75 VUs  3m44.0s/4m00.0s

running (3m45.0s), 40/75 VUs, 9264 complete and 0 interrupted iterations
default   [  94% ] 40/75 VUs  3m45.0s/4m00.0s

running (3m46.0s), 37/75 VUs, 9307 complete and 0 interrupted iterations
default   [  94% ] 37/75 VUs  3m46.0s/4m00.0s

running (3m47.0s), 33/75 VUs, 9348 complete and 0 interrupted iterations
default   [  95% ] 33/75 VUs  3m47.0s/4m00.0s

running (3m48.0s), 32/75 VUs, 9394 complete and 0 interrupted iterations
default   [  95% ] 32/75 VUs  3m48.0s/4m00.0s

running (3m49.0s), 29/75 VUs, 9435 complete and 0 interrupted iterations
default   [  95% ] 29/75 VUs  3m49.0s/4m00.0s

running (3m50.0s), 26/75 VUs, 9480 complete and 0 interrupted iterations
default   [  96% ] 26/75 VUs  3m50.0s/4m00.0s

running (3m51.0s), 24/75 VUs, 9520 complete and 0 interrupted iterations
default   [  96% ] 24/75 VUs  3m51.0s/4m00.0s

running (3m52.0s), 21/75 VUs, 9565 complete and 0 interrupted iterations
default   [  97% ] 21/75 VUs  3m52.0s/4m00.0s

running (3m53.0s), 18/75 VUs, 9608 complete and 0 interrupted iterations
default   [  97% ] 18/75 VUs  3m53.0s/4m00.0s

running (3m54.0s), 16/75 VUs, 9652 complete and 0 interrupted iterations
default   [  97% ] 16/75 VUs  3m54.0s/4m00.0s

running (3m55.0s), 14/75 VUs, 9693 complete and 0 interrupted iterations
default   [  98% ] 14/75 VUs  3m55.0s/4m00.0s

running (3m56.0s), 11/75 VUs, 9735 complete and 0 interrupted iterations
default   [  98% ] 11/75 VUs  3m56.0s/4m00.0s

running (3m57.0s), 08/75 VUs, 9779 complete and 0 interrupted iterations
default   [  99% ] 08/75 VUs  3m57.0s/4m00.0s

running (3m58.0s), 06/75 VUs, 9822 complete and 0 interrupted iterations
default   [  99% ] 06/75 VUs  3m58.0s/4m00.0s

running (3m59.0s), 03/75 VUs, 9865 complete and 0 interrupted iterations
default   [ 100% ] 03/75 VUs  3m59.0s/4m00.0s

running (4m00.0s), 01/75 VUs, 9900 complete and 0 interrupted iterations
default   [ 100% ] 01/75 VUs  4m00.0s/4m00.0s


  █ THRESHOLDS 

    checks
    ✓ 'rate>0.95' rate=100.00%

    http_req_duration
    ✓ 'p(95)<5000' p(95)=2.44s
    ✓ 'p(99)<10000' p(99)=2.73s

    http_req_failed
    ✓ 'rate<0.05' rate=0.00%


  █ TOTAL RESULTS 

    checks_total.......: 39604   165.012842/s
    checks_succeeded...: 100.00% 39604 out of 39604
    checks_failed......: 0.00%   0 out of 39604

    ✓ status is 200
    ✓ content-type is json
    ✓ workloadType is CPU-BOUND
    ✓ executionTimeMs exists

    CUSTOM
    response_time_ms...............: min=46.253942 avg=1596.273876 med=1689.380605 max=3251.771673 p(90)=2283.889516 p(95)=2447.532279 p(99)=2738.713261
    successful_requests............: 9901   41.253211/s

    HTTP
    http_req_duration..............: min=46.25ms   avg=1.59s       med=1.68s       max=3.25s       p(90)=2.28s       p(95)=2.44s       p(99)=2.73s      
      { expected_response:true }...: min=46.25ms   avg=1.59s       med=1.68s       max=3.25s       p(90)=2.28s       p(95)=2.44s       p(99)=2.73s      
    http_req_failed................: 0.00%  0 out of 9901
    http_reqs......................: 9901   41.253211/s

    EXECUTION
    iteration_duration.............: min=46.44ms   avg=1.59s       med=1.68s       max=3.25s       p(90)=2.28s       p(95)=2.44s       p(99)=2.73s      
    iterations.....................: 9901   41.253211/s
    vus............................: 1      min=1         max=75
    vus_max........................: 75     min=75        max=75

    NETWORK
    data_received..................: 2.8 MB 12 kB/s
    data_sent......................: 792 kB 3.3 kB/s




running (4m00.0s), 00/75 VUs, 9901 complete and 0 interrupted iterations
default ✓ [ 100% ] 00/75 VUs  4m0s
