
         /\      Grafana   /‾‾/  
    /\  /  \     |\  __   /  /   
   /  \/    \    | |/ /  /   ‾‾\ 
  /          \   |   (  |  (‾)  |
 / __________ \  |_|\_\  \_____/ 


     execution: local
        script: io-bound-test.js
        output: -

     scenarios: (100.00%) 1 scenario, 600 max VUs, 6m30s max duration (incl. graceful stop):
              * default: Up to 600 looping VUs for 6m0s over 3 stages (gracefulRampDown: 30s, gracefulStop: 30s)


running (0m00.8s), 016/600 VUs, 108 complete and 0 interrupted iterations
default   [   0% ] 016/600 VUs  0m00.8s/6m00.0s

running (0m01.8s), 036/600 VUs, 601 complete and 0 interrupted iterations
default   [   0% ] 036/600 VUs  0m01.8s/6m00.0s

running (0m02.8s), 056/600 VUs, 1475 complete and 0 interrupted iterations
default   [   1% ] 056/600 VUs  0m02.8s/6m00.0s

running (0m03.8s), 076/600 VUs, 2474 complete and 0 interrupted iterations
default   [   1% ] 076/600 VUs  0m03.8s/6m00.0s

running (0m04.8s), 096/600 VUs, 3463 complete and 0 interrupted iterations
default   [   1% ] 096/600 VUs  0m04.8s/6m00.0s

running (0m05.8s), 115/600 VUs, 4450 complete and 0 interrupted iterations
default   [   2% ] 115/600 VUs  0m05.8s/6m00.0s

running (0m06.8s), 135/600 VUs, 5448 complete and 0 interrupted iterations
default   [   2% ] 135/600 VUs  0m06.8s/6m00.0s

running (0m07.8s), 155/600 VUs, 6434 complete and 0 interrupted iterations
default   [   2% ] 155/600 VUs  0m07.8s/6m00.0s

running (0m08.8s), 175/600 VUs, 7425 complete and 0 interrupted iterations
default   [   2% ] 175/600 VUs  0m08.8s/6m00.0s

running (0m09.8s), 195/600 VUs, 8416 complete and 0 interrupted iterations
default   [   3% ] 195/600 VUs  0m09.8s/6m00.0s

running (0m10.8s), 215/600 VUs, 9412 complete and 0 interrupted iterations
default   [   3% ] 215/600 VUs  0m10.8s/6m00.0s

running (0m11.8s), 235/600 VUs, 10400 complete and 0 interrupted iterations
default   [   3% ] 235/600 VUs  0m11.8s/6m00.0s

running (0m12.8s), 255/600 VUs, 11393 complete and 0 interrupted iterations
default   [   4% ] 255/600 VUs  0m12.8s/6m00.0s

running (0m13.8s), 275/600 VUs, 12382 complete and 0 interrupted iterations
default   [   4% ] 275/600 VUs  0m13.8s/6m00.0s

running (0m14.8s), 295/600 VUs, 13373 complete and 0 interrupted iterations
default   [   4% ] 295/600 VUs  0m14.8s/6m00.0s

running (0m15.8s), 315/600 VUs, 14363 complete and 0 interrupted iterations
default   [   4% ] 315/600 VUs  0m15.8s/6m00.0s

running (0m16.8s), 335/600 VUs, 15361 complete and 0 interrupted iterations
default   [   5% ] 335/600 VUs  0m16.8s/6m00.0s

running (0m17.8s), 355/600 VUs, 16350 complete and 0 interrupted iterations
default   [   5% ] 355/600 VUs  0m17.8s/6m00.0s

running (0m18.8s), 375/600 VUs, 17345 complete and 0 interrupted iterations
default   [   5% ] 375/600 VUs  0m18.8s/6m00.0s

running (0m19.8s), 395/600 VUs, 18334 complete and 0 interrupted iterations
default   [   5% ] 395/600 VUs  0m19.8s/6m00.0s

running (0m20.8s), 415/600 VUs, 19319 complete and 0 interrupted iterations
default   [   6% ] 415/600 VUs  0m20.8s/6m00.0s

running (0m21.8s), 435/600 VUs, 20311 complete and 0 interrupted iterations
default   [   6% ] 435/600 VUs  0m21.8s/6m00.0s

running (0m22.8s), 455/600 VUs, 21309 complete and 0 interrupted iterations
default   [   6% ] 455/600 VUs  0m22.8s/6m00.0s

running (0m23.8s), 475/600 VUs, 22300 complete and 0 interrupted iterations
default   [   7% ] 475/600 VUs  0m23.8s/6m00.0s

running (0m24.8s), 495/600 VUs, 23289 complete and 0 interrupted iterations
default   [   7% ] 495/600 VUs  0m24.8s/6m00.0s

running (0m25.8s), 515/600 VUs, 24284 complete and 0 interrupted iterations
default   [   7% ] 515/600 VUs  0m25.8s/6m00.0s

running (0m26.8s), 535/600 VUs, 25270 complete and 0 interrupted iterations
default   [   7% ] 535/600 VUs  0m26.8s/6m00.0s

running (0m27.8s), 555/600 VUs, 26262 complete and 0 interrupted iterations
default   [   8% ] 555/600 VUs  0m27.8s/6m00.0s

running (0m28.8s), 575/600 VUs, 27261 complete and 0 interrupted iterations
default   [   8% ] 575/600 VUs  0m28.8s/6m00.0s

running (0m29.8s), 595/600 VUs, 28251 complete and 0 interrupted iterations
default   [   8% ] 595/600 VUs  0m29.8s/6m00.0s

running (0m30.8s), 600/600 VUs, 29240 complete and 0 interrupted iterations
default   [   9% ] 600/600 VUs  0m30.8s/6m00.0s

running (0m31.8s), 600/600 VUs, 30232 complete and 0 interrupted iterations
default   [   9% ] 600/600 VUs  0m31.8s/6m00.0s

running (0m32.8s), 600/600 VUs, 31226 complete and 0 interrupted iterations
default   [   9% ] 600/600 VUs  0m32.8s/6m00.0s

running (0m33.8s), 600/600 VUs, 32213 complete and 0 interrupted iterations
default   [   9% ] 600/600 VUs  0m33.8s/6m00.0s

running (0m34.8s), 600/600 VUs, 33211 complete and 0 interrupted iterations
default   [  10% ] 600/600 VUs  0m34.8s/6m00.0s

running (0m35.8s), 600/600 VUs, 34198 complete and 0 interrupted iterations
default   [  10% ] 600/600 VUs  0m35.8s/6m00.0s

running (0m36.8s), 600/600 VUs, 35193 complete and 0 interrupted iterations
default   [  10% ] 600/600 VUs  0m36.8s/6m00.0s

running (0m37.8s), 600/600 VUs, 36183 complete and 0 interrupted iterations
default   [  10% ] 600/600 VUs  0m37.8s/6m00.0s

running (0m38.8s), 600/600 VUs, 37179 complete and 0 interrupted iterations
default   [  11% ] 600/600 VUs  0m38.8s/6m00.0s

running (0m39.8s), 600/600 VUs, 38167 complete and 0 interrupted iterations
default   [  11% ] 600/600 VUs  0m39.8s/6m00.0s

running (0m40.8s), 600/600 VUs, 39157 complete and 0 interrupted iterations
default   [  11% ] 600/600 VUs  0m40.8s/6m00.0s

running (0m41.8s), 600/600 VUs, 40151 complete and 0 interrupted iterations
default   [  12% ] 600/600 VUs  0m41.8s/6m00.0s

running (0m42.8s), 600/600 VUs, 41144 complete and 0 interrupted iterations
default   [  12% ] 600/600 VUs  0m42.8s/6m00.0s

running (0m43.8s), 600/600 VUs, 42134 complete and 0 interrupted iterations
default   [  12% ] 600/600 VUs  0m43.8s/6m00.0s

running (0m44.8s), 600/600 VUs, 43125 complete and 0 interrupted iterations
default   [  12% ] 600/600 VUs  0m44.8s/6m00.0s

running (0m45.8s), 600/600 VUs, 44112 complete and 0 interrupted iterations
default   [  13% ] 600/600 VUs  0m45.8s/6m00.0s

running (0m46.8s), 600/600 VUs, 45106 complete and 0 interrupted iterations
default   [  13% ] 600/600 VUs  0m46.8s/6m00.0s

running (0m47.8s), 600/600 VUs, 46103 complete and 0 interrupted iterations
default   [  13% ] 600/600 VUs  0m47.8s/6m00.0s

running (0m48.8s), 600/600 VUs, 47091 complete and 0 interrupted iterations
default   [  14% ] 600/600 VUs  0m48.8s/6m00.0s

running (0m49.8s), 600/600 VUs, 48085 complete and 0 interrupted iterations
default   [  14% ] 600/600 VUs  0m49.8s/6m00.0s

running (0m50.8s), 600/600 VUs, 49067 complete and 0 interrupted iterations
default   [  14% ] 600/600 VUs  0m50.8s/6m00.0s

running (0m51.8s), 600/600 VUs, 50060 complete and 0 interrupted iterations
default   [  14% ] 600/600 VUs  0m51.8s/6m00.0s

running (0m52.8s), 600/600 VUs, 51058 complete and 0 interrupted iterations
default   [  15% ] 600/600 VUs  0m52.8s/6m00.0s

running (0m53.8s), 600/600 VUs, 52055 complete and 0 interrupted iterations
default   [  15% ] 600/600 VUs  0m53.8s/6m00.0s

running (0m54.8s), 600/600 VUs, 53040 complete and 0 interrupted iterations
default   [  15% ] 600/600 VUs  0m54.8s/6m00.0s

running (0m55.8s), 600/600 VUs, 54028 complete and 0 interrupted iterations
default   [  15% ] 600/600 VUs  0m55.8s/6m00.0s

running (0m56.8s), 600/600 VUs, 55022 complete and 0 interrupted iterations
default   [  16% ] 600/600 VUs  0m56.8s/6m00.0s

running (0m57.8s), 600/600 VUs, 56010 complete and 0 interrupted iterations
default   [  16% ] 600/600 VUs  0m57.8s/6m00.0s

running (0m58.8s), 600/600 VUs, 57007 complete and 0 interrupted iterations
default   [  16% ] 600/600 VUs  0m58.8s/6m00.0s

running (0m59.8s), 600/600 VUs, 58003 complete and 0 interrupted iterations
default   [  17% ] 600/600 VUs  0m59.8s/6m00.0s

running (1m00.8s), 600/600 VUs, 58994 complete and 0 interrupted iterations
default   [  17% ] 600/600 VUs  1m00.8s/6m00.0s

running (1m01.8s), 600/600 VUs, 59978 complete and 0 interrupted iterations
default   [  17% ] 600/600 VUs  1m01.8s/6m00.0s

running (1m02.8s), 600/600 VUs, 60969 complete and 0 interrupted iterations
default   [  17% ] 600/600 VUs  1m02.8s/6m00.0s

running (1m03.8s), 600/600 VUs, 61960 complete and 0 interrupted iterations
default   [  18% ] 600/600 VUs  1m03.8s/6m00.0s

running (1m04.8s), 600/600 VUs, 62955 complete and 0 interrupted iterations
default   [  18% ] 600/600 VUs  1m04.8s/6m00.0s

running (1m05.8s), 600/600 VUs, 63950 complete and 0 interrupted iterations
default   [  18% ] 600/600 VUs  1m05.8s/6m00.0s

running (1m06.8s), 600/600 VUs, 64945 complete and 0 interrupted iterations
default   [  19% ] 600/600 VUs  1m06.8s/6m00.0s

running (1m07.8s), 600/600 VUs, 65930 complete and 0 interrupted iterations
default   [  19% ] 600/600 VUs  1m07.8s/6m00.0s

running (1m08.8s), 600/600 VUs, 66917 complete and 0 interrupted iterations
default   [  19% ] 600/600 VUs  1m08.8s/6m00.0s

running (1m09.8s), 600/600 VUs, 67910 complete and 0 interrupted iterations
default   [  19% ] 600/600 VUs  1m09.8s/6m00.0s

running (1m10.8s), 600/600 VUs, 68905 complete and 0 interrupted iterations
default   [  20% ] 600/600 VUs  1m10.8s/6m00.0s

running (1m11.8s), 600/600 VUs, 69902 complete and 0 interrupted iterations
default   [  20% ] 600/600 VUs  1m11.8s/6m00.0s

running (1m12.8s), 600/600 VUs, 70898 complete and 0 interrupted iterations
default   [  20% ] 600/600 VUs  1m12.8s/6m00.0s

running (1m13.8s), 600/600 VUs, 71880 complete and 0 interrupted iterations
default   [  20% ] 600/600 VUs  1m13.8s/6m00.0s

running (1m14.8s), 600/600 VUs, 72867 complete and 0 interrupted iterations
default   [  21% ] 600/600 VUs  1m14.8s/6m00.0s

running (1m15.8s), 600/600 VUs, 73863 complete and 0 interrupted iterations
default   [  21% ] 600/600 VUs  1m15.8s/6m00.0s

running (1m16.8s), 600/600 VUs, 74855 complete and 0 interrupted iterations
default   [  21% ] 600/600 VUs  1m16.8s/6m00.0s

running (1m17.8s), 600/600 VUs, 75852 complete and 0 interrupted iterations
default   [  22% ] 600/600 VUs  1m17.8s/6m00.0s

running (1m18.8s), 600/600 VUs, 76842 complete and 0 interrupted iterations
default   [  22% ] 600/600 VUs  1m18.8s/6m00.0s

running (1m19.8s), 600/600 VUs, 77826 complete and 0 interrupted iterations
default   [  22% ] 600/600 VUs  1m19.8s/6m00.0s

running (1m20.8s), 600/600 VUs, 78813 complete and 0 interrupted iterations
default   [  22% ] 600/600 VUs  1m20.8s/6m00.0s

running (1m21.8s), 600/600 VUs, 79813 complete and 0 interrupted iterations
default   [  23% ] 600/600 VUs  1m21.8s/6m00.0s

running (1m22.8s), 600/600 VUs, 80803 complete and 0 interrupted iterations
default   [  23% ] 600/600 VUs  1m22.8s/6m00.0s

running (1m23.8s), 600/600 VUs, 81800 complete and 0 interrupted iterations
default   [  23% ] 600/600 VUs  1m23.8s/6m00.0s

running (1m24.8s), 600/600 VUs, 82786 complete and 0 interrupted iterations
default   [  24% ] 600/600 VUs  1m24.8s/6m00.0s

running (1m25.8s), 600/600 VUs, 83771 complete and 0 interrupted iterations
default   [  24% ] 600/600 VUs  1m25.8s/6m00.0s

running (1m26.8s), 600/600 VUs, 84763 complete and 0 interrupted iterations
default   [  24% ] 600/600 VUs  1m26.8s/6m00.0s

running (1m27.8s), 600/600 VUs, 85763 complete and 0 interrupted iterations
default   [  24% ] 600/600 VUs  1m27.8s/6m00.0s

running (1m28.8s), 600/600 VUs, 86751 complete and 0 interrupted iterations
default   [  25% ] 600/600 VUs  1m28.8s/6m00.0s

running (1m29.8s), 600/600 VUs, 87748 complete and 0 interrupted iterations
default   [  25% ] 600/600 VUs  1m29.8s/6m00.0s

running (1m30.8s), 600/600 VUs, 88737 complete and 0 interrupted iterations
default   [  25% ] 600/600 VUs  1m30.8s/6m00.0s

running (1m31.8s), 600/600 VUs, 89725 complete and 0 interrupted iterations
default   [  25% ] 600/600 VUs  1m31.8s/6m00.0s

running (1m32.8s), 600/600 VUs, 90713 complete and 0 interrupted iterations
default   [  26% ] 600/600 VUs  1m32.8s/6m00.0s

running (1m33.8s), 600/600 VUs, 91713 complete and 0 interrupted iterations
default   [  26% ] 600/600 VUs  1m33.8s/6m00.0s

running (1m34.8s), 600/600 VUs, 92701 complete and 0 interrupted iterations
default   [  26% ] 600/600 VUs  1m34.8s/6m00.0s

running (1m35.8s), 600/600 VUs, 93696 complete and 0 interrupted iterations
default   [  27% ] 600/600 VUs  1m35.8s/6m00.0s

running (1m36.8s), 600/600 VUs, 94688 complete and 0 interrupted iterations
default   [  27% ] 600/600 VUs  1m36.8s/6m00.0s

running (1m37.8s), 600/600 VUs, 95675 complete and 0 interrupted iterations
default   [  27% ] 600/600 VUs  1m37.8s/6m00.0s

running (1m38.8s), 600/600 VUs, 96663 complete and 0 interrupted iterations
default   [  27% ] 600/600 VUs  1m38.8s/6m00.0s

running (1m39.8s), 600/600 VUs, 97661 complete and 0 interrupted iterations
default   [  28% ] 600/600 VUs  1m39.8s/6m00.0s

running (1m40.8s), 600/600 VUs, 98651 complete and 0 interrupted iterations
default   [  28% ] 600/600 VUs  1m40.8s/6m00.0s

running (1m41.8s), 600/600 VUs, 99646 complete and 0 interrupted iterations
default   [  28% ] 600/600 VUs  1m41.8s/6m00.0s

running (1m42.8s), 600/600 VUs, 100639 complete and 0 interrupted iterations
default   [  29% ] 600/600 VUs  1m42.8s/6m00.0s

running (1m43.8s), 600/600 VUs, 101624 complete and 0 interrupted iterations
default   [  29% ] 600/600 VUs  1m43.8s/6m00.0s

running (1m44.8s), 600/600 VUs, 102613 complete and 0 interrupted iterations
default   [  29% ] 600/600 VUs  1m44.8s/6m00.0s

running (1m45.8s), 600/600 VUs, 103601 complete and 0 interrupted iterations
default   [  29% ] 600/600 VUs  1m45.8s/6m00.0s

running (1m46.8s), 600/600 VUs, 104601 complete and 0 interrupted iterations
default   [  30% ] 600/600 VUs  1m46.8s/6m00.0s

running (1m47.8s), 600/600 VUs, 105597 complete and 0 interrupted iterations
default   [  30% ] 600/600 VUs  1m47.8s/6m00.0s

running (1m48.8s), 600/600 VUs, 106589 complete and 0 interrupted iterations
default   [  30% ] 600/600 VUs  1m48.8s/6m00.0s

running (1m49.8s), 600/600 VUs, 107575 complete and 0 interrupted iterations
default   [  30% ] 600/600 VUs  1m49.8s/6m00.0s

running (1m50.8s), 600/600 VUs, 108554 complete and 0 interrupted iterations
default   [  31% ] 600/600 VUs  1m50.8s/6m00.0s

running (1m51.8s), 600/600 VUs, 109551 complete and 0 interrupted iterations
default   [  31% ] 600/600 VUs  1m51.8s/6m00.0s

running (1m52.8s), 600/600 VUs, 110550 complete and 0 interrupted iterations
default   [  31% ] 600/600 VUs  1m52.8s/6m00.0s

running (1m53.8s), 600/600 VUs, 111547 complete and 0 interrupted iterations
default   [  32% ] 600/600 VUs  1m53.8s/6m00.0s

running (1m54.8s), 600/600 VUs, 112540 complete and 0 interrupted iterations
default   [  32% ] 600/600 VUs  1m54.8s/6m00.0s

running (1m55.8s), 600/600 VUs, 113515 complete and 0 interrupted iterations
default   [  32% ] 600/600 VUs  1m55.8s/6m00.0s

running (1m56.8s), 600/600 VUs, 114501 complete and 0 interrupted iterations
default   [  32% ] 600/600 VUs  1m56.8s/6m00.0s

running (1m57.8s), 600/600 VUs, 115501 complete and 0 interrupted iterations
default   [  33% ] 600/600 VUs  1m57.8s/6m00.0s

running (1m58.8s), 600/600 VUs, 116498 complete and 0 interrupted iterations
default   [  33% ] 600/600 VUs  1m58.8s/6m00.0s

running (1m59.8s), 600/600 VUs, 117485 complete and 0 interrupted iterations
default   [  33% ] 600/600 VUs  1m59.8s/6m00.0s

running (2m00.8s), 600/600 VUs, 118451 complete and 0 interrupted iterations
default   [  34% ] 600/600 VUs  2m00.8s/6m00.0s

running (2m01.8s), 600/600 VUs, 119451 complete and 0 interrupted iterations
default   [  34% ] 600/600 VUs  2m01.8s/6m00.0s

running (2m02.8s), 600/600 VUs, 120451 complete and 0 interrupted iterations
default   [  34% ] 600/600 VUs  2m02.8s/6m00.0s

running (2m03.8s), 600/600 VUs, 121413 complete and 0 interrupted iterations
default   [  34% ] 600/600 VUs  2m03.8s/6m00.0s

running (2m04.8s), 600/600 VUs, 122401 complete and 0 interrupted iterations
default   [  35% ] 600/600 VUs  2m04.8s/6m00.0s

running (2m05.8s), 600/600 VUs, 123401 complete and 0 interrupted iterations
default   [  35% ] 600/600 VUs  2m05.8s/6m00.0s

running (2m06.8s), 600/600 VUs, 124395 complete and 0 interrupted iterations
default   [  35% ] 600/600 VUs  2m06.8s/6m00.0s

running (2m07.8s), 600/600 VUs, 125351 complete and 0 interrupted iterations
default   [  35% ] 600/600 VUs  2m07.8s/6m00.0s

running (2m08.8s), 600/600 VUs, 126351 complete and 0 interrupted iterations
default   [  36% ] 600/600 VUs  2m08.8s/6m00.0s

running (2m09.8s), 600/600 VUs, 127351 complete and 0 interrupted iterations
default   [  36% ] 600/600 VUs  2m09.8s/6m00.0s

running (2m10.8s), 600/600 VUs, 128351 complete and 0 interrupted iterations
default   [  36% ] 600/600 VUs  2m10.8s/6m00.0s

running (2m11.8s), 600/600 VUs, 129314 complete and 0 interrupted iterations
default   [  37% ] 600/600 VUs  2m11.8s/6m00.0s

running (2m12.8s), 600/600 VUs, 130301 complete and 0 interrupted iterations
default   [  37% ] 600/600 VUs  2m12.8s/6m00.0s

running (2m13.8s), 600/600 VUs, 131301 complete and 0 interrupted iterations
default   [  37% ] 600/600 VUs  2m13.8s/6m00.0s

running (2m14.8s), 600/600 VUs, 132301 complete and 0 interrupted iterations
default   [  37% ] 600/600 VUs  2m14.8s/6m00.0s

running (2m15.8s), 600/600 VUs, 133251 complete and 0 interrupted iterations
default   [  38% ] 600/600 VUs  2m15.8s/6m00.0s

running (2m16.8s), 600/600 VUs, 134251 complete and 0 interrupted iterations
default   [  38% ] 600/600 VUs  2m16.8s/6m00.0s

running (2m17.8s), 600/600 VUs, 135251 complete and 0 interrupted iterations
default   [  38% ] 600/600 VUs  2m17.8s/6m00.0s

running (2m18.8s), 600/600 VUs, 136201 complete and 0 interrupted iterations
default   [  39% ] 600/600 VUs  2m18.8s/6m00.0s

running (2m19.8s), 600/600 VUs, 137201 complete and 0 interrupted iterations
default   [  39% ] 600/600 VUs  2m19.8s/6m00.0s

running (2m20.8s), 600/600 VUs, 138201 complete and 0 interrupted iterations
default   [  39% ] 600/600 VUs  2m20.8s/6m00.0s

running (2m21.8s), 600/600 VUs, 139200 complete and 0 interrupted iterations
default   [  39% ] 600/600 VUs  2m21.8s/6m00.0s

running (2m22.8s), 600/600 VUs, 140151 complete and 0 interrupted iterations
default   [  40% ] 600/600 VUs  2m22.8s/6m00.0s

running (2m23.8s), 600/600 VUs, 141151 complete and 0 interrupted iterations
default   [  40% ] 600/600 VUs  2m23.8s/6m00.0s

running (2m24.8s), 600/600 VUs, 142151 complete and 0 interrupted iterations
default   [  40% ] 600/600 VUs  2m24.8s/6m00.0s

running (2m25.8s), 600/600 VUs, 143146 complete and 0 interrupted iterations
default   [  40% ] 600/600 VUs  2m25.8s/6m00.0s

running (2m26.8s), 600/600 VUs, 144101 complete and 0 interrupted iterations
default   [  41% ] 600/600 VUs  2m26.8s/6m00.0s

running (2m27.8s), 600/600 VUs, 145101 complete and 0 interrupted iterations
default   [  41% ] 600/600 VUs  2m27.8s/6m00.0s

running (2m28.8s), 600/600 VUs, 146101 complete and 0 interrupted iterations
default   [  41% ] 600/600 VUs  2m28.8s/6m00.0s

running (2m29.8s), 600/600 VUs, 147087 complete and 0 interrupted iterations
default   [  42% ] 600/600 VUs  2m29.8s/6m00.0s

running (2m30.8s), 600/600 VUs, 148060 complete and 0 interrupted iterations
default   [  42% ] 600/600 VUs  2m30.8s/6m00.0s

running (2m31.8s), 600/600 VUs, 149051 complete and 0 interrupted iterations
default   [  42% ] 600/600 VUs  2m31.8s/6m00.0s

running (2m32.8s), 600/600 VUs, 150051 complete and 0 interrupted iterations
default   [  42% ] 600/600 VUs  2m32.8s/6m00.0s

running (2m33.8s), 600/600 VUs, 151051 complete and 0 interrupted iterations
default   [  43% ] 600/600 VUs  2m33.8s/6m00.0s

running (2m34.8s), 600/600 VUs, 152014 complete and 0 interrupted iterations
default   [  43% ] 600/600 VUs  2m34.8s/6m00.0s

running (2m35.8s), 600/600 VUs, 153001 complete and 0 interrupted iterations
default   [  43% ] 600/600 VUs  2m35.8s/6m00.0s

running (2m36.8s), 600/600 VUs, 154001 complete and 0 interrupted iterations
default   [  44% ] 600/600 VUs  2m36.8s/6m00.0s

running (2m37.8s), 600/600 VUs, 155001 complete and 0 interrupted iterations
default   [  44% ] 600/600 VUs  2m37.8s/6m00.0s

running (2m38.8s), 600/600 VUs, 155975 complete and 0 interrupted iterations
default   [  44% ] 600/600 VUs  2m38.8s/6m00.0s

running (2m39.8s), 600/600 VUs, 156950 complete and 0 interrupted iterations
default   [  44% ] 600/600 VUs  2m39.8s/6m00.0s

running (2m40.8s), 600/600 VUs, 157950 complete and 0 interrupted iterations
default   [  45% ] 600/600 VUs  2m40.8s/6m00.0s

running (2m41.8s), 600/600 VUs, 158950 complete and 0 interrupted iterations
default   [  45% ] 600/600 VUs  2m41.8s/6m00.0s

running (2m42.8s), 600/600 VUs, 159950 complete and 0 interrupted iterations
default   [  45% ] 600/600 VUs  2m42.8s/6m00.0s

running (2m43.8s), 600/600 VUs, 160918 complete and 0 interrupted iterations
default   [  45% ] 600/600 VUs  2m43.8s/6m00.0s

running (2m44.8s), 600/600 VUs, 161900 complete and 0 interrupted iterations
default   [  46% ] 600/600 VUs  2m44.8s/6m00.0s

running (2m45.8s), 600/600 VUs, 162900 complete and 0 interrupted iterations
default   [  46% ] 600/600 VUs  2m45.8s/6m00.0s

running (2m46.8s), 600/600 VUs, 163900 complete and 0 interrupted iterations
default   [  46% ] 600/600 VUs  2m46.8s/6m00.0s

running (2m47.8s), 600/600 VUs, 164890 complete and 0 interrupted iterations
default   [  47% ] 600/600 VUs  2m47.8s/6m00.0s

running (2m48.8s), 600/600 VUs, 165850 complete and 0 interrupted iterations
default   [  47% ] 600/600 VUs  2m48.8s/6m00.0s

running (2m49.8s), 600/600 VUs, 166850 complete and 0 interrupted iterations
default   [  47% ] 600/600 VUs  2m49.8s/6m00.0s

running (2m50.8s), 600/600 VUs, 167850 complete and 0 interrupted iterations
default   [  47% ] 600/600 VUs  2m50.8s/6m00.0s

running (2m51.8s), 600/600 VUs, 168850 complete and 0 interrupted iterations
default   [  48% ] 600/600 VUs  2m51.8s/6m00.0s

running (2m52.8s), 600/600 VUs, 169822 complete and 0 interrupted iterations
default   [  48% ] 600/600 VUs  2m52.8s/6m00.0s

running (2m53.8s), 600/600 VUs, 170800 complete and 0 interrupted iterations
default   [  48% ] 600/600 VUs  2m53.8s/6m00.0s

running (2m54.8s), 600/600 VUs, 171800 complete and 0 interrupted iterations
default   [  49% ] 600/600 VUs  2m54.8s/6m00.0s

running (2m55.8s), 600/600 VUs, 172800 complete and 0 interrupted iterations
default   [  49% ] 600/600 VUs  2m55.8s/6m00.0s

running (2m56.8s), 600/600 VUs, 173787 complete and 0 interrupted iterations
default   [  49% ] 600/600 VUs  2m56.8s/6m00.0s

running (2m57.8s), 600/600 VUs, 174750 complete and 0 interrupted iterations
default   [  49% ] 600/600 VUs  2m57.8s/6m00.0s

running (2m58.8s), 600/600 VUs, 175750 complete and 0 interrupted iterations
default   [  50% ] 600/600 VUs  2m58.8s/6m00.0s

running (2m59.8s), 600/600 VUs, 176750 complete and 0 interrupted iterations
default   [  50% ] 600/600 VUs  2m59.8s/6m00.0s

running (3m00.8s), 600/600 VUs, 177746 complete and 0 interrupted iterations
default   [  50% ] 600/600 VUs  3m00.8s/6m00.0s

running (3m01.8s), 600/600 VUs, 178719 complete and 0 interrupted iterations
default   [  50% ] 600/600 VUs  3m01.8s/6m00.0s

running (3m02.8s), 600/600 VUs, 179700 complete and 0 interrupted iterations
default   [  51% ] 600/600 VUs  3m02.8s/6m00.0s

running (3m03.8s), 600/600 VUs, 180700 complete and 0 interrupted iterations
default   [  51% ] 600/600 VUs  3m03.8s/6m00.0s

running (3m04.8s), 600/600 VUs, 181700 complete and 0 interrupted iterations
default   [  51% ] 600/600 VUs  3m04.8s/6m00.0s

running (3m05.8s), 600/600 VUs, 182684 complete and 0 interrupted iterations
default   [  52% ] 600/600 VUs  3m05.8s/6m00.0s

running (3m06.8s), 600/600 VUs, 183650 complete and 0 interrupted iterations
default   [  52% ] 600/600 VUs  3m06.8s/6m00.0s

running (3m07.8s), 600/600 VUs, 184650 complete and 0 interrupted iterations
default   [  52% ] 600/600 VUs  3m07.8s/6m00.0s

running (3m08.8s), 600/600 VUs, 185650 complete and 0 interrupted iterations
default   [  52% ] 600/600 VUs  3m08.8s/6m00.0s

running (3m09.8s), 600/600 VUs, 186650 complete and 0 interrupted iterations
default   [  53% ] 600/600 VUs  3m09.8s/6m00.0s

running (3m10.8s), 600/600 VUs, 187600 complete and 0 interrupted iterations
default   [  53% ] 600/600 VUs  3m10.8s/6m00.0s

running (3m11.8s), 600/600 VUs, 188600 complete and 0 interrupted iterations
default   [  53% ] 600/600 VUs  3m11.8s/6m00.0s

running (3m12.8s), 600/600 VUs, 189600 complete and 0 interrupted iterations
default   [  54% ] 600/600 VUs  3m12.8s/6m00.0s

running (3m13.8s), 600/600 VUs, 190600 complete and 0 interrupted iterations
default   [  54% ] 600/600 VUs  3m13.8s/6m00.0s

running (3m14.8s), 600/600 VUs, 191568 complete and 0 interrupted iterations
default   [  54% ] 600/600 VUs  3m14.8s/6m00.0s

running (3m15.8s), 600/600 VUs, 192550 complete and 0 interrupted iterations
default   [  54% ] 600/600 VUs  3m15.8s/6m00.0s

running (3m16.8s), 600/600 VUs, 193550 complete and 0 interrupted iterations
default   [  55% ] 600/600 VUs  3m16.8s/6m00.0s

running (3m17.8s), 600/600 VUs, 194532 complete and 0 interrupted iterations
default   [  55% ] 600/600 VUs  3m17.8s/6m00.0s

running (3m18.8s), 600/600 VUs, 195500 complete and 0 interrupted iterations
default   [  55% ] 600/600 VUs  3m18.8s/6m00.0s

running (3m19.8s), 600/600 VUs, 196500 complete and 0 interrupted iterations
default   [  55% ] 600/600 VUs  3m19.8s/6m00.0s

running (3m20.8s), 600/600 VUs, 197500 complete and 0 interrupted iterations
default   [  56% ] 600/600 VUs  3m20.8s/6m00.0s

running (3m21.8s), 600/600 VUs, 198474 complete and 0 interrupted iterations
default   [  56% ] 600/600 VUs  3m21.8s/6m00.0s

running (3m22.8s), 600/600 VUs, 199450 complete and 0 interrupted iterations
default   [  56% ] 600/600 VUs  3m22.8s/6m00.0s

running (3m23.8s), 600/600 VUs, 200450 complete and 0 interrupted iterations
default   [  57% ] 600/600 VUs  3m23.8s/6m00.0s

running (3m24.8s), 600/600 VUs, 201450 complete and 0 interrupted iterations
default   [  57% ] 600/600 VUs  3m24.8s/6m00.0s

running (3m25.8s), 600/600 VUs, 202400 complete and 0 interrupted iterations
default   [  57% ] 600/600 VUs  3m25.8s/6m00.0s

running (3m26.8s), 600/600 VUs, 203400 complete and 0 interrupted iterations
default   [  57% ] 600/600 VUs  3m26.8s/6m00.0s

running (3m27.8s), 600/600 VUs, 204400 complete and 0 interrupted iterations
default   [  58% ] 600/600 VUs  3m27.8s/6m00.0s

running (3m28.8s), 600/600 VUs, 205400 complete and 0 interrupted iterations
default   [  58% ] 600/600 VUs  3m28.8s/6m00.0s

running (3m29.8s), 600/600 VUs, 206380 complete and 0 interrupted iterations
default   [  58% ] 600/600 VUs  3m29.8s/6m00.0s

running (3m30.8s), 600/600 VUs, 207350 complete and 0 interrupted iterations
default   [  59% ] 600/600 VUs  3m30.8s/6m00.0s

running (3m31.8s), 600/600 VUs, 208350 complete and 0 interrupted iterations
default   [  59% ] 600/600 VUs  3m31.8s/6m00.0s

running (3m32.8s), 600/600 VUs, 209350 complete and 0 interrupted iterations
default   [  59% ] 600/600 VUs  3m32.8s/6m00.0s

running (3m33.8s), 600/600 VUs, 210300 complete and 0 interrupted iterations
default   [  59% ] 600/600 VUs  3m33.8s/6m00.0s

running (3m34.8s), 600/600 VUs, 211300 complete and 0 interrupted iterations
default   [  60% ] 600/600 VUs  3m34.8s/6m00.0s

running (3m35.8s), 600/600 VUs, 212300 complete and 0 interrupted iterations
default   [  60% ] 600/600 VUs  3m35.8s/6m00.0s

running (3m36.8s), 600/600 VUs, 213300 complete and 0 interrupted iterations
default   [  60% ] 600/600 VUs  3m36.8s/6m00.0s

running (3m37.8s), 600/600 VUs, 214262 complete and 0 interrupted iterations
default   [  60% ] 600/600 VUs  3m37.8s/6m00.0s

running (3m38.8s), 600/600 VUs, 215250 complete and 0 interrupted iterations
default   [  61% ] 600/600 VUs  3m38.8s/6m00.0s

running (3m39.8s), 600/600 VUs, 216250 complete and 0 interrupted iterations
default   [  61% ] 600/600 VUs  3m39.8s/6m00.0s

running (3m40.8s), 600/600 VUs, 217250 complete and 0 interrupted iterations
default   [  61% ] 600/600 VUs  3m40.8s/6m00.0s

running (3m41.8s), 600/600 VUs, 218250 complete and 0 interrupted iterations
default   [  62% ] 600/600 VUs  3m41.8s/6m00.0s

running (3m42.8s), 600/600 VUs, 219218 complete and 0 interrupted iterations
default   [  62% ] 600/600 VUs  3m42.8s/6m00.0s

running (3m43.8s), 600/600 VUs, 220200 complete and 0 interrupted iterations
default   [  62% ] 600/600 VUs  3m43.8s/6m00.0s

running (3m44.8s), 600/600 VUs, 221200 complete and 0 interrupted iterations
default   [  62% ] 600/600 VUs  3m44.8s/6m00.0s

running (3m45.8s), 600/600 VUs, 222200 complete and 0 interrupted iterations
default   [  63% ] 600/600 VUs  3m45.8s/6m00.0s

running (3m46.8s), 600/600 VUs, 223174 complete and 0 interrupted iterations
default   [  63% ] 600/600 VUs  3m46.8s/6m00.0s

running (3m47.8s), 600/600 VUs, 224150 complete and 0 interrupted iterations
default   [  63% ] 600/600 VUs  3m47.8s/6m00.0s

running (3m48.8s), 600/600 VUs, 225150 complete and 0 interrupted iterations
default   [  64% ] 600/600 VUs  3m48.8s/6m00.0s

running (3m49.8s), 600/600 VUs, 226150 complete and 0 interrupted iterations
default   [  64% ] 600/600 VUs  3m49.8s/6m00.0s

running (3m50.8s), 600/600 VUs, 227146 complete and 0 interrupted iterations
default   [  64% ] 600/600 VUs  3m50.8s/6m00.0s

running (3m51.8s), 600/600 VUs, 228129 complete and 0 interrupted iterations
default   [  64% ] 600/600 VUs  3m51.8s/6m00.0s

running (3m52.8s), 600/600 VUs, 229106 complete and 0 interrupted iterations
default   [  65% ] 600/600 VUs  3m52.8s/6m00.0s

running (3m53.8s), 600/600 VUs, 230100 complete and 0 interrupted iterations
default   [  65% ] 600/600 VUs  3m53.8s/6m00.0s

running (3m54.8s), 600/600 VUs, 231100 complete and 0 interrupted iterations
default   [  65% ] 600/600 VUs  3m54.8s/6m00.0s

running (3m55.8s), 600/600 VUs, 232100 complete and 0 interrupted iterations
default   [  65% ] 600/600 VUs  3m55.8s/6m00.0s

running (3m56.8s), 600/600 VUs, 233071 complete and 0 interrupted iterations
default   [  66% ] 600/600 VUs  3m56.8s/6m00.0s

running (3m57.8s), 600/600 VUs, 234050 complete and 0 interrupted iterations
default   [  66% ] 600/600 VUs  3m57.8s/6m00.0s

running (3m58.8s), 600/600 VUs, 235050 complete and 0 interrupted iterations
default   [  66% ] 600/600 VUs  3m58.8s/6m00.0s

running (3m59.8s), 600/600 VUs, 236050 complete and 0 interrupted iterations
default   [  67% ] 600/600 VUs  3m59.8s/6m00.0s

running (4m00.8s), 600/600 VUs, 237050 complete and 0 interrupted iterations
default   [  67% ] 600/600 VUs  4m00.8s/6m00.0s

running (4m01.8s), 600/600 VUs, 238006 complete and 0 interrupted iterations
default   [  67% ] 600/600 VUs  4m01.8s/6m00.0s

running (4m02.8s), 600/600 VUs, 239000 complete and 0 interrupted iterations
default   [  67% ] 600/600 VUs  4m02.8s/6m00.0s

running (4m03.8s), 600/600 VUs, 240000 complete and 0 interrupted iterations
default   [  68% ] 600/600 VUs  4m03.8s/6m00.0s

running (4m04.8s), 600/600 VUs, 241000 complete and 0 interrupted iterations
default   [  68% ] 600/600 VUs  4m04.8s/6m00.0s

running (4m05.8s), 600/600 VUs, 241950 complete and 0 interrupted iterations
default   [  68% ] 600/600 VUs  4m05.8s/6m00.0s

running (4m06.8s), 600/600 VUs, 242950 complete and 0 interrupted iterations
default   [  69% ] 600/600 VUs  4m06.8s/6m00.0s

running (4m07.8s), 600/600 VUs, 243950 complete and 0 interrupted iterations
default   [  69% ] 600/600 VUs  4m07.8s/6m00.0s

running (4m08.8s), 600/600 VUs, 244950 complete and 0 interrupted iterations
default   [  69% ] 600/600 VUs  4m08.8s/6m00.0s

running (4m09.8s), 600/600 VUs, 245923 complete and 0 interrupted iterations
default   [  69% ] 600/600 VUs  4m09.8s/6m00.0s

running (4m10.8s), 600/600 VUs, 246902 complete and 0 interrupted iterations
default   [  70% ] 600/600 VUs  4m10.8s/6m00.0s

running (4m11.8s), 600/600 VUs, 247900 complete and 0 interrupted iterations
default   [  70% ] 600/600 VUs  4m11.8s/6m00.0s

running (4m12.8s), 600/600 VUs, 248900 complete and 0 interrupted iterations
default   [  70% ] 600/600 VUs  4m12.8s/6m00.0s

running (4m13.8s), 600/600 VUs, 249900 complete and 0 interrupted iterations
default   [  70% ] 600/600 VUs  4m13.8s/6m00.0s

running (4m14.8s), 600/600 VUs, 250885 complete and 0 interrupted iterations
default   [  71% ] 600/600 VUs  4m14.8s/6m00.0s

running (4m15.8s), 600/600 VUs, 251850 complete and 0 interrupted iterations
default   [  71% ] 600/600 VUs  4m15.8s/6m00.0s

running (4m16.8s), 600/600 VUs, 252850 complete and 0 interrupted iterations
default   [  71% ] 600/600 VUs  4m16.8s/6m00.0s

running (4m17.8s), 600/600 VUs, 253850 complete and 0 interrupted iterations
default   [  72% ] 600/600 VUs  4m17.8s/6m00.0s

running (4m18.8s), 600/600 VUs, 254800 complete and 0 interrupted iterations
default   [  72% ] 600/600 VUs  4m18.8s/6m00.0s

running (4m19.8s), 600/600 VUs, 255800 complete and 0 interrupted iterations
default   [  72% ] 600/600 VUs  4m19.8s/6m00.0s

running (4m20.8s), 600/600 VUs, 256750 complete and 0 interrupted iterations
default   [  72% ] 600/600 VUs  4m20.8s/6m00.0s

running (4m21.8s), 600/600 VUs, 257750 complete and 0 interrupted iterations
default   [  73% ] 600/600 VUs  4m21.8s/6m00.0s

running (4m22.8s), 600/600 VUs, 258750 complete and 0 interrupted iterations
default   [  73% ] 600/600 VUs  4m22.8s/6m00.0s

running (4m23.8s), 600/600 VUs, 259708 complete and 0 interrupted iterations
default   [  73% ] 600/600 VUs  4m23.8s/6m00.0s

running (4m24.8s), 600/600 VUs, 260700 complete and 0 interrupted iterations
default   [  74% ] 600/600 VUs  4m24.8s/6m00.0s

running (4m25.8s), 600/600 VUs, 261700 complete and 0 interrupted iterations
default   [  74% ] 600/600 VUs  4m25.8s/6m00.0s

running (4m26.8s), 600/600 VUs, 262690 complete and 0 interrupted iterations
default   [  74% ] 600/600 VUs  4m26.8s/6m00.0s

running (4m27.8s), 600/600 VUs, 263650 complete and 0 interrupted iterations
default   [  74% ] 600/600 VUs  4m27.8s/6m00.0s

running (4m28.8s), 600/600 VUs, 264650 complete and 0 interrupted iterations
default   [  75% ] 600/600 VUs  4m28.8s/6m00.0s

running (4m29.8s), 600/600 VUs, 265650 complete and 0 interrupted iterations
default   [  75% ] 600/600 VUs  4m29.8s/6m00.0s

running (4m30.8s), 600/600 VUs, 266650 complete and 0 interrupted iterations
default   [  75% ] 600/600 VUs  4m30.8s/6m00.0s

running (4m31.8s), 600/600 VUs, 267602 complete and 0 interrupted iterations
default   [  75% ] 600/600 VUs  4m31.8s/6m00.0s

running (4m32.8s), 600/600 VUs, 268600 complete and 0 interrupted iterations
default   [  76% ] 600/600 VUs  4m32.8s/6m00.0s

running (4m33.8s), 600/600 VUs, 269600 complete and 0 interrupted iterations
default   [  76% ] 600/600 VUs  4m33.8s/6m00.0s

running (4m34.8s), 600/600 VUs, 270594 complete and 0 interrupted iterations
default   [  76% ] 600/600 VUs  4m34.8s/6m00.0s

running (4m35.8s), 600/600 VUs, 271550 complete and 0 interrupted iterations
default   [  77% ] 600/600 VUs  4m35.8s/6m00.0s

running (4m36.8s), 600/600 VUs, 272550 complete and 0 interrupted iterations
default   [  77% ] 600/600 VUs  4m36.8s/6m00.0s

running (4m37.8s), 600/600 VUs, 273550 complete and 0 interrupted iterations
default   [  77% ] 600/600 VUs  4m37.8s/6m00.0s

running (4m38.8s), 600/600 VUs, 274548 complete and 0 interrupted iterations
default   [  77% ] 600/600 VUs  4m38.8s/6m00.0s

running (4m39.8s), 600/600 VUs, 275508 complete and 0 interrupted iterations
default   [  78% ] 600/600 VUs  4m39.8s/6m00.0s

running (4m40.8s), 600/600 VUs, 276500 complete and 0 interrupted iterations
default   [  78% ] 600/600 VUs  4m40.8s/6m00.0s

running (4m41.8s), 600/600 VUs, 277500 complete and 0 interrupted iterations
default   [  78% ] 600/600 VUs  4m41.8s/6m00.0s

running (4m42.8s), 600/600 VUs, 278500 complete and 0 interrupted iterations
default   [  79% ] 600/600 VUs  4m42.8s/6m00.0s

running (4m43.8s), 600/600 VUs, 279498 complete and 0 interrupted iterations
default   [  79% ] 600/600 VUs  4m43.8s/6m00.0s

running (4m44.8s), 600/600 VUs, 280474 complete and 0 interrupted iterations
default   [  79% ] 600/600 VUs  4m44.8s/6m00.0s

running (4m45.8s), 600/600 VUs, 281450 complete and 0 interrupted iterations
default   [  79% ] 600/600 VUs  4m45.8s/6m00.0s

running (4m46.8s), 600/600 VUs, 282450 complete and 0 interrupted iterations
default   [  80% ] 600/600 VUs  4m46.8s/6m00.0s

running (4m47.8s), 600/600 VUs, 283450 complete and 0 interrupted iterations
default   [  80% ] 600/600 VUs  4m47.8s/6m00.0s

running (4m48.8s), 600/600 VUs, 284429 complete and 0 interrupted iterations
default   [  80% ] 600/600 VUs  4m48.8s/6m00.0s

running (4m49.8s), 600/600 VUs, 285400 complete and 0 interrupted iterations
default   [  80% ] 600/600 VUs  4m49.8s/6m00.0s

running (4m50.8s), 600/600 VUs, 286400 complete and 0 interrupted iterations
default   [  81% ] 600/600 VUs  4m50.8s/6m00.0s

running (4m51.8s), 600/600 VUs, 287400 complete and 0 interrupted iterations
default   [  81% ] 600/600 VUs  4m51.8s/6m00.0s

running (4m52.8s), 600/600 VUs, 288388 complete and 0 interrupted iterations
default   [  81% ] 600/600 VUs  4m52.8s/6m00.0s

running (4m53.8s), 600/600 VUs, 289370 complete and 0 interrupted iterations
default   [  82% ] 600/600 VUs  4m53.8s/6m00.0s

running (4m54.8s), 600/600 VUs, 290350 complete and 0 interrupted iterations
default   [  82% ] 600/600 VUs  4m54.8s/6m00.0s

running (4m55.8s), 600/600 VUs, 291350 complete and 0 interrupted iterations
default   [  82% ] 600/600 VUs  4m55.8s/6m00.0s

running (4m56.8s), 600/600 VUs, 292350 complete and 0 interrupted iterations
default   [  82% ] 600/600 VUs  4m56.8s/6m00.0s

running (4m57.8s), 600/600 VUs, 293327 complete and 0 interrupted iterations
default   [  83% ] 600/600 VUs  4m57.8s/6m00.0s

running (4m58.8s), 600/600 VUs, 294302 complete and 0 interrupted iterations
default   [  83% ] 600/600 VUs  4m58.8s/6m00.0s

running (4m59.8s), 600/600 VUs, 295300 complete and 0 interrupted iterations
default   [  83% ] 600/600 VUs  4m59.8s/6m00.0s

running (5m00.8s), 600/600 VUs, 296300 complete and 0 interrupted iterations
default   [  84% ] 600/600 VUs  5m00.8s/6m00.0s

running (5m01.8s), 600/600 VUs, 297300 complete and 0 interrupted iterations
default   [  84% ] 600/600 VUs  5m01.8s/6m00.0s

running (5m02.8s), 600/600 VUs, 298277 complete and 0 interrupted iterations
default   [  84% ] 600/600 VUs  5m02.8s/6m00.0s

running (5m03.8s), 600/600 VUs, 299250 complete and 0 interrupted iterations
default   [  84% ] 600/600 VUs  5m03.8s/6m00.0s

running (5m04.8s), 600/600 VUs, 300250 complete and 0 interrupted iterations
default   [  85% ] 600/600 VUs  5m04.8s/6m00.0s

running (5m05.8s), 600/600 VUs, 301250 complete and 0 interrupted iterations
default   [  85% ] 600/600 VUs  5m05.8s/6m00.0s

running (5m06.8s), 600/600 VUs, 302203 complete and 0 interrupted iterations
default   [  85% ] 600/600 VUs  5m06.8s/6m00.0s

running (5m07.8s), 600/600 VUs, 303200 complete and 0 interrupted iterations
default   [  85% ] 600/600 VUs  5m07.8s/6m00.0s

running (5m08.8s), 600/600 VUs, 304200 complete and 0 interrupted iterations
default   [  86% ] 600/600 VUs  5m08.8s/6m00.0s

running (5m09.8s), 600/600 VUs, 305200 complete and 0 interrupted iterations
default   [  86% ] 600/600 VUs  5m09.8s/6m00.0s

running (5m10.8s), 600/600 VUs, 306177 complete and 0 interrupted iterations
default   [  86% ] 600/600 VUs  5m10.8s/6m00.0s

running (5m11.8s), 600/600 VUs, 307155 complete and 0 interrupted iterations
default   [  87% ] 600/600 VUs  5m11.8s/6m00.0s

running (5m12.8s), 600/600 VUs, 308150 complete and 0 interrupted iterations
default   [  87% ] 600/600 VUs  5m12.8s/6m00.0s

running (5m13.8s), 600/600 VUs, 309150 complete and 0 interrupted iterations
default   [  87% ] 600/600 VUs  5m13.8s/6m00.0s

running (5m14.8s), 600/600 VUs, 310150 complete and 0 interrupted iterations
default   [  87% ] 600/600 VUs  5m14.8s/6m00.0s

running (5m15.8s), 600/600 VUs, 311112 complete and 0 interrupted iterations
default   [  88% ] 600/600 VUs  5m15.8s/6m00.0s

running (5m16.8s), 600/600 VUs, 312100 complete and 0 interrupted iterations
default   [  88% ] 600/600 VUs  5m16.8s/6m00.0s

running (5m17.8s), 600/600 VUs, 313100 complete and 0 interrupted iterations
default   [  88% ] 600/600 VUs  5m17.8s/6m00.0s

running (5m18.8s), 600/600 VUs, 314066 complete and 0 interrupted iterations
default   [  89% ] 600/600 VUs  5m18.8s/6m00.0s

running (5m19.8s), 600/600 VUs, 315050 complete and 0 interrupted iterations
default   [  89% ] 600/600 VUs  5m19.8s/6m00.0s

running (5m20.8s), 600/600 VUs, 316050 complete and 0 interrupted iterations
default   [  89% ] 600/600 VUs  5m20.8s/6m00.0s

running (5m21.8s), 600/600 VUs, 317050 complete and 0 interrupted iterations
default   [  89% ] 600/600 VUs  5m21.8s/6m00.0s

running (5m22.8s), 600/600 VUs, 318027 complete and 0 interrupted iterations
default   [  90% ] 600/600 VUs  5m22.8s/6m00.0s

running (5m23.8s), 600/600 VUs, 319000 complete and 0 interrupted iterations
default   [  90% ] 600/600 VUs  5m23.8s/6m00.0s

running (5m24.8s), 600/600 VUs, 320000 complete and 0 interrupted iterations
default   [  90% ] 600/600 VUs  5m24.8s/6m00.0s

running (5m25.8s), 600/600 VUs, 321000 complete and 0 interrupted iterations
default   [  90% ] 600/600 VUs  5m25.8s/6m00.0s

running (5m26.8s), 600/600 VUs, 321979 complete and 0 interrupted iterations
default   [  91% ] 600/600 VUs  5m26.8s/6m00.0s

running (5m27.8s), 600/600 VUs, 322950 complete and 0 interrupted iterations
default   [  91% ] 600/600 VUs  5m27.8s/6m00.0s

running (5m28.8s), 600/600 VUs, 323950 complete and 0 interrupted iterations
default   [  91% ] 600/600 VUs  5m28.8s/6m00.0s

running (5m29.8s), 600/600 VUs, 324950 complete and 0 interrupted iterations
default   [  92% ] 600/600 VUs  5m29.8s/6m00.0s

running (5m30.8s), 589/600 VUs, 325950 complete and 0 interrupted iterations
default   [  92% ] 589/600 VUs  5m30.8s/6m00.0s

running (5m31.8s), 570/600 VUs, 326943 complete and 0 interrupted iterations
default   [  92% ] 570/600 VUs  5m31.8s/6m00.0s

running (5m32.8s), 551/600 VUs, 327900 complete and 0 interrupted iterations
default   [  92% ] 551/600 VUs  5m32.8s/6m00.0s

running (5m33.8s), 534/600 VUs, 328900 complete and 0 interrupted iterations
default   [  93% ] 534/600 VUs  5m33.8s/6m00.0s

running (5m34.8s), 513/600 VUs, 329900 complete and 0 interrupted iterations
default   [  93% ] 513/600 VUs  5m34.8s/6m00.0s

running (5m35.8s), 490/600 VUs, 330900 complete and 0 interrupted iterations
default   [  93% ] 490/600 VUs  5m35.8s/6m00.0s

running (5m36.8s), 472/600 VUs, 331850 complete and 0 interrupted iterations
default   [  94% ] 472/600 VUs  5m36.8s/6m00.0s

running (5m37.8s), 448/600 VUs, 332850 complete and 0 interrupted iterations
default   [  94% ] 448/600 VUs  5m37.8s/6m00.0s

running (5m38.8s), 432/600 VUs, 333850 complete and 0 interrupted iterations
default   [  94% ] 432/600 VUs  5m38.8s/6m00.0s

running (5m39.8s), 410/600 VUs, 334850 complete and 0 interrupted iterations
default   [  94% ] 410/600 VUs  5m39.8s/6m00.0s

running (5m40.8s), 387/600 VUs, 335835 complete and 0 interrupted iterations
default   [  95% ] 387/600 VUs  5m40.8s/6m00.0s

running (5m41.8s), 370/600 VUs, 336800 complete and 0 interrupted iterations
default   [  95% ] 370/600 VUs  5m41.8s/6m00.0s

running (5m42.8s), 351/600 VUs, 337800 complete and 0 interrupted iterations
default   [  95% ] 351/600 VUs  5m42.8s/6m00.0s

running (5m43.8s), 330/600 VUs, 338800 complete and 0 interrupted iterations
default   [  95% ] 330/600 VUs  5m43.8s/6m00.0s

running (5m44.8s), 311/600 VUs, 339777 complete and 0 interrupted iterations
default   [  96% ] 311/600 VUs  5m44.8s/6m00.0s

running (5m45.8s), 290/600 VUs, 340750 complete and 0 interrupted iterations
default   [  96% ] 290/600 VUs  5m45.8s/6m00.0s

running (5m46.8s), 269/600 VUs, 341750 complete and 0 interrupted iterations
default   [  96% ] 269/600 VUs  5m46.8s/6m00.0s

running (5m47.8s), 248/600 VUs, 342750 complete and 0 interrupted iterations
default   [  97% ] 248/600 VUs  5m47.8s/6m00.0s

running (5m48.8s), 228/600 VUs, 343750 complete and 0 interrupted iterations
default   [  97% ] 228/600 VUs  5m48.8s/6m00.0s

running (5m49.8s), 206/600 VUs, 344736 complete and 0 interrupted iterations
default   [  97% ] 206/600 VUs  5m49.8s/6m00.0s

running (5m50.8s), 188/600 VUs, 345700 complete and 0 interrupted iterations
default   [  97% ] 188/600 VUs  5m50.8s/6m00.0s

running (5m51.8s), 169/600 VUs, 346700 complete and 0 interrupted iterations
default   [  98% ] 169/600 VUs  5m51.8s/6m00.0s

running (5m52.8s), 148/600 VUs, 347700 complete and 0 interrupted iterations
default   [  98% ] 148/600 VUs  5m52.8s/6m00.0s

running (5m53.8s), 126/600 VUs, 348700 complete and 0 interrupted iterations
default   [  98% ] 126/600 VUs  5m53.8s/6m00.0s

running (5m54.8s), 105/600 VUs, 349692 complete and 0 interrupted iterations
default   [  99% ] 105/600 VUs  5m54.8s/6m00.0s

running (5m55.8s), 086/600 VUs, 350650 complete and 0 interrupted iterations
default   [  99% ] 086/600 VUs  5m55.8s/6m00.0s

running (5m56.8s), 066/600 VUs, 351650 complete and 0 interrupted iterations
default   [  99% ] 066/600 VUs  5m56.8s/6m00.0s

running (5m57.8s), 046/600 VUs, 352644 complete and 0 interrupted iterations
default   [  99% ] 046/600 VUs  5m57.8s/6m00.0s

running (5m58.8s), 026/600 VUs, 353331 complete and 0 interrupted iterations
default   [ 100% ] 026/600 VUs  5m58.8s/6m00.0s

running (5m59.8s), 006/600 VUs, 353661 complete and 0 interrupted iterations
default   [ 100% ] 006/600 VUs  5m59.8s/6m00.0s


  █ THRESHOLDS 

    checks
    ✓ 'rate>0.95' rate=100.00%

    http_req_duration
    ✓ 'p(95)<5000' p(95)=760.25ms
    ✓ 'p(99)<10000' p(99)=914.87ms

    http_req_failed
    ✓ 'rate<0.05' rate=0.00%


  █ TOTAL RESULTS 

    checks_total.......: 1414728 3929.316843/s
    checks_succeeded...: 100.00% 1414728 out of 1414728
    checks_failed......: 0.00%   0 out of 1414728

    ✓ status is 200
    ✓ content-type is json
    ✓ workloadType is IO-BOUND
    ✓ executionTimeMs exists

    CUSTOM
    response_time_ms...............: min=50.554337 avg=559.980006 med=605.081332 max=1970.948503 p(90)=756.694599 p(95)=760.255661 p(99)=914.876025
    successful_requests............: 353682 982.329211/s

    HTTP
    http_req_duration..............: min=50.55ms   avg=559.98ms   med=605.08ms   max=1.97s       p(90)=756.69ms   p(95)=760.25ms   p(99)=914.87ms  
      { expected_response:true }...: min=50.55ms   avg=559.98ms   med=605.08ms   max=1.97s       p(90)=756.69ms   p(95)=760.25ms   p(99)=914.87ms  
    http_req_failed................: 0.00%  0 out of 353682
    http_reqs......................: 353682 982.329211/s

    EXECUTION
    iteration_duration.............: min=50.66ms   avg=560.13ms   med=605.22ms   max=1.97s       p(90)=756.85ms   p(95)=760.42ms   p(99)=915.05ms  
    iterations.....................: 353682 982.329211/s
    vus............................: 6      min=6           max=600
    vus_max........................: 600    min=600         max=600

    NETWORK
    data_received..................: 98 MB  273 kB/s
    data_sent......................: 28 MB  78 kB/s




running (6m00.0s), 000/600 VUs, 353682 complete and 0 interrupted iterations
default ✓ [ 100% ] 000/600 VUs  6m0s
