
         /\      Grafana   /‾‾/  
    /\  /  \     |\  __   /  /   
   /  \/    \    | |/ /  /   ‾‾\ 
  /          \   |   (  |  (‾)  |
 / __________ \  |_|\_\  \_____/ 


     execution: local
        script: io-bound-test.js
        output: -

     scenarios: (100.00%) 1 scenario, 800 max VUs, 6m30s max duration (incl. graceful stop):
              * default: Up to 800 looping VUs for 6m0s over 3 stages (gracefulRampDown: 30s, gracefulStop: 30s)


running (0m00.7s), 018/800 VUs, 113 complete and 0 interrupted iterations
default   [   0% ] 018/800 VUs  0m00.7s/6m00.0s

running (0m01.7s), 045/800 VUs, 718 complete and 0 interrupted iterations
default   [   0% ] 045/800 VUs  0m01.7s/6m00.0s

running (0m02.7s), 072/800 VUs, 1696 complete and 0 interrupted iterations
default   [   1% ] 072/800 VUs  0m02.7s/6m00.0s

running (0m03.7s), 098/800 VUs, 2689 complete and 0 interrupted iterations
default   [   1% ] 098/800 VUs  0m03.7s/6m00.0s

running (0m04.7s), 125/800 VUs, 3679 complete and 0 interrupted iterations
default   [   1% ] 125/800 VUs  0m04.7s/6m00.0s

running (0m05.7s), 151/800 VUs, 4674 complete and 0 interrupted iterations
default   [   2% ] 151/800 VUs  0m05.7s/6m00.0s

running (0m06.7s), 178/800 VUs, 5661 complete and 0 interrupted iterations
default   [   2% ] 178/800 VUs  0m06.7s/6m00.0s

running (0m07.7s), 205/800 VUs, 6656 complete and 0 interrupted iterations
default   [   2% ] 205/800 VUs  0m07.7s/6m00.0s

running (0m08.7s), 231/800 VUs, 7645 complete and 0 interrupted iterations
default   [   2% ] 231/800 VUs  0m08.7s/6m00.0s

running (0m09.7s), 258/800 VUs, 8639 complete and 0 interrupted iterations
default   [   3% ] 258/800 VUs  0m09.7s/6m00.0s

running (0m10.7s), 285/800 VUs, 9630 complete and 0 interrupted iterations
default   [   3% ] 285/800 VUs  0m10.7s/6m00.0s

running (0m11.7s), 311/800 VUs, 10622 complete and 0 interrupted iterations
default   [   3% ] 311/800 VUs  0m11.7s/6m00.0s

running (0m12.7s), 338/800 VUs, 11611 complete and 0 interrupted iterations
default   [   4% ] 338/800 VUs  0m12.7s/6m00.0s

running (0m13.7s), 365/800 VUs, 12602 complete and 0 interrupted iterations
default   [   4% ] 365/800 VUs  0m13.7s/6m00.0s

running (0m14.7s), 391/800 VUs, 13593 complete and 0 interrupted iterations
default   [   4% ] 391/800 VUs  0m14.7s/6m00.0s

running (0m15.7s), 418/800 VUs, 14586 complete and 0 interrupted iterations
default   [   4% ] 418/800 VUs  0m15.7s/6m00.0s

running (0m16.7s), 444/800 VUs, 15580 complete and 0 interrupted iterations
default   [   5% ] 444/800 VUs  0m16.7s/6m00.0s

running (0m17.7s), 471/800 VUs, 16572 complete and 0 interrupted iterations
default   [   5% ] 471/800 VUs  0m17.7s/6m00.0s

running (0m18.7s), 498/800 VUs, 17556 complete and 0 interrupted iterations
default   [   5% ] 498/800 VUs  0m18.7s/6m00.0s

running (0m19.7s), 524/800 VUs, 18552 complete and 0 interrupted iterations
default   [   5% ] 524/800 VUs  0m19.7s/6m00.0s

running (0m20.7s), 551/800 VUs, 19547 complete and 0 interrupted iterations
default   [   6% ] 551/800 VUs  0m20.7s/6m00.0s

running (0m21.7s), 578/800 VUs, 20539 complete and 0 interrupted iterations
default   [   6% ] 578/800 VUs  0m21.7s/6m00.0s

running (0m22.7s), 604/800 VUs, 21531 complete and 0 interrupted iterations
default   [   6% ] 604/800 VUs  0m22.7s/6m00.0s

running (0m23.7s), 631/800 VUs, 22514 complete and 0 interrupted iterations
default   [   7% ] 631/800 VUs  0m23.7s/6m00.0s

running (0m24.7s), 657/800 VUs, 23502 complete and 0 interrupted iterations
default   [   7% ] 657/800 VUs  0m24.7s/6m00.0s

running (0m25.7s), 684/800 VUs, 24502 complete and 0 interrupted iterations
default   [   7% ] 684/800 VUs  0m25.7s/6m00.0s

running (0m26.7s), 711/800 VUs, 25500 complete and 0 interrupted iterations
default   [   7% ] 711/800 VUs  0m26.7s/6m00.0s

running (0m27.7s), 737/800 VUs, 26488 complete and 0 interrupted iterations
default   [   8% ] 737/800 VUs  0m27.7s/6m00.0s

running (0m28.7s), 764/800 VUs, 27452 complete and 0 interrupted iterations
default   [   8% ] 764/800 VUs  0m28.7s/6m00.0s

running (0m29.7s), 791/800 VUs, 28452 complete and 0 interrupted iterations
default   [   8% ] 791/800 VUs  0m29.7s/6m00.0s

running (0m30.7s), 800/800 VUs, 29452 complete and 0 interrupted iterations
default   [   9% ] 800/800 VUs  0m30.7s/6m00.0s

running (0m31.7s), 800/800 VUs, 30402 complete and 0 interrupted iterations
default   [   9% ] 800/800 VUs  0m31.7s/6m00.0s

running (0m32.7s), 800/800 VUs, 31402 complete and 0 interrupted iterations
default   [   9% ] 800/800 VUs  0m32.7s/6m00.0s

running (0m33.7s), 800/800 VUs, 32402 complete and 0 interrupted iterations
default   [   9% ] 800/800 VUs  0m33.7s/6m00.0s

running (0m34.7s), 800/800 VUs, 33381 complete and 0 interrupted iterations
default   [  10% ] 800/800 VUs  0m34.7s/6m00.0s

running (0m35.7s), 800/800 VUs, 34352 complete and 0 interrupted iterations
default   [  10% ] 800/800 VUs  0m35.7s/6m00.0s

running (0m36.7s), 800/800 VUs, 35352 complete and 0 interrupted iterations
default   [  10% ] 800/800 VUs  0m36.7s/6m00.0s

running (0m37.7s), 800/800 VUs, 36352 complete and 0 interrupted iterations
default   [  10% ] 800/800 VUs  0m37.7s/6m00.0s

running (0m38.7s), 800/800 VUs, 37320 complete and 0 interrupted iterations
default   [  11% ] 800/800 VUs  0m38.7s/6m00.0s

running (0m39.7s), 800/800 VUs, 38302 complete and 0 interrupted iterations
default   [  11% ] 800/800 VUs  0m39.7s/6m00.0s

running (0m40.7s), 800/800 VUs, 39302 complete and 0 interrupted iterations
default   [  11% ] 800/800 VUs  0m40.7s/6m00.0s

running (0m41.7s), 800/800 VUs, 40302 complete and 0 interrupted iterations
default   [  12% ] 800/800 VUs  0m41.7s/6m00.0s

running (0m42.7s), 800/800 VUs, 41285 complete and 0 interrupted iterations
default   [  12% ] 800/800 VUs  0m42.7s/6m00.0s

running (0m43.7s), 800/800 VUs, 42252 complete and 0 interrupted iterations
default   [  12% ] 800/800 VUs  0m43.7s/6m00.0s

running (0m44.7s), 800/800 VUs, 43252 complete and 0 interrupted iterations
default   [  12% ] 800/800 VUs  0m44.7s/6m00.0s

running (0m45.7s), 800/800 VUs, 44252 complete and 0 interrupted iterations
default   [  13% ] 800/800 VUs  0m45.7s/6m00.0s

running (0m46.7s), 800/800 VUs, 45241 complete and 0 interrupted iterations
default   [  13% ] 800/800 VUs  0m46.7s/6m00.0s

running (0m47.7s), 800/800 VUs, 46209 complete and 0 interrupted iterations
default   [  13% ] 800/800 VUs  0m47.7s/6m00.0s

running (0m48.7s), 800/800 VUs, 47202 complete and 0 interrupted iterations
default   [  14% ] 800/800 VUs  0m48.7s/6m00.0s

running (0m49.7s), 800/800 VUs, 48202 complete and 0 interrupted iterations
default   [  14% ] 800/800 VUs  0m49.7s/6m00.0s

running (0m50.7s), 800/800 VUs, 49195 complete and 0 interrupted iterations
default   [  14% ] 800/800 VUs  0m50.7s/6m00.0s

running (0m51.7s), 800/800 VUs, 50167 complete and 0 interrupted iterations
default   [  14% ] 800/800 VUs  0m51.7s/6m00.0s

running (0m52.7s), 800/800 VUs, 51152 complete and 0 interrupted iterations
default   [  15% ] 800/800 VUs  0m52.7s/6m00.0s

running (0m53.7s), 800/800 VUs, 52152 complete and 0 interrupted iterations
default   [  15% ] 800/800 VUs  0m53.7s/6m00.0s

running (0m54.7s), 800/800 VUs, 53152 complete and 0 interrupted iterations
default   [  15% ] 800/800 VUs  0m54.7s/6m00.0s

running (0m55.7s), 800/800 VUs, 54137 complete and 0 interrupted iterations
default   [  15% ] 800/800 VUs  0m55.7s/6m00.0s

running (0m56.7s), 800/800 VUs, 55102 complete and 0 interrupted iterations
default   [  16% ] 800/800 VUs  0m56.7s/6m00.0s

running (0m57.7s), 800/800 VUs, 56102 complete and 0 interrupted iterations
default   [  16% ] 800/800 VUs  0m57.7s/6m00.0s

running (0m58.7s), 800/800 VUs, 57102 complete and 0 interrupted iterations
default   [  16% ] 800/800 VUs  0m58.7s/6m00.0s

running (0m59.7s), 800/800 VUs, 58102 complete and 0 interrupted iterations
default   [  17% ] 800/800 VUs  0m59.7s/6m00.0s

running (1m00.7s), 800/800 VUs, 59076 complete and 0 interrupted iterations
default   [  17% ] 800/800 VUs  1m00.7s/6m00.0s

running (1m01.7s), 800/800 VUs, 60052 complete and 0 interrupted iterations
default   [  17% ] 800/800 VUs  1m01.7s/6m00.0s

running (1m02.7s), 800/800 VUs, 61049 complete and 0 interrupted iterations
default   [  17% ] 800/800 VUs  1m02.7s/6m00.0s

running (1m03.7s), 800/800 VUs, 62052 complete and 0 interrupted iterations
default   [  18% ] 800/800 VUs  1m03.7s/6m00.0s

running (1m04.7s), 800/800 VUs, 63025 complete and 0 interrupted iterations
default   [  18% ] 800/800 VUs  1m04.7s/6m00.0s

running (1m05.7s), 800/800 VUs, 64002 complete and 0 interrupted iterations
default   [  18% ] 800/800 VUs  1m05.7s/6m00.0s

running (1m06.7s), 800/800 VUs, 65002 complete and 0 interrupted iterations
default   [  19% ] 800/800 VUs  1m06.7s/6m00.0s

running (1m07.7s), 800/800 VUs, 66002 complete and 0 interrupted iterations
default   [  19% ] 800/800 VUs  1m07.7s/6m00.0s

running (1m08.7s), 800/800 VUs, 67002 complete and 0 interrupted iterations
default   [  19% ] 800/800 VUs  1m08.7s/6m00.0s

running (1m09.7s), 800/800 VUs, 67990 complete and 0 interrupted iterations
default   [  19% ] 800/800 VUs  1m09.7s/6m00.0s

running (1m10.7s), 800/800 VUs, 68958 complete and 0 interrupted iterations
default   [  20% ] 800/800 VUs  1m10.7s/6m00.0s

running (1m11.7s), 800/800 VUs, 69952 complete and 0 interrupted iterations
default   [  20% ] 800/800 VUs  1m11.7s/6m00.0s

running (1m12.7s), 800/800 VUs, 70952 complete and 0 interrupted iterations
default   [  20% ] 800/800 VUs  1m12.7s/6m00.0s

running (1m13.7s), 800/800 VUs, 71952 complete and 0 interrupted iterations
default   [  20% ] 800/800 VUs  1m13.7s/6m00.0s

running (1m14.7s), 800/800 VUs, 72908 complete and 0 interrupted iterations
default   [  21% ] 800/800 VUs  1m14.7s/6m00.0s

running (1m15.7s), 800/800 VUs, 73902 complete and 0 interrupted iterations
default   [  21% ] 800/800 VUs  1m15.7s/6m00.0s

running (1m16.7s), 800/800 VUs, 74902 complete and 0 interrupted iterations
default   [  21% ] 800/800 VUs  1m16.7s/6m00.0s

running (1m17.7s), 800/800 VUs, 75902 complete and 0 interrupted iterations
default   [  22% ] 800/800 VUs  1m17.7s/6m00.0s

running (1m18.7s), 800/800 VUs, 76887 complete and 0 interrupted iterations
default   [  22% ] 800/800 VUs  1m18.7s/6m00.0s

running (1m19.7s), 800/800 VUs, 77861 complete and 0 interrupted iterations
default   [  22% ] 800/800 VUs  1m19.7s/6m00.0s

running (1m20.7s), 800/800 VUs, 78852 complete and 0 interrupted iterations
default   [  22% ] 800/800 VUs  1m20.7s/6m00.0s

running (1m21.7s), 800/800 VUs, 79852 complete and 0 interrupted iterations
default   [  23% ] 800/800 VUs  1m21.7s/6m00.0s

running (1m22.7s), 800/800 VUs, 80852 complete and 0 interrupted iterations
default   [  23% ] 800/800 VUs  1m22.7s/6m00.0s

running (1m23.7s), 800/800 VUs, 81852 complete and 0 interrupted iterations
default   [  23% ] 800/800 VUs  1m23.7s/6m00.0s

running (1m24.7s), 800/800 VUs, 82802 complete and 0 interrupted iterations
default   [  24% ] 800/800 VUs  1m24.7s/6m00.0s

running (1m25.7s), 800/800 VUs, 83802 complete and 0 interrupted iterations
default   [  24% ] 800/800 VUs  1m25.7s/6m00.0s

running (1m26.7s), 800/800 VUs, 84802 complete and 0 interrupted iterations
default   [  24% ] 800/800 VUs  1m26.7s/6m00.0s

running (1m27.7s), 800/800 VUs, 85752 complete and 0 interrupted iterations
default   [  24% ] 800/800 VUs  1m27.7s/6m00.0s

running (1m28.7s), 800/800 VUs, 86752 complete and 0 interrupted iterations
default   [  25% ] 800/800 VUs  1m28.7s/6m00.0s

running (1m29.7s), 800/800 VUs, 87752 complete and 0 interrupted iterations
default   [  25% ] 800/800 VUs  1m29.7s/6m00.0s

running (1m30.7s), 800/800 VUs, 88752 complete and 0 interrupted iterations
default   [  25% ] 800/800 VUs  1m30.7s/6m00.0s

running (1m31.7s), 800/800 VUs, 89725 complete and 0 interrupted iterations
default   [  25% ] 800/800 VUs  1m31.7s/6m00.0s

running (1m32.7s), 800/800 VUs, 90702 complete and 0 interrupted iterations
default   [  26% ] 800/800 VUs  1m32.7s/6m00.0s

running (1m33.7s), 800/800 VUs, 91702 complete and 0 interrupted iterations
default   [  26% ] 800/800 VUs  1m33.7s/6m00.0s

running (1m34.7s), 800/800 VUs, 92702 complete and 0 interrupted iterations
default   [  26% ] 800/800 VUs  1m34.7s/6m00.0s

running (1m35.7s), 800/800 VUs, 93696 complete and 0 interrupted iterations
default   [  27% ] 800/800 VUs  1m35.7s/6m00.0s

running (1m36.7s), 800/800 VUs, 94652 complete and 0 interrupted iterations
default   [  27% ] 800/800 VUs  1m36.7s/6m00.0s

running (1m37.7s), 800/800 VUs, 95652 complete and 0 interrupted iterations
default   [  27% ] 800/800 VUs  1m37.7s/6m00.0s

running (1m38.7s), 800/800 VUs, 96652 complete and 0 interrupted iterations
default   [  27% ] 800/800 VUs  1m38.7s/6m00.0s

running (1m39.7s), 800/800 VUs, 97646 complete and 0 interrupted iterations
default   [  28% ] 800/800 VUs  1m39.7s/6m00.0s

running (1m40.7s), 800/800 VUs, 98641 complete and 0 interrupted iterations
default   [  28% ] 800/800 VUs  1m40.7s/6m00.0s

running (1m41.7s), 800/800 VUs, 99607 complete and 0 interrupted iterations
default   [  28% ] 800/800 VUs  1m41.7s/6m00.0s

running (1m42.7s), 800/800 VUs, 100602 complete and 0 interrupted iterations
default   [  29% ] 800/800 VUs  1m42.7s/6m00.0s

running (1m43.7s), 800/800 VUs, 101602 complete and 0 interrupted iterations
default   [  29% ] 800/800 VUs  1m43.7s/6m00.0s

running (1m44.7s), 800/800 VUs, 102602 complete and 0 interrupted iterations
default   [  29% ] 800/800 VUs  1m44.7s/6m00.0s

running (1m45.7s), 800/800 VUs, 103574 complete and 0 interrupted iterations
default   [  29% ] 800/800 VUs  1m45.7s/6m00.0s

running (1m46.7s), 800/800 VUs, 104552 complete and 0 interrupted iterations
default   [  30% ] 800/800 VUs  1m46.7s/6m00.0s

running (1m47.7s), 800/800 VUs, 105552 complete and 0 interrupted iterations
default   [  30% ] 800/800 VUs  1m47.7s/6m00.0s

running (1m48.7s), 800/800 VUs, 106552 complete and 0 interrupted iterations
default   [  30% ] 800/800 VUs  1m48.7s/6m00.0s

running (1m49.7s), 800/800 VUs, 107552 complete and 0 interrupted iterations
default   [  30% ] 800/800 VUs  1m49.7s/6m00.0s

running (1m50.7s), 800/800 VUs, 108526 complete and 0 interrupted iterations
default   [  31% ] 800/800 VUs  1m50.7s/6m00.0s

running (1m51.7s), 800/800 VUs, 109502 complete and 0 interrupted iterations
default   [  31% ] 800/800 VUs  1m51.7s/6m00.0s

running (1m52.7s), 800/800 VUs, 110502 complete and 0 interrupted iterations
default   [  31% ] 800/800 VUs  1m52.7s/6m00.0s

running (1m53.7s), 800/800 VUs, 111502 complete and 0 interrupted iterations
default   [  32% ] 800/800 VUs  1m53.7s/6m00.0s

running (1m54.7s), 800/800 VUs, 112496 complete and 0 interrupted iterations
default   [  32% ] 800/800 VUs  1m54.7s/6m00.0s

running (1m55.7s), 800/800 VUs, 113484 complete and 0 interrupted iterations
default   [  32% ] 800/800 VUs  1m55.7s/6m00.0s

running (1m56.7s), 800/800 VUs, 114452 complete and 0 interrupted iterations
default   [  32% ] 800/800 VUs  1m56.7s/6m00.0s

running (1m57.7s), 800/800 VUs, 115452 complete and 0 interrupted iterations
default   [  33% ] 800/800 VUs  1m57.7s/6m00.0s

running (1m58.7s), 800/800 VUs, 116452 complete and 0 interrupted iterations
default   [  33% ] 800/800 VUs  1m58.7s/6m00.0s

running (1m59.7s), 800/800 VUs, 117452 complete and 0 interrupted iterations
default   [  33% ] 800/800 VUs  1m59.7s/6m00.0s

running (2m00.7s), 800/800 VUs, 118405 complete and 0 interrupted iterations
default   [  34% ] 800/800 VUs  2m00.7s/6m00.0s

running (2m01.7s), 800/800 VUs, 119402 complete and 0 interrupted iterations
default   [  34% ] 800/800 VUs  2m01.7s/6m00.0s

running (2m02.7s), 800/800 VUs, 120402 complete and 0 interrupted iterations
default   [  34% ] 800/800 VUs  2m02.7s/6m00.0s

running (2m03.7s), 800/800 VUs, 121402 complete and 0 interrupted iterations
default   [  34% ] 800/800 VUs  2m03.7s/6m00.0s

running (2m04.7s), 800/800 VUs, 122360 complete and 0 interrupted iterations
default   [  35% ] 800/800 VUs  2m04.7s/6m00.0s

running (2m05.7s), 800/800 VUs, 123352 complete and 0 interrupted iterations
default   [  35% ] 800/800 VUs  2m05.7s/6m00.0s

running (2m06.7s), 800/800 VUs, 124352 complete and 0 interrupted iterations
default   [  35% ] 800/800 VUs  2m06.7s/6m00.0s

running (2m07.7s), 800/800 VUs, 125352 complete and 0 interrupted iterations
default   [  35% ] 800/800 VUs  2m07.7s/6m00.0s

running (2m08.7s), 800/800 VUs, 126350 complete and 0 interrupted iterations
default   [  36% ] 800/800 VUs  2m08.7s/6m00.0s

running (2m09.7s), 800/800 VUs, 127302 complete and 0 interrupted iterations
default   [  36% ] 800/800 VUs  2m09.7s/6m00.0s

running (2m10.7s), 800/800 VUs, 128302 complete and 0 interrupted iterations
default   [  36% ] 800/800 VUs  2m10.7s/6m00.0s

running (2m11.7s), 800/800 VUs, 129302 complete and 0 interrupted iterations
default   [  37% ] 800/800 VUs  2m11.7s/6m00.0s

running (2m12.7s), 800/800 VUs, 130302 complete and 0 interrupted iterations
default   [  37% ] 800/800 VUs  2m12.7s/6m00.0s

running (2m13.7s), 800/800 VUs, 131252 complete and 0 interrupted iterations
default   [  37% ] 800/800 VUs  2m13.7s/6m00.0s

running (2m14.7s), 800/800 VUs, 132252 complete and 0 interrupted iterations
default   [  37% ] 800/800 VUs  2m14.7s/6m00.0s

running (2m15.7s), 800/800 VUs, 133252 complete and 0 interrupted iterations
default   [  38% ] 800/800 VUs  2m15.7s/6m00.0s

running (2m16.7s), 800/800 VUs, 134252 complete and 0 interrupted iterations
default   [  38% ] 800/800 VUs  2m16.7s/6m00.0s

running (2m17.7s), 800/800 VUs, 135213 complete and 0 interrupted iterations
default   [  38% ] 800/800 VUs  2m17.7s/6m00.0s

running (2m18.7s), 800/800 VUs, 136202 complete and 0 interrupted iterations
default   [  39% ] 800/800 VUs  2m18.7s/6m00.0s

running (2m19.7s), 800/800 VUs, 137202 complete and 0 interrupted iterations
default   [  39% ] 800/800 VUs  2m19.7s/6m00.0s

running (2m20.7s), 800/800 VUs, 138202 complete and 0 interrupted iterations
default   [  39% ] 800/800 VUs  2m20.7s/6m00.0s

running (2m21.7s), 800/800 VUs, 139200 complete and 0 interrupted iterations
default   [  39% ] 800/800 VUs  2m21.7s/6m00.0s

running (2m22.7s), 800/800 VUs, 140157 complete and 0 interrupted iterations
default   [  40% ] 800/800 VUs  2m22.7s/6m00.0s

running (2m23.7s), 800/800 VUs, 141152 complete and 0 interrupted iterations
default   [  40% ] 800/800 VUs  2m23.7s/6m00.0s

running (2m24.7s), 800/800 VUs, 142152 complete and 0 interrupted iterations
default   [  40% ] 800/800 VUs  2m24.7s/6m00.0s

running (2m25.7s), 800/800 VUs, 143152 complete and 0 interrupted iterations
default   [  40% ] 800/800 VUs  2m25.7s/6m00.0s

running (2m26.7s), 800/800 VUs, 144102 complete and 0 interrupted iterations
default   [  41% ] 800/800 VUs  2m26.7s/6m00.0s

running (2m27.7s), 800/800 VUs, 145102 complete and 0 interrupted iterations
default   [  41% ] 800/800 VUs  2m27.7s/6m00.0s

running (2m28.7s), 800/800 VUs, 146102 complete and 0 interrupted iterations
default   [  41% ] 800/800 VUs  2m28.7s/6m00.0s

running (2m29.7s), 800/800 VUs, 147065 complete and 0 interrupted iterations
default   [  42% ] 800/800 VUs  2m29.7s/6m00.0s

running (2m30.7s), 800/800 VUs, 148052 complete and 0 interrupted iterations
default   [  42% ] 800/800 VUs  2m30.7s/6m00.0s

running (2m31.7s), 800/800 VUs, 149052 complete and 0 interrupted iterations
default   [  42% ] 800/800 VUs  2m31.7s/6m00.0s

running (2m32.7s), 800/800 VUs, 150052 complete and 0 interrupted iterations
default   [  42% ] 800/800 VUs  2m32.7s/6m00.0s

running (2m33.7s), 800/800 VUs, 151036 complete and 0 interrupted iterations
default   [  43% ] 800/800 VUs  2m33.7s/6m00.0s

running (2m34.7s), 800/800 VUs, 152004 complete and 0 interrupted iterations
default   [  43% ] 800/800 VUs  2m34.7s/6m00.0s

running (2m35.7s), 800/800 VUs, 153002 complete and 0 interrupted iterations
default   [  43% ] 800/800 VUs  2m35.7s/6m00.0s

running (2m36.7s), 800/800 VUs, 154002 complete and 0 interrupted iterations
default   [  44% ] 800/800 VUs  2m36.7s/6m00.0s

running (2m37.7s), 800/800 VUs, 155002 complete and 0 interrupted iterations
default   [  44% ] 800/800 VUs  2m37.7s/6m00.0s

running (2m38.7s), 800/800 VUs, 155969 complete and 0 interrupted iterations
default   [  44% ] 800/800 VUs  2m38.7s/6m00.0s

running (2m39.7s), 800/800 VUs, 156952 complete and 0 interrupted iterations
default   [  44% ] 800/800 VUs  2m39.7s/6m00.0s

running (2m40.7s), 800/800 VUs, 157952 complete and 0 interrupted iterations
default   [  45% ] 800/800 VUs  2m40.7s/6m00.0s

running (2m41.7s), 800/800 VUs, 158952 complete and 0 interrupted iterations
default   [  45% ] 800/800 VUs  2m41.7s/6m00.0s

running (2m42.7s), 800/800 VUs, 159933 complete and 0 interrupted iterations
default   [  45% ] 800/800 VUs  2m42.7s/6m00.0s

running (2m43.7s), 800/800 VUs, 160927 complete and 0 interrupted iterations
default   [  45% ] 800/800 VUs  2m43.7s/6m00.0s

running (2m44.7s), 800/800 VUs, 161902 complete and 0 interrupted iterations
default   [  46% ] 800/800 VUs  2m44.7s/6m00.0s

running (2m45.7s), 800/800 VUs, 162902 complete and 0 interrupted iterations
default   [  46% ] 800/800 VUs  2m45.7s/6m00.0s

running (2m46.7s), 800/800 VUs, 163902 complete and 0 interrupted iterations
default   [  46% ] 800/800 VUs  2m46.7s/6m00.0s

running (2m47.7s), 800/800 VUs, 164876 complete and 0 interrupted iterations
default   [  47% ] 800/800 VUs  2m47.7s/6m00.0s

running (2m48.7s), 800/800 VUs, 165852 complete and 0 interrupted iterations
default   [  47% ] 800/800 VUs  2m48.7s/6m00.0s

running (2m49.7s), 800/800 VUs, 166852 complete and 0 interrupted iterations
default   [  47% ] 800/800 VUs  2m49.7s/6m00.0s

running (2m50.7s), 800/800 VUs, 167852 complete and 0 interrupted iterations
default   [  47% ] 800/800 VUs  2m50.7s/6m00.0s

running (2m51.7s), 800/800 VUs, 168805 complete and 0 interrupted iterations
default   [  48% ] 800/800 VUs  2m51.7s/6m00.0s

running (2m52.7s), 800/800 VUs, 169802 complete and 0 interrupted iterations
default   [  48% ] 800/800 VUs  2m52.7s/6m00.0s

running (2m53.7s), 800/800 VUs, 170802 complete and 0 interrupted iterations
default   [  48% ] 800/800 VUs  2m53.7s/6m00.0s

running (2m54.7s), 800/800 VUs, 171782 complete and 0 interrupted iterations
default   [  49% ] 800/800 VUs  2m54.7s/6m00.0s

running (2m55.7s), 800/800 VUs, 172752 complete and 0 interrupted iterations
default   [  49% ] 800/800 VUs  2m55.7s/6m00.0s

running (2m56.7s), 800/800 VUs, 173752 complete and 0 interrupted iterations
default   [  49% ] 800/800 VUs  2m56.7s/6m00.0s

running (2m57.7s), 800/800 VUs, 174752 complete and 0 interrupted iterations
default   [  49% ] 800/800 VUs  2m57.7s/6m00.0s

running (2m58.7s), 800/800 VUs, 175740 complete and 0 interrupted iterations
default   [  50% ] 800/800 VUs  2m58.7s/6m00.0s

running (2m59.7s), 800/800 VUs, 176702 complete and 0 interrupted iterations
default   [  50% ] 800/800 VUs  2m59.7s/6m00.0s

running (3m00.7s), 800/800 VUs, 177702 complete and 0 interrupted iterations
default   [  50% ] 800/800 VUs  3m00.7s/6m00.0s

running (3m01.7s), 800/800 VUs, 178702 complete and 0 interrupted iterations
default   [  50% ] 800/800 VUs  3m01.7s/6m00.0s

running (3m02.7s), 800/800 VUs, 179702 complete and 0 interrupted iterations
default   [  51% ] 800/800 VUs  3m02.7s/6m00.0s

running (3m03.7s), 800/800 VUs, 180673 complete and 0 interrupted iterations
default   [  51% ] 800/800 VUs  3m03.7s/6m00.0s

running (3m04.7s), 800/800 VUs, 181652 complete and 0 interrupted iterations
default   [  51% ] 800/800 VUs  3m04.7s/6m00.0s

running (3m05.7s), 800/800 VUs, 182652 complete and 0 interrupted iterations
default   [  52% ] 800/800 VUs  3m05.7s/6m00.0s

running (3m06.7s), 800/800 VUs, 183652 complete and 0 interrupted iterations
default   [  52% ] 800/800 VUs  3m06.7s/6m00.0s

running (3m07.7s), 800/800 VUs, 184627 complete and 0 interrupted iterations
default   [  52% ] 800/800 VUs  3m07.7s/6m00.0s

running (3m08.7s), 800/800 VUs, 185611 complete and 0 interrupted iterations
default   [  52% ] 800/800 VUs  3m08.7s/6m00.0s

running (3m09.7s), 800/800 VUs, 186602 complete and 0 interrupted iterations
default   [  53% ] 800/800 VUs  3m09.7s/6m00.0s

running (3m10.7s), 800/800 VUs, 187602 complete and 0 interrupted iterations
default   [  53% ] 800/800 VUs  3m10.7s/6m00.0s

running (3m11.7s), 800/800 VUs, 188602 complete and 0 interrupted iterations
default   [  53% ] 800/800 VUs  3m11.7s/6m00.0s

running (3m12.7s), 800/800 VUs, 189559 complete and 0 interrupted iterations
default   [  54% ] 800/800 VUs  3m12.7s/6m00.0s

running (3m13.7s), 800/800 VUs, 190552 complete and 0 interrupted iterations
default   [  54% ] 800/800 VUs  3m13.7s/6m00.0s

running (3m14.7s), 800/800 VUs, 191552 complete and 0 interrupted iterations
default   [  54% ] 800/800 VUs  3m14.7s/6m00.0s

running (3m15.7s), 800/800 VUs, 192552 complete and 0 interrupted iterations
default   [  54% ] 800/800 VUs  3m15.7s/6m00.0s

running (3m16.7s), 800/800 VUs, 193505 complete and 0 interrupted iterations
default   [  55% ] 800/800 VUs  3m16.7s/6m00.0s

running (3m17.7s), 800/800 VUs, 194502 complete and 0 interrupted iterations
default   [  55% ] 800/800 VUs  3m17.7s/6m00.0s

running (3m18.7s), 800/800 VUs, 195502 complete and 0 interrupted iterations
default   [  55% ] 800/800 VUs  3m18.7s/6m00.0s

running (3m19.7s), 800/800 VUs, 196498 complete and 0 interrupted iterations
default   [  55% ] 800/800 VUs  3m19.7s/6m00.0s

running (3m20.7s), 800/800 VUs, 197478 complete and 0 interrupted iterations
default   [  56% ] 800/800 VUs  3m20.7s/6m00.0s

running (3m21.7s), 800/800 VUs, 198452 complete and 0 interrupted iterations
default   [  56% ] 800/800 VUs  3m21.7s/6m00.0s

running (3m22.7s), 800/800 VUs, 199452 complete and 0 interrupted iterations
default   [  56% ] 800/800 VUs  3m22.7s/6m00.0s

running (3m23.7s), 800/800 VUs, 200452 complete and 0 interrupted iterations
default   [  57% ] 800/800 VUs  3m23.7s/6m00.0s

running (3m24.7s), 800/800 VUs, 201452 complete and 0 interrupted iterations
default   [  57% ] 800/800 VUs  3m24.7s/6m00.0s

running (3m25.7s), 800/800 VUs, 202402 complete and 0 interrupted iterations
default   [  57% ] 800/800 VUs  3m25.7s/6m00.0s

running (3m26.7s), 800/800 VUs, 203402 complete and 0 interrupted iterations
default   [  57% ] 800/800 VUs  3m26.7s/6m00.0s

running (3m27.7s), 800/800 VUs, 204402 complete and 0 interrupted iterations
default   [  58% ] 800/800 VUs  3m27.7s/6m00.0s

running (3m28.7s), 800/800 VUs, 205352 complete and 0 interrupted iterations
default   [  58% ] 800/800 VUs  3m28.7s/6m00.0s

running (3m29.7s), 800/800 VUs, 206352 complete and 0 interrupted iterations
default   [  58% ] 800/800 VUs  3m29.7s/6m00.0s

running (3m30.7s), 800/800 VUs, 207352 complete and 0 interrupted iterations
default   [  59% ] 800/800 VUs  3m30.7s/6m00.0s

running (3m31.7s), 800/800 VUs, 208352 complete and 0 interrupted iterations
default   [  59% ] 800/800 VUs  3m31.7s/6m00.0s

running (3m32.7s), 800/800 VUs, 209317 complete and 0 interrupted iterations
default   [  59% ] 800/800 VUs  3m32.7s/6m00.0s

running (3m33.7s), 800/800 VUs, 210302 complete and 0 interrupted iterations
default   [  59% ] 800/800 VUs  3m33.7s/6m00.0s

running (3m34.7s), 800/800 VUs, 211302 complete and 0 interrupted iterations
default   [  60% ] 800/800 VUs  3m34.7s/6m00.0s

running (3m35.7s), 800/800 VUs, 212302 complete and 0 interrupted iterations
default   [  60% ] 800/800 VUs  3m35.7s/6m00.0s

running (3m36.7s), 800/800 VUs, 213288 complete and 0 interrupted iterations
default   [  60% ] 800/800 VUs  3m36.7s/6m00.0s

running (3m37.7s), 800/800 VUs, 214261 complete and 0 interrupted iterations
default   [  60% ] 800/800 VUs  3m37.7s/6m00.0s

running (3m38.7s), 800/800 VUs, 215252 complete and 0 interrupted iterations
default   [  61% ] 800/800 VUs  3m38.7s/6m00.0s

running (3m39.7s), 800/800 VUs, 216252 complete and 0 interrupted iterations
default   [  61% ] 800/800 VUs  3m39.7s/6m00.0s

running (3m40.7s), 800/800 VUs, 217252 complete and 0 interrupted iterations
default   [  61% ] 800/800 VUs  3m40.7s/6m00.0s

running (3m41.7s), 800/800 VUs, 218251 complete and 0 interrupted iterations
default   [  62% ] 800/800 VUs  3m41.7s/6m00.0s

running (3m42.7s), 800/800 VUs, 219202 complete and 0 interrupted iterations
default   [  62% ] 800/800 VUs  3m42.7s/6m00.0s

running (3m43.7s), 800/800 VUs, 220202 complete and 0 interrupted iterations
default   [  62% ] 800/800 VUs  3m43.7s/6m00.0s

running (3m44.7s), 800/800 VUs, 221202 complete and 0 interrupted iterations
default   [  62% ] 800/800 VUs  3m44.7s/6m00.0s

running (3m45.7s), 800/800 VUs, 222187 complete and 0 interrupted iterations
default   [  63% ] 800/800 VUs  3m45.7s/6m00.0s

running (3m46.7s), 800/800 VUs, 223158 complete and 0 interrupted iterations
default   [  63% ] 800/800 VUs  3m46.7s/6m00.0s

running (3m47.7s), 800/800 VUs, 224152 complete and 0 interrupted iterations
default   [  63% ] 800/800 VUs  3m47.7s/6m00.0s

running (3m48.7s), 800/800 VUs, 225152 complete and 0 interrupted iterations
default   [  64% ] 800/800 VUs  3m48.7s/6m00.0s

running (3m49.7s), 800/800 VUs, 226152 complete and 0 interrupted iterations
default   [  64% ] 800/800 VUs  3m49.7s/6m00.0s

running (3m50.7s), 800/800 VUs, 227150 complete and 0 interrupted iterations
default   [  64% ] 800/800 VUs  3m50.7s/6m00.0s

running (3m51.7s), 800/800 VUs, 228121 complete and 0 interrupted iterations
default   [  64% ] 800/800 VUs  3m51.7s/6m00.0s

running (3m52.7s), 800/800 VUs, 229102 complete and 0 interrupted iterations
default   [  65% ] 800/800 VUs  3m52.7s/6m00.0s

running (3m53.7s), 800/800 VUs, 230102 complete and 0 interrupted iterations
default   [  65% ] 800/800 VUs  3m53.7s/6m00.0s

running (3m54.7s), 800/800 VUs, 231102 complete and 0 interrupted iterations
default   [  65% ] 800/800 VUs  3m54.7s/6m00.0s

running (3m55.7s), 800/800 VUs, 232084 complete and 0 interrupted iterations
default   [  65% ] 800/800 VUs  3m55.7s/6m00.0s

running (3m56.7s), 800/800 VUs, 233052 complete and 0 interrupted iterations
default   [  66% ] 800/800 VUs  3m56.7s/6m00.0s

running (3m57.7s), 800/800 VUs, 234052 complete and 0 interrupted iterations
default   [  66% ] 800/800 VUs  3m57.7s/6m00.0s

running (3m58.7s), 800/800 VUs, 235052 complete and 0 interrupted iterations
default   [  66% ] 800/800 VUs  3m58.7s/6m00.0s

running (3m59.7s), 800/800 VUs, 236052 complete and 0 interrupted iterations
default   [  67% ] 800/800 VUs  3m59.7s/6m00.0s

running (4m00.7s), 800/800 VUs, 237023 complete and 0 interrupted iterations
default   [  67% ] 800/800 VUs  4m00.7s/6m00.0s

running (4m01.7s), 800/800 VUs, 238002 complete and 0 interrupted iterations
default   [  67% ] 800/800 VUs  4m01.7s/6m00.0s

running (4m02.7s), 800/800 VUs, 239002 complete and 0 interrupted iterations
default   [  67% ] 800/800 VUs  4m02.7s/6m00.0s

running (4m03.7s), 800/800 VUs, 240002 complete and 0 interrupted iterations
default   [  68% ] 800/800 VUs  4m03.7s/6m00.0s

running (4m04.7s), 800/800 VUs, 241002 complete and 0 interrupted iterations
default   [  68% ] 800/800 VUs  4m04.7s/6m00.0s

running (4m05.7s), 800/800 VUs, 241969 complete and 0 interrupted iterations
default   [  68% ] 800/800 VUs  4m05.7s/6m00.0s

running (4m06.7s), 800/800 VUs, 242952 complete and 0 interrupted iterations
default   [  69% ] 800/800 VUs  4m06.7s/6m00.0s

running (4m07.7s), 800/800 VUs, 243952 complete and 0 interrupted iterations
default   [  69% ] 800/800 VUs  4m07.7s/6m00.0s

running (4m08.7s), 800/800 VUs, 244952 complete and 0 interrupted iterations
default   [  69% ] 800/800 VUs  4m08.7s/6m00.0s

running (4m09.7s), 800/800 VUs, 245949 complete and 0 interrupted iterations
default   [  69% ] 800/800 VUs  4m09.7s/6m00.0s

running (4m10.7s), 800/800 VUs, 246904 complete and 0 interrupted iterations
default   [  70% ] 800/800 VUs  4m10.7s/6m00.0s

running (4m11.7s), 800/800 VUs, 247902 complete and 0 interrupted iterations
default   [  70% ] 800/800 VUs  4m11.7s/6m00.0s

running (4m12.7s), 800/800 VUs, 248902 complete and 0 interrupted iterations
default   [  70% ] 800/800 VUs  4m12.7s/6m00.0s

running (4m13.7s), 800/800 VUs, 249902 complete and 0 interrupted iterations
default   [  70% ] 800/800 VUs  4m13.7s/6m00.0s

running (4m14.7s), 800/800 VUs, 250852 complete and 0 interrupted iterations
default   [  71% ] 800/800 VUs  4m14.7s/6m00.0s

running (4m15.7s), 800/800 VUs, 251852 complete and 0 interrupted iterations
default   [  71% ] 800/800 VUs  4m15.7s/6m00.0s

running (4m16.7s), 800/800 VUs, 252852 complete and 0 interrupted iterations
default   [  71% ] 800/800 VUs  4m16.7s/6m00.0s

running (4m17.7s), 800/800 VUs, 253852 complete and 0 interrupted iterations
default   [  72% ] 800/800 VUs  4m17.7s/6m00.0s

running (4m18.7s), 800/800 VUs, 254842 complete and 0 interrupted iterations
default   [  72% ] 800/800 VUs  4m18.7s/6m00.0s

running (4m19.7s), 800/800 VUs, 255809 complete and 0 interrupted iterations
default   [  72% ] 800/800 VUs  4m19.7s/6m00.0s

running (4m20.7s), 800/800 VUs, 256802 complete and 0 interrupted iterations
default   [  72% ] 800/800 VUs  4m20.7s/6m00.0s

running (4m21.7s), 800/800 VUs, 257802 complete and 0 interrupted iterations
default   [  73% ] 800/800 VUs  4m21.7s/6m00.0s

running (4m22.7s), 800/800 VUs, 258795 complete and 0 interrupted iterations
default   [  73% ] 800/800 VUs  4m22.7s/6m00.0s

running (4m23.7s), 800/800 VUs, 259775 complete and 0 interrupted iterations
default   [  73% ] 800/800 VUs  4m23.7s/6m00.0s

running (4m24.7s), 800/800 VUs, 260752 complete and 0 interrupted iterations
default   [  74% ] 800/800 VUs  4m24.7s/6m00.0s

running (4m25.7s), 800/800 VUs, 261752 complete and 0 interrupted iterations
default   [  74% ] 800/800 VUs  4m25.7s/6m00.0s

running (4m26.7s), 800/800 VUs, 262752 complete and 0 interrupted iterations
default   [  74% ] 800/800 VUs  4m26.7s/6m00.0s

running (4m27.7s), 800/800 VUs, 263714 complete and 0 interrupted iterations
default   [  74% ] 800/800 VUs  4m27.7s/6m00.0s

running (4m28.7s), 800/800 VUs, 264702 complete and 0 interrupted iterations
default   [  75% ] 800/800 VUs  4m28.7s/6m00.0s

running (4m29.7s), 800/800 VUs, 265702 complete and 0 interrupted iterations
default   [  75% ] 800/800 VUs  4m29.7s/6m00.0s

running (4m30.7s), 800/800 VUs, 266702 complete and 0 interrupted iterations
default   [  75% ] 800/800 VUs  4m30.7s/6m00.0s

running (4m31.7s), 800/800 VUs, 267679 complete and 0 interrupted iterations
default   [  75% ] 800/800 VUs  4m31.7s/6m00.0s

running (4m32.7s), 800/800 VUs, 268652 complete and 0 interrupted iterations
default   [  76% ] 800/800 VUs  4m32.7s/6m00.0s

running (4m33.7s), 800/800 VUs, 269652 complete and 0 interrupted iterations
default   [  76% ] 800/800 VUs  4m33.7s/6m00.0s

running (4m34.7s), 800/800 VUs, 270652 complete and 0 interrupted iterations
default   [  76% ] 800/800 VUs  4m34.7s/6m00.0s

running (4m35.7s), 800/800 VUs, 271620 complete and 0 interrupted iterations
default   [  77% ] 800/800 VUs  4m35.7s/6m00.0s

running (4m36.7s), 800/800 VUs, 272610 complete and 0 interrupted iterations
default   [  77% ] 800/800 VUs  4m36.7s/6m00.0s

running (4m37.7s), 800/800 VUs, 273602 complete and 0 interrupted iterations
default   [  77% ] 800/800 VUs  4m37.7s/6m00.0s

running (4m38.7s), 800/800 VUs, 274602 complete and 0 interrupted iterations
default   [  77% ] 800/800 VUs  4m38.7s/6m00.0s

running (4m39.7s), 800/800 VUs, 275602 complete and 0 interrupted iterations
default   [  78% ] 800/800 VUs  4m39.7s/6m00.0s

running (4m40.7s), 800/800 VUs, 276596 complete and 0 interrupted iterations
default   [  78% ] 800/800 VUs  4m40.7s/6m00.0s

running (4m41.7s), 800/800 VUs, 277577 complete and 0 interrupted iterations
default   [  78% ] 800/800 VUs  4m41.7s/6m00.0s

running (4m42.7s), 800/800 VUs, 278552 complete and 0 interrupted iterations
default   [  79% ] 800/800 VUs  4m42.7s/6m00.0s

running (4m43.7s), 800/800 VUs, 279552 complete and 0 interrupted iterations
default   [  79% ] 800/800 VUs  4m43.7s/6m00.0s

running (4m44.7s), 800/800 VUs, 280552 complete and 0 interrupted iterations
default   [  79% ] 800/800 VUs  4m44.7s/6m00.0s

running (4m45.7s), 800/800 VUs, 281552 complete and 0 interrupted iterations
default   [  79% ] 800/800 VUs  4m45.7s/6m00.0s

running (4m46.7s), 800/800 VUs, 282529 complete and 0 interrupted iterations
default   [  80% ] 800/800 VUs  4m46.7s/6m00.0s

running (4m47.7s), 800/800 VUs, 283502 complete and 0 interrupted iterations
default   [  80% ] 800/800 VUs  4m47.7s/6m00.0s

running (4m48.7s), 800/800 VUs, 284502 complete and 0 interrupted iterations
default   [  80% ] 800/800 VUs  4m48.7s/6m00.0s

running (4m49.7s), 800/800 VUs, 285502 complete and 0 interrupted iterations
default   [  80% ] 800/800 VUs  4m49.7s/6m00.0s

running (4m50.7s), 800/800 VUs, 286502 complete and 0 interrupted iterations
default   [  81% ] 800/800 VUs  4m50.7s/6m00.0s

running (4m51.7s), 800/800 VUs, 287489 complete and 0 interrupted iterations
default   [  81% ] 800/800 VUs  4m51.7s/6m00.0s

running (4m52.7s), 800/800 VUs, 288452 complete and 0 interrupted iterations
default   [  81% ] 800/800 VUs  4m52.7s/6m00.0s

running (4m53.7s), 800/800 VUs, 289452 complete and 0 interrupted iterations
default   [  82% ] 800/800 VUs  4m53.7s/6m00.0s

running (4m54.7s), 800/800 VUs, 290452 complete and 0 interrupted iterations
default   [  82% ] 800/800 VUs  4m54.7s/6m00.0s

running (4m55.7s), 800/800 VUs, 291452 complete and 0 interrupted iterations
default   [  82% ] 800/800 VUs  4m55.7s/6m00.0s

running (4m56.7s), 800/800 VUs, 292422 complete and 0 interrupted iterations
default   [  82% ] 800/800 VUs  4m56.7s/6m00.0s

running (4m57.7s), 800/800 VUs, 293402 complete and 0 interrupted iterations
default   [  83% ] 800/800 VUs  4m57.7s/6m00.0s

running (4m58.7s), 800/800 VUs, 294402 complete and 0 interrupted iterations
default   [  83% ] 800/800 VUs  4m58.7s/6m00.0s

running (4m59.7s), 800/800 VUs, 295402 complete and 0 interrupted iterations
default   [  83% ] 800/800 VUs  4m59.7s/6m00.0s

running (5m00.7s), 800/800 VUs, 296402 complete and 0 interrupted iterations
default   [  84% ] 800/800 VUs  5m00.7s/6m00.0s

running (5m01.7s), 800/800 VUs, 297382 complete and 0 interrupted iterations
default   [  84% ] 800/800 VUs  5m01.7s/6m00.0s

running (5m02.7s), 800/800 VUs, 298352 complete and 0 interrupted iterations
default   [  84% ] 800/800 VUs  5m02.7s/6m00.0s

running (5m03.7s), 800/800 VUs, 299352 complete and 0 interrupted iterations
default   [  84% ] 800/800 VUs  5m03.7s/6m00.0s

running (5m04.7s), 800/800 VUs, 300352 complete and 0 interrupted iterations
default   [  85% ] 800/800 VUs  5m04.7s/6m00.0s

running (5m05.7s), 800/800 VUs, 301349 complete and 0 interrupted iterations
default   [  85% ] 800/800 VUs  5m05.7s/6m00.0s

running (5m06.7s), 800/800 VUs, 302325 complete and 0 interrupted iterations
default   [  85% ] 800/800 VUs  5m06.7s/6m00.0s

running (5m07.7s), 800/800 VUs, 303305 complete and 0 interrupted iterations
default   [  85% ] 800/800 VUs  5m07.7s/6m00.0s

running (5m08.7s), 800/800 VUs, 304302 complete and 0 interrupted iterations
default   [  86% ] 800/800 VUs  5m08.7s/6m00.0s

running (5m09.7s), 800/800 VUs, 305302 complete and 0 interrupted iterations
default   [  86% ] 800/800 VUs  5m09.7s/6m00.0s

running (5m10.7s), 800/800 VUs, 306302 complete and 0 interrupted iterations
default   [  86% ] 800/800 VUs  5m10.7s/6m00.0s

running (5m11.7s), 800/800 VUs, 307290 complete and 0 interrupted iterations
default   [  87% ] 800/800 VUs  5m11.7s/6m00.0s

running (5m12.7s), 800/800 VUs, 308252 complete and 0 interrupted iterations
default   [  87% ] 800/800 VUs  5m12.7s/6m00.0s

running (5m13.7s), 800/800 VUs, 309252 complete and 0 interrupted iterations
default   [  87% ] 800/800 VUs  5m13.7s/6m00.0s

running (5m14.7s), 800/800 VUs, 310252 complete and 0 interrupted iterations
default   [  87% ] 800/800 VUs  5m14.7s/6m00.0s

running (5m15.7s), 800/800 VUs, 311240 complete and 0 interrupted iterations
default   [  88% ] 800/800 VUs  5m15.7s/6m00.0s

running (5m16.7s), 800/800 VUs, 312202 complete and 0 interrupted iterations
default   [  88% ] 800/800 VUs  5m16.7s/6m00.0s

running (5m17.7s), 800/800 VUs, 313202 complete and 0 interrupted iterations
default   [  88% ] 800/800 VUs  5m17.7s/6m00.0s

running (5m18.7s), 800/800 VUs, 314202 complete and 0 interrupted iterations
default   [  89% ] 800/800 VUs  5m18.7s/6m00.0s

running (5m19.7s), 800/800 VUs, 315202 complete and 0 interrupted iterations
default   [  89% ] 800/800 VUs  5m19.7s/6m00.0s

running (5m20.7s), 800/800 VUs, 316180 complete and 0 interrupted iterations
default   [  89% ] 800/800 VUs  5m20.7s/6m00.0s

running (5m21.7s), 800/800 VUs, 317152 complete and 0 interrupted iterations
default   [  89% ] 800/800 VUs  5m21.7s/6m00.0s

running (5m22.7s), 800/800 VUs, 318152 complete and 0 interrupted iterations
default   [  90% ] 800/800 VUs  5m22.7s/6m00.0s

running (5m23.7s), 800/800 VUs, 319152 complete and 0 interrupted iterations
default   [  90% ] 800/800 VUs  5m23.7s/6m00.0s

running (5m24.7s), 800/800 VUs, 320152 complete and 0 interrupted iterations
default   [  90% ] 800/800 VUs  5m24.7s/6m00.0s

running (5m25.7s), 800/800 VUs, 321102 complete and 0 interrupted iterations
default   [  90% ] 800/800 VUs  5m25.7s/6m00.0s

running (5m26.7s), 800/800 VUs, 322102 complete and 0 interrupted iterations
default   [  91% ] 800/800 VUs  5m26.7s/6m00.0s

running (5m27.7s), 800/800 VUs, 323102 complete and 0 interrupted iterations
default   [  91% ] 800/800 VUs  5m27.7s/6m00.0s

running (5m28.7s), 800/800 VUs, 324052 complete and 0 interrupted iterations
default   [  91% ] 800/800 VUs  5m28.7s/6m00.0s

running (5m29.7s), 800/800 VUs, 325052 complete and 0 interrupted iterations
default   [  92% ] 800/800 VUs  5m29.7s/6m00.0s

running (5m30.7s), 792/800 VUs, 326052 complete and 0 interrupted iterations
default   [  92% ] 792/800 VUs  5m30.7s/6m00.0s

running (5m31.7s), 766/800 VUs, 327002 complete and 0 interrupted iterations
default   [  92% ] 766/800 VUs  5m31.7s/6m00.0s

running (5m32.7s), 741/800 VUs, 328002 complete and 0 interrupted iterations
default   [  92% ] 741/800 VUs  5m32.7s/6m00.0s

running (5m33.7s), 716/800 VUs, 329002 complete and 0 interrupted iterations
default   [  93% ] 716/800 VUs  5m33.7s/6m00.0s

running (5m34.7s), 684/800 VUs, 329987 complete and 0 interrupted iterations
default   [  93% ] 684/800 VUs  5m34.7s/6m00.0s

running (5m35.7s), 658/800 VUs, 330952 complete and 0 interrupted iterations
default   [  93% ] 658/800 VUs  5m35.7s/6m00.0s

running (5m36.7s), 635/800 VUs, 331952 complete and 0 interrupted iterations
default   [  94% ] 635/800 VUs  5m36.7s/6m00.0s

running (5m37.7s), 603/800 VUs, 332952 complete and 0 interrupted iterations
default   [  94% ] 603/800 VUs  5m37.7s/6m00.0s

running (5m38.7s), 577/800 VUs, 333938 complete and 0 interrupted iterations
default   [  94% ] 577/800 VUs  5m38.7s/6m00.0s

running (5m39.7s), 547/800 VUs, 334908 complete and 0 interrupted iterations
default   [  94% ] 547/800 VUs  5m39.7s/6m00.0s

running (5m40.7s), 524/800 VUs, 335902 complete and 0 interrupted iterations
default   [  95% ] 524/800 VUs  5m40.7s/6m00.0s

running (5m41.7s), 497/800 VUs, 336902 complete and 0 interrupted iterations
default   [  95% ] 497/800 VUs  5m41.7s/6m00.0s

running (5m42.7s), 470/800 VUs, 337902 complete and 0 interrupted iterations
default   [  95% ] 470/800 VUs  5m42.7s/6m00.0s

running (5m43.7s), 441/800 VUs, 338854 complete and 0 interrupted iterations
default   [  95% ] 441/800 VUs  5m43.7s/6m00.0s

running (5m44.7s), 416/800 VUs, 339852 complete and 0 interrupted iterations
default   [  96% ] 416/800 VUs  5m44.7s/6m00.0s

running (5m45.7s), 389/800 VUs, 340852 complete and 0 interrupted iterations
default   [  96% ] 389/800 VUs  5m45.7s/6m00.0s

running (5m46.7s), 361/800 VUs, 341852 complete and 0 interrupted iterations
default   [  96% ] 361/800 VUs  5m46.7s/6m00.0s

running (5m47.7s), 334/800 VUs, 342845 complete and 0 interrupted iterations
default   [  97% ] 334/800 VUs  5m47.7s/6m00.0s

running (5m48.7s), 308/800 VUs, 343802 complete and 0 interrupted iterations
default   [  97% ] 308/800 VUs  5m48.7s/6m00.0s

running (5m49.7s), 281/800 VUs, 344802 complete and 0 interrupted iterations
default   [  97% ] 281/800 VUs  5m49.7s/6m00.0s

running (5m50.7s), 253/800 VUs, 345802 complete and 0 interrupted iterations
default   [  97% ] 253/800 VUs  5m50.7s/6m00.0s

running (5m51.7s), 228/800 VUs, 346802 complete and 0 interrupted iterations
default   [  98% ] 228/800 VUs  5m51.7s/6m00.0s

running (5m52.7s), 200/800 VUs, 347769 complete and 0 interrupted iterations
default   [  98% ] 200/800 VUs  5m52.7s/6m00.0s

running (5m53.7s), 173/800 VUs, 348752 complete and 0 interrupted iterations
default   [  98% ] 173/800 VUs  5m53.7s/6m00.0s

running (5m54.7s), 146/800 VUs, 349752 complete and 0 interrupted iterations
default   [  99% ] 146/800 VUs  5m54.7s/6m00.0s

running (5m55.7s), 118/800 VUs, 350752 complete and 0 interrupted iterations
default   [  99% ] 118/800 VUs  5m55.7s/6m00.0s

running (5m56.7s), 090/800 VUs, 351752 complete and 0 interrupted iterations
default   [  99% ] 090/800 VUs  5m56.7s/6m00.0s

running (5m57.7s), 064/800 VUs, 352733 complete and 0 interrupted iterations
default   [  99% ] 064/800 VUs  5m57.7s/6m00.0s

running (5m58.7s), 037/800 VUs, 353647 complete and 0 interrupted iterations
default   [ 100% ] 037/800 VUs  5m58.7s/6m00.0s

running (5m59.7s), 010/800 VUs, 354131 complete and 0 interrupted iterations
default   [ 100% ] 010/800 VUs  5m59.7s/6m00.0s


  █ THRESHOLDS 

    checks
    ✓ 'rate>0.95' rate=100.00%

    http_req_duration
    ✓ 'p(95)<5000' p(95)=963.57ms
    ✓ 'p(99)<10000' p(99)=1.11s

    http_req_failed
    ✓ 'rate<0.05' rate=0.00%


  █ TOTAL RESULTS 

    checks_total.......: 1416688 3935.12789/s
    checks_succeeded...: 100.00% 1416688 out of 1416688
    checks_failed......: 0.00%   0 out of 1416688

    ✓ status is 200
    ✓ content-type is json
    ✓ workloadType is IO-BOUND
    ✓ executionTimeMs exists

    CUSTOM
    response_time_ms...............: min=50.575591 avg=745.75634 med=807.463734 max=2333.431873 p(90)=959.774816 p(95)=963.577314 p(99)=1117.926251
    successful_requests............: 354172 983.781973/s

    HTTP
    http_req_duration..............: min=50.57ms   avg=745.75ms  med=807.46ms   max=2.33s       p(90)=959.77ms   p(95)=963.57ms   p(99)=1.11s      
      { expected_response:true }...: min=50.57ms   avg=745.75ms  med=807.46ms   max=2.33s       p(90)=959.77ms   p(95)=963.57ms   p(99)=1.11s      
    http_req_failed................: 0.00%  0 out of 354172
    http_reqs......................: 354172 983.781973/s

    EXECUTION
    iteration_duration.............: min=50.7ms    avg=745.91ms  med=807.61ms   max=2.33s       p(90)=959.93ms   p(95)=963.74ms   p(99)=1.11s      
    iterations.....................: 354172 983.781973/s
    vus............................: 10     min=10          max=800
    vus_max........................: 800    min=800         max=800

    NETWORK
    data_received..................: 98 MB  273 kB/s
    data_sent......................: 28 MB  78 kB/s




running (6m00.0s), 000/800 VUs, 354172 complete and 0 interrupted iterations
default ✓ [ 100% ] 000/800 VUs  6m0s
