
         /\      Grafana   /‾‾/  
    /\  /  \     |\  __   /  /   
   /  \/    \    | |/ /  /   ‾‾\ 
  /          \   |   (  |  (‾)  |
 / __________ \  |_|\_\  \_____/ 


     execution: local
        script: io-bound-test.js
        output: -

     scenarios: (100.00%) 1 scenario, 100 max VUs, 4m30s max duration (incl. graceful stop):
              * default: Up to 100 looping VUs for 4m0s over 3 stages (gracefulRampDown: 30s, gracefulStop: 30s)


running (0m00.9s), 004/100 VUs, 36 complete and 0 interrupted iterations
default   [   0% ] 004/100 VUs  0m00.9s/4m00.0s

running (0m01.9s), 007/100 VUs, 139 complete and 0 interrupted iterations
default   [   1% ] 007/100 VUs  0m01.9s/4m00.0s

running (0m02.9s), 010/100 VUs, 303 complete and 0 interrupted iterations
default   [   1% ] 010/100 VUs  0m02.9s/4m00.0s

running (0m03.9s), 014/100 VUs, 532 complete and 0 interrupted iterations
default   [   2% ] 014/100 VUs  0m03.9s/4m00.0s

running (0m04.9s), 017/100 VUs, 826 complete and 0 interrupted iterations
default   [   2% ] 017/100 VUs  0m04.9s/4m00.0s

running (0m05.9s), 020/100 VUs, 1189 complete and 0 interrupted iterations
default   [   2% ] 020/100 VUs  0m05.9s/4m00.0s

running (0m06.9s), 023/100 VUs, 1611 complete and 0 interrupted iterations
default   [   3% ] 023/100 VUs  0m06.9s/4m00.0s

running (0m07.9s), 027/100 VUs, 2100 complete and 0 interrupted iterations
default   [   3% ] 027/100 VUs  0m07.9s/4m00.0s

running (0m08.9s), 030/100 VUs, 2649 complete and 0 interrupted iterations
default   [   4% ] 030/100 VUs  0m08.9s/4m00.0s

running (0m09.9s), 033/100 VUs, 3268 complete and 0 interrupted iterations
default   [   4% ] 033/100 VUs  0m09.9s/4m00.0s

running (0m10.9s), 037/100 VUs, 3946 complete and 0 interrupted iterations
default   [   5% ] 037/100 VUs  0m10.9s/4m00.0s

running (0m11.9s), 040/100 VUs, 4701 complete and 0 interrupted iterations
default   [   5% ] 040/100 VUs  0m11.9s/4m00.0s

running (0m12.9s), 043/100 VUs, 5512 complete and 0 interrupted iterations
default   [   5% ] 043/100 VUs  0m12.9s/4m00.0s

running (0m13.9s), 047/100 VUs, 6391 complete and 0 interrupted iterations
default   [   6% ] 047/100 VUs  0m13.9s/4m00.0s

running (0m14.9s), 050/100 VUs, 7319 complete and 0 interrupted iterations
default   [   6% ] 050/100 VUs  0m14.9s/4m00.0s

running (0m15.9s), 053/100 VUs, 8309 complete and 0 interrupted iterations
default   [   7% ] 053/100 VUs  0m15.9s/4m00.0s

running (0m16.9s), 056/100 VUs, 9307 complete and 0 interrupted iterations
default   [   7% ] 056/100 VUs  0m16.9s/4m00.0s

running (0m17.9s), 060/100 VUs, 10280 complete and 0 interrupted iterations
default   [   7% ] 060/100 VUs  0m17.9s/4m00.0s

running (0m18.9s), 063/100 VUs, 11259 complete and 0 interrupted iterations
default   [   8% ] 063/100 VUs  0m18.9s/4m00.0s

running (0m19.9s), 066/100 VUs, 12257 complete and 0 interrupted iterations
default   [   8% ] 066/100 VUs  0m19.9s/4m00.0s

running (0m20.9s), 070/100 VUs, 13238 complete and 0 interrupted iterations
default   [   9% ] 070/100 VUs  0m20.9s/4m00.0s

running (0m21.9s), 073/100 VUs, 14209 complete and 0 interrupted iterations
default   [   9% ] 073/100 VUs  0m21.9s/4m00.0s

running (0m22.9s), 076/100 VUs, 15209 complete and 0 interrupted iterations
default   [  10% ] 076/100 VUs  0m22.9s/4m00.0s

running (0m23.9s), 080/100 VUs, 16190 complete and 0 interrupted iterations
default   [  10% ] 080/100 VUs  0m23.9s/4m00.0s

running (0m24.9s), 083/100 VUs, 17159 complete and 0 interrupted iterations
default   [  10% ] 083/100 VUs  0m24.9s/4m00.0s

running (0m25.9s), 086/100 VUs, 18159 complete and 0 interrupted iterations
default   [  11% ] 086/100 VUs  0m25.9s/4m00.0s

running (0m26.9s), 089/100 VUs, 19159 complete and 0 interrupted iterations
default   [  11% ] 089/100 VUs  0m26.9s/4m00.0s

running (0m27.9s), 093/100 VUs, 20109 complete and 0 interrupted iterations
default   [  12% ] 093/100 VUs  0m27.9s/4m00.0s

running (0m28.9s), 096/100 VUs, 21109 complete and 0 interrupted iterations
default   [  12% ] 096/100 VUs  0m28.9s/4m00.0s

running (0m29.9s), 099/100 VUs, 22109 complete and 0 interrupted iterations
default   [  12% ] 099/100 VUs  0m29.9s/4m00.0s

running (0m30.9s), 100/100 VUs, 23059 complete and 0 interrupted iterations
default   [  13% ] 100/100 VUs  0m30.9s/4m00.0s

running (0m31.9s), 100/100 VUs, 24059 complete and 0 interrupted iterations
default   [  13% ] 100/100 VUs  0m31.9s/4m00.0s

running (0m32.9s), 100/100 VUs, 25059 complete and 0 interrupted iterations
default   [  14% ] 100/100 VUs  0m32.9s/4m00.0s

running (0m33.9s), 100/100 VUs, 26009 complete and 0 interrupted iterations
default   [  14% ] 100/100 VUs  0m33.9s/4m00.0s

running (0m34.9s), 100/100 VUs, 27009 complete and 0 interrupted iterations
default   [  15% ] 100/100 VUs  0m34.9s/4m00.0s

running (0m35.9s), 100/100 VUs, 27990 complete and 0 interrupted iterations
default   [  15% ] 100/100 VUs  0m35.9s/4m00.0s

running (0m36.9s), 100/100 VUs, 28959 complete and 0 interrupted iterations
default   [  15% ] 100/100 VUs  0m36.9s/4m00.0s

running (0m37.9s), 100/100 VUs, 29959 complete and 0 interrupted iterations
default   [  16% ] 100/100 VUs  0m37.9s/4m00.0s

running (0m38.9s), 100/100 VUs, 30959 complete and 0 interrupted iterations
default   [  16% ] 100/100 VUs  0m38.9s/4m00.0s

running (0m39.9s), 100/100 VUs, 31909 complete and 0 interrupted iterations
default   [  17% ] 100/100 VUs  0m39.9s/4m00.0s

running (0m40.9s), 100/100 VUs, 32909 complete and 0 interrupted iterations
default   [  17% ] 100/100 VUs  0m40.9s/4m00.0s

running (0m41.9s), 100/100 VUs, 33909 complete and 0 interrupted iterations
default   [  17% ] 100/100 VUs  0m41.9s/4m00.0s

running (0m42.9s), 100/100 VUs, 34859 complete and 0 interrupted iterations
default   [  18% ] 100/100 VUs  0m42.9s/4m00.0s

running (0m43.9s), 100/100 VUs, 35859 complete and 0 interrupted iterations
default   [  18% ] 100/100 VUs  0m43.9s/4m00.0s

running (0m44.9s), 100/100 VUs, 36859 complete and 0 interrupted iterations
default   [  19% ] 100/100 VUs  0m44.9s/4m00.0s

running (0m45.9s), 100/100 VUs, 37809 complete and 0 interrupted iterations
default   [  19% ] 100/100 VUs  0m45.9s/4m00.0s

running (0m46.9s), 100/100 VUs, 38809 complete and 0 interrupted iterations
default   [  20% ] 100/100 VUs  0m46.9s/4m00.0s

running (0m47.9s), 100/100 VUs, 39809 complete and 0 interrupted iterations
default   [  20% ] 100/100 VUs  0m47.9s/4m00.0s

running (0m48.9s), 100/100 VUs, 40759 complete and 0 interrupted iterations
default   [  20% ] 100/100 VUs  0m48.9s/4m00.0s

running (0m49.9s), 100/100 VUs, 41759 complete and 0 interrupted iterations
default   [  21% ] 100/100 VUs  0m49.9s/4m00.0s

running (0m50.9s), 100/100 VUs, 42759 complete and 0 interrupted iterations
default   [  21% ] 100/100 VUs  0m50.9s/4m00.0s

running (0m51.9s), 100/100 VUs, 43709 complete and 0 interrupted iterations
default   [  22% ] 100/100 VUs  0m51.9s/4m00.0s

running (0m52.9s), 100/100 VUs, 44709 complete and 0 interrupted iterations
default   [  22% ] 100/100 VUs  0m52.9s/4m00.0s

running (0m53.9s), 100/100 VUs, 45709 complete and 0 interrupted iterations
default   [  22% ] 100/100 VUs  0m53.9s/4m00.0s

running (0m54.9s), 100/100 VUs, 46659 complete and 0 interrupted iterations
default   [  23% ] 100/100 VUs  0m54.9s/4m00.0s

running (0m55.9s), 100/100 VUs, 47659 complete and 0 interrupted iterations
default   [  23% ] 100/100 VUs  0m55.9s/4m00.0s

running (0m56.9s), 100/100 VUs, 48659 complete and 0 interrupted iterations
default   [  24% ] 100/100 VUs  0m56.9s/4m00.0s

running (0m57.9s), 100/100 VUs, 49609 complete and 0 interrupted iterations
default   [  24% ] 100/100 VUs  0m57.9s/4m00.0s

running (0m58.9s), 100/100 VUs, 50609 complete and 0 interrupted iterations
default   [  25% ] 100/100 VUs  0m58.9s/4m00.0s

running (1m00.0s), 100/100 VUs, 51609 complete and 0 interrupted iterations
default   [  25% ] 100/100 VUs  1m00.0s/4m00.0s

running (1m00.9s), 100/100 VUs, 52559 complete and 0 interrupted iterations
default   [  25% ] 100/100 VUs  1m00.9s/4m00.0s

running (1m01.9s), 100/100 VUs, 53559 complete and 0 interrupted iterations
default   [  26% ] 100/100 VUs  1m01.9s/4m00.0s

running (1m02.9s), 100/100 VUs, 54559 complete and 0 interrupted iterations
default   [  26% ] 100/100 VUs  1m02.9s/4m00.0s

running (1m03.9s), 100/100 VUs, 55509 complete and 0 interrupted iterations
default   [  27% ] 100/100 VUs  1m03.9s/4m00.0s

running (1m04.9s), 100/100 VUs, 56509 complete and 0 interrupted iterations
default   [  27% ] 100/100 VUs  1m04.9s/4m00.0s

running (1m05.9s), 100/100 VUs, 57509 complete and 0 interrupted iterations
default   [  27% ] 100/100 VUs  1m05.9s/4m00.0s

running (1m06.9s), 100/100 VUs, 58459 complete and 0 interrupted iterations
default   [  28% ] 100/100 VUs  1m06.9s/4m00.0s

running (1m07.9s), 100/100 VUs, 59459 complete and 0 interrupted iterations
default   [  28% ] 100/100 VUs  1m07.9s/4m00.0s

running (1m08.9s), 100/100 VUs, 60459 complete and 0 interrupted iterations
default   [  29% ] 100/100 VUs  1m08.9s/4m00.0s

running (1m09.9s), 100/100 VUs, 61409 complete and 0 interrupted iterations
default   [  29% ] 100/100 VUs  1m09.9s/4m00.0s

running (1m10.9s), 100/100 VUs, 62409 complete and 0 interrupted iterations
default   [  30% ] 100/100 VUs  1m10.9s/4m00.0s

running (1m11.9s), 100/100 VUs, 63409 complete and 0 interrupted iterations
default   [  30% ] 100/100 VUs  1m11.9s/4m00.0s

running (1m12.9s), 100/100 VUs, 64365 complete and 0 interrupted iterations
default   [  30% ] 100/100 VUs  1m12.9s/4m00.0s

running (1m13.9s), 100/100 VUs, 65359 complete and 0 interrupted iterations
default   [  31% ] 100/100 VUs  1m13.9s/4m00.0s

running (1m15.0s), 100/100 VUs, 66359 complete and 0 interrupted iterations
default   [  31% ] 100/100 VUs  1m15.0s/4m00.0s

running (1m15.9s), 100/100 VUs, 67338 complete and 0 interrupted iterations
default   [  32% ] 100/100 VUs  1m15.9s/4m00.0s

running (1m16.9s), 100/100 VUs, 68309 complete and 0 interrupted iterations
default   [  32% ] 100/100 VUs  1m16.9s/4m00.0s

running (1m17.9s), 100/100 VUs, 69309 complete and 0 interrupted iterations
default   [  32% ] 100/100 VUs  1m17.9s/4m00.0s

running (1m18.9s), 100/100 VUs, 70281 complete and 0 interrupted iterations
default   [  33% ] 100/100 VUs  1m18.9s/4m00.0s

running (1m19.9s), 100/100 VUs, 71259 complete and 0 interrupted iterations
default   [  33% ] 100/100 VUs  1m19.9s/4m00.0s

running (1m20.9s), 100/100 VUs, 72259 complete and 0 interrupted iterations
default   [  34% ] 100/100 VUs  1m20.9s/4m00.0s

running (1m21.9s), 100/100 VUs, 73246 complete and 0 interrupted iterations
default   [  34% ] 100/100 VUs  1m21.9s/4m00.0s

running (1m22.9s), 100/100 VUs, 74209 complete and 0 interrupted iterations
default   [  35% ] 100/100 VUs  1m22.9s/4m00.0s

running (1m23.9s), 100/100 VUs, 75209 complete and 0 interrupted iterations
default   [  35% ] 100/100 VUs  1m23.9s/4m00.0s

running (1m24.9s), 100/100 VUs, 76209 complete and 0 interrupted iterations
default   [  35% ] 100/100 VUs  1m24.9s/4m00.0s

running (1m25.9s), 100/100 VUs, 77159 complete and 0 interrupted iterations
default   [  36% ] 100/100 VUs  1m25.9s/4m00.0s

running (1m26.9s), 100/100 VUs, 78159 complete and 0 interrupted iterations
default   [  36% ] 100/100 VUs  1m26.9s/4m00.0s

running (1m27.9s), 100/100 VUs, 79159 complete and 0 interrupted iterations
default   [  37% ] 100/100 VUs  1m27.9s/4m00.0s

running (1m28.9s), 100/100 VUs, 80109 complete and 0 interrupted iterations
default   [  37% ] 100/100 VUs  1m28.9s/4m00.0s

running (1m29.9s), 100/100 VUs, 81109 complete and 0 interrupted iterations
default   [  37% ] 100/100 VUs  1m29.9s/4m00.0s

running (1m30.9s), 100/100 VUs, 82109 complete and 0 interrupted iterations
default   [  38% ] 100/100 VUs  1m30.9s/4m00.0s

running (1m31.9s), 100/100 VUs, 83059 complete and 0 interrupted iterations
default   [  38% ] 100/100 VUs  1m31.9s/4m00.0s

running (1m32.9s), 100/100 VUs, 84059 complete and 0 interrupted iterations
default   [  39% ] 100/100 VUs  1m32.9s/4m00.0s

running (1m33.9s), 100/100 VUs, 85059 complete and 0 interrupted iterations
default   [  39% ] 100/100 VUs  1m33.9s/4m00.0s

running (1m34.9s), 100/100 VUs, 86009 complete and 0 interrupted iterations
default   [  40% ] 100/100 VUs  1m34.9s/4m00.0s

running (1m35.9s), 100/100 VUs, 87009 complete and 0 interrupted iterations
default   [  40% ] 100/100 VUs  1m35.9s/4m00.0s

running (1m36.9s), 100/100 VUs, 88008 complete and 0 interrupted iterations
default   [  40% ] 100/100 VUs  1m36.9s/4m00.0s

running (1m37.9s), 100/100 VUs, 88959 complete and 0 interrupted iterations
default   [  41% ] 100/100 VUs  1m37.9s/4m00.0s

running (1m38.9s), 100/100 VUs, 89959 complete and 0 interrupted iterations
default   [  41% ] 100/100 VUs  1m38.9s/4m00.0s

running (1m39.9s), 100/100 VUs, 90959 complete and 0 interrupted iterations
default   [  42% ] 100/100 VUs  1m39.9s/4m00.0s

running (1m40.9s), 100/100 VUs, 91909 complete and 0 interrupted iterations
default   [  42% ] 100/100 VUs  1m40.9s/4m00.0s

running (1m41.9s), 100/100 VUs, 92909 complete and 0 interrupted iterations
default   [  42% ] 100/100 VUs  1m41.9s/4m00.0s

running (1m42.9s), 100/100 VUs, 93909 complete and 0 interrupted iterations
default   [  43% ] 100/100 VUs  1m42.9s/4m00.0s

running (1m43.9s), 100/100 VUs, 94859 complete and 0 interrupted iterations
default   [  43% ] 100/100 VUs  1m43.9s/4m00.0s

running (1m44.9s), 100/100 VUs, 95859 complete and 0 interrupted iterations
default   [  44% ] 100/100 VUs  1m44.9s/4m00.0s

running (1m45.9s), 100/100 VUs, 96859 complete and 0 interrupted iterations
default   [  44% ] 100/100 VUs  1m45.9s/4m00.0s

running (1m46.9s), 100/100 VUs, 97809 complete and 0 interrupted iterations
default   [  45% ] 100/100 VUs  1m46.9s/4m00.0s

running (1m47.9s), 100/100 VUs, 98809 complete and 0 interrupted iterations
default   [  45% ] 100/100 VUs  1m47.9s/4m00.0s

running (1m48.9s), 100/100 VUs, 99809 complete and 0 interrupted iterations
default   [  45% ] 100/100 VUs  1m48.9s/4m00.0s

running (1m49.9s), 100/100 VUs, 100759 complete and 0 interrupted iterations
default   [  46% ] 100/100 VUs  1m49.9s/4m00.0s

running (1m50.9s), 100/100 VUs, 101759 complete and 0 interrupted iterations
default   [  46% ] 100/100 VUs  1m50.9s/4m00.0s

running (1m51.9s), 100/100 VUs, 102759 complete and 0 interrupted iterations
default   [  47% ] 100/100 VUs  1m51.9s/4m00.0s

running (1m52.9s), 100/100 VUs, 103709 complete and 0 interrupted iterations
default   [  47% ] 100/100 VUs  1m52.9s/4m00.0s

running (1m53.9s), 100/100 VUs, 104709 complete and 0 interrupted iterations
default   [  47% ] 100/100 VUs  1m53.9s/4m00.0s

running (1m54.9s), 100/100 VUs, 105709 complete and 0 interrupted iterations
default   [  48% ] 100/100 VUs  1m54.9s/4m00.0s

running (1m55.9s), 100/100 VUs, 106659 complete and 0 interrupted iterations
default   [  48% ] 100/100 VUs  1m55.9s/4m00.0s

running (1m56.9s), 100/100 VUs, 107659 complete and 0 interrupted iterations
default   [  49% ] 100/100 VUs  1m56.9s/4m00.0s

running (1m57.9s), 100/100 VUs, 108659 complete and 0 interrupted iterations
default   [  49% ] 100/100 VUs  1m57.9s/4m00.0s

running (1m58.9s), 100/100 VUs, 109609 complete and 0 interrupted iterations
default   [  50% ] 100/100 VUs  1m58.9s/4m00.0s

running (1m59.9s), 100/100 VUs, 110609 complete and 0 interrupted iterations
default   [  50% ] 100/100 VUs  1m59.9s/4m00.0s

running (2m00.9s), 100/100 VUs, 111609 complete and 0 interrupted iterations
default   [  50% ] 100/100 VUs  2m00.9s/4m00.0s

running (2m01.9s), 100/100 VUs, 112559 complete and 0 interrupted iterations
default   [  51% ] 100/100 VUs  2m01.9s/4m00.0s

running (2m02.9s), 100/100 VUs, 113559 complete and 0 interrupted iterations
default   [  51% ] 100/100 VUs  2m02.9s/4m00.0s

running (2m03.9s), 100/100 VUs, 114559 complete and 0 interrupted iterations
default   [  52% ] 100/100 VUs  2m03.9s/4m00.0s

running (2m04.9s), 100/100 VUs, 115509 complete and 0 interrupted iterations
default   [  52% ] 100/100 VUs  2m04.9s/4m00.0s

running (2m05.9s), 100/100 VUs, 116509 complete and 0 interrupted iterations
default   [  52% ] 100/100 VUs  2m05.9s/4m00.0s

running (2m06.9s), 100/100 VUs, 117509 complete and 0 interrupted iterations
default   [  53% ] 100/100 VUs  2m06.9s/4m00.0s

running (2m07.9s), 100/100 VUs, 118459 complete and 0 interrupted iterations
default   [  53% ] 100/100 VUs  2m07.9s/4m00.0s

running (2m08.9s), 100/100 VUs, 119459 complete and 0 interrupted iterations
default   [  54% ] 100/100 VUs  2m08.9s/4m00.0s

running (2m09.9s), 100/100 VUs, 120459 complete and 0 interrupted iterations
default   [  54% ] 100/100 VUs  2m09.9s/4m00.0s

running (2m10.9s), 100/100 VUs, 121409 complete and 0 interrupted iterations
default   [  55% ] 100/100 VUs  2m10.9s/4m00.0s

running (2m11.9s), 100/100 VUs, 122409 complete and 0 interrupted iterations
default   [  55% ] 100/100 VUs  2m11.9s/4m00.0s

running (2m12.9s), 100/100 VUs, 123409 complete and 0 interrupted iterations
default   [  55% ] 100/100 VUs  2m12.9s/4m00.0s

running (2m13.9s), 100/100 VUs, 124359 complete and 0 interrupted iterations
default   [  56% ] 100/100 VUs  2m13.9s/4m00.0s

running (2m14.9s), 100/100 VUs, 125359 complete and 0 interrupted iterations
default   [  56% ] 100/100 VUs  2m14.9s/4m00.0s

running (2m15.9s), 100/100 VUs, 126359 complete and 0 interrupted iterations
default   [  57% ] 100/100 VUs  2m15.9s/4m00.0s

running (2m16.9s), 100/100 VUs, 127309 complete and 0 interrupted iterations
default   [  57% ] 100/100 VUs  2m16.9s/4m00.0s

running (2m17.9s), 100/100 VUs, 128309 complete and 0 interrupted iterations
default   [  57% ] 100/100 VUs  2m17.9s/4m00.0s

running (2m18.9s), 100/100 VUs, 129309 complete and 0 interrupted iterations
default   [  58% ] 100/100 VUs  2m18.9s/4m00.0s

running (2m19.9s), 100/100 VUs, 130259 complete and 0 interrupted iterations
default   [  58% ] 100/100 VUs  2m19.9s/4m00.0s

running (2m20.9s), 100/100 VUs, 131259 complete and 0 interrupted iterations
default   [  59% ] 100/100 VUs  2m20.9s/4m00.0s

running (2m21.9s), 100/100 VUs, 132259 complete and 0 interrupted iterations
default   [  59% ] 100/100 VUs  2m21.9s/4m00.0s

running (2m22.9s), 100/100 VUs, 133209 complete and 0 interrupted iterations
default   [  60% ] 100/100 VUs  2m22.9s/4m00.0s

running (2m23.9s), 100/100 VUs, 134209 complete and 0 interrupted iterations
default   [  60% ] 100/100 VUs  2m23.9s/4m00.0s

running (2m24.9s), 100/100 VUs, 135209 complete and 0 interrupted iterations
default   [  60% ] 100/100 VUs  2m24.9s/4m00.0s

running (2m25.9s), 100/100 VUs, 136159 complete and 0 interrupted iterations
default   [  61% ] 100/100 VUs  2m25.9s/4m00.0s

running (2m26.9s), 100/100 VUs, 137159 complete and 0 interrupted iterations
default   [  61% ] 100/100 VUs  2m26.9s/4m00.0s

running (2m27.9s), 100/100 VUs, 138159 complete and 0 interrupted iterations
default   [  62% ] 100/100 VUs  2m27.9s/4m00.0s

running (2m28.9s), 100/100 VUs, 139109 complete and 0 interrupted iterations
default   [  62% ] 100/100 VUs  2m28.9s/4m00.0s

running (2m29.9s), 100/100 VUs, 140109 complete and 0 interrupted iterations
default   [  62% ] 100/100 VUs  2m29.9s/4m00.0s

running (2m30.9s), 100/100 VUs, 141109 complete and 0 interrupted iterations
default   [  63% ] 100/100 VUs  2m30.9s/4m00.0s

running (2m31.9s), 100/100 VUs, 142059 complete and 0 interrupted iterations
default   [  63% ] 100/100 VUs  2m31.9s/4m00.0s

running (2m32.9s), 100/100 VUs, 143059 complete and 0 interrupted iterations
default   [  64% ] 100/100 VUs  2m32.9s/4m00.0s

running (2m33.9s), 100/100 VUs, 144059 complete and 0 interrupted iterations
default   [  64% ] 100/100 VUs  2m33.9s/4m00.0s

running (2m34.9s), 100/100 VUs, 145015 complete and 0 interrupted iterations
default   [  65% ] 100/100 VUs  2m34.9s/4m00.0s

running (2m35.9s), 100/100 VUs, 146009 complete and 0 interrupted iterations
default   [  65% ] 100/100 VUs  2m35.9s/4m00.0s

running (2m36.9s), 100/100 VUs, 147009 complete and 0 interrupted iterations
default   [  65% ] 100/100 VUs  2m36.9s/4m00.0s

running (2m37.9s), 100/100 VUs, 147959 complete and 0 interrupted iterations
default   [  66% ] 100/100 VUs  2m37.9s/4m00.0s

running (2m38.9s), 100/100 VUs, 148959 complete and 0 interrupted iterations
default   [  66% ] 100/100 VUs  2m38.9s/4m00.0s

running (2m39.9s), 100/100 VUs, 149959 complete and 0 interrupted iterations
default   [  67% ] 100/100 VUs  2m39.9s/4m00.0s

running (2m40.9s), 100/100 VUs, 150909 complete and 0 interrupted iterations
default   [  67% ] 100/100 VUs  2m40.9s/4m00.0s

running (2m41.9s), 100/100 VUs, 151909 complete and 0 interrupted iterations
default   [  67% ] 100/100 VUs  2m41.9s/4m00.0s

running (2m42.9s), 100/100 VUs, 152909 complete and 0 interrupted iterations
default   [  68% ] 100/100 VUs  2m42.9s/4m00.0s

running (2m43.9s), 100/100 VUs, 153861 complete and 0 interrupted iterations
default   [  68% ] 100/100 VUs  2m43.9s/4m00.0s

running (2m44.9s), 100/100 VUs, 154859 complete and 0 interrupted iterations
default   [  69% ] 100/100 VUs  2m44.9s/4m00.0s

running (2m45.9s), 100/100 VUs, 155859 complete and 0 interrupted iterations
default   [  69% ] 100/100 VUs  2m45.9s/4m00.0s

running (2m46.9s), 100/100 VUs, 156819 complete and 0 interrupted iterations
default   [  70% ] 100/100 VUs  2m46.9s/4m00.0s

running (2m47.9s), 100/100 VUs, 157809 complete and 0 interrupted iterations
default   [  70% ] 100/100 VUs  2m47.9s/4m00.0s

running (2m48.9s), 100/100 VUs, 158809 complete and 0 interrupted iterations
default   [  70% ] 100/100 VUs  2m48.9s/4m00.0s

running (2m49.9s), 100/100 VUs, 159766 complete and 0 interrupted iterations
default   [  71% ] 100/100 VUs  2m49.9s/4m00.0s

running (2m50.9s), 100/100 VUs, 160759 complete and 0 interrupted iterations
default   [  71% ] 100/100 VUs  2m50.9s/4m00.0s

running (2m51.9s), 100/100 VUs, 161759 complete and 0 interrupted iterations
default   [  72% ] 100/100 VUs  2m51.9s/4m00.0s

running (2m52.9s), 100/100 VUs, 162726 complete and 0 interrupted iterations
default   [  72% ] 100/100 VUs  2m52.9s/4m00.0s

running (2m53.9s), 100/100 VUs, 163709 complete and 0 interrupted iterations
default   [  72% ] 100/100 VUs  2m53.9s/4m00.0s

running (2m54.9s), 100/100 VUs, 164709 complete and 0 interrupted iterations
default   [  73% ] 100/100 VUs  2m54.9s/4m00.0s

running (2m55.9s), 100/100 VUs, 165678 complete and 0 interrupted iterations
default   [  73% ] 100/100 VUs  2m55.9s/4m00.0s

running (2m56.9s), 100/100 VUs, 166659 complete and 0 interrupted iterations
default   [  74% ] 100/100 VUs  2m56.9s/4m00.0s

running (2m57.9s), 100/100 VUs, 167659 complete and 0 interrupted iterations
default   [  74% ] 100/100 VUs  2m57.9s/4m00.0s

running (2m58.9s), 100/100 VUs, 168631 complete and 0 interrupted iterations
default   [  75% ] 100/100 VUs  2m58.9s/4m00.0s

running (2m59.9s), 100/100 VUs, 169609 complete and 0 interrupted iterations
default   [  75% ] 100/100 VUs  2m59.9s/4m00.0s

running (3m00.9s), 100/100 VUs, 170609 complete and 0 interrupted iterations
default   [  75% ] 100/100 VUs  3m00.9s/4m00.0s

running (3m01.9s), 100/100 VUs, 171588 complete and 0 interrupted iterations
default   [  76% ] 100/100 VUs  3m01.9s/4m00.0s

running (3m02.9s), 100/100 VUs, 172559 complete and 0 interrupted iterations
default   [  76% ] 100/100 VUs  3m02.9s/4m00.0s

running (3m03.9s), 100/100 VUs, 173559 complete and 0 interrupted iterations
default   [  77% ] 100/100 VUs  3m03.9s/4m00.0s

running (3m04.9s), 100/100 VUs, 174528 complete and 0 interrupted iterations
default   [  77% ] 100/100 VUs  3m04.9s/4m00.0s

running (3m05.9s), 100/100 VUs, 175509 complete and 0 interrupted iterations
default   [  77% ] 100/100 VUs  3m05.9s/4m00.0s

running (3m06.9s), 100/100 VUs, 176509 complete and 0 interrupted iterations
default   [  78% ] 100/100 VUs  3m06.9s/4m00.0s

running (3m07.9s), 100/100 VUs, 177480 complete and 0 interrupted iterations
default   [  78% ] 100/100 VUs  3m07.9s/4m00.0s

running (3m08.9s), 100/100 VUs, 178459 complete and 0 interrupted iterations
default   [  79% ] 100/100 VUs  3m08.9s/4m00.0s

running (3m09.9s), 100/100 VUs, 179459 complete and 0 interrupted iterations
default   [  79% ] 100/100 VUs  3m09.9s/4m00.0s

running (3m10.9s), 100/100 VUs, 180437 complete and 0 interrupted iterations
default   [  80% ] 100/100 VUs  3m10.9s/4m00.0s

running (3m11.9s), 100/100 VUs, 181409 complete and 0 interrupted iterations
default   [  80% ] 100/100 VUs  3m11.9s/4m00.0s

running (3m12.9s), 100/100 VUs, 182409 complete and 0 interrupted iterations
default   [  80% ] 100/100 VUs  3m12.9s/4m00.0s

running (3m13.9s), 100/100 VUs, 183386 complete and 0 interrupted iterations
default   [  81% ] 100/100 VUs  3m13.9s/4m00.0s

running (3m14.9s), 100/100 VUs, 184359 complete and 0 interrupted iterations
default   [  81% ] 100/100 VUs  3m14.9s/4m00.0s

running (3m15.9s), 100/100 VUs, 185359 complete and 0 interrupted iterations
default   [  82% ] 100/100 VUs  3m15.9s/4m00.0s

running (3m16.9s), 100/100 VUs, 186340 complete and 0 interrupted iterations
default   [  82% ] 100/100 VUs  3m16.9s/4m00.0s

running (3m17.9s), 100/100 VUs, 187309 complete and 0 interrupted iterations
default   [  82% ] 100/100 VUs  3m17.9s/4m00.0s

running (3m18.9s), 100/100 VUs, 188309 complete and 0 interrupted iterations
default   [  83% ] 100/100 VUs  3m18.9s/4m00.0s

running (3m19.9s), 100/100 VUs, 189285 complete and 0 interrupted iterations
default   [  83% ] 100/100 VUs  3m19.9s/4m00.0s

running (3m20.9s), 100/100 VUs, 190259 complete and 0 interrupted iterations
default   [  84% ] 100/100 VUs  3m20.9s/4m00.0s

running (3m21.9s), 100/100 VUs, 191259 complete and 0 interrupted iterations
default   [  84% ] 100/100 VUs  3m21.9s/4m00.0s

running (3m22.9s), 100/100 VUs, 192236 complete and 0 interrupted iterations
default   [  85% ] 100/100 VUs  3m22.9s/4m00.0s

running (3m23.9s), 100/100 VUs, 193209 complete and 0 interrupted iterations
default   [  85% ] 100/100 VUs  3m23.9s/4m00.0s

running (3m24.9s), 100/100 VUs, 194209 complete and 0 interrupted iterations
default   [  85% ] 100/100 VUs  3m24.9s/4m00.0s

running (3m25.9s), 100/100 VUs, 195186 complete and 0 interrupted iterations
default   [  86% ] 100/100 VUs  3m25.9s/4m00.0s

running (3m26.9s), 100/100 VUs, 196159 complete and 0 interrupted iterations
default   [  86% ] 100/100 VUs  3m26.9s/4m00.0s

running (3m27.9s), 100/100 VUs, 197159 complete and 0 interrupted iterations
default   [  87% ] 100/100 VUs  3m27.9s/4m00.0s

running (3m28.9s), 100/100 VUs, 198130 complete and 0 interrupted iterations
default   [  87% ] 100/100 VUs  3m28.9s/4m00.0s

running (3m29.9s), 100/100 VUs, 199109 complete and 0 interrupted iterations
default   [  87% ] 100/100 VUs  3m29.9s/4m00.0s

running (3m30.9s), 097/100 VUs, 200109 complete and 0 interrupted iterations
default   [  88% ] 097/100 VUs  3m30.9s/4m00.0s

running (3m31.9s), 094/100 VUs, 201083 complete and 0 interrupted iterations
default   [  88% ] 094/100 VUs  3m31.9s/4m00.0s

running (3m32.9s), 091/100 VUs, 202059 complete and 0 interrupted iterations
default   [  89% ] 091/100 VUs  3m32.9s/4m00.0s

running (3m33.9s), 087/100 VUs, 203059 complete and 0 interrupted iterations
default   [  89% ] 087/100 VUs  3m33.9s/4m00.0s

running (3m34.9s), 084/100 VUs, 204028 complete and 0 interrupted iterations
default   [  90% ] 084/100 VUs  3m34.9s/4m00.0s

running (3m35.9s), 081/100 VUs, 205009 complete and 0 interrupted iterations
default   [  90% ] 081/100 VUs  3m35.9s/4m00.0s

running (3m36.9s), 078/100 VUs, 206009 complete and 0 interrupted iterations
default   [  90% ] 078/100 VUs  3m36.9s/4m00.0s

running (3m37.9s), 074/100 VUs, 206981 complete and 0 interrupted iterations
default   [  91% ] 074/100 VUs  3m37.9s/4m00.0s

running (3m38.9s), 071/100 VUs, 207959 complete and 0 interrupted iterations
default   [  91% ] 071/100 VUs  3m38.9s/4m00.0s

running (3m39.9s), 067/100 VUs, 208959 complete and 0 interrupted iterations
default   [  92% ] 067/100 VUs  3m39.9s/4m00.0s

running (3m40.9s), 064/100 VUs, 209929 complete and 0 interrupted iterations
default   [  92% ] 064/100 VUs  3m40.9s/4m00.0s

running (3m41.9s), 061/100 VUs, 210909 complete and 0 interrupted iterations
default   [  92% ] 061/100 VUs  3m41.9s/4m00.0s

running (3m42.9s), 057/100 VUs, 211909 complete and 0 interrupted iterations
default   [  93% ] 057/100 VUs  3m42.9s/4m00.0s

running (3m43.9s), 054/100 VUs, 212880 complete and 0 interrupted iterations
default   [  93% ] 054/100 VUs  3m43.9s/4m00.0s

running (3m44.9s), 051/100 VUs, 213859 complete and 0 interrupted iterations
default   [  94% ] 051/100 VUs  3m44.9s/4m00.0s

running (3m45.9s), 047/100 VUs, 214828 complete and 0 interrupted iterations
default   [  94% ] 047/100 VUs  3m45.9s/4m00.0s

running (3m46.9s), 044/100 VUs, 215711 complete and 0 interrupted iterations
default   [  95% ] 044/100 VUs  3m46.9s/4m00.0s

running (3m47.9s), 041/100 VUs, 216551 complete and 0 interrupted iterations
default   [  95% ] 041/100 VUs  3m47.9s/4m00.0s

running (3m48.9s), 037/100 VUs, 217305 complete and 0 interrupted iterations
default   [  95% ] 037/100 VUs  3m48.9s/4m00.0s

running (3m49.9s), 034/100 VUs, 217987 complete and 0 interrupted iterations
default   [  96% ] 034/100 VUs  3m49.9s/4m00.0s

running (3m50.9s), 031/100 VUs, 218638 complete and 0 interrupted iterations
default   [  96% ] 031/100 VUs  3m50.9s/4m00.0s

running (3m51.9s), 027/100 VUs, 219194 complete and 0 interrupted iterations
default   [  97% ] 027/100 VUs  3m51.9s/4m00.0s

running (3m52.9s), 024/100 VUs, 219710 complete and 0 interrupted iterations
default   [  97% ] 024/100 VUs  3m52.9s/4m00.0s

running (3m53.9s), 021/100 VUs, 220138 complete and 0 interrupted iterations
default   [  97% ] 021/100 VUs  3m53.9s/4m00.0s

running (3m54.9s), 017/100 VUs, 220522 complete and 0 interrupted iterations
default   [  98% ] 017/100 VUs  3m54.9s/4m00.0s

running (3m55.9s), 014/100 VUs, 220822 complete and 0 interrupted iterations
default   [  98% ] 014/100 VUs  3m55.9s/4m00.0s

running (3m56.9s), 011/100 VUs, 221061 complete and 0 interrupted iterations
default   [  99% ] 011/100 VUs  3m56.9s/4m00.0s

running (3m57.9s), 007/100 VUs, 221246 complete and 0 interrupted iterations
default   [  99% ] 007/100 VUs  3m57.9s/4m00.0s

running (3m58.9s), 004/100 VUs, 221357 complete and 0 interrupted iterations
default   [ 100% ] 004/100 VUs  3m58.9s/4m00.0s

running (3m59.9s), 001/100 VUs, 221407 complete and 0 interrupted iterations
default   [ 100% ] 001/100 VUs  3m59.9s/4m00.0s


  █ THRESHOLDS 

    checks
    ✓ 'rate>0.95' rate=100.00%

    http_req_duration
    ✓ 'p(95)<5000' p(95)=199.29ms
    ✓ 'p(99)<10000' p(99)=251.47ms

    http_req_failed
    ✓ 'rate<0.05' rate=0.00%


  █ TOTAL RESULTS 

    checks_total.......: 885636  3689.590043/s
    checks_succeeded...: 100.00% 885636 out of 885636
    checks_failed......: 0.00%   0 out of 885636

    ✓ status is 200
    ✓ content-type is json
    ✓ workloadType is IO-BOUND
    ✓ executionTimeMs exists

    CUSTOM
    response_time_ms...............: min=50.569521 avg=94.760092 med=101.105106 max=552.376101 p(90)=151.709908 p(95)=199.295579 p(99)=251.479012
    successful_requests............: 221409 922.397511/s

    HTTP
    http_req_duration..............: min=50.56ms   avg=94.76ms   med=101.1ms    max=552.37ms   p(90)=151.7ms    p(95)=199.29ms   p(99)=251.47ms  
      { expected_response:true }...: min=50.56ms   avg=94.76ms   med=101.1ms    max=552.37ms   p(90)=151.7ms    p(95)=199.29ms   p(99)=251.47ms  
    http_req_failed................: 0.00%  0 out of 221409
    http_reqs......................: 221409 922.397511/s

    EXECUTION
    iteration_duration.............: min=50.69ms   avg=94.92ms   med=101.25ms   max=552.52ms   p(90)=151.86ms   p(95)=199.46ms   p(99)=251.62ms  
    iterations.....................: 221409 922.397511/s
    vus............................: 1      min=1           max=100
    vus_max........................: 100    min=100         max=100

    NETWORK
    data_received..................: 62 MB  256 kB/s
    data_sent......................: 18 MB  73 kB/s




running (4m00.0s), 000/100 VUs, 221409 complete and 0 interrupted iterations
default ✓ [ 100% ] 000/100 VUs  4m0s
