
         /\      Grafana   /‾‾/  
    /\  /  \     |\  __   /  /   
   /  \/    \    | |/ /  /   ‾‾\ 
  /          \   |   (  |  (‾)  |
 / __________ \  |_|\_\  \_____/ 


     execution: local
        script: io-bound-test.js
        output: -

     scenarios: (100.00%) 1 scenario, 500 max VUs, 6m30s max duration (incl. graceful stop):
              * default: Up to 500 looping VUs for 6m0s over 3 stages (gracefulRampDown: 30s, gracefulStop: 30s)


running (0m00.8s), 014/500 VUs, 104 complete and 0 interrupted iterations
default   [   0% ] 014/500 VUs  0m00.8s/6m00.0s

running (0m01.8s), 030/500 VUs, 528 complete and 0 interrupted iterations
default   [   0% ] 030/500 VUs  0m01.8s/6m00.0s

running (0m02.8s), 047/500 VUs, 1276 complete and 0 interrupted iterations
default   [   1% ] 047/500 VUs  0m02.8s/6m00.0s

running (0m03.8s), 064/500 VUs, 2261 complete and 0 interrupted iterations
default   [   1% ] 064/500 VUs  0m03.8s/6m00.0s

running (0m04.8s), 080/500 VUs, 3250 complete and 0 interrupted iterations
default   [   1% ] 080/500 VUs  0m04.8s/6m00.0s

running (0m05.8s), 097/500 VUs, 4243 complete and 0 interrupted iterations
default   [   2% ] 097/500 VUs  0m05.8s/6m00.0s

running (0m06.8s), 114/500 VUs, 5235 complete and 0 interrupted iterations
default   [   2% ] 114/500 VUs  0m06.8s/6m00.0s

running (0m07.8s), 130/500 VUs, 6230 complete and 0 interrupted iterations
default   [   2% ] 130/500 VUs  0m07.8s/6m00.0s

running (0m08.8s), 147/500 VUs, 7220 complete and 0 interrupted iterations
default   [   2% ] 147/500 VUs  0m08.8s/6m00.0s

running (0m09.8s), 163/500 VUs, 8210 complete and 0 interrupted iterations
default   [   3% ] 163/500 VUs  0m09.8s/6m00.0s

running (0m10.8s), 180/500 VUs, 9195 complete and 0 interrupted iterations
default   [   3% ] 180/500 VUs  0m10.8s/6m00.0s

running (0m11.8s), 197/500 VUs, 10193 complete and 0 interrupted iterations
default   [   3% ] 197/500 VUs  0m11.8s/6m00.0s

running (0m12.8s), 213/500 VUs, 11182 complete and 0 interrupted iterations
default   [   4% ] 213/500 VUs  0m12.8s/6m00.0s

running (0m13.8s), 230/500 VUs, 12176 complete and 0 interrupted iterations
default   [   4% ] 230/500 VUs  0m13.8s/6m00.0s

running (0m14.8s), 247/500 VUs, 13172 complete and 0 interrupted iterations
default   [   4% ] 247/500 VUs  0m14.8s/6m00.0s

running (0m15.8s), 263/500 VUs, 14152 complete and 0 interrupted iterations
default   [   4% ] 263/500 VUs  0m15.8s/6m00.0s

running (0m16.8s), 280/500 VUs, 15145 complete and 0 interrupted iterations
default   [   5% ] 280/500 VUs  0m16.8s/6m00.0s

running (0m17.8s), 296/500 VUs, 16143 complete and 0 interrupted iterations
default   [   5% ] 296/500 VUs  0m17.8s/6m00.0s

running (0m18.8s), 313/500 VUs, 17137 complete and 0 interrupted iterations
default   [   5% ] 313/500 VUs  0m18.8s/6m00.0s

running (0m19.8s), 330/500 VUs, 18121 complete and 0 interrupted iterations
default   [   5% ] 330/500 VUs  0m19.8s/6m00.0s

running (0m20.8s), 346/500 VUs, 19095 complete and 0 interrupted iterations
default   [   6% ] 346/500 VUs  0m20.8s/6m00.0s

running (0m21.8s), 363/500 VUs, 20095 complete and 0 interrupted iterations
default   [   6% ] 363/500 VUs  0m21.8s/6m00.0s

running (0m22.8s), 380/500 VUs, 21095 complete and 0 interrupted iterations
default   [   6% ] 380/500 VUs  0m22.8s/6m00.0s

running (0m23.8s), 396/500 VUs, 22091 complete and 0 interrupted iterations
default   [   7% ] 396/500 VUs  0m23.8s/6m00.0s

running (0m24.8s), 413/500 VUs, 23051 complete and 0 interrupted iterations
default   [   7% ] 413/500 VUs  0m24.8s/6m00.0s

running (0m25.8s), 430/500 VUs, 24045 complete and 0 interrupted iterations
default   [   7% ] 430/500 VUs  0m25.8s/6m00.0s

running (0m26.8s), 446/500 VUs, 25045 complete and 0 interrupted iterations
default   [   7% ] 446/500 VUs  0m26.8s/6m00.0s

running (0m27.8s), 463/500 VUs, 26020 complete and 0 interrupted iterations
default   [   8% ] 463/500 VUs  0m27.8s/6m00.0s

running (0m28.8s), 479/500 VUs, 27003 complete and 0 interrupted iterations
default   [   8% ] 479/500 VUs  0m28.8s/6m00.0s

running (0m29.8s), 496/500 VUs, 27995 complete and 0 interrupted iterations
default   [   8% ] 496/500 VUs  0m29.8s/6m00.0s

running (0m30.8s), 500/500 VUs, 28995 complete and 0 interrupted iterations
default   [   9% ] 500/500 VUs  0m30.8s/6m00.0s

running (0m31.8s), 500/500 VUs, 29995 complete and 0 interrupted iterations
default   [   9% ] 500/500 VUs  0m31.8s/6m00.0s

running (0m32.8s), 500/500 VUs, 30980 complete and 0 interrupted iterations
default   [   9% ] 500/500 VUs  0m32.8s/6m00.0s

running (0m33.8s), 500/500 VUs, 31969 complete and 0 interrupted iterations
default   [   9% ] 500/500 VUs  0m33.8s/6m00.0s

running (0m34.8s), 500/500 VUs, 32945 complete and 0 interrupted iterations
default   [  10% ] 500/500 VUs  0m34.8s/6m00.0s

running (0m35.8s), 500/500 VUs, 33945 complete and 0 interrupted iterations
default   [  10% ] 500/500 VUs  0m35.8s/6m00.0s

running (0m36.8s), 500/500 VUs, 34945 complete and 0 interrupted iterations
default   [  10% ] 500/500 VUs  0m36.8s/6m00.0s

running (0m37.8s), 500/500 VUs, 35945 complete and 0 interrupted iterations
default   [  10% ] 500/500 VUs  0m37.8s/6m00.0s

running (0m38.8s), 500/500 VUs, 36900 complete and 0 interrupted iterations
default   [  11% ] 500/500 VUs  0m38.8s/6m00.0s

running (0m39.8s), 500/500 VUs, 37895 complete and 0 interrupted iterations
default   [  11% ] 500/500 VUs  0m39.8s/6m00.0s

running (0m40.8s), 500/500 VUs, 38895 complete and 0 interrupted iterations
default   [  11% ] 500/500 VUs  0m40.8s/6m00.0s

running (0m41.8s), 500/500 VUs, 39895 complete and 0 interrupted iterations
default   [  12% ] 500/500 VUs  0m41.8s/6m00.0s

running (0m42.8s), 500/500 VUs, 40845 complete and 0 interrupted iterations
default   [  12% ] 500/500 VUs  0m42.8s/6m00.0s

running (0m43.8s), 500/500 VUs, 41845 complete and 0 interrupted iterations
default   [  12% ] 500/500 VUs  0m43.8s/6m00.0s

running (0m44.8s), 500/500 VUs, 42845 complete and 0 interrupted iterations
default   [  12% ] 500/500 VUs  0m44.8s/6m00.0s

running (0m45.8s), 500/500 VUs, 43830 complete and 0 interrupted iterations
default   [  13% ] 500/500 VUs  0m45.8s/6m00.0s

running (0m46.8s), 500/500 VUs, 44795 complete and 0 interrupted iterations
default   [  13% ] 500/500 VUs  0m46.8s/6m00.0s

running (0m47.8s), 500/500 VUs, 45795 complete and 0 interrupted iterations
default   [  13% ] 500/500 VUs  0m47.8s/6m00.0s

running (0m48.8s), 500/500 VUs, 46795 complete and 0 interrupted iterations
default   [  14% ] 500/500 VUs  0m48.8s/6m00.0s

running (0m49.8s), 500/500 VUs, 47760 complete and 0 interrupted iterations
default   [  14% ] 500/500 VUs  0m49.8s/6m00.0s

running (0m50.8s), 500/500 VUs, 48745 complete and 0 interrupted iterations
default   [  14% ] 500/500 VUs  0m50.8s/6m00.0s

running (0m51.8s), 500/500 VUs, 49745 complete and 0 interrupted iterations
default   [  14% ] 500/500 VUs  0m51.8s/6m00.0s

running (0m52.8s), 500/500 VUs, 50745 complete and 0 interrupted iterations
default   [  15% ] 500/500 VUs  0m52.8s/6m00.0s

running (0m53.8s), 500/500 VUs, 51745 complete and 0 interrupted iterations
default   [  15% ] 500/500 VUs  0m53.8s/6m00.0s

running (0m54.8s), 500/500 VUs, 52707 complete and 0 interrupted iterations
default   [  15% ] 500/500 VUs  0m54.8s/6m00.0s

running (0m55.8s), 500/500 VUs, 53695 complete and 0 interrupted iterations
default   [  15% ] 500/500 VUs  0m55.8s/6m00.0s

running (0m56.8s), 500/500 VUs, 54695 complete and 0 interrupted iterations
default   [  16% ] 500/500 VUs  0m56.8s/6m00.0s

running (0m57.8s), 500/500 VUs, 55695 complete and 0 interrupted iterations
default   [  16% ] 500/500 VUs  0m57.8s/6m00.0s

running (0m58.8s), 500/500 VUs, 56662 complete and 0 interrupted iterations
default   [  16% ] 500/500 VUs  0m58.8s/6m00.0s

running (0m59.8s), 500/500 VUs, 57645 complete and 0 interrupted iterations
default   [  17% ] 500/500 VUs  0m59.8s/6m00.0s

running (1m00.8s), 500/500 VUs, 58645 complete and 0 interrupted iterations
default   [  17% ] 500/500 VUs  1m00.8s/6m00.0s

running (1m01.8s), 500/500 VUs, 59645 complete and 0 interrupted iterations
default   [  17% ] 500/500 VUs  1m01.8s/6m00.0s

running (1m02.8s), 500/500 VUs, 60634 complete and 0 interrupted iterations
default   [  17% ] 500/500 VUs  1m02.8s/6m00.0s

running (1m03.8s), 500/500 VUs, 61595 complete and 0 interrupted iterations
default   [  18% ] 500/500 VUs  1m03.8s/6m00.0s

running (1m04.8s), 500/500 VUs, 62595 complete and 0 interrupted iterations
default   [  18% ] 500/500 VUs  1m04.8s/6m00.0s

running (1m05.8s), 500/500 VUs, 63595 complete and 0 interrupted iterations
default   [  18% ] 500/500 VUs  1m05.8s/6m00.0s

running (1m06.8s), 500/500 VUs, 64593 complete and 0 interrupted iterations
default   [  19% ] 500/500 VUs  1m06.8s/6m00.0s

running (1m07.8s), 500/500 VUs, 65545 complete and 0 interrupted iterations
default   [  19% ] 500/500 VUs  1m07.8s/6m00.0s

running (1m08.8s), 500/500 VUs, 66545 complete and 0 interrupted iterations
default   [  19% ] 500/500 VUs  1m08.8s/6m00.0s

running (1m09.8s), 500/500 VUs, 67545 complete and 0 interrupted iterations
default   [  19% ] 500/500 VUs  1m09.8s/6m00.0s

running (1m10.8s), 500/500 VUs, 68545 complete and 0 interrupted iterations
default   [  20% ] 500/500 VUs  1m10.8s/6m00.0s

running (1m11.8s), 500/500 VUs, 69526 complete and 0 interrupted iterations
default   [  20% ] 500/500 VUs  1m11.8s/6m00.0s

running (1m12.8s), 500/500 VUs, 70495 complete and 0 interrupted iterations
default   [  20% ] 500/500 VUs  1m12.8s/6m00.0s

running (1m13.8s), 500/500 VUs, 71495 complete and 0 interrupted iterations
default   [  20% ] 500/500 VUs  1m13.8s/6m00.0s

running (1m14.8s), 500/500 VUs, 72495 complete and 0 interrupted iterations
default   [  21% ] 500/500 VUs  1m14.8s/6m00.0s

running (1m15.8s), 500/500 VUs, 73477 complete and 0 interrupted iterations
default   [  21% ] 500/500 VUs  1m15.8s/6m00.0s

running (1m16.8s), 500/500 VUs, 74445 complete and 0 interrupted iterations
default   [  21% ] 500/500 VUs  1m16.8s/6m00.0s

running (1m17.8s), 500/500 VUs, 75445 complete and 0 interrupted iterations
default   [  22% ] 500/500 VUs  1m17.8s/6m00.0s

running (1m18.8s), 500/500 VUs, 76445 complete and 0 interrupted iterations
default   [  22% ] 500/500 VUs  1m18.8s/6m00.0s

running (1m19.8s), 500/500 VUs, 77395 complete and 0 interrupted iterations
default   [  22% ] 500/500 VUs  1m19.8s/6m00.0s

running (1m20.8s), 500/500 VUs, 78395 complete and 0 interrupted iterations
default   [  22% ] 500/500 VUs  1m20.8s/6m00.0s

running (1m21.8s), 500/500 VUs, 79395 complete and 0 interrupted iterations
default   [  23% ] 500/500 VUs  1m21.8s/6m00.0s

running (1m22.8s), 500/500 VUs, 80395 complete and 0 interrupted iterations
default   [  23% ] 500/500 VUs  1m22.8s/6m00.0s

running (1m23.8s), 500/500 VUs, 81374 complete and 0 interrupted iterations
default   [  23% ] 500/500 VUs  1m23.8s/6m00.0s

running (1m24.8s), 500/500 VUs, 82345 complete and 0 interrupted iterations
default   [  24% ] 500/500 VUs  1m24.8s/6m00.0s

running (1m25.8s), 500/500 VUs, 83345 complete and 0 interrupted iterations
default   [  24% ] 500/500 VUs  1m25.8s/6m00.0s

running (1m26.8s), 500/500 VUs, 84345 complete and 0 interrupted iterations
default   [  24% ] 500/500 VUs  1m26.8s/6m00.0s

running (1m27.8s), 500/500 VUs, 85323 complete and 0 interrupted iterations
default   [  24% ] 500/500 VUs  1m27.8s/6m00.0s

running (1m28.8s), 500/500 VUs, 86295 complete and 0 interrupted iterations
default   [  25% ] 500/500 VUs  1m28.8s/6m00.0s

running (1m29.8s), 500/500 VUs, 87295 complete and 0 interrupted iterations
default   [  25% ] 500/500 VUs  1m29.8s/6m00.0s

running (1m30.8s), 500/500 VUs, 88295 complete and 0 interrupted iterations
default   [  25% ] 500/500 VUs  1m30.8s/6m00.0s

running (1m31.8s), 500/500 VUs, 89278 complete and 0 interrupted iterations
default   [  25% ] 500/500 VUs  1m31.8s/6m00.0s

running (1m32.8s), 500/500 VUs, 90259 complete and 0 interrupted iterations
default   [  26% ] 500/500 VUs  1m32.8s/6m00.0s

running (1m33.8s), 500/500 VUs, 91245 complete and 0 interrupted iterations
default   [  26% ] 500/500 VUs  1m33.8s/6m00.0s

running (1m34.8s), 500/500 VUs, 92245 complete and 0 interrupted iterations
default   [  26% ] 500/500 VUs  1m34.8s/6m00.0s

running (1m35.8s), 500/500 VUs, 93245 complete and 0 interrupted iterations
default   [  27% ] 500/500 VUs  1m35.8s/6m00.0s

running (1m36.8s), 500/500 VUs, 94206 complete and 0 interrupted iterations
default   [  27% ] 500/500 VUs  1m36.8s/6m00.0s

running (1m37.8s), 500/500 VUs, 95195 complete and 0 interrupted iterations
default   [  27% ] 500/500 VUs  1m37.8s/6m00.0s

running (1m38.8s), 500/500 VUs, 96195 complete and 0 interrupted iterations
default   [  27% ] 500/500 VUs  1m38.8s/6m00.0s

running (1m39.8s), 500/500 VUs, 97195 complete and 0 interrupted iterations
default   [  28% ] 500/500 VUs  1m39.8s/6m00.0s

running (1m40.8s), 500/500 VUs, 98195 complete and 0 interrupted iterations
default   [  28% ] 500/500 VUs  1m40.8s/6m00.0s

running (1m41.8s), 500/500 VUs, 99161 complete and 0 interrupted iterations
default   [  28% ] 500/500 VUs  1m41.8s/6m00.0s

running (1m42.8s), 500/500 VUs, 100145 complete and 0 interrupted iterations
default   [  29% ] 500/500 VUs  1m42.8s/6m00.0s

running (1m43.8s), 500/500 VUs, 101145 complete and 0 interrupted iterations
default   [  29% ] 500/500 VUs  1m43.8s/6m00.0s

running (1m44.8s), 500/500 VUs, 102145 complete and 0 interrupted iterations
default   [  29% ] 500/500 VUs  1m44.8s/6m00.0s

running (1m45.8s), 500/500 VUs, 103145 complete and 0 interrupted iterations
default   [  29% ] 500/500 VUs  1m45.8s/6m00.0s

running (1m46.8s), 500/500 VUs, 104095 complete and 0 interrupted iterations
default   [  30% ] 500/500 VUs  1m46.8s/6m00.0s

running (1m47.8s), 500/500 VUs, 105095 complete and 0 interrupted iterations
default   [  30% ] 500/500 VUs  1m47.8s/6m00.0s

running (1m48.8s), 500/500 VUs, 106095 complete and 0 interrupted iterations
default   [  30% ] 500/500 VUs  1m48.8s/6m00.0s

running (1m49.8s), 500/500 VUs, 107079 complete and 0 interrupted iterations
default   [  30% ] 500/500 VUs  1m49.8s/6m00.0s

running (1m50.8s), 500/500 VUs, 108053 complete and 0 interrupted iterations
default   [  31% ] 500/500 VUs  1m50.8s/6m00.0s

running (1m51.8s), 500/500 VUs, 109045 complete and 0 interrupted iterations
default   [  31% ] 500/500 VUs  1m51.8s/6m00.0s

running (1m52.8s), 500/500 VUs, 110045 complete and 0 interrupted iterations
default   [  31% ] 500/500 VUs  1m52.8s/6m00.0s

running (1m53.8s), 500/500 VUs, 111045 complete and 0 interrupted iterations
default   [  32% ] 500/500 VUs  1m53.8s/6m00.0s

running (1m54.8s), 500/500 VUs, 112039 complete and 0 interrupted iterations
default   [  32% ] 500/500 VUs  1m54.8s/6m00.0s

running (1m55.8s), 500/500 VUs, 113011 complete and 0 interrupted iterations
default   [  32% ] 500/500 VUs  1m55.8s/6m00.0s

running (1m56.8s), 500/500 VUs, 113995 complete and 0 interrupted iterations
default   [  32% ] 500/500 VUs  1m56.8s/6m00.0s

running (1m57.8s), 500/500 VUs, 114995 complete and 0 interrupted iterations
default   [  33% ] 500/500 VUs  1m57.8s/6m00.0s

running (1m58.8s), 500/500 VUs, 115995 complete and 0 interrupted iterations
default   [  33% ] 500/500 VUs  1m58.8s/6m00.0s

running (1m59.8s), 500/500 VUs, 116977 complete and 0 interrupted iterations
default   [  33% ] 500/500 VUs  1m59.8s/6m00.0s

running (2m00.8s), 500/500 VUs, 117945 complete and 0 interrupted iterations
default   [  34% ] 500/500 VUs  2m00.8s/6m00.0s

running (2m01.8s), 500/500 VUs, 118945 complete and 0 interrupted iterations
default   [  34% ] 500/500 VUs  2m01.8s/6m00.0s

running (2m02.8s), 500/500 VUs, 119945 complete and 0 interrupted iterations
default   [  34% ] 500/500 VUs  2m02.8s/6m00.0s

running (2m03.8s), 500/500 VUs, 120945 complete and 0 interrupted iterations
default   [  34% ] 500/500 VUs  2m03.8s/6m00.0s

running (2m04.8s), 500/500 VUs, 121918 complete and 0 interrupted iterations
default   [  35% ] 500/500 VUs  2m04.8s/6m00.0s

running (2m05.8s), 500/500 VUs, 122895 complete and 0 interrupted iterations
default   [  35% ] 500/500 VUs  2m05.8s/6m00.0s

running (2m06.8s), 500/500 VUs, 123895 complete and 0 interrupted iterations
default   [  35% ] 500/500 VUs  2m06.8s/6m00.0s

running (2m07.8s), 500/500 VUs, 124895 complete and 0 interrupted iterations
default   [  35% ] 500/500 VUs  2m07.8s/6m00.0s

running (2m08.8s), 500/500 VUs, 125890 complete and 0 interrupted iterations
default   [  36% ] 500/500 VUs  2m08.8s/6m00.0s

running (2m09.8s), 500/500 VUs, 126845 complete and 0 interrupted iterations
default   [  36% ] 500/500 VUs  2m09.8s/6m00.0s

running (2m10.8s), 500/500 VUs, 127845 complete and 0 interrupted iterations
default   [  36% ] 500/500 VUs  2m10.8s/6m00.0s

running (2m11.8s), 500/500 VUs, 128845 complete and 0 interrupted iterations
default   [  37% ] 500/500 VUs  2m11.8s/6m00.0s

running (2m12.8s), 500/500 VUs, 129845 complete and 0 interrupted iterations
default   [  37% ] 500/500 VUs  2m12.8s/6m00.0s

running (2m13.8s), 500/500 VUs, 130795 complete and 0 interrupted iterations
default   [  37% ] 500/500 VUs  2m13.8s/6m00.0s

running (2m14.8s), 500/500 VUs, 131795 complete and 0 interrupted iterations
default   [  37% ] 500/500 VUs  2m14.8s/6m00.0s

running (2m15.8s), 500/500 VUs, 132795 complete and 0 interrupted iterations
default   [  38% ] 500/500 VUs  2m15.8s/6m00.0s

running (2m16.8s), 500/500 VUs, 133766 complete and 0 interrupted iterations
default   [  38% ] 500/500 VUs  2m16.8s/6m00.0s

running (2m17.8s), 500/500 VUs, 134745 complete and 0 interrupted iterations
default   [  38% ] 500/500 VUs  2m17.8s/6m00.0s

running (2m18.8s), 500/500 VUs, 135745 complete and 0 interrupted iterations
default   [  39% ] 500/500 VUs  2m18.8s/6m00.0s

running (2m19.8s), 500/500 VUs, 136715 complete and 0 interrupted iterations
default   [  39% ] 500/500 VUs  2m19.8s/6m00.0s

running (2m20.8s), 500/500 VUs, 137695 complete and 0 interrupted iterations
default   [  39% ] 500/500 VUs  2m20.8s/6m00.0s

running (2m21.8s), 500/500 VUs, 138695 complete and 0 interrupted iterations
default   [  39% ] 500/500 VUs  2m21.8s/6m00.0s

running (2m22.8s), 500/500 VUs, 139695 complete and 0 interrupted iterations
default   [  40% ] 500/500 VUs  2m22.8s/6m00.0s

running (2m23.8s), 500/500 VUs, 140695 complete and 0 interrupted iterations
default   [  40% ] 500/500 VUs  2m23.8s/6m00.0s

running (2m24.8s), 500/500 VUs, 141663 complete and 0 interrupted iterations
default   [  40% ] 500/500 VUs  2m24.8s/6m00.0s

running (2m25.8s), 500/500 VUs, 142645 complete and 0 interrupted iterations
default   [  40% ] 500/500 VUs  2m25.8s/6m00.0s

running (2m26.8s), 500/500 VUs, 143645 complete and 0 interrupted iterations
default   [  41% ] 500/500 VUs  2m26.8s/6m00.0s

running (2m27.8s), 500/500 VUs, 144645 complete and 0 interrupted iterations
default   [  41% ] 500/500 VUs  2m27.8s/6m00.0s

running (2m28.8s), 500/500 VUs, 145614 complete and 0 interrupted iterations
default   [  41% ] 500/500 VUs  2m28.8s/6m00.0s

running (2m29.8s), 500/500 VUs, 146595 complete and 0 interrupted iterations
default   [  42% ] 500/500 VUs  2m29.8s/6m00.0s

running (2m30.8s), 500/500 VUs, 147595 complete and 0 interrupted iterations
default   [  42% ] 500/500 VUs  2m30.8s/6m00.0s

running (2m31.8s), 500/500 VUs, 148595 complete and 0 interrupted iterations
default   [  42% ] 500/500 VUs  2m31.8s/6m00.0s

running (2m32.8s), 500/500 VUs, 149595 complete and 0 interrupted iterations
default   [  42% ] 500/500 VUs  2m32.8s/6m00.0s

running (2m33.8s), 500/500 VUs, 150564 complete and 0 interrupted iterations
default   [  43% ] 500/500 VUs  2m33.8s/6m00.0s

running (2m34.8s), 500/500 VUs, 151545 complete and 0 interrupted iterations
default   [  43% ] 500/500 VUs  2m34.8s/6m00.0s

running (2m35.8s), 500/500 VUs, 152545 complete and 0 interrupted iterations
default   [  43% ] 500/500 VUs  2m35.8s/6m00.0s

running (2m36.8s), 500/500 VUs, 153545 complete and 0 interrupted iterations
default   [  44% ] 500/500 VUs  2m36.8s/6m00.0s

running (2m37.8s), 500/500 VUs, 154533 complete and 0 interrupted iterations
default   [  44% ] 500/500 VUs  2m37.8s/6m00.0s

running (2m38.8s), 500/500 VUs, 155509 complete and 0 interrupted iterations
default   [  44% ] 500/500 VUs  2m38.8s/6m00.0s

running (2m39.8s), 500/500 VUs, 156495 complete and 0 interrupted iterations
default   [  44% ] 500/500 VUs  2m39.8s/6m00.0s

running (2m40.8s), 500/500 VUs, 157495 complete and 0 interrupted iterations
default   [  45% ] 500/500 VUs  2m40.8s/6m00.0s

running (2m41.8s), 500/500 VUs, 158495 complete and 0 interrupted iterations
default   [  45% ] 500/500 VUs  2m41.8s/6m00.0s

running (2m42.8s), 500/500 VUs, 159495 complete and 0 interrupted iterations
default   [  45% ] 500/500 VUs  2m42.8s/6m00.0s

running (2m43.8s), 500/500 VUs, 160475 complete and 0 interrupted iterations
default   [  45% ] 500/500 VUs  2m43.8s/6m00.0s

running (2m44.8s), 500/500 VUs, 161454 complete and 0 interrupted iterations
default   [  46% ] 500/500 VUs  2m44.8s/6m00.0s

running (2m45.8s), 500/500 VUs, 162445 complete and 0 interrupted iterations
default   [  46% ] 500/500 VUs  2m45.8s/6m00.0s

running (2m46.8s), 500/500 VUs, 163445 complete and 0 interrupted iterations
default   [  46% ] 500/500 VUs  2m46.8s/6m00.0s

running (2m47.8s), 500/500 VUs, 164445 complete and 0 interrupted iterations
default   [  47% ] 500/500 VUs  2m47.8s/6m00.0s

running (2m48.8s), 500/500 VUs, 165436 complete and 0 interrupted iterations
default   [  47% ] 500/500 VUs  2m48.8s/6m00.0s

running (2m49.8s), 500/500 VUs, 166410 complete and 0 interrupted iterations
default   [  47% ] 500/500 VUs  2m49.8s/6m00.0s

running (2m50.8s), 500/500 VUs, 167395 complete and 0 interrupted iterations
default   [  47% ] 500/500 VUs  2m50.8s/6m00.0s

running (2m51.8s), 500/500 VUs, 168395 complete and 0 interrupted iterations
default   [  48% ] 500/500 VUs  2m51.8s/6m00.0s

running (2m52.8s), 500/500 VUs, 169395 complete and 0 interrupted iterations
default   [  48% ] 500/500 VUs  2m52.8s/6m00.0s

running (2m53.8s), 500/500 VUs, 170378 complete and 0 interrupted iterations
default   [  48% ] 500/500 VUs  2m53.8s/6m00.0s

running (2m54.8s), 500/500 VUs, 171352 complete and 0 interrupted iterations
default   [  49% ] 500/500 VUs  2m54.8s/6m00.0s

running (2m55.8s), 500/500 VUs, 172345 complete and 0 interrupted iterations
default   [  49% ] 500/500 VUs  2m55.8s/6m00.0s

running (2m56.8s), 500/500 VUs, 173345 complete and 0 interrupted iterations
default   [  49% ] 500/500 VUs  2m56.8s/6m00.0s

running (2m57.8s), 500/500 VUs, 174345 complete and 0 interrupted iterations
default   [  49% ] 500/500 VUs  2m57.8s/6m00.0s

running (2m58.8s), 500/500 VUs, 175306 complete and 0 interrupted iterations
default   [  50% ] 500/500 VUs  2m58.8s/6m00.0s

running (2m59.8s), 500/500 VUs, 176295 complete and 0 interrupted iterations
default   [  50% ] 500/500 VUs  2m59.8s/6m00.0s

running (3m00.8s), 500/500 VUs, 177295 complete and 0 interrupted iterations
default   [  50% ] 500/500 VUs  3m00.8s/6m00.0s

running (3m01.8s), 500/500 VUs, 178295 complete and 0 interrupted iterations
default   [  50% ] 500/500 VUs  3m01.8s/6m00.0s

running (3m02.8s), 500/500 VUs, 179279 complete and 0 interrupted iterations
default   [  51% ] 500/500 VUs  3m02.8s/6m00.0s

running (3m03.8s), 500/500 VUs, 180245 complete and 0 interrupted iterations
default   [  51% ] 500/500 VUs  3m03.8s/6m00.0s

running (3m04.8s), 500/500 VUs, 181245 complete and 0 interrupted iterations
default   [  51% ] 500/500 VUs  3m04.8s/6m00.0s

running (3m05.8s), 500/500 VUs, 182245 complete and 0 interrupted iterations
default   [  52% ] 500/500 VUs  3m05.8s/6m00.0s

running (3m06.8s), 500/500 VUs, 183199 complete and 0 interrupted iterations
default   [  52% ] 500/500 VUs  3m06.8s/6m00.0s

running (3m07.8s), 500/500 VUs, 184195 complete and 0 interrupted iterations
default   [  52% ] 500/500 VUs  3m07.8s/6m00.0s

running (3m08.8s), 500/500 VUs, 185195 complete and 0 interrupted iterations
default   [  52% ] 500/500 VUs  3m08.8s/6m00.0s

running (3m09.8s), 500/500 VUs, 186195 complete and 0 interrupted iterations
default   [  53% ] 500/500 VUs  3m09.8s/6m00.0s

running (3m10.8s), 500/500 VUs, 187172 complete and 0 interrupted iterations
default   [  53% ] 500/500 VUs  3m10.8s/6m00.0s

running (3m11.8s), 500/500 VUs, 188151 complete and 0 interrupted iterations
default   [  53% ] 500/500 VUs  3m11.8s/6m00.0s

running (3m12.8s), 500/500 VUs, 189145 complete and 0 interrupted iterations
default   [  54% ] 500/500 VUs  3m12.8s/6m00.0s

running (3m13.8s), 500/500 VUs, 190145 complete and 0 interrupted iterations
default   [  54% ] 500/500 VUs  3m13.8s/6m00.0s

running (3m14.8s), 500/500 VUs, 191145 complete and 0 interrupted iterations
default   [  54% ] 500/500 VUs  3m14.8s/6m00.0s

running (3m15.8s), 500/500 VUs, 192141 complete and 0 interrupted iterations
default   [  54% ] 500/500 VUs  3m15.8s/6m00.0s

running (3m16.8s), 500/500 VUs, 193095 complete and 0 interrupted iterations
default   [  55% ] 500/500 VUs  3m16.8s/6m00.0s

running (3m17.8s), 500/500 VUs, 194095 complete and 0 interrupted iterations
default   [  55% ] 500/500 VUs  3m17.8s/6m00.0s

running (3m18.8s), 500/500 VUs, 195095 complete and 0 interrupted iterations
default   [  55% ] 500/500 VUs  3m18.8s/6m00.0s

running (3m19.8s), 500/500 VUs, 196045 complete and 0 interrupted iterations
default   [  55% ] 500/500 VUs  3m19.8s/6m00.0s

running (3m20.8s), 500/500 VUs, 197045 complete and 0 interrupted iterations
default   [  56% ] 500/500 VUs  3m20.8s/6m00.0s

running (3m21.8s), 500/500 VUs, 198045 complete and 0 interrupted iterations
default   [  56% ] 500/500 VUs  3m21.8s/6m00.0s

running (3m22.8s), 500/500 VUs, 198995 complete and 0 interrupted iterations
default   [  56% ] 500/500 VUs  3m22.8s/6m00.0s

running (3m23.8s), 500/500 VUs, 199995 complete and 0 interrupted iterations
default   [  57% ] 500/500 VUs  3m23.8s/6m00.0s

running (3m24.8s), 500/500 VUs, 200995 complete and 0 interrupted iterations
default   [  57% ] 500/500 VUs  3m24.8s/6m00.0s

running (3m25.8s), 500/500 VUs, 201954 complete and 0 interrupted iterations
default   [  57% ] 500/500 VUs  3m25.8s/6m00.0s

running (3m26.8s), 500/500 VUs, 202945 complete and 0 interrupted iterations
default   [  57% ] 500/500 VUs  3m26.8s/6m00.0s

running (3m27.8s), 500/500 VUs, 203945 complete and 0 interrupted iterations
default   [  58% ] 500/500 VUs  3m27.8s/6m00.0s

running (3m28.8s), 500/500 VUs, 204945 complete and 0 interrupted iterations
default   [  58% ] 500/500 VUs  3m28.8s/6m00.0s

running (3m29.8s), 500/500 VUs, 205895 complete and 0 interrupted iterations
default   [  58% ] 500/500 VUs  3m29.8s/6m00.0s

running (3m30.8s), 500/500 VUs, 206895 complete and 0 interrupted iterations
default   [  59% ] 500/500 VUs  3m30.8s/6m00.0s

running (3m31.8s), 500/500 VUs, 207895 complete and 0 interrupted iterations
default   [  59% ] 500/500 VUs  3m31.8s/6m00.0s

running (3m32.8s), 500/500 VUs, 208895 complete and 0 interrupted iterations
default   [  59% ] 500/500 VUs  3m32.8s/6m00.0s

running (3m33.8s), 500/500 VUs, 209845 complete and 0 interrupted iterations
default   [  59% ] 500/500 VUs  3m33.8s/6m00.0s

running (3m34.8s), 500/500 VUs, 210845 complete and 0 interrupted iterations
default   [  60% ] 500/500 VUs  3m34.8s/6m00.0s

running (3m35.8s), 500/500 VUs, 211845 complete and 0 interrupted iterations
default   [  60% ] 500/500 VUs  3m35.8s/6m00.0s

running (3m36.8s), 500/500 VUs, 212845 complete and 0 interrupted iterations
default   [  60% ] 500/500 VUs  3m36.8s/6m00.0s

running (3m37.8s), 500/500 VUs, 213795 complete and 0 interrupted iterations
default   [  60% ] 500/500 VUs  3m37.8s/6m00.0s

running (3m38.8s), 500/500 VUs, 214795 complete and 0 interrupted iterations
default   [  61% ] 500/500 VUs  3m38.8s/6m00.0s

running (3m39.8s), 500/500 VUs, 215795 complete and 0 interrupted iterations
default   [  61% ] 500/500 VUs  3m39.8s/6m00.0s

running (3m40.8s), 500/500 VUs, 216795 complete and 0 interrupted iterations
default   [  61% ] 500/500 VUs  3m40.8s/6m00.0s

running (3m41.8s), 500/500 VUs, 217767 complete and 0 interrupted iterations
default   [  62% ] 500/500 VUs  3m41.8s/6m00.0s

running (3m42.8s), 500/500 VUs, 218745 complete and 0 interrupted iterations
default   [  62% ] 500/500 VUs  3m42.8s/6m00.0s

running (3m43.8s), 500/500 VUs, 219745 complete and 0 interrupted iterations
default   [  62% ] 500/500 VUs  3m43.8s/6m00.0s

running (3m44.8s), 500/500 VUs, 220745 complete and 0 interrupted iterations
default   [  62% ] 500/500 VUs  3m44.8s/6m00.0s

running (3m45.8s), 500/500 VUs, 221734 complete and 0 interrupted iterations
default   [  63% ] 500/500 VUs  3m45.8s/6m00.0s

running (3m46.8s), 500/500 VUs, 222695 complete and 0 interrupted iterations
default   [  63% ] 500/500 VUs  3m46.8s/6m00.0s

running (3m47.8s), 500/500 VUs, 223695 complete and 0 interrupted iterations
default   [  63% ] 500/500 VUs  3m47.8s/6m00.0s

running (3m48.8s), 500/500 VUs, 224695 complete and 0 interrupted iterations
default   [  64% ] 500/500 VUs  3m48.8s/6m00.0s

running (3m49.8s), 500/500 VUs, 225695 complete and 0 interrupted iterations
default   [  64% ] 500/500 VUs  3m49.8s/6m00.0s

running (3m50.8s), 500/500 VUs, 226668 complete and 0 interrupted iterations
default   [  64% ] 500/500 VUs  3m50.8s/6m00.0s

running (3m51.8s), 500/500 VUs, 227645 complete and 0 interrupted iterations
default   [  64% ] 500/500 VUs  3m51.8s/6m00.0s

running (3m52.8s), 500/500 VUs, 228645 complete and 0 interrupted iterations
default   [  65% ] 500/500 VUs  3m52.8s/6m00.0s

running (3m53.8s), 500/500 VUs, 229645 complete and 0 interrupted iterations
default   [  65% ] 500/500 VUs  3m53.8s/6m00.0s

running (3m54.8s), 500/500 VUs, 230645 complete and 0 interrupted iterations
default   [  65% ] 500/500 VUs  3m54.8s/6m00.0s

running (3m55.8s), 500/500 VUs, 231635 complete and 0 interrupted iterations
default   [  65% ] 500/500 VUs  3m55.8s/6m00.0s

running (3m56.8s), 500/500 VUs, 232595 complete and 0 interrupted iterations
default   [  66% ] 500/500 VUs  3m56.8s/6m00.0s

running (3m57.8s), 500/500 VUs, 233595 complete and 0 interrupted iterations
default   [  66% ] 500/500 VUs  3m57.8s/6m00.0s

running (3m58.8s), 500/500 VUs, 234595 complete and 0 interrupted iterations
default   [  66% ] 500/500 VUs  3m58.8s/6m00.0s

running (3m59.8s), 500/500 VUs, 235595 complete and 0 interrupted iterations
default   [  67% ] 500/500 VUs  3m59.8s/6m00.0s

running (4m00.8s), 500/500 VUs, 236545 complete and 0 interrupted iterations
default   [  67% ] 500/500 VUs  4m00.8s/6m00.0s

running (4m01.8s), 500/500 VUs, 237545 complete and 0 interrupted iterations
default   [  67% ] 500/500 VUs  4m01.8s/6m00.0s

running (4m02.8s), 500/500 VUs, 238545 complete and 0 interrupted iterations
default   [  67% ] 500/500 VUs  4m02.8s/6m00.0s

running (4m03.8s), 500/500 VUs, 239545 complete and 0 interrupted iterations
default   [  68% ] 500/500 VUs  4m03.8s/6m00.0s

running (4m04.8s), 500/500 VUs, 240519 complete and 0 interrupted iterations
default   [  68% ] 500/500 VUs  4m04.8s/6m00.0s

running (4m05.8s), 500/500 VUs, 241495 complete and 0 interrupted iterations
default   [  68% ] 500/500 VUs  4m05.8s/6m00.0s

running (4m06.8s), 500/500 VUs, 242495 complete and 0 interrupted iterations
default   [  69% ] 500/500 VUs  4m06.8s/6m00.0s

running (4m07.8s), 500/500 VUs, 243495 complete and 0 interrupted iterations
default   [  69% ] 500/500 VUs  4m07.8s/6m00.0s

running (4m08.8s), 500/500 VUs, 244447 complete and 0 interrupted iterations
default   [  69% ] 500/500 VUs  4m08.8s/6m00.0s

running (4m09.8s), 500/500 VUs, 245445 complete and 0 interrupted iterations
default   [  69% ] 500/500 VUs  4m09.8s/6m00.0s

running (4m10.8s), 500/500 VUs, 246445 complete and 0 interrupted iterations
default   [  70% ] 500/500 VUs  4m10.8s/6m00.0s

running (4m11.8s), 500/500 VUs, 247445 complete and 0 interrupted iterations
default   [  70% ] 500/500 VUs  4m11.8s/6m00.0s

running (4m12.8s), 500/500 VUs, 248432 complete and 0 interrupted iterations
default   [  70% ] 500/500 VUs  4m12.8s/6m00.0s

running (4m13.8s), 500/500 VUs, 249405 complete and 0 interrupted iterations
default   [  70% ] 500/500 VUs  4m13.8s/6m00.0s

running (4m14.8s), 500/500 VUs, 250395 complete and 0 interrupted iterations
default   [  71% ] 500/500 VUs  4m14.8s/6m00.0s

running (4m15.8s), 500/500 VUs, 251395 complete and 0 interrupted iterations
default   [  71% ] 500/500 VUs  4m15.8s/6m00.0s

running (4m16.8s), 500/500 VUs, 252395 complete and 0 interrupted iterations
default   [  71% ] 500/500 VUs  4m16.8s/6m00.0s

running (4m17.8s), 500/500 VUs, 253368 complete and 0 interrupted iterations
default   [  72% ] 500/500 VUs  4m17.8s/6m00.0s

running (4m18.8s), 500/500 VUs, 254345 complete and 0 interrupted iterations
default   [  72% ] 500/500 VUs  4m18.8s/6m00.0s

running (4m19.8s), 500/500 VUs, 255345 complete and 0 interrupted iterations
default   [  72% ] 500/500 VUs  4m19.8s/6m00.0s

running (4m20.8s), 500/500 VUs, 256312 complete and 0 interrupted iterations
default   [  72% ] 500/500 VUs  4m20.8s/6m00.0s

running (4m21.8s), 500/500 VUs, 257295 complete and 0 interrupted iterations
default   [  73% ] 500/500 VUs  4m21.8s/6m00.0s

running (4m22.8s), 500/500 VUs, 258295 complete and 0 interrupted iterations
default   [  73% ] 500/500 VUs  4m22.8s/6m00.0s

running (4m23.8s), 500/500 VUs, 259295 complete and 0 interrupted iterations
default   [  73% ] 500/500 VUs  4m23.8s/6m00.0s

running (4m24.8s), 500/500 VUs, 260295 complete and 0 interrupted iterations
default   [  74% ] 500/500 VUs  4m24.8s/6m00.0s

running (4m25.8s), 500/500 VUs, 261267 complete and 0 interrupted iterations
default   [  74% ] 500/500 VUs  4m25.8s/6m00.0s

running (4m26.8s), 500/500 VUs, 262245 complete and 0 interrupted iterations
default   [  74% ] 500/500 VUs  4m26.8s/6m00.0s

running (4m27.8s), 500/500 VUs, 263245 complete and 0 interrupted iterations
default   [  74% ] 500/500 VUs  4m27.8s/6m00.0s

running (4m28.8s), 500/500 VUs, 264245 complete and 0 interrupted iterations
default   [  75% ] 500/500 VUs  4m28.8s/6m00.0s

running (4m29.8s), 500/500 VUs, 265230 complete and 0 interrupted iterations
default   [  75% ] 500/500 VUs  4m29.8s/6m00.0s

running (4m30.8s), 500/500 VUs, 266199 complete and 0 interrupted iterations
default   [  75% ] 500/500 VUs  4m30.8s/6m00.0s

running (4m31.8s), 500/500 VUs, 267195 complete and 0 interrupted iterations
default   [  75% ] 500/500 VUs  4m31.8s/6m00.0s

running (4m32.8s), 500/500 VUs, 268195 complete and 0 interrupted iterations
default   [  76% ] 500/500 VUs  4m32.8s/6m00.0s

running (4m33.8s), 500/500 VUs, 269195 complete and 0 interrupted iterations
default   [  76% ] 500/500 VUs  4m33.8s/6m00.0s

running (4m34.8s), 500/500 VUs, 270184 complete and 0 interrupted iterations
default   [  76% ] 500/500 VUs  4m34.8s/6m00.0s

running (4m35.8s), 500/500 VUs, 271145 complete and 0 interrupted iterations
default   [  77% ] 500/500 VUs  4m35.8s/6m00.0s

running (4m36.8s), 500/500 VUs, 272145 complete and 0 interrupted iterations
default   [  77% ] 500/500 VUs  4m36.8s/6m00.0s

running (4m37.8s), 500/500 VUs, 273145 complete and 0 interrupted iterations
default   [  77% ] 500/500 VUs  4m37.8s/6m00.0s

running (4m38.8s), 500/500 VUs, 274145 complete and 0 interrupted iterations
default   [  77% ] 500/500 VUs  4m38.8s/6m00.0s

running (4m39.8s), 500/500 VUs, 275110 complete and 0 interrupted iterations
default   [  78% ] 500/500 VUs  4m39.8s/6m00.0s

running (4m40.8s), 500/500 VUs, 276095 complete and 0 interrupted iterations
default   [  78% ] 500/500 VUs  4m40.8s/6m00.0s

running (4m41.8s), 500/500 VUs, 277095 complete and 0 interrupted iterations
default   [  78% ] 500/500 VUs  4m41.8s/6m00.0s

running (4m42.7s), 500/500 VUs, 277945 complete and 0 interrupted iterations
default   [  79% ] 500/500 VUs  4m42.7s/6m00.0s

running (4m42.8s), 500/500 VUs, 278095 complete and 0 interrupted iterations
default   [  79% ] 500/500 VUs  4m42.8s/6m00.0s

running (4m42.9s), 500/500 VUs, 278195 complete and 0 interrupted iterations
default   [  79% ] 500/500 VUs  4m42.9s/6m00.0s

running (4m43.8s), 500/500 VUs, 279045 complete and 0 interrupted iterations
default   [  79% ] 500/500 VUs  4m43.8s/6m00.0s

running (4m43.8s), 500/500 VUs, 279091 complete and 0 interrupted iterations
default   [  79% ] 500/500 VUs  4m43.8s/6m00.0s

running (4m44.8s), 500/500 VUs, 280053 complete and 0 interrupted iterations
default   [  79% ] 500/500 VUs  4m44.8s/6m00.0s

running (4m45.8s), 500/500 VUs, 281045 complete and 0 interrupted iterations
default   [  79% ] 500/500 VUs  4m45.8s/6m00.0s

running (4m46.8s), 500/500 VUs, 282045 complete and 0 interrupted iterations
default   [  80% ] 500/500 VUs  4m46.8s/6m00.0s

running (4m47.8s), 500/500 VUs, 283045 complete and 0 interrupted iterations
default   [  80% ] 500/500 VUs  4m47.8s/6m00.0s

running (4m48.8s), 500/500 VUs, 284017 complete and 0 interrupted iterations
default   [  80% ] 500/500 VUs  4m48.8s/6m00.0s

running (4m49.8s), 500/500 VUs, 284995 complete and 0 interrupted iterations
default   [  80% ] 500/500 VUs  4m49.8s/6m00.0s

running (4m50.8s), 500/500 VUs, 285995 complete and 0 interrupted iterations
default   [  81% ] 500/500 VUs  4m50.8s/6m00.0s

running (4m51.8s), 500/500 VUs, 286995 complete and 0 interrupted iterations
default   [  81% ] 500/500 VUs  4m51.8s/6m00.0s

running (4m52.8s), 500/500 VUs, 287995 complete and 0 interrupted iterations
default   [  81% ] 500/500 VUs  4m52.8s/6m00.0s

running (4m53.8s), 500/500 VUs, 288972 complete and 0 interrupted iterations
default   [  82% ] 500/500 VUs  4m53.8s/6m00.0s

running (4m54.8s), 500/500 VUs, 289947 complete and 0 interrupted iterations
default   [  82% ] 500/500 VUs  4m54.8s/6m00.0s

running (4m55.8s), 500/500 VUs, 290945 complete and 0 interrupted iterations
default   [  82% ] 500/500 VUs  4m55.8s/6m00.0s

running (4m56.8s), 500/500 VUs, 291945 complete and 0 interrupted iterations
default   [  82% ] 500/500 VUs  4m56.8s/6m00.0s

running (4m57.8s), 500/500 VUs, 292934 complete and 0 interrupted iterations
default   [  83% ] 500/500 VUs  4m57.8s/6m00.0s

running (4m58.8s), 500/500 VUs, 293895 complete and 0 interrupted iterations
default   [  83% ] 500/500 VUs  4m58.8s/6m00.0s

running (4m59.8s), 500/500 VUs, 294895 complete and 0 interrupted iterations
default   [  83% ] 500/500 VUs  4m59.8s/6m00.0s

running (5m00.8s), 500/500 VUs, 295895 complete and 0 interrupted iterations
default   [  84% ] 500/500 VUs  5m00.8s/6m00.0s

running (5m01.8s), 500/500 VUs, 296895 complete and 0 interrupted iterations
default   [  84% ] 500/500 VUs  5m01.8s/6m00.0s

running (5m02.8s), 500/500 VUs, 297884 complete and 0 interrupted iterations
default   [  84% ] 500/500 VUs  5m02.8s/6m00.0s

running (5m03.8s), 500/500 VUs, 298853 complete and 0 interrupted iterations
default   [  84% ] 500/500 VUs  5m03.8s/6m00.0s

running (5m04.8s), 500/500 VUs, 299845 complete and 0 interrupted iterations
default   [  85% ] 500/500 VUs  5m04.8s/6m00.0s

running (5m05.8s), 500/500 VUs, 300845 complete and 0 interrupted iterations
default   [  85% ] 500/500 VUs  5m05.8s/6m00.0s

running (5m06.8s), 500/500 VUs, 301845 complete and 0 interrupted iterations
default   [  85% ] 500/500 VUs  5m06.8s/6m00.0s

running (5m07.8s), 500/500 VUs, 302809 complete and 0 interrupted iterations
default   [  85% ] 500/500 VUs  5m07.8s/6m00.0s

running (5m08.8s), 500/500 VUs, 303795 complete and 0 interrupted iterations
default   [  86% ] 500/500 VUs  5m08.8s/6m00.0s

running (5m09.8s), 500/500 VUs, 304795 complete and 0 interrupted iterations
default   [  86% ] 500/500 VUs  5m09.8s/6m00.0s

running (5m10.8s), 500/500 VUs, 305795 complete and 0 interrupted iterations
default   [  86% ] 500/500 VUs  5m10.8s/6m00.0s

running (5m11.8s), 500/500 VUs, 306746 complete and 0 interrupted iterations
default   [  87% ] 500/500 VUs  5m11.8s/6m00.0s

running (5m12.8s), 500/500 VUs, 307745 complete and 0 interrupted iterations
default   [  87% ] 500/500 VUs  5m12.8s/6m00.0s

running (5m13.8s), 500/500 VUs, 308745 complete and 0 interrupted iterations
default   [  87% ] 500/500 VUs  5m13.8s/6m00.0s

running (5m14.8s), 500/500 VUs, 309745 complete and 0 interrupted iterations
default   [  87% ] 500/500 VUs  5m14.8s/6m00.0s

running (5m15.8s), 500/500 VUs, 310729 complete and 0 interrupted iterations
default   [  88% ] 500/500 VUs  5m15.8s/6m00.0s

running (5m16.8s), 500/500 VUs, 311695 complete and 0 interrupted iterations
default   [  88% ] 500/500 VUs  5m16.8s/6m00.0s

running (5m17.8s), 500/500 VUs, 312695 complete and 0 interrupted iterations
default   [  88% ] 500/500 VUs  5m17.8s/6m00.0s

running (5m18.8s), 500/500 VUs, 313695 complete and 0 interrupted iterations
default   [  89% ] 500/500 VUs  5m18.8s/6m00.0s

running (5m19.8s), 500/500 VUs, 314645 complete and 0 interrupted iterations
default   [  89% ] 500/500 VUs  5m19.8s/6m00.0s

running (5m20.8s), 500/500 VUs, 315645 complete and 0 interrupted iterations
default   [  89% ] 500/500 VUs  5m20.8s/6m00.0s

running (5m21.8s), 500/500 VUs, 316645 complete and 0 interrupted iterations
default   [  89% ] 500/500 VUs  5m21.8s/6m00.0s

running (5m22.8s), 500/500 VUs, 317627 complete and 0 interrupted iterations
default   [  90% ] 500/500 VUs  5m22.8s/6m00.0s

running (5m23.8s), 500/500 VUs, 318595 complete and 0 interrupted iterations
default   [  90% ] 500/500 VUs  5m23.8s/6m00.0s

running (5m24.8s), 500/500 VUs, 319595 complete and 0 interrupted iterations
default   [  90% ] 500/500 VUs  5m24.8s/6m00.0s

running (5m25.8s), 500/500 VUs, 320595 complete and 0 interrupted iterations
default   [  91% ] 500/500 VUs  5m25.8s/6m00.0s

running (5m26.8s), 500/500 VUs, 321591 complete and 0 interrupted iterations
default   [  91% ] 500/500 VUs  5m26.8s/6m00.0s

running (5m27.8s), 500/500 VUs, 322545 complete and 0 interrupted iterations
default   [  91% ] 500/500 VUs  5m27.8s/6m00.0s

running (5m28.8s), 500/500 VUs, 323545 complete and 0 interrupted iterations
default   [  91% ] 500/500 VUs  5m28.8s/6m00.0s

running (5m29.8s), 500/500 VUs, 324545 complete and 0 interrupted iterations
default   [  92% ] 500/500 VUs  5m29.8s/6m00.0s

running (5m30.8s), 493/500 VUs, 325545 complete and 0 interrupted iterations
default   [  92% ] 493/500 VUs  5m30.8s/6m00.0s

running (5m31.8s), 475/500 VUs, 326514 complete and 0 interrupted iterations
default   [  92% ] 475/500 VUs  5m31.8s/6m00.0s

running (5m32.8s), 459/500 VUs, 327495 complete and 0 interrupted iterations
default   [  92% ] 459/500 VUs  5m32.8s/6m00.0s

running (5m33.8s), 442/500 VUs, 328495 complete and 0 interrupted iterations
default   [  93% ] 442/500 VUs  5m33.8s/6m00.0s

running (5m34.8s), 423/500 VUs, 329495 complete and 0 interrupted iterations
default   [  93% ] 423/500 VUs  5m34.8s/6m00.0s

running (5m35.8s), 406/500 VUs, 330495 complete and 0 interrupted iterations
default   [  93% ] 406/500 VUs  5m35.8s/6m00.0s

running (5m36.8s), 392/500 VUs, 331476 complete and 0 interrupted iterations
default   [  94% ] 392/500 VUs  5m36.8s/6m00.0s

running (5m37.8s), 375/500 VUs, 332445 complete and 0 interrupted iterations
default   [  94% ] 375/500 VUs  5m37.8s/6m00.0s

running (5m38.8s), 356/500 VUs, 333445 complete and 0 interrupted iterations
default   [  94% ] 356/500 VUs  5m38.8s/6m00.0s

running (5m39.8s), 341/500 VUs, 334445 complete and 0 interrupted iterations
default   [  94% ] 341/500 VUs  5m39.8s/6m00.0s

running (5m40.8s), 323/500 VUs, 335445 complete and 0 interrupted iterations
default   [  95% ] 323/500 VUs  5m40.8s/6m00.0s

running (5m41.8s), 307/500 VUs, 336416 complete and 0 interrupted iterations
default   [  95% ] 307/500 VUs  5m41.8s/6m00.0s

running (5m42.8s), 289/500 VUs, 337395 complete and 0 interrupted iterations
default   [  95% ] 289/500 VUs  5m42.8s/6m00.0s

running (5m43.8s), 276/500 VUs, 338395 complete and 0 interrupted iterations
default   [  95% ] 276/500 VUs  5m43.8s/6m00.0s

running (5m44.8s), 258/500 VUs, 339376 complete and 0 interrupted iterations
default   [  96% ] 258/500 VUs  5m44.8s/6m00.0s

running (5m45.8s), 240/500 VUs, 340350 complete and 0 interrupted iterations
default   [  96% ] 240/500 VUs  5m45.8s/6m00.0s

running (5m46.8s), 224/500 VUs, 341345 complete and 0 interrupted iterations
default   [  96% ] 224/500 VUs  5m46.8s/6m00.0s

running (5m47.8s), 206/500 VUs, 342345 complete and 0 interrupted iterations
default   [  97% ] 206/500 VUs  5m47.8s/6m00.0s

running (5m48.8s), 190/500 VUs, 343327 complete and 0 interrupted iterations
default   [  97% ] 190/500 VUs  5m48.8s/6m00.0s

running (5m49.8s), 172/500 VUs, 344295 complete and 0 interrupted iterations
default   [  97% ] 172/500 VUs  5m49.8s/6m00.0s

running (5m50.8s), 155/500 VUs, 345295 complete and 0 interrupted iterations
default   [  97% ] 155/500 VUs  5m50.8s/6m00.0s

running (5m51.8s), 139/500 VUs, 346295 complete and 0 interrupted iterations
default   [  98% ] 139/500 VUs  5m51.8s/6m00.0s

running (5m52.8s), 122/500 VUs, 347264 complete and 0 interrupted iterations
default   [  98% ] 122/500 VUs  5m52.8s/6m00.0s

running (5m53.8s), 105/500 VUs, 348245 complete and 0 interrupted iterations
default   [  98% ] 105/500 VUs  5m53.8s/6m00.0s

running (5m54.8s), 089/500 VUs, 349245 complete and 0 interrupted iterations
default   [  99% ] 089/500 VUs  5m54.8s/6m00.0s

running (5m55.8s), 071/500 VUs, 350245 complete and 0 interrupted iterations
default   [  99% ] 071/500 VUs  5m55.8s/6m00.0s

running (5m56.8s), 055/500 VUs, 351208 complete and 0 interrupted iterations
default   [  99% ] 055/500 VUs  5m56.8s/6m00.0s

running (5m57.8s), 038/500 VUs, 352112 complete and 0 interrupted iterations
default   [  99% ] 038/500 VUs  5m57.8s/6m00.0s

running (5m58.8s), 021/500 VUs, 352702 complete and 0 interrupted iterations
default   [ 100% ] 021/500 VUs  5m58.8s/6m00.0s

running (5m59.8s), 005/500 VUs, 352954 complete and 0 interrupted iterations
default   [ 100% ] 005/500 VUs  5m59.8s/6m00.0s


  █ THRESHOLDS 

    checks
    ✓ 'rate>0.95' rate=100.00%

    http_req_duration
    ✓ 'p(95)<5000' p(95)=659.98ms
    ✓ 'p(99)<10000' p(99)=814.11ms

    http_req_failed
    ✓ 'rate<0.05' rate=0.00%


  █ TOTAL RESULTS 

    checks_total.......: 1411876 3921.610108/s
    checks_succeeded...: 100.00% 1411876 out of 1411876
    checks_failed......: 0.00%   0 out of 1411876

    ✓ status is 200
    ✓ content-type is json
    ✓ workloadType is IO-BOUND
    ✓ executionTimeMs exists

    CUSTOM
    response_time_ms...............: min=50.573761 avg=467.541089 med=504.536194 max=2029.755056 p(90)=656.994948 p(95)=659.987618 p(99)=814.11777
    successful_requests............: 352969 980.402527/s

    HTTP
    http_req_duration..............: min=50.57ms   avg=467.54ms   med=504.53ms   max=2.02s       p(90)=656.99ms   p(95)=659.98ms   p(99)=814.11ms 
      { expected_response:true }...: min=50.57ms   avg=467.54ms   med=504.53ms   max=2.02s       p(90)=656.99ms   p(95)=659.98ms   p(99)=814.11ms 
    http_req_failed................: 0.00%  0 out of 352969
    http_reqs......................: 352969 980.402527/s

    EXECUTION
    iteration_duration.............: min=50.69ms   avg=467.7ms    med=504.68ms   max=2.02s       p(90)=657.14ms   p(95)=660.15ms   p(99)=814.28ms 
    iterations.....................: 352969 980.402527/s
    vus............................: 5      min=5           max=500
    vus_max........................: 500    min=500         max=500

    NETWORK
    data_received..................: 98 MB  272 kB/s
    data_sent......................: 28 MB  78 kB/s




running (6m00.0s), 000/500 VUs, 352969 complete and 0 interrupted iterations
default ✓ [ 100% ] 000/500 VUs  6m0s
