
         /\      Grafana   /‾‾/  
    /\  /  \     |\  __   /  /   
   /  \/    \    | |/ /  /   ‾‾\ 
  /          \   |   (  |  (‾)  |
 / __________ \  |_|\_\  \_____/ 


     execution: local
        script: cpu-bound-test.js
        output: -

     scenarios: (100.00%) 1 scenario, 100 max VUs, 4m30s max duration (incl. graceful stop):
              * default: Up to 100 looping VUs for 4m0s over 3 stages (gracefulRampDown: 30s, gracefulStop: 30s)


running (0m00.9s), 004/100 VUs, 30 complete and 0 interrupted iterations
default   [   0% ] 004/100 VUs  0m00.9s/4m00.0s

running (0m01.9s), 007/100 VUs, 70 complete and 0 interrupted iterations
default   [   1% ] 007/100 VUs  0m01.9s/4m00.0s

running (0m02.9s), 010/100 VUs, 106 complete and 0 interrupted iterations
default   [   1% ] 010/100 VUs  0m02.9s/4m00.0s

running (0m03.9s), 014/100 VUs, 140 complete and 0 interrupted iterations
default   [   2% ] 014/100 VUs  0m03.9s/4m00.0s

running (0m04.9s), 017/100 VUs, 180 complete and 0 interrupted iterations
default   [   2% ] 017/100 VUs  0m04.9s/4m00.0s

running (0m05.9s), 020/100 VUs, 221 complete and 0 interrupted iterations
default   [   2% ] 020/100 VUs  0m05.9s/4m00.0s

running (0m06.9s), 023/100 VUs, 264 complete and 0 interrupted iterations
default   [   3% ] 023/100 VUs  0m06.9s/4m00.0s

running (0m07.9s), 027/100 VUs, 302 complete and 0 interrupted iterations
default   [   3% ] 027/100 VUs  0m07.9s/4m00.0s

running (0m08.9s), 030/100 VUs, 339 complete and 0 interrupted iterations
default   [   4% ] 030/100 VUs  0m08.9s/4m00.0s

running (0m09.9s), 033/100 VUs, 379 complete and 0 interrupted iterations
default   [   4% ] 033/100 VUs  0m09.9s/4m00.0s

running (0m10.9s), 037/100 VUs, 419 complete and 0 interrupted iterations
default   [   5% ] 037/100 VUs  0m10.9s/4m00.0s

running (0m11.9s), 040/100 VUs, 461 complete and 0 interrupted iterations
default   [   5% ] 040/100 VUs  0m11.9s/4m00.0s

running (0m12.9s), 043/100 VUs, 500 complete and 0 interrupted iterations
default   [   5% ] 043/100 VUs  0m12.9s/4m00.0s

running (0m13.9s), 047/100 VUs, 535 complete and 0 interrupted iterations
default   [   6% ] 047/100 VUs  0m13.9s/4m00.0s

running (0m14.9s), 050/100 VUs, 577 complete and 0 interrupted iterations
default   [   6% ] 050/100 VUs  0m14.9s/4m00.0s

running (0m15.9s), 053/100 VUs, 622 complete and 0 interrupted iterations
default   [   7% ] 053/100 VUs  0m15.9s/4m00.0s

running (0m16.9s), 056/100 VUs, 656 complete and 0 interrupted iterations
default   [   7% ] 056/100 VUs  0m16.9s/4m00.0s

running (0m17.9s), 060/100 VUs, 692 complete and 0 interrupted iterations
default   [   7% ] 060/100 VUs  0m17.9s/4m00.0s

running (0m18.9s), 063/100 VUs, 739 complete and 0 interrupted iterations
default   [   8% ] 063/100 VUs  0m18.9s/4m00.0s

running (0m19.9s), 066/100 VUs, 777 complete and 0 interrupted iterations
default   [   8% ] 066/100 VUs  0m19.9s/4m00.0s

running (0m20.9s), 070/100 VUs, 815 complete and 0 interrupted iterations
default   [   9% ] 070/100 VUs  0m20.9s/4m00.0s

running (0m21.9s), 073/100 VUs, 853 complete and 0 interrupted iterations
default   [   9% ] 073/100 VUs  0m21.9s/4m00.0s

running (0m22.9s), 076/100 VUs, 894 complete and 0 interrupted iterations
default   [  10% ] 076/100 VUs  0m22.9s/4m00.0s

running (0m23.9s), 080/100 VUs, 932 complete and 0 interrupted iterations
default   [  10% ] 080/100 VUs  0m23.9s/4m00.0s

running (0m24.9s), 083/100 VUs, 974 complete and 0 interrupted iterations
default   [  10% ] 083/100 VUs  0m24.9s/4m00.0s

running (0m25.9s), 086/100 VUs, 1009 complete and 0 interrupted iterations
default   [  11% ] 086/100 VUs  0m25.9s/4m00.0s

running (0m26.9s), 089/100 VUs, 1053 complete and 0 interrupted iterations
default   [  11% ] 089/100 VUs  0m26.9s/4m00.0s

running (0m27.9s), 093/100 VUs, 1096 complete and 0 interrupted iterations
default   [  12% ] 093/100 VUs  0m27.9s/4m00.0s

running (0m28.9s), 096/100 VUs, 1136 complete and 0 interrupted iterations
default   [  12% ] 096/100 VUs  0m28.9s/4m00.0s

running (0m29.9s), 099/100 VUs, 1174 complete and 0 interrupted iterations
default   [  12% ] 099/100 VUs  0m29.9s/4m00.0s

running (0m30.9s), 100/100 VUs, 1215 complete and 0 interrupted iterations
default   [  13% ] 100/100 VUs  0m30.9s/4m00.0s

running (0m31.9s), 100/100 VUs, 1253 complete and 0 interrupted iterations
default   [  13% ] 100/100 VUs  0m31.9s/4m00.0s

running (0m32.9s), 100/100 VUs, 1294 complete and 0 interrupted iterations
default   [  14% ] 100/100 VUs  0m32.9s/4m00.0s

running (0m33.9s), 100/100 VUs, 1333 complete and 0 interrupted iterations
default   [  14% ] 100/100 VUs  0m33.9s/4m00.0s

running (0m34.9s), 100/100 VUs, 1378 complete and 0 interrupted iterations
default   [  15% ] 100/100 VUs  0m34.9s/4m00.0s

running (0m35.9s), 100/100 VUs, 1414 complete and 0 interrupted iterations
default   [  15% ] 100/100 VUs  0m35.9s/4m00.0s

running (0m36.9s), 100/100 VUs, 1459 complete and 0 interrupted iterations
default   [  15% ] 100/100 VUs  0m36.9s/4m00.0s

running (0m37.9s), 100/100 VUs, 1499 complete and 0 interrupted iterations
default   [  16% ] 100/100 VUs  0m37.9s/4m00.0s

running (0m38.9s), 100/100 VUs, 1537 complete and 0 interrupted iterations
default   [  16% ] 100/100 VUs  0m38.9s/4m00.0s

running (0m39.9s), 100/100 VUs, 1582 complete and 0 interrupted iterations
default   [  17% ] 100/100 VUs  0m39.9s/4m00.0s

running (0m40.9s), 100/100 VUs, 1619 complete and 0 interrupted iterations
default   [  17% ] 100/100 VUs  0m40.9s/4m00.0s

running (0m41.9s), 100/100 VUs, 1661 complete and 0 interrupted iterations
default   [  17% ] 100/100 VUs  0m41.9s/4m00.0s

running (0m42.9s), 100/100 VUs, 1704 complete and 0 interrupted iterations
default   [  18% ] 100/100 VUs  0m42.9s/4m00.0s

running (0m43.9s), 100/100 VUs, 1746 complete and 0 interrupted iterations
default   [  18% ] 100/100 VUs  0m43.9s/4m00.0s

running (0m44.9s), 100/100 VUs, 1782 complete and 0 interrupted iterations
default   [  19% ] 100/100 VUs  0m44.9s/4m00.0s

running (0m45.9s), 100/100 VUs, 1829 complete and 0 interrupted iterations
default   [  19% ] 100/100 VUs  0m45.9s/4m00.0s

running (0m46.9s), 100/100 VUs, 1865 complete and 0 interrupted iterations
default   [  20% ] 100/100 VUs  0m46.9s/4m00.0s

running (0m47.9s), 100/100 VUs, 1911 complete and 0 interrupted iterations
default   [  20% ] 100/100 VUs  0m47.9s/4m00.0s

running (0m48.9s), 100/100 VUs, 1948 complete and 0 interrupted iterations
default   [  20% ] 100/100 VUs  0m48.9s/4m00.0s

running (0m49.9s), 100/100 VUs, 1991 complete and 0 interrupted iterations
default   [  21% ] 100/100 VUs  0m49.9s/4m00.0s

running (0m50.9s), 100/100 VUs, 2031 complete and 0 interrupted iterations
default   [  21% ] 100/100 VUs  0m50.9s/4m00.0s

running (0m51.9s), 100/100 VUs, 2070 complete and 0 interrupted iterations
default   [  22% ] 100/100 VUs  0m51.9s/4m00.0s

running (0m52.9s), 100/100 VUs, 2118 complete and 0 interrupted iterations
default   [  22% ] 100/100 VUs  0m52.9s/4m00.0s

running (0m53.9s), 100/100 VUs, 2163 complete and 0 interrupted iterations
default   [  22% ] 100/100 VUs  0m53.9s/4m00.0s

running (0m54.9s), 100/100 VUs, 2191 complete and 0 interrupted iterations
default   [  23% ] 100/100 VUs  0m54.9s/4m00.0s

running (0m55.9s), 100/100 VUs, 2235 complete and 0 interrupted iterations
default   [  23% ] 100/100 VUs  0m55.9s/4m00.0s

running (0m56.9s), 100/100 VUs, 2280 complete and 0 interrupted iterations
default   [  24% ] 100/100 VUs  0m56.9s/4m00.0s

running (0m57.9s), 100/100 VUs, 2319 complete and 0 interrupted iterations
default   [  24% ] 100/100 VUs  0m57.9s/4m00.0s

running (0m58.9s), 100/100 VUs, 2357 complete and 0 interrupted iterations
default   [  25% ] 100/100 VUs  0m58.9s/4m00.0s

running (0m59.9s), 100/100 VUs, 2395 complete and 0 interrupted iterations
default   [  25% ] 100/100 VUs  0m59.9s/4m00.0s

running (1m00.9s), 100/100 VUs, 2443 complete and 0 interrupted iterations
default   [  25% ] 100/100 VUs  1m00.9s/4m00.0s

running (1m01.9s), 100/100 VUs, 2479 complete and 0 interrupted iterations
default   [  26% ] 100/100 VUs  1m01.9s/4m00.0s

running (1m02.9s), 100/100 VUs, 2523 complete and 0 interrupted iterations
default   [  26% ] 100/100 VUs  1m02.9s/4m00.0s

running (1m03.9s), 100/100 VUs, 2566 complete and 0 interrupted iterations
default   [  27% ] 100/100 VUs  1m03.9s/4m00.0s

running (1m04.9s), 100/100 VUs, 2600 complete and 0 interrupted iterations
default   [  27% ] 100/100 VUs  1m04.9s/4m00.0s

running (1m05.9s), 100/100 VUs, 2650 complete and 0 interrupted iterations
default   [  27% ] 100/100 VUs  1m05.9s/4m00.0s

running (1m06.9s), 100/100 VUs, 2689 complete and 0 interrupted iterations
default   [  28% ] 100/100 VUs  1m06.9s/4m00.0s

running (1m07.9s), 100/100 VUs, 2730 complete and 0 interrupted iterations
default   [  28% ] 100/100 VUs  1m07.9s/4m00.0s

running (1m08.9s), 100/100 VUs, 2770 complete and 0 interrupted iterations
default   [  29% ] 100/100 VUs  1m08.9s/4m00.0s

running (1m09.9s), 100/100 VUs, 2821 complete and 0 interrupted iterations
default   [  29% ] 100/100 VUs  1m09.9s/4m00.0s

running (1m10.9s), 100/100 VUs, 2851 complete and 0 interrupted iterations
default   [  30% ] 100/100 VUs  1m10.9s/4m00.0s

running (1m11.9s), 100/100 VUs, 2892 complete and 0 interrupted iterations
default   [  30% ] 100/100 VUs  1m11.9s/4m00.0s

running (1m12.9s), 100/100 VUs, 2926 complete and 0 interrupted iterations
default   [  30% ] 100/100 VUs  1m12.9s/4m00.0s

running (1m13.9s), 100/100 VUs, 2978 complete and 0 interrupted iterations
default   [  31% ] 100/100 VUs  1m13.9s/4m00.0s

running (1m14.9s), 100/100 VUs, 3015 complete and 0 interrupted iterations
default   [  31% ] 100/100 VUs  1m14.9s/4m00.0s

running (1m15.9s), 100/100 VUs, 3054 complete and 0 interrupted iterations
default   [  32% ] 100/100 VUs  1m15.9s/4m00.0s

running (1m16.9s), 100/100 VUs, 3096 complete and 0 interrupted iterations
default   [  32% ] 100/100 VUs  1m16.9s/4m00.0s

running (1m17.9s), 100/100 VUs, 3151 complete and 0 interrupted iterations
default   [  32% ] 100/100 VUs  1m17.9s/4m00.0s

running (1m18.9s), 100/100 VUs, 3177 complete and 0 interrupted iterations
default   [  33% ] 100/100 VUs  1m18.9s/4m00.0s

running (1m19.9s), 100/100 VUs, 3212 complete and 0 interrupted iterations
default   [  33% ] 100/100 VUs  1m19.9s/4m00.0s

running (1m20.9s), 100/100 VUs, 3269 complete and 0 interrupted iterations
default   [  34% ] 100/100 VUs  1m20.9s/4m00.0s

running (1m21.9s), 100/100 VUs, 3302 complete and 0 interrupted iterations
default   [  34% ] 100/100 VUs  1m21.9s/4m00.0s

running (1m22.9s), 100/100 VUs, 3341 complete and 0 interrupted iterations
default   [  35% ] 100/100 VUs  1m22.9s/4m00.0s

running (1m23.9s), 100/100 VUs, 3383 complete and 0 interrupted iterations
default   [  35% ] 100/100 VUs  1m23.9s/4m00.0s

running (1m24.9s), 100/100 VUs, 3432 complete and 0 interrupted iterations
default   [  35% ] 100/100 VUs  1m24.9s/4m00.0s

running (1m25.9s), 100/100 VUs, 3462 complete and 0 interrupted iterations
default   [  36% ] 100/100 VUs  1m25.9s/4m00.0s

running (1m26.9s), 100/100 VUs, 3510 complete and 0 interrupted iterations
default   [  36% ] 100/100 VUs  1m26.9s/4m00.0s

running (1m27.9s), 100/100 VUs, 3553 complete and 0 interrupted iterations
default   [  37% ] 100/100 VUs  1m27.9s/4m00.0s

running (1m28.9s), 100/100 VUs, 3590 complete and 0 interrupted iterations
default   [  37% ] 100/100 VUs  1m28.9s/4m00.0s

running (1m29.9s), 100/100 VUs, 3634 complete and 0 interrupted iterations
default   [  37% ] 100/100 VUs  1m29.9s/4m00.0s

running (1m30.9s), 100/100 VUs, 3670 complete and 0 interrupted iterations
default   [  38% ] 100/100 VUs  1m30.9s/4m00.0s

running (1m31.9s), 100/100 VUs, 3711 complete and 0 interrupted iterations
default   [  38% ] 100/100 VUs  1m31.9s/4m00.0s

running (1m32.9s), 100/100 VUs, 3752 complete and 0 interrupted iterations
default   [  39% ] 100/100 VUs  1m32.9s/4m00.0s

running (1m33.9s), 100/100 VUs, 3796 complete and 0 interrupted iterations
default   [  39% ] 100/100 VUs  1m33.9s/4m00.0s

running (1m34.9s), 100/100 VUs, 3835 complete and 0 interrupted iterations
default   [  40% ] 100/100 VUs  1m34.9s/4m00.0s

running (1m35.9s), 100/100 VUs, 3877 complete and 0 interrupted iterations
default   [  40% ] 100/100 VUs  1m35.9s/4m00.0s

running (1m36.9s), 100/100 VUs, 3921 complete and 0 interrupted iterations
default   [  40% ] 100/100 VUs  1m36.9s/4m00.0s

running (1m37.9s), 100/100 VUs, 3953 complete and 0 interrupted iterations
default   [  41% ] 100/100 VUs  1m37.9s/4m00.0s

running (1m38.9s), 100/100 VUs, 4001 complete and 0 interrupted iterations
default   [  41% ] 100/100 VUs  1m38.9s/4m00.0s

running (1m39.9s), 100/100 VUs, 4058 complete and 0 interrupted iterations
default   [  42% ] 100/100 VUs  1m39.9s/4m00.0s

running (1m40.9s), 100/100 VUs, 4084 complete and 0 interrupted iterations
default   [  42% ] 100/100 VUs  1m40.9s/4m00.0s

running (1m41.9s), 100/100 VUs, 4120 complete and 0 interrupted iterations
default   [  42% ] 100/100 VUs  1m41.9s/4m00.0s

running (1m42.9s), 100/100 VUs, 4167 complete and 0 interrupted iterations
default   [  43% ] 100/100 VUs  1m42.9s/4m00.0s

running (1m43.9s), 100/100 VUs, 4205 complete and 0 interrupted iterations
default   [  43% ] 100/100 VUs  1m43.9s/4m00.0s

running (1m44.9s), 100/100 VUs, 4249 complete and 0 interrupted iterations
default   [  44% ] 100/100 VUs  1m44.9s/4m00.0s

running (1m45.9s), 100/100 VUs, 4289 complete and 0 interrupted iterations
default   [  44% ] 100/100 VUs  1m45.9s/4m00.0s

running (1m46.9s), 100/100 VUs, 4329 complete and 0 interrupted iterations
default   [  45% ] 100/100 VUs  1m46.9s/4m00.0s

running (1m47.9s), 100/100 VUs, 4369 complete and 0 interrupted iterations
default   [  45% ] 100/100 VUs  1m47.9s/4m00.0s

running (1m48.9s), 100/100 VUs, 4405 complete and 0 interrupted iterations
default   [  45% ] 100/100 VUs  1m48.9s/4m00.0s

running (1m49.9s), 100/100 VUs, 4454 complete and 0 interrupted iterations
default   [  46% ] 100/100 VUs  1m49.9s/4m00.0s

running (1m50.9s), 100/100 VUs, 4491 complete and 0 interrupted iterations
default   [  46% ] 100/100 VUs  1m50.9s/4m00.0s

running (1m51.9s), 100/100 VUs, 4529 complete and 0 interrupted iterations
default   [  47% ] 100/100 VUs  1m51.9s/4m00.0s

running (1m52.9s), 100/100 VUs, 4574 complete and 0 interrupted iterations
default   [  47% ] 100/100 VUs  1m52.9s/4m00.0s

running (1m53.9s), 100/100 VUs, 4616 complete and 0 interrupted iterations
default   [  47% ] 100/100 VUs  1m53.9s/4m00.0s

running (1m54.9s), 100/100 VUs, 4656 complete and 0 interrupted iterations
default   [  48% ] 100/100 VUs  1m54.9s/4m00.0s

running (1m55.9s), 100/100 VUs, 4694 complete and 0 interrupted iterations
default   [  48% ] 100/100 VUs  1m55.9s/4m00.0s

running (1m56.9s), 100/100 VUs, 4736 complete and 0 interrupted iterations
default   [  49% ] 100/100 VUs  1m56.9s/4m00.0s

running (1m57.9s), 100/100 VUs, 4786 complete and 0 interrupted iterations
default   [  49% ] 100/100 VUs  1m57.9s/4m00.0s

running (1m58.9s), 100/100 VUs, 4826 complete and 0 interrupted iterations
default   [  50% ] 100/100 VUs  1m58.9s/4m00.0s

running (1m59.9s), 100/100 VUs, 4850 complete and 0 interrupted iterations
default   [  50% ] 100/100 VUs  1m59.9s/4m00.0s

running (2m00.9s), 100/100 VUs, 4908 complete and 0 interrupted iterations
default   [  50% ] 100/100 VUs  2m00.9s/4m00.0s

running (2m01.9s), 100/100 VUs, 4940 complete and 0 interrupted iterations
default   [  51% ] 100/100 VUs  2m01.9s/4m00.0s

running (2m02.9s), 100/100 VUs, 4983 complete and 0 interrupted iterations
default   [  51% ] 100/100 VUs  2m02.9s/4m00.0s

running (2m03.9s), 100/100 VUs, 5025 complete and 0 interrupted iterations
default   [  52% ] 100/100 VUs  2m03.9s/4m00.0s

running (2m04.9s), 100/100 VUs, 5065 complete and 0 interrupted iterations
default   [  52% ] 100/100 VUs  2m04.9s/4m00.0s

running (2m05.9s), 100/100 VUs, 5106 complete and 0 interrupted iterations
default   [  52% ] 100/100 VUs  2m05.9s/4m00.0s

running (2m06.9s), 100/100 VUs, 5149 complete and 0 interrupted iterations
default   [  53% ] 100/100 VUs  2m06.9s/4m00.0s

running (2m07.9s), 100/100 VUs, 5185 complete and 0 interrupted iterations
default   [  53% ] 100/100 VUs  2m07.9s/4m00.0s

running (2m08.9s), 100/100 VUs, 5221 complete and 0 interrupted iterations
default   [  54% ] 100/100 VUs  2m08.9s/4m00.0s

running (2m09.9s), 100/100 VUs, 5273 complete and 0 interrupted iterations
default   [  54% ] 100/100 VUs  2m09.9s/4m00.0s

running (2m10.9s), 100/100 VUs, 5308 complete and 0 interrupted iterations
default   [  55% ] 100/100 VUs  2m10.9s/4m00.0s

running (2m11.9s), 100/100 VUs, 5355 complete and 0 interrupted iterations
default   [  55% ] 100/100 VUs  2m11.9s/4m00.0s

running (2m12.9s), 100/100 VUs, 5393 complete and 0 interrupted iterations
default   [  55% ] 100/100 VUs  2m12.9s/4m00.0s

running (2m13.9s), 100/100 VUs, 5428 complete and 0 interrupted iterations
default   [  56% ] 100/100 VUs  2m13.9s/4m00.0s

running (2m14.9s), 100/100 VUs, 5473 complete and 0 interrupted iterations
default   [  56% ] 100/100 VUs  2m14.9s/4m00.0s

running (2m15.9s), 100/100 VUs, 5520 complete and 0 interrupted iterations
default   [  57% ] 100/100 VUs  2m15.9s/4m00.0s

running (2m16.9s), 100/100 VUs, 5549 complete and 0 interrupted iterations
default   [  57% ] 100/100 VUs  2m16.9s/4m00.0s

running (2m17.9s), 100/100 VUs, 5597 complete and 0 interrupted iterations
default   [  57% ] 100/100 VUs  2m17.9s/4m00.0s

running (2m18.9s), 100/100 VUs, 5643 complete and 0 interrupted iterations
default   [  58% ] 100/100 VUs  2m18.9s/4m00.0s

running (2m19.9s), 100/100 VUs, 5673 complete and 0 interrupted iterations
default   [  58% ] 100/100 VUs  2m19.9s/4m00.0s

running (2m20.9s), 100/100 VUs, 5721 complete and 0 interrupted iterations
default   [  59% ] 100/100 VUs  2m20.9s/4m00.0s

running (2m21.9s), 100/100 VUs, 5760 complete and 0 interrupted iterations
default   [  59% ] 100/100 VUs  2m21.9s/4m00.0s

running (2m22.9s), 100/100 VUs, 5801 complete and 0 interrupted iterations
default   [  60% ] 100/100 VUs  2m22.9s/4m00.0s

running (2m23.9s), 100/100 VUs, 5843 complete and 0 interrupted iterations
default   [  60% ] 100/100 VUs  2m23.9s/4m00.0s

running (2m24.9s), 100/100 VUs, 5879 complete and 0 interrupted iterations
default   [  60% ] 100/100 VUs  2m24.9s/4m00.0s

running (2m25.9s), 100/100 VUs, 5922 complete and 0 interrupted iterations
default   [  61% ] 100/100 VUs  2m25.9s/4m00.0s

running (2m26.9s), 100/100 VUs, 5967 complete and 0 interrupted iterations
default   [  61% ] 100/100 VUs  2m26.9s/4m00.0s

running (2m27.9s), 100/100 VUs, 6011 complete and 0 interrupted iterations
default   [  62% ] 100/100 VUs  2m27.9s/4m00.0s

running (2m28.9s), 100/100 VUs, 6050 complete and 0 interrupted iterations
default   [  62% ] 100/100 VUs  2m28.9s/4m00.0s

running (2m29.9s), 100/100 VUs, 6084 complete and 0 interrupted iterations
default   [  62% ] 100/100 VUs  2m29.9s/4m00.0s

running (2m30.9s), 100/100 VUs, 6129 complete and 0 interrupted iterations
default   [  63% ] 100/100 VUs  2m30.9s/4m00.0s

running (2m31.9s), 100/100 VUs, 6175 complete and 0 interrupted iterations
default   [  63% ] 100/100 VUs  2m31.9s/4m00.0s

running (2m32.9s), 100/100 VUs, 6209 complete and 0 interrupted iterations
default   [  64% ] 100/100 VUs  2m32.9s/4m00.0s

running (2m33.9s), 100/100 VUs, 6248 complete and 0 interrupted iterations
default   [  64% ] 100/100 VUs  2m33.9s/4m00.0s

running (2m34.9s), 100/100 VUs, 6296 complete and 0 interrupted iterations
default   [  65% ] 100/100 VUs  2m34.9s/4m00.0s

running (2m35.9s), 100/100 VUs, 6341 complete and 0 interrupted iterations
default   [  65% ] 100/100 VUs  2m35.9s/4m00.0s

running (2m36.9s), 100/100 VUs, 6385 complete and 0 interrupted iterations
default   [  65% ] 100/100 VUs  2m36.9s/4m00.0s

running (2m37.9s), 100/100 VUs, 6416 complete and 0 interrupted iterations
default   [  66% ] 100/100 VUs  2m37.9s/4m00.0s

running (2m38.9s), 100/100 VUs, 6456 complete and 0 interrupted iterations
default   [  66% ] 100/100 VUs  2m38.9s/4m00.0s

running (2m39.9s), 100/100 VUs, 6504 complete and 0 interrupted iterations
default   [  67% ] 100/100 VUs  2m39.9s/4m00.0s

running (2m40.9s), 100/100 VUs, 6542 complete and 0 interrupted iterations
default   [  67% ] 100/100 VUs  2m40.9s/4m00.0s

running (2m41.9s), 100/100 VUs, 6584 complete and 0 interrupted iterations
default   [  67% ] 100/100 VUs  2m41.9s/4m00.0s

running (2m42.9s), 100/100 VUs, 6620 complete and 0 interrupted iterations
default   [  68% ] 100/100 VUs  2m42.9s/4m00.0s

running (2m43.9s), 100/100 VUs, 6663 complete and 0 interrupted iterations
default   [  68% ] 100/100 VUs  2m43.9s/4m00.0s

running (2m44.9s), 100/100 VUs, 6708 complete and 0 interrupted iterations
default   [  69% ] 100/100 VUs  2m44.9s/4m00.0s

running (2m45.9s), 100/100 VUs, 6740 complete and 0 interrupted iterations
default   [  69% ] 100/100 VUs  2m45.9s/4m00.0s

running (2m46.9s), 100/100 VUs, 6783 complete and 0 interrupted iterations
default   [  70% ] 100/100 VUs  2m46.9s/4m00.0s

running (2m47.9s), 100/100 VUs, 6822 complete and 0 interrupted iterations
default   [  70% ] 100/100 VUs  2m47.9s/4m00.0s

running (2m48.9s), 100/100 VUs, 6871 complete and 0 interrupted iterations
default   [  70% ] 100/100 VUs  2m48.9s/4m00.0s

running (2m49.9s), 100/100 VUs, 6910 complete and 0 interrupted iterations
default   [  71% ] 100/100 VUs  2m49.9s/4m00.0s

running (2m50.9s), 100/100 VUs, 6942 complete and 0 interrupted iterations
default   [  71% ] 100/100 VUs  2m50.9s/4m00.0s

running (2m51.9s), 100/100 VUs, 6989 complete and 0 interrupted iterations
default   [  72% ] 100/100 VUs  2m51.9s/4m00.0s

running (2m52.9s), 100/100 VUs, 7037 complete and 0 interrupted iterations
default   [  72% ] 100/100 VUs  2m52.9s/4m00.0s

running (2m53.9s), 100/100 VUs, 7071 complete and 0 interrupted iterations
default   [  72% ] 100/100 VUs  2m53.9s/4m00.0s

running (2m54.9s), 100/100 VUs, 7107 complete and 0 interrupted iterations
default   [  73% ] 100/100 VUs  2m54.9s/4m00.0s

running (2m55.9s), 100/100 VUs, 7161 complete and 0 interrupted iterations
default   [  73% ] 100/100 VUs  2m55.9s/4m00.0s

running (2m56.9s), 100/100 VUs, 7197 complete and 0 interrupted iterations
default   [  74% ] 100/100 VUs  2m56.9s/4m00.0s

running (2m57.9s), 100/100 VUs, 7237 complete and 0 interrupted iterations
default   [  74% ] 100/100 VUs  2m57.9s/4m00.0s

running (2m58.9s), 100/100 VUs, 7282 complete and 0 interrupted iterations
default   [  75% ] 100/100 VUs  2m58.9s/4m00.0s

running (2m59.9s), 100/100 VUs, 7315 complete and 0 interrupted iterations
default   [  75% ] 100/100 VUs  2m59.9s/4m00.0s

running (3m00.9s), 100/100 VUs, 7357 complete and 0 interrupted iterations
default   [  75% ] 100/100 VUs  3m00.9s/4m00.0s

running (3m01.9s), 100/100 VUs, 7405 complete and 0 interrupted iterations
default   [  76% ] 100/100 VUs  3m01.9s/4m00.0s

running (3m02.9s), 100/100 VUs, 7447 complete and 0 interrupted iterations
default   [  76% ] 100/100 VUs  3m02.9s/4m00.0s

running (3m03.9s), 100/100 VUs, 7483 complete and 0 interrupted iterations
default   [  77% ] 100/100 VUs  3m03.9s/4m00.0s

running (3m04.9s), 100/100 VUs, 7526 complete and 0 interrupted iterations
default   [  77% ] 100/100 VUs  3m04.9s/4m00.0s

running (3m05.9s), 100/100 VUs, 7565 complete and 0 interrupted iterations
default   [  77% ] 100/100 VUs  3m05.9s/4m00.0s

running (3m06.9s), 100/100 VUs, 7605 complete and 0 interrupted iterations
default   [  78% ] 100/100 VUs  3m06.9s/4m00.0s

running (3m07.9s), 100/100 VUs, 7644 complete and 0 interrupted iterations
default   [  78% ] 100/100 VUs  3m07.9s/4m00.0s

running (3m08.9s), 100/100 VUs, 7687 complete and 0 interrupted iterations
default   [  79% ] 100/100 VUs  3m08.9s/4m00.0s

running (3m09.9s), 100/100 VUs, 7726 complete and 0 interrupted iterations
default   [  79% ] 100/100 VUs  3m09.9s/4m00.0s

running (3m10.9s), 100/100 VUs, 7772 complete and 0 interrupted iterations
default   [  80% ] 100/100 VUs  3m10.9s/4m00.0s

running (3m11.9s), 100/100 VUs, 7814 complete and 0 interrupted iterations
default   [  80% ] 100/100 VUs  3m11.9s/4m00.0s

running (3m12.9s), 100/100 VUs, 7851 complete and 0 interrupted iterations
default   [  80% ] 100/100 VUs  3m12.9s/4m00.0s

running (3m13.9s), 100/100 VUs, 7888 complete and 0 interrupted iterations
default   [  81% ] 100/100 VUs  3m13.9s/4m00.0s

running (3m14.9s), 100/100 VUs, 7927 complete and 0 interrupted iterations
default   [  81% ] 100/100 VUs  3m14.9s/4m00.0s

running (3m15.9s), 100/100 VUs, 7977 complete and 0 interrupted iterations
default   [  82% ] 100/100 VUs  3m15.9s/4m00.0s

running (3m16.9s), 100/100 VUs, 8011 complete and 0 interrupted iterations
default   [  82% ] 100/100 VUs  3m16.9s/4m00.0s

running (3m17.9s), 100/100 VUs, 8057 complete and 0 interrupted iterations
default   [  82% ] 100/100 VUs  3m17.9s/4m00.0s

running (3m18.9s), 100/100 VUs, 8101 complete and 0 interrupted iterations
default   [  83% ] 100/100 VUs  3m18.9s/4m00.0s

running (3m19.9s), 100/100 VUs, 8143 complete and 0 interrupted iterations
default   [  83% ] 100/100 VUs  3m19.9s/4m00.0s

running (3m20.9s), 100/100 VUs, 8179 complete and 0 interrupted iterations
default   [  84% ] 100/100 VUs  3m20.9s/4m00.0s

running (3m21.9s), 100/100 VUs, 8219 complete and 0 interrupted iterations
default   [  84% ] 100/100 VUs  3m21.9s/4m00.0s

running (3m22.9s), 100/100 VUs, 8266 complete and 0 interrupted iterations
default   [  85% ] 100/100 VUs  3m22.9s/4m00.0s

running (3m23.9s), 100/100 VUs, 8298 complete and 0 interrupted iterations
default   [  85% ] 100/100 VUs  3m23.9s/4m00.0s

running (3m24.9s), 100/100 VUs, 8344 complete and 0 interrupted iterations
default   [  85% ] 100/100 VUs  3m24.9s/4m00.0s

running (3m25.9s), 100/100 VUs, 8390 complete and 0 interrupted iterations
default   [  86% ] 100/100 VUs  3m25.9s/4m00.0s

running (3m26.9s), 100/100 VUs, 8429 complete and 0 interrupted iterations
default   [  86% ] 100/100 VUs  3m26.9s/4m00.0s

running (3m27.9s), 100/100 VUs, 8467 complete and 0 interrupted iterations
default   [  87% ] 100/100 VUs  3m27.9s/4m00.0s

running (3m28.9s), 100/100 VUs, 8507 complete and 0 interrupted iterations
default   [  87% ] 100/100 VUs  3m28.9s/4m00.0s

running (3m29.9s), 100/100 VUs, 8549 complete and 0 interrupted iterations
default   [  87% ] 100/100 VUs  3m29.9s/4m00.0s

running (3m30.9s), 100/100 VUs, 8587 complete and 0 interrupted iterations
default   [  88% ] 100/100 VUs  3m30.9s/4m00.0s

running (3m31.9s), 098/100 VUs, 8634 complete and 0 interrupted iterations
default   [  88% ] 098/100 VUs  3m31.9s/4m00.0s

running (3m32.9s), 096/100 VUs, 8670 complete and 0 interrupted iterations
default   [  89% ] 096/100 VUs  3m32.9s/4m00.0s

running (3m33.9s), 094/100 VUs, 8714 complete and 0 interrupted iterations
default   [  89% ] 094/100 VUs  3m33.9s/4m00.0s

running (3m34.9s), 090/100 VUs, 8758 complete and 0 interrupted iterations
default   [  90% ] 090/100 VUs  3m34.9s/4m00.0s

running (3m35.9s), 085/100 VUs, 8802 complete and 0 interrupted iterations
default   [  90% ] 085/100 VUs  3m35.9s/4m00.0s

running (3m36.9s), 079/100 VUs, 8841 complete and 0 interrupted iterations
default   [  90% ] 079/100 VUs  3m36.9s/4m00.0s

running (3m37.9s), 077/100 VUs, 8890 complete and 0 interrupted iterations
default   [  91% ] 077/100 VUs  3m37.9s/4m00.0s

running (3m38.9s), 075/100 VUs, 8929 complete and 0 interrupted iterations
default   [  91% ] 075/100 VUs  3m38.9s/4m00.0s

running (3m39.9s), 072/100 VUs, 8969 complete and 0 interrupted iterations
default   [  92% ] 072/100 VUs  3m39.9s/4m00.0s

running (3m40.9s), 066/100 VUs, 9015 complete and 0 interrupted iterations
default   [  92% ] 066/100 VUs  3m40.9s/4m00.0s

running (3m41.9s), 064/100 VUs, 9054 complete and 0 interrupted iterations
default   [  92% ] 064/100 VUs  3m41.9s/4m00.0s

running (3m42.9s), 059/100 VUs, 9100 complete and 0 interrupted iterations
default   [  93% ] 059/100 VUs  3m42.9s/4m00.0s

running (3m43.9s), 056/100 VUs, 9147 complete and 0 interrupted iterations
default   [  93% ] 056/100 VUs  3m43.9s/4m00.0s

running (3m44.9s), 053/100 VUs, 9187 complete and 0 interrupted iterations
default   [  94% ] 053/100 VUs  3m44.9s/4m00.0s

running (3m45.9s), 050/100 VUs, 9230 complete and 0 interrupted iterations
default   [  94% ] 050/100 VUs  3m45.9s/4m00.0s

running (3m46.9s), 047/100 VUs, 9267 complete and 0 interrupted iterations
default   [  95% ] 047/100 VUs  3m46.9s/4m00.0s

running (3m47.9s), 043/100 VUs, 9313 complete and 0 interrupted iterations
default   [  95% ] 043/100 VUs  3m47.9s/4m00.0s

running (3m48.9s), 039/100 VUs, 9359 complete and 0 interrupted iterations
default   [  95% ] 039/100 VUs  3m48.9s/4m00.0s

running (3m49.9s), 035/100 VUs, 9400 complete and 0 interrupted iterations
default   [  96% ] 035/100 VUs  3m49.9s/4m00.0s

running (3m50.9s), 033/100 VUs, 9439 complete and 0 interrupted iterations
default   [  96% ] 033/100 VUs  3m50.9s/4m00.0s

running (3m51.9s), 029/100 VUs, 9484 complete and 0 interrupted iterations
default   [  97% ] 029/100 VUs  3m51.9s/4m00.0s

running (3m52.9s), 025/100 VUs, 9530 complete and 0 interrupted iterations
default   [  97% ] 025/100 VUs  3m52.9s/4m00.0s

running (3m53.9s), 021/100 VUs, 9571 complete and 0 interrupted iterations
default   [  97% ] 021/100 VUs  3m53.9s/4m00.0s

running (3m54.9s), 018/100 VUs, 9616 complete and 0 interrupted iterations
default   [  98% ] 018/100 VUs  3m54.9s/4m00.0s

running (3m55.9s), 015/100 VUs, 9656 complete and 0 interrupted iterations
default   [  98% ] 015/100 VUs  3m55.9s/4m00.0s

running (3m56.9s), 011/100 VUs, 9700 complete and 0 interrupted iterations
default   [  99% ] 011/100 VUs  3m56.9s/4m00.0s

running (3m57.9s), 008/100 VUs, 9746 complete and 0 interrupted iterations
default   [  99% ] 008/100 VUs  3m57.9s/4m00.0s

running (3m58.9s), 004/100 VUs, 9787 complete and 0 interrupted iterations
default   [ 100% ] 004/100 VUs  3m58.9s/4m00.0s

running (3m59.9s), 001/100 VUs, 9825 complete and 0 interrupted iterations
default   [ 100% ] 001/100 VUs  3m59.9s/4m00.0s


  █ THRESHOLDS 

    checks
    ✓ 'rate>0.95' rate=100.00%

    http_req_duration
    ✓ 'p(95)<5000' p(95)=3.4s
    ✓ 'p(99)<10000' p(99)=3.83s

    http_req_failed
    ✓ 'rate<0.05' rate=0.00%


  █ TOTAL RESULTS 

    checks_total.......: 39308   163.757104/s
    checks_succeeded...: 100.00% 39308 out of 39308
    checks_failed......: 0.00%   0 out of 39308

    ✓ status is 200
    ✓ content-type is json
    ✓ workloadType is CPU-BOUND
    ✓ executionTimeMs exists

    CUSTOM
    response_time_ms...............: min=46.223994 avg=2145.228161 med=2265.773818 max=5151.059622 p(90)=3163.375863 p(95)=3401.923464 p(99)=3830.4678
    successful_requests............: 9827   40.939276/s

    HTTP
    http_req_duration..............: min=46.22ms   avg=2.14s       med=2.26s       max=5.15s       p(90)=3.16s       p(95)=3.4s        p(99)=3.83s    
      { expected_response:true }...: min=46.22ms   avg=2.14s       med=2.26s       max=5.15s       p(90)=3.16s       p(95)=3.4s        p(99)=3.83s    
    http_req_failed................: 0.00%  0 out of 9827
    http_reqs......................: 9827   40.939276/s

    EXECUTION
    iteration_duration.............: min=46.36ms   avg=2.14s       med=2.26s       max=5.15s       p(90)=3.16s       p(95)=3.4s        p(99)=3.83s    
    iterations.....................: 9827   40.939276/s
    vus............................: 1      min=1         max=100
    vus_max........................: 100    min=100       max=100

    NETWORK
    data_received..................: 2.8 MB 12 kB/s
    data_sent......................: 786 kB 3.3 kB/s




running (4m00.0s), 000/100 VUs, 9827 complete and 0 interrupted iterations
default ✓ [ 100% ] 000/100 VUs  4m0s
