
         /\      Grafana   /‾‾/  
    /\  /  \     |\  __   /  /   
   /  \/    \    | |/ /  /   ‾‾\ 
  /          \   |   (  |  (‾)  |
 / __________ \  |_|\_\  \_____/ 


     execution: local
        script: cpu-bound-test.js
        output: -

     scenarios: (100.00%) 1 scenario, 10 max VUs, 4m30s max duration (incl. graceful stop):
              * default: Up to 10 looping VUs for 4m0s over 3 stages (gracefulRampDown: 30s, gracefulStop: 30s)


running (0m01.0s), 01/10 VUs, 20 complete and 0 interrupted iterations
default   [   0% ] 01/10 VUs  0m01.0s/4m00.0s

running (0m02.0s), 01/10 VUs, 42 complete and 0 interrupted iterations
default   [   1% ] 01/10 VUs  0m02.0s/4m00.0s

running (0m03.0s), 01/10 VUs, 63 complete and 0 interrupted iterations
default   [   1% ] 01/10 VUs  0m03.0s/4m00.0s

running (0m04.0s), 02/10 VUs, 95 complete and 0 interrupted iterations
default   [   2% ] 02/10 VUs  0m04.0s/4m00.0s

running (0m05.0s), 02/10 VUs, 135 complete and 0 interrupted iterations
default   [   2% ] 02/10 VUs  0m05.0s/4m00.0s

running (0m06.0s), 02/10 VUs, 173 complete and 0 interrupted iterations
default   [   2% ] 02/10 VUs  0m06.0s/4m00.0s

running (0m07.0s), 03/10 VUs, 211 complete and 0 interrupted iterations
default   [   3% ] 03/10 VUs  0m07.0s/4m00.0s

running (0m08.0s), 03/10 VUs, 253 complete and 0 interrupted iterations
default   [   3% ] 03/10 VUs  0m08.0s/4m00.0s

running (0m09.0s), 03/10 VUs, 296 complete and 0 interrupted iterations
default   [   4% ] 03/10 VUs  0m09.0s/4m00.0s

running (0m10.0s), 03/10 VUs, 337 complete and 0 interrupted iterations
default   [   4% ] 03/10 VUs  0m10.0s/4m00.0s

running (0m11.0s), 04/10 VUs, 379 complete and 0 interrupted iterations
default   [   5% ] 04/10 VUs  0m11.0s/4m00.0s

running (0m12.0s), 04/10 VUs, 420 complete and 0 interrupted iterations
default   [   5% ] 04/10 VUs  0m12.0s/4m00.0s

running (0m13.0s), 04/10 VUs, 463 complete and 0 interrupted iterations
default   [   5% ] 04/10 VUs  0m13.0s/4m00.0s

running (0m14.0s), 05/10 VUs, 503 complete and 0 interrupted iterations
default   [   6% ] 05/10 VUs  0m14.0s/4m00.0s

running (0m15.0s), 05/10 VUs, 545 complete and 0 interrupted iterations
default   [   6% ] 05/10 VUs  0m15.0s/4m00.0s

running (0m16.0s), 05/10 VUs, 585 complete and 0 interrupted iterations
default   [   7% ] 05/10 VUs  0m16.0s/4m00.0s

running (0m17.0s), 06/10 VUs, 627 complete and 0 interrupted iterations
default   [   7% ] 06/10 VUs  0m17.0s/4m00.0s

running (0m18.0s), 06/10 VUs, 669 complete and 0 interrupted iterations
default   [   7% ] 06/10 VUs  0m18.0s/4m00.0s

running (0m19.0s), 06/10 VUs, 711 complete and 0 interrupted iterations
default   [   8% ] 06/10 VUs  0m19.0s/4m00.0s

running (0m20.0s), 06/10 VUs, 753 complete and 0 interrupted iterations
default   [   8% ] 06/10 VUs  0m20.0s/4m00.0s

running (0m21.0s), 07/10 VUs, 794 complete and 0 interrupted iterations
default   [   9% ] 07/10 VUs  0m21.0s/4m00.0s

running (0m22.0s), 07/10 VUs, 836 complete and 0 interrupted iterations
default   [   9% ] 07/10 VUs  0m22.0s/4m00.0s

running (0m23.0s), 07/10 VUs, 876 complete and 0 interrupted iterations
default   [  10% ] 07/10 VUs  0m23.0s/4m00.0s

running (0m24.0s), 08/10 VUs, 917 complete and 0 interrupted iterations
default   [  10% ] 08/10 VUs  0m24.0s/4m00.0s

running (0m25.0s), 08/10 VUs, 959 complete and 0 interrupted iterations
default   [  10% ] 08/10 VUs  0m25.0s/4m00.0s

running (0m26.0s), 08/10 VUs, 1002 complete and 0 interrupted iterations
default   [  11% ] 08/10 VUs  0m26.0s/4m00.0s

running (0m27.0s), 09/10 VUs, 1042 complete and 0 interrupted iterations
default   [  11% ] 09/10 VUs  0m27.0s/4m00.0s

running (0m28.0s), 09/10 VUs, 1083 complete and 0 interrupted iterations
default   [  12% ] 09/10 VUs  0m28.0s/4m00.0s

running (0m29.0s), 09/10 VUs, 1125 complete and 0 interrupted iterations
default   [  12% ] 09/10 VUs  0m29.0s/4m00.0s

running (0m30.0s), 09/10 VUs, 1167 complete and 0 interrupted iterations
default   [  12% ] 09/10 VUs  0m30.0s/4m00.0s

running (0m31.0s), 10/10 VUs, 1209 complete and 0 interrupted iterations
default   [  13% ] 10/10 VUs  0m31.0s/4m00.0s

running (0m32.0s), 10/10 VUs, 1249 complete and 0 interrupted iterations
default   [  13% ] 10/10 VUs  0m32.0s/4m00.0s

running (0m33.0s), 10/10 VUs, 1289 complete and 0 interrupted iterations
default   [  14% ] 10/10 VUs  0m33.0s/4m00.0s

running (0m34.0s), 10/10 VUs, 1332 complete and 0 interrupted iterations
default   [  14% ] 10/10 VUs  0m34.0s/4m00.0s

running (0m35.0s), 10/10 VUs, 1374 complete and 0 interrupted iterations
default   [  15% ] 10/10 VUs  0m35.0s/4m00.0s

running (0m36.0s), 10/10 VUs, 1416 complete and 0 interrupted iterations
default   [  15% ] 10/10 VUs  0m36.0s/4m00.0s

running (0m37.0s), 10/10 VUs, 1456 complete and 0 interrupted iterations
default   [  15% ] 10/10 VUs  0m37.0s/4m00.0s

running (0m38.0s), 10/10 VUs, 1497 complete and 0 interrupted iterations
default   [  16% ] 10/10 VUs  0m38.0s/4m00.0s

running (0m39.0s), 10/10 VUs, 1539 complete and 0 interrupted iterations
default   [  16% ] 10/10 VUs  0m39.0s/4m00.0s

running (0m40.0s), 10/10 VUs, 1581 complete and 0 interrupted iterations
default   [  17% ] 10/10 VUs  0m40.0s/4m00.0s

running (0m41.0s), 10/10 VUs, 1624 complete and 0 interrupted iterations
default   [  17% ] 10/10 VUs  0m41.0s/4m00.0s

running (0m42.0s), 10/10 VUs, 1664 complete and 0 interrupted iterations
default   [  17% ] 10/10 VUs  0m42.0s/4m00.0s

running (0m43.0s), 10/10 VUs, 1705 complete and 0 interrupted iterations
default   [  18% ] 10/10 VUs  0m43.0s/4m00.0s

running (0m44.0s), 10/10 VUs, 1748 complete and 0 interrupted iterations
default   [  18% ] 10/10 VUs  0m44.0s/4m00.0s

running (0m45.0s), 10/10 VUs, 1789 complete and 0 interrupted iterations
default   [  19% ] 10/10 VUs  0m45.0s/4m00.0s

running (0m46.0s), 10/10 VUs, 1832 complete and 0 interrupted iterations
default   [  19% ] 10/10 VUs  0m46.0s/4m00.0s

running (0m47.0s), 10/10 VUs, 1873 complete and 0 interrupted iterations
default   [  20% ] 10/10 VUs  0m47.0s/4m00.0s

running (0m48.0s), 10/10 VUs, 1914 complete and 0 interrupted iterations
default   [  20% ] 10/10 VUs  0m48.0s/4m00.0s

running (0m49.0s), 10/10 VUs, 1957 complete and 0 interrupted iterations
default   [  20% ] 10/10 VUs  0m49.0s/4m00.0s

running (0m50.0s), 10/10 VUs, 1998 complete and 0 interrupted iterations
default   [  21% ] 10/10 VUs  0m50.0s/4m00.0s

running (0m51.0s), 10/10 VUs, 2039 complete and 0 interrupted iterations
default   [  21% ] 10/10 VUs  0m51.0s/4m00.0s

running (0m52.0s), 10/10 VUs, 2080 complete and 0 interrupted iterations
default   [  22% ] 10/10 VUs  0m52.0s/4m00.0s

running (0m53.0s), 10/10 VUs, 2123 complete and 0 interrupted iterations
default   [  22% ] 10/10 VUs  0m53.0s/4m00.0s

running (0m54.0s), 10/10 VUs, 2164 complete and 0 interrupted iterations
default   [  22% ] 10/10 VUs  0m54.0s/4m00.0s

running (0m55.0s), 10/10 VUs, 2204 complete and 0 interrupted iterations
default   [  23% ] 10/10 VUs  0m55.0s/4m00.0s

running (0m56.0s), 10/10 VUs, 2246 complete and 0 interrupted iterations
default   [  23% ] 10/10 VUs  0m56.0s/4m00.0s

running (0m57.0s), 10/10 VUs, 2288 complete and 0 interrupted iterations
default   [  24% ] 10/10 VUs  0m57.0s/4m00.0s

running (0m58.0s), 10/10 VUs, 2330 complete and 0 interrupted iterations
default   [  24% ] 10/10 VUs  0m58.0s/4m00.0s

running (0m59.0s), 10/10 VUs, 2369 complete and 0 interrupted iterations
default   [  25% ] 10/10 VUs  0m59.0s/4m00.0s

running (1m00.0s), 10/10 VUs, 2412 complete and 0 interrupted iterations
default   [  25% ] 10/10 VUs  1m00.0s/4m00.0s

running (1m01.0s), 10/10 VUs, 2454 complete and 0 interrupted iterations
default   [  25% ] 10/10 VUs  1m01.0s/4m00.0s

running (1m02.0s), 10/10 VUs, 2495 complete and 0 interrupted iterations
default   [  26% ] 10/10 VUs  1m02.0s/4m00.0s

running (1m03.0s), 10/10 VUs, 2538 complete and 0 interrupted iterations
default   [  26% ] 10/10 VUs  1m03.0s/4m00.0s

running (1m04.0s), 10/10 VUs, 2579 complete and 0 interrupted iterations
default   [  27% ] 10/10 VUs  1m04.0s/4m00.0s

running (1m05.0s), 10/10 VUs, 2620 complete and 0 interrupted iterations
default   [  27% ] 10/10 VUs  1m05.0s/4m00.0s

running (1m06.0s), 10/10 VUs, 2661 complete and 0 interrupted iterations
default   [  27% ] 10/10 VUs  1m06.0s/4m00.0s

running (1m07.0s), 10/10 VUs, 2702 complete and 0 interrupted iterations
default   [  28% ] 10/10 VUs  1m07.0s/4m00.0s

running (1m08.0s), 10/10 VUs, 2745 complete and 0 interrupted iterations
default   [  28% ] 10/10 VUs  1m08.0s/4m00.0s

running (1m09.0s), 10/10 VUs, 2787 complete and 0 interrupted iterations
default   [  29% ] 10/10 VUs  1m09.0s/4m00.0s

running (1m10.0s), 10/10 VUs, 2828 complete and 0 interrupted iterations
default   [  29% ] 10/10 VUs  1m10.0s/4m00.0s

running (1m11.0s), 10/10 VUs, 2870 complete and 0 interrupted iterations
default   [  30% ] 10/10 VUs  1m11.0s/4m00.0s

running (1m12.0s), 10/10 VUs, 2912 complete and 0 interrupted iterations
default   [  30% ] 10/10 VUs  1m12.0s/4m00.0s

running (1m13.0s), 10/10 VUs, 2953 complete and 0 interrupted iterations
default   [  30% ] 10/10 VUs  1m13.0s/4m00.0s

running (1m14.0s), 10/10 VUs, 2994 complete and 0 interrupted iterations
default   [  31% ] 10/10 VUs  1m14.0s/4m00.0s

running (1m15.0s), 10/10 VUs, 3035 complete and 0 interrupted iterations
default   [  31% ] 10/10 VUs  1m15.0s/4m00.0s

running (1m16.0s), 10/10 VUs, 3077 complete and 0 interrupted iterations
default   [  32% ] 10/10 VUs  1m16.0s/4m00.0s

running (1m17.0s), 10/10 VUs, 3120 complete and 0 interrupted iterations
default   [  32% ] 10/10 VUs  1m17.0s/4m00.0s

running (1m18.0s), 10/10 VUs, 3161 complete and 0 interrupted iterations
default   [  32% ] 10/10 VUs  1m18.0s/4m00.0s

running (1m19.0s), 10/10 VUs, 3202 complete and 0 interrupted iterations
default   [  33% ] 10/10 VUs  1m19.0s/4m00.0s

running (1m20.0s), 10/10 VUs, 3242 complete and 0 interrupted iterations
default   [  33% ] 10/10 VUs  1m20.0s/4m00.0s

running (1m21.0s), 10/10 VUs, 3285 complete and 0 interrupted iterations
default   [  34% ] 10/10 VUs  1m21.0s/4m00.0s

running (1m22.0s), 10/10 VUs, 3327 complete and 0 interrupted iterations
default   [  34% ] 10/10 VUs  1m22.0s/4m00.0s

running (1m23.0s), 10/10 VUs, 3367 complete and 0 interrupted iterations
default   [  35% ] 10/10 VUs  1m23.0s/4m00.0s

running (1m24.0s), 10/10 VUs, 3410 complete and 0 interrupted iterations
default   [  35% ] 10/10 VUs  1m24.0s/4m00.0s

running (1m25.0s), 10/10 VUs, 3451 complete and 0 interrupted iterations
default   [  35% ] 10/10 VUs  1m25.0s/4m00.0s

running (1m26.0s), 10/10 VUs, 3494 complete and 0 interrupted iterations
default   [  36% ] 10/10 VUs  1m26.0s/4m00.0s

running (1m27.0s), 10/10 VUs, 3534 complete and 0 interrupted iterations
default   [  36% ] 10/10 VUs  1m27.0s/4m00.0s

running (1m28.0s), 10/10 VUs, 3576 complete and 0 interrupted iterations
default   [  37% ] 10/10 VUs  1m28.0s/4m00.0s

running (1m29.0s), 10/10 VUs, 3618 complete and 0 interrupted iterations
default   [  37% ] 10/10 VUs  1m29.0s/4m00.0s

running (1m30.0s), 10/10 VUs, 3660 complete and 0 interrupted iterations
default   [  37% ] 10/10 VUs  1m30.0s/4m00.0s

running (1m31.0s), 10/10 VUs, 3702 complete and 0 interrupted iterations
default   [  38% ] 10/10 VUs  1m31.0s/4m00.0s

running (1m32.0s), 10/10 VUs, 3744 complete and 0 interrupted iterations
default   [  38% ] 10/10 VUs  1m32.0s/4m00.0s

running (1m33.0s), 10/10 VUs, 3783 complete and 0 interrupted iterations
default   [  39% ] 10/10 VUs  1m33.0s/4m00.0s

running (1m34.0s), 10/10 VUs, 3827 complete and 0 interrupted iterations
default   [  39% ] 10/10 VUs  1m34.0s/4m00.0s

running (1m35.0s), 10/10 VUs, 3867 complete and 0 interrupted iterations
default   [  40% ] 10/10 VUs  1m35.0s/4m00.0s

running (1m36.0s), 10/10 VUs, 3907 complete and 0 interrupted iterations
default   [  40% ] 10/10 VUs  1m36.0s/4m00.0s

running (1m37.0s), 10/10 VUs, 3951 complete and 0 interrupted iterations
default   [  40% ] 10/10 VUs  1m37.0s/4m00.0s

running (1m38.0s), 10/10 VUs, 3991 complete and 0 interrupted iterations
default   [  41% ] 10/10 VUs  1m38.0s/4m00.0s

running (1m39.0s), 10/10 VUs, 4034 complete and 0 interrupted iterations
default   [  41% ] 10/10 VUs  1m39.0s/4m00.0s

running (1m40.0s), 10/10 VUs, 4076 complete and 0 interrupted iterations
default   [  42% ] 10/10 VUs  1m40.0s/4m00.0s

running (1m41.0s), 10/10 VUs, 4117 complete and 0 interrupted iterations
default   [  42% ] 10/10 VUs  1m41.0s/4m00.0s

running (1m42.0s), 10/10 VUs, 4157 complete and 0 interrupted iterations
default   [  42% ] 10/10 VUs  1m42.0s/4m00.0s

running (1m43.0s), 10/10 VUs, 4199 complete and 0 interrupted iterations
default   [  43% ] 10/10 VUs  1m43.0s/4m00.0s

running (1m44.0s), 10/10 VUs, 4243 complete and 0 interrupted iterations
default   [  43% ] 10/10 VUs  1m44.0s/4m00.0s

running (1m45.0s), 10/10 VUs, 4284 complete and 0 interrupted iterations
default   [  44% ] 10/10 VUs  1m45.0s/4m00.0s

running (1m46.0s), 10/10 VUs, 4325 complete and 0 interrupted iterations
default   [  44% ] 10/10 VUs  1m46.0s/4m00.0s

running (1m47.0s), 10/10 VUs, 4364 complete and 0 interrupted iterations
default   [  45% ] 10/10 VUs  1m47.0s/4m00.0s

running (1m48.0s), 10/10 VUs, 4406 complete and 0 interrupted iterations
default   [  45% ] 10/10 VUs  1m48.0s/4m00.0s

running (1m49.0s), 10/10 VUs, 4449 complete and 0 interrupted iterations
default   [  45% ] 10/10 VUs  1m49.0s/4m00.0s

running (1m50.0s), 10/10 VUs, 4492 complete and 0 interrupted iterations
default   [  46% ] 10/10 VUs  1m50.0s/4m00.0s

running (1m51.0s), 10/10 VUs, 4532 complete and 0 interrupted iterations
default   [  46% ] 10/10 VUs  1m51.0s/4m00.0s

running (1m52.0s), 10/10 VUs, 4574 complete and 0 interrupted iterations
default   [  47% ] 10/10 VUs  1m52.0s/4m00.0s

running (1m53.0s), 10/10 VUs, 4615 complete and 0 interrupted iterations
default   [  47% ] 10/10 VUs  1m53.0s/4m00.0s

running (1m54.0s), 10/10 VUs, 4657 complete and 0 interrupted iterations
default   [  47% ] 10/10 VUs  1m54.0s/4m00.0s

running (1m55.0s), 10/10 VUs, 4700 complete and 0 interrupted iterations
default   [  48% ] 10/10 VUs  1m55.0s/4m00.0s

running (1m56.0s), 10/10 VUs, 4740 complete and 0 interrupted iterations
default   [  48% ] 10/10 VUs  1m56.0s/4m00.0s

running (1m57.0s), 10/10 VUs, 4781 complete and 0 interrupted iterations
default   [  49% ] 10/10 VUs  1m57.0s/4m00.0s

running (1m58.0s), 10/10 VUs, 4824 complete and 0 interrupted iterations
default   [  49% ] 10/10 VUs  1m58.0s/4m00.0s

running (1m59.0s), 10/10 VUs, 4863 complete and 0 interrupted iterations
default   [  50% ] 10/10 VUs  1m59.0s/4m00.0s

running (2m00.0s), 10/10 VUs, 4905 complete and 0 interrupted iterations
default   [  50% ] 10/10 VUs  2m00.0s/4m00.0s

running (2m01.0s), 10/10 VUs, 4948 complete and 0 interrupted iterations
default   [  50% ] 10/10 VUs  2m01.0s/4m00.0s

running (2m02.0s), 10/10 VUs, 4989 complete and 0 interrupted iterations
default   [  51% ] 10/10 VUs  2m02.0s/4m00.0s

running (2m03.0s), 10/10 VUs, 5031 complete and 0 interrupted iterations
default   [  51% ] 10/10 VUs  2m03.0s/4m00.0s

running (2m04.0s), 10/10 VUs, 5073 complete and 0 interrupted iterations
default   [  52% ] 10/10 VUs  2m04.0s/4m00.0s

running (2m05.0s), 10/10 VUs, 5115 complete and 0 interrupted iterations
default   [  52% ] 10/10 VUs  2m05.0s/4m00.0s

running (2m06.0s), 10/10 VUs, 5154 complete and 0 interrupted iterations
default   [  52% ] 10/10 VUs  2m06.0s/4m00.0s

running (2m07.0s), 10/10 VUs, 5197 complete and 0 interrupted iterations
default   [  53% ] 10/10 VUs  2m07.0s/4m00.0s

running (2m08.0s), 10/10 VUs, 5239 complete and 0 interrupted iterations
default   [  53% ] 10/10 VUs  2m08.0s/4m00.0s

running (2m09.0s), 10/10 VUs, 5280 complete and 0 interrupted iterations
default   [  54% ] 10/10 VUs  2m09.0s/4m00.0s

running (2m10.0s), 10/10 VUs, 5321 complete and 0 interrupted iterations
default   [  54% ] 10/10 VUs  2m10.0s/4m00.0s

running (2m11.0s), 10/10 VUs, 5363 complete and 0 interrupted iterations
default   [  55% ] 10/10 VUs  2m11.0s/4m00.0s

running (2m12.0s), 10/10 VUs, 5405 complete and 0 interrupted iterations
default   [  55% ] 10/10 VUs  2m12.0s/4m00.0s

running (2m13.0s), 10/10 VUs, 5445 complete and 0 interrupted iterations
default   [  55% ] 10/10 VUs  2m13.0s/4m00.0s

running (2m14.0s), 10/10 VUs, 5488 complete and 0 interrupted iterations
default   [  56% ] 10/10 VUs  2m14.0s/4m00.0s

running (2m15.0s), 10/10 VUs, 5530 complete and 0 interrupted iterations
default   [  56% ] 10/10 VUs  2m15.0s/4m00.0s

running (2m16.0s), 10/10 VUs, 5572 complete and 0 interrupted iterations
default   [  57% ] 10/10 VUs  2m16.0s/4m00.0s

running (2m17.0s), 10/10 VUs, 5610 complete and 0 interrupted iterations
default   [  57% ] 10/10 VUs  2m17.0s/4m00.0s

running (2m18.0s), 10/10 VUs, 5653 complete and 0 interrupted iterations
default   [  57% ] 10/10 VUs  2m18.0s/4m00.0s

running (2m19.0s), 10/10 VUs, 5696 complete and 0 interrupted iterations
default   [  58% ] 10/10 VUs  2m19.0s/4m00.0s

running (2m20.0s), 10/10 VUs, 5736 complete and 0 interrupted iterations
default   [  58% ] 10/10 VUs  2m20.0s/4m00.0s

running (2m21.0s), 10/10 VUs, 5779 complete and 0 interrupted iterations
default   [  59% ] 10/10 VUs  2m21.0s/4m00.0s

running (2m22.0s), 10/10 VUs, 5820 complete and 0 interrupted iterations
default   [  59% ] 10/10 VUs  2m22.0s/4m00.0s

running (2m23.0s), 10/10 VUs, 5861 complete and 0 interrupted iterations
default   [  60% ] 10/10 VUs  2m23.0s/4m00.0s

running (2m24.0s), 10/10 VUs, 5904 complete and 0 interrupted iterations
default   [  60% ] 10/10 VUs  2m24.0s/4m00.0s

running (2m25.0s), 10/10 VUs, 5944 complete and 0 interrupted iterations
default   [  60% ] 10/10 VUs  2m25.0s/4m00.0s

running (2m26.0s), 10/10 VUs, 5986 complete and 0 interrupted iterations
default   [  61% ] 10/10 VUs  2m26.0s/4m00.0s

running (2m27.0s), 10/10 VUs, 6030 complete and 0 interrupted iterations
default   [  61% ] 10/10 VUs  2m27.0s/4m00.0s

running (2m28.0s), 10/10 VUs, 6069 complete and 0 interrupted iterations
default   [  62% ] 10/10 VUs  2m28.0s/4m00.0s

running (2m29.0s), 10/10 VUs, 6111 complete and 0 interrupted iterations
default   [  62% ] 10/10 VUs  2m29.0s/4m00.0s

running (2m30.0s), 10/10 VUs, 6153 complete and 0 interrupted iterations
default   [  62% ] 10/10 VUs  2m30.0s/4m00.0s

running (2m31.0s), 10/10 VUs, 6195 complete and 0 interrupted iterations
default   [  63% ] 10/10 VUs  2m31.0s/4m00.0s

running (2m32.0s), 10/10 VUs, 6236 complete and 0 interrupted iterations
default   [  63% ] 10/10 VUs  2m32.0s/4m00.0s

running (2m33.0s), 10/10 VUs, 6278 complete and 0 interrupted iterations
default   [  64% ] 10/10 VUs  2m33.0s/4m00.0s

running (2m34.0s), 10/10 VUs, 6320 complete and 0 interrupted iterations
default   [  64% ] 10/10 VUs  2m34.0s/4m00.0s

running (2m35.0s), 10/10 VUs, 6360 complete and 0 interrupted iterations
default   [  65% ] 10/10 VUs  2m35.0s/4m00.0s

running (2m36.0s), 10/10 VUs, 6401 complete and 0 interrupted iterations
default   [  65% ] 10/10 VUs  2m36.0s/4m00.0s

running (2m37.0s), 10/10 VUs, 6443 complete and 0 interrupted iterations
default   [  65% ] 10/10 VUs  2m37.0s/4m00.0s

running (2m38.0s), 10/10 VUs, 6485 complete and 0 interrupted iterations
default   [  66% ] 10/10 VUs  2m38.0s/4m00.0s

running (2m39.0s), 10/10 VUs, 6527 complete and 0 interrupted iterations
default   [  66% ] 10/10 VUs  2m39.0s/4m00.0s

running (2m40.0s), 10/10 VUs, 6567 complete and 0 interrupted iterations
default   [  67% ] 10/10 VUs  2m40.0s/4m00.0s

running (2m41.0s), 10/10 VUs, 6608 complete and 0 interrupted iterations
default   [  67% ] 10/10 VUs  2m41.0s/4m00.0s

running (2m42.0s), 10/10 VUs, 6650 complete and 0 interrupted iterations
default   [  67% ] 10/10 VUs  2m42.0s/4m00.0s

running (2m43.0s), 10/10 VUs, 6694 complete and 0 interrupted iterations
default   [  68% ] 10/10 VUs  2m43.0s/4m00.0s

running (2m44.0s), 10/10 VUs, 6736 complete and 0 interrupted iterations
default   [  68% ] 10/10 VUs  2m44.0s/4m00.0s

running (2m45.0s), 10/10 VUs, 6775 complete and 0 interrupted iterations
default   [  69% ] 10/10 VUs  2m45.0s/4m00.0s

running (2m46.0s), 10/10 VUs, 6816 complete and 0 interrupted iterations
default   [  69% ] 10/10 VUs  2m46.0s/4m00.0s

running (2m47.0s), 10/10 VUs, 6858 complete and 0 interrupted iterations
default   [  70% ] 10/10 VUs  2m47.0s/4m00.0s

running (2m48.0s), 10/10 VUs, 6900 complete and 0 interrupted iterations
default   [  70% ] 10/10 VUs  2m48.0s/4m00.0s

running (2m49.0s), 10/10 VUs, 6941 complete and 0 interrupted iterations
default   [  70% ] 10/10 VUs  2m49.0s/4m00.0s

running (2m50.0s), 10/10 VUs, 6984 complete and 0 interrupted iterations
default   [  71% ] 10/10 VUs  2m50.0s/4m00.0s

running (2m51.0s), 10/10 VUs, 7025 complete and 0 interrupted iterations
default   [  71% ] 10/10 VUs  2m51.0s/4m00.0s

running (2m52.0s), 10/10 VUs, 7066 complete and 0 interrupted iterations
default   [  72% ] 10/10 VUs  2m52.0s/4m00.0s

running (2m53.0s), 10/10 VUs, 7108 complete and 0 interrupted iterations
default   [  72% ] 10/10 VUs  2m53.0s/4m00.0s

running (2m54.0s), 10/10 VUs, 7150 complete and 0 interrupted iterations
default   [  72% ] 10/10 VUs  2m54.0s/4m00.0s

running (2m55.0s), 10/10 VUs, 7191 complete and 0 interrupted iterations
default   [  73% ] 10/10 VUs  2m55.0s/4m00.0s

running (2m56.0s), 10/10 VUs, 7233 complete and 0 interrupted iterations
default   [  73% ] 10/10 VUs  2m56.0s/4m00.0s

running (2m57.0s), 10/10 VUs, 7273 complete and 0 interrupted iterations
default   [  74% ] 10/10 VUs  2m57.0s/4m00.0s

running (2m58.0s), 10/10 VUs, 7316 complete and 0 interrupted iterations
default   [  74% ] 10/10 VUs  2m58.0s/4m00.0s

running (2m59.0s), 10/10 VUs, 7358 complete and 0 interrupted iterations
default   [  75% ] 10/10 VUs  2m59.0s/4m00.0s

running (3m00.0s), 10/10 VUs, 7400 complete and 0 interrupted iterations
default   [  75% ] 10/10 VUs  3m00.0s/4m00.0s

running (3m01.0s), 10/10 VUs, 7439 complete and 0 interrupted iterations
default   [  75% ] 10/10 VUs  3m01.0s/4m00.0s

running (3m02.0s), 10/10 VUs, 7482 complete and 0 interrupted iterations
default   [  76% ] 10/10 VUs  3m02.0s/4m00.0s

running (3m03.0s), 10/10 VUs, 7524 complete and 0 interrupted iterations
default   [  76% ] 10/10 VUs  3m03.0s/4m00.0s

running (3m04.0s), 10/10 VUs, 7566 complete and 0 interrupted iterations
default   [  77% ] 10/10 VUs  3m04.0s/4m00.0s

running (3m05.0s), 10/10 VUs, 7607 complete and 0 interrupted iterations
default   [  77% ] 10/10 VUs  3m05.0s/4m00.0s

running (3m06.0s), 10/10 VUs, 7648 complete and 0 interrupted iterations
default   [  77% ] 10/10 VUs  3m06.0s/4m00.0s

running (3m07.0s), 10/10 VUs, 7690 complete and 0 interrupted iterations
default   [  78% ] 10/10 VUs  3m07.0s/4m00.0s

running (3m08.0s), 10/10 VUs, 7731 complete and 0 interrupted iterations
default   [  78% ] 10/10 VUs  3m08.0s/4m00.0s

running (3m09.0s), 10/10 VUs, 7773 complete and 0 interrupted iterations
default   [  79% ] 10/10 VUs  3m09.0s/4m00.0s

running (3m10.0s), 10/10 VUs, 7816 complete and 0 interrupted iterations
default   [  79% ] 10/10 VUs  3m10.0s/4m00.0s

running (3m11.0s), 10/10 VUs, 7857 complete and 0 interrupted iterations
default   [  80% ] 10/10 VUs  3m11.0s/4m00.0s

running (3m12.0s), 10/10 VUs, 7897 complete and 0 interrupted iterations
default   [  80% ] 10/10 VUs  3m12.0s/4m00.0s

running (3m13.0s), 10/10 VUs, 7939 complete and 0 interrupted iterations
default   [  80% ] 10/10 VUs  3m13.0s/4m00.0s

running (3m14.0s), 10/10 VUs, 7981 complete and 0 interrupted iterations
default   [  81% ] 10/10 VUs  3m14.0s/4m00.0s

running (3m15.0s), 10/10 VUs, 8022 complete and 0 interrupted iterations
default   [  81% ] 10/10 VUs  3m15.0s/4m00.0s

running (3m16.0s), 10/10 VUs, 8065 complete and 0 interrupted iterations
default   [  82% ] 10/10 VUs  3m16.0s/4m00.0s

running (3m17.0s), 10/10 VUs, 8106 complete and 0 interrupted iterations
default   [  82% ] 10/10 VUs  3m17.0s/4m00.0s

running (3m18.0s), 10/10 VUs, 8149 complete and 0 interrupted iterations
default   [  82% ] 10/10 VUs  3m18.0s/4m00.0s

running (3m19.0s), 10/10 VUs, 8189 complete and 0 interrupted iterations
default   [  83% ] 10/10 VUs  3m19.0s/4m00.0s

running (3m20.0s), 10/10 VUs, 8232 complete and 0 interrupted iterations
default   [  83% ] 10/10 VUs  3m20.0s/4m00.0s

running (3m21.0s), 10/10 VUs, 8271 complete and 0 interrupted iterations
default   [  84% ] 10/10 VUs  3m21.0s/4m00.0s

running (3m22.0s), 10/10 VUs, 8313 complete and 0 interrupted iterations
default   [  84% ] 10/10 VUs  3m22.0s/4m00.0s

running (3m23.0s), 10/10 VUs, 8355 complete and 0 interrupted iterations
default   [  85% ] 10/10 VUs  3m23.0s/4m00.0s

running (3m24.0s), 10/10 VUs, 8395 complete and 0 interrupted iterations
default   [  85% ] 10/10 VUs  3m24.0s/4m00.0s

running (3m25.0s), 10/10 VUs, 8436 complete and 0 interrupted iterations
default   [  85% ] 10/10 VUs  3m25.0s/4m00.0s

running (3m26.0s), 10/10 VUs, 8479 complete and 0 interrupted iterations
default   [  86% ] 10/10 VUs  3m26.0s/4m00.0s

running (3m27.0s), 10/10 VUs, 8522 complete and 0 interrupted iterations
default   [  86% ] 10/10 VUs  3m27.0s/4m00.0s

running (3m28.0s), 10/10 VUs, 8563 complete and 0 interrupted iterations
default   [  87% ] 10/10 VUs  3m28.0s/4m00.0s

running (3m29.0s), 10/10 VUs, 8605 complete and 0 interrupted iterations
default   [  87% ] 10/10 VUs  3m29.0s/4m00.0s

running (3m30.0s), 10/10 VUs, 8644 complete and 0 interrupted iterations
default   [  87% ] 10/10 VUs  3m30.0s/4m00.0s

running (3m31.0s), 10/10 VUs, 8689 complete and 0 interrupted iterations
default   [  88% ] 10/10 VUs  3m31.0s/4m00.0s

running (3m32.0s), 10/10 VUs, 8729 complete and 0 interrupted iterations
default   [  88% ] 10/10 VUs  3m32.0s/4m00.0s

running (3m33.0s), 10/10 VUs, 8771 complete and 0 interrupted iterations
default   [  89% ] 10/10 VUs  3m33.0s/4m00.0s

running (3m34.0s), 09/10 VUs, 8812 complete and 0 interrupted iterations
default   [  89% ] 09/10 VUs  3m34.0s/4m00.0s

running (3m35.0s), 09/10 VUs, 8854 complete and 0 interrupted iterations
default   [  90% ] 09/10 VUs  3m35.0s/4m00.0s

running (3m36.0s), 09/10 VUs, 8895 complete and 0 interrupted iterations
default   [  90% ] 09/10 VUs  3m36.0s/4m00.0s

running (3m37.0s), 08/10 VUs, 8938 complete and 0 interrupted iterations
default   [  90% ] 08/10 VUs  3m37.0s/4m00.0s

running (3m38.0s), 08/10 VUs, 8979 complete and 0 interrupted iterations
default   [  91% ] 08/10 VUs  3m38.0s/4m00.0s

running (3m39.0s), 08/10 VUs, 9021 complete and 0 interrupted iterations
default   [  91% ] 08/10 VUs  3m39.0s/4m00.0s

running (3m40.0s), 07/10 VUs, 9063 complete and 0 interrupted iterations
default   [  92% ] 07/10 VUs  3m40.0s/4m00.0s

running (3m41.0s), 07/10 VUs, 9105 complete and 0 interrupted iterations
default   [  92% ] 07/10 VUs  3m41.0s/4m00.0s

running (3m42.0s), 07/10 VUs, 9146 complete and 0 interrupted iterations
default   [  92% ] 07/10 VUs  3m42.0s/4m00.0s

running (3m43.0s), 06/10 VUs, 9188 complete and 0 interrupted iterations
default   [  93% ] 06/10 VUs  3m43.0s/4m00.0s

running (3m44.0s), 06/10 VUs, 9230 complete and 0 interrupted iterations
default   [  93% ] 06/10 VUs  3m44.0s/4m00.0s

running (3m45.0s), 06/10 VUs, 9271 complete and 0 interrupted iterations
default   [  94% ] 06/10 VUs  3m45.0s/4m00.0s

running (3m46.0s), 05/10 VUs, 9314 complete and 0 interrupted iterations
default   [  94% ] 05/10 VUs  3m46.0s/4m00.0s

running (3m47.0s), 05/10 VUs, 9356 complete and 0 interrupted iterations
default   [  95% ] 05/10 VUs  3m47.0s/4m00.0s

running (3m48.0s), 05/10 VUs, 9396 complete and 0 interrupted iterations
default   [  95% ] 05/10 VUs  3m48.0s/4m00.0s

running (3m49.0s), 04/10 VUs, 9438 complete and 0 interrupted iterations
default   [  95% ] 04/10 VUs  3m49.0s/4m00.0s

running (3m50.0s), 04/10 VUs, 9481 complete and 0 interrupted iterations
default   [  96% ] 04/10 VUs  3m50.0s/4m00.0s

running (3m51.0s), 04/10 VUs, 9521 complete and 0 interrupted iterations
default   [  96% ] 04/10 VUs  3m51.0s/4m00.0s

running (3m52.0s), 03/10 VUs, 9564 complete and 0 interrupted iterations
default   [  97% ] 03/10 VUs  3m52.0s/4m00.0s

running (3m53.0s), 03/10 VUs, 9607 complete and 0 interrupted iterations
default   [  97% ] 03/10 VUs  3m53.0s/4m00.0s

running (3m54.0s), 03/10 VUs, 9648 complete and 0 interrupted iterations
default   [  97% ] 03/10 VUs  3m54.0s/4m00.0s

running (3m55.0s), 02/10 VUs, 9689 complete and 0 interrupted iterations
default   [  98% ] 02/10 VUs  3m55.0s/4m00.0s

running (3m56.0s), 02/10 VUs, 9727 complete and 0 interrupted iterations
default   [  98% ] 02/10 VUs  3m56.0s/4m00.0s

running (3m57.0s), 02/10 VUs, 9767 complete and 0 interrupted iterations
default   [  99% ] 02/10 VUs  3m57.0s/4m00.0s

running (3m58.0s), 01/10 VUs, 9790 complete and 0 interrupted iterations
default   [  99% ] 01/10 VUs  3m58.0s/4m00.0s

running (3m59.0s), 01/10 VUs, 9811 complete and 0 interrupted iterations
default   [ 100% ] 01/10 VUs  3m59.0s/4m00.0s

running (4m00.0s), 01/10 VUs, 9833 complete and 0 interrupted iterations
default   [ 100% ] 01/10 VUs  4m00.0s/4m00.0s


  █ THRESHOLDS 

    checks
    ✓ 'rate>0.95' rate=100.00%

    http_req_duration
    ✓ 'p(95)<5000' p(95)=292.44ms
    ✓ 'p(99)<10000' p(99)=311.63ms

    http_req_failed
    ✓ 'rate<0.05' rate=0.00%


  █ TOTAL RESULTS 

    checks_total.......: 39336   163.87322/s
    checks_succeeded...: 100.00% 39336 out of 39336
    checks_failed......: 0.00%   0 out of 39336

    ✓ status is 200
    ✓ content-type is json
    ✓ workloadType is CPU-BOUND
    ✓ executionTimeMs exists

    CUSTOM
    response_time_ms...............: min=46.111163 avg=214.974815 med=232.254509 max=365.229736 p(90)=281.296949 p(95)=292.446868 p(99)=311.63934
    successful_requests............: 9834   40.968305/s

    HTTP
    http_req_duration..............: min=46.11ms   avg=214.97ms   med=232.25ms   max=365.22ms   p(90)=281.29ms   p(95)=292.44ms   p(99)=311.63ms 
      { expected_response:true }...: min=46.11ms   avg=214.97ms   med=232.25ms   max=365.22ms   p(90)=281.29ms   p(95)=292.44ms   p(99)=311.63ms 
    http_req_failed................: 0.00%  0 out of 9834
    http_reqs......................: 9834   40.968305/s

    EXECUTION
    iteration_duration.............: min=46.26ms   avg=215.14ms   med=232.42ms   max=365.37ms   p(90)=281.49ms   p(95)=292.6ms    p(99)=311.78ms 
    iterations.....................: 9834   40.968305/s
    vus............................: 1      min=1         max=10
    vus_max........................: 10     min=10        max=10

    NETWORK
    data_received..................: 2.8 MB 12 kB/s
    data_sent......................: 787 kB 3.3 kB/s




running (4m00.0s), 00/10 VUs, 9834 complete and 0 interrupted iterations
default ✓ [ 100% ] 00/10 VUs  4m0s
