
         /\      Grafana   /‾‾/  
    /\  /  \     |\  __   /  /   
   /  \/    \    | |/ /  /   ‾‾\ 
  /          \   |   (  |  (‾)  |
 / __________ \  |_|\_\  \_____/ 


     execution: local
        script: io-bound-test.js
        output: -

     scenarios: (100.00%) 1 scenario, 800 max VUs, 6m30s max duration (incl. graceful stop):
              * default: Up to 800 looping VUs for 6m0s over 3 stages (gracefulRampDown: 30s, gracefulStop: 30s)


running (0m00.7s), 019/800 VUs, 118 complete and 0 interrupted iterations
default   [   0% ] 019/800 VUs  0m00.7s/6m00.0s

running (0m01.7s), 045/800 VUs, 732 complete and 0 interrupted iterations
default   [   0% ] 045/800 VUs  0m01.7s/6m00.0s

running (0m02.7s), 072/800 VUs, 1713 complete and 0 interrupted iterations
default   [   1% ] 072/800 VUs  0m02.7s/6m00.0s

running (0m03.7s), 099/800 VUs, 2704 complete and 0 interrupted iterations
default   [   1% ] 099/800 VUs  0m03.7s/6m00.0s

running (0m04.7s), 125/800 VUs, 3697 complete and 0 interrupted iterations
default   [   1% ] 125/800 VUs  0m04.7s/6m00.0s

running (0m05.7s), 152/800 VUs, 4689 complete and 0 interrupted iterations
default   [   2% ] 152/800 VUs  0m05.7s/6m00.0s

running (0m06.7s), 178/800 VUs, 5683 complete and 0 interrupted iterations
default   [   2% ] 178/800 VUs  0m06.7s/6m00.0s

running (0m07.7s), 205/800 VUs, 6677 complete and 0 interrupted iterations
default   [   2% ] 205/800 VUs  0m07.7s/6m00.0s

running (0m08.7s), 232/800 VUs, 7661 complete and 0 interrupted iterations
default   [   2% ] 232/800 VUs  0m08.7s/6m00.0s

running (0m09.7s), 258/800 VUs, 8656 complete and 0 interrupted iterations
default   [   3% ] 258/800 VUs  0m09.7s/6m00.0s

running (0m10.7s), 285/800 VUs, 9653 complete and 0 interrupted iterations
default   [   3% ] 285/800 VUs  0m10.7s/6m00.0s

running (0m11.7s), 312/800 VUs, 10644 complete and 0 interrupted iterations
default   [   3% ] 312/800 VUs  0m11.7s/6m00.0s

running (0m12.7s), 338/800 VUs, 11628 complete and 0 interrupted iterations
default   [   4% ] 338/800 VUs  0m12.7s/6m00.0s

running (0m13.7s), 365/800 VUs, 12619 complete and 0 interrupted iterations
default   [   4% ] 365/800 VUs  0m13.7s/6m00.0s

running (0m14.7s), 392/800 VUs, 13612 complete and 0 interrupted iterations
default   [   4% ] 392/800 VUs  0m14.7s/6m00.0s

running (0m15.7s), 418/800 VUs, 14607 complete and 0 interrupted iterations
default   [   4% ] 418/800 VUs  0m15.7s/6m00.0s

running (0m16.7s), 445/800 VUs, 15604 complete and 0 interrupted iterations
default   [   5% ] 445/800 VUs  0m16.7s/6m00.0s

running (0m17.7s), 471/800 VUs, 16599 complete and 0 interrupted iterations
default   [   5% ] 471/800 VUs  0m17.7s/6m00.0s

running (0m18.7s), 498/800 VUs, 17575 complete and 0 interrupted iterations
default   [   5% ] 498/800 VUs  0m18.7s/6m00.0s

running (0m19.7s), 525/800 VUs, 18571 complete and 0 interrupted iterations
default   [   5% ] 525/800 VUs  0m19.7s/6m00.0s

running (0m20.7s), 551/800 VUs, 19561 complete and 0 interrupted iterations
default   [   6% ] 551/800 VUs  0m20.7s/6m00.0s

running (0m21.7s), 578/800 VUs, 20557 complete and 0 interrupted iterations
default   [   6% ] 578/800 VUs  0m21.7s/6m00.0s

running (0m22.7s), 605/800 VUs, 21556 complete and 0 interrupted iterations
default   [   6% ] 605/800 VUs  0m22.7s/6m00.0s

running (0m23.7s), 631/800 VUs, 22539 complete and 0 interrupted iterations
default   [   7% ] 631/800 VUs  0m23.7s/6m00.0s

running (0m24.7s), 658/800 VUs, 23525 complete and 0 interrupted iterations
default   [   7% ] 658/800 VUs  0m24.7s/6m00.0s

running (0m25.7s), 684/800 VUs, 24523 complete and 0 interrupted iterations
default   [   7% ] 684/800 VUs  0m25.7s/6m00.0s

running (0m26.7s), 711/800 VUs, 25518 complete and 0 interrupted iterations
default   [   7% ] 711/800 VUs  0m26.7s/6m00.0s

running (0m27.7s), 738/800 VUs, 26510 complete and 0 interrupted iterations
default   [   8% ] 738/800 VUs  0m27.7s/6m00.0s

running (0m28.7s), 764/800 VUs, 27506 complete and 0 interrupted iterations
default   [   8% ] 764/800 VUs  0m28.7s/6m00.0s

running (0m29.7s), 791/800 VUs, 28489 complete and 0 interrupted iterations
default   [   8% ] 791/800 VUs  0m29.7s/6m00.0s

running (0m30.7s), 800/800 VUs, 29481 complete and 0 interrupted iterations
default   [   9% ] 800/800 VUs  0m30.7s/6m00.0s

running (0m31.7s), 800/800 VUs, 30475 complete and 0 interrupted iterations
default   [   9% ] 800/800 VUs  0m31.7s/6m00.0s

running (0m32.7s), 800/800 VUs, 31469 complete and 0 interrupted iterations
default   [   9% ] 800/800 VUs  0m32.7s/6m00.0s

running (0m33.7s), 800/800 VUs, 32454 complete and 0 interrupted iterations
default   [   9% ] 800/800 VUs  0m33.7s/6m00.0s

running (0m34.7s), 800/800 VUs, 33446 complete and 0 interrupted iterations
default   [  10% ] 800/800 VUs  0m34.7s/6m00.0s

running (0m35.7s), 800/800 VUs, 34443 complete and 0 interrupted iterations
default   [  10% ] 800/800 VUs  0m35.7s/6m00.0s

running (0m36.7s), 800/800 VUs, 35433 complete and 0 interrupted iterations
default   [  10% ] 800/800 VUs  0m36.7s/6m00.0s

running (0m37.7s), 800/800 VUs, 36425 complete and 0 interrupted iterations
default   [  10% ] 800/800 VUs  0m37.7s/6m00.0s

running (0m38.7s), 800/800 VUs, 37416 complete and 0 interrupted iterations
default   [  11% ] 800/800 VUs  0m38.7s/6m00.0s

running (0m39.7s), 800/800 VUs, 38402 complete and 0 interrupted iterations
default   [  11% ] 800/800 VUs  0m39.7s/6m00.0s

running (0m40.7s), 800/800 VUs, 39387 complete and 0 interrupted iterations
default   [  11% ] 800/800 VUs  0m40.7s/6m00.0s

running (0m41.7s), 800/800 VUs, 40375 complete and 0 interrupted iterations
default   [  12% ] 800/800 VUs  0m41.7s/6m00.0s

running (0m42.7s), 800/800 VUs, 41371 complete and 0 interrupted iterations
default   [  12% ] 800/800 VUs  0m42.7s/6m00.0s

running (0m43.7s), 800/800 VUs, 42366 complete and 0 interrupted iterations
default   [  12% ] 800/800 VUs  0m43.7s/6m00.0s

running (0m44.7s), 800/800 VUs, 43333 complete and 0 interrupted iterations
default   [  12% ] 800/800 VUs  0m44.7s/6m00.0s

running (0m45.7s), 800/800 VUs, 44325 complete and 0 interrupted iterations
default   [  13% ] 800/800 VUs  0m45.7s/6m00.0s

running (0m46.7s), 800/800 VUs, 45325 complete and 0 interrupted iterations
default   [  13% ] 800/800 VUs  0m46.7s/6m00.0s

running (0m47.7s), 800/800 VUs, 46325 complete and 0 interrupted iterations
default   [  13% ] 800/800 VUs  0m47.7s/6m00.0s

running (0m48.7s), 800/800 VUs, 47322 complete and 0 interrupted iterations
default   [  14% ] 800/800 VUs  0m48.7s/6m00.0s

running (0m49.7s), 800/800 VUs, 48284 complete and 0 interrupted iterations
default   [  14% ] 800/800 VUs  0m49.7s/6m00.0s

running (0m50.7s), 800/800 VUs, 49275 complete and 0 interrupted iterations
default   [  14% ] 800/800 VUs  0m50.7s/6m00.0s

running (0m51.7s), 800/800 VUs, 50275 complete and 0 interrupted iterations
default   [  14% ] 800/800 VUs  0m51.7s/6m00.0s

running (0m52.7s), 800/800 VUs, 51275 complete and 0 interrupted iterations
default   [  15% ] 800/800 VUs  0m52.7s/6m00.0s

running (0m53.7s), 800/800 VUs, 52236 complete and 0 interrupted iterations
default   [  15% ] 800/800 VUs  0m53.7s/6m00.0s

running (0m54.7s), 800/800 VUs, 53225 complete and 0 interrupted iterations
default   [  15% ] 800/800 VUs  0m54.7s/6m00.0s

running (0m55.7s), 800/800 VUs, 54225 complete and 0 interrupted iterations
default   [  15% ] 800/800 VUs  0m55.7s/6m00.0s

running (0m56.7s), 800/800 VUs, 55225 complete and 0 interrupted iterations
default   [  16% ] 800/800 VUs  0m56.7s/6m00.0s

running (0m57.7s), 800/800 VUs, 56221 complete and 0 interrupted iterations
default   [  16% ] 800/800 VUs  0m57.7s/6m00.0s

running (0m58.7s), 800/800 VUs, 57183 complete and 0 interrupted iterations
default   [  16% ] 800/800 VUs  0m58.7s/6m00.0s

running (0m59.7s), 800/800 VUs, 58175 complete and 0 interrupted iterations
default   [  17% ] 800/800 VUs  0m59.7s/6m00.0s

running (1m00.7s), 800/800 VUs, 59175 complete and 0 interrupted iterations
default   [  17% ] 800/800 VUs  1m00.7s/6m00.0s

running (1m01.7s), 800/800 VUs, 60175 complete and 0 interrupted iterations
default   [  17% ] 800/800 VUs  1m01.7s/6m00.0s

running (1m02.7s), 800/800 VUs, 61170 complete and 0 interrupted iterations
default   [  17% ] 800/800 VUs  1m02.7s/6m00.0s

running (1m03.7s), 800/800 VUs, 62126 complete and 0 interrupted iterations
default   [  18% ] 800/800 VUs  1m03.7s/6m00.0s

running (1m04.7s), 800/800 VUs, 63125 complete and 0 interrupted iterations
default   [  18% ] 800/800 VUs  1m04.7s/6m00.0s

running (1m05.7s), 800/800 VUs, 64125 complete and 0 interrupted iterations
default   [  18% ] 800/800 VUs  1m05.7s/6m00.0s

running (1m06.7s), 800/800 VUs, 65125 complete and 0 interrupted iterations
default   [  19% ] 800/800 VUs  1m06.7s/6m00.0s

running (1m07.7s), 800/800 VUs, 66125 complete and 0 interrupted iterations
default   [  19% ] 800/800 VUs  1m07.7s/6m00.0s

running (1m08.7s), 800/800 VUs, 67097 complete and 0 interrupted iterations
default   [  19% ] 800/800 VUs  1m08.7s/6m00.0s

running (1m09.7s), 800/800 VUs, 68075 complete and 0 interrupted iterations
default   [  19% ] 800/800 VUs  1m09.7s/6m00.0s

running (1m10.7s), 800/800 VUs, 69075 complete and 0 interrupted iterations
default   [  20% ] 800/800 VUs  1m10.7s/6m00.0s

running (1m11.7s), 800/800 VUs, 70075 complete and 0 interrupted iterations
default   [  20% ] 800/800 VUs  1m11.7s/6m00.0s

running (1m12.7s), 800/800 VUs, 71050 complete and 0 interrupted iterations
default   [  20% ] 800/800 VUs  1m12.7s/6m00.0s

running (1m13.7s), 800/800 VUs, 72025 complete and 0 interrupted iterations
default   [  20% ] 800/800 VUs  1m13.7s/6m00.0s

running (1m14.7s), 800/800 VUs, 73025 complete and 0 interrupted iterations
default   [  21% ] 800/800 VUs  1m14.7s/6m00.0s

running (1m15.7s), 800/800 VUs, 74025 complete and 0 interrupted iterations
default   [  21% ] 800/800 VUs  1m15.7s/6m00.0s

running (1m16.7s), 800/800 VUs, 75025 complete and 0 interrupted iterations
default   [  21% ] 800/800 VUs  1m16.7s/6m00.0s

running (1m17.7s), 800/800 VUs, 75979 complete and 0 interrupted iterations
default   [  22% ] 800/800 VUs  1m17.7s/6m00.0s

running (1m18.7s), 800/800 VUs, 76975 complete and 0 interrupted iterations
default   [  22% ] 800/800 VUs  1m18.7s/6m00.0s

running (1m19.7s), 800/800 VUs, 77975 complete and 0 interrupted iterations
default   [  22% ] 800/800 VUs  1m19.7s/6m00.0s

running (1m20.7s), 800/800 VUs, 78975 complete and 0 interrupted iterations
default   [  22% ] 800/800 VUs  1m20.7s/6m00.0s

running (1m21.7s), 800/800 VUs, 79932 complete and 0 interrupted iterations
default   [  23% ] 800/800 VUs  1m21.7s/6m00.0s

running (1m22.7s), 800/800 VUs, 80925 complete and 0 interrupted iterations
default   [  23% ] 800/800 VUs  1m22.7s/6m00.0s

running (1m23.7s), 800/800 VUs, 81925 complete and 0 interrupted iterations
default   [  23% ] 800/800 VUs  1m23.7s/6m00.0s

running (1m24.7s), 800/800 VUs, 82925 complete and 0 interrupted iterations
default   [  24% ] 800/800 VUs  1m24.7s/6m00.0s

running (1m25.7s), 800/800 VUs, 83877 complete and 0 interrupted iterations
default   [  24% ] 800/800 VUs  1m25.7s/6m00.0s

running (1m26.7s), 800/800 VUs, 84875 complete and 0 interrupted iterations
default   [  24% ] 800/800 VUs  1m26.7s/6m00.0s

running (1m27.7s), 800/800 VUs, 85875 complete and 0 interrupted iterations
default   [  24% ] 800/800 VUs  1m27.7s/6m00.0s

running (1m28.7s), 800/800 VUs, 86875 complete and 0 interrupted iterations
default   [  25% ] 800/800 VUs  1m28.7s/6m00.0s

running (1m29.7s), 800/800 VUs, 87850 complete and 0 interrupted iterations
default   [  25% ] 800/800 VUs  1m29.7s/6m00.0s

running (1m30.7s), 800/800 VUs, 88825 complete and 0 interrupted iterations
default   [  25% ] 800/800 VUs  1m30.7s/6m00.0s

running (1m31.7s), 800/800 VUs, 89825 complete and 0 interrupted iterations
default   [  25% ] 800/800 VUs  1m31.7s/6m00.0s

running (1m32.7s), 800/800 VUs, 90813 complete and 0 interrupted iterations
default   [  26% ] 800/800 VUs  1m32.7s/6m00.0s

running (1m33.7s), 800/800 VUs, 91814 complete and 0 interrupted iterations
default   [  26% ] 800/800 VUs  1m33.7s/6m00.0s

running (1m34.7s), 800/800 VUs, 92775 complete and 0 interrupted iterations
default   [  26% ] 800/800 VUs  1m34.7s/6m00.0s

running (1m35.7s), 800/800 VUs, 93775 complete and 0 interrupted iterations
default   [  27% ] 800/800 VUs  1m35.7s/6m00.0s

running (1m36.7s), 800/800 VUs, 94764 complete and 0 interrupted iterations
default   [  27% ] 800/800 VUs  1m36.7s/6m00.0s

running (1m37.7s), 800/800 VUs, 95725 complete and 0 interrupted iterations
default   [  27% ] 800/800 VUs  1m37.7s/6m00.0s

running (1m38.7s), 800/800 VUs, 96725 complete and 0 interrupted iterations
default   [  27% ] 800/800 VUs  1m38.7s/6m00.0s

running (1m39.7s), 800/800 VUs, 97677 complete and 0 interrupted iterations
default   [  28% ] 800/800 VUs  1m39.7s/6m00.0s

running (1m40.7s), 800/800 VUs, 98675 complete and 0 interrupted iterations
default   [  28% ] 800/800 VUs  1m40.7s/6m00.0s

running (1m41.7s), 800/800 VUs, 99675 complete and 0 interrupted iterations
default   [  28% ] 800/800 VUs  1m41.7s/6m00.0s

running (1m42.7s), 800/800 VUs, 100667 complete and 0 interrupted iterations
default   [  29% ] 800/800 VUs  1m42.7s/6m00.0s

running (1m43.7s), 800/800 VUs, 101625 complete and 0 interrupted iterations
default   [  29% ] 800/800 VUs  1m43.7s/6m00.0s

running (1m44.7s), 800/800 VUs, 102625 complete and 0 interrupted iterations
default   [  29% ] 800/800 VUs  1m44.7s/6m00.0s

running (1m45.7s), 800/800 VUs, 103625 complete and 0 interrupted iterations
default   [  29% ] 800/800 VUs  1m45.7s/6m00.0s

running (1m46.7s), 800/800 VUs, 104602 complete and 0 interrupted iterations
default   [  30% ] 800/800 VUs  1m46.7s/6m00.0s

running (1m47.7s), 800/800 VUs, 105575 complete and 0 interrupted iterations
default   [  30% ] 800/800 VUs  1m47.7s/6m00.0s

running (1m48.7s), 800/800 VUs, 106575 complete and 0 interrupted iterations
default   [  30% ] 800/800 VUs  1m48.7s/6m00.0s

running (1m49.7s), 800/800 VUs, 107575 complete and 0 interrupted iterations
default   [  30% ] 800/800 VUs  1m49.7s/6m00.0s

running (1m50.7s), 800/800 VUs, 108540 complete and 0 interrupted iterations
default   [  31% ] 800/800 VUs  1m50.7s/6m00.0s

running (1m51.7s), 800/800 VUs, 109525 complete and 0 interrupted iterations
default   [  31% ] 800/800 VUs  1m51.7s/6m00.0s

running (1m52.7s), 800/800 VUs, 110525 complete and 0 interrupted iterations
default   [  31% ] 800/800 VUs  1m52.7s/6m00.0s

running (1m53.7s), 800/800 VUs, 111525 complete and 0 interrupted iterations
default   [  32% ] 800/800 VUs  1m53.7s/6m00.0s

running (1m54.7s), 800/800 VUs, 112514 complete and 0 interrupted iterations
default   [  32% ] 800/800 VUs  1m54.7s/6m00.0s

running (1m55.7s), 800/800 VUs, 113475 complete and 0 interrupted iterations
default   [  32% ] 800/800 VUs  1m55.7s/6m00.0s

running (1m56.7s), 800/800 VUs, 114475 complete and 0 interrupted iterations
default   [  32% ] 800/800 VUs  1m56.7s/6m00.0s

running (1m57.7s), 800/800 VUs, 115475 complete and 0 interrupted iterations
default   [  33% ] 800/800 VUs  1m57.7s/6m00.0s

running (1m58.7s), 800/800 VUs, 116475 complete and 0 interrupted iterations
default   [  33% ] 800/800 VUs  1m58.7s/6m00.0s

running (1m59.7s), 800/800 VUs, 117457 complete and 0 interrupted iterations
default   [  33% ] 800/800 VUs  1m59.7s/6m00.0s

running (2m00.7s), 800/800 VUs, 118425 complete and 0 interrupted iterations
default   [  34% ] 800/800 VUs  2m00.7s/6m00.0s

running (2m01.7s), 800/800 VUs, 119425 complete and 0 interrupted iterations
default   [  34% ] 800/800 VUs  2m01.7s/6m00.0s

running (2m02.7s), 800/800 VUs, 120425 complete and 0 interrupted iterations
default   [  34% ] 800/800 VUs  2m02.7s/6m00.0s

running (2m03.7s), 800/800 VUs, 121425 complete and 0 interrupted iterations
default   [  34% ] 800/800 VUs  2m03.7s/6m00.0s

running (2m04.7s), 800/800 VUs, 122386 complete and 0 interrupted iterations
default   [  35% ] 800/800 VUs  2m04.7s/6m00.0s

running (2m05.7s), 800/800 VUs, 123375 complete and 0 interrupted iterations
default   [  35% ] 800/800 VUs  2m05.7s/6m00.0s

running (2m06.7s), 800/800 VUs, 124375 complete and 0 interrupted iterations
default   [  35% ] 800/800 VUs  2m06.7s/6m00.0s

running (2m07.7s), 800/800 VUs, 125360 complete and 0 interrupted iterations
default   [  35% ] 800/800 VUs  2m07.7s/6m00.0s

running (2m08.7s), 800/800 VUs, 126325 complete and 0 interrupted iterations
default   [  36% ] 800/800 VUs  2m08.7s/6m00.0s

running (2m09.7s), 800/800 VUs, 127325 complete and 0 interrupted iterations
default   [  36% ] 800/800 VUs  2m09.7s/6m00.0s

running (2m10.7s), 800/800 VUs, 128316 complete and 0 interrupted iterations
default   [  36% ] 800/800 VUs  2m10.7s/6m00.0s

running (2m11.7s), 800/800 VUs, 129275 complete and 0 interrupted iterations
default   [  37% ] 800/800 VUs  2m11.7s/6m00.0s

running (2m12.7s), 800/800 VUs, 130275 complete and 0 interrupted iterations
default   [  37% ] 800/800 VUs  2m12.7s/6m00.0s

running (2m13.7s), 800/800 VUs, 131275 complete and 0 interrupted iterations
default   [  37% ] 800/800 VUs  2m13.7s/6m00.0s

running (2m14.7s), 800/800 VUs, 132275 complete and 0 interrupted iterations
default   [  37% ] 800/800 VUs  2m14.7s/6m00.0s

running (2m15.7s), 800/800 VUs, 133274 complete and 0 interrupted iterations
default   [  38% ] 800/800 VUs  2m15.7s/6m00.0s

running (2m16.7s), 800/800 VUs, 134225 complete and 0 interrupted iterations
default   [  38% ] 800/800 VUs  2m16.7s/6m00.0s

running (2m17.7s), 800/800 VUs, 135225 complete and 0 interrupted iterations
default   [  38% ] 800/800 VUs  2m17.7s/6m00.0s

running (2m18.7s), 800/800 VUs, 136225 complete and 0 interrupted iterations
default   [  39% ] 800/800 VUs  2m18.7s/6m00.0s

running (2m19.7s), 800/800 VUs, 137217 complete and 0 interrupted iterations
default   [  39% ] 800/800 VUs  2m19.7s/6m00.0s

running (2m20.7s), 800/800 VUs, 138191 complete and 0 interrupted iterations
default   [  39% ] 800/800 VUs  2m20.7s/6m00.0s

running (2m21.7s), 800/800 VUs, 139175 complete and 0 interrupted iterations
default   [  39% ] 800/800 VUs  2m21.7s/6m00.0s

running (2m22.7s), 800/800 VUs, 140175 complete and 0 interrupted iterations
default   [  40% ] 800/800 VUs  2m22.7s/6m00.0s

running (2m23.7s), 800/800 VUs, 141175 complete and 0 interrupted iterations
default   [  40% ] 800/800 VUs  2m23.7s/6m00.0s

running (2m24.7s), 800/800 VUs, 142146 complete and 0 interrupted iterations
default   [  40% ] 800/800 VUs  2m24.7s/6m00.0s

running (2m25.7s), 800/800 VUs, 143125 complete and 0 interrupted iterations
default   [  40% ] 800/800 VUs  2m25.7s/6m00.0s

running (2m26.7s), 800/800 VUs, 144125 complete and 0 interrupted iterations
default   [  41% ] 800/800 VUs  2m26.7s/6m00.0s

running (2m27.7s), 800/800 VUs, 145125 complete and 0 interrupted iterations
default   [  41% ] 800/800 VUs  2m27.7s/6m00.0s

running (2m28.7s), 800/800 VUs, 146075 complete and 0 interrupted iterations
default   [  41% ] 800/800 VUs  2m28.7s/6m00.0s

running (2m29.7s), 800/800 VUs, 147075 complete and 0 interrupted iterations
default   [  42% ] 800/800 VUs  2m29.7s/6m00.0s

running (2m30.7s), 800/800 VUs, 148045 complete and 0 interrupted iterations
default   [  42% ] 800/800 VUs  2m30.7s/6m00.0s

running (2m31.7s), 800/800 VUs, 149025 complete and 0 interrupted iterations
default   [  42% ] 800/800 VUs  2m31.7s/6m00.0s

running (2m32.7s), 800/800 VUs, 150025 complete and 0 interrupted iterations
default   [  42% ] 800/800 VUs  2m32.7s/6m00.0s

running (2m33.7s), 800/800 VUs, 151025 complete and 0 interrupted iterations
default   [  43% ] 800/800 VUs  2m33.7s/6m00.0s

running (2m34.7s), 800/800 VUs, 151975 complete and 0 interrupted iterations
default   [  43% ] 800/800 VUs  2m34.7s/6m00.0s

running (2m35.7s), 800/800 VUs, 152975 complete and 0 interrupted iterations
default   [  43% ] 800/800 VUs  2m35.7s/6m00.0s

running (2m36.7s), 800/800 VUs, 153968 complete and 0 interrupted iterations
default   [  44% ] 800/800 VUs  2m36.7s/6m00.0s

running (2m37.7s), 800/800 VUs, 154925 complete and 0 interrupted iterations
default   [  44% ] 800/800 VUs  2m37.7s/6m00.0s

running (2m38.7s), 800/800 VUs, 155925 complete and 0 interrupted iterations
default   [  44% ] 800/800 VUs  2m38.7s/6m00.0s

running (2m39.7s), 800/800 VUs, 156884 complete and 0 interrupted iterations
default   [  44% ] 800/800 VUs  2m39.7s/6m00.0s

running (2m40.7s), 800/800 VUs, 157875 complete and 0 interrupted iterations
default   [  45% ] 800/800 VUs  2m40.7s/6m00.0s

running (2m41.7s), 800/800 VUs, 158875 complete and 0 interrupted iterations
default   [  45% ] 800/800 VUs  2m41.7s/6m00.0s

running (2m42.7s), 800/800 VUs, 159842 complete and 0 interrupted iterations
default   [  45% ] 800/800 VUs  2m42.7s/6m00.0s

running (2m43.7s), 800/800 VUs, 160825 complete and 0 interrupted iterations
default   [  45% ] 800/800 VUs  2m43.7s/6m00.0s

running (2m44.7s), 800/800 VUs, 161825 complete and 0 interrupted iterations
default   [  46% ] 800/800 VUs  2m44.7s/6m00.0s

running (2m45.7s), 800/800 VUs, 162775 complete and 0 interrupted iterations
default   [  46% ] 800/800 VUs  2m45.7s/6m00.0s

running (2m46.7s), 800/800 VUs, 163775 complete and 0 interrupted iterations
default   [  46% ] 800/800 VUs  2m46.7s/6m00.0s

running (2m47.7s), 800/800 VUs, 164775 complete and 0 interrupted iterations
default   [  47% ] 800/800 VUs  2m47.7s/6m00.0s

running (2m48.7s), 800/800 VUs, 165725 complete and 0 interrupted iterations
default   [  47% ] 800/800 VUs  2m48.7s/6m00.0s

running (2m49.7s), 800/800 VUs, 166725 complete and 0 interrupted iterations
default   [  47% ] 800/800 VUs  2m49.7s/6m00.0s

running (2m50.7s), 800/800 VUs, 167725 complete and 0 interrupted iterations
default   [  47% ] 800/800 VUs  2m50.7s/6m00.0s

running (2m51.7s), 800/800 VUs, 168675 complete and 0 interrupted iterations
default   [  48% ] 800/800 VUs  2m51.7s/6m00.0s

running (2m52.7s), 800/800 VUs, 169675 complete and 0 interrupted iterations
default   [  48% ] 800/800 VUs  2m52.7s/6m00.0s

running (2m53.7s), 800/800 VUs, 170675 complete and 0 interrupted iterations
default   [  48% ] 800/800 VUs  2m53.7s/6m00.0s

running (2m54.7s), 800/800 VUs, 171625 complete and 0 interrupted iterations
default   [  49% ] 800/800 VUs  2m54.7s/6m00.0s

running (2m55.7s), 800/800 VUs, 172625 complete and 0 interrupted iterations
default   [  49% ] 800/800 VUs  2m55.7s/6m00.0s

running (2m56.7s), 800/800 VUs, 173619 complete and 0 interrupted iterations
default   [  49% ] 800/800 VUs  2m56.7s/6m00.0s

running (2m57.7s), 800/800 VUs, 174575 complete and 0 interrupted iterations
default   [  49% ] 800/800 VUs  2m57.7s/6m00.0s

running (2m58.7s), 800/800 VUs, 175562 complete and 0 interrupted iterations
default   [  50% ] 800/800 VUs  2m58.7s/6m00.0s

running (2m59.7s), 800/800 VUs, 176575 complete and 0 interrupted iterations
default   [  50% ] 800/800 VUs  2m59.7s/6m00.0s

running (3m00.7s), 800/800 VUs, 177525 complete and 0 interrupted iterations
default   [  50% ] 800/800 VUs  3m00.7s/6m00.0s

running (3m01.7s), 800/800 VUs, 178525 complete and 0 interrupted iterations
default   [  50% ] 800/800 VUs  3m01.7s/6m00.0s

running (3m02.7s), 800/800 VUs, 179500 complete and 0 interrupted iterations
default   [  51% ] 800/800 VUs  3m02.7s/6m00.0s

running (3m03.7s), 800/800 VUs, 180475 complete and 0 interrupted iterations
default   [  51% ] 800/800 VUs  3m03.7s/6m00.0s

running (3m04.7s), 800/800 VUs, 181475 complete and 0 interrupted iterations
default   [  51% ] 800/800 VUs  3m04.7s/6m00.0s

running (3m05.7s), 800/800 VUs, 182475 complete and 0 interrupted iterations
default   [  52% ] 800/800 VUs  3m05.7s/6m00.0s

running (3m06.7s), 800/800 VUs, 183425 complete and 0 interrupted iterations
default   [  52% ] 800/800 VUs  3m06.7s/6m00.0s

running (3m07.7s), 800/800 VUs, 184425 complete and 0 interrupted iterations
default   [  52% ] 800/800 VUs  3m07.7s/6m00.0s

running (3m08.7s), 800/800 VUs, 185386 complete and 0 interrupted iterations
default   [  52% ] 800/800 VUs  3m08.7s/6m00.0s

running (3m09.7s), 800/800 VUs, 186375 complete and 0 interrupted iterations
default   [  53% ] 800/800 VUs  3m09.7s/6m00.0s

running (3m10.7s), 800/800 VUs, 187375 complete and 0 interrupted iterations
default   [  53% ] 800/800 VUs  3m10.7s/6m00.0s

running (3m11.7s), 800/800 VUs, 188375 complete and 0 interrupted iterations
default   [  53% ] 800/800 VUs  3m11.7s/6m00.0s

running (3m12.7s), 800/800 VUs, 189325 complete and 0 interrupted iterations
default   [  54% ] 800/800 VUs  3m12.7s/6m00.0s

running (3m13.7s), 800/800 VUs, 190325 complete and 0 interrupted iterations
default   [  54% ] 800/800 VUs  3m13.7s/6m00.0s

running (3m14.7s), 800/800 VUs, 191289 complete and 0 interrupted iterations
default   [  54% ] 800/800 VUs  3m14.7s/6m00.0s

running (3m15.7s), 800/800 VUs, 192275 complete and 0 interrupted iterations
default   [  54% ] 800/800 VUs  3m15.7s/6m00.0s

running (3m16.7s), 800/800 VUs, 193275 complete and 0 interrupted iterations
default   [  55% ] 800/800 VUs  3m16.7s/6m00.0s

running (3m17.7s), 800/800 VUs, 194275 complete and 0 interrupted iterations
default   [  55% ] 800/800 VUs  3m17.7s/6m00.0s

running (3m18.7s), 800/800 VUs, 195225 complete and 0 interrupted iterations
default   [  55% ] 800/800 VUs  3m18.7s/6m00.0s

running (3m19.7s), 800/800 VUs, 196225 complete and 0 interrupted iterations
default   [  55% ] 800/800 VUs  3m19.7s/6m00.0s

running (3m20.7s), 800/800 VUs, 197199 complete and 0 interrupted iterations
default   [  56% ] 800/800 VUs  3m20.7s/6m00.0s

running (3m21.7s), 800/800 VUs, 198175 complete and 0 interrupted iterations
default   [  56% ] 800/800 VUs  3m21.7s/6m00.0s

running (3m22.7s), 800/800 VUs, 199175 complete and 0 interrupted iterations
default   [  56% ] 800/800 VUs  3m22.7s/6m00.0s

running (3m23.7s), 800/800 VUs, 200166 complete and 0 interrupted iterations
default   [  57% ] 800/800 VUs  3m23.7s/6m00.0s

running (3m24.7s), 800/800 VUs, 201125 complete and 0 interrupted iterations
default   [  57% ] 800/800 VUs  3m24.7s/6m00.0s

running (3m25.7s), 800/800 VUs, 202125 complete and 0 interrupted iterations
default   [  57% ] 800/800 VUs  3m25.7s/6m00.0s

running (3m26.7s), 800/800 VUs, 203113 complete and 0 interrupted iterations
default   [  57% ] 800/800 VUs  3m26.7s/6m00.0s

running (3m27.7s), 800/800 VUs, 204075 complete and 0 interrupted iterations
default   [  58% ] 800/800 VUs  3m27.7s/6m00.0s

running (3m28.7s), 800/800 VUs, 205075 complete and 0 interrupted iterations
default   [  58% ] 800/800 VUs  3m28.7s/6m00.0s

running (3m29.7s), 800/800 VUs, 206075 complete and 0 interrupted iterations
default   [  58% ] 800/800 VUs  3m29.7s/6m00.0s

running (3m30.7s), 800/800 VUs, 207025 complete and 0 interrupted iterations
default   [  59% ] 800/800 VUs  3m30.7s/6m00.0s

running (3m31.7s), 800/800 VUs, 208025 complete and 0 interrupted iterations
default   [  59% ] 800/800 VUs  3m31.7s/6m00.0s

running (3m32.7s), 800/800 VUs, 209020 complete and 0 interrupted iterations
default   [  59% ] 800/800 VUs  3m32.7s/6m00.0s

running (3m33.7s), 800/800 VUs, 209975 complete and 0 interrupted iterations
default   [  59% ] 800/800 VUs  3m33.7s/6m00.0s

running (3m34.7s), 800/800 VUs, 210975 complete and 0 interrupted iterations
default   [  60% ] 800/800 VUs  3m34.7s/6m00.0s

running (3m35.7s), 800/800 VUs, 211975 complete and 0 interrupted iterations
default   [  60% ] 800/800 VUs  3m35.7s/6m00.0s

running (3m36.7s), 800/800 VUs, 212925 complete and 0 interrupted iterations
default   [  60% ] 800/800 VUs  3m36.7s/6m00.0s

running (3m37.7s), 800/800 VUs, 213925 complete and 0 interrupted iterations
default   [  60% ] 800/800 VUs  3m37.7s/6m00.0s

running (3m38.7s), 800/800 VUs, 214892 complete and 0 interrupted iterations
default   [  61% ] 800/800 VUs  3m38.7s/6m00.0s

running (3m39.7s), 800/800 VUs, 215875 complete and 0 interrupted iterations
default   [  61% ] 800/800 VUs  3m39.7s/6m00.0s

running (3m40.7s), 800/800 VUs, 216875 complete and 0 interrupted iterations
default   [  61% ] 800/800 VUs  3m40.7s/6m00.0s

running (3m41.7s), 800/800 VUs, 217875 complete and 0 interrupted iterations
default   [  62% ] 800/800 VUs  3m41.7s/6m00.0s

running (3m42.7s), 800/800 VUs, 218825 complete and 0 interrupted iterations
default   [  62% ] 800/800 VUs  3m42.7s/6m00.0s

running (3m43.7s), 800/800 VUs, 219825 complete and 0 interrupted iterations
default   [  62% ] 800/800 VUs  3m43.7s/6m00.0s

running (3m44.7s), 800/800 VUs, 220785 complete and 0 interrupted iterations
default   [  62% ] 800/800 VUs  3m44.7s/6m00.0s

running (3m45.7s), 800/800 VUs, 221775 complete and 0 interrupted iterations
default   [  63% ] 800/800 VUs  3m45.7s/6m00.0s

running (3m46.7s), 800/800 VUs, 222775 complete and 0 interrupted iterations
default   [  63% ] 800/800 VUs  3m46.7s/6m00.0s

running (3m47.7s), 800/800 VUs, 223775 complete and 0 interrupted iterations
default   [  63% ] 800/800 VUs  3m47.7s/6m00.0s

running (3m48.7s), 800/800 VUs, 224725 complete and 0 interrupted iterations
default   [  64% ] 800/800 VUs  3m48.7s/6m00.0s

running (3m49.7s), 800/800 VUs, 225725 complete and 0 interrupted iterations
default   [  64% ] 800/800 VUs  3m49.7s/6m00.0s

running (3m50.7s), 800/800 VUs, 226677 complete and 0 interrupted iterations
default   [  64% ] 800/800 VUs  3m50.7s/6m00.0s

running (3m51.7s), 800/800 VUs, 227675 complete and 0 interrupted iterations
default   [  64% ] 800/800 VUs  3m51.7s/6m00.0s

running (3m52.7s), 800/800 VUs, 228675 complete and 0 interrupted iterations
default   [  65% ] 800/800 VUs  3m52.7s/6m00.0s

running (3m53.7s), 800/800 VUs, 229625 complete and 0 interrupted iterations
default   [  65% ] 800/800 VUs  3m53.7s/6m00.0s

running (3m54.7s), 800/800 VUs, 230625 complete and 0 interrupted iterations
default   [  65% ] 800/800 VUs  3m54.7s/6m00.0s

running (3m55.7s), 800/800 VUs, 231625 complete and 0 interrupted iterations
default   [  65% ] 800/800 VUs  3m55.7s/6m00.0s

running (3m56.7s), 800/800 VUs, 232575 complete and 0 interrupted iterations
default   [  66% ] 800/800 VUs  3m56.7s/6m00.0s

running (3m57.7s), 800/800 VUs, 233575 complete and 0 interrupted iterations
default   [  66% ] 800/800 VUs  3m57.7s/6m00.0s

running (3m58.7s), 800/800 VUs, 234575 complete and 0 interrupted iterations
default   [  66% ] 800/800 VUs  3m58.7s/6m00.0s

running (3m59.7s), 800/800 VUs, 235525 complete and 0 interrupted iterations
default   [  67% ] 800/800 VUs  3m59.7s/6m00.0s

running (4m00.7s), 800/800 VUs, 236525 complete and 0 interrupted iterations
default   [  67% ] 800/800 VUs  4m00.7s/6m00.0s

running (4m01.7s), 800/800 VUs, 237525 complete and 0 interrupted iterations
default   [  67% ] 800/800 VUs  4m01.7s/6m00.0s

running (4m02.7s), 800/800 VUs, 238475 complete and 0 interrupted iterations
default   [  67% ] 800/800 VUs  4m02.7s/6m00.0s

running (4m03.7s), 800/800 VUs, 239475 complete and 0 interrupted iterations
default   [  68% ] 800/800 VUs  4m03.7s/6m00.0s

running (4m04.7s), 800/800 VUs, 240475 complete and 0 interrupted iterations
default   [  68% ] 800/800 VUs  4m04.7s/6m00.0s

running (4m05.7s), 800/800 VUs, 241425 complete and 0 interrupted iterations
default   [  68% ] 800/800 VUs  4m05.7s/6m00.0s

running (4m06.7s), 800/800 VUs, 242425 complete and 0 interrupted iterations
default   [  69% ] 800/800 VUs  4m06.7s/6m00.0s

running (4m07.7s), 800/800 VUs, 243425 complete and 0 interrupted iterations
default   [  69% ] 800/800 VUs  4m07.7s/6m00.0s

running (4m08.7s), 800/800 VUs, 244375 complete and 0 interrupted iterations
default   [  69% ] 800/800 VUs  4m08.7s/6m00.0s

running (4m09.7s), 800/800 VUs, 245375 complete and 0 interrupted iterations
default   [  69% ] 800/800 VUs  4m09.7s/6m00.0s

running (4m10.7s), 800/800 VUs, 246354 complete and 0 interrupted iterations
default   [  70% ] 800/800 VUs  4m10.7s/6m00.0s

running (4m11.7s), 800/800 VUs, 247325 complete and 0 interrupted iterations
default   [  70% ] 800/800 VUs  4m11.7s/6m00.0s

running (4m12.7s), 800/800 VUs, 248325 complete and 0 interrupted iterations
default   [  70% ] 800/800 VUs  4m12.7s/6m00.0s

running (4m13.7s), 800/800 VUs, 249325 complete and 0 interrupted iterations
default   [  70% ] 800/800 VUs  4m13.7s/6m00.0s

running (4m14.7s), 800/800 VUs, 250275 complete and 0 interrupted iterations
default   [  71% ] 800/800 VUs  4m14.7s/6m00.0s

running (4m15.7s), 800/800 VUs, 251275 complete and 0 interrupted iterations
default   [  71% ] 800/800 VUs  4m15.7s/6m00.0s

running (4m16.7s), 800/800 VUs, 252259 complete and 0 interrupted iterations
default   [  71% ] 800/800 VUs  4m16.7s/6m00.0s

running (4m17.7s), 800/800 VUs, 253225 complete and 0 interrupted iterations
default   [  72% ] 800/800 VUs  4m17.7s/6m00.0s

running (4m18.7s), 800/800 VUs, 254225 complete and 0 interrupted iterations
default   [  72% ] 800/800 VUs  4m18.7s/6m00.0s

running (4m19.7s), 800/800 VUs, 255225 complete and 0 interrupted iterations
default   [  72% ] 800/800 VUs  4m19.7s/6m00.0s

running (4m20.7s), 800/800 VUs, 256175 complete and 0 interrupted iterations
default   [  72% ] 800/800 VUs  4m20.7s/6m00.0s

running (4m21.7s), 800/800 VUs, 257175 complete and 0 interrupted iterations
default   [  73% ] 800/800 VUs  4m21.7s/6m00.0s

running (4m22.7s), 800/800 VUs, 258154 complete and 0 interrupted iterations
default   [  73% ] 800/800 VUs  4m22.7s/6m00.0s

running (4m23.7s), 800/800 VUs, 259125 complete and 0 interrupted iterations
default   [  73% ] 800/800 VUs  4m23.7s/6m00.0s

running (4m24.7s), 800/800 VUs, 260125 complete and 0 interrupted iterations
default   [  74% ] 800/800 VUs  4m24.7s/6m00.0s

running (4m25.7s), 800/800 VUs, 261125 complete and 0 interrupted iterations
default   [  74% ] 800/800 VUs  4m25.7s/6m00.0s

running (4m26.7s), 800/800 VUs, 262075 complete and 0 interrupted iterations
default   [  74% ] 800/800 VUs  4m26.7s/6m00.0s

running (4m27.7s), 800/800 VUs, 263075 complete and 0 interrupted iterations
default   [  74% ] 800/800 VUs  4m27.7s/6m00.0s

running (4m28.7s), 800/800 VUs, 264025 complete and 0 interrupted iterations
default   [  75% ] 800/800 VUs  4m28.7s/6m00.0s

running (4m29.7s), 800/800 VUs, 265025 complete and 0 interrupted iterations
default   [  75% ] 800/800 VUs  4m29.7s/6m00.0s

running (4m30.7s), 800/800 VUs, 266025 complete and 0 interrupted iterations
default   [  75% ] 800/800 VUs  4m30.7s/6m00.0s

running (4m31.7s), 800/800 VUs, 267011 complete and 0 interrupted iterations
default   [  75% ] 800/800 VUs  4m31.7s/6m00.0s

running (4m32.7s), 800/800 VUs, 267975 complete and 0 interrupted iterations
default   [  76% ] 800/800 VUs  4m32.7s/6m00.0s

running (4m33.7s), 800/800 VUs, 268975 complete and 0 interrupted iterations
default   [  76% ] 800/800 VUs  4m33.7s/6m00.0s

running (4m34.7s), 800/800 VUs, 269925 complete and 0 interrupted iterations
default   [  76% ] 800/800 VUs  4m34.7s/6m00.0s

running (4m35.7s), 800/800 VUs, 270925 complete and 0 interrupted iterations
default   [  77% ] 800/800 VUs  4m35.7s/6m00.0s

running (4m36.7s), 800/800 VUs, 271925 complete and 0 interrupted iterations
default   [  77% ] 800/800 VUs  4m36.7s/6m00.0s

running (4m37.7s), 800/800 VUs, 272875 complete and 0 interrupted iterations
default   [  77% ] 800/800 VUs  4m37.7s/6m00.0s

running (4m38.7s), 800/800 VUs, 273875 complete and 0 interrupted iterations
default   [  77% ] 800/800 VUs  4m38.7s/6m00.0s

running (4m39.7s), 800/800 VUs, 274875 complete and 0 interrupted iterations
default   [  78% ] 800/800 VUs  4m39.7s/6m00.0s

running (4m40.7s), 800/800 VUs, 275825 complete and 0 interrupted iterations
default   [  78% ] 800/800 VUs  4m40.7s/6m00.0s

running (4m41.7s), 800/800 VUs, 276825 complete and 0 interrupted iterations
default   [  78% ] 800/800 VUs  4m41.7s/6m00.0s

running (4m42.7s), 800/800 VUs, 277825 complete and 0 interrupted iterations
default   [  79% ] 800/800 VUs  4m42.7s/6m00.0s

running (4m43.7s), 800/800 VUs, 278775 complete and 0 interrupted iterations
default   [  79% ] 800/800 VUs  4m43.7s/6m00.0s

running (4m44.7s), 800/800 VUs, 279775 complete and 0 interrupted iterations
default   [  79% ] 800/800 VUs  4m44.7s/6m00.0s

running (4m45.7s), 800/800 VUs, 280775 complete and 0 interrupted iterations
default   [  79% ] 800/800 VUs  4m45.7s/6m00.0s

running (4m46.7s), 800/800 VUs, 281725 complete and 0 interrupted iterations
default   [  80% ] 800/800 VUs  4m46.7s/6m00.0s

running (4m47.7s), 800/800 VUs, 282725 complete and 0 interrupted iterations
default   [  80% ] 800/800 VUs  4m47.7s/6m00.0s

running (4m48.7s), 800/800 VUs, 283710 complete and 0 interrupted iterations
default   [  80% ] 800/800 VUs  4m48.7s/6m00.0s

running (4m49.7s), 800/800 VUs, 284675 complete and 0 interrupted iterations
default   [  80% ] 800/800 VUs  4m49.7s/6m00.0s

running (4m50.7s), 800/800 VUs, 285675 complete and 0 interrupted iterations
default   [  81% ] 800/800 VUs  4m50.7s/6m00.0s

running (4m51.7s), 800/800 VUs, 286668 complete and 0 interrupted iterations
default   [  81% ] 800/800 VUs  4m51.7s/6m00.0s

running (4m52.7s), 800/800 VUs, 287625 complete and 0 interrupted iterations
default   [  81% ] 800/800 VUs  4m52.7s/6m00.0s

running (4m53.7s), 800/800 VUs, 288625 complete and 0 interrupted iterations
default   [  82% ] 800/800 VUs  4m53.7s/6m00.0s

running (4m54.7s), 800/800 VUs, 289592 complete and 0 interrupted iterations
default   [  82% ] 800/800 VUs  4m54.7s/6m00.0s

running (4m55.7s), 800/800 VUs, 290575 complete and 0 interrupted iterations
default   [  82% ] 800/800 VUs  4m55.7s/6m00.0s

running (4m56.7s), 800/800 VUs, 291575 complete and 0 interrupted iterations
default   [  82% ] 800/800 VUs  4m56.7s/6m00.0s

running (4m57.7s), 800/800 VUs, 292575 complete and 0 interrupted iterations
default   [  83% ] 800/800 VUs  4m57.7s/6m00.0s

running (4m58.7s), 800/800 VUs, 293525 complete and 0 interrupted iterations
default   [  83% ] 800/800 VUs  4m58.7s/6m00.0s

running (4m59.7s), 800/800 VUs, 294525 complete and 0 interrupted iterations
default   [  83% ] 800/800 VUs  4m59.7s/6m00.0s

running (5m00.7s), 800/800 VUs, 295475 complete and 0 interrupted iterations
default   [  84% ] 800/800 VUs  5m00.7s/6m00.0s

running (5m01.7s), 800/800 VUs, 296475 complete and 0 interrupted iterations
default   [  84% ] 800/800 VUs  5m01.7s/6m00.0s

running (5m02.7s), 800/800 VUs, 297475 complete and 0 interrupted iterations
default   [  84% ] 800/800 VUs  5m02.7s/6m00.0s

running (5m03.7s), 800/800 VUs, 298425 complete and 0 interrupted iterations
default   [  84% ] 800/800 VUs  5m03.7s/6m00.0s

running (5m04.7s), 800/800 VUs, 299425 complete and 0 interrupted iterations
default   [  85% ] 800/800 VUs  5m04.7s/6m00.0s

running (5m05.7s), 800/800 VUs, 300420 complete and 0 interrupted iterations
default   [  85% ] 800/800 VUs  5m05.7s/6m00.0s

running (5m06.7s), 800/800 VUs, 301375 complete and 0 interrupted iterations
default   [  85% ] 800/800 VUs  5m06.7s/6m00.0s

running (5m07.7s), 800/800 VUs, 302375 complete and 0 interrupted iterations
default   [  85% ] 800/800 VUs  5m07.7s/6m00.0s

running (5m08.7s), 800/800 VUs, 303364 complete and 0 interrupted iterations
default   [  86% ] 800/800 VUs  5m08.7s/6m00.0s

running (5m09.7s), 800/800 VUs, 304325 complete and 0 interrupted iterations
default   [  86% ] 800/800 VUs  5m09.7s/6m00.0s

running (5m10.7s), 800/800 VUs, 305325 complete and 0 interrupted iterations
default   [  86% ] 800/800 VUs  5m10.7s/6m00.0s

running (5m11.7s), 800/800 VUs, 306311 complete and 0 interrupted iterations
default   [  87% ] 800/800 VUs  5m11.7s/6m00.0s

running (5m12.7s), 800/800 VUs, 307275 complete and 0 interrupted iterations
default   [  87% ] 800/800 VUs  5m12.7s/6m00.0s

running (5m13.7s), 800/800 VUs, 308275 complete and 0 interrupted iterations
default   [  87% ] 800/800 VUs  5m13.7s/6m00.0s

running (5m14.7s), 800/800 VUs, 309246 complete and 0 interrupted iterations
default   [  87% ] 800/800 VUs  5m14.7s/6m00.0s

running (5m15.7s), 800/800 VUs, 310225 complete and 0 interrupted iterations
default   [  88% ] 800/800 VUs  5m15.7s/6m00.0s

running (5m16.7s), 800/800 VUs, 311211 complete and 0 interrupted iterations
default   [  88% ] 800/800 VUs  5m16.7s/6m00.0s

running (5m17.7s), 800/800 VUs, 312218 complete and 0 interrupted iterations
default   [  88% ] 800/800 VUs  5m17.7s/6m00.0s

running (5m18.7s), 800/800 VUs, 313175 complete and 0 interrupted iterations
default   [  89% ] 800/800 VUs  5m18.7s/6m00.0s

running (5m19.7s), 800/800 VUs, 314175 complete and 0 interrupted iterations
default   [  89% ] 800/800 VUs  5m19.7s/6m00.0s

running (5m20.7s), 800/800 VUs, 315127 complete and 0 interrupted iterations
default   [  89% ] 800/800 VUs  5m20.7s/6m00.0s

running (5m21.7s), 800/800 VUs, 316125 complete and 0 interrupted iterations
default   [  89% ] 800/800 VUs  5m21.7s/6m00.0s

running (5m22.7s), 800/800 VUs, 317125 complete and 0 interrupted iterations
default   [  90% ] 800/800 VUs  5m22.7s/6m00.0s

running (5m23.7s), 800/800 VUs, 318075 complete and 0 interrupted iterations
default   [  90% ] 800/800 VUs  5m23.7s/6m00.0s

running (5m24.7s), 800/800 VUs, 319075 complete and 0 interrupted iterations
default   [  90% ] 800/800 VUs  5m24.7s/6m00.0s

running (5m25.7s), 800/800 VUs, 320075 complete and 0 interrupted iterations
default   [  90% ] 800/800 VUs  5m25.7s/6m00.0s

running (5m26.7s), 800/800 VUs, 321025 complete and 0 interrupted iterations
default   [  91% ] 800/800 VUs  5m26.7s/6m00.0s

running (5m27.7s), 800/800 VUs, 322025 complete and 0 interrupted iterations
default   [  91% ] 800/800 VUs  5m27.7s/6m00.0s

running (5m28.7s), 800/800 VUs, 323025 complete and 0 interrupted iterations
default   [  91% ] 800/800 VUs  5m28.7s/6m00.0s

running (5m29.7s), 800/800 VUs, 323980 complete and 0 interrupted iterations
default   [  92% ] 800/800 VUs  5m29.7s/6m00.0s

running (5m30.7s), 792/800 VUs, 324975 complete and 0 interrupted iterations
default   [  92% ] 792/800 VUs  5m30.7s/6m00.0s

running (5m31.7s), 765/800 VUs, 325975 complete and 0 interrupted iterations
default   [  92% ] 765/800 VUs  5m31.7s/6m00.0s

running (5m32.7s), 736/800 VUs, 326925 complete and 0 interrupted iterations
default   [  92% ] 736/800 VUs  5m32.7s/6m00.0s

running (5m33.7s), 714/800 VUs, 327925 complete and 0 interrupted iterations
default   [  93% ] 714/800 VUs  5m33.7s/6m00.0s

running (5m34.7s), 685/800 VUs, 328925 complete and 0 interrupted iterations
default   [  93% ] 685/800 VUs  5m34.7s/6m00.0s

running (5m35.7s), 658/800 VUs, 329875 complete and 0 interrupted iterations
default   [  93% ] 658/800 VUs  5m35.7s/6m00.0s

running (5m36.7s), 629/800 VUs, 330875 complete and 0 interrupted iterations
default   [  94% ] 629/800 VUs  5m36.7s/6m00.0s

running (5m37.7s), 605/800 VUs, 331875 complete and 0 interrupted iterations
default   [  94% ] 605/800 VUs  5m37.7s/6m00.0s

running (5m38.7s), 579/800 VUs, 332825 complete and 0 interrupted iterations
default   [  94% ] 579/800 VUs  5m38.7s/6m00.0s

running (5m39.7s), 550/800 VUs, 333825 complete and 0 interrupted iterations
default   [  94% ] 550/800 VUs  5m39.7s/6m00.0s

running (5m40.7s), 519/800 VUs, 334825 complete and 0 interrupted iterations
default   [  95% ] 519/800 VUs  5m40.7s/6m00.0s

running (5m41.7s), 498/800 VUs, 335775 complete and 0 interrupted iterations
default   [  95% ] 498/800 VUs  5m41.7s/6m00.0s

running (5m42.7s), 470/800 VUs, 336775 complete and 0 interrupted iterations
default   [  95% ] 470/800 VUs  5m42.7s/6m00.0s

running (5m43.7s), 442/800 VUs, 337758 complete and 0 interrupted iterations
default   [  95% ] 442/800 VUs  5m43.7s/6m00.0s

running (5m44.7s), 416/800 VUs, 338725 complete and 0 interrupted iterations
default   [  96% ] 416/800 VUs  5m44.7s/6m00.0s

running (5m45.7s), 387/800 VUs, 339725 complete and 0 interrupted iterations
default   [  96% ] 387/800 VUs  5m45.7s/6m00.0s

running (5m46.7s), 365/800 VUs, 340686 complete and 0 interrupted iterations
default   [  96% ] 365/800 VUs  5m46.7s/6m00.0s

running (5m47.7s), 335/800 VUs, 341675 complete and 0 interrupted iterations
default   [  97% ] 335/800 VUs  5m47.7s/6m00.0s

running (5m48.7s), 311/800 VUs, 342675 complete and 0 interrupted iterations
default   [  97% ] 311/800 VUs  5m48.7s/6m00.0s

running (5m49.7s), 280/800 VUs, 343629 complete and 0 interrupted iterations
default   [  97% ] 280/800 VUs  5m49.7s/6m00.0s

running (5m50.7s), 254/800 VUs, 344625 complete and 0 interrupted iterations
default   [  97% ] 254/800 VUs  5m50.7s/6m00.0s

running (5m51.7s), 227/800 VUs, 345625 complete and 0 interrupted iterations
default   [  98% ] 227/800 VUs  5m51.7s/6m00.0s

running (5m52.7s), 199/800 VUs, 346577 complete and 0 interrupted iterations
default   [  98% ] 199/800 VUs  5m52.7s/6m00.0s

running (5m53.7s), 173/800 VUs, 347575 complete and 0 interrupted iterations
default   [  98% ] 173/800 VUs  5m53.7s/6m00.0s

running (5m54.7s), 143/800 VUs, 348575 complete and 0 interrupted iterations
default   [  99% ] 143/800 VUs  5m54.7s/6m00.0s

running (5m55.7s), 118/800 VUs, 349525 complete and 0 interrupted iterations
default   [  99% ] 118/800 VUs  5m55.7s/6m00.0s

running (5m56.7s), 091/800 VUs, 350525 complete and 0 interrupted iterations
default   [  99% ] 091/800 VUs  5m56.7s/6m00.0s

running (5m57.7s), 063/800 VUs, 351525 complete and 0 interrupted iterations
default   [  99% ] 063/800 VUs  5m57.7s/6m00.0s

running (5m58.7s), 037/800 VUs, 352417 complete and 0 interrupted iterations
default   [ 100% ] 037/800 VUs  5m58.7s/6m00.0s

running (5m59.7s), 009/800 VUs, 352892 complete and 0 interrupted iterations
default   [ 100% ] 009/800 VUs  5m59.7s/6m00.0s


  █ THRESHOLDS 

    checks
    ✓ 'rate>0.95' rate=100.00%

    http_req_duration
    ✓ 'p(95)<5000' p(95)=1.11s
    ✓ 'p(99)<10000' p(99)=1.27s

    http_req_failed
    ✓ 'rate<0.05' rate=0.00%


  █ TOTAL RESULTS 

    checks_total.......: 1411716 3921.123664/s
    checks_succeeded...: 100.00% 1411716 out of 1411716
    checks_failed......: 0.00%   0 out of 1411716

    ✓ status is 200
    ✓ content-type is json
    ✓ workloadType is IO-BOUND
    ✓ executionTimeMs exists

    CUSTOM
    response_time_ms...............: min=50.538261 avg=748.413513 med=807.474266 max=2645.218479 p(90)=966.818511 p(95)=1117.645547 p(99)=1272.547986
    successful_requests............: 352929 980.280916/s

    HTTP
    http_req_duration..............: min=50.53ms   avg=748.41ms   med=807.47ms   max=2.64s       p(90)=966.81ms   p(95)=1.11s       p(99)=1.27s      
      { expected_response:true }...: min=50.53ms   avg=748.41ms   med=807.47ms   max=2.64s       p(90)=966.81ms   p(95)=1.11s       p(99)=1.27s      
    http_req_failed................: 0.00%  0 out of 352929
    http_reqs......................: 352929 980.280916/s

    EXECUTION
    iteration_duration.............: min=50.65ms   avg=748.57ms   med=807.62ms   max=2.64s       p(90)=966.98ms   p(95)=1.11s       p(99)=1.27s      
    iterations.....................: 352929 980.280916/s
    vus............................: 9      min=9           max=800
    vus_max........................: 800    min=800         max=800

    NETWORK
    data_received..................: 98 MB  272 kB/s
    data_sent......................: 28 MB  77 kB/s




running (6m00.0s), 000/800 VUs, 352929 complete and 0 interrupted iterations
default ✓ [ 100% ] 000/800 VUs  6m0s
