
         /\      Grafana   /‾‾/  
    /\  /  \     |\  __   /  /   
   /  \/    \    | |/ /  /   ‾‾\ 
  /          \   |   (  |  (‾)  |
 / __________ \  |_|\_\  \_____/ 


     execution: local
        script: io-bound-test.js
        output: -

     scenarios: (100.00%) 1 scenario, 300 max VUs, 6m30s max duration (incl. graceful stop):
              * default: Up to 300 looping VUs for 6m0s over 3 stages (gracefulRampDown: 30s, gracefulStop: 30s)


running (0m00.9s), 009/300 VUs, 81 complete and 0 interrupted iterations
default   [   0% ] 009/300 VUs  0m00.9s/6m00.0s

running (0m01.9s), 019/300 VUs, 354 complete and 0 interrupted iterations
default   [   1% ] 019/300 VUs  0m01.9s/6m00.0s

running (0m02.9s), 029/300 VUs, 822 complete and 0 interrupted iterations
default   [   1% ] 029/300 VUs  0m02.9s/6m00.0s

running (0m03.9s), 039/300 VUs, 1491 complete and 0 interrupted iterations
default   [   1% ] 039/300 VUs  0m03.9s/6m00.0s

running (0m04.9s), 049/300 VUs, 2353 complete and 0 interrupted iterations
default   [   1% ] 049/300 VUs  0m04.9s/6m00.0s

running (0m05.9s), 059/300 VUs, 3337 complete and 0 interrupted iterations
default   [   2% ] 059/300 VUs  0m05.9s/6m00.0s

running (0m06.9s), 069/300 VUs, 4321 complete and 0 interrupted iterations
default   [   2% ] 069/300 VUs  0m06.9s/6m00.0s

running (0m07.9s), 079/300 VUs, 5321 complete and 0 interrupted iterations
default   [   2% ] 079/300 VUs  0m07.9s/6m00.0s

running (0m08.9s), 089/300 VUs, 6321 complete and 0 interrupted iterations
default   [   2% ] 089/300 VUs  0m08.9s/6m00.0s

running (0m09.9s), 099/300 VUs, 7310 complete and 0 interrupted iterations
default   [   3% ] 099/300 VUs  0m09.9s/6m00.0s

running (0m10.9s), 109/300 VUs, 8295 complete and 0 interrupted iterations
default   [   3% ] 109/300 VUs  0m10.9s/6m00.0s

running (0m11.9s), 119/300 VUs, 9282 complete and 0 interrupted iterations
default   [   3% ] 119/300 VUs  0m11.9s/6m00.0s

running (0m12.9s), 129/300 VUs, 10271 complete and 0 interrupted iterations
default   [   4% ] 129/300 VUs  0m12.9s/6m00.0s

running (0m13.9s), 139/300 VUs, 11271 complete and 0 interrupted iterations
default   [   4% ] 139/300 VUs  0m13.9s/6m00.0s

running (0m14.9s), 149/300 VUs, 12268 complete and 0 interrupted iterations
default   [   4% ] 149/300 VUs  0m14.9s/6m00.0s

running (0m15.9s), 159/300 VUs, 13254 complete and 0 interrupted iterations
default   [   4% ] 159/300 VUs  0m15.9s/6m00.0s

running (0m16.9s), 169/300 VUs, 14240 complete and 0 interrupted iterations
default   [   5% ] 169/300 VUs  0m16.9s/6m00.0s

running (0m17.9s), 179/300 VUs, 15221 complete and 0 interrupted iterations
default   [   5% ] 179/300 VUs  0m17.9s/6m00.0s

running (0m18.9s), 189/300 VUs, 16221 complete and 0 interrupted iterations
default   [   5% ] 189/300 VUs  0m18.9s/6m00.0s

running (0m19.9s), 199/300 VUs, 17221 complete and 0 interrupted iterations
default   [   6% ] 199/300 VUs  0m19.9s/6m00.0s

running (0m20.9s), 209/300 VUs, 18216 complete and 0 interrupted iterations
default   [   6% ] 209/300 VUs  0m20.9s/6m00.0s

running (0m21.9s), 219/300 VUs, 19187 complete and 0 interrupted iterations
default   [   6% ] 219/300 VUs  0m21.9s/6m00.0s

running (0m22.9s), 229/300 VUs, 20171 complete and 0 interrupted iterations
default   [   6% ] 229/300 VUs  0m22.9s/6m00.0s

running (0m23.9s), 238/300 VUs, 21171 complete and 0 interrupted iterations
default   [   7% ] 238/300 VUs  0m23.9s/6m00.0s

running (0m24.9s), 248/300 VUs, 22171 complete and 0 interrupted iterations
default   [   7% ] 248/300 VUs  0m24.9s/6m00.0s

running (0m25.9s), 258/300 VUs, 23161 complete and 0 interrupted iterations
default   [   7% ] 258/300 VUs  0m25.9s/6m00.0s

running (0m26.9s), 268/300 VUs, 24124 complete and 0 interrupted iterations
default   [   7% ] 268/300 VUs  0m26.9s/6m00.0s

running (0m27.9s), 278/300 VUs, 25121 complete and 0 interrupted iterations
default   [   8% ] 278/300 VUs  0m27.9s/6m00.0s

running (0m28.9s), 288/300 VUs, 26121 complete and 0 interrupted iterations
default   [   8% ] 288/300 VUs  0m28.9s/6m00.0s

running (0m29.9s), 298/300 VUs, 27121 complete and 0 interrupted iterations
default   [   8% ] 298/300 VUs  0m29.9s/6m00.0s

running (0m30.9s), 300/300 VUs, 28071 complete and 0 interrupted iterations
default   [   9% ] 300/300 VUs  0m30.9s/6m00.0s

running (0m31.9s), 300/300 VUs, 29071 complete and 0 interrupted iterations
default   [   9% ] 300/300 VUs  0m31.9s/6m00.0s

running (0m32.9s), 300/300 VUs, 30070 complete and 0 interrupted iterations
default   [   9% ] 300/300 VUs  0m32.9s/6m00.0s

running (0m33.9s), 300/300 VUs, 31048 complete and 0 interrupted iterations
default   [   9% ] 300/300 VUs  0m33.9s/6m00.0s

running (0m34.9s), 300/300 VUs, 32024 complete and 0 interrupted iterations
default   [  10% ] 300/300 VUs  0m34.9s/6m00.0s

running (0m35.9s), 300/300 VUs, 33021 complete and 0 interrupted iterations
default   [  10% ] 300/300 VUs  0m35.9s/6m00.0s

running (0m36.9s), 300/300 VUs, 34021 complete and 0 interrupted iterations
default   [  10% ] 300/300 VUs  0m36.9s/6m00.0s

running (0m37.9s), 300/300 VUs, 35019 complete and 0 interrupted iterations
default   [  11% ] 300/300 VUs  0m37.9s/6m00.0s

running (0m38.9s), 300/300 VUs, 36004 complete and 0 interrupted iterations
default   [  11% ] 300/300 VUs  0m38.9s/6m00.0s

running (0m39.9s), 300/300 VUs, 36971 complete and 0 interrupted iterations
default   [  11% ] 300/300 VUs  0m39.9s/6m00.0s

running (0m40.9s), 300/300 VUs, 37971 complete and 0 interrupted iterations
default   [  11% ] 300/300 VUs  0m40.9s/6m00.0s

running (0m41.9s), 300/300 VUs, 38971 complete and 0 interrupted iterations
default   [  12% ] 300/300 VUs  0m41.9s/6m00.0s

running (0m42.9s), 300/300 VUs, 39971 complete and 0 interrupted iterations
default   [  12% ] 300/300 VUs  0m42.9s/6m00.0s

running (0m43.9s), 300/300 VUs, 40966 complete and 0 interrupted iterations
default   [  12% ] 300/300 VUs  0m43.9s/6m00.0s

running (0m44.9s), 300/300 VUs, 41928 complete and 0 interrupted iterations
default   [  12% ] 300/300 VUs  0m44.9s/6m00.0s

running (0m45.9s), 300/300 VUs, 42921 complete and 0 interrupted iterations
default   [  13% ] 300/300 VUs  0m45.9s/6m00.0s

running (0m46.9s), 300/300 VUs, 43921 complete and 0 interrupted iterations
default   [  13% ] 300/300 VUs  0m46.9s/6m00.0s

running (0m47.9s), 300/300 VUs, 44921 complete and 0 interrupted iterations
default   [  13% ] 300/300 VUs  0m47.9s/6m00.0s

running (0m48.9s), 300/300 VUs, 45901 complete and 0 interrupted iterations
default   [  14% ] 300/300 VUs  0m48.9s/6m00.0s

running (0m49.9s), 300/300 VUs, 46875 complete and 0 interrupted iterations
default   [  14% ] 300/300 VUs  0m49.9s/6m00.0s

running (0m50.9s), 300/300 VUs, 47871 complete and 0 interrupted iterations
default   [  14% ] 300/300 VUs  0m50.9s/6m00.0s

running (0m51.9s), 300/300 VUs, 48871 complete and 0 interrupted iterations
default   [  14% ] 300/300 VUs  0m51.9s/6m00.0s

running (0m52.9s), 300/300 VUs, 49871 complete and 0 interrupted iterations
default   [  15% ] 300/300 VUs  0m52.9s/6m00.0s

running (0m53.9s), 300/300 VUs, 50871 complete and 0 interrupted iterations
default   [  15% ] 300/300 VUs  0m53.9s/6m00.0s

running (0m54.9s), 300/300 VUs, 51821 complete and 0 interrupted iterations
default   [  15% ] 300/300 VUs  0m54.9s/6m00.0s

running (0m55.9s), 300/300 VUs, 52821 complete and 0 interrupted iterations
default   [  16% ] 300/300 VUs  0m55.9s/6m00.0s

running (0m56.9s), 300/300 VUs, 53821 complete and 0 interrupted iterations
default   [  16% ] 300/300 VUs  0m56.9s/6m00.0s

running (0m57.9s), 300/300 VUs, 54804 complete and 0 interrupted iterations
default   [  16% ] 300/300 VUs  0m57.9s/6m00.0s

running (0m58.9s), 300/300 VUs, 55771 complete and 0 interrupted iterations
default   [  16% ] 300/300 VUs  0m58.9s/6m00.0s

running (0m59.9s), 300/300 VUs, 56771 complete and 0 interrupted iterations
default   [  17% ] 300/300 VUs  0m59.9s/6m00.0s

running (1m00.9s), 300/300 VUs, 57771 complete and 0 interrupted iterations
default   [  17% ] 300/300 VUs  1m00.9s/6m00.0s

running (1m01.9s), 300/300 VUs, 58725 complete and 0 interrupted iterations
default   [  17% ] 300/300 VUs  1m01.9s/6m00.0s

running (1m02.9s), 300/300 VUs, 59721 complete and 0 interrupted iterations
default   [  17% ] 300/300 VUs  1m02.9s/6m00.0s

running (1m03.9s), 300/300 VUs, 60721 complete and 0 interrupted iterations
default   [  18% ] 300/300 VUs  1m03.9s/6m00.0s

running (1m04.9s), 300/300 VUs, 61721 complete and 0 interrupted iterations
default   [  18% ] 300/300 VUs  1m04.9s/6m00.0s

running (1m05.9s), 300/300 VUs, 62671 complete and 0 interrupted iterations
default   [  18% ] 300/300 VUs  1m05.9s/6m00.0s

running (1m06.9s), 300/300 VUs, 63671 complete and 0 interrupted iterations
default   [  19% ] 300/300 VUs  1m06.9s/6m00.0s

running (1m07.9s), 300/300 VUs, 64671 complete and 0 interrupted iterations
default   [  19% ] 300/300 VUs  1m07.9s/6m00.0s

running (1m08.9s), 300/300 VUs, 65649 complete and 0 interrupted iterations
default   [  19% ] 300/300 VUs  1m08.9s/6m00.0s

running (1m09.9s), 300/300 VUs, 66621 complete and 0 interrupted iterations
default   [  19% ] 300/300 VUs  1m09.9s/6m00.0s

running (1m10.9s), 300/300 VUs, 67621 complete and 0 interrupted iterations
default   [  20% ] 300/300 VUs  1m10.9s/6m00.0s

running (1m11.9s), 300/300 VUs, 68621 complete and 0 interrupted iterations
default   [  20% ] 300/300 VUs  1m11.9s/6m00.0s

running (1m12.9s), 300/300 VUs, 69593 complete and 0 interrupted iterations
default   [  20% ] 300/300 VUs  1m12.9s/6m00.0s

running (1m13.9s), 300/300 VUs, 70578 complete and 0 interrupted iterations
default   [  21% ] 300/300 VUs  1m13.9s/6m00.0s

running (1m14.9s), 300/300 VUs, 71571 complete and 0 interrupted iterations
default   [  21% ] 300/300 VUs  1m14.9s/6m00.0s

running (1m15.9s), 300/300 VUs, 72571 complete and 0 interrupted iterations
default   [  21% ] 300/300 VUs  1m15.9s/6m00.0s

running (1m16.9s), 300/300 VUs, 73571 complete and 0 interrupted iterations
default   [  21% ] 300/300 VUs  1m16.9s/6m00.0s

running (1m17.9s), 300/300 VUs, 74570 complete and 0 interrupted iterations
default   [  22% ] 300/300 VUs  1m17.9s/6m00.0s

running (1m18.9s), 300/300 VUs, 75539 complete and 0 interrupted iterations
default   [  22% ] 300/300 VUs  1m18.9s/6m00.0s

running (1m19.9s), 300/300 VUs, 76521 complete and 0 interrupted iterations
default   [  22% ] 300/300 VUs  1m19.9s/6m00.0s

running (1m20.9s), 300/300 VUs, 77521 complete and 0 interrupted iterations
default   [  22% ] 300/300 VUs  1m20.9s/6m00.0s

running (1m21.9s), 300/300 VUs, 78521 complete and 0 interrupted iterations
default   [  23% ] 300/300 VUs  1m21.9s/6m00.0s

running (1m22.9s), 300/300 VUs, 79521 complete and 0 interrupted iterations
default   [  23% ] 300/300 VUs  1m22.9s/6m00.0s

running (1m23.9s), 300/300 VUs, 80482 complete and 0 interrupted iterations
default   [  23% ] 300/300 VUs  1m23.9s/6m00.0s

running (1m24.9s), 300/300 VUs, 81471 complete and 0 interrupted iterations
default   [  24% ] 300/300 VUs  1m24.9s/6m00.0s

running (1m25.9s), 300/300 VUs, 82471 complete and 0 interrupted iterations
default   [  24% ] 300/300 VUs  1m25.9s/6m00.0s

running (1m26.9s), 300/300 VUs, 83471 complete and 0 interrupted iterations
default   [  24% ] 300/300 VUs  1m26.9s/6m00.0s

running (1m27.9s), 300/300 VUs, 84454 complete and 0 interrupted iterations
default   [  24% ] 300/300 VUs  1m27.9s/6m00.0s

running (1m28.9s), 300/300 VUs, 85421 complete and 0 interrupted iterations
default   [  25% ] 300/300 VUs  1m28.9s/6m00.0s

running (1m29.9s), 300/300 VUs, 86421 complete and 0 interrupted iterations
default   [  25% ] 300/300 VUs  1m29.9s/6m00.0s

running (1m30.9s), 300/300 VUs, 87421 complete and 0 interrupted iterations
default   [  25% ] 300/300 VUs  1m30.9s/6m00.0s

running (1m31.9s), 300/300 VUs, 88371 complete and 0 interrupted iterations
default   [  26% ] 300/300 VUs  1m31.9s/6m00.0s

running (1m32.9s), 300/300 VUs, 89371 complete and 0 interrupted iterations
default   [  26% ] 300/300 VUs  1m32.9s/6m00.0s

running (1m33.9s), 300/300 VUs, 90371 complete and 0 interrupted iterations
default   [  26% ] 300/300 VUs  1m33.9s/6m00.0s

running (1m34.9s), 300/300 VUs, 91332 complete and 0 interrupted iterations
default   [  26% ] 300/300 VUs  1m34.9s/6m00.0s

running (1m35.9s), 300/300 VUs, 92321 complete and 0 interrupted iterations
default   [  27% ] 300/300 VUs  1m35.9s/6m00.0s

running (1m36.9s), 300/300 VUs, 93321 complete and 0 interrupted iterations
default   [  27% ] 300/300 VUs  1m36.9s/6m00.0s

running (1m37.9s), 300/300 VUs, 94321 complete and 0 interrupted iterations
default   [  27% ] 300/300 VUs  1m37.9s/6m00.0s

running (1m38.9s), 300/300 VUs, 95271 complete and 0 interrupted iterations
default   [  27% ] 300/300 VUs  1m38.9s/6m00.0s

running (1m39.9s), 300/300 VUs, 96271 complete and 0 interrupted iterations
default   [  28% ] 300/300 VUs  1m39.9s/6m00.0s

running (1m40.9s), 300/300 VUs, 97271 complete and 0 interrupted iterations
default   [  28% ] 300/300 VUs  1m40.9s/6m00.0s

running (1m41.9s), 300/300 VUs, 98267 complete and 0 interrupted iterations
default   [  28% ] 300/300 VUs  1m41.9s/6m00.0s

running (1m42.9s), 300/300 VUs, 99221 complete and 0 interrupted iterations
default   [  29% ] 300/300 VUs  1m42.9s/6m00.0s

running (1m43.9s), 300/300 VUs, 100221 complete and 0 interrupted iterations
default   [  29% ] 300/300 VUs  1m43.9s/6m00.0s

running (1m44.9s), 300/300 VUs, 101221 complete and 0 interrupted iterations
default   [  29% ] 300/300 VUs  1m44.9s/6m00.0s

running (1m45.9s), 300/300 VUs, 102221 complete and 0 interrupted iterations
default   [  29% ] 300/300 VUs  1m45.9s/6m00.0s

running (1m46.9s), 300/300 VUs, 103171 complete and 0 interrupted iterations
default   [  30% ] 300/300 VUs  1m46.9s/6m00.0s

running (1m47.9s), 300/300 VUs, 104171 complete and 0 interrupted iterations
default   [  30% ] 300/300 VUs  1m47.9s/6m00.0s

running (1m48.9s), 300/300 VUs, 105171 complete and 0 interrupted iterations
default   [  30% ] 300/300 VUs  1m48.9s/6m00.0s

running (1m49.9s), 300/300 VUs, 106168 complete and 0 interrupted iterations
default   [  31% ] 300/300 VUs  1m49.9s/6m00.0s

running (1m50.9s), 300/300 VUs, 107139 complete and 0 interrupted iterations
default   [  31% ] 300/300 VUs  1m50.9s/6m00.0s

running (1m51.9s), 300/300 VUs, 108121 complete and 0 interrupted iterations
default   [  31% ] 300/300 VUs  1m51.9s/6m00.0s

running (1m52.9s), 300/300 VUs, 109121 complete and 0 interrupted iterations
default   [  31% ] 300/300 VUs  1m52.9s/6m00.0s

running (1m53.9s), 300/300 VUs, 110121 complete and 0 interrupted iterations
default   [  32% ] 300/300 VUs  1m53.9s/6m00.0s

running (1m54.9s), 300/300 VUs, 111121 complete and 0 interrupted iterations
default   [  32% ] 300/300 VUs  1m54.9s/6m00.0s

running (1m55.9s), 300/300 VUs, 112121 complete and 0 interrupted iterations
default   [  32% ] 300/300 VUs  1m55.9s/6m00.0s

running (1m56.9s), 300/300 VUs, 113071 complete and 0 interrupted iterations
default   [  32% ] 300/300 VUs  1m56.9s/6m00.0s

running (1m57.9s), 300/300 VUs, 114071 complete and 0 interrupted iterations
default   [  33% ] 300/300 VUs  1m57.9s/6m00.0s

running (1m58.9s), 300/300 VUs, 115071 complete and 0 interrupted iterations
default   [  33% ] 300/300 VUs  1m58.9s/6m00.0s

running (1m59.9s), 300/300 VUs, 116071 complete and 0 interrupted iterations
default   [  33% ] 300/300 VUs  1m59.9s/6m00.0s

running (2m00.9s), 300/300 VUs, 117021 complete and 0 interrupted iterations
default   [  34% ] 300/300 VUs  2m00.9s/6m00.0s

running (2m01.9s), 300/300 VUs, 118021 complete and 0 interrupted iterations
default   [  34% ] 300/300 VUs  2m01.9s/6m00.0s

running (2m02.9s), 300/300 VUs, 119021 complete and 0 interrupted iterations
default   [  34% ] 300/300 VUs  2m02.9s/6m00.0s

running (2m03.9s), 300/300 VUs, 120021 complete and 0 interrupted iterations
default   [  34% ] 300/300 VUs  2m03.9s/6m00.0s

running (2m04.9s), 300/300 VUs, 121009 complete and 0 interrupted iterations
default   [  35% ] 300/300 VUs  2m04.9s/6m00.0s

running (2m05.9s), 300/300 VUs, 121971 complete and 0 interrupted iterations
default   [  35% ] 300/300 VUs  2m05.9s/6m00.0s

running (2m06.9s), 300/300 VUs, 122971 complete and 0 interrupted iterations
default   [  35% ] 300/300 VUs  2m06.9s/6m00.0s

running (2m07.9s), 300/300 VUs, 123971 complete and 0 interrupted iterations
default   [  36% ] 300/300 VUs  2m07.9s/6m00.0s

running (2m08.9s), 300/300 VUs, 124971 complete and 0 interrupted iterations
default   [  36% ] 300/300 VUs  2m08.9s/6m00.0s

running (2m09.9s), 300/300 VUs, 125921 complete and 0 interrupted iterations
default   [  36% ] 300/300 VUs  2m09.9s/6m00.0s

running (2m10.9s), 300/300 VUs, 126921 complete and 0 interrupted iterations
default   [  36% ] 300/300 VUs  2m10.9s/6m00.0s

running (2m11.9s), 300/300 VUs, 127921 complete and 0 interrupted iterations
default   [  37% ] 300/300 VUs  2m11.9s/6m00.0s

running (2m12.9s), 300/300 VUs, 128921 complete and 0 interrupted iterations
default   [  37% ] 300/300 VUs  2m12.9s/6m00.0s

running (2m13.9s), 300/300 VUs, 129871 complete and 0 interrupted iterations
default   [  37% ] 300/300 VUs  2m13.9s/6m00.0s

running (2m14.9s), 300/300 VUs, 130871 complete and 0 interrupted iterations
default   [  37% ] 300/300 VUs  2m14.9s/6m00.0s

running (2m15.9s), 300/300 VUs, 131871 complete and 0 interrupted iterations
default   [  38% ] 300/300 VUs  2m15.9s/6m00.0s

running (2m16.9s), 300/300 VUs, 132832 complete and 0 interrupted iterations
default   [  38% ] 300/300 VUs  2m16.9s/6m00.0s

running (2m17.9s), 300/300 VUs, 133821 complete and 0 interrupted iterations
default   [  38% ] 300/300 VUs  2m17.9s/6m00.0s

running (2m18.9s), 300/300 VUs, 134821 complete and 0 interrupted iterations
default   [  39% ] 300/300 VUs  2m18.9s/6m00.0s

running (2m19.9s), 300/300 VUs, 135788 complete and 0 interrupted iterations
default   [  39% ] 300/300 VUs  2m19.9s/6m00.0s

running (2m20.9s), 300/300 VUs, 136771 complete and 0 interrupted iterations
default   [  39% ] 300/300 VUs  2m20.9s/6m00.0s

running (2m21.9s), 300/300 VUs, 137771 complete and 0 interrupted iterations
default   [  39% ] 300/300 VUs  2m21.9s/6m00.0s

running (2m22.9s), 300/300 VUs, 138771 complete and 0 interrupted iterations
default   [  40% ] 300/300 VUs  2m22.9s/6m00.0s

running (2m23.9s), 300/300 VUs, 139727 complete and 0 interrupted iterations
default   [  40% ] 300/300 VUs  2m23.9s/6m00.0s

running (2m24.9s), 300/300 VUs, 140721 complete and 0 interrupted iterations
default   [  40% ] 300/300 VUs  2m24.9s/6m00.0s

running (2m25.9s), 300/300 VUs, 141721 complete and 0 interrupted iterations
default   [  41% ] 300/300 VUs  2m25.9s/6m00.0s

running (2m26.9s), 300/300 VUs, 142710 complete and 0 interrupted iterations
default   [  41% ] 300/300 VUs  2m26.9s/6m00.0s

running (2m27.9s), 300/300 VUs, 143671 complete and 0 interrupted iterations
default   [  41% ] 300/300 VUs  2m27.9s/6m00.0s

running (2m28.9s), 300/300 VUs, 144671 complete and 0 interrupted iterations
default   [  41% ] 300/300 VUs  2m28.9s/6m00.0s

running (2m29.9s), 300/300 VUs, 145671 complete and 0 interrupted iterations
default   [  42% ] 300/300 VUs  2m29.9s/6m00.0s

running (2m30.9s), 300/300 VUs, 146621 complete and 0 interrupted iterations
default   [  42% ] 300/300 VUs  2m30.9s/6m00.0s

running (2m31.9s), 300/300 VUs, 147621 complete and 0 interrupted iterations
default   [  42% ] 300/300 VUs  2m31.9s/6m00.0s

running (2m32.9s), 300/300 VUs, 148621 complete and 0 interrupted iterations
default   [  42% ] 300/300 VUs  2m32.9s/6m00.0s

running (2m33.9s), 300/300 VUs, 149595 complete and 0 interrupted iterations
default   [  43% ] 300/300 VUs  2m33.9s/6m00.0s

running (2m34.9s), 300/300 VUs, 150571 complete and 0 interrupted iterations
default   [  43% ] 300/300 VUs  2m34.9s/6m00.0s

running (2m35.9s), 300/300 VUs, 151571 complete and 0 interrupted iterations
default   [  43% ] 300/300 VUs  2m35.9s/6m00.0s

running (2m36.9s), 300/300 VUs, 152553 complete and 0 interrupted iterations
default   [  44% ] 300/300 VUs  2m36.9s/6m00.0s

running (2m37.9s), 300/300 VUs, 153521 complete and 0 interrupted iterations
default   [  44% ] 300/300 VUs  2m37.9s/6m00.0s

running (2m38.9s), 300/300 VUs, 154521 complete and 0 interrupted iterations
default   [  44% ] 300/300 VUs  2m38.9s/6m00.0s

running (2m39.9s), 300/300 VUs, 155516 complete and 0 interrupted iterations
default   [  44% ] 300/300 VUs  2m39.9s/6m00.0s

running (2m40.9s), 300/300 VUs, 156471 complete and 0 interrupted iterations
default   [  45% ] 300/300 VUs  2m40.9s/6m00.0s

running (2m41.9s), 300/300 VUs, 157471 complete and 0 interrupted iterations
default   [  45% ] 300/300 VUs  2m41.9s/6m00.0s

running (2m42.9s), 300/300 VUs, 158471 complete and 0 interrupted iterations
default   [  45% ] 300/300 VUs  2m42.9s/6m00.0s

running (2m43.9s), 300/300 VUs, 159431 complete and 0 interrupted iterations
default   [  46% ] 300/300 VUs  2m43.9s/6m00.0s

running (2m44.9s), 300/300 VUs, 160421 complete and 0 interrupted iterations
default   [  46% ] 300/300 VUs  2m44.9s/6m00.0s

running (2m45.9s), 300/300 VUs, 161421 complete and 0 interrupted iterations
default   [  46% ] 300/300 VUs  2m45.9s/6m00.0s

running (2m46.9s), 300/300 VUs, 162421 complete and 0 interrupted iterations
default   [  46% ] 300/300 VUs  2m46.9s/6m00.0s

running (2m47.9s), 300/300 VUs, 163371 complete and 0 interrupted iterations
default   [  47% ] 300/300 VUs  2m47.9s/6m00.0s

running (2m48.9s), 300/300 VUs, 164371 complete and 0 interrupted iterations
default   [  47% ] 300/300 VUs  2m48.9s/6m00.0s

running (2m49.9s), 300/300 VUs, 165371 complete and 0 interrupted iterations
default   [  47% ] 300/300 VUs  2m49.9s/6m00.0s

running (2m50.9s), 300/300 VUs, 166349 complete and 0 interrupted iterations
default   [  47% ] 300/300 VUs  2m50.9s/6m00.0s

running (2m51.9s), 300/300 VUs, 167330 complete and 0 interrupted iterations
default   [  48% ] 300/300 VUs  2m51.9s/6m00.0s

running (2m52.9s), 300/300 VUs, 168321 complete and 0 interrupted iterations
default   [  48% ] 300/300 VUs  2m52.9s/6m00.0s

running (2m53.9s), 300/300 VUs, 169321 complete and 0 interrupted iterations
default   [  48% ] 300/300 VUs  2m53.9s/6m00.0s

running (2m54.9s), 300/300 VUs, 170321 complete and 0 interrupted iterations
default   [  49% ] 300/300 VUs  2m54.9s/6m00.0s

running (2m55.9s), 300/300 VUs, 171299 complete and 0 interrupted iterations
default   [  49% ] 300/300 VUs  2m55.9s/6m00.0s

running (2m56.9s), 300/300 VUs, 172271 complete and 0 interrupted iterations
default   [  49% ] 300/300 VUs  2m56.9s/6m00.0s

running (2m57.9s), 300/300 VUs, 173271 complete and 0 interrupted iterations
default   [  49% ] 300/300 VUs  2m57.9s/6m00.0s

running (2m58.9s), 300/300 VUs, 174271 complete and 0 interrupted iterations
default   [  50% ] 300/300 VUs  2m58.9s/6m00.0s

running (2m59.9s), 300/300 VUs, 175221 complete and 0 interrupted iterations
default   [  50% ] 300/300 VUs  2m59.9s/6m00.0s

running (3m00.9s), 300/300 VUs, 176221 complete and 0 interrupted iterations
default   [  50% ] 300/300 VUs  3m00.9s/6m00.0s

running (3m01.9s), 300/300 VUs, 177221 complete and 0 interrupted iterations
default   [  51% ] 300/300 VUs  3m01.9s/6m00.0s

running (3m02.9s), 300/300 VUs, 178221 complete and 0 interrupted iterations
default   [  51% ] 300/300 VUs  3m02.9s/6m00.0s

running (3m03.9s), 300/300 VUs, 179171 complete and 0 interrupted iterations
default   [  51% ] 300/300 VUs  3m03.9s/6m00.0s

running (3m04.9s), 300/300 VUs, 180171 complete and 0 interrupted iterations
default   [  51% ] 300/300 VUs  3m04.9s/6m00.0s

running (3m05.9s), 300/300 VUs, 181171 complete and 0 interrupted iterations
default   [  52% ] 300/300 VUs  3m05.9s/6m00.0s

running (3m06.9s), 300/300 VUs, 182142 complete and 0 interrupted iterations
default   [  52% ] 300/300 VUs  3m06.9s/6m00.0s

running (3m07.9s), 300/300 VUs, 183121 complete and 0 interrupted iterations
default   [  52% ] 300/300 VUs  3m07.9s/6m00.0s

running (3m08.9s), 300/300 VUs, 184121 complete and 0 interrupted iterations
default   [  52% ] 300/300 VUs  3m08.9s/6m00.0s

running (3m09.9s), 300/300 VUs, 185121 complete and 0 interrupted iterations
default   [  53% ] 300/300 VUs  3m09.9s/6m00.0s

running (3m10.9s), 300/300 VUs, 186079 complete and 0 interrupted iterations
default   [  53% ] 300/300 VUs  3m10.9s/6m00.0s

running (3m11.9s), 300/300 VUs, 187071 complete and 0 interrupted iterations
default   [  53% ] 300/300 VUs  3m11.9s/6m00.0s

running (3m12.9s), 300/300 VUs, 188071 complete and 0 interrupted iterations
default   [  54% ] 300/300 VUs  3m12.9s/6m00.0s

running (3m13.9s), 300/300 VUs, 189071 complete and 0 interrupted iterations
default   [  54% ] 300/300 VUs  3m13.9s/6m00.0s

running (3m14.9s), 300/300 VUs, 190034 complete and 0 interrupted iterations
default   [  54% ] 300/300 VUs  3m14.9s/6m00.0s

running (3m15.9s), 300/300 VUs, 191021 complete and 0 interrupted iterations
default   [  54% ] 300/300 VUs  3m15.9s/6m00.0s

running (3m16.9s), 300/300 VUs, 192021 complete and 0 interrupted iterations
default   [  55% ] 300/300 VUs  3m16.9s/6m00.0s

running (3m17.9s), 300/300 VUs, 193021 complete and 0 interrupted iterations
default   [  55% ] 300/300 VUs  3m17.9s/6m00.0s

running (3m18.9s), 300/300 VUs, 193975 complete and 0 interrupted iterations
default   [  55% ] 300/300 VUs  3m18.9s/6m00.0s

running (3m19.9s), 300/300 VUs, 194971 complete and 0 interrupted iterations
default   [  56% ] 300/300 VUs  3m19.9s/6m00.0s

running (3m20.9s), 300/300 VUs, 195971 complete and 0 interrupted iterations
default   [  56% ] 300/300 VUs  3m20.9s/6m00.0s

running (3m21.9s), 300/300 VUs, 196971 complete and 0 interrupted iterations
default   [  56% ] 300/300 VUs  3m21.9s/6m00.0s

running (3m22.9s), 300/300 VUs, 197936 complete and 0 interrupted iterations
default   [  56% ] 300/300 VUs  3m22.9s/6m00.0s

running (3m23.9s), 300/300 VUs, 198921 complete and 0 interrupted iterations
default   [  57% ] 300/300 VUs  3m23.9s/6m00.0s

running (3m24.9s), 300/300 VUs, 199921 complete and 0 interrupted iterations
default   [  57% ] 300/300 VUs  3m24.9s/6m00.0s

running (3m25.9s), 300/300 VUs, 200921 complete and 0 interrupted iterations
default   [  57% ] 300/300 VUs  3m25.9s/6m00.0s

running (3m26.9s), 300/300 VUs, 201909 complete and 0 interrupted iterations
default   [  57% ] 300/300 VUs  3m26.9s/6m00.0s

running (3m27.9s), 300/300 VUs, 202871 complete and 0 interrupted iterations
default   [  58% ] 300/300 VUs  3m27.9s/6m00.0s

running (3m28.9s), 300/300 VUs, 203871 complete and 0 interrupted iterations
default   [  58% ] 300/300 VUs  3m28.9s/6m00.0s

running (3m29.9s), 300/300 VUs, 204871 complete and 0 interrupted iterations
default   [  58% ] 300/300 VUs  3m29.9s/6m00.0s

running (3m30.9s), 300/300 VUs, 205821 complete and 0 interrupted iterations
default   [  59% ] 300/300 VUs  3m30.9s/6m00.0s

running (3m31.9s), 300/300 VUs, 206821 complete and 0 interrupted iterations
default   [  59% ] 300/300 VUs  3m31.9s/6m00.0s

running (3m32.9s), 300/300 VUs, 207821 complete and 0 interrupted iterations
default   [  59% ] 300/300 VUs  3m32.9s/6m00.0s

running (3m33.9s), 300/300 VUs, 208771 complete and 0 interrupted iterations
default   [  59% ] 300/300 VUs  3m33.9s/6m00.0s

running (3m34.9s), 300/300 VUs, 209771 complete and 0 interrupted iterations
default   [  60% ] 300/300 VUs  3m34.9s/6m00.0s

running (3m35.9s), 300/300 VUs, 210771 complete and 0 interrupted iterations
default   [  60% ] 300/300 VUs  3m35.9s/6m00.0s

running (3m36.9s), 300/300 VUs, 211721 complete and 0 interrupted iterations
default   [  60% ] 300/300 VUs  3m36.9s/6m00.0s

running (3m37.9s), 300/300 VUs, 212721 complete and 0 interrupted iterations
default   [  61% ] 300/300 VUs  3m37.9s/6m00.0s

running (3m38.9s), 300/300 VUs, 213721 complete and 0 interrupted iterations
default   [  61% ] 300/300 VUs  3m38.9s/6m00.0s

running (3m39.9s), 300/300 VUs, 214671 complete and 0 interrupted iterations
default   [  61% ] 300/300 VUs  3m39.9s/6m00.0s

running (3m40.9s), 300/300 VUs, 215671 complete and 0 interrupted iterations
default   [  61% ] 300/300 VUs  3m40.9s/6m00.0s

running (3m41.9s), 300/300 VUs, 216671 complete and 0 interrupted iterations
default   [  62% ] 300/300 VUs  3m41.9s/6m00.0s

running (3m42.9s), 300/300 VUs, 217621 complete and 0 interrupted iterations
default   [  62% ] 300/300 VUs  3m42.9s/6m00.0s

running (3m43.9s), 300/300 VUs, 218621 complete and 0 interrupted iterations
default   [  62% ] 300/300 VUs  3m43.9s/6m00.0s

running (3m44.9s), 300/300 VUs, 219621 complete and 0 interrupted iterations
default   [  62% ] 300/300 VUs  3m44.9s/6m00.0s

running (3m45.9s), 300/300 VUs, 220571 complete and 0 interrupted iterations
default   [  63% ] 300/300 VUs  3m45.9s/6m00.0s

running (3m46.9s), 300/300 VUs, 221571 complete and 0 interrupted iterations
default   [  63% ] 300/300 VUs  3m46.9s/6m00.0s

running (3m47.9s), 300/300 VUs, 222569 complete and 0 interrupted iterations
default   [  63% ] 300/300 VUs  3m47.9s/6m00.0s

running (3m48.9s), 300/300 VUs, 223521 complete and 0 interrupted iterations
default   [  64% ] 300/300 VUs  3m48.9s/6m00.0s

running (3m49.9s), 300/300 VUs, 224521 complete and 0 interrupted iterations
default   [  64% ] 300/300 VUs  3m49.9s/6m00.0s

running (3m50.9s), 300/300 VUs, 225521 complete and 0 interrupted iterations
default   [  64% ] 300/300 VUs  3m50.9s/6m00.0s

running (3m51.9s), 300/300 VUs, 226478 complete and 0 interrupted iterations
default   [  64% ] 300/300 VUs  3m51.9s/6m00.0s

running (3m52.9s), 300/300 VUs, 227471 complete and 0 interrupted iterations
default   [  65% ] 300/300 VUs  3m52.9s/6m00.0s

running (3m53.9s), 300/300 VUs, 228471 complete and 0 interrupted iterations
default   [  65% ] 300/300 VUs  3m53.9s/6m00.0s

running (3m54.9s), 300/300 VUs, 229471 complete and 0 interrupted iterations
default   [  65% ] 300/300 VUs  3m54.9s/6m00.0s

running (3m55.9s), 300/300 VUs, 230421 complete and 0 interrupted iterations
default   [  66% ] 300/300 VUs  3m55.9s/6m00.0s

running (3m56.9s), 300/300 VUs, 231421 complete and 0 interrupted iterations
default   [  66% ] 300/300 VUs  3m56.9s/6m00.0s

running (3m57.9s), 300/300 VUs, 232421 complete and 0 interrupted iterations
default   [  66% ] 300/300 VUs  3m57.9s/6m00.0s

running (3m58.9s), 300/300 VUs, 233375 complete and 0 interrupted iterations
default   [  66% ] 300/300 VUs  3m58.9s/6m00.0s

running (3m59.9s), 300/300 VUs, 234371 complete and 0 interrupted iterations
default   [  67% ] 300/300 VUs  3m59.9s/6m00.0s

running (4m00.9s), 300/300 VUs, 235371 complete and 0 interrupted iterations
default   [  67% ] 300/300 VUs  4m00.9s/6m00.0s

running (4m01.9s), 300/300 VUs, 236321 complete and 0 interrupted iterations
default   [  67% ] 300/300 VUs  4m01.9s/6m00.0s

running (4m02.9s), 300/300 VUs, 237321 complete and 0 interrupted iterations
default   [  67% ] 300/300 VUs  4m02.9s/6m00.0s

running (4m03.9s), 300/300 VUs, 238321 complete and 0 interrupted iterations
default   [  68% ] 300/300 VUs  4m03.9s/6m00.0s

running (4m04.9s), 300/300 VUs, 239271 complete and 0 interrupted iterations
default   [  68% ] 300/300 VUs  4m04.9s/6m00.0s

running (4m05.9s), 300/300 VUs, 240271 complete and 0 interrupted iterations
default   [  68% ] 300/300 VUs  4m05.9s/6m00.0s

running (4m06.9s), 300/300 VUs, 241271 complete and 0 interrupted iterations
default   [  69% ] 300/300 VUs  4m06.9s/6m00.0s

running (4m07.9s), 300/300 VUs, 242221 complete and 0 interrupted iterations
default   [  69% ] 300/300 VUs  4m07.9s/6m00.0s

running (4m08.9s), 300/300 VUs, 243221 complete and 0 interrupted iterations
default   [  69% ] 300/300 VUs  4m08.9s/6m00.0s

running (4m09.9s), 300/300 VUs, 244221 complete and 0 interrupted iterations
default   [  69% ] 300/300 VUs  4m09.9s/6m00.0s

running (4m10.9s), 300/300 VUs, 245221 complete and 0 interrupted iterations
default   [  70% ] 300/300 VUs  4m10.9s/6m00.0s

running (4m11.9s), 300/300 VUs, 246221 complete and 0 interrupted iterations
default   [  70% ] 300/300 VUs  4m11.9s/6m00.0s

running (4m12.9s), 300/300 VUs, 247171 complete and 0 interrupted iterations
default   [  70% ] 300/300 VUs  4m12.9s/6m00.0s

running (4m13.9s), 300/300 VUs, 248171 complete and 0 interrupted iterations
default   [  71% ] 300/300 VUs  4m13.9s/6m00.0s

running (4m14.9s), 300/300 VUs, 249171 complete and 0 interrupted iterations
default   [  71% ] 300/300 VUs  4m14.9s/6m00.0s

running (4m15.9s), 300/300 VUs, 250171 complete and 0 interrupted iterations
default   [  71% ] 300/300 VUs  4m15.9s/6m00.0s

running (4m16.9s), 300/300 VUs, 251121 complete and 0 interrupted iterations
default   [  71% ] 300/300 VUs  4m16.9s/6m00.0s

running (4m17.9s), 300/300 VUs, 252121 complete and 0 interrupted iterations
default   [  72% ] 300/300 VUs  4m17.9s/6m00.0s

running (4m18.9s), 300/300 VUs, 253121 complete and 0 interrupted iterations
default   [  72% ] 300/300 VUs  4m18.9s/6m00.0s

running (4m19.9s), 300/300 VUs, 254074 complete and 0 interrupted iterations
default   [  72% ] 300/300 VUs  4m19.9s/6m00.0s

running (4m20.9s), 300/300 VUs, 255071 complete and 0 interrupted iterations
default   [  72% ] 300/300 VUs  4m20.9s/6m00.0s

running (4m21.9s), 300/300 VUs, 256071 complete and 0 interrupted iterations
default   [  73% ] 300/300 VUs  4m21.9s/6m00.0s

running (4m22.9s), 300/300 VUs, 257071 complete and 0 interrupted iterations
default   [  73% ] 300/300 VUs  4m22.9s/6m00.0s

running (4m23.9s), 300/300 VUs, 258024 complete and 0 interrupted iterations
default   [  73% ] 300/300 VUs  4m23.9s/6m00.0s

running (4m24.9s), 300/300 VUs, 259021 complete and 0 interrupted iterations
default   [  74% ] 300/300 VUs  4m24.9s/6m00.0s

running (4m25.9s), 300/300 VUs, 260021 complete and 0 interrupted iterations
default   [  74% ] 300/300 VUs  4m25.9s/6m00.0s

running (4m26.9s), 300/300 VUs, 261021 complete and 0 interrupted iterations
default   [  74% ] 300/300 VUs  4m26.9s/6m00.0s

running (4m27.9s), 300/300 VUs, 261971 complete and 0 interrupted iterations
default   [  74% ] 300/300 VUs  4m27.9s/6m00.0s

running (4m28.9s), 300/300 VUs, 262971 complete and 0 interrupted iterations
default   [  75% ] 300/300 VUs  4m28.9s/6m00.0s

running (4m29.9s), 300/300 VUs, 263971 complete and 0 interrupted iterations
default   [  75% ] 300/300 VUs  4m29.9s/6m00.0s

running (4m30.9s), 300/300 VUs, 264965 complete and 0 interrupted iterations
default   [  75% ] 300/300 VUs  4m30.9s/6m00.0s

running (4m31.9s), 300/300 VUs, 265921 complete and 0 interrupted iterations
default   [  76% ] 300/300 VUs  4m31.9s/6m00.0s

running (4m32.9s), 300/300 VUs, 266921 complete and 0 interrupted iterations
default   [  76% ] 300/300 VUs  4m32.9s/6m00.0s

running (4m33.9s), 300/300 VUs, 267921 complete and 0 interrupted iterations
default   [  76% ] 300/300 VUs  4m33.9s/6m00.0s

running (4m34.9s), 300/300 VUs, 268884 complete and 0 interrupted iterations
default   [  76% ] 300/300 VUs  4m34.9s/6m00.0s

running (4m35.9s), 300/300 VUs, 269871 complete and 0 interrupted iterations
default   [  77% ] 300/300 VUs  4m35.9s/6m00.0s

running (4m36.9s), 300/300 VUs, 270871 complete and 0 interrupted iterations
default   [  77% ] 300/300 VUs  4m36.9s/6m00.0s

running (4m37.9s), 300/300 VUs, 271871 complete and 0 interrupted iterations
default   [  77% ] 300/300 VUs  4m37.9s/6m00.0s

running (4m38.9s), 300/300 VUs, 272822 complete and 0 interrupted iterations
default   [  77% ] 300/300 VUs  4m38.9s/6m00.0s

running (4m39.9s), 300/300 VUs, 273821 complete and 0 interrupted iterations
default   [  78% ] 300/300 VUs  4m39.9s/6m00.0s

running (4m40.9s), 300/300 VUs, 274821 complete and 0 interrupted iterations
default   [  78% ] 300/300 VUs  4m40.9s/6m00.0s

running (4m41.9s), 300/300 VUs, 275821 complete and 0 interrupted iterations
default   [  78% ] 300/300 VUs  4m41.9s/6m00.0s

running (4m42.9s), 300/300 VUs, 276810 complete and 0 interrupted iterations
default   [  79% ] 300/300 VUs  4m42.9s/6m00.0s

running (4m43.9s), 300/300 VUs, 277773 complete and 0 interrupted iterations
default   [  79% ] 300/300 VUs  4m43.9s/6m00.0s

running (4m44.9s), 300/300 VUs, 278771 complete and 0 interrupted iterations
default   [  79% ] 300/300 VUs  4m44.9s/6m00.0s

running (4m45.9s), 300/300 VUs, 279771 complete and 0 interrupted iterations
default   [  79% ] 300/300 VUs  4m45.9s/6m00.0s

running (4m46.9s), 300/300 VUs, 280771 complete and 0 interrupted iterations
default   [  80% ] 300/300 VUs  4m46.9s/6m00.0s

running (4m47.9s), 300/300 VUs, 281747 complete and 0 interrupted iterations
default   [  80% ] 300/300 VUs  4m47.9s/6m00.0s

running (4m48.9s), 300/300 VUs, 282721 complete and 0 interrupted iterations
default   [  80% ] 300/300 VUs  4m48.9s/6m00.0s

running (4m49.9s), 300/300 VUs, 283721 complete and 0 interrupted iterations
default   [  81% ] 300/300 VUs  4m49.9s/6m00.0s

running (4m50.9s), 300/300 VUs, 284721 complete and 0 interrupted iterations
default   [  81% ] 300/300 VUs  4m50.9s/6m00.0s

running (4m51.9s), 300/300 VUs, 285721 complete and 0 interrupted iterations
default   [  81% ] 300/300 VUs  4m51.9s/6m00.0s

running (4m52.9s), 300/300 VUs, 286704 complete and 0 interrupted iterations
default   [  81% ] 300/300 VUs  4m52.9s/6m00.0s

running (4m53.9s), 300/300 VUs, 287671 complete and 0 interrupted iterations
default   [  82% ] 300/300 VUs  4m53.9s/6m00.0s

running (4m54.9s), 300/300 VUs, 288671 complete and 0 interrupted iterations
default   [  82% ] 300/300 VUs  4m54.9s/6m00.0s

running (4m55.9s), 300/300 VUs, 289671 complete and 0 interrupted iterations
default   [  82% ] 300/300 VUs  4m55.9s/6m00.0s

running (4m56.9s), 300/300 VUs, 290663 complete and 0 interrupted iterations
default   [  82% ] 300/300 VUs  4m56.9s/6m00.0s

running (4m57.9s), 300/300 VUs, 291621 complete and 0 interrupted iterations
default   [  83% ] 300/300 VUs  4m57.9s/6m00.0s

running (4m58.9s), 300/300 VUs, 292621 complete and 0 interrupted iterations
default   [  83% ] 300/300 VUs  4m58.9s/6m00.0s

running (4m59.9s), 300/300 VUs, 293621 complete and 0 interrupted iterations
default   [  83% ] 300/300 VUs  4m59.9s/6m00.0s

running (5m00.9s), 300/300 VUs, 294621 complete and 0 interrupted iterations
default   [  84% ] 300/300 VUs  5m00.9s/6m00.0s

running (5m01.9s), 300/300 VUs, 295591 complete and 0 interrupted iterations
default   [  84% ] 300/300 VUs  5m01.9s/6m00.0s

running (5m02.9s), 300/300 VUs, 296571 complete and 0 interrupted iterations
default   [  84% ] 300/300 VUs  5m02.9s/6m00.0s

running (5m03.9s), 300/300 VUs, 297571 complete and 0 interrupted iterations
default   [  84% ] 300/300 VUs  5m03.9s/6m00.0s

running (5m04.9s), 300/300 VUs, 298571 complete and 0 interrupted iterations
default   [  85% ] 300/300 VUs  5m04.9s/6m00.0s

running (5m05.9s), 300/300 VUs, 299571 complete and 0 interrupted iterations
default   [  85% ] 300/300 VUs  5m05.9s/6m00.0s

running (5m06.9s), 300/300 VUs, 300529 complete and 0 interrupted iterations
default   [  85% ] 300/300 VUs  5m06.9s/6m00.0s

running (5m07.9s), 300/300 VUs, 301521 complete and 0 interrupted iterations
default   [  86% ] 300/300 VUs  5m07.9s/6m00.0s

running (5m08.9s), 300/300 VUs, 302521 complete and 0 interrupted iterations
default   [  86% ] 300/300 VUs  5m08.9s/6m00.0s

running (5m09.9s), 300/300 VUs, 303521 complete and 0 interrupted iterations
default   [  86% ] 300/300 VUs  5m09.9s/6m00.0s

running (5m10.9s), 300/300 VUs, 304504 complete and 0 interrupted iterations
default   [  86% ] 300/300 VUs  5m10.9s/6m00.0s

running (5m11.9s), 300/300 VUs, 305471 complete and 0 interrupted iterations
default   [  87% ] 300/300 VUs  5m11.9s/6m00.0s

running (5m12.9s), 300/300 VUs, 306471 complete and 0 interrupted iterations
default   [  87% ] 300/300 VUs  5m12.9s/6m00.0s

running (5m13.9s), 300/300 VUs, 307471 complete and 0 interrupted iterations
default   [  87% ] 300/300 VUs  5m13.9s/6m00.0s

running (5m14.9s), 300/300 VUs, 308421 complete and 0 interrupted iterations
default   [  87% ] 300/300 VUs  5m14.9s/6m00.0s

running (5m15.9s), 300/300 VUs, 309421 complete and 0 interrupted iterations
default   [  88% ] 300/300 VUs  5m15.9s/6m00.0s

running (5m16.9s), 300/300 VUs, 310421 complete and 0 interrupted iterations
default   [  88% ] 300/300 VUs  5m16.9s/6m00.0s

running (5m17.9s), 300/300 VUs, 311421 complete and 0 interrupted iterations
default   [  88% ] 300/300 VUs  5m17.9s/6m00.0s

running (5m18.9s), 300/300 VUs, 312371 complete and 0 interrupted iterations
default   [  89% ] 300/300 VUs  5m18.9s/6m00.0s

running (5m19.9s), 300/300 VUs, 313371 complete and 0 interrupted iterations
default   [  89% ] 300/300 VUs  5m19.9s/6m00.0s

running (5m20.9s), 300/300 VUs, 314362 complete and 0 interrupted iterations
default   [  89% ] 300/300 VUs  5m20.9s/6m00.0s

running (5m21.9s), 300/300 VUs, 315321 complete and 0 interrupted iterations
default   [  89% ] 300/300 VUs  5m21.9s/6m00.0s

running (5m22.9s), 300/300 VUs, 316321 complete and 0 interrupted iterations
default   [  90% ] 300/300 VUs  5m22.9s/6m00.0s

running (5m23.9s), 300/300 VUs, 317321 complete and 0 interrupted iterations
default   [  90% ] 300/300 VUs  5m23.9s/6m00.0s

running (5m24.9s), 300/300 VUs, 318306 complete and 0 interrupted iterations
default   [  90% ] 300/300 VUs  5m24.9s/6m00.0s

running (5m25.9s), 300/300 VUs, 319271 complete and 0 interrupted iterations
default   [  91% ] 300/300 VUs  5m25.9s/6m00.0s

running (5m26.9s), 300/300 VUs, 320271 complete and 0 interrupted iterations
default   [  91% ] 300/300 VUs  5m26.9s/6m00.0s

running (5m27.9s), 300/300 VUs, 321271 complete and 0 interrupted iterations
default   [  91% ] 300/300 VUs  5m27.9s/6m00.0s

running (5m28.9s), 300/300 VUs, 322271 complete and 0 interrupted iterations
default   [  91% ] 300/300 VUs  5m28.9s/6m00.0s

running (5m29.9s), 300/300 VUs, 323221 complete and 0 interrupted iterations
default   [  92% ] 300/300 VUs  5m29.9s/6m00.0s

running (5m30.9s), 294/300 VUs, 324221 complete and 0 interrupted iterations
default   [  92% ] 294/300 VUs  5m30.9s/6m00.0s

running (5m31.9s), 285/300 VUs, 325221 complete and 0 interrupted iterations
default   [  92% ] 285/300 VUs  5m31.9s/6m00.0s

running (5m32.9s), 275/300 VUs, 326171 complete and 0 interrupted iterations
default   [  92% ] 275/300 VUs  5m32.9s/6m00.0s

running (5m33.9s), 263/300 VUs, 327171 complete and 0 interrupted iterations
default   [  93% ] 263/300 VUs  5m33.9s/6m00.0s

running (5m34.9s), 253/300 VUs, 328171 complete and 0 interrupted iterations
default   [  93% ] 253/300 VUs  5m34.9s/6m00.0s

running (5m35.9s), 243/300 VUs, 329171 complete and 0 interrupted iterations
default   [  93% ] 243/300 VUs  5m35.9s/6m00.0s

running (5m36.9s), 233/300 VUs, 330121 complete and 0 interrupted iterations
default   [  94% ] 233/300 VUs  5m36.9s/6m00.0s

running (5m37.9s), 222/300 VUs, 331121 complete and 0 interrupted iterations
default   [  94% ] 222/300 VUs  5m37.9s/6m00.0s

running (5m38.9s), 213/300 VUs, 332121 complete and 0 interrupted iterations
default   [  94% ] 213/300 VUs  5m38.9s/6m00.0s

running (5m39.9s), 203/300 VUs, 333116 complete and 0 interrupted iterations
default   [  94% ] 203/300 VUs  5m39.9s/6m00.0s

running (5m40.9s), 193/300 VUs, 334073 complete and 0 interrupted iterations
default   [  95% ] 193/300 VUs  5m40.9s/6m00.0s

running (5m41.9s), 182/300 VUs, 335071 complete and 0 interrupted iterations
default   [  95% ] 182/300 VUs  5m41.9s/6m00.0s

running (5m42.9s), 173/300 VUs, 336071 complete and 0 interrupted iterations
default   [  95% ] 173/300 VUs  5m42.9s/6m00.0s

running (5m43.9s), 162/300 VUs, 337071 complete and 0 interrupted iterations
default   [  96% ] 162/300 VUs  5m43.9s/6m00.0s

running (5m44.9s), 153/300 VUs, 338069 complete and 0 interrupted iterations
default   [  96% ] 153/300 VUs  5m44.9s/6m00.0s

running (5m45.9s), 143/300 VUs, 339023 complete and 0 interrupted iterations
default   [  96% ] 143/300 VUs  5m45.9s/6m00.0s

running (5m46.9s), 133/300 VUs, 340021 complete and 0 interrupted iterations
default   [  96% ] 133/300 VUs  5m46.9s/6m00.0s

running (5m47.9s), 122/300 VUs, 341021 complete and 0 interrupted iterations
default   [  97% ] 122/300 VUs  5m47.9s/6m00.0s

running (5m48.9s), 112/300 VUs, 342017 complete and 0 interrupted iterations
default   [  97% ] 112/300 VUs  5m48.9s/6m00.0s

running (5m49.9s), 102/300 VUs, 342987 complete and 0 interrupted iterations
default   [  97% ] 102/300 VUs  5m49.9s/6m00.0s

running (5m50.9s), 093/300 VUs, 343971 complete and 0 interrupted iterations
default   [  97% ] 093/300 VUs  5m50.9s/6m00.0s

running (5m51.9s), 082/300 VUs, 344971 complete and 0 interrupted iterations
default   [  98% ] 082/300 VUs  5m51.9s/6m00.0s

running (5m52.9s), 072/300 VUs, 345971 complete and 0 interrupted iterations
default   [  98% ] 072/300 VUs  5m52.9s/6m00.0s

running (5m53.9s), 062/300 VUs, 346971 complete and 0 interrupted iterations
default   [  98% ] 062/300 VUs  5m53.9s/6m00.0s

running (5m54.9s), 052/300 VUs, 347951 complete and 0 interrupted iterations
default   [  99% ] 052/300 VUs  5m54.9s/6m00.0s

running (5m55.9s), 042/300 VUs, 348865 complete and 0 interrupted iterations
default   [  99% ] 042/300 VUs  5m55.9s/6m00.0s

running (5m56.9s), 032/300 VUs, 349610 complete and 0 interrupted iterations
default   [  99% ] 032/300 VUs  5m56.9s/6m00.0s

running (5m57.9s), 022/300 VUs, 350128 complete and 0 interrupted iterations
default   [  99% ] 022/300 VUs  5m57.9s/6m00.0s

running (5m58.9s), 012/300 VUs, 350475 complete and 0 interrupted iterations
default   [ 100% ] 012/300 VUs  5m58.9s/6m00.0s

running (5m59.9s), 002/300 VUs, 350615 complete and 0 interrupted iterations
default   [ 100% ] 002/300 VUs  5m59.9s/6m00.0s


  █ THRESHOLDS 

    checks
    ✓ 'rate>0.95' rate=100.00%

    http_req_duration
    ✓ 'p(95)<5000' p(95)=473.9ms
    ✓ 'p(99)<10000' p(99)=760.45ms

    http_req_failed
    ✓ 'rate<0.05' rate=0.00%


  █ TOTAL RESULTS 

    checks_total.......: 1402476 3895.440964/s
    checks_succeeded...: 100.00% 1402476 out of 1402476
    checks_failed......: 0.00%   0 out of 1402476

    ✓ status is 200
    ✓ content-type is json
    ✓ workloadType is IO-BOUND
    ✓ executionTimeMs exists

    CUSTOM
    response_time_ms...............: min=50.547025 avg=282.314856 med=302.715219 max=1830.754549 p(90)=456.118671 p(95)=473.905119 p(99)=760.459731
    successful_requests............: 350619 973.860241/s

    HTTP
    http_req_duration..............: min=50.54ms   avg=282.31ms   med=302.71ms   max=1.83s       p(90)=456.11ms   p(95)=473.9ms    p(99)=760.45ms  
      { expected_response:true }...: min=50.54ms   avg=282.31ms   med=302.71ms   max=1.83s       p(90)=456.11ms   p(95)=473.9ms    p(99)=760.45ms  
    http_req_failed................: 0.00%  0 out of 350619
    http_reqs......................: 350619 973.860241/s

    EXECUTION
    iteration_duration.............: min=50.66ms   avg=282.47ms   med=302.86ms   max=1.83s       p(90)=456.27ms   p(95)=474.2ms    p(99)=760.62ms  
    iterations.....................: 350619 973.860241/s
    vus............................: 2      min=2           max=300
    vus_max........................: 300    min=300         max=300

    NETWORK
    data_received..................: 97 MB  271 kB/s
    data_sent......................: 28 MB  77 kB/s




running (6m00.0s), 000/300 VUs, 350619 complete and 0 interrupted iterations
default ✓ [ 100% ] 000/300 VUs  6m0s
