
         /\      Grafana   /‾‾/  
    /\  /  \     |\  __   /  /   
   /  \/    \    | |/ /  /   ‾‾\ 
  /          \   |   (  |  (‾)  |
 / __________ \  |_|\_\  \_____/ 


     execution: local
        script: io-bound-test.js
        output: -

     scenarios: (100.00%) 1 scenario, 150 max VUs, 4m30s max duration (incl. graceful stop):
              * default: Up to 150 looping VUs for 4m0s over 3 stages (gracefulRampDown: 30s, gracefulStop: 30s)


running (0m00.9s), 005/150 VUs, 49 complete and 0 interrupted iterations
default   [   0% ] 005/150 VUs  0m00.9s/4m00.0s

running (0m01.9s), 010/150 VUs, 192 complete and 0 interrupted iterations
default   [   1% ] 010/150 VUs  0m01.9s/4m00.0s

running (0m02.9s), 015/150 VUs, 434 complete and 0 interrupted iterations
default   [   1% ] 015/150 VUs  0m02.9s/4m00.0s

running (0m03.9s), 020/150 VUs, 770 complete and 0 interrupted iterations
default   [   2% ] 020/150 VUs  0m03.9s/4m00.0s

running (0m04.9s), 025/150 VUs, 1212 complete and 0 interrupted iterations
default   [   2% ] 025/150 VUs  0m04.9s/4m00.0s

running (0m05.9s), 030/150 VUs, 1735 complete and 0 interrupted iterations
default   [   2% ] 030/150 VUs  0m05.9s/4m00.0s

running (0m06.9s), 035/150 VUs, 2374 complete and 0 interrupted iterations
default   [   3% ] 035/150 VUs  0m06.9s/4m00.0s

running (0m07.9s), 040/150 VUs, 3090 complete and 0 interrupted iterations
default   [   3% ] 040/150 VUs  0m07.9s/4m00.0s

running (0m08.9s), 045/150 VUs, 3922 complete and 0 interrupted iterations
default   [   4% ] 045/150 VUs  0m08.9s/4m00.0s

running (0m09.9s), 050/150 VUs, 4831 complete and 0 interrupted iterations
default   [   4% ] 050/150 VUs  0m09.9s/4m00.0s

running (0m10.9s), 055/150 VUs, 5830 complete and 0 interrupted iterations
default   [   5% ] 055/150 VUs  0m10.9s/4m00.0s

running (0m11.9s), 060/150 VUs, 6818 complete and 0 interrupted iterations
default   [   5% ] 060/150 VUs  0m11.9s/4m00.0s

running (0m12.9s), 065/150 VUs, 7800 complete and 0 interrupted iterations
default   [   5% ] 065/150 VUs  0m12.9s/4m00.0s

running (0m13.9s), 070/150 VUs, 8780 complete and 0 interrupted iterations
default   [   6% ] 070/150 VUs  0m13.9s/4m00.0s

running (0m14.9s), 075/150 VUs, 9777 complete and 0 interrupted iterations
default   [   6% ] 075/150 VUs  0m14.9s/4m00.0s

running (0m15.9s), 080/150 VUs, 10750 complete and 0 interrupted iterations
default   [   7% ] 080/150 VUs  0m15.9s/4m00.0s

running (0m16.9s), 085/150 VUs, 11730 complete and 0 interrupted iterations
default   [   7% ] 085/150 VUs  0m16.9s/4m00.0s

running (0m17.9s), 089/150 VUs, 12730 complete and 0 interrupted iterations
default   [   7% ] 089/150 VUs  0m17.9s/4m00.0s

running (0m18.9s), 094/150 VUs, 13700 complete and 0 interrupted iterations
default   [   8% ] 094/150 VUs  0m18.9s/4m00.0s

running (0m19.9s), 099/150 VUs, 14680 complete and 0 interrupted iterations
default   [   8% ] 099/150 VUs  0m19.9s/4m00.0s

running (0m20.9s), 104/150 VUs, 15680 complete and 0 interrupted iterations
default   [   9% ] 104/150 VUs  0m20.9s/4m00.0s

running (0m21.9s), 109/150 VUs, 16650 complete and 0 interrupted iterations
default   [   9% ] 109/150 VUs  0m21.9s/4m00.0s

running (0m22.9s), 114/150 VUs, 17630 complete and 0 interrupted iterations
default   [  10% ] 114/150 VUs  0m22.9s/4m00.0s

running (0m23.9s), 119/150 VUs, 18623 complete and 0 interrupted iterations
default   [  10% ] 119/150 VUs  0m23.9s/4m00.0s

running (0m24.9s), 124/150 VUs, 19600 complete and 0 interrupted iterations
default   [  10% ] 124/150 VUs  0m24.9s/4m00.0s

running (0m25.9s), 129/150 VUs, 20580 complete and 0 interrupted iterations
default   [  11% ] 129/150 VUs  0m25.9s/4m00.0s

running (0m26.9s), 134/150 VUs, 21550 complete and 0 interrupted iterations
default   [  11% ] 134/150 VUs  0m26.9s/4m00.0s

running (0m27.9s), 139/150 VUs, 22550 complete and 0 interrupted iterations
default   [  12% ] 139/150 VUs  0m27.9s/4m00.0s

running (0m28.9s), 144/150 VUs, 23530 complete and 0 interrupted iterations
default   [  12% ] 144/150 VUs  0m28.9s/4m00.0s

running (0m29.9s), 149/150 VUs, 24500 complete and 0 interrupted iterations
default   [  12% ] 149/150 VUs  0m29.9s/4m00.0s

running (0m30.9s), 150/150 VUs, 25500 complete and 0 interrupted iterations
default   [  13% ] 150/150 VUs  0m30.9s/4m00.0s

running (0m31.9s), 150/150 VUs, 26480 complete and 0 interrupted iterations
default   [  13% ] 150/150 VUs  0m31.9s/4m00.0s

running (0m32.9s), 150/150 VUs, 27450 complete and 0 interrupted iterations
default   [  14% ] 150/150 VUs  0m32.9s/4m00.0s

running (0m33.9s), 150/150 VUs, 28443 complete and 0 interrupted iterations
default   [  14% ] 150/150 VUs  0m33.9s/4m00.0s

running (0m34.9s), 150/150 VUs, 29430 complete and 0 interrupted iterations
default   [  15% ] 150/150 VUs  0m34.9s/4m00.0s

running (0m35.9s), 150/150 VUs, 30400 complete and 0 interrupted iterations
default   [  15% ] 150/150 VUs  0m35.9s/4m00.0s

running (0m36.9s), 150/150 VUs, 31400 complete and 0 interrupted iterations
default   [  15% ] 150/150 VUs  0m36.9s/4m00.0s

running (0m37.9s), 150/150 VUs, 32380 complete and 0 interrupted iterations
default   [  16% ] 150/150 VUs  0m37.9s/4m00.0s

running (0m38.9s), 150/150 VUs, 33350 complete and 0 interrupted iterations
default   [  16% ] 150/150 VUs  0m38.9s/4m00.0s

running (0m39.9s), 150/150 VUs, 34350 complete and 0 interrupted iterations
default   [  17% ] 150/150 VUs  0m39.9s/4m00.0s

running (0m40.9s), 150/150 VUs, 35330 complete and 0 interrupted iterations
default   [  17% ] 150/150 VUs  0m40.9s/4m00.0s

running (0m41.9s), 150/150 VUs, 36300 complete and 0 interrupted iterations
default   [  17% ] 150/150 VUs  0m41.9s/4m00.0s

running (0m42.9s), 150/150 VUs, 37300 complete and 0 interrupted iterations
default   [  18% ] 150/150 VUs  0m42.9s/4m00.0s

running (0m43.9s), 150/150 VUs, 38280 complete and 0 interrupted iterations
default   [  18% ] 150/150 VUs  0m43.9s/4m00.0s

running (0m44.9s), 150/150 VUs, 39250 complete and 0 interrupted iterations
default   [  19% ] 150/150 VUs  0m44.9s/4m00.0s

running (0m45.9s), 150/150 VUs, 40250 complete and 0 interrupted iterations
default   [  19% ] 150/150 VUs  0m45.9s/4m00.0s

running (0m46.9s), 150/150 VUs, 41233 complete and 0 interrupted iterations
default   [  20% ] 150/150 VUs  0m46.9s/4m00.0s

running (0m47.9s), 150/150 VUs, 42200 complete and 0 interrupted iterations
default   [  20% ] 150/150 VUs  0m47.9s/4m00.0s

running (0m48.9s), 150/150 VUs, 43200 complete and 0 interrupted iterations
default   [  20% ] 150/150 VUs  0m48.9s/4m00.0s

running (0m49.9s), 150/150 VUs, 44184 complete and 0 interrupted iterations
default   [  21% ] 150/150 VUs  0m49.9s/4m00.0s

running (0m50.9s), 150/150 VUs, 45150 complete and 0 interrupted iterations
default   [  21% ] 150/150 VUs  0m50.9s/4m00.0s

running (0m51.9s), 150/150 VUs, 46150 complete and 0 interrupted iterations
default   [  22% ] 150/150 VUs  0m51.9s/4m00.0s

running (0m52.9s), 150/150 VUs, 47150 complete and 0 interrupted iterations
default   [  22% ] 150/150 VUs  0m52.9s/4m00.0s

running (0m53.9s), 150/150 VUs, 48102 complete and 0 interrupted iterations
default   [  22% ] 150/150 VUs  0m53.9s/4m00.0s

running (0m54.9s), 150/150 VUs, 49100 complete and 0 interrupted iterations
default   [  23% ] 150/150 VUs  0m54.9s/4m00.0s

running (0m55.9s), 150/150 VUs, 50078 complete and 0 interrupted iterations
default   [  23% ] 150/150 VUs  0m55.9s/4m00.0s

running (0m56.9s), 150/150 VUs, 51053 complete and 0 interrupted iterations
default   [  24% ] 150/150 VUs  0m56.9s/4m00.0s

running (0m57.9s), 150/150 VUs, 52050 complete and 0 interrupted iterations
default   [  24% ] 150/150 VUs  0m57.9s/4m00.0s

running (0m58.9s), 150/150 VUs, 53050 complete and 0 interrupted iterations
default   [  25% ] 150/150 VUs  0m58.9s/4m00.0s

running (0m59.9s), 150/150 VUs, 54043 complete and 0 interrupted iterations
default   [  25% ] 150/150 VUs  0m59.9s/4m00.0s

running (1m00.9s), 150/150 VUs, 55000 complete and 0 interrupted iterations
default   [  25% ] 150/150 VUs  1m00.9s/4m00.0s

running (1m01.9s), 150/150 VUs, 56000 complete and 0 interrupted iterations
default   [  26% ] 150/150 VUs  1m01.9s/4m00.0s

running (1m02.9s), 150/150 VUs, 57000 complete and 0 interrupted iterations
default   [  26% ] 150/150 VUs  1m02.9s/4m00.0s

running (1m03.9s), 150/150 VUs, 57950 complete and 0 interrupted iterations
default   [  27% ] 150/150 VUs  1m03.9s/4m00.0s

running (1m04.9s), 150/150 VUs, 58950 complete and 0 interrupted iterations
default   [  27% ] 150/150 VUs  1m04.9s/4m00.0s

running (1m05.9s), 150/150 VUs, 59950 complete and 0 interrupted iterations
default   [  27% ] 150/150 VUs  1m05.9s/4m00.0s

running (1m06.9s), 150/150 VUs, 60900 complete and 0 interrupted iterations
default   [  28% ] 150/150 VUs  1m06.9s/4m00.0s

running (1m07.9s), 150/150 VUs, 61900 complete and 0 interrupted iterations
default   [  28% ] 150/150 VUs  1m07.9s/4m00.0s

running (1m08.9s), 150/150 VUs, 62900 complete and 0 interrupted iterations
default   [  29% ] 150/150 VUs  1m08.9s/4m00.0s

running (1m09.9s), 150/150 VUs, 63850 complete and 0 interrupted iterations
default   [  29% ] 150/150 VUs  1m09.9s/4m00.0s

running (1m10.9s), 150/150 VUs, 64850 complete and 0 interrupted iterations
default   [  30% ] 150/150 VUs  1m10.9s/4m00.0s

running (1m11.9s), 150/150 VUs, 65850 complete and 0 interrupted iterations
default   [  30% ] 150/150 VUs  1m11.9s/4m00.0s

running (1m12.9s), 150/150 VUs, 66800 complete and 0 interrupted iterations
default   [  30% ] 150/150 VUs  1m12.9s/4m00.0s

running (1m13.9s), 150/150 VUs, 67800 complete and 0 interrupted iterations
default   [  31% ] 150/150 VUs  1m13.9s/4m00.0s

running (1m14.9s), 150/150 VUs, 68787 complete and 0 interrupted iterations
default   [  31% ] 150/150 VUs  1m14.9s/4m00.0s

running (1m15.9s), 150/150 VUs, 69750 complete and 0 interrupted iterations
default   [  32% ] 150/150 VUs  1m15.9s/4m00.0s

running (1m16.9s), 150/150 VUs, 70750 complete and 0 interrupted iterations
default   [  32% ] 150/150 VUs  1m16.9s/4m00.0s

running (1m17.9s), 150/150 VUs, 71750 complete and 0 interrupted iterations
default   [  32% ] 150/150 VUs  1m17.9s/4m00.0s

running (1m18.9s), 150/150 VUs, 72700 complete and 0 interrupted iterations
default   [  33% ] 150/150 VUs  1m18.9s/4m00.0s

running (1m19.9s), 150/150 VUs, 73700 complete and 0 interrupted iterations
default   [  33% ] 150/150 VUs  1m19.9s/4m00.0s

running (1m20.9s), 150/150 VUs, 74700 complete and 0 interrupted iterations
default   [  34% ] 150/150 VUs  1m20.9s/4m00.0s

running (1m21.9s), 150/150 VUs, 75650 complete and 0 interrupted iterations
default   [  34% ] 150/150 VUs  1m21.9s/4m00.0s

running (1m22.9s), 150/150 VUs, 76650 complete and 0 interrupted iterations
default   [  35% ] 150/150 VUs  1m22.9s/4m00.0s

running (1m23.9s), 150/150 VUs, 77650 complete and 0 interrupted iterations
default   [  35% ] 150/150 VUs  1m23.9s/4m00.0s

running (1m24.9s), 150/150 VUs, 78600 complete and 0 interrupted iterations
default   [  35% ] 150/150 VUs  1m24.9s/4m00.0s

running (1m25.9s), 150/150 VUs, 79600 complete and 0 interrupted iterations
default   [  36% ] 150/150 VUs  1m25.9s/4m00.0s

running (1m26.9s), 150/150 VUs, 80600 complete and 0 interrupted iterations
default   [  36% ] 150/150 VUs  1m26.9s/4m00.0s

running (1m27.9s), 150/150 VUs, 81550 complete and 0 interrupted iterations
default   [  37% ] 150/150 VUs  1m27.9s/4m00.0s

running (1m28.9s), 150/150 VUs, 82550 complete and 0 interrupted iterations
default   [  37% ] 150/150 VUs  1m28.9s/4m00.0s

running (1m29.9s), 150/150 VUs, 83550 complete and 0 interrupted iterations
default   [  37% ] 150/150 VUs  1m29.9s/4m00.0s

running (1m30.9s), 150/150 VUs, 84500 complete and 0 interrupted iterations
default   [  38% ] 150/150 VUs  1m30.9s/4m00.0s

running (1m31.9s), 150/150 VUs, 85500 complete and 0 interrupted iterations
default   [  38% ] 150/150 VUs  1m31.9s/4m00.0s

running (1m32.9s), 150/150 VUs, 86500 complete and 0 interrupted iterations
default   [  39% ] 150/150 VUs  1m32.9s/4m00.0s

running (1m33.9s), 150/150 VUs, 87453 complete and 0 interrupted iterations
default   [  39% ] 150/150 VUs  1m33.9s/4m00.0s

running (1m34.9s), 150/150 VUs, 88450 complete and 0 interrupted iterations
default   [  40% ] 150/150 VUs  1m34.9s/4m00.0s

running (1m35.9s), 150/150 VUs, 89450 complete and 0 interrupted iterations
default   [  40% ] 150/150 VUs  1m35.9s/4m00.0s

running (1m36.9s), 150/150 VUs, 90405 complete and 0 interrupted iterations
default   [  40% ] 150/150 VUs  1m36.9s/4m00.0s

running (1m37.9s), 150/150 VUs, 91400 complete and 0 interrupted iterations
default   [  41% ] 150/150 VUs  1m37.9s/4m00.0s

running (1m38.9s), 150/150 VUs, 92400 complete and 0 interrupted iterations
default   [  41% ] 150/150 VUs  1m38.9s/4m00.0s

running (1m39.9s), 150/150 VUs, 93354 complete and 0 interrupted iterations
default   [  42% ] 150/150 VUs  1m39.9s/4m00.0s

running (1m40.9s), 150/150 VUs, 94350 complete and 0 interrupted iterations
default   [  42% ] 150/150 VUs  1m40.9s/4m00.0s

running (1m41.9s), 150/150 VUs, 95350 complete and 0 interrupted iterations
default   [  42% ] 150/150 VUs  1m41.9s/4m00.0s

running (1m42.9s), 150/150 VUs, 96311 complete and 0 interrupted iterations
default   [  43% ] 150/150 VUs  1m42.9s/4m00.0s

running (1m43.9s), 150/150 VUs, 97300 complete and 0 interrupted iterations
default   [  43% ] 150/150 VUs  1m43.9s/4m00.0s

running (1m44.9s), 150/150 VUs, 98300 complete and 0 interrupted iterations
default   [  44% ] 150/150 VUs  1m44.9s/4m00.0s

running (1m45.9s), 150/150 VUs, 99261 complete and 0 interrupted iterations
default   [  44% ] 150/150 VUs  1m45.9s/4m00.0s

running (1m46.9s), 150/150 VUs, 100250 complete and 0 interrupted iterations
default   [  45% ] 150/150 VUs  1m46.9s/4m00.0s

running (1m47.9s), 150/150 VUs, 101250 complete and 0 interrupted iterations
default   [  45% ] 150/150 VUs  1m47.9s/4m00.0s

running (1m48.9s), 150/150 VUs, 102211 complete and 0 interrupted iterations
default   [  45% ] 150/150 VUs  1m48.9s/4m00.0s

running (1m49.9s), 150/150 VUs, 103200 complete and 0 interrupted iterations
default   [  46% ] 150/150 VUs  1m49.9s/4m00.0s

running (1m50.9s), 150/150 VUs, 104200 complete and 0 interrupted iterations
default   [  46% ] 150/150 VUs  1m50.9s/4m00.0s

running (1m51.9s), 150/150 VUs, 105164 complete and 0 interrupted iterations
default   [  47% ] 150/150 VUs  1m51.9s/4m00.0s

running (1m52.9s), 150/150 VUs, 106150 complete and 0 interrupted iterations
default   [  47% ] 150/150 VUs  1m52.9s/4m00.0s

running (1m53.9s), 150/150 VUs, 107150 complete and 0 interrupted iterations
default   [  47% ] 150/150 VUs  1m53.9s/4m00.0s

running (1m54.9s), 150/150 VUs, 108113 complete and 0 interrupted iterations
default   [  48% ] 150/150 VUs  1m54.9s/4m00.0s

running (1m55.9s), 150/150 VUs, 109100 complete and 0 interrupted iterations
default   [  48% ] 150/150 VUs  1m55.9s/4m00.0s

running (1m56.9s), 150/150 VUs, 110100 complete and 0 interrupted iterations
default   [  49% ] 150/150 VUs  1m56.9s/4m00.0s

running (1m57.9s), 150/150 VUs, 111058 complete and 0 interrupted iterations
default   [  49% ] 150/150 VUs  1m57.9s/4m00.0s

running (1m58.9s), 150/150 VUs, 112050 complete and 0 interrupted iterations
default   [  50% ] 150/150 VUs  1m58.9s/4m00.0s

running (1m59.9s), 150/150 VUs, 113050 complete and 0 interrupted iterations
default   [  50% ] 150/150 VUs  1m59.9s/4m00.0s

running (2m00.9s), 150/150 VUs, 114007 complete and 0 interrupted iterations
default   [  50% ] 150/150 VUs  2m00.9s/4m00.0s

running (2m01.9s), 150/150 VUs, 115000 complete and 0 interrupted iterations
default   [  51% ] 150/150 VUs  2m01.9s/4m00.0s

running (2m02.9s), 150/150 VUs, 115989 complete and 0 interrupted iterations
default   [  51% ] 150/150 VUs  2m02.9s/4m00.0s

running (2m03.9s), 150/150 VUs, 116963 complete and 0 interrupted iterations
default   [  52% ] 150/150 VUs  2m03.9s/4m00.0s

running (2m04.9s), 150/150 VUs, 117950 complete and 0 interrupted iterations
default   [  52% ] 150/150 VUs  2m04.9s/4m00.0s

running (2m05.9s), 150/150 VUs, 118950 complete and 0 interrupted iterations
default   [  52% ] 150/150 VUs  2m05.9s/4m00.0s

running (2m06.9s), 150/150 VUs, 119912 complete and 0 interrupted iterations
default   [  53% ] 150/150 VUs  2m06.9s/4m00.0s

running (2m07.9s), 150/150 VUs, 120900 complete and 0 interrupted iterations
default   [  53% ] 150/150 VUs  2m07.9s/4m00.0s

running (2m08.9s), 150/150 VUs, 121900 complete and 0 interrupted iterations
default   [  54% ] 150/150 VUs  2m08.9s/4m00.0s

running (2m09.9s), 150/150 VUs, 122873 complete and 0 interrupted iterations
default   [  54% ] 150/150 VUs  2m09.9s/4m00.0s

running (2m10.9s), 150/150 VUs, 123850 complete and 0 interrupted iterations
default   [  55% ] 150/150 VUs  2m10.9s/4m00.0s

running (2m11.9s), 150/150 VUs, 124850 complete and 0 interrupted iterations
default   [  55% ] 150/150 VUs  2m11.9s/4m00.0s

running (2m12.9s), 150/150 VUs, 125814 complete and 0 interrupted iterations
default   [  55% ] 150/150 VUs  2m12.9s/4m00.0s

running (2m13.9s), 150/150 VUs, 126800 complete and 0 interrupted iterations
default   [  56% ] 150/150 VUs  2m13.9s/4m00.0s

running (2m14.9s), 150/150 VUs, 127800 complete and 0 interrupted iterations
default   [  56% ] 150/150 VUs  2m14.9s/4m00.0s

running (2m15.9s), 150/150 VUs, 128762 complete and 0 interrupted iterations
default   [  57% ] 150/150 VUs  2m15.9s/4m00.0s

running (2m16.9s), 150/150 VUs, 129750 complete and 0 interrupted iterations
default   [  57% ] 150/150 VUs  2m16.9s/4m00.0s

running (2m17.9s), 150/150 VUs, 130750 complete and 0 interrupted iterations
default   [  57% ] 150/150 VUs  2m17.9s/4m00.0s

running (2m18.9s), 150/150 VUs, 131706 complete and 0 interrupted iterations
default   [  58% ] 150/150 VUs  2m18.9s/4m00.0s

running (2m19.9s), 150/150 VUs, 132700 complete and 0 interrupted iterations
default   [  58% ] 150/150 VUs  2m19.9s/4m00.0s

running (2m20.9s), 150/150 VUs, 133700 complete and 0 interrupted iterations
default   [  59% ] 150/150 VUs  2m20.9s/4m00.0s

running (2m21.9s), 150/150 VUs, 134660 complete and 0 interrupted iterations
default   [  59% ] 150/150 VUs  2m21.9s/4m00.0s

running (2m22.9s), 150/150 VUs, 135650 complete and 0 interrupted iterations
default   [  60% ] 150/150 VUs  2m22.9s/4m00.0s

running (2m23.9s), 150/150 VUs, 136650 complete and 0 interrupted iterations
default   [  60% ] 150/150 VUs  2m23.9s/4m00.0s

running (2m24.9s), 150/150 VUs, 137616 complete and 0 interrupted iterations
default   [  60% ] 150/150 VUs  2m24.9s/4m00.0s

running (2m25.9s), 150/150 VUs, 138600 complete and 0 interrupted iterations
default   [  61% ] 150/150 VUs  2m25.9s/4m00.0s

running (2m26.9s), 150/150 VUs, 139600 complete and 0 interrupted iterations
default   [  61% ] 150/150 VUs  2m26.9s/4m00.0s

running (2m27.9s), 150/150 VUs, 140560 complete and 0 interrupted iterations
default   [  62% ] 150/150 VUs  2m27.9s/4m00.0s

running (2m28.9s), 150/150 VUs, 141550 complete and 0 interrupted iterations
default   [  62% ] 150/150 VUs  2m28.9s/4m00.0s

running (2m29.9s), 150/150 VUs, 142550 complete and 0 interrupted iterations
default   [  62% ] 150/150 VUs  2m29.9s/4m00.0s

running (2m30.9s), 150/150 VUs, 143500 complete and 0 interrupted iterations
default   [  63% ] 150/150 VUs  2m30.9s/4m00.0s

running (2m31.9s), 150/150 VUs, 144500 complete and 0 interrupted iterations
default   [  63% ] 150/150 VUs  2m31.9s/4m00.0s

running (2m32.9s), 150/150 VUs, 145500 complete and 0 interrupted iterations
default   [  64% ] 150/150 VUs  2m32.9s/4m00.0s

running (2m33.9s), 150/150 VUs, 146454 complete and 0 interrupted iterations
default   [  64% ] 150/150 VUs  2m33.9s/4m00.0s

running (2m34.9s), 150/150 VUs, 147450 complete and 0 interrupted iterations
default   [  65% ] 150/150 VUs  2m34.9s/4m00.0s

running (2m35.9s), 150/150 VUs, 148450 complete and 0 interrupted iterations
default   [  65% ] 150/150 VUs  2m35.9s/4m00.0s

running (2m36.9s), 150/150 VUs, 149402 complete and 0 interrupted iterations
default   [  65% ] 150/150 VUs  2m36.9s/4m00.0s

running (2m37.9s), 150/150 VUs, 150400 complete and 0 interrupted iterations
default   [  66% ] 150/150 VUs  2m37.9s/4m00.0s

running (2m38.9s), 150/150 VUs, 151400 complete and 0 interrupted iterations
default   [  66% ] 150/150 VUs  2m38.9s/4m00.0s

running (2m39.9s), 150/150 VUs, 152352 complete and 0 interrupted iterations
default   [  67% ] 150/150 VUs  2m39.9s/4m00.0s

running (2m40.9s), 150/150 VUs, 153350 complete and 0 interrupted iterations
default   [  67% ] 150/150 VUs  2m40.9s/4m00.0s

running (2m41.9s), 150/150 VUs, 154350 complete and 0 interrupted iterations
default   [  67% ] 150/150 VUs  2m41.9s/4m00.0s

running (2m42.9s), 150/150 VUs, 155302 complete and 0 interrupted iterations
default   [  68% ] 150/150 VUs  2m42.9s/4m00.0s

running (2m43.9s), 150/150 VUs, 156302 complete and 0 interrupted iterations
default   [  68% ] 150/150 VUs  2m43.9s/4m00.0s

running (2m44.9s), 150/150 VUs, 157300 complete and 0 interrupted iterations
default   [  69% ] 150/150 VUs  2m44.9s/4m00.0s

running (2m45.9s), 150/150 VUs, 158252 complete and 0 interrupted iterations
default   [  69% ] 150/150 VUs  2m45.9s/4m00.0s

running (2m46.9s), 150/150 VUs, 159252 complete and 0 interrupted iterations
default   [  70% ] 150/150 VUs  2m46.9s/4m00.0s

running (2m47.9s), 150/150 VUs, 160250 complete and 0 interrupted iterations
default   [  70% ] 150/150 VUs  2m47.9s/4m00.0s

running (2m48.9s), 150/150 VUs, 161202 complete and 0 interrupted iterations
default   [  70% ] 150/150 VUs  2m48.9s/4m00.0s

running (2m49.9s), 150/150 VUs, 162202 complete and 0 interrupted iterations
default   [  71% ] 150/150 VUs  2m49.9s/4m00.0s

running (2m50.9s), 150/150 VUs, 163202 complete and 0 interrupted iterations
default   [  71% ] 150/150 VUs  2m50.9s/4m00.0s

running (2m51.9s), 150/150 VUs, 164152 complete and 0 interrupted iterations
default   [  72% ] 150/150 VUs  2m51.9s/4m00.0s

running (2m52.9s), 150/150 VUs, 165152 complete and 0 interrupted iterations
default   [  72% ] 150/150 VUs  2m52.9s/4m00.0s

running (2m53.9s), 150/150 VUs, 166152 complete and 0 interrupted iterations
default   [  72% ] 150/150 VUs  2m53.9s/4m00.0s

running (2m54.9s), 150/150 VUs, 167102 complete and 0 interrupted iterations
default   [  73% ] 150/150 VUs  2m54.9s/4m00.0s

running (2m55.9s), 150/150 VUs, 168102 complete and 0 interrupted iterations
default   [  73% ] 150/150 VUs  2m55.9s/4m00.0s

running (2m56.9s), 150/150 VUs, 169102 complete and 0 interrupted iterations
default   [  74% ] 150/150 VUs  2m56.9s/4m00.0s

running (2m57.9s), 150/150 VUs, 170052 complete and 0 interrupted iterations
default   [  74% ] 150/150 VUs  2m57.9s/4m00.0s

running (2m58.9s), 150/150 VUs, 171052 complete and 0 interrupted iterations
default   [  75% ] 150/150 VUs  2m58.9s/4m00.0s

running (2m59.9s), 150/150 VUs, 172052 complete and 0 interrupted iterations
default   [  75% ] 150/150 VUs  2m59.9s/4m00.0s

running (3m00.9s), 150/150 VUs, 173002 complete and 0 interrupted iterations
default   [  75% ] 150/150 VUs  3m00.9s/4m00.0s

running (3m01.9s), 150/150 VUs, 174002 complete and 0 interrupted iterations
default   [  76% ] 150/150 VUs  3m01.9s/4m00.0s

running (3m02.9s), 150/150 VUs, 175002 complete and 0 interrupted iterations
default   [  76% ] 150/150 VUs  3m02.9s/4m00.0s

running (3m03.9s), 150/150 VUs, 175952 complete and 0 interrupted iterations
default   [  77% ] 150/150 VUs  3m03.9s/4m00.0s

running (3m04.9s), 150/150 VUs, 176952 complete and 0 interrupted iterations
default   [  77% ] 150/150 VUs  3m04.9s/4m00.0s

running (3m05.9s), 150/150 VUs, 177935 complete and 0 interrupted iterations
default   [  77% ] 150/150 VUs  3m05.9s/4m00.0s

running (3m06.9s), 150/150 VUs, 178902 complete and 0 interrupted iterations
default   [  78% ] 150/150 VUs  3m06.9s/4m00.0s

running (3m07.9s), 150/150 VUs, 179902 complete and 0 interrupted iterations
default   [  78% ] 150/150 VUs  3m07.9s/4m00.0s

running (3m08.9s), 150/150 VUs, 180902 complete and 0 interrupted iterations
default   [  79% ] 150/150 VUs  3m08.9s/4m00.0s

running (3m09.9s), 150/150 VUs, 181852 complete and 0 interrupted iterations
default   [  79% ] 150/150 VUs  3m09.9s/4m00.0s

running (3m10.9s), 150/150 VUs, 182852 complete and 0 interrupted iterations
default   [  80% ] 150/150 VUs  3m10.9s/4m00.0s

running (3m11.9s), 150/150 VUs, 183852 complete and 0 interrupted iterations
default   [  80% ] 150/150 VUs  3m11.9s/4m00.0s

running (3m12.9s), 150/150 VUs, 184802 complete and 0 interrupted iterations
default   [  80% ] 150/150 VUs  3m12.9s/4m00.0s

running (3m13.9s), 150/150 VUs, 185802 complete and 0 interrupted iterations
default   [  81% ] 150/150 VUs  3m13.9s/4m00.0s

running (3m14.9s), 150/150 VUs, 186802 complete and 0 interrupted iterations
default   [  81% ] 150/150 VUs  3m14.9s/4m00.0s

running (3m15.9s), 150/150 VUs, 187752 complete and 0 interrupted iterations
default   [  82% ] 150/150 VUs  3m15.9s/4m00.0s

running (3m16.9s), 150/150 VUs, 188752 complete and 0 interrupted iterations
default   [  82% ] 150/150 VUs  3m16.9s/4m00.0s

running (3m17.9s), 150/150 VUs, 189752 complete and 0 interrupted iterations
default   [  82% ] 150/150 VUs  3m17.9s/4m00.0s

running (3m18.9s), 150/150 VUs, 190702 complete and 0 interrupted iterations
default   [  83% ] 150/150 VUs  3m18.9s/4m00.0s

running (3m19.9s), 150/150 VUs, 191702 complete and 0 interrupted iterations
default   [  83% ] 150/150 VUs  3m19.9s/4m00.0s

running (3m20.9s), 150/150 VUs, 192702 complete and 0 interrupted iterations
default   [  84% ] 150/150 VUs  3m20.9s/4m00.0s

running (3m21.9s), 150/150 VUs, 193652 complete and 0 interrupted iterations
default   [  84% ] 150/150 VUs  3m21.9s/4m00.0s

running (3m22.9s), 150/150 VUs, 194652 complete and 0 interrupted iterations
default   [  85% ] 150/150 VUs  3m22.9s/4m00.0s

running (3m23.9s), 150/150 VUs, 195652 complete and 0 interrupted iterations
default   [  85% ] 150/150 VUs  3m23.9s/4m00.0s

running (3m24.9s), 150/150 VUs, 196602 complete and 0 interrupted iterations
default   [  85% ] 150/150 VUs  3m24.9s/4m00.0s

running (3m25.9s), 150/150 VUs, 197602 complete and 0 interrupted iterations
default   [  86% ] 150/150 VUs  3m25.9s/4m00.0s

running (3m26.9s), 150/150 VUs, 198602 complete and 0 interrupted iterations
default   [  86% ] 150/150 VUs  3m26.9s/4m00.0s

running (3m27.9s), 150/150 VUs, 199552 complete and 0 interrupted iterations
default   [  87% ] 150/150 VUs  3m27.9s/4m00.0s

running (3m28.9s), 150/150 VUs, 200552 complete and 0 interrupted iterations
default   [  87% ] 150/150 VUs  3m28.9s/4m00.0s

running (3m29.9s), 150/150 VUs, 201540 complete and 0 interrupted iterations
default   [  87% ] 150/150 VUs  3m29.9s/4m00.0s

running (3m30.9s), 146/150 VUs, 202502 complete and 0 interrupted iterations
default   [  88% ] 146/150 VUs  3m30.9s/4m00.0s

running (3m31.9s), 142/150 VUs, 203502 complete and 0 interrupted iterations
default   [  88% ] 142/150 VUs  3m31.9s/4m00.0s

running (3m32.9s), 136/150 VUs, 204502 complete and 0 interrupted iterations
default   [  89% ] 136/150 VUs  3m32.9s/4m00.0s

running (3m33.9s), 132/150 VUs, 205452 complete and 0 interrupted iterations
default   [  89% ] 132/150 VUs  3m33.9s/4m00.0s

running (3m34.9s), 126/150 VUs, 206452 complete and 0 interrupted iterations
default   [  90% ] 126/150 VUs  3m34.9s/4m00.0s

running (3m35.9s), 121/150 VUs, 207452 complete and 0 interrupted iterations
default   [  90% ] 121/150 VUs  3m35.9s/4m00.0s

running (3m36.9s), 116/150 VUs, 208402 complete and 0 interrupted iterations
default   [  90% ] 116/150 VUs  3m36.9s/4m00.0s

running (3m37.9s), 111/150 VUs, 209402 complete and 0 interrupted iterations
default   [  91% ] 111/150 VUs  3m37.9s/4m00.0s

running (3m38.9s), 106/150 VUs, 210402 complete and 0 interrupted iterations
default   [  91% ] 106/150 VUs  3m38.9s/4m00.0s

running (3m39.9s), 101/150 VUs, 211352 complete and 0 interrupted iterations
default   [  92% ] 101/150 VUs  3m39.9s/4m00.0s

running (3m40.9s), 096/150 VUs, 212352 complete and 0 interrupted iterations
default   [  92% ] 096/150 VUs  3m40.9s/4m00.0s

running (3m41.9s), 091/150 VUs, 213352 complete and 0 interrupted iterations
default   [  92% ] 091/150 VUs  3m41.9s/4m00.0s

running (3m42.9s), 086/150 VUs, 214308 complete and 0 interrupted iterations
default   [  93% ] 086/150 VUs  3m42.9s/4m00.0s

running (3m43.9s), 082/150 VUs, 215302 complete and 0 interrupted iterations
default   [  93% ] 082/150 VUs  3m43.9s/4m00.0s

running (3m44.9s), 076/150 VUs, 216302 complete and 0 interrupted iterations
default   [  94% ] 076/150 VUs  3m44.9s/4m00.0s

running (3m45.9s), 071/150 VUs, 217262 complete and 0 interrupted iterations
default   [  94% ] 071/150 VUs  3m45.9s/4m00.0s

running (3m46.9s), 066/150 VUs, 218252 complete and 0 interrupted iterations
default   [  95% ] 066/150 VUs  3m46.9s/4m00.0s

running (3m47.9s), 061/150 VUs, 219252 complete and 0 interrupted iterations
default   [  95% ] 061/150 VUs  3m47.9s/4m00.0s

running (3m48.9s), 056/150 VUs, 220217 complete and 0 interrupted iterations
default   [  95% ] 056/150 VUs  3m48.9s/4m00.0s

running (3m49.9s), 051/150 VUs, 221202 complete and 0 interrupted iterations
default   [  96% ] 051/150 VUs  3m49.9s/4m00.0s

running (3m50.9s), 046/150 VUs, 222156 complete and 0 interrupted iterations
default   [  96% ] 046/150 VUs  3m50.9s/4m00.0s

running (3m51.9s), 041/150 VUs, 223001 complete and 0 interrupted iterations
default   [  97% ] 041/150 VUs  3m51.9s/4m00.0s

running (3m52.9s), 036/150 VUs, 223773 complete and 0 interrupted iterations
default   [  97% ] 036/150 VUs  3m52.9s/4m00.0s

running (3m53.9s), 031/150 VUs, 224412 complete and 0 interrupted iterations
default   [  97% ] 031/150 VUs  3m53.9s/4m00.0s

running (3m54.9s), 026/150 VUs, 224984 complete and 0 interrupted iterations
default   [  98% ] 026/150 VUs  3m54.9s/4m00.0s

running (3m55.9s), 021/150 VUs, 225433 complete and 0 interrupted iterations
default   [  98% ] 021/150 VUs  3m55.9s/4m00.0s

running (3m56.9s), 016/150 VUs, 225788 complete and 0 interrupted iterations
default   [  99% ] 016/150 VUs  3m56.9s/4m00.0s

running (3m57.9s), 011/150 VUs, 226063 complete and 0 interrupted iterations
default   [  99% ] 011/150 VUs  3m57.9s/4m00.0s

running (3m58.9s), 006/150 VUs, 226227 complete and 0 interrupted iterations
default   [ 100% ] 006/150 VUs  3m58.9s/4m00.0s

running (3m59.9s), 001/150 VUs, 226301 complete and 0 interrupted iterations
default   [ 100% ] 001/150 VUs  3m59.9s/4m00.0s


  █ THRESHOLDS 

    checks
    ✓ 'rate>0.95' rate=100.00%

    http_req_duration
    ✓ 'p(95)<5000' p(95)=301.5ms
    ✓ 'p(99)<10000' p(99)=454.66ms

    http_req_failed
    ✓ 'rate<0.05' rate=0.00%


  █ TOTAL RESULTS 

    checks_total.......: 905212  3771.596618/s
    checks_succeeded...: 100.00% 905212 out of 905212
    checks_failed......: 0.00%   0 out of 905212

    ✓ status is 200
    ✓ content-type is json
    ✓ workloadType is IO-BOUND
    ✓ executionTimeMs exists

    CUSTOM
    response_time_ms...............: min=50.561163 avg=139.119191 med=151.858973 max=1062.44285 p(90)=253.347117 p(95)=301.504852 p(99)=454.663341
    successful_requests............: 226303 942.899154/s

    HTTP
    http_req_duration..............: min=50.56ms   avg=139.11ms   med=151.85ms   max=1.06s      p(90)=253.34ms   p(95)=301.5ms    p(99)=454.66ms  
      { expected_response:true }...: min=50.56ms   avg=139.11ms   med=151.85ms   max=1.06s      p(90)=253.34ms   p(95)=301.5ms    p(99)=454.66ms  
    http_req_failed................: 0.00%  0 out of 226303
    http_reqs......................: 226303 942.899154/s

    EXECUTION
    iteration_duration.............: min=50.69ms   avg=139.28ms   med=152.01ms   max=1.06s      p(90)=253.5ms    p(95)=301.73ms   p(99)=454.81ms  
    iterations.....................: 226303 942.899154/s
    vus............................: 1      min=1           max=150
    vus_max........................: 150    min=150         max=150

    NETWORK
    data_received..................: 63 MB  261 kB/s
    data_sent......................: 18 MB  75 kB/s




running (4m00.0s), 000/150 VUs, 226303 complete and 0 interrupted iterations
default ✓ [ 100% ] 000/150 VUs  4m0s
