
         /\      Grafana   /‾‾/  
    /\  /  \     |\  __   /  /   
   /  \/    \    | |/ /  /   ‾‾\ 
  /          \   |   (  |  (‾)  |
 / __________ \  |_|\_\  \_____/ 


     execution: local
        script: io-bound-test.js
        output: -

     scenarios: (100.00%) 1 scenario, 600 max VUs, 6m30s max duration (incl. graceful stop):
              * default: Up to 600 looping VUs for 6m0s over 3 stages (gracefulRampDown: 30s, gracefulStop: 30s)


running (0m00.8s), 016/600 VUs, 116 complete and 0 interrupted iterations
default   [   0% ] 016/600 VUs  0m00.8s/6m00.0s

running (0m01.8s), 036/600 VUs, 604 complete and 0 interrupted iterations
default   [   0% ] 036/600 VUs  0m01.8s/6m00.0s

running (0m02.8s), 056/600 VUs, 1476 complete and 0 interrupted iterations
default   [   1% ] 056/600 VUs  0m02.8s/6m00.0s

running (0m03.8s), 076/600 VUs, 2474 complete and 0 interrupted iterations
default   [   1% ] 076/600 VUs  0m03.8s/6m00.0s

running (0m04.8s), 096/600 VUs, 3468 complete and 0 interrupted iterations
default   [   1% ] 096/600 VUs  0m04.8s/6m00.0s

running (0m05.8s), 116/600 VUs, 4454 complete and 0 interrupted iterations
default   [   2% ] 116/600 VUs  0m05.8s/6m00.0s

running (0m06.8s), 136/600 VUs, 5424 complete and 0 interrupted iterations
default   [   2% ] 136/600 VUs  0m06.8s/6m00.0s

running (0m07.8s), 156/600 VUs, 6424 complete and 0 interrupted iterations
default   [   2% ] 156/600 VUs  0m07.8s/6m00.0s

running (0m08.8s), 175/600 VUs, 7424 complete and 0 interrupted iterations
default   [   2% ] 175/600 VUs  0m08.8s/6m00.0s

running (0m09.8s), 195/600 VUs, 8374 complete and 0 interrupted iterations
default   [   3% ] 195/600 VUs  0m09.8s/6m00.0s

running (0m10.8s), 215/600 VUs, 9374 complete and 0 interrupted iterations
default   [   3% ] 215/600 VUs  0m10.8s/6m00.0s

running (0m11.8s), 235/600 VUs, 10374 complete and 0 interrupted iterations
default   [   3% ] 235/600 VUs  0m11.8s/6m00.0s

running (0m12.8s), 255/600 VUs, 11324 complete and 0 interrupted iterations
default   [   4% ] 255/600 VUs  0m12.8s/6m00.0s

running (0m13.8s), 275/600 VUs, 12324 complete and 0 interrupted iterations
default   [   4% ] 275/600 VUs  0m13.8s/6m00.0s

running (0m14.8s), 295/600 VUs, 13322 complete and 0 interrupted iterations
default   [   4% ] 295/600 VUs  0m14.8s/6m00.0s

running (0m15.8s), 315/600 VUs, 14274 complete and 0 interrupted iterations
default   [   4% ] 315/600 VUs  0m15.8s/6m00.0s

running (0m16.8s), 335/600 VUs, 15274 complete and 0 interrupted iterations
default   [   5% ] 335/600 VUs  0m16.8s/6m00.0s

running (0m17.8s), 355/600 VUs, 16274 complete and 0 interrupted iterations
default   [   5% ] 355/600 VUs  0m17.8s/6m00.0s

running (0m18.8s), 375/600 VUs, 17233 complete and 0 interrupted iterations
default   [   5% ] 375/600 VUs  0m18.8s/6m00.0s

running (0m19.8s), 395/600 VUs, 18224 complete and 0 interrupted iterations
default   [   5% ] 395/600 VUs  0m19.8s/6m00.0s

running (0m20.8s), 415/600 VUs, 19224 complete and 0 interrupted iterations
default   [   6% ] 415/600 VUs  0m20.8s/6m00.0s

running (0m21.8s), 435/600 VUs, 20174 complete and 0 interrupted iterations
default   [   6% ] 435/600 VUs  0m21.8s/6m00.0s

running (0m22.8s), 455/600 VUs, 21174 complete and 0 interrupted iterations
default   [   6% ] 455/600 VUs  0m22.8s/6m00.0s

running (0m23.8s), 475/600 VUs, 22174 complete and 0 interrupted iterations
default   [   7% ] 475/600 VUs  0m23.8s/6m00.0s

running (0m24.8s), 495/600 VUs, 23124 complete and 0 interrupted iterations
default   [   7% ] 495/600 VUs  0m24.8s/6m00.0s

running (0m25.8s), 515/600 VUs, 24124 complete and 0 interrupted iterations
default   [   7% ] 515/600 VUs  0m25.8s/6m00.0s

running (0m26.8s), 535/600 VUs, 25124 complete and 0 interrupted iterations
default   [   7% ] 535/600 VUs  0m26.8s/6m00.0s

running (0m27.8s), 555/600 VUs, 26074 complete and 0 interrupted iterations
default   [   8% ] 555/600 VUs  0m27.8s/6m00.0s

running (0m28.8s), 575/600 VUs, 27074 complete and 0 interrupted iterations
default   [   8% ] 575/600 VUs  0m28.8s/6m00.0s

running (0m29.8s), 595/600 VUs, 28067 complete and 0 interrupted iterations
default   [   8% ] 595/600 VUs  0m29.8s/6m00.0s

running (0m30.8s), 600/600 VUs, 29024 complete and 0 interrupted iterations
default   [   9% ] 600/600 VUs  0m30.8s/6m00.0s

running (0m31.8s), 600/600 VUs, 30024 complete and 0 interrupted iterations
default   [   9% ] 600/600 VUs  0m31.8s/6m00.0s

running (0m32.8s), 600/600 VUs, 31005 complete and 0 interrupted iterations
default   [   9% ] 600/600 VUs  0m32.8s/6m00.0s

running (0m33.8s), 600/600 VUs, 31974 complete and 0 interrupted iterations
default   [   9% ] 600/600 VUs  0m33.8s/6m00.0s

running (0m34.8s), 600/600 VUs, 32974 complete and 0 interrupted iterations
default   [  10% ] 600/600 VUs  0m34.8s/6m00.0s

running (0m35.8s), 600/600 VUs, 33927 complete and 0 interrupted iterations
default   [  10% ] 600/600 VUs  0m35.8s/6m00.0s

running (0m36.8s), 600/600 VUs, 34924 complete and 0 interrupted iterations
default   [  10% ] 600/600 VUs  0m36.8s/6m00.0s

running (0m37.8s), 600/600 VUs, 35924 complete and 0 interrupted iterations
default   [  10% ] 600/600 VUs  0m37.8s/6m00.0s

running (0m38.8s), 600/600 VUs, 36874 complete and 0 interrupted iterations
default   [  11% ] 600/600 VUs  0m38.8s/6m00.0s

running (0m39.8s), 600/600 VUs, 37874 complete and 0 interrupted iterations
default   [  11% ] 600/600 VUs  0m39.8s/6m00.0s

running (0m40.8s), 600/600 VUs, 38874 complete and 0 interrupted iterations
default   [  11% ] 600/600 VUs  0m40.8s/6m00.0s

running (0m41.8s), 600/600 VUs, 39824 complete and 0 interrupted iterations
default   [  12% ] 600/600 VUs  0m41.8s/6m00.0s

running (0m42.8s), 600/600 VUs, 40824 complete and 0 interrupted iterations
default   [  12% ] 600/600 VUs  0m42.8s/6m00.0s

running (0m43.8s), 600/600 VUs, 41823 complete and 0 interrupted iterations
default   [  12% ] 600/600 VUs  0m43.8s/6m00.0s

running (0m44.8s), 600/600 VUs, 42774 complete and 0 interrupted iterations
default   [  12% ] 600/600 VUs  0m44.8s/6m00.0s

running (0m45.8s), 600/600 VUs, 43774 complete and 0 interrupted iterations
default   [  13% ] 600/600 VUs  0m45.8s/6m00.0s

running (0m46.8s), 600/600 VUs, 44767 complete and 0 interrupted iterations
default   [  13% ] 600/600 VUs  0m46.8s/6m00.0s

running (0m47.8s), 600/600 VUs, 45724 complete and 0 interrupted iterations
default   [  13% ] 600/600 VUs  0m47.8s/6m00.0s

running (0m48.8s), 600/600 VUs, 46724 complete and 0 interrupted iterations
default   [  14% ] 600/600 VUs  0m48.8s/6m00.0s

running (0m49.8s), 600/600 VUs, 47724 complete and 0 interrupted iterations
default   [  14% ] 600/600 VUs  0m49.8s/6m00.0s

running (0m50.8s), 600/600 VUs, 48674 complete and 0 interrupted iterations
default   [  14% ] 600/600 VUs  0m50.8s/6m00.0s

running (0m51.8s), 600/600 VUs, 49674 complete and 0 interrupted iterations
default   [  14% ] 600/600 VUs  0m51.8s/6m00.0s

running (0m52.8s), 600/600 VUs, 50674 complete and 0 interrupted iterations
default   [  15% ] 600/600 VUs  0m52.8s/6m00.0s

running (0m53.8s), 600/600 VUs, 51624 complete and 0 interrupted iterations
default   [  15% ] 600/600 VUs  0m53.8s/6m00.0s

running (0m54.8s), 600/600 VUs, 52624 complete and 0 interrupted iterations
default   [  15% ] 600/600 VUs  0m54.8s/6m00.0s

running (0m55.8s), 600/600 VUs, 53602 complete and 0 interrupted iterations
default   [  15% ] 600/600 VUs  0m55.8s/6m00.0s

running (0m56.8s), 600/600 VUs, 54574 complete and 0 interrupted iterations
default   [  16% ] 600/600 VUs  0m56.8s/6m00.0s

running (0m57.8s), 600/600 VUs, 55574 complete and 0 interrupted iterations
default   [  16% ] 600/600 VUs  0m57.8s/6m00.0s

running (0m58.8s), 600/600 VUs, 56546 complete and 0 interrupted iterations
default   [  16% ] 600/600 VUs  0m58.8s/6m00.0s

running (0m59.8s), 600/600 VUs, 57524 complete and 0 interrupted iterations
default   [  17% ] 600/600 VUs  0m59.8s/6m00.0s

running (1m00.8s), 600/600 VUs, 58524 complete and 0 interrupted iterations
default   [  17% ] 600/600 VUs  1m00.8s/6m00.0s

running (1m01.8s), 600/600 VUs, 59500 complete and 0 interrupted iterations
default   [  17% ] 600/600 VUs  1m01.8s/6m00.0s

running (1m02.8s), 600/600 VUs, 60474 complete and 0 interrupted iterations
default   [  17% ] 600/600 VUs  1m02.8s/6m00.0s

running (1m03.8s), 600/600 VUs, 61474 complete and 0 interrupted iterations
default   [  18% ] 600/600 VUs  1m03.8s/6m00.0s

running (1m04.8s), 600/600 VUs, 62427 complete and 0 interrupted iterations
default   [  18% ] 600/600 VUs  1m04.8s/6m00.0s

running (1m05.8s), 600/600 VUs, 63424 complete and 0 interrupted iterations
default   [  18% ] 600/600 VUs  1m05.8s/6m00.0s

running (1m06.8s), 600/600 VUs, 64424 complete and 0 interrupted iterations
default   [  19% ] 600/600 VUs  1m06.8s/6m00.0s

running (1m07.8s), 600/600 VUs, 65401 complete and 0 interrupted iterations
default   [  19% ] 600/600 VUs  1m07.8s/6m00.0s

running (1m08.8s), 600/600 VUs, 66374 complete and 0 interrupted iterations
default   [  19% ] 600/600 VUs  1m08.8s/6m00.0s

running (1m09.8s), 600/600 VUs, 67374 complete and 0 interrupted iterations
default   [  19% ] 600/600 VUs  1m09.8s/6m00.0s

running (1m10.8s), 600/600 VUs, 68342 complete and 0 interrupted iterations
default   [  20% ] 600/600 VUs  1m10.8s/6m00.0s

running (1m11.8s), 600/600 VUs, 69324 complete and 0 interrupted iterations
default   [  20% ] 600/600 VUs  1m11.8s/6m00.0s

running (1m12.8s), 600/600 VUs, 70324 complete and 0 interrupted iterations
default   [  20% ] 600/600 VUs  1m12.8s/6m00.0s

running (1m13.8s), 600/600 VUs, 71286 complete and 0 interrupted iterations
default   [  20% ] 600/600 VUs  1m13.8s/6m00.0s

running (1m14.8s), 600/600 VUs, 72274 complete and 0 interrupted iterations
default   [  21% ] 600/600 VUs  1m14.8s/6m00.0s

running (1m15.8s), 600/600 VUs, 73274 complete and 0 interrupted iterations
default   [  21% ] 600/600 VUs  1m15.8s/6m00.0s

running (1m16.8s), 600/600 VUs, 74226 complete and 0 interrupted iterations
default   [  21% ] 600/600 VUs  1m16.8s/6m00.0s

running (1m17.8s), 600/600 VUs, 75224 complete and 0 interrupted iterations
default   [  22% ] 600/600 VUs  1m17.8s/6m00.0s

running (1m18.8s), 600/600 VUs, 76224 complete and 0 interrupted iterations
default   [  22% ] 600/600 VUs  1m18.8s/6m00.0s

running (1m19.8s), 600/600 VUs, 77174 complete and 0 interrupted iterations
default   [  22% ] 600/600 VUs  1m19.8s/6m00.0s

running (1m20.8s), 600/600 VUs, 78174 complete and 0 interrupted iterations
default   [  22% ] 600/600 VUs  1m20.8s/6m00.0s

running (1m21.8s), 600/600 VUs, 79174 complete and 0 interrupted iterations
default   [  23% ] 600/600 VUs  1m21.8s/6m00.0s

running (1m22.8s), 600/600 VUs, 80127 complete and 0 interrupted iterations
default   [  23% ] 600/600 VUs  1m22.8s/6m00.0s

running (1m23.8s), 600/600 VUs, 81124 complete and 0 interrupted iterations
default   [  23% ] 600/600 VUs  1m23.8s/6m00.0s

running (1m24.8s), 600/600 VUs, 82124 complete and 0 interrupted iterations
default   [  24% ] 600/600 VUs  1m24.8s/6m00.0s

running (1m25.8s), 600/600 VUs, 83083 complete and 0 interrupted iterations
default   [  24% ] 600/600 VUs  1m25.8s/6m00.0s

running (1m26.8s), 600/600 VUs, 84074 complete and 0 interrupted iterations
default   [  24% ] 600/600 VUs  1m26.8s/6m00.0s

running (1m27.8s), 600/600 VUs, 85074 complete and 0 interrupted iterations
default   [  24% ] 600/600 VUs  1m27.8s/6m00.0s

running (1m28.8s), 600/600 VUs, 86029 complete and 0 interrupted iterations
default   [  25% ] 600/600 VUs  1m28.8s/6m00.0s

running (1m29.8s), 600/600 VUs, 87024 complete and 0 interrupted iterations
default   [  25% ] 600/600 VUs  1m29.8s/6m00.0s

running (1m30.8s), 600/600 VUs, 88024 complete and 0 interrupted iterations
default   [  25% ] 600/600 VUs  1m30.8s/6m00.0s

running (1m31.8s), 600/600 VUs, 88974 complete and 0 interrupted iterations
default   [  25% ] 600/600 VUs  1m31.8s/6m00.0s

running (1m32.8s), 600/600 VUs, 89974 complete and 0 interrupted iterations
default   [  26% ] 600/600 VUs  1m32.8s/6m00.0s

running (1m33.8s), 600/600 VUs, 90974 complete and 0 interrupted iterations
default   [  26% ] 600/600 VUs  1m33.8s/6m00.0s

running (1m34.8s), 600/600 VUs, 91924 complete and 0 interrupted iterations
default   [  26% ] 600/600 VUs  1m34.8s/6m00.0s

running (1m35.8s), 600/600 VUs, 92924 complete and 0 interrupted iterations
default   [  27% ] 600/600 VUs  1m35.8s/6m00.0s

running (1m36.8s), 600/600 VUs, 93924 complete and 0 interrupted iterations
default   [  27% ] 600/600 VUs  1m36.8s/6m00.0s

running (1m37.8s), 600/600 VUs, 94874 complete and 0 interrupted iterations
default   [  27% ] 600/600 VUs  1m37.8s/6m00.0s

running (1m38.8s), 600/600 VUs, 95874 complete and 0 interrupted iterations
default   [  27% ] 600/600 VUs  1m38.8s/6m00.0s

running (1m39.8s), 600/600 VUs, 96874 complete and 0 interrupted iterations
default   [  28% ] 600/600 VUs  1m39.8s/6m00.0s

running (1m40.8s), 600/600 VUs, 97824 complete and 0 interrupted iterations
default   [  28% ] 600/600 VUs  1m40.8s/6m00.0s

running (1m41.8s), 600/600 VUs, 98824 complete and 0 interrupted iterations
default   [  28% ] 600/600 VUs  1m41.8s/6m00.0s

running (1m42.8s), 600/600 VUs, 99824 complete and 0 interrupted iterations
default   [  29% ] 600/600 VUs  1m42.8s/6m00.0s

running (1m43.8s), 600/600 VUs, 100774 complete and 0 interrupted iterations
default   [  29% ] 600/600 VUs  1m43.8s/6m00.0s

running (1m44.8s), 600/600 VUs, 101774 complete and 0 interrupted iterations
default   [  29% ] 600/600 VUs  1m44.8s/6m00.0s

running (1m45.8s), 600/600 VUs, 102774 complete and 0 interrupted iterations
default   [  29% ] 600/600 VUs  1m45.8s/6m00.0s

running (1m46.8s), 600/600 VUs, 103724 complete and 0 interrupted iterations
default   [  30% ] 600/600 VUs  1m46.8s/6m00.0s

running (1m47.8s), 600/600 VUs, 104724 complete and 0 interrupted iterations
default   [  30% ] 600/600 VUs  1m47.8s/6m00.0s

running (1m48.8s), 600/600 VUs, 105720 complete and 0 interrupted iterations
default   [  30% ] 600/600 VUs  1m48.8s/6m00.0s

running (1m49.8s), 600/600 VUs, 106674 complete and 0 interrupted iterations
default   [  30% ] 600/600 VUs  1m49.8s/6m00.0s

running (1m50.8s), 600/600 VUs, 107674 complete and 0 interrupted iterations
default   [  31% ] 600/600 VUs  1m50.8s/6m00.0s

running (1m51.8s), 600/600 VUs, 108652 complete and 0 interrupted iterations
default   [  31% ] 600/600 VUs  1m51.8s/6m00.0s

running (1m52.8s), 600/600 VUs, 109624 complete and 0 interrupted iterations
default   [  31% ] 600/600 VUs  1m52.8s/6m00.0s

running (1m53.8s), 600/600 VUs, 110624 complete and 0 interrupted iterations
default   [  32% ] 600/600 VUs  1m53.8s/6m00.0s

running (1m54.8s), 600/600 VUs, 111587 complete and 0 interrupted iterations
default   [  32% ] 600/600 VUs  1m54.8s/6m00.0s

running (1m55.8s), 600/600 VUs, 112574 complete and 0 interrupted iterations
default   [  32% ] 600/600 VUs  1m55.8s/6m00.0s

running (1m56.8s), 600/600 VUs, 113574 complete and 0 interrupted iterations
default   [  32% ] 600/600 VUs  1m56.8s/6m00.0s

running (1m57.8s), 600/600 VUs, 114524 complete and 0 interrupted iterations
default   [  33% ] 600/600 VUs  1m57.8s/6m00.0s

running (1m58.8s), 600/600 VUs, 115524 complete and 0 interrupted iterations
default   [  33% ] 600/600 VUs  1m58.8s/6m00.0s

running (1m59.8s), 600/600 VUs, 116524 complete and 0 interrupted iterations
default   [  33% ] 600/600 VUs  1m59.8s/6m00.0s

running (2m00.8s), 600/600 VUs, 117474 complete and 0 interrupted iterations
default   [  34% ] 600/600 VUs  2m00.8s/6m00.0s

running (2m01.8s), 600/600 VUs, 118474 complete and 0 interrupted iterations
default   [  34% ] 600/600 VUs  2m01.8s/6m00.0s

running (2m02.8s), 600/600 VUs, 119474 complete and 0 interrupted iterations
default   [  34% ] 600/600 VUs  2m02.8s/6m00.0s

running (2m03.8s), 600/600 VUs, 120424 complete and 0 interrupted iterations
default   [  34% ] 600/600 VUs  2m03.8s/6m00.0s

running (2m04.8s), 600/600 VUs, 121424 complete and 0 interrupted iterations
default   [  35% ] 600/600 VUs  2m04.8s/6m00.0s

running (2m05.8s), 600/600 VUs, 122398 complete and 0 interrupted iterations
default   [  35% ] 600/600 VUs  2m05.8s/6m00.0s

running (2m06.8s), 600/600 VUs, 123374 complete and 0 interrupted iterations
default   [  35% ] 600/600 VUs  2m06.8s/6m00.0s

running (2m07.8s), 600/600 VUs, 124374 complete and 0 interrupted iterations
default   [  35% ] 600/600 VUs  2m07.8s/6m00.0s

running (2m08.8s), 600/600 VUs, 125374 complete and 0 interrupted iterations
default   [  36% ] 600/600 VUs  2m08.8s/6m00.0s

running (2m09.8s), 600/600 VUs, 126324 complete and 0 interrupted iterations
default   [  36% ] 600/600 VUs  2m09.8s/6m00.0s

running (2m10.8s), 600/600 VUs, 127324 complete and 0 interrupted iterations
default   [  36% ] 600/600 VUs  2m10.8s/6m00.0s

running (2m11.8s), 600/600 VUs, 128324 complete and 0 interrupted iterations
default   [  37% ] 600/600 VUs  2m11.8s/6m00.0s

running (2m12.8s), 600/600 VUs, 129274 complete and 0 interrupted iterations
default   [  37% ] 600/600 VUs  2m12.8s/6m00.0s

running (2m13.8s), 600/600 VUs, 130274 complete and 0 interrupted iterations
default   [  37% ] 600/600 VUs  2m13.8s/6m00.0s

running (2m14.8s), 600/600 VUs, 131272 complete and 0 interrupted iterations
default   [  37% ] 600/600 VUs  2m14.8s/6m00.0s

running (2m15.8s), 600/600 VUs, 132224 complete and 0 interrupted iterations
default   [  38% ] 600/600 VUs  2m15.8s/6m00.0s

running (2m16.8s), 600/600 VUs, 133224 complete and 0 interrupted iterations
default   [  38% ] 600/600 VUs  2m16.8s/6m00.0s

running (2m17.8s), 600/600 VUs, 134224 complete and 0 interrupted iterations
default   [  38% ] 600/600 VUs  2m17.8s/6m00.0s

running (2m18.8s), 600/600 VUs, 135174 complete and 0 interrupted iterations
default   [  39% ] 600/600 VUs  2m18.8s/6m00.0s

running (2m19.8s), 600/600 VUs, 136174 complete and 0 interrupted iterations
default   [  39% ] 600/600 VUs  2m19.8s/6m00.0s

running (2m20.8s), 600/600 VUs, 137174 complete and 0 interrupted iterations
default   [  39% ] 600/600 VUs  2m20.8s/6m00.0s

running (2m21.8s), 600/600 VUs, 138124 complete and 0 interrupted iterations
default   [  39% ] 600/600 VUs  2m21.8s/6m00.0s

running (2m22.8s), 600/600 VUs, 139124 complete and 0 interrupted iterations
default   [  40% ] 600/600 VUs  2m22.8s/6m00.0s

running (2m23.8s), 600/600 VUs, 140081 complete and 0 interrupted iterations
default   [  40% ] 600/600 VUs  2m23.8s/6m00.0s

running (2m24.8s), 600/600 VUs, 141074 complete and 0 interrupted iterations
default   [  40% ] 600/600 VUs  2m24.8s/6m00.0s

running (2m25.8s), 600/600 VUs, 142074 complete and 0 interrupted iterations
default   [  40% ] 600/600 VUs  2m25.8s/6m00.0s

running (2m26.8s), 600/600 VUs, 143036 complete and 0 interrupted iterations
default   [  41% ] 600/600 VUs  2m26.8s/6m00.0s

running (2m27.8s), 600/600 VUs, 144024 complete and 0 interrupted iterations
default   [  41% ] 600/600 VUs  2m27.8s/6m00.0s

running (2m28.8s), 600/600 VUs, 145024 complete and 0 interrupted iterations
default   [  41% ] 600/600 VUs  2m28.8s/6m00.0s

running (2m29.8s), 600/600 VUs, 146003 complete and 0 interrupted iterations
default   [  42% ] 600/600 VUs  2m29.8s/6m00.0s

running (2m30.8s), 600/600 VUs, 146974 complete and 0 interrupted iterations
default   [  42% ] 600/600 VUs  2m30.8s/6m00.0s

running (2m31.8s), 600/600 VUs, 147974 complete and 0 interrupted iterations
default   [  42% ] 600/600 VUs  2m31.8s/6m00.0s

running (2m32.8s), 600/600 VUs, 148936 complete and 0 interrupted iterations
default   [  42% ] 600/600 VUs  2m32.8s/6m00.0s

running (2m33.8s), 600/600 VUs, 149924 complete and 0 interrupted iterations
default   [  43% ] 600/600 VUs  2m33.8s/6m00.0s

running (2m34.8s), 600/600 VUs, 150924 complete and 0 interrupted iterations
default   [  43% ] 600/600 VUs  2m34.8s/6m00.0s

running (2m35.8s), 600/600 VUs, 151917 complete and 0 interrupted iterations
default   [  43% ] 600/600 VUs  2m35.8s/6m00.0s

running (2m36.8s), 600/600 VUs, 152874 complete and 0 interrupted iterations
default   [  44% ] 600/600 VUs  2m36.8s/6m00.0s

running (2m37.8s), 600/600 VUs, 153874 complete and 0 interrupted iterations
default   [  44% ] 600/600 VUs  2m37.8s/6m00.0s

running (2m38.8s), 600/600 VUs, 154824 complete and 0 interrupted iterations
default   [  44% ] 600/600 VUs  2m38.8s/6m00.0s

running (2m39.8s), 600/600 VUs, 155824 complete and 0 interrupted iterations
default   [  44% ] 600/600 VUs  2m39.8s/6m00.0s

running (2m40.8s), 600/600 VUs, 156824 complete and 0 interrupted iterations
default   [  45% ] 600/600 VUs  2m40.8s/6m00.0s

running (2m41.8s), 600/600 VUs, 157774 complete and 0 interrupted iterations
default   [  45% ] 600/600 VUs  2m41.8s/6m00.0s

running (2m42.8s), 600/600 VUs, 158774 complete and 0 interrupted iterations
default   [  45% ] 600/600 VUs  2m42.8s/6m00.0s

running (2m43.8s), 600/600 VUs, 159760 complete and 0 interrupted iterations
default   [  45% ] 600/600 VUs  2m43.8s/6m00.0s

running (2m44.8s), 600/600 VUs, 160724 complete and 0 interrupted iterations
default   [  46% ] 600/600 VUs  2m44.8s/6m00.0s

running (2m45.8s), 600/600 VUs, 161724 complete and 0 interrupted iterations
default   [  46% ] 600/600 VUs  2m45.8s/6m00.0s

running (2m46.8s), 600/600 VUs, 162724 complete and 0 interrupted iterations
default   [  46% ] 600/600 VUs  2m46.8s/6m00.0s

running (2m47.8s), 600/600 VUs, 163674 complete and 0 interrupted iterations
default   [  47% ] 600/600 VUs  2m47.8s/6m00.0s

running (2m48.8s), 600/600 VUs, 164674 complete and 0 interrupted iterations
default   [  47% ] 600/600 VUs  2m48.8s/6m00.0s

running (2m49.8s), 600/600 VUs, 165644 complete and 0 interrupted iterations
default   [  47% ] 600/600 VUs  2m49.8s/6m00.0s

running (2m50.8s), 600/600 VUs, 166624 complete and 0 interrupted iterations
default   [  47% ] 600/600 VUs  2m50.8s/6m00.0s

running (2m51.8s), 600/600 VUs, 167624 complete and 0 interrupted iterations
default   [  48% ] 600/600 VUs  2m51.8s/6m00.0s

running (2m52.8s), 600/600 VUs, 168611 complete and 0 interrupted iterations
default   [  48% ] 600/600 VUs  2m52.8s/6m00.0s

running (2m53.8s), 600/600 VUs, 169574 complete and 0 interrupted iterations
default   [  48% ] 600/600 VUs  2m53.8s/6m00.0s

running (2m54.8s), 600/600 VUs, 170574 complete and 0 interrupted iterations
default   [  49% ] 600/600 VUs  2m54.8s/6m00.0s

running (2m55.8s), 600/600 VUs, 171536 complete and 0 interrupted iterations
default   [  49% ] 600/600 VUs  2m55.8s/6m00.0s

running (2m56.8s), 600/600 VUs, 172524 complete and 0 interrupted iterations
default   [  49% ] 600/600 VUs  2m56.8s/6m00.0s

running (2m57.8s), 600/600 VUs, 173524 complete and 0 interrupted iterations
default   [  49% ] 600/600 VUs  2m57.8s/6m00.0s

running (2m58.8s), 600/600 VUs, 174486 complete and 0 interrupted iterations
default   [  50% ] 600/600 VUs  2m58.8s/6m00.0s

running (2m59.8s), 600/600 VUs, 175474 complete and 0 interrupted iterations
default   [  50% ] 600/600 VUs  2m59.8s/6m00.0s

running (3m00.8s), 600/600 VUs, 176474 complete and 0 interrupted iterations
default   [  50% ] 600/600 VUs  3m00.8s/6m00.0s

running (3m01.8s), 600/600 VUs, 177438 complete and 0 interrupted iterations
default   [  50% ] 600/600 VUs  3m01.8s/6m00.0s

running (3m02.8s), 600/600 VUs, 178424 complete and 0 interrupted iterations
default   [  51% ] 600/600 VUs  3m02.8s/6m00.0s

running (3m03.8s), 600/600 VUs, 179424 complete and 0 interrupted iterations
default   [  51% ] 600/600 VUs  3m03.8s/6m00.0s

running (3m04.8s), 600/600 VUs, 180374 complete and 0 interrupted iterations
default   [  51% ] 600/600 VUs  3m04.8s/6m00.0s

running (3m05.8s), 600/600 VUs, 181374 complete and 0 interrupted iterations
default   [  52% ] 600/600 VUs  3m05.8s/6m00.0s

running (3m06.8s), 600/600 VUs, 182374 complete and 0 interrupted iterations
default   [  52% ] 600/600 VUs  3m06.8s/6m00.0s

running (3m07.8s), 600/600 VUs, 183324 complete and 0 interrupted iterations
default   [  52% ] 600/600 VUs  3m07.8s/6m00.0s

running (3m08.8s), 600/600 VUs, 184324 complete and 0 interrupted iterations
default   [  52% ] 600/600 VUs  3m08.8s/6m00.0s

running (3m09.8s), 600/600 VUs, 185324 complete and 0 interrupted iterations
default   [  53% ] 600/600 VUs  3m09.8s/6m00.0s

running (3m10.8s), 600/600 VUs, 186274 complete and 0 interrupted iterations
default   [  53% ] 600/600 VUs  3m10.8s/6m00.0s

running (3m11.8s), 600/600 VUs, 187274 complete and 0 interrupted iterations
default   [  53% ] 600/600 VUs  3m11.8s/6m00.0s

running (3m12.8s), 600/600 VUs, 188274 complete and 0 interrupted iterations
default   [  54% ] 600/600 VUs  3m12.8s/6m00.0s

running (3m13.8s), 600/600 VUs, 189224 complete and 0 interrupted iterations
default   [  54% ] 600/600 VUs  3m13.8s/6m00.0s

running (3m14.8s), 600/600 VUs, 190224 complete and 0 interrupted iterations
default   [  54% ] 600/600 VUs  3m14.8s/6m00.0s

running (3m15.8s), 600/600 VUs, 191224 complete and 0 interrupted iterations
default   [  54% ] 600/600 VUs  3m15.8s/6m00.0s

running (3m16.8s), 600/600 VUs, 192174 complete and 0 interrupted iterations
default   [  55% ] 600/600 VUs  3m16.8s/6m00.0s

running (3m17.8s), 600/600 VUs, 193174 complete and 0 interrupted iterations
default   [  55% ] 600/600 VUs  3m17.8s/6m00.0s

running (3m18.8s), 600/600 VUs, 194157 complete and 0 interrupted iterations
default   [  55% ] 600/600 VUs  3m18.8s/6m00.0s

running (3m19.8s), 600/600 VUs, 195124 complete and 0 interrupted iterations
default   [  55% ] 600/600 VUs  3m19.8s/6m00.0s

running (3m20.8s), 600/600 VUs, 196124 complete and 0 interrupted iterations
default   [  56% ] 600/600 VUs  3m20.8s/6m00.0s

running (3m21.8s), 600/600 VUs, 197104 complete and 0 interrupted iterations
default   [  56% ] 600/600 VUs  3m21.8s/6m00.0s

running (3m22.8s), 600/600 VUs, 198074 complete and 0 interrupted iterations
default   [  56% ] 600/600 VUs  3m22.8s/6m00.0s

running (3m23.8s), 600/600 VUs, 199074 complete and 0 interrupted iterations
default   [  57% ] 600/600 VUs  3m23.8s/6m00.0s

running (3m24.8s), 600/600 VUs, 200055 complete and 0 interrupted iterations
default   [  57% ] 600/600 VUs  3m24.8s/6m00.0s

running (3m25.8s), 600/600 VUs, 201024 complete and 0 interrupted iterations
default   [  57% ] 600/600 VUs  3m25.8s/6m00.0s

running (3m26.8s), 600/600 VUs, 202024 complete and 0 interrupted iterations
default   [  57% ] 600/600 VUs  3m26.8s/6m00.0s

running (3m27.8s), 600/600 VUs, 202983 complete and 0 interrupted iterations
default   [  58% ] 600/600 VUs  3m27.8s/6m00.0s

running (3m28.8s), 600/600 VUs, 203974 complete and 0 interrupted iterations
default   [  58% ] 600/600 VUs  3m28.8s/6m00.0s

running (3m29.8s), 600/600 VUs, 204974 complete and 0 interrupted iterations
default   [  58% ] 600/600 VUs  3m29.8s/6m00.0s

running (3m30.8s), 600/600 VUs, 205924 complete and 0 interrupted iterations
default   [  59% ] 600/600 VUs  3m30.8s/6m00.0s

running (3m31.8s), 600/600 VUs, 206924 complete and 0 interrupted iterations
default   [  59% ] 600/600 VUs  3m31.8s/6m00.0s

running (3m32.8s), 600/600 VUs, 207924 complete and 0 interrupted iterations
default   [  59% ] 600/600 VUs  3m32.8s/6m00.0s

running (3m33.8s), 600/600 VUs, 208874 complete and 0 interrupted iterations
default   [  59% ] 600/600 VUs  3m33.8s/6m00.0s

running (3m34.8s), 600/600 VUs, 209874 complete and 0 interrupted iterations
default   [  60% ] 600/600 VUs  3m34.8s/6m00.0s

running (3m35.8s), 600/600 VUs, 210874 complete and 0 interrupted iterations
default   [  60% ] 600/600 VUs  3m35.8s/6m00.0s

running (3m36.8s), 600/600 VUs, 211824 complete and 0 interrupted iterations
default   [  60% ] 600/600 VUs  3m36.8s/6m00.0s

running (3m37.8s), 600/600 VUs, 212824 complete and 0 interrupted iterations
default   [  60% ] 600/600 VUs  3m37.8s/6m00.0s

running (3m38.8s), 600/600 VUs, 213824 complete and 0 interrupted iterations
default   [  61% ] 600/600 VUs  3m38.8s/6m00.0s

running (3m39.8s), 600/600 VUs, 214774 complete and 0 interrupted iterations
default   [  61% ] 600/600 VUs  3m39.8s/6m00.0s

running (3m40.8s), 600/600 VUs, 215774 complete and 0 interrupted iterations
default   [  61% ] 600/600 VUs  3m40.8s/6m00.0s

running (3m41.8s), 600/600 VUs, 216763 complete and 0 interrupted iterations
default   [  62% ] 600/600 VUs  3m41.8s/6m00.0s

running (3m42.8s), 600/600 VUs, 217724 complete and 0 interrupted iterations
default   [  62% ] 600/600 VUs  3m42.8s/6m00.0s

running (3m43.8s), 600/600 VUs, 218724 complete and 0 interrupted iterations
default   [  62% ] 600/600 VUs  3m43.8s/6m00.0s

running (3m44.8s), 600/600 VUs, 219705 complete and 0 interrupted iterations
default   [  62% ] 600/600 VUs  3m44.8s/6m00.0s

running (3m45.8s), 600/600 VUs, 220674 complete and 0 interrupted iterations
default   [  63% ] 600/600 VUs  3m45.8s/6m00.0s

running (3m46.8s), 600/600 VUs, 221674 complete and 0 interrupted iterations
default   [  63% ] 600/600 VUs  3m46.8s/6m00.0s

running (3m47.8s), 600/600 VUs, 222626 complete and 0 interrupted iterations
default   [  63% ] 600/600 VUs  3m47.8s/6m00.0s

running (3m48.8s), 600/600 VUs, 223624 complete and 0 interrupted iterations
default   [  64% ] 600/600 VUs  3m48.8s/6m00.0s

running (3m49.8s), 600/600 VUs, 224624 complete and 0 interrupted iterations
default   [  64% ] 600/600 VUs  3m49.8s/6m00.0s

running (3m50.8s), 600/600 VUs, 225574 complete and 0 interrupted iterations
default   [  64% ] 600/600 VUs  3m50.8s/6m00.0s

running (3m51.8s), 600/600 VUs, 226574 complete and 0 interrupted iterations
default   [  64% ] 600/600 VUs  3m51.8s/6m00.0s

running (3m52.8s), 600/600 VUs, 227574 complete and 0 interrupted iterations
default   [  65% ] 600/600 VUs  3m52.8s/6m00.0s

running (3m53.8s), 600/600 VUs, 228524 complete and 0 interrupted iterations
default   [  65% ] 600/600 VUs  3m53.8s/6m00.0s

running (3m54.8s), 600/600 VUs, 229524 complete and 0 interrupted iterations
default   [  65% ] 600/600 VUs  3m54.8s/6m00.0s

running (3m55.8s), 600/600 VUs, 230524 complete and 0 interrupted iterations
default   [  65% ] 600/600 VUs  3m55.8s/6m00.0s

running (3m56.8s), 600/600 VUs, 231474 complete and 0 interrupted iterations
default   [  66% ] 600/600 VUs  3m56.8s/6m00.0s

running (3m57.8s), 600/600 VUs, 232474 complete and 0 interrupted iterations
default   [  66% ] 600/600 VUs  3m57.8s/6m00.0s

running (3m58.8s), 600/600 VUs, 233474 complete and 0 interrupted iterations
default   [  66% ] 600/600 VUs  3m58.8s/6m00.0s

running (3m59.8s), 600/600 VUs, 234424 complete and 0 interrupted iterations
default   [  67% ] 600/600 VUs  3m59.8s/6m00.0s

running (4m00.8s), 600/600 VUs, 235424 complete and 0 interrupted iterations
default   [  67% ] 600/600 VUs  4m00.8s/6m00.0s

running (4m01.8s), 600/600 VUs, 236423 complete and 0 interrupted iterations
default   [  67% ] 600/600 VUs  4m01.8s/6m00.0s

running (4m02.8s), 600/600 VUs, 237374 complete and 0 interrupted iterations
default   [  67% ] 600/600 VUs  4m02.8s/6m00.0s

running (4m03.8s), 600/600 VUs, 238374 complete and 0 interrupted iterations
default   [  68% ] 600/600 VUs  4m03.8s/6m00.0s

running (4m04.8s), 600/600 VUs, 239355 complete and 0 interrupted iterations
default   [  68% ] 600/600 VUs  4m04.8s/6m00.0s

running (4m05.8s), 600/600 VUs, 240324 complete and 0 interrupted iterations
default   [  68% ] 600/600 VUs  4m05.8s/6m00.0s

running (4m06.8s), 600/600 VUs, 241324 complete and 0 interrupted iterations
default   [  69% ] 600/600 VUs  4m06.8s/6m00.0s

running (4m07.8s), 600/600 VUs, 242301 complete and 0 interrupted iterations
default   [  69% ] 600/600 VUs  4m07.8s/6m00.0s

running (4m08.8s), 600/600 VUs, 243274 complete and 0 interrupted iterations
default   [  69% ] 600/600 VUs  4m08.8s/6m00.0s

running (4m09.8s), 600/600 VUs, 244274 complete and 0 interrupted iterations
default   [  69% ] 600/600 VUs  4m09.8s/6m00.0s

running (4m10.8s), 600/600 VUs, 245236 complete and 0 interrupted iterations
default   [  70% ] 600/600 VUs  4m10.8s/6m00.0s

running (4m11.8s), 600/600 VUs, 246224 complete and 0 interrupted iterations
default   [  70% ] 600/600 VUs  4m11.8s/6m00.0s

running (4m12.8s), 600/600 VUs, 247224 complete and 0 interrupted iterations
default   [  70% ] 600/600 VUs  4m12.8s/6m00.0s

running (4m13.8s), 600/600 VUs, 248174 complete and 0 interrupted iterations
default   [  70% ] 600/600 VUs  4m13.8s/6m00.0s

running (4m14.8s), 600/600 VUs, 249174 complete and 0 interrupted iterations
default   [  71% ] 600/600 VUs  4m14.8s/6m00.0s

running (4m15.8s), 600/600 VUs, 250174 complete and 0 interrupted iterations
default   [  71% ] 600/600 VUs  4m15.8s/6m00.0s

running (4m16.8s), 600/600 VUs, 251124 complete and 0 interrupted iterations
default   [  71% ] 600/600 VUs  4m16.8s/6m00.0s

running (4m17.8s), 600/600 VUs, 252124 complete and 0 interrupted iterations
default   [  72% ] 600/600 VUs  4m17.8s/6m00.0s

running (4m18.8s), 600/600 VUs, 253124 complete and 0 interrupted iterations
default   [  72% ] 600/600 VUs  4m18.8s/6m00.0s

running (4m19.8s), 600/600 VUs, 254074 complete and 0 interrupted iterations
default   [  72% ] 600/600 VUs  4m19.8s/6m00.0s

running (4m20.8s), 600/600 VUs, 255074 complete and 0 interrupted iterations
default   [  72% ] 600/600 VUs  4m20.8s/6m00.0s

running (4m21.8s), 600/600 VUs, 256074 complete and 0 interrupted iterations
default   [  73% ] 600/600 VUs  4m21.8s/6m00.0s

running (4m22.8s), 600/600 VUs, 257024 complete and 0 interrupted iterations
default   [  73% ] 600/600 VUs  4m22.8s/6m00.0s

running (4m23.8s), 600/600 VUs, 258024 complete and 0 interrupted iterations
default   [  73% ] 600/600 VUs  4m23.8s/6m00.0s

running (4m24.8s), 600/600 VUs, 259024 complete and 0 interrupted iterations
default   [  74% ] 600/600 VUs  4m24.8s/6m00.0s

running (4m25.8s), 600/600 VUs, 259974 complete and 0 interrupted iterations
default   [  74% ] 600/600 VUs  4m25.8s/6m00.0s

running (4m26.8s), 600/600 VUs, 260974 complete and 0 interrupted iterations
default   [  74% ] 600/600 VUs  4m26.8s/6m00.0s

running (4m27.8s), 600/600 VUs, 261974 complete and 0 interrupted iterations
default   [  74% ] 600/600 VUs  4m27.8s/6m00.0s

running (4m28.8s), 600/600 VUs, 262924 complete and 0 interrupted iterations
default   [  75% ] 600/600 VUs  4m28.8s/6m00.0s

running (4m29.8s), 600/600 VUs, 263924 complete and 0 interrupted iterations
default   [  75% ] 600/600 VUs  4m29.8s/6m00.0s

running (4m30.8s), 600/600 VUs, 264908 complete and 0 interrupted iterations
default   [  75% ] 600/600 VUs  4m30.8s/6m00.0s

running (4m31.8s), 600/600 VUs, 265874 complete and 0 interrupted iterations
default   [  75% ] 600/600 VUs  4m31.8s/6m00.0s

running (4m32.8s), 600/600 VUs, 266874 complete and 0 interrupted iterations
default   [  76% ] 600/600 VUs  4m32.8s/6m00.0s

running (4m33.8s), 600/600 VUs, 267839 complete and 0 interrupted iterations
default   [  76% ] 600/600 VUs  4m33.8s/6m00.0s

running (4m34.8s), 600/600 VUs, 268824 complete and 0 interrupted iterations
default   [  76% ] 600/600 VUs  4m34.8s/6m00.0s

running (4m35.8s), 600/600 VUs, 269824 complete and 0 interrupted iterations
default   [  77% ] 600/600 VUs  4m35.8s/6m00.0s

running (4m36.8s), 600/600 VUs, 270792 complete and 0 interrupted iterations
default   [  77% ] 600/600 VUs  4m36.8s/6m00.0s

running (4m37.8s), 600/600 VUs, 271774 complete and 0 interrupted iterations
default   [  77% ] 600/600 VUs  4m37.8s/6m00.0s

running (4m38.8s), 600/600 VUs, 272774 complete and 0 interrupted iterations
default   [  77% ] 600/600 VUs  4m38.8s/6m00.0s

running (4m39.8s), 600/600 VUs, 273729 complete and 0 interrupted iterations
default   [  78% ] 600/600 VUs  4m39.8s/6m00.0s

running (4m40.8s), 600/600 VUs, 274724 complete and 0 interrupted iterations
default   [  78% ] 600/600 VUs  4m40.8s/6m00.0s

running (4m41.8s), 600/600 VUs, 275724 complete and 0 interrupted iterations
default   [  78% ] 600/600 VUs  4m41.8s/6m00.0s

running (4m42.8s), 600/600 VUs, 276674 complete and 0 interrupted iterations
default   [  79% ] 600/600 VUs  4m42.8s/6m00.0s

running (4m43.8s), 600/600 VUs, 277674 complete and 0 interrupted iterations
default   [  79% ] 600/600 VUs  4m43.8s/6m00.0s

running (4m44.8s), 600/600 VUs, 278674 complete and 0 interrupted iterations
default   [  79% ] 600/600 VUs  4m44.8s/6m00.0s

running (4m45.8s), 600/600 VUs, 279624 complete and 0 interrupted iterations
default   [  79% ] 600/600 VUs  4m45.8s/6m00.0s

running (4m46.8s), 600/600 VUs, 280624 complete and 0 interrupted iterations
default   [  80% ] 600/600 VUs  4m46.8s/6m00.0s

running (4m47.8s), 600/600 VUs, 281624 complete and 0 interrupted iterations
default   [  80% ] 600/600 VUs  4m47.8s/6m00.0s

running (4m48.8s), 600/600 VUs, 282574 complete and 0 interrupted iterations
default   [  80% ] 600/600 VUs  4m48.8s/6m00.0s

running (4m49.8s), 600/600 VUs, 283574 complete and 0 interrupted iterations
default   [  80% ] 600/600 VUs  4m49.8s/6m00.0s

running (4m50.8s), 600/600 VUs, 284574 complete and 0 interrupted iterations
default   [  81% ] 600/600 VUs  4m50.8s/6m00.0s

running (4m51.8s), 600/600 VUs, 285524 complete and 0 interrupted iterations
default   [  81% ] 600/600 VUs  4m51.8s/6m00.0s

running (4m52.8s), 600/600 VUs, 286524 complete and 0 interrupted iterations
default   [  81% ] 600/600 VUs  4m52.8s/6m00.0s

running (4m53.8s), 600/600 VUs, 287524 complete and 0 interrupted iterations
default   [  82% ] 600/600 VUs  4m53.8s/6m00.0s

running (4m54.8s), 600/600 VUs, 288474 complete and 0 interrupted iterations
default   [  82% ] 600/600 VUs  4m54.8s/6m00.0s

running (4m55.8s), 600/600 VUs, 289474 complete and 0 interrupted iterations
default   [  82% ] 600/600 VUs  4m55.8s/6m00.0s

running (4m56.8s), 600/600 VUs, 290459 complete and 0 interrupted iterations
default   [  82% ] 600/600 VUs  4m56.8s/6m00.0s

running (4m57.8s), 600/600 VUs, 291424 complete and 0 interrupted iterations
default   [  83% ] 600/600 VUs  4m57.8s/6m00.0s

running (4m58.8s), 600/600 VUs, 292424 complete and 0 interrupted iterations
default   [  83% ] 600/600 VUs  4m58.8s/6m00.0s

running (4m59.8s), 600/600 VUs, 293413 complete and 0 interrupted iterations
default   [  83% ] 600/600 VUs  4m59.8s/6m00.0s

running (5m00.8s), 600/600 VUs, 294374 complete and 0 interrupted iterations
default   [  84% ] 600/600 VUs  5m00.8s/6m00.0s

running (5m01.8s), 600/600 VUs, 295374 complete and 0 interrupted iterations
default   [  84% ] 600/600 VUs  5m01.8s/6m00.0s

running (5m02.8s), 600/600 VUs, 296344 complete and 0 interrupted iterations
default   [  84% ] 600/600 VUs  5m02.8s/6m00.0s

running (5m03.8s), 600/600 VUs, 297324 complete and 0 interrupted iterations
default   [  84% ] 600/600 VUs  5m03.8s/6m00.0s

running (5m04.8s), 600/600 VUs, 298324 complete and 0 interrupted iterations
default   [  85% ] 600/600 VUs  5m04.8s/6m00.0s

running (5m05.8s), 600/600 VUs, 299290 complete and 0 interrupted iterations
default   [  85% ] 600/600 VUs  5m05.8s/6m00.0s

running (5m06.8s), 600/600 VUs, 300274 complete and 0 interrupted iterations
default   [  85% ] 600/600 VUs  5m06.8s/6m00.0s

running (5m07.8s), 600/600 VUs, 301274 complete and 0 interrupted iterations
default   [  85% ] 600/600 VUs  5m07.8s/6m00.0s

running (5m08.8s), 600/600 VUs, 302230 complete and 0 interrupted iterations
default   [  86% ] 600/600 VUs  5m08.8s/6m00.0s

running (5m09.8s), 600/600 VUs, 303224 complete and 0 interrupted iterations
default   [  86% ] 600/600 VUs  5m09.8s/6m00.0s

running (5m10.8s), 600/600 VUs, 304224 complete and 0 interrupted iterations
default   [  86% ] 600/600 VUs  5m10.8s/6m00.0s

running (5m11.8s), 600/600 VUs, 305174 complete and 0 interrupted iterations
default   [  87% ] 600/600 VUs  5m11.8s/6m00.0s

running (5m12.8s), 600/600 VUs, 306174 complete and 0 interrupted iterations
default   [  87% ] 600/600 VUs  5m12.8s/6m00.0s

running (5m13.8s), 600/600 VUs, 307174 complete and 0 interrupted iterations
default   [  87% ] 600/600 VUs  5m13.8s/6m00.0s

running (5m14.8s), 600/600 VUs, 308124 complete and 0 interrupted iterations
default   [  87% ] 600/600 VUs  5m14.8s/6m00.0s

running (5m15.8s), 600/600 VUs, 309124 complete and 0 interrupted iterations
default   [  88% ] 600/600 VUs  5m15.8s/6m00.0s

running (5m16.8s), 600/600 VUs, 310124 complete and 0 interrupted iterations
default   [  88% ] 600/600 VUs  5m16.8s/6m00.0s

running (5m17.8s), 600/600 VUs, 311074 complete and 0 interrupted iterations
default   [  88% ] 600/600 VUs  5m17.8s/6m00.0s

running (5m18.8s), 600/600 VUs, 312074 complete and 0 interrupted iterations
default   [  89% ] 600/600 VUs  5m18.8s/6m00.0s

running (5m19.8s), 600/600 VUs, 313074 complete and 0 interrupted iterations
default   [  89% ] 600/600 VUs  5m19.8s/6m00.0s

running (5m20.8s), 600/600 VUs, 314024 complete and 0 interrupted iterations
default   [  89% ] 600/600 VUs  5m20.8s/6m00.0s

running (5m21.8s), 600/600 VUs, 315024 complete and 0 interrupted iterations
default   [  89% ] 600/600 VUs  5m21.8s/6m00.0s

running (5m22.8s), 600/600 VUs, 316016 complete and 0 interrupted iterations
default   [  90% ] 600/600 VUs  5m22.8s/6m00.0s

running (5m23.8s), 600/600 VUs, 316974 complete and 0 interrupted iterations
default   [  90% ] 600/600 VUs  5m23.8s/6m00.0s

running (5m24.8s), 600/600 VUs, 317974 complete and 0 interrupted iterations
default   [  90% ] 600/600 VUs  5m24.8s/6m00.0s

running (5m25.8s), 600/600 VUs, 318950 complete and 0 interrupted iterations
default   [  90% ] 600/600 VUs  5m25.8s/6m00.0s

running (5m26.8s), 600/600 VUs, 319924 complete and 0 interrupted iterations
default   [  91% ] 600/600 VUs  5m26.8s/6m00.0s

running (5m27.8s), 600/600 VUs, 320924 complete and 0 interrupted iterations
default   [  91% ] 600/600 VUs  5m27.8s/6m00.0s

running (5m28.8s), 600/600 VUs, 321897 complete and 0 interrupted iterations
default   [  91% ] 600/600 VUs  5m28.8s/6m00.0s

running (5m29.8s), 600/600 VUs, 322874 complete and 0 interrupted iterations
default   [  92% ] 600/600 VUs  5m29.8s/6m00.0s

running (5m30.8s), 591/600 VUs, 323874 complete and 0 interrupted iterations
default   [  92% ] 591/600 VUs  5m30.8s/6m00.0s

running (5m31.8s), 570/600 VUs, 324835 complete and 0 interrupted iterations
default   [  92% ] 570/600 VUs  5m31.8s/6m00.0s

running (5m32.8s), 553/600 VUs, 325824 complete and 0 interrupted iterations
default   [  92% ] 553/600 VUs  5m32.8s/6m00.0s

running (5m33.8s), 532/600 VUs, 326824 complete and 0 interrupted iterations
default   [  93% ] 532/600 VUs  5m33.8s/6m00.0s

running (5m34.8s), 513/600 VUs, 327781 complete and 0 interrupted iterations
default   [  93% ] 513/600 VUs  5m34.8s/6m00.0s

running (5m35.8s), 493/600 VUs, 328774 complete and 0 interrupted iterations
default   [  93% ] 493/600 VUs  5m35.8s/6m00.0s

running (5m36.8s), 472/600 VUs, 329774 complete and 0 interrupted iterations
default   [  94% ] 472/600 VUs  5m36.8s/6m00.0s

running (5m37.8s), 449/600 VUs, 330724 complete and 0 interrupted iterations
default   [  94% ] 449/600 VUs  5m37.8s/6m00.0s

running (5m38.8s), 430/600 VUs, 331724 complete and 0 interrupted iterations
default   [  94% ] 430/600 VUs  5m38.8s/6m00.0s

running (5m39.8s), 410/600 VUs, 332724 complete and 0 interrupted iterations
default   [  94% ] 410/600 VUs  5m39.8s/6m00.0s

running (5m40.8s), 394/600 VUs, 333674 complete and 0 interrupted iterations
default   [  95% ] 394/600 VUs  5m40.8s/6m00.0s

running (5m41.8s), 370/600 VUs, 334674 complete and 0 interrupted iterations
default   [  95% ] 370/600 VUs  5m41.8s/6m00.0s

running (5m42.8s), 350/600 VUs, 335665 complete and 0 interrupted iterations
default   [  95% ] 350/600 VUs  5m42.8s/6m00.0s

running (5m43.8s), 333/600 VUs, 336624 complete and 0 interrupted iterations
default   [  95% ] 333/600 VUs  5m43.8s/6m00.0s

running (5m44.8s), 310/600 VUs, 337624 complete and 0 interrupted iterations
default   [  96% ] 310/600 VUs  5m44.8s/6m00.0s

running (5m45.8s), 287/600 VUs, 338619 complete and 0 interrupted iterations
default   [  96% ] 287/600 VUs  5m45.8s/6m00.0s

running (5m46.8s), 269/600 VUs, 339574 complete and 0 interrupted iterations
default   [  96% ] 269/600 VUs  5m46.8s/6m00.0s

running (5m47.8s), 249/600 VUs, 340574 complete and 0 interrupted iterations
default   [  97% ] 249/600 VUs  5m47.8s/6m00.0s

running (5m48.8s), 229/600 VUs, 341554 complete and 0 interrupted iterations
default   [  97% ] 229/600 VUs  5m48.8s/6m00.0s

running (5m49.8s), 208/600 VUs, 342524 complete and 0 interrupted iterations
default   [  97% ] 208/600 VUs  5m49.8s/6m00.0s

running (5m50.8s), 191/600 VUs, 343524 complete and 0 interrupted iterations
default   [  97% ] 191/600 VUs  5m50.8s/6m00.0s

running (5m51.8s), 166/600 VUs, 344489 complete and 0 interrupted iterations
default   [  98% ] 166/600 VUs  5m51.8s/6m00.0s

running (5m52.8s), 147/600 VUs, 345474 complete and 0 interrupted iterations
default   [  98% ] 147/600 VUs  5m52.8s/6m00.0s

running (5m53.8s), 127/600 VUs, 346474 complete and 0 interrupted iterations
default   [  98% ] 127/600 VUs  5m53.8s/6m00.0s

running (5m54.8s), 106/600 VUs, 347434 complete and 0 interrupted iterations
default   [  99% ] 106/600 VUs  5m54.8s/6m00.0s

running (5m55.8s), 086/600 VUs, 348424 complete and 0 interrupted iterations
default   [  99% ] 086/600 VUs  5m55.8s/6m00.0s

running (5m56.8s), 067/600 VUs, 349424 complete and 0 interrupted iterations
default   [  99% ] 067/600 VUs  5m56.8s/6m00.0s

running (5m57.8s), 046/600 VUs, 350374 complete and 0 interrupted iterations
default   [  99% ] 046/600 VUs  5m57.8s/6m00.0s

running (5m58.8s), 026/600 VUs, 351098 complete and 0 interrupted iterations
default   [ 100% ] 026/600 VUs  5m58.8s/6m00.0s

running (5m59.8s), 006/600 VUs, 351407 complete and 0 interrupted iterations
default   [ 100% ] 006/600 VUs  5m59.8s/6m00.0s


  █ THRESHOLDS 

    checks
    ✓ 'rate>0.95' rate=100.00%

    http_req_duration
    ✓ 'p(95)<5000' p(95)=915.94ms
    ✓ 'p(99)<10000' p(99)=1.21s

    http_req_failed
    ✓ 'rate<0.05' rate=0.00%


  █ TOTAL RESULTS 

    checks_total.......: 1405712 3904.432617/s
    checks_succeeded...: 100.00% 1405712 out of 1405712
    checks_failed......: 0.00%   0 out of 1405712

    ✓ status is 200
    ✓ content-type is json
    ✓ workloadType is IO-BOUND
    ✓ executionTimeMs exists

    CUSTOM
    response_time_ms...............: min=50.581034 avg=563.61843 med=606.042201 max=2286.726221 p(90)=764.821436 p(95)=915.942817 p(99)=1218.659239
    successful_requests............: 351428 976.108154/s

    HTTP
    http_req_duration..............: min=50.58ms   avg=563.61ms  med=606.04ms   max=2.28s       p(90)=764.82ms   p(95)=915.94ms   p(99)=1.21s      
      { expected_response:true }...: min=50.58ms   avg=563.61ms  med=606.04ms   max=2.28s       p(90)=764.82ms   p(95)=915.94ms   p(99)=1.21s      
    http_req_failed................: 0.00%  0 out of 351428
    http_reqs......................: 351428 976.108154/s

    EXECUTION
    iteration_duration.............: min=50.69ms   avg=563.78ms  med=606.19ms   max=2.28s       p(90)=765.04ms   p(95)=916.1ms    p(99)=1.21s      
    iterations.....................: 351428 976.108154/s
    vus............................: 6      min=6           max=600
    vus_max........................: 600    min=600         max=600

    NETWORK
    data_received..................: 98 MB  271 kB/s
    data_sent......................: 28 MB  77 kB/s




running (6m00.0s), 000/600 VUs, 351428 complete and 0 interrupted iterations
default ✓ [ 100% ] 000/600 VUs  6m0s
