
         /\      Grafana   /‾‾/  
    /\  /  \     |\  __   /  /   
   /  \/    \    | |/ /  /   ‾‾\ 
  /          \   |   (  |  (‾)  |
 / __________ \  |_|\_\  \_____/ 


     execution: local
        script: io-bound-test.js
        output: -

     scenarios: (100.00%) 1 scenario, 400 max VUs, 6m30s max duration (incl. graceful stop):
              * default: Up to 400 looping VUs for 6m0s over 3 stages (gracefulRampDown: 30s, gracefulStop: 30s)


running (0m00.8s), 011/400 VUs, 88 complete and 0 interrupted iterations
default   [   0% ] 011/400 VUs  0m00.8s/6m00.0s

running (0m01.8s), 025/400 VUs, 433 complete and 0 interrupted iterations
default   [   1% ] 025/400 VUs  0m01.8s/6m00.0s

running (0m02.8s), 038/400 VUs, 1039 complete and 0 interrupted iterations
default   [   1% ] 038/400 VUs  0m02.8s/6m00.0s

running (0m03.8s), 051/400 VUs, 1905 complete and 0 interrupted iterations
default   [   1% ] 051/400 VUs  0m03.8s/6m00.0s

running (0m04.8s), 064/400 VUs, 2899 complete and 0 interrupted iterations
default   [   1% ] 064/400 VUs  0m04.8s/6m00.0s

running (0m05.8s), 078/400 VUs, 3887 complete and 0 interrupted iterations
default   [   2% ] 078/400 VUs  0m05.8s/6m00.0s

running (0m06.8s), 091/400 VUs, 4882 complete and 0 interrupted iterations
default   [   2% ] 091/400 VUs  0m06.8s/6m00.0s

running (0m07.8s), 104/400 VUs, 5877 complete and 0 interrupted iterations
default   [   2% ] 104/400 VUs  0m07.8s/6m00.0s

running (0m08.8s), 118/400 VUs, 6866 complete and 0 interrupted iterations
default   [   2% ] 118/400 VUs  0m08.8s/6m00.0s

running (0m09.8s), 131/400 VUs, 7860 complete and 0 interrupted iterations
default   [   3% ] 131/400 VUs  0m09.8s/6m00.0s

running (0m10.8s), 144/400 VUs, 8852 complete and 0 interrupted iterations
default   [   3% ] 144/400 VUs  0m10.8s/6m00.0s

running (0m11.8s), 158/400 VUs, 9837 complete and 0 interrupted iterations
default   [   3% ] 158/400 VUs  0m11.8s/6m00.0s

running (0m12.8s), 171/400 VUs, 10830 complete and 0 interrupted iterations
default   [   4% ] 171/400 VUs  0m12.8s/6m00.0s

running (0m13.8s), 184/400 VUs, 11824 complete and 0 interrupted iterations
default   [   4% ] 184/400 VUs  0m13.8s/6m00.0s

running (0m14.8s), 197/400 VUs, 12817 complete and 0 interrupted iterations
default   [   4% ] 197/400 VUs  0m14.8s/6m00.0s

running (0m15.8s), 211/400 VUs, 13811 complete and 0 interrupted iterations
default   [   4% ] 211/400 VUs  0m15.8s/6m00.0s

running (0m16.8s), 224/400 VUs, 14798 complete and 0 interrupted iterations
default   [   5% ] 224/400 VUs  0m16.8s/6m00.0s

running (0m17.8s), 237/400 VUs, 15785 complete and 0 interrupted iterations
default   [   5% ] 237/400 VUs  0m17.8s/6m00.0s

running (0m18.8s), 251/400 VUs, 16780 complete and 0 interrupted iterations
default   [   5% ] 251/400 VUs  0m18.8s/6m00.0s

running (0m19.8s), 264/400 VUs, 17772 complete and 0 interrupted iterations
default   [   6% ] 264/400 VUs  0m19.8s/6m00.0s

running (0m20.8s), 277/400 VUs, 18767 complete and 0 interrupted iterations
default   [   6% ] 277/400 VUs  0m20.8s/6m00.0s

running (0m21.8s), 291/400 VUs, 19759 complete and 0 interrupted iterations
default   [   6% ] 291/400 VUs  0m21.8s/6m00.0s

running (0m22.8s), 304/400 VUs, 20748 complete and 0 interrupted iterations
default   [   6% ] 304/400 VUs  0m22.8s/6m00.0s

running (0m23.8s), 317/400 VUs, 21738 complete and 0 interrupted iterations
default   [   7% ] 317/400 VUs  0m23.8s/6m00.0s

running (0m24.8s), 330/400 VUs, 22731 complete and 0 interrupted iterations
default   [   7% ] 330/400 VUs  0m24.8s/6m00.0s

running (0m25.8s), 344/400 VUs, 23727 complete and 0 interrupted iterations
default   [   7% ] 344/400 VUs  0m25.8s/6m00.0s

running (0m26.8s), 357/400 VUs, 24718 complete and 0 interrupted iterations
default   [   7% ] 357/400 VUs  0m26.8s/6m00.0s

running (0m27.8s), 370/400 VUs, 25714 complete and 0 interrupted iterations
default   [   8% ] 370/400 VUs  0m27.8s/6m00.0s

running (0m28.8s), 384/400 VUs, 26703 complete and 0 interrupted iterations
default   [   8% ] 384/400 VUs  0m28.8s/6m00.0s

running (0m29.8s), 397/400 VUs, 27688 complete and 0 interrupted iterations
default   [   8% ] 397/400 VUs  0m29.8s/6m00.0s

running (0m30.8s), 400/400 VUs, 28678 complete and 0 interrupted iterations
default   [   9% ] 400/400 VUs  0m30.8s/6m00.0s

running (0m31.8s), 400/400 VUs, 29674 complete and 0 interrupted iterations
default   [   9% ] 400/400 VUs  0m31.8s/6m00.0s

running (0m32.8s), 400/400 VUs, 30668 complete and 0 interrupted iterations
default   [   9% ] 400/400 VUs  0m32.8s/6m00.0s

running (0m33.8s), 400/400 VUs, 31647 complete and 0 interrupted iterations
default   [   9% ] 400/400 VUs  0m33.8s/6m00.0s

running (0m34.8s), 400/400 VUs, 32644 complete and 0 interrupted iterations
default   [  10% ] 400/400 VUs  0m34.8s/6m00.0s

running (0m35.8s), 400/400 VUs, 33628 complete and 0 interrupted iterations
default   [  10% ] 400/400 VUs  0m35.8s/6m00.0s

running (0m36.8s), 400/400 VUs, 34628 complete and 0 interrupted iterations
default   [  10% ] 400/400 VUs  0m36.8s/6m00.0s

running (0m37.8s), 400/400 VUs, 35626 complete and 0 interrupted iterations
default   [  11% ] 400/400 VUs  0m37.8s/6m00.0s

running (0m38.8s), 400/400 VUs, 36601 complete and 0 interrupted iterations
default   [  11% ] 400/400 VUs  0m38.8s/6m00.0s

running (0m39.8s), 400/400 VUs, 37578 complete and 0 interrupted iterations
default   [  11% ] 400/400 VUs  0m39.8s/6m00.0s

running (0m40.8s), 400/400 VUs, 38578 complete and 0 interrupted iterations
default   [  11% ] 400/400 VUs  0m40.8s/6m00.0s

running (0m41.8s), 400/400 VUs, 39578 complete and 0 interrupted iterations
default   [  12% ] 400/400 VUs  0m41.8s/6m00.0s

running (0m42.8s), 400/400 VUs, 40536 complete and 0 interrupted iterations
default   [  12% ] 400/400 VUs  0m42.8s/6m00.0s

running (0m43.8s), 400/400 VUs, 41528 complete and 0 interrupted iterations
default   [  12% ] 400/400 VUs  0m43.8s/6m00.0s

running (0m44.8s), 400/400 VUs, 42528 complete and 0 interrupted iterations
default   [  12% ] 400/400 VUs  0m44.8s/6m00.0s

running (0m45.8s), 400/400 VUs, 43528 complete and 0 interrupted iterations
default   [  13% ] 400/400 VUs  0m45.8s/6m00.0s

running (0m46.8s), 400/400 VUs, 44520 complete and 0 interrupted iterations
default   [  13% ] 400/400 VUs  0m46.8s/6m00.0s

running (0m47.8s), 400/400 VUs, 45490 complete and 0 interrupted iterations
default   [  13% ] 400/400 VUs  0m47.8s/6m00.0s

running (0m48.8s), 400/400 VUs, 46479 complete and 0 interrupted iterations
default   [  14% ] 400/400 VUs  0m48.8s/6m00.0s

running (0m49.8s), 400/400 VUs, 47478 complete and 0 interrupted iterations
default   [  14% ] 400/400 VUs  0m49.8s/6m00.0s

running (0m50.8s), 400/400 VUs, 48478 complete and 0 interrupted iterations
default   [  14% ] 400/400 VUs  0m50.8s/6m00.0s

running (0m51.8s), 400/400 VUs, 49478 complete and 0 interrupted iterations
default   [  14% ] 400/400 VUs  0m51.8s/6m00.0s

running (0m52.8s), 400/400 VUs, 50459 complete and 0 interrupted iterations
default   [  15% ] 400/400 VUs  0m52.8s/6m00.0s

running (0m53.8s), 400/400 VUs, 51446 complete and 0 interrupted iterations
default   [  15% ] 400/400 VUs  0m53.8s/6m00.0s

running (0m54.8s), 400/400 VUs, 52429 complete and 0 interrupted iterations
default   [  15% ] 400/400 VUs  0m54.8s/6m00.0s

running (0m55.8s), 400/400 VUs, 53428 complete and 0 interrupted iterations
default   [  16% ] 400/400 VUs  0m55.8s/6m00.0s

running (0m56.8s), 400/400 VUs, 54428 complete and 0 interrupted iterations
default   [  16% ] 400/400 VUs  0m56.8s/6m00.0s

running (0m57.8s), 400/400 VUs, 55417 complete and 0 interrupted iterations
default   [  16% ] 400/400 VUs  0m57.8s/6m00.0s

running (0m58.8s), 400/400 VUs, 56404 complete and 0 interrupted iterations
default   [  16% ] 400/400 VUs  0m58.8s/6m00.0s

running (0m59.8s), 400/400 VUs, 57378 complete and 0 interrupted iterations
default   [  17% ] 400/400 VUs  0m59.8s/6m00.0s

running (1m00.8s), 400/400 VUs, 58378 complete and 0 interrupted iterations
default   [  17% ] 400/400 VUs  1m00.8s/6m00.0s

running (1m01.8s), 400/400 VUs, 59378 complete and 0 interrupted iterations
default   [  17% ] 400/400 VUs  1m01.8s/6m00.0s

running (1m02.8s), 400/400 VUs, 60378 complete and 0 interrupted iterations
default   [  17% ] 400/400 VUs  1m02.8s/6m00.0s

running (1m03.8s), 400/400 VUs, 61367 complete and 0 interrupted iterations
default   [  18% ] 400/400 VUs  1m03.8s/6m00.0s

running (1m04.8s), 400/400 VUs, 62328 complete and 0 interrupted iterations
default   [  18% ] 400/400 VUs  1m04.8s/6m00.0s

running (1m05.8s), 400/400 VUs, 63328 complete and 0 interrupted iterations
default   [  18% ] 400/400 VUs  1m05.8s/6m00.0s

running (1m06.8s), 400/400 VUs, 64328 complete and 0 interrupted iterations
default   [  19% ] 400/400 VUs  1m06.8s/6m00.0s

running (1m07.8s), 400/400 VUs, 65308 complete and 0 interrupted iterations
default   [  19% ] 400/400 VUs  1m07.8s/6m00.0s

running (1m08.8s), 400/400 VUs, 66284 complete and 0 interrupted iterations
default   [  19% ] 400/400 VUs  1m08.8s/6m00.0s

running (1m09.8s), 400/400 VUs, 67278 complete and 0 interrupted iterations
default   [  19% ] 400/400 VUs  1m09.8s/6m00.0s

running (1m10.8s), 400/400 VUs, 68278 complete and 0 interrupted iterations
default   [  20% ] 400/400 VUs  1m10.8s/6m00.0s

running (1m11.8s), 400/400 VUs, 69278 complete and 0 interrupted iterations
default   [  20% ] 400/400 VUs  1m11.8s/6m00.0s

running (1m12.8s), 400/400 VUs, 70264 complete and 0 interrupted iterations
default   [  20% ] 400/400 VUs  1m12.8s/6m00.0s

running (1m13.8s), 400/400 VUs, 71228 complete and 0 interrupted iterations
default   [  21% ] 400/400 VUs  1m13.8s/6m00.0s

running (1m14.8s), 400/400 VUs, 72228 complete and 0 interrupted iterations
default   [  21% ] 400/400 VUs  1m14.8s/6m00.0s

running (1m15.8s), 400/400 VUs, 73228 complete and 0 interrupted iterations
default   [  21% ] 400/400 VUs  1m15.8s/6m00.0s

running (1m16.8s), 400/400 VUs, 74224 complete and 0 interrupted iterations
default   [  21% ] 400/400 VUs  1m16.8s/6m00.0s

running (1m17.8s), 400/400 VUs, 75178 complete and 0 interrupted iterations
default   [  22% ] 400/400 VUs  1m17.8s/6m00.0s

running (1m18.8s), 400/400 VUs, 76178 complete and 0 interrupted iterations
default   [  22% ] 400/400 VUs  1m18.8s/6m00.0s

running (1m19.8s), 400/400 VUs, 77178 complete and 0 interrupted iterations
default   [  22% ] 400/400 VUs  1m19.8s/6m00.0s

running (1m20.8s), 400/400 VUs, 78175 complete and 0 interrupted iterations
default   [  22% ] 400/400 VUs  1m20.8s/6m00.0s

running (1m21.8s), 400/400 VUs, 79135 complete and 0 interrupted iterations
default   [  23% ] 400/400 VUs  1m21.8s/6m00.0s

running (1m22.8s), 400/400 VUs, 80128 complete and 0 interrupted iterations
default   [  23% ] 400/400 VUs  1m22.8s/6m00.0s

running (1m23.8s), 400/400 VUs, 81128 complete and 0 interrupted iterations
default   [  23% ] 400/400 VUs  1m23.8s/6m00.0s

running (1m24.8s), 400/400 VUs, 82128 complete and 0 interrupted iterations
default   [  24% ] 400/400 VUs  1m24.8s/6m00.0s

running (1m25.8s), 400/400 VUs, 83108 complete and 0 interrupted iterations
default   [  24% ] 400/400 VUs  1m25.8s/6m00.0s

running (1m26.8s), 400/400 VUs, 84078 complete and 0 interrupted iterations
default   [  24% ] 400/400 VUs  1m26.8s/6m00.0s

running (1m27.8s), 400/400 VUs, 85078 complete and 0 interrupted iterations
default   [  24% ] 400/400 VUs  1m27.8s/6m00.0s

running (1m28.8s), 400/400 VUs, 86078 complete and 0 interrupted iterations
default   [  25% ] 400/400 VUs  1m28.8s/6m00.0s

running (1m29.8s), 400/400 VUs, 87028 complete and 0 interrupted iterations
default   [  25% ] 400/400 VUs  1m29.8s/6m00.0s

running (1m30.8s), 400/400 VUs, 88028 complete and 0 interrupted iterations
default   [  25% ] 400/400 VUs  1m30.8s/6m00.0s

running (1m31.8s), 400/400 VUs, 89028 complete and 0 interrupted iterations
default   [  26% ] 400/400 VUs  1m31.8s/6m00.0s

running (1m32.8s), 400/400 VUs, 90009 complete and 0 interrupted iterations
default   [  26% ] 400/400 VUs  1m32.8s/6m00.0s

running (1m33.8s), 400/400 VUs, 90978 complete and 0 interrupted iterations
default   [  26% ] 400/400 VUs  1m33.8s/6m00.0s

running (1m34.8s), 400/400 VUs, 91978 complete and 0 interrupted iterations
default   [  26% ] 400/400 VUs  1m34.8s/6m00.0s

running (1m35.8s), 400/400 VUs, 92978 complete and 0 interrupted iterations
default   [  27% ] 400/400 VUs  1m35.8s/6m00.0s

running (1m36.8s), 400/400 VUs, 93978 complete and 0 interrupted iterations
default   [  27% ] 400/400 VUs  1m36.8s/6m00.0s

running (1m37.8s), 400/400 VUs, 94945 complete and 0 interrupted iterations
default   [  27% ] 400/400 VUs  1m37.8s/6m00.0s

running (1m38.8s), 400/400 VUs, 95928 complete and 0 interrupted iterations
default   [  27% ] 400/400 VUs  1m38.8s/6m00.0s

running (1m39.8s), 400/400 VUs, 96928 complete and 0 interrupted iterations
default   [  28% ] 400/400 VUs  1m39.8s/6m00.0s

running (1m40.8s), 400/400 VUs, 97928 complete and 0 interrupted iterations
default   [  28% ] 400/400 VUs  1m40.8s/6m00.0s

running (1m41.8s), 400/400 VUs, 98927 complete and 0 interrupted iterations
default   [  28% ] 400/400 VUs  1m41.8s/6m00.0s

running (1m42.8s), 400/400 VUs, 99895 complete and 0 interrupted iterations
default   [  29% ] 400/400 VUs  1m42.8s/6m00.0s

running (1m43.8s), 400/400 VUs, 100878 complete and 0 interrupted iterations
default   [  29% ] 400/400 VUs  1m43.8s/6m00.0s

running (1m44.8s), 400/400 VUs, 101878 complete and 0 interrupted iterations
default   [  29% ] 400/400 VUs  1m44.8s/6m00.0s

running (1m45.8s), 400/400 VUs, 102878 complete and 0 interrupted iterations
default   [  29% ] 400/400 VUs  1m45.8s/6m00.0s

running (1m46.8s), 400/400 VUs, 103851 complete and 0 interrupted iterations
default   [  30% ] 400/400 VUs  1m46.8s/6m00.0s

running (1m47.8s), 400/400 VUs, 104831 complete and 0 interrupted iterations
default   [  30% ] 400/400 VUs  1m47.8s/6m00.0s

running (1m48.8s), 400/400 VUs, 105828 complete and 0 interrupted iterations
default   [  30% ] 400/400 VUs  1m48.8s/6m00.0s

running (1m49.8s), 400/400 VUs, 106828 complete and 0 interrupted iterations
default   [  31% ] 400/400 VUs  1m49.8s/6m00.0s

running (1m50.8s), 400/400 VUs, 107828 complete and 0 interrupted iterations
default   [  31% ] 400/400 VUs  1m50.8s/6m00.0s

running (1m51.8s), 400/400 VUs, 108819 complete and 0 interrupted iterations
default   [  31% ] 400/400 VUs  1m51.8s/6m00.0s

running (1m52.8s), 400/400 VUs, 109797 complete and 0 interrupted iterations
default   [  31% ] 400/400 VUs  1m52.8s/6m00.0s

running (1m53.8s), 400/400 VUs, 110778 complete and 0 interrupted iterations
default   [  32% ] 400/400 VUs  1m53.8s/6m00.0s

running (1m54.8s), 400/400 VUs, 111778 complete and 0 interrupted iterations
default   [  32% ] 400/400 VUs  1m54.8s/6m00.0s

running (1m55.8s), 400/400 VUs, 112778 complete and 0 interrupted iterations
default   [  32% ] 400/400 VUs  1m55.8s/6m00.0s

running (1m56.8s), 400/400 VUs, 113778 complete and 0 interrupted iterations
default   [  32% ] 400/400 VUs  1m56.8s/6m00.0s

running (1m57.8s), 400/400 VUs, 114753 complete and 0 interrupted iterations
default   [  33% ] 400/400 VUs  1m57.8s/6m00.0s

running (1m58.8s), 400/400 VUs, 115729 complete and 0 interrupted iterations
default   [  33% ] 400/400 VUs  1m58.8s/6m00.0s

running (1m59.8s), 400/400 VUs, 116728 complete and 0 interrupted iterations
default   [  33% ] 400/400 VUs  1m59.8s/6m00.0s

running (2m00.8s), 400/400 VUs, 117728 complete and 0 interrupted iterations
default   [  34% ] 400/400 VUs  2m00.8s/6m00.0s

running (2m01.8s), 400/400 VUs, 118728 complete and 0 interrupted iterations
default   [  34% ] 400/400 VUs  2m01.8s/6m00.0s

running (2m02.8s), 400/400 VUs, 119713 complete and 0 interrupted iterations
default   [  34% ] 400/400 VUs  2m02.8s/6m00.0s

running (2m03.8s), 400/400 VUs, 120691 complete and 0 interrupted iterations
default   [  34% ] 400/400 VUs  2m03.8s/6m00.0s

running (2m04.8s), 400/400 VUs, 121678 complete and 0 interrupted iterations
default   [  35% ] 400/400 VUs  2m04.8s/6m00.0s

running (2m05.8s), 400/400 VUs, 122678 complete and 0 interrupted iterations
default   [  35% ] 400/400 VUs  2m05.8s/6m00.0s

running (2m06.8s), 400/400 VUs, 123678 complete and 0 interrupted iterations
default   [  35% ] 400/400 VUs  2m06.8s/6m00.0s

running (2m07.8s), 400/400 VUs, 124654 complete and 0 interrupted iterations
default   [  36% ] 400/400 VUs  2m07.8s/6m00.0s

running (2m08.8s), 400/400 VUs, 125628 complete and 0 interrupted iterations
default   [  36% ] 400/400 VUs  2m08.8s/6m00.0s

running (2m09.8s), 400/400 VUs, 126628 complete and 0 interrupted iterations
default   [  36% ] 400/400 VUs  2m09.8s/6m00.0s

running (2m10.8s), 400/400 VUs, 127628 complete and 0 interrupted iterations
default   [  36% ] 400/400 VUs  2m10.8s/6m00.0s

running (2m11.8s), 400/400 VUs, 128614 complete and 0 interrupted iterations
default   [  37% ] 400/400 VUs  2m11.8s/6m00.0s

running (2m12.8s), 400/400 VUs, 129597 complete and 0 interrupted iterations
default   [  37% ] 400/400 VUs  2m12.8s/6m00.0s

running (2m13.8s), 400/400 VUs, 130583 complete and 0 interrupted iterations
default   [  37% ] 400/400 VUs  2m13.8s/6m00.0s

running (2m14.8s), 400/400 VUs, 131578 complete and 0 interrupted iterations
default   [  37% ] 400/400 VUs  2m14.8s/6m00.0s

running (2m15.8s), 400/400 VUs, 132578 complete and 0 interrupted iterations
default   [  38% ] 400/400 VUs  2m15.8s/6m00.0s

running (2m16.8s), 400/400 VUs, 133578 complete and 0 interrupted iterations
default   [  38% ] 400/400 VUs  2m16.8s/6m00.0s

running (2m17.8s), 400/400 VUs, 134561 complete and 0 interrupted iterations
default   [  38% ] 400/400 VUs  2m17.8s/6m00.0s

running (2m18.8s), 400/400 VUs, 135528 complete and 0 interrupted iterations
default   [  39% ] 400/400 VUs  2m18.8s/6m00.0s

running (2m19.8s), 400/400 VUs, 136528 complete and 0 interrupted iterations
default   [  39% ] 400/400 VUs  2m19.8s/6m00.0s

running (2m20.8s), 400/400 VUs, 137528 complete and 0 interrupted iterations
default   [  39% ] 400/400 VUs  2m20.8s/6m00.0s

running (2m21.8s), 400/400 VUs, 138528 complete and 0 interrupted iterations
default   [  39% ] 400/400 VUs  2m21.8s/6m00.0s

running (2m22.8s), 400/400 VUs, 139505 complete and 0 interrupted iterations
default   [  40% ] 400/400 VUs  2m22.8s/6m00.0s

running (2m23.8s), 400/400 VUs, 140478 complete and 0 interrupted iterations
default   [  40% ] 400/400 VUs  2m23.8s/6m00.0s

running (2m24.8s), 400/400 VUs, 141478 complete and 0 interrupted iterations
default   [  40% ] 400/400 VUs  2m24.8s/6m00.0s

running (2m25.8s), 400/400 VUs, 142478 complete and 0 interrupted iterations
default   [  41% ] 400/400 VUs  2m25.8s/6m00.0s

running (2m26.8s), 400/400 VUs, 143478 complete and 0 interrupted iterations
default   [  41% ] 400/400 VUs  2m26.8s/6m00.0s

running (2m27.8s), 400/400 VUs, 144440 complete and 0 interrupted iterations
default   [  41% ] 400/400 VUs  2m27.8s/6m00.0s

running (2m28.8s), 400/400 VUs, 145428 complete and 0 interrupted iterations
default   [  41% ] 400/400 VUs  2m28.8s/6m00.0s

running (2m29.8s), 400/400 VUs, 146428 complete and 0 interrupted iterations
default   [  42% ] 400/400 VUs  2m29.8s/6m00.0s

running (2m30.8s), 400/400 VUs, 147404 complete and 0 interrupted iterations
default   [  42% ] 400/400 VUs  2m30.8s/6m00.0s

running (2m31.8s), 400/400 VUs, 148378 complete and 0 interrupted iterations
default   [  42% ] 400/400 VUs  2m31.8s/6m00.0s

running (2m32.8s), 400/400 VUs, 149378 complete and 0 interrupted iterations
default   [  42% ] 400/400 VUs  2m32.8s/6m00.0s

running (2m33.8s), 400/400 VUs, 150336 complete and 0 interrupted iterations
default   [  43% ] 400/400 VUs  2m33.8s/6m00.0s

running (2m34.8s), 400/400 VUs, 151328 complete and 0 interrupted iterations
default   [  43% ] 400/400 VUs  2m34.8s/6m00.0s

running (2m35.8s), 400/400 VUs, 152328 complete and 0 interrupted iterations
default   [  43% ] 400/400 VUs  2m35.8s/6m00.0s

running (2m36.8s), 400/400 VUs, 153309 complete and 0 interrupted iterations
default   [  44% ] 400/400 VUs  2m36.8s/6m00.0s

running (2m37.8s), 400/400 VUs, 154278 complete and 0 interrupted iterations
default   [  44% ] 400/400 VUs  2m37.8s/6m00.0s

running (2m38.8s), 400/400 VUs, 155278 complete and 0 interrupted iterations
default   [  44% ] 400/400 VUs  2m38.8s/6m00.0s

running (2m39.8s), 400/400 VUs, 156278 complete and 0 interrupted iterations
default   [  44% ] 400/400 VUs  2m39.8s/6m00.0s

running (2m40.8s), 400/400 VUs, 157278 complete and 0 interrupted iterations
default   [  45% ] 400/400 VUs  2m40.8s/6m00.0s

running (2m41.8s), 400/400 VUs, 158228 complete and 0 interrupted iterations
default   [  45% ] 400/400 VUs  2m41.8s/6m00.0s

running (2m42.8s), 400/400 VUs, 159228 complete and 0 interrupted iterations
default   [  45% ] 400/400 VUs  2m42.8s/6m00.0s

running (2m43.8s), 400/400 VUs, 160228 complete and 0 interrupted iterations
default   [  46% ] 400/400 VUs  2m43.8s/6m00.0s

running (2m44.8s), 400/400 VUs, 161228 complete and 0 interrupted iterations
default   [  46% ] 400/400 VUs  2m44.8s/6m00.0s

running (2m45.8s), 400/400 VUs, 162178 complete and 0 interrupted iterations
default   [  46% ] 400/400 VUs  2m45.8s/6m00.0s

running (2m46.8s), 400/400 VUs, 163178 complete and 0 interrupted iterations
default   [  46% ] 400/400 VUs  2m46.8s/6m00.0s

running (2m47.8s), 400/400 VUs, 164178 complete and 0 interrupted iterations
default   [  47% ] 400/400 VUs  2m47.8s/6m00.0s

running (2m48.8s), 400/400 VUs, 165145 complete and 0 interrupted iterations
default   [  47% ] 400/400 VUs  2m48.8s/6m00.0s

running (2m49.8s), 400/400 VUs, 166129 complete and 0 interrupted iterations
default   [  47% ] 400/400 VUs  2m49.8s/6m00.0s

running (2m50.8s), 400/400 VUs, 167128 complete and 0 interrupted iterations
default   [  47% ] 400/400 VUs  2m50.8s/6m00.0s

running (2m51.8s), 400/400 VUs, 168128 complete and 0 interrupted iterations
default   [  48% ] 400/400 VUs  2m51.8s/6m00.0s

running (2m52.8s), 400/400 VUs, 169128 complete and 0 interrupted iterations
default   [  48% ] 400/400 VUs  2m52.8s/6m00.0s

running (2m53.8s), 400/400 VUs, 170109 complete and 0 interrupted iterations
default   [  48% ] 400/400 VUs  2m53.8s/6m00.0s

running (2m54.8s), 400/400 VUs, 171078 complete and 0 interrupted iterations
default   [  49% ] 400/400 VUs  2m54.8s/6m00.0s

running (2m55.8s), 400/400 VUs, 172078 complete and 0 interrupted iterations
default   [  49% ] 400/400 VUs  2m55.8s/6m00.0s

running (2m56.8s), 400/400 VUs, 173078 complete and 0 interrupted iterations
default   [  49% ] 400/400 VUs  2m56.8s/6m00.0s

running (2m57.8s), 400/400 VUs, 174049 complete and 0 interrupted iterations
default   [  49% ] 400/400 VUs  2m57.8s/6m00.0s

running (2m58.8s), 400/400 VUs, 175028 complete and 0 interrupted iterations
default   [  50% ] 400/400 VUs  2m58.8s/6m00.0s

running (2m59.8s), 400/400 VUs, 176028 complete and 0 interrupted iterations
default   [  50% ] 400/400 VUs  2m59.8s/6m00.0s

running (3m00.8s), 400/400 VUs, 177028 complete and 0 interrupted iterations
default   [  50% ] 400/400 VUs  3m00.8s/6m00.0s

running (3m01.8s), 400/400 VUs, 178017 complete and 0 interrupted iterations
default   [  51% ] 400/400 VUs  3m01.8s/6m00.0s

running (3m02.8s), 400/400 VUs, 178997 complete and 0 interrupted iterations
default   [  51% ] 400/400 VUs  3m02.8s/6m00.0s

running (3m03.8s), 400/400 VUs, 179979 complete and 0 interrupted iterations
default   [  51% ] 400/400 VUs  3m03.8s/6m00.0s

running (3m04.8s), 400/400 VUs, 180978 complete and 0 interrupted iterations
default   [  51% ] 400/400 VUs  3m04.8s/6m00.0s

running (3m05.8s), 400/400 VUs, 181978 complete and 0 interrupted iterations
default   [  52% ] 400/400 VUs  3m05.8s/6m00.0s

running (3m06.8s), 400/400 VUs, 182978 complete and 0 interrupted iterations
default   [  52% ] 400/400 VUs  3m06.8s/6m00.0s

running (3m07.8s), 400/400 VUs, 183956 complete and 0 interrupted iterations
default   [  52% ] 400/400 VUs  3m07.8s/6m00.0s

running (3m08.8s), 400/400 VUs, 184928 complete and 0 interrupted iterations
default   [  52% ] 400/400 VUs  3m08.8s/6m00.0s

running (3m09.8s), 400/400 VUs, 185928 complete and 0 interrupted iterations
default   [  53% ] 400/400 VUs  3m09.8s/6m00.0s

running (3m10.8s), 400/400 VUs, 186928 complete and 0 interrupted iterations
default   [  53% ] 400/400 VUs  3m10.8s/6m00.0s

running (3m11.8s), 400/400 VUs, 187928 complete and 0 interrupted iterations
default   [  53% ] 400/400 VUs  3m11.8s/6m00.0s

running (3m12.8s), 400/400 VUs, 188901 complete and 0 interrupted iterations
default   [  54% ] 400/400 VUs  3m12.8s/6m00.0s

running (3m13.8s), 400/400 VUs, 189878 complete and 0 interrupted iterations
default   [  54% ] 400/400 VUs  3m13.8s/6m00.0s

running (3m14.8s), 400/400 VUs, 190878 complete and 0 interrupted iterations
default   [  54% ] 400/400 VUs  3m14.8s/6m00.0s

running (3m15.8s), 400/400 VUs, 191878 complete and 0 interrupted iterations
default   [  54% ] 400/400 VUs  3m15.8s/6m00.0s

running (3m16.8s), 400/400 VUs, 192871 complete and 0 interrupted iterations
default   [  55% ] 400/400 VUs  3m16.8s/6m00.0s

running (3m17.8s), 400/400 VUs, 193828 complete and 0 interrupted iterations
default   [  55% ] 400/400 VUs  3m17.8s/6m00.0s

running (3m18.8s), 400/400 VUs, 194828 complete and 0 interrupted iterations
default   [  55% ] 400/400 VUs  3m18.8s/6m00.0s

running (3m19.8s), 400/400 VUs, 195828 complete and 0 interrupted iterations
default   [  56% ] 400/400 VUs  3m19.8s/6m00.0s

running (3m20.8s), 400/400 VUs, 196828 complete and 0 interrupted iterations
default   [  56% ] 400/400 VUs  3m20.8s/6m00.0s

running (3m21.8s), 400/400 VUs, 197780 complete and 0 interrupted iterations
default   [  56% ] 400/400 VUs  3m21.8s/6m00.0s

running (3m22.8s), 400/400 VUs, 198778 complete and 0 interrupted iterations
default   [  56% ] 400/400 VUs  3m22.8s/6m00.0s

running (3m23.8s), 400/400 VUs, 199778 complete and 0 interrupted iterations
default   [  57% ] 400/400 VUs  3m23.8s/6m00.0s

running (3m24.8s), 400/400 VUs, 200778 complete and 0 interrupted iterations
default   [  57% ] 400/400 VUs  3m24.8s/6m00.0s

running (3m25.8s), 400/400 VUs, 201745 complete and 0 interrupted iterations
default   [  57% ] 400/400 VUs  3m25.8s/6m00.0s

running (3m26.8s), 400/400 VUs, 202728 complete and 0 interrupted iterations
default   [  57% ] 400/400 VUs  3m26.8s/6m00.0s

running (3m27.8s), 400/400 VUs, 203728 complete and 0 interrupted iterations
default   [  58% ] 400/400 VUs  3m27.8s/6m00.0s

running (3m28.8s), 400/400 VUs, 204728 complete and 0 interrupted iterations
default   [  58% ] 400/400 VUs  3m28.8s/6m00.0s

running (3m29.8s), 400/400 VUs, 205678 complete and 0 interrupted iterations
default   [  58% ] 400/400 VUs  3m29.8s/6m00.0s

running (3m30.8s), 400/400 VUs, 206678 complete and 0 interrupted iterations
default   [  59% ] 400/400 VUs  3m30.8s/6m00.0s

running (3m31.8s), 400/400 VUs, 207678 complete and 0 interrupted iterations
default   [  59% ] 400/400 VUs  3m31.8s/6m00.0s

running (3m32.8s), 400/400 VUs, 208659 complete and 0 interrupted iterations
default   [  59% ] 400/400 VUs  3m32.8s/6m00.0s

running (3m33.8s), 400/400 VUs, 209628 complete and 0 interrupted iterations
default   [  59% ] 400/400 VUs  3m33.8s/6m00.0s

running (3m34.8s), 400/400 VUs, 210628 complete and 0 interrupted iterations
default   [  60% ] 400/400 VUs  3m34.8s/6m00.0s

running (3m35.8s), 400/400 VUs, 211628 complete and 0 interrupted iterations
default   [  60% ] 400/400 VUs  3m35.8s/6m00.0s

running (3m36.8s), 400/400 VUs, 212619 complete and 0 interrupted iterations
default   [  60% ] 400/400 VUs  3m36.8s/6m00.0s

running (3m37.8s), 400/400 VUs, 213578 complete and 0 interrupted iterations
default   [  61% ] 400/400 VUs  3m37.8s/6m00.0s

running (3m38.8s), 400/400 VUs, 214578 complete and 0 interrupted iterations
default   [  61% ] 400/400 VUs  3m38.8s/6m00.0s

running (3m39.8s), 400/400 VUs, 215578 complete and 0 interrupted iterations
default   [  61% ] 400/400 VUs  3m39.8s/6m00.0s

running (3m40.8s), 400/400 VUs, 216571 complete and 0 interrupted iterations
default   [  61% ] 400/400 VUs  3m40.8s/6m00.0s

running (3m41.8s), 400/400 VUs, 217545 complete and 0 interrupted iterations
default   [  62% ] 400/400 VUs  3m41.8s/6m00.0s

running (3m42.8s), 400/400 VUs, 218528 complete and 0 interrupted iterations
default   [  62% ] 400/400 VUs  3m42.8s/6m00.0s

running (3m43.8s), 400/400 VUs, 219528 complete and 0 interrupted iterations
default   [  62% ] 400/400 VUs  3m43.8s/6m00.0s

running (3m44.8s), 400/400 VUs, 220528 complete and 0 interrupted iterations
default   [  62% ] 400/400 VUs  3m44.8s/6m00.0s

running (3m45.8s), 400/400 VUs, 221526 complete and 0 interrupted iterations
default   [  63% ] 400/400 VUs  3m45.8s/6m00.0s

running (3m46.8s), 400/400 VUs, 222478 complete and 0 interrupted iterations
default   [  63% ] 400/400 VUs  3m46.8s/6m00.0s

running (3m47.8s), 400/400 VUs, 223478 complete and 0 interrupted iterations
default   [  63% ] 400/400 VUs  3m47.8s/6m00.0s

running (3m48.8s), 400/400 VUs, 224478 complete and 0 interrupted iterations
default   [  64% ] 400/400 VUs  3m48.8s/6m00.0s

running (3m49.8s), 400/400 VUs, 225478 complete and 0 interrupted iterations
default   [  64% ] 400/400 VUs  3m49.8s/6m00.0s

running (3m50.8s), 400/400 VUs, 226439 complete and 0 interrupted iterations
default   [  64% ] 400/400 VUs  3m50.8s/6m00.0s

running (3m51.8s), 400/400 VUs, 227428 complete and 0 interrupted iterations
default   [  64% ] 400/400 VUs  3m51.8s/6m00.0s

running (3m52.8s), 400/400 VUs, 228428 complete and 0 interrupted iterations
default   [  65% ] 400/400 VUs  3m52.8s/6m00.0s

running (3m53.8s), 400/400 VUs, 229428 complete and 0 interrupted iterations
default   [  65% ] 400/400 VUs  3m53.8s/6m00.0s

running (3m54.8s), 400/400 VUs, 230419 complete and 0 interrupted iterations
default   [  65% ] 400/400 VUs  3m54.8s/6m00.0s

running (3m55.8s), 400/400 VUs, 231402 complete and 0 interrupted iterations
default   [  66% ] 400/400 VUs  3m55.8s/6m00.0s

running (3m56.8s), 400/400 VUs, 232378 complete and 0 interrupted iterations
default   [  66% ] 400/400 VUs  3m56.8s/6m00.0s

running (3m57.8s), 400/400 VUs, 233378 complete and 0 interrupted iterations
default   [  66% ] 400/400 VUs  3m57.8s/6m00.0s

running (3m58.8s), 400/400 VUs, 234378 complete and 0 interrupted iterations
default   [  66% ] 400/400 VUs  3m58.8s/6m00.0s

running (3m59.8s), 400/400 VUs, 235378 complete and 0 interrupted iterations
default   [  67% ] 400/400 VUs  3m59.8s/6m00.0s

running (4m00.8s), 400/400 VUs, 236356 complete and 0 interrupted iterations
default   [  67% ] 400/400 VUs  4m00.8s/6m00.0s

running (4m01.8s), 400/400 VUs, 237335 complete and 0 interrupted iterations
default   [  67% ] 400/400 VUs  4m01.8s/6m00.0s

running (4m02.8s), 400/400 VUs, 238328 complete and 0 interrupted iterations
default   [  67% ] 400/400 VUs  4m02.8s/6m00.0s

running (4m03.8s), 400/400 VUs, 239328 complete and 0 interrupted iterations
default   [  68% ] 400/400 VUs  4m03.8s/6m00.0s

running (4m04.8s), 400/400 VUs, 240328 complete and 0 interrupted iterations
default   [  68% ] 400/400 VUs  4m04.8s/6m00.0s

running (4m05.8s), 400/400 VUs, 241320 complete and 0 interrupted iterations
default   [  68% ] 400/400 VUs  4m05.8s/6m00.0s

running (4m06.8s), 400/400 VUs, 242278 complete and 0 interrupted iterations
default   [  69% ] 400/400 VUs  4m06.8s/6m00.0s

running (4m07.8s), 400/400 VUs, 243278 complete and 0 interrupted iterations
default   [  69% ] 400/400 VUs  4m07.8s/6m00.0s

running (4m08.8s), 400/400 VUs, 244278 complete and 0 interrupted iterations
default   [  69% ] 400/400 VUs  4m08.8s/6m00.0s

running (4m09.8s), 400/400 VUs, 245269 complete and 0 interrupted iterations
default   [  69% ] 400/400 VUs  4m09.8s/6m00.0s

running (4m10.8s), 400/400 VUs, 246228 complete and 0 interrupted iterations
default   [  70% ] 400/400 VUs  4m10.8s/6m00.0s

running (4m11.8s), 400/400 VUs, 247228 complete and 0 interrupted iterations
default   [  70% ] 400/400 VUs  4m11.8s/6m00.0s

running (4m12.8s), 400/400 VUs, 248228 complete and 0 interrupted iterations
default   [  70% ] 400/400 VUs  4m12.8s/6m00.0s

running (4m13.8s), 400/400 VUs, 249228 complete and 0 interrupted iterations
default   [  71% ] 400/400 VUs  4m13.8s/6m00.0s

running (4m14.8s), 400/400 VUs, 250178 complete and 0 interrupted iterations
default   [  71% ] 400/400 VUs  4m14.8s/6m00.0s

running (4m15.8s), 400/400 VUs, 251178 complete and 0 interrupted iterations
default   [  71% ] 400/400 VUs  4m15.8s/6m00.0s

running (4m16.8s), 400/400 VUs, 252178 complete and 0 interrupted iterations
default   [  71% ] 400/400 VUs  4m16.8s/6m00.0s

running (4m17.8s), 400/400 VUs, 253160 complete and 0 interrupted iterations
default   [  72% ] 400/400 VUs  4m17.8s/6m00.0s

running (4m18.8s), 400/400 VUs, 254128 complete and 0 interrupted iterations
default   [  72% ] 400/400 VUs  4m18.8s/6m00.0s

running (4m19.8s), 400/400 VUs, 255128 complete and 0 interrupted iterations
default   [  72% ] 400/400 VUs  4m19.8s/6m00.0s

running (4m20.8s), 400/400 VUs, 256128 complete and 0 interrupted iterations
default   [  72% ] 400/400 VUs  4m20.8s/6m00.0s

running (4m21.8s), 400/400 VUs, 257128 complete and 0 interrupted iterations
default   [  73% ] 400/400 VUs  4m21.8s/6m00.0s

running (4m22.8s), 400/400 VUs, 258078 complete and 0 interrupted iterations
default   [  73% ] 400/400 VUs  4m22.8s/6m00.0s

running (4m23.8s), 400/400 VUs, 259078 complete and 0 interrupted iterations
default   [  73% ] 400/400 VUs  4m23.8s/6m00.0s

running (4m24.8s), 400/400 VUs, 260078 complete and 0 interrupted iterations
default   [  74% ] 400/400 VUs  4m24.8s/6m00.0s

running (4m25.8s), 400/400 VUs, 261078 complete and 0 interrupted iterations
default   [  74% ] 400/400 VUs  4m25.8s/6m00.0s

running (4m26.8s), 400/400 VUs, 262030 complete and 0 interrupted iterations
default   [  74% ] 400/400 VUs  4m26.8s/6m00.0s

running (4m27.8s), 400/400 VUs, 263028 complete and 0 interrupted iterations
default   [  74% ] 400/400 VUs  4m27.8s/6m00.0s

running (4m28.8s), 400/400 VUs, 264028 complete and 0 interrupted iterations
default   [  75% ] 400/400 VUs  4m28.8s/6m00.0s

running (4m29.8s), 400/400 VUs, 265028 complete and 0 interrupted iterations
default   [  75% ] 400/400 VUs  4m29.8s/6m00.0s

running (4m30.8s), 400/400 VUs, 265978 complete and 0 interrupted iterations
default   [  75% ] 400/400 VUs  4m30.8s/6m00.0s

running (4m31.8s), 400/400 VUs, 266978 complete and 0 interrupted iterations
default   [  76% ] 400/400 VUs  4m31.8s/6m00.0s

running (4m32.8s), 400/400 VUs, 267978 complete and 0 interrupted iterations
default   [  76% ] 400/400 VUs  4m32.8s/6m00.0s

running (4m33.8s), 400/400 VUs, 268978 complete and 0 interrupted iterations
default   [  76% ] 400/400 VUs  4m33.8s/6m00.0s

running (4m34.8s), 400/400 VUs, 269934 complete and 0 interrupted iterations
default   [  76% ] 400/400 VUs  4m34.8s/6m00.0s

running (4m35.8s), 400/400 VUs, 270928 complete and 0 interrupted iterations
default   [  77% ] 400/400 VUs  4m35.8s/6m00.0s

running (4m36.8s), 400/400 VUs, 271928 complete and 0 interrupted iterations
default   [  77% ] 400/400 VUs  4m36.8s/6m00.0s

running (4m37.8s), 400/400 VUs, 272928 complete and 0 interrupted iterations
default   [  77% ] 400/400 VUs  4m37.8s/6m00.0s

running (4m38.8s), 400/400 VUs, 273883 complete and 0 interrupted iterations
default   [  77% ] 400/400 VUs  4m38.8s/6m00.0s

running (4m39.8s), 400/400 VUs, 274878 complete and 0 interrupted iterations
default   [  78% ] 400/400 VUs  4m39.8s/6m00.0s

running (4m40.8s), 400/400 VUs, 275878 complete and 0 interrupted iterations
default   [  78% ] 400/400 VUs  4m40.8s/6m00.0s

running (4m41.8s), 400/400 VUs, 276871 complete and 0 interrupted iterations
default   [  78% ] 400/400 VUs  4m41.8s/6m00.0s

running (4m42.8s), 400/400 VUs, 277855 complete and 0 interrupted iterations
default   [  79% ] 400/400 VUs  4m42.8s/6m00.0s

running (4m43.8s), 400/400 VUs, 278828 complete and 0 interrupted iterations
default   [  79% ] 400/400 VUs  4m43.8s/6m00.0s

running (4m44.8s), 400/400 VUs, 279828 complete and 0 interrupted iterations
default   [  79% ] 400/400 VUs  4m44.8s/6m00.0s

running (4m45.8s), 400/400 VUs, 280828 complete and 0 interrupted iterations
default   [  79% ] 400/400 VUs  4m45.8s/6m00.0s

running (4m46.8s), 400/400 VUs, 281814 complete and 0 interrupted iterations
default   [  80% ] 400/400 VUs  4m46.8s/6m00.0s

running (4m47.8s), 400/400 VUs, 282778 complete and 0 interrupted iterations
default   [  80% ] 400/400 VUs  4m47.8s/6m00.0s

running (4m48.8s), 400/400 VUs, 283778 complete and 0 interrupted iterations
default   [  80% ] 400/400 VUs  4m48.8s/6m00.0s

running (4m49.8s), 400/400 VUs, 284778 complete and 0 interrupted iterations
default   [  81% ] 400/400 VUs  4m49.8s/6m00.0s

running (4m50.8s), 400/400 VUs, 285750 complete and 0 interrupted iterations
default   [  81% ] 400/400 VUs  4m50.8s/6m00.0s

running (4m51.8s), 400/400 VUs, 286728 complete and 0 interrupted iterations
default   [  81% ] 400/400 VUs  4m51.8s/6m00.0s

running (4m52.8s), 400/400 VUs, 287728 complete and 0 interrupted iterations
default   [  81% ] 400/400 VUs  4m52.8s/6m00.0s

running (4m53.8s), 400/400 VUs, 288728 complete and 0 interrupted iterations
default   [  82% ] 400/400 VUs  4m53.8s/6m00.0s

running (4m54.8s), 400/400 VUs, 289723 complete and 0 interrupted iterations
default   [  82% ] 400/400 VUs  4m54.8s/6m00.0s

running (4m55.8s), 400/400 VUs, 290678 complete and 0 interrupted iterations
default   [  82% ] 400/400 VUs  4m55.8s/6m00.0s

running (4m56.8s), 400/400 VUs, 291678 complete and 0 interrupted iterations
default   [  82% ] 400/400 VUs  4m56.8s/6m00.0s

running (4m57.8s), 400/400 VUs, 292678 complete and 0 interrupted iterations
default   [  83% ] 400/400 VUs  4m57.8s/6m00.0s

running (4m58.8s), 400/400 VUs, 293662 complete and 0 interrupted iterations
default   [  83% ] 400/400 VUs  4m58.8s/6m00.0s

running (4m59.8s), 400/400 VUs, 294628 complete and 0 interrupted iterations
default   [  83% ] 400/400 VUs  4m59.8s/6m00.0s

running (5m00.8s), 400/400 VUs, 295628 complete and 0 interrupted iterations
default   [  84% ] 400/400 VUs  5m00.8s/6m00.0s

running (5m01.8s), 400/400 VUs, 296628 complete and 0 interrupted iterations
default   [  84% ] 400/400 VUs  5m01.8s/6m00.0s

running (5m02.8s), 400/400 VUs, 297628 complete and 0 interrupted iterations
default   [  84% ] 400/400 VUs  5m02.8s/6m00.0s

running (5m03.8s), 400/400 VUs, 298581 complete and 0 interrupted iterations
default   [  84% ] 400/400 VUs  5m03.8s/6m00.0s

running (5m04.8s), 400/400 VUs, 299578 complete and 0 interrupted iterations
default   [  85% ] 400/400 VUs  5m04.8s/6m00.0s

running (5m05.8s), 400/400 VUs, 300578 complete and 0 interrupted iterations
default   [  85% ] 400/400 VUs  5m05.8s/6m00.0s

running (5m06.8s), 400/400 VUs, 301578 complete and 0 interrupted iterations
default   [  85% ] 400/400 VUs  5m06.8s/6m00.0s

running (5m07.8s), 400/400 VUs, 302536 complete and 0 interrupted iterations
default   [  86% ] 400/400 VUs  5m07.8s/6m00.0s

running (5m08.8s), 400/400 VUs, 303528 complete and 0 interrupted iterations
default   [  86% ] 400/400 VUs  5m08.8s/6m00.0s

running (5m09.8s), 400/400 VUs, 304528 complete and 0 interrupted iterations
default   [  86% ] 400/400 VUs  5m09.8s/6m00.0s

running (5m10.8s), 400/400 VUs, 305528 complete and 0 interrupted iterations
default   [  86% ] 400/400 VUs  5m10.8s/6m00.0s

running (5m11.8s), 400/400 VUs, 306512 complete and 0 interrupted iterations
default   [  87% ] 400/400 VUs  5m11.8s/6m00.0s

running (5m12.8s), 400/400 VUs, 307478 complete and 0 interrupted iterations
default   [  87% ] 400/400 VUs  5m12.8s/6m00.0s

running (5m13.8s), 400/400 VUs, 308478 complete and 0 interrupted iterations
default   [  87% ] 400/400 VUs  5m13.8s/6m00.0s

running (5m14.8s), 400/400 VUs, 309478 complete and 0 interrupted iterations
default   [  87% ] 400/400 VUs  5m14.8s/6m00.0s

running (5m15.8s), 400/400 VUs, 310478 complete and 0 interrupted iterations
default   [  88% ] 400/400 VUs  5m15.8s/6m00.0s

running (5m16.8s), 400/400 VUs, 311428 complete and 0 interrupted iterations
default   [  88% ] 400/400 VUs  5m16.8s/6m00.0s

running (5m17.8s), 400/400 VUs, 312428 complete and 0 interrupted iterations
default   [  88% ] 400/400 VUs  5m17.8s/6m00.0s

running (5m18.8s), 400/400 VUs, 313428 complete and 0 interrupted iterations
default   [  89% ] 400/400 VUs  5m18.8s/6m00.0s

running (5m19.8s), 400/400 VUs, 314395 complete and 0 interrupted iterations
default   [  89% ] 400/400 VUs  5m19.8s/6m00.0s

running (5m20.8s), 400/400 VUs, 315378 complete and 0 interrupted iterations
default   [  89% ] 400/400 VUs  5m20.8s/6m00.0s

running (5m21.8s), 400/400 VUs, 316378 complete and 0 interrupted iterations
default   [  89% ] 400/400 VUs  5m21.8s/6m00.0s

running (5m22.8s), 400/400 VUs, 317378 complete and 0 interrupted iterations
default   [  90% ] 400/400 VUs  5m22.8s/6m00.0s

running (5m23.8s), 400/400 VUs, 318378 complete and 0 interrupted iterations
default   [  90% ] 400/400 VUs  5m23.8s/6m00.0s

running (5m24.8s), 400/400 VUs, 319328 complete and 0 interrupted iterations
default   [  90% ] 400/400 VUs  5m24.8s/6m00.0s

running (5m25.8s), 400/400 VUs, 320328 complete and 0 interrupted iterations
default   [  91% ] 400/400 VUs  5m25.8s/6m00.0s

running (5m26.8s), 400/400 VUs, 321328 complete and 0 interrupted iterations
default   [  91% ] 400/400 VUs  5m26.8s/6m00.0s

running (5m27.8s), 400/400 VUs, 322328 complete and 0 interrupted iterations
default   [  91% ] 400/400 VUs  5m27.8s/6m00.0s

running (5m28.8s), 400/400 VUs, 323278 complete and 0 interrupted iterations
default   [  91% ] 400/400 VUs  5m28.8s/6m00.0s

running (5m29.8s), 400/400 VUs, 324278 complete and 0 interrupted iterations
default   [  92% ] 400/400 VUs  5m29.8s/6m00.0s

running (5m30.8s), 391/400 VUs, 325278 complete and 0 interrupted iterations
default   [  92% ] 391/400 VUs  5m30.8s/6m00.0s

running (5m31.8s), 383/400 VUs, 326228 complete and 0 interrupted iterations
default   [  92% ] 383/400 VUs  5m31.8s/6m00.0s

running (5m32.8s), 366/400 VUs, 327228 complete and 0 interrupted iterations
default   [  92% ] 366/400 VUs  5m32.8s/6m00.0s

running (5m33.8s), 352/400 VUs, 328228 complete and 0 interrupted iterations
default   [  93% ] 352/400 VUs  5m33.8s/6m00.0s

running (5m34.8s), 339/400 VUs, 329228 complete and 0 interrupted iterations
default   [  93% ] 339/400 VUs  5m34.8s/6m00.0s

running (5m35.8s), 325/400 VUs, 330187 complete and 0 interrupted iterations
default   [  93% ] 325/400 VUs  5m35.8s/6m00.0s

running (5m36.8s), 312/400 VUs, 331178 complete and 0 interrupted iterations
default   [  94% ] 312/400 VUs  5m36.8s/6m00.0s

running (5m37.8s), 298/400 VUs, 332178 complete and 0 interrupted iterations
default   [  94% ] 298/400 VUs  5m37.8s/6m00.0s

running (5m38.8s), 285/400 VUs, 333178 complete and 0 interrupted iterations
default   [  94% ] 285/400 VUs  5m38.8s/6m00.0s

running (5m39.8s), 271/400 VUs, 334146 complete and 0 interrupted iterations
default   [  94% ] 271/400 VUs  5m39.8s/6m00.0s

running (5m40.8s), 258/400 VUs, 335128 complete and 0 interrupted iterations
default   [  95% ] 258/400 VUs  5m40.8s/6m00.0s

running (5m41.8s), 245/400 VUs, 336128 complete and 0 interrupted iterations
default   [  95% ] 245/400 VUs  5m41.8s/6m00.0s

running (5m42.8s), 233/400 VUs, 337128 complete and 0 interrupted iterations
default   [  95% ] 233/400 VUs  5m42.8s/6m00.0s

running (5m43.8s), 219/400 VUs, 338128 complete and 0 interrupted iterations
default   [  96% ] 219/400 VUs  5m43.8s/6m00.0s

running (5m44.8s), 205/400 VUs, 339081 complete and 0 interrupted iterations
default   [  96% ] 205/400 VUs  5m44.8s/6m00.0s

running (5m45.8s), 192/400 VUs, 340078 complete and 0 interrupted iterations
default   [  96% ] 192/400 VUs  5m45.8s/6m00.0s

running (5m46.8s), 179/400 VUs, 341078 complete and 0 interrupted iterations
default   [  96% ] 179/400 VUs  5m46.8s/6m00.0s

running (5m47.8s), 165/400 VUs, 342037 complete and 0 interrupted iterations
default   [  97% ] 165/400 VUs  5m47.8s/6m00.0s

running (5m48.8s), 151/400 VUs, 343036 complete and 0 interrupted iterations
default   [  97% ] 151/400 VUs  5m48.8s/6m00.0s

running (5m49.8s), 137/400 VUs, 344028 complete and 0 interrupted iterations
default   [  97% ] 137/400 VUs  5m49.8s/6m00.0s

running (5m50.8s), 124/400 VUs, 345021 complete and 0 interrupted iterations
default   [  97% ] 124/400 VUs  5m50.8s/6m00.0s

running (5m51.8s), 110/400 VUs, 346013 complete and 0 interrupted iterations
default   [  98% ] 110/400 VUs  5m51.8s/6m00.0s

running (5m52.8s), 097/400 VUs, 347000 complete and 0 interrupted iterations
default   [  98% ] 097/400 VUs  5m52.8s/6m00.0s

running (5m53.8s), 084/400 VUs, 347987 complete and 0 interrupted iterations
default   [  98% ] 084/400 VUs  5m53.8s/6m00.0s

running (5m54.8s), 071/400 VUs, 348978 complete and 0 interrupted iterations
default   [  99% ] 071/400 VUs  5m54.8s/6m00.0s

running (5m55.8s), 057/400 VUs, 349978 complete and 0 interrupted iterations
default   [  99% ] 057/400 VUs  5m55.8s/6m00.0s

running (5m56.8s), 043/400 VUs, 350934 complete and 0 interrupted iterations
default   [  99% ] 043/400 VUs  5m56.8s/6m00.0s

running (5m57.8s), 030/400 VUs, 351649 complete and 0 interrupted iterations
default   [  99% ] 030/400 VUs  5m57.8s/6m00.0s

running (5m58.8s), 017/400 VUs, 352125 complete and 0 interrupted iterations
default   [ 100% ] 017/400 VUs  5m58.8s/6m00.0s

running (5m59.8s), 004/400 VUs, 352322 complete and 0 interrupted iterations
default   [ 100% ] 004/400 VUs  5m59.8s/6m00.0s


  █ THRESHOLDS 

    checks
    ✓ 'rate>0.95' rate=100.00%

    http_req_duration
    ✓ 'p(95)<5000' p(95)=558.11ms
    ✓ 'p(99)<10000' p(99)=712.14ms

    http_req_failed
    ✓ 'rate<0.05' rate=0.00%


  █ TOTAL RESULTS 

    checks_total.......: 1409336 3914.629867/s
    checks_succeeded...: 100.00% 1409336 out of 1409336
    checks_failed......: 0.00%   0 out of 1409336

    ✓ status is 200
    ✓ content-type is json
    ✓ workloadType is IO-BOUND
    ✓ executionTimeMs exists

    CUSTOM
    response_time_ms...............: min=50.568209 avg=374.65247 med=403.503255 max=1928.750515 p(90)=555.77821 p(95)=558.114733 p(99)=712.148572
    successful_requests............: 352334 978.657467/s

    HTTP
    http_req_duration..............: min=50.56ms   avg=374.65ms  med=403.5ms    max=1.92s       p(90)=555.77ms  p(95)=558.11ms   p(99)=712.14ms  
      { expected_response:true }...: min=50.56ms   avg=374.65ms  med=403.5ms    max=1.92s       p(90)=555.77ms  p(95)=558.11ms   p(99)=712.14ms  
    http_req_failed................: 0.00%  0 out of 352334
    http_reqs......................: 352334 978.657467/s

    EXECUTION
    iteration_duration.............: min=50.69ms   avg=374.8ms   med=403.65ms   max=1.92s       p(90)=555.92ms  p(95)=558.28ms   p(99)=712.33ms  
    iterations.....................: 352334 978.657467/s
    vus............................: 4      min=4           max=400
    vus_max........................: 400    min=400         max=400

    NETWORK
    data_received..................: 98 MB  272 kB/s
    data_sent......................: 28 MB  77 kB/s




running (6m00.0s), 000/400 VUs, 352334 complete and 0 interrupted iterations
default ✓ [ 100% ] 000/400 VUs  6m0s
