
         /\      Grafana   /‾‾/  
    /\  /  \     |\  __   /  /   
   /  \/    \    | |/ /  /   ‾‾\ 
  /          \   |   (  |  (‾)  |
 / __________ \  |_|\_\  \_____/ 


     execution: local
        script: io-bound-test.js
        output: -

     scenarios: (100.00%) 1 scenario, 100 max VUs, 4m30s max duration (incl. graceful stop):
              * default: Up to 100 looping VUs for 4m0s over 3 stages (gracefulRampDown: 30s, gracefulStop: 30s)


running (0m01.0s), 004/100 VUs, 36 complete and 0 interrupted iterations
default   [   0% ] 004/100 VUs  0m01.0s/4m00.0s

running (0m02.0s), 007/100 VUs, 140 complete and 0 interrupted iterations
default   [   1% ] 007/100 VUs  0m02.0s/4m00.0s

running (0m03.0s), 010/100 VUs, 305 complete and 0 interrupted iterations
default   [   1% ] 010/100 VUs  0m03.0s/4m00.0s

running (0m04.0s), 014/100 VUs, 536 complete and 0 interrupted iterations
default   [   2% ] 014/100 VUs  0m04.0s/4m00.0s

running (0m05.0s), 017/100 VUs, 832 complete and 0 interrupted iterations
default   [   2% ] 017/100 VUs  0m05.0s/4m00.0s

running (0m06.0s), 020/100 VUs, 1192 complete and 0 interrupted iterations
default   [   2% ] 020/100 VUs  0m06.0s/4m00.0s

running (0m07.0s), 023/100 VUs, 1618 complete and 0 interrupted iterations
default   [   3% ] 023/100 VUs  0m07.0s/4m00.0s

running (0m08.0s), 027/100 VUs, 2108 complete and 0 interrupted iterations
default   [   3% ] 027/100 VUs  0m08.0s/4m00.0s

running (0m09.0s), 030/100 VUs, 2664 complete and 0 interrupted iterations
default   [   4% ] 030/100 VUs  0m09.0s/4m00.0s

running (0m10.0s), 033/100 VUs, 3281 complete and 0 interrupted iterations
default   [   4% ] 033/100 VUs  0m10.0s/4m00.0s

running (0m11.0s), 037/100 VUs, 3963 complete and 0 interrupted iterations
default   [   5% ] 037/100 VUs  0m11.0s/4m00.0s

running (0m12.0s), 040/100 VUs, 4712 complete and 0 interrupted iterations
default   [   5% ] 040/100 VUs  0m12.0s/4m00.0s

running (0m13.0s), 043/100 VUs, 5528 complete and 0 interrupted iterations
default   [   5% ] 043/100 VUs  0m13.0s/4m00.0s

running (0m14.0s), 047/100 VUs, 6402 complete and 0 interrupted iterations
default   [   6% ] 047/100 VUs  0m14.0s/4m00.0s

running (0m15.0s), 050/100 VUs, 7341 complete and 0 interrupted iterations
default   [   6% ] 050/100 VUs  0m15.0s/4m00.0s

running (0m16.0s), 053/100 VUs, 8329 complete and 0 interrupted iterations
default   [   7% ] 053/100 VUs  0m16.0s/4m00.0s

running (0m17.0s), 056/100 VUs, 9325 complete and 0 interrupted iterations
default   [   7% ] 056/100 VUs  0m17.0s/4m00.0s

running (0m18.0s), 060/100 VUs, 10314 complete and 0 interrupted iterations
default   [   7% ] 060/100 VUs  0m18.0s/4m00.0s

running (0m19.0s), 063/100 VUs, 11302 complete and 0 interrupted iterations
default   [   8% ] 063/100 VUs  0m19.0s/4m00.0s

running (0m20.0s), 066/100 VUs, 12289 complete and 0 interrupted iterations
default   [   8% ] 066/100 VUs  0m20.0s/4m00.0s

running (0m21.0s), 070/100 VUs, 13279 complete and 0 interrupted iterations
default   [   9% ] 070/100 VUs  0m21.0s/4m00.0s

running (0m22.0s), 073/100 VUs, 14273 complete and 0 interrupted iterations
default   [   9% ] 073/100 VUs  0m22.0s/4m00.0s

running (0m23.0s), 076/100 VUs, 15256 complete and 0 interrupted iterations
default   [  10% ] 076/100 VUs  0m23.0s/4m00.0s

running (0m24.0s), 080/100 VUs, 16245 complete and 0 interrupted iterations
default   [  10% ] 080/100 VUs  0m24.0s/4m00.0s

running (0m25.0s), 083/100 VUs, 17234 complete and 0 interrupted iterations
default   [  10% ] 083/100 VUs  0m25.0s/4m00.0s

running (0m26.0s), 086/100 VUs, 18228 complete and 0 interrupted iterations
default   [  11% ] 086/100 VUs  0m26.0s/4m00.0s

running (0m27.0s), 089/100 VUs, 19208 complete and 0 interrupted iterations
default   [  11% ] 089/100 VUs  0m27.0s/4m00.0s

running (0m28.0s), 093/100 VUs, 20206 complete and 0 interrupted iterations
default   [  12% ] 093/100 VUs  0m28.0s/4m00.0s

running (0m29.0s), 096/100 VUs, 21184 complete and 0 interrupted iterations
default   [  12% ] 096/100 VUs  0m29.0s/4m00.0s

running (0m30.0s), 099/100 VUs, 22184 complete and 0 interrupted iterations
default   [  12% ] 099/100 VUs  0m30.0s/4m00.0s

running (0m31.0s), 100/100 VUs, 23164 complete and 0 interrupted iterations
default   [  13% ] 100/100 VUs  0m31.0s/4m00.0s

running (0m32.0s), 100/100 VUs, 24154 complete and 0 interrupted iterations
default   [  13% ] 100/100 VUs  0m32.0s/4m00.0s

running (0m33.0s), 100/100 VUs, 25134 complete and 0 interrupted iterations
default   [  14% ] 100/100 VUs  0m33.0s/4m00.0s

running (0m34.0s), 100/100 VUs, 26134 complete and 0 interrupted iterations
default   [  14% ] 100/100 VUs  0m34.0s/4m00.0s

running (0m35.0s), 100/100 VUs, 27126 complete and 0 interrupted iterations
default   [  15% ] 100/100 VUs  0m35.0s/4m00.0s

running (0m36.0s), 100/100 VUs, 28109 complete and 0 interrupted iterations
default   [  15% ] 100/100 VUs  0m36.0s/4m00.0s

running (0m37.0s), 100/100 VUs, 29087 complete and 0 interrupted iterations
default   [  15% ] 100/100 VUs  0m37.0s/4m00.0s

running (0m38.0s), 100/100 VUs, 30084 complete and 0 interrupted iterations
default   [  16% ] 100/100 VUs  0m38.0s/4m00.0s

running (0m39.0s), 100/100 VUs, 31084 complete and 0 interrupted iterations
default   [  16% ] 100/100 VUs  0m39.0s/4m00.0s

running (0m40.0s), 100/100 VUs, 32066 complete and 0 interrupted iterations
default   [  17% ] 100/100 VUs  0m40.0s/4m00.0s

running (0m41.0s), 100/100 VUs, 33037 complete and 0 interrupted iterations
default   [  17% ] 100/100 VUs  0m41.0s/4m00.0s

running (0m42.0s), 100/100 VUs, 34034 complete and 0 interrupted iterations
default   [  17% ] 100/100 VUs  0m42.0s/4m00.0s

running (0m43.0s), 100/100 VUs, 35034 complete and 0 interrupted iterations
default   [  18% ] 100/100 VUs  0m43.0s/4m00.0s

running (0m44.0s), 100/100 VUs, 36023 complete and 0 interrupted iterations
default   [  18% ] 100/100 VUs  0m44.0s/4m00.0s

running (0m45.0s), 100/100 VUs, 36996 complete and 0 interrupted iterations
default   [  19% ] 100/100 VUs  0m45.0s/4m00.0s

running (0m46.0s), 100/100 VUs, 37984 complete and 0 interrupted iterations
default   [  19% ] 100/100 VUs  0m46.0s/4m00.0s

running (0m47.0s), 100/100 VUs, 38984 complete and 0 interrupted iterations
default   [  20% ] 100/100 VUs  0m47.0s/4m00.0s

running (0m48.0s), 100/100 VUs, 39975 complete and 0 interrupted iterations
default   [  20% ] 100/100 VUs  0m48.0s/4m00.0s

running (0m49.0s), 100/100 VUs, 40953 complete and 0 interrupted iterations
default   [  20% ] 100/100 VUs  0m49.0s/4m00.0s

running (0m50.0s), 100/100 VUs, 41938 complete and 0 interrupted iterations
default   [  21% ] 100/100 VUs  0m50.0s/4m00.0s

running (0m51.0s), 100/100 VUs, 42934 complete and 0 interrupted iterations
default   [  21% ] 100/100 VUs  0m51.0s/4m00.0s

running (0m52.0s), 100/100 VUs, 43928 complete and 0 interrupted iterations
default   [  22% ] 100/100 VUs  0m52.0s/4m00.0s

running (0m53.0s), 100/100 VUs, 44913 complete and 0 interrupted iterations
default   [  22% ] 100/100 VUs  0m53.0s/4m00.0s

running (0m54.0s), 100/100 VUs, 45893 complete and 0 interrupted iterations
default   [  22% ] 100/100 VUs  0m54.0s/4m00.0s

running (0m55.0s), 100/100 VUs, 46886 complete and 0 interrupted iterations
default   [  23% ] 100/100 VUs  0m55.0s/4m00.0s

running (0m56.0s), 100/100 VUs, 47884 complete and 0 interrupted iterations
default   [  23% ] 100/100 VUs  0m56.0s/4m00.0s

running (0m57.0s), 100/100 VUs, 48874 complete and 0 interrupted iterations
default   [  24% ] 100/100 VUs  0m57.0s/4m00.0s

running (0m58.0s), 100/100 VUs, 49848 complete and 0 interrupted iterations
default   [  24% ] 100/100 VUs  0m58.0s/4m00.0s

running (0m59.0s), 100/100 VUs, 50843 complete and 0 interrupted iterations
default   [  25% ] 100/100 VUs  0m59.0s/4m00.0s

running (1m00.0s), 100/100 VUs, 51834 complete and 0 interrupted iterations
default   [  25% ] 100/100 VUs  1m00.0s/4m00.0s

running (1m01.0s), 100/100 VUs, 52828 complete and 0 interrupted iterations
default   [  25% ] 100/100 VUs  1m01.0s/4m00.0s

running (1m02.0s), 100/100 VUs, 53811 complete and 0 interrupted iterations
default   [  26% ] 100/100 VUs  1m02.0s/4m00.0s

running (1m03.0s), 100/100 VUs, 54797 complete and 0 interrupted iterations
default   [  26% ] 100/100 VUs  1m03.0s/4m00.0s

running (1m04.0s), 100/100 VUs, 55791 complete and 0 interrupted iterations
default   [  27% ] 100/100 VUs  1m04.0s/4m00.0s

running (1m05.0s), 100/100 VUs, 56784 complete and 0 interrupted iterations
default   [  27% ] 100/100 VUs  1m05.0s/4m00.0s

running (1m06.0s), 100/100 VUs, 57765 complete and 0 interrupted iterations
default   [  27% ] 100/100 VUs  1m06.0s/4m00.0s

running (1m07.0s), 100/100 VUs, 58748 complete and 0 interrupted iterations
default   [  28% ] 100/100 VUs  1m07.0s/4m00.0s

running (1m08.0s), 100/100 VUs, 59747 complete and 0 interrupted iterations
default   [  28% ] 100/100 VUs  1m08.0s/4m00.0s

running (1m09.0s), 100/100 VUs, 60738 complete and 0 interrupted iterations
default   [  29% ] 100/100 VUs  1m09.0s/4m00.0s

running (1m10.0s), 100/100 VUs, 61720 complete and 0 interrupted iterations
default   [  29% ] 100/100 VUs  1m10.0s/4m00.0s

running (1m11.0s), 100/100 VUs, 62698 complete and 0 interrupted iterations
default   [  30% ] 100/100 VUs  1m11.0s/4m00.0s

running (1m12.0s), 100/100 VUs, 63698 complete and 0 interrupted iterations
default   [  30% ] 100/100 VUs  1m12.0s/4m00.0s

running (1m13.0s), 100/100 VUs, 64693 complete and 0 interrupted iterations
default   [  30% ] 100/100 VUs  1m13.0s/4m00.0s

running (1m14.0s), 100/100 VUs, 65681 complete and 0 interrupted iterations
default   [  31% ] 100/100 VUs  1m14.0s/4m00.0s

running (1m15.0s), 100/100 VUs, 66659 complete and 0 interrupted iterations
default   [  31% ] 100/100 VUs  1m15.0s/4m00.0s

running (1m16.0s), 100/100 VUs, 67648 complete and 0 interrupted iterations
default   [  32% ] 100/100 VUs  1m16.0s/4m00.0s

running (1m17.0s), 100/100 VUs, 68648 complete and 0 interrupted iterations
default   [  32% ] 100/100 VUs  1m17.0s/4m00.0s

running (1m18.0s), 100/100 VUs, 69644 complete and 0 interrupted iterations
default   [  32% ] 100/100 VUs  1m18.0s/4m00.0s

running (1m19.0s), 100/100 VUs, 70615 complete and 0 interrupted iterations
default   [  33% ] 100/100 VUs  1m19.0s/4m00.0s

running (1m20.0s), 100/100 VUs, 71598 complete and 0 interrupted iterations
default   [  33% ] 100/100 VUs  1m20.0s/4m00.0s

running (1m21.0s), 100/100 VUs, 72598 complete and 0 interrupted iterations
default   [  34% ] 100/100 VUs  1m21.0s/4m00.0s

running (1m22.0s), 100/100 VUs, 73598 complete and 0 interrupted iterations
default   [  34% ] 100/100 VUs  1m22.0s/4m00.0s

running (1m23.0s), 100/100 VUs, 74548 complete and 0 interrupted iterations
default   [  35% ] 100/100 VUs  1m23.0s/4m00.0s

running (1m24.0s), 100/100 VUs, 75548 complete and 0 interrupted iterations
default   [  35% ] 100/100 VUs  1m24.0s/4m00.0s

running (1m25.0s), 100/100 VUs, 76520 complete and 0 interrupted iterations
default   [  35% ] 100/100 VUs  1m25.0s/4m00.0s

running (1m26.0s), 100/100 VUs, 77498 complete and 0 interrupted iterations
default   [  36% ] 100/100 VUs  1m26.0s/4m00.0s

running (1m27.0s), 100/100 VUs, 78487 complete and 0 interrupted iterations
default   [  36% ] 100/100 VUs  1m27.0s/4m00.0s

running (1m28.0s), 100/100 VUs, 79448 complete and 0 interrupted iterations
default   [  37% ] 100/100 VUs  1m28.0s/4m00.0s

running (1m29.0s), 100/100 VUs, 80448 complete and 0 interrupted iterations
default   [  37% ] 100/100 VUs  1m29.0s/4m00.0s

running (1m30.0s), 100/100 VUs, 81448 complete and 0 interrupted iterations
default   [  37% ] 100/100 VUs  1m30.0s/4m00.0s

running (1m31.0s), 100/100 VUs, 82398 complete and 0 interrupted iterations
default   [  38% ] 100/100 VUs  1m31.0s/4m00.0s

running (1m32.0s), 100/100 VUs, 83398 complete and 0 interrupted iterations
default   [  38% ] 100/100 VUs  1m32.0s/4m00.0s

running (1m33.0s), 100/100 VUs, 84398 complete and 0 interrupted iterations
default   [  39% ] 100/100 VUs  1m33.0s/4m00.0s

running (1m34.0s), 100/100 VUs, 85374 complete and 0 interrupted iterations
default   [  39% ] 100/100 VUs  1m34.0s/4m00.0s

running (1m35.0s), 100/100 VUs, 86348 complete and 0 interrupted iterations
default   [  40% ] 100/100 VUs  1m35.0s/4m00.0s

running (1m36.0s), 100/100 VUs, 87348 complete and 0 interrupted iterations
default   [  40% ] 100/100 VUs  1m36.0s/4m00.0s

running (1m37.0s), 100/100 VUs, 88310 complete and 0 interrupted iterations
default   [  40% ] 100/100 VUs  1m37.0s/4m00.0s

running (1m38.0s), 100/100 VUs, 89298 complete and 0 interrupted iterations
default   [  41% ] 100/100 VUs  1m38.0s/4m00.0s

running (1m39.0s), 100/100 VUs, 90298 complete and 0 interrupted iterations
default   [  41% ] 100/100 VUs  1m39.0s/4m00.0s

running (1m40.0s), 100/100 VUs, 91268 complete and 0 interrupted iterations
default   [  42% ] 100/100 VUs  1m40.0s/4m00.0s

running (1m41.0s), 100/100 VUs, 92248 complete and 0 interrupted iterations
default   [  42% ] 100/100 VUs  1m41.0s/4m00.0s

running (1m42.0s), 100/100 VUs, 93248 complete and 0 interrupted iterations
default   [  42% ] 100/100 VUs  1m42.0s/4m00.0s

running (1m43.0s), 100/100 VUs, 94233 complete and 0 interrupted iterations
default   [  43% ] 100/100 VUs  1m43.0s/4m00.0s

running (1m44.0s), 100/100 VUs, 95198 complete and 0 interrupted iterations
default   [  43% ] 100/100 VUs  1m44.0s/4m00.0s

running (1m45.0s), 100/100 VUs, 96198 complete and 0 interrupted iterations
default   [  44% ] 100/100 VUs  1m45.0s/4m00.0s

running (1m46.0s), 100/100 VUs, 97198 complete and 0 interrupted iterations
default   [  44% ] 100/100 VUs  1m46.0s/4m00.0s

running (1m47.0s), 100/100 VUs, 98159 complete and 0 interrupted iterations
default   [  45% ] 100/100 VUs  1m47.0s/4m00.0s

running (1m48.0s), 100/100 VUs, 99148 complete and 0 interrupted iterations
default   [  45% ] 100/100 VUs  1m48.0s/4m00.0s

running (1m49.0s), 100/100 VUs, 100148 complete and 0 interrupted iterations
default   [  45% ] 100/100 VUs  1m49.0s/4m00.0s

running (1m50.0s), 100/100 VUs, 101132 complete and 0 interrupted iterations
default   [  46% ] 100/100 VUs  1m50.0s/4m00.0s

running (1m51.0s), 100/100 VUs, 102098 complete and 0 interrupted iterations
default   [  46% ] 100/100 VUs  1m51.0s/4m00.0s

running (1m52.0s), 100/100 VUs, 103098 complete and 0 interrupted iterations
default   [  47% ] 100/100 VUs  1m52.0s/4m00.0s

running (1m53.0s), 100/100 VUs, 104098 complete and 0 interrupted iterations
default   [  47% ] 100/100 VUs  1m53.0s/4m00.0s

running (1m54.0s), 100/100 VUs, 105048 complete and 0 interrupted iterations
default   [  47% ] 100/100 VUs  1m54.0s/4m00.0s

running (1m55.0s), 100/100 VUs, 106048 complete and 0 interrupted iterations
default   [  48% ] 100/100 VUs  1m55.0s/4m00.0s

running (1m56.0s), 100/100 VUs, 107048 complete and 0 interrupted iterations
default   [  48% ] 100/100 VUs  1m56.0s/4m00.0s

running (1m57.0s), 100/100 VUs, 108023 complete and 0 interrupted iterations
default   [  49% ] 100/100 VUs  1m57.0s/4m00.0s

running (1m58.0s), 100/100 VUs, 108998 complete and 0 interrupted iterations
default   [  49% ] 100/100 VUs  1m58.0s/4m00.0s

running (1m59.0s), 100/100 VUs, 109998 complete and 0 interrupted iterations
default   [  50% ] 100/100 VUs  1m59.0s/4m00.0s

running (2m00.0s), 100/100 VUs, 110998 complete and 0 interrupted iterations
default   [  50% ] 100/100 VUs  2m00.0s/4m00.0s

running (2m01.0s), 100/100 VUs, 111948 complete and 0 interrupted iterations
default   [  50% ] 100/100 VUs  2m01.0s/4m00.0s

running (2m02.0s), 100/100 VUs, 112948 complete and 0 interrupted iterations
default   [  51% ] 100/100 VUs  2m02.0s/4m00.0s

running (2m03.0s), 100/100 VUs, 113931 complete and 0 interrupted iterations
default   [  51% ] 100/100 VUs  2m03.0s/4m00.0s

running (2m04.0s), 100/100 VUs, 114898 complete and 0 interrupted iterations
default   [  52% ] 100/100 VUs  2m04.0s/4m00.0s

running (2m05.0s), 100/100 VUs, 115898 complete and 0 interrupted iterations
default   [  52% ] 100/100 VUs  2m05.0s/4m00.0s

running (2m06.0s), 100/100 VUs, 116898 complete and 0 interrupted iterations
default   [  52% ] 100/100 VUs  2m06.0s/4m00.0s

running (2m07.0s), 100/100 VUs, 117848 complete and 0 interrupted iterations
default   [  53% ] 100/100 VUs  2m07.0s/4m00.0s

running (2m08.0s), 100/100 VUs, 118848 complete and 0 interrupted iterations
default   [  53% ] 100/100 VUs  2m08.0s/4m00.0s

running (2m09.0s), 100/100 VUs, 119848 complete and 0 interrupted iterations
default   [  54% ] 100/100 VUs  2m09.0s/4m00.0s

running (2m10.0s), 100/100 VUs, 120798 complete and 0 interrupted iterations
default   [  54% ] 100/100 VUs  2m10.0s/4m00.0s

running (2m11.0s), 100/100 VUs, 121798 complete and 0 interrupted iterations
default   [  55% ] 100/100 VUs  2m11.0s/4m00.0s

running (2m12.0s), 100/100 VUs, 122798 complete and 0 interrupted iterations
default   [  55% ] 100/100 VUs  2m12.0s/4m00.0s

running (2m13.0s), 100/100 VUs, 123748 complete and 0 interrupted iterations
default   [  55% ] 100/100 VUs  2m13.0s/4m00.0s

running (2m14.0s), 100/100 VUs, 124748 complete and 0 interrupted iterations
default   [  56% ] 100/100 VUs  2m14.0s/4m00.0s

running (2m15.0s), 100/100 VUs, 125748 complete and 0 interrupted iterations
default   [  56% ] 100/100 VUs  2m15.0s/4m00.0s

running (2m16.0s), 100/100 VUs, 126723 complete and 0 interrupted iterations
default   [  57% ] 100/100 VUs  2m16.0s/4m00.0s

running (2m17.0s), 100/100 VUs, 127698 complete and 0 interrupted iterations
default   [  57% ] 100/100 VUs  2m17.0s/4m00.0s

running (2m18.0s), 100/100 VUs, 128698 complete and 0 interrupted iterations
default   [  57% ] 100/100 VUs  2m18.0s/4m00.0s

running (2m19.0s), 100/100 VUs, 129693 complete and 0 interrupted iterations
default   [  58% ] 100/100 VUs  2m19.0s/4m00.0s

running (2m20.0s), 100/100 VUs, 130648 complete and 0 interrupted iterations
default   [  58% ] 100/100 VUs  2m20.0s/4m00.0s

running (2m21.0s), 100/100 VUs, 131648 complete and 0 interrupted iterations
default   [  59% ] 100/100 VUs  2m21.0s/4m00.0s

running (2m22.0s), 100/100 VUs, 132613 complete and 0 interrupted iterations
default   [  59% ] 100/100 VUs  2m22.0s/4m00.0s

running (2m23.0s), 100/100 VUs, 133598 complete and 0 interrupted iterations
default   [  60% ] 100/100 VUs  2m23.0s/4m00.0s

running (2m24.0s), 100/100 VUs, 134598 complete and 0 interrupted iterations
default   [  60% ] 100/100 VUs  2m24.0s/4m00.0s

running (2m25.0s), 100/100 VUs, 135562 complete and 0 interrupted iterations
default   [  60% ] 100/100 VUs  2m25.0s/4m00.0s

running (2m26.0s), 100/100 VUs, 136548 complete and 0 interrupted iterations
default   [  61% ] 100/100 VUs  2m26.0s/4m00.0s

running (2m27.0s), 100/100 VUs, 137548 complete and 0 interrupted iterations
default   [  61% ] 100/100 VUs  2m27.0s/4m00.0s

running (2m28.0s), 100/100 VUs, 138538 complete and 0 interrupted iterations
default   [  62% ] 100/100 VUs  2m28.0s/4m00.0s

running (2m29.0s), 100/100 VUs, 139498 complete and 0 interrupted iterations
default   [  62% ] 100/100 VUs  2m29.0s/4m00.0s

running (2m30.0s), 100/100 VUs, 140498 complete and 0 interrupted iterations
default   [  62% ] 100/100 VUs  2m30.0s/4m00.0s

running (2m31.0s), 100/100 VUs, 141487 complete and 0 interrupted iterations
default   [  63% ] 100/100 VUs  2m31.0s/4m00.0s

running (2m32.0s), 100/100 VUs, 142448 complete and 0 interrupted iterations
default   [  63% ] 100/100 VUs  2m32.0s/4m00.0s

running (2m33.0s), 100/100 VUs, 143448 complete and 0 interrupted iterations
default   [  64% ] 100/100 VUs  2m33.0s/4m00.0s

running (2m34.0s), 100/100 VUs, 144448 complete and 0 interrupted iterations
default   [  64% ] 100/100 VUs  2m34.0s/4m00.0s

running (2m35.0s), 100/100 VUs, 145430 complete and 0 interrupted iterations
default   [  65% ] 100/100 VUs  2m35.0s/4m00.0s

running (2m36.0s), 100/100 VUs, 146398 complete and 0 interrupted iterations
default   [  65% ] 100/100 VUs  2m36.0s/4m00.0s

running (2m37.0s), 100/100 VUs, 147398 complete and 0 interrupted iterations
default   [  65% ] 100/100 VUs  2m37.0s/4m00.0s

running (2m38.0s), 100/100 VUs, 148398 complete and 0 interrupted iterations
default   [  66% ] 100/100 VUs  2m38.0s/4m00.0s

running (2m39.0s), 100/100 VUs, 149350 complete and 0 interrupted iterations
default   [  66% ] 100/100 VUs  2m39.0s/4m00.0s

running (2m40.0s), 100/100 VUs, 150348 complete and 0 interrupted iterations
default   [  67% ] 100/100 VUs  2m40.0s/4m00.0s

running (2m41.0s), 100/100 VUs, 151348 complete and 0 interrupted iterations
default   [  67% ] 100/100 VUs  2m41.0s/4m00.0s

running (2m42.0s), 100/100 VUs, 152342 complete and 0 interrupted iterations
default   [  67% ] 100/100 VUs  2m42.0s/4m00.0s

running (2m43.0s), 100/100 VUs, 153298 complete and 0 interrupted iterations
default   [  68% ] 100/100 VUs  2m43.0s/4m00.0s

running (2m44.0s), 100/100 VUs, 154298 complete and 0 interrupted iterations
default   [  68% ] 100/100 VUs  2m44.0s/4m00.0s

running (2m45.0s), 100/100 VUs, 155298 complete and 0 interrupted iterations
default   [  69% ] 100/100 VUs  2m45.0s/4m00.0s

running (2m46.0s), 100/100 VUs, 156277 complete and 0 interrupted iterations
default   [  69% ] 100/100 VUs  2m46.0s/4m00.0s

running (2m47.0s), 100/100 VUs, 157248 complete and 0 interrupted iterations
default   [  70% ] 100/100 VUs  2m47.0s/4m00.0s

running (2m48.0s), 100/100 VUs, 158248 complete and 0 interrupted iterations
default   [  70% ] 100/100 VUs  2m48.0s/4m00.0s

running (2m49.0s), 100/100 VUs, 159231 complete and 0 interrupted iterations
default   [  70% ] 100/100 VUs  2m49.0s/4m00.0s

running (2m50.0s), 100/100 VUs, 160198 complete and 0 interrupted iterations
default   [  71% ] 100/100 VUs  2m50.0s/4m00.0s

running (2m51.0s), 100/100 VUs, 161198 complete and 0 interrupted iterations
default   [  71% ] 100/100 VUs  2m51.0s/4m00.0s

running (2m52.0s), 100/100 VUs, 162198 complete and 0 interrupted iterations
default   [  72% ] 100/100 VUs  2m52.0s/4m00.0s

running (2m53.0s), 100/100 VUs, 163168 complete and 0 interrupted iterations
default   [  72% ] 100/100 VUs  2m53.0s/4m00.0s

running (2m54.0s), 100/100 VUs, 164148 complete and 0 interrupted iterations
default   [  72% ] 100/100 VUs  2m54.0s/4m00.0s

running (2m55.0s), 100/100 VUs, 165148 complete and 0 interrupted iterations
default   [  73% ] 100/100 VUs  2m55.0s/4m00.0s

running (2m56.0s), 100/100 VUs, 166148 complete and 0 interrupted iterations
default   [  73% ] 100/100 VUs  2m56.0s/4m00.0s

running (2m57.0s), 100/100 VUs, 167098 complete and 0 interrupted iterations
default   [  74% ] 100/100 VUs  2m57.0s/4m00.0s

running (2m58.0s), 100/100 VUs, 168098 complete and 0 interrupted iterations
default   [  74% ] 100/100 VUs  2m58.0s/4m00.0s

running (2m59.0s), 100/100 VUs, 169098 complete and 0 interrupted iterations
default   [  75% ] 100/100 VUs  2m59.0s/4m00.0s

running (3m00.0s), 100/100 VUs, 170048 complete and 0 interrupted iterations
default   [  75% ] 100/100 VUs  3m00.0s/4m00.0s

running (3m01.0s), 100/100 VUs, 171048 complete and 0 interrupted iterations
default   [  75% ] 100/100 VUs  3m01.0s/4m00.0s

running (3m02.0s), 100/100 VUs, 172048 complete and 0 interrupted iterations
default   [  76% ] 100/100 VUs  3m02.0s/4m00.0s

running (3m03.0s), 100/100 VUs, 173032 complete and 0 interrupted iterations
default   [  76% ] 100/100 VUs  3m03.0s/4m00.0s

running (3m04.0s), 100/100 VUs, 173998 complete and 0 interrupted iterations
default   [  77% ] 100/100 VUs  3m04.0s/4m00.0s

running (3m05.0s), 100/100 VUs, 174998 complete and 0 interrupted iterations
default   [  77% ] 100/100 VUs  3m05.0s/4m00.0s

running (3m06.0s), 100/100 VUs, 175996 complete and 0 interrupted iterations
default   [  77% ] 100/100 VUs  3m06.0s/4m00.0s

running (3m07.0s), 100/100 VUs, 176950 complete and 0 interrupted iterations
default   [  78% ] 100/100 VUs  3m07.0s/4m00.0s

running (3m08.0s), 100/100 VUs, 177948 complete and 0 interrupted iterations
default   [  78% ] 100/100 VUs  3m08.0s/4m00.0s

running (3m09.0s), 100/100 VUs, 178948 complete and 0 interrupted iterations
default   [  79% ] 100/100 VUs  3m09.0s/4m00.0s

running (3m10.0s), 100/100 VUs, 179898 complete and 0 interrupted iterations
default   [  79% ] 100/100 VUs  3m10.0s/4m00.0s

running (3m11.0s), 100/100 VUs, 180898 complete and 0 interrupted iterations
default   [  80% ] 100/100 VUs  3m11.0s/4m00.0s

running (3m12.0s), 100/100 VUs, 181898 complete and 0 interrupted iterations
default   [  80% ] 100/100 VUs  3m12.0s/4m00.0s

running (3m13.0s), 100/100 VUs, 182859 complete and 0 interrupted iterations
default   [  80% ] 100/100 VUs  3m13.0s/4m00.0s

running (3m14.0s), 100/100 VUs, 183848 complete and 0 interrupted iterations
default   [  81% ] 100/100 VUs  3m14.0s/4m00.0s

running (3m15.0s), 100/100 VUs, 184848 complete and 0 interrupted iterations
default   [  81% ] 100/100 VUs  3m15.0s/4m00.0s

running (3m16.0s), 100/100 VUs, 185832 complete and 0 interrupted iterations
default   [  82% ] 100/100 VUs  3m16.0s/4m00.0s

running (3m17.0s), 100/100 VUs, 186798 complete and 0 interrupted iterations
default   [  82% ] 100/100 VUs  3m17.0s/4m00.0s

running (3m18.0s), 100/100 VUs, 187798 complete and 0 interrupted iterations
default   [  82% ] 100/100 VUs  3m18.0s/4m00.0s

running (3m19.0s), 100/100 VUs, 188798 complete and 0 interrupted iterations
default   [  83% ] 100/100 VUs  3m19.0s/4m00.0s

running (3m20.0s), 100/100 VUs, 189748 complete and 0 interrupted iterations
default   [  83% ] 100/100 VUs  3m20.0s/4m00.0s

running (3m21.0s), 100/100 VUs, 190748 complete and 0 interrupted iterations
default   [  84% ] 100/100 VUs  3m21.0s/4m00.0s

running (3m22.0s), 100/100 VUs, 191748 complete and 0 interrupted iterations
default   [  84% ] 100/100 VUs  3m22.0s/4m00.0s

running (3m23.0s), 100/100 VUs, 192698 complete and 0 interrupted iterations
default   [  85% ] 100/100 VUs  3m23.0s/4m00.0s

running (3m24.0s), 100/100 VUs, 193698 complete and 0 interrupted iterations
default   [  85% ] 100/100 VUs  3m24.0s/4m00.0s

running (3m25.0s), 100/100 VUs, 194687 complete and 0 interrupted iterations
default   [  85% ] 100/100 VUs  3m25.0s/4m00.0s

running (3m26.0s), 100/100 VUs, 195648 complete and 0 interrupted iterations
default   [  86% ] 100/100 VUs  3m26.0s/4m00.0s

running (3m27.0s), 100/100 VUs, 196648 complete and 0 interrupted iterations
default   [  86% ] 100/100 VUs  3m27.0s/4m00.0s

running (3m28.0s), 100/100 VUs, 197648 complete and 0 interrupted iterations
default   [  87% ] 100/100 VUs  3m28.0s/4m00.0s

running (3m29.0s), 100/100 VUs, 198598 complete and 0 interrupted iterations
default   [  87% ] 100/100 VUs  3m29.0s/4m00.0s

running (3m30.0s), 100/100 VUs, 199598 complete and 0 interrupted iterations
default   [  87% ] 100/100 VUs  3m30.0s/4m00.0s

running (3m31.0s), 098/100 VUs, 200583 complete and 0 interrupted iterations
default   [  88% ] 098/100 VUs  3m31.0s/4m00.0s

running (3m32.0s), 094/100 VUs, 201548 complete and 0 interrupted iterations
default   [  88% ] 094/100 VUs  3m32.0s/4m00.0s

running (3m33.0s), 091/100 VUs, 202548 complete and 0 interrupted iterations
default   [  89% ] 091/100 VUs  3m33.0s/4m00.0s

running (3m34.0s), 087/100 VUs, 203548 complete and 0 interrupted iterations
default   [  89% ] 087/100 VUs  3m34.0s/4m00.0s

running (3m35.0s), 084/100 VUs, 204498 complete and 0 interrupted iterations
default   [  90% ] 084/100 VUs  3m35.0s/4m00.0s

running (3m36.0s), 081/100 VUs, 205498 complete and 0 interrupted iterations
default   [  90% ] 081/100 VUs  3m36.0s/4m00.0s

running (3m37.0s), 077/100 VUs, 206498 complete and 0 interrupted iterations
default   [  90% ] 077/100 VUs  3m37.0s/4m00.0s

running (3m38.0s), 074/100 VUs, 207476 complete and 0 interrupted iterations
default   [  91% ] 074/100 VUs  3m38.0s/4m00.0s

running (3m39.0s), 071/100 VUs, 208448 complete and 0 interrupted iterations
default   [  91% ] 071/100 VUs  3m39.0s/4m00.0s

running (3m40.0s), 067/100 VUs, 209448 complete and 0 interrupted iterations
default   [  92% ] 067/100 VUs  3m40.0s/4m00.0s

running (3m41.0s), 064/100 VUs, 210398 complete and 0 interrupted iterations
default   [  92% ] 064/100 VUs  3m41.0s/4m00.0s

running (3m42.0s), 061/100 VUs, 211398 complete and 0 interrupted iterations
default   [  92% ] 061/100 VUs  3m42.0s/4m00.0s

running (3m43.0s), 057/100 VUs, 212398 complete and 0 interrupted iterations
default   [  93% ] 057/100 VUs  3m43.0s/4m00.0s

running (3m44.0s), 054/100 VUs, 213366 complete and 0 interrupted iterations
default   [  93% ] 054/100 VUs  3m44.0s/4m00.0s

running (3m45.0s), 051/100 VUs, 214348 complete and 0 interrupted iterations
default   [  94% ] 051/100 VUs  3m45.0s/4m00.0s

running (3m46.0s), 047/100 VUs, 215330 complete and 0 interrupted iterations
default   [  94% ] 047/100 VUs  3m46.0s/4m00.0s

running (3m47.0s), 044/100 VUs, 216200 complete and 0 interrupted iterations
default   [  95% ] 044/100 VUs  3m47.0s/4m00.0s

running (3m48.0s), 041/100 VUs, 217050 complete and 0 interrupted iterations
default   [  95% ] 041/100 VUs  3m48.0s/4m00.0s

running (3m49.0s), 037/100 VUs, 217795 complete and 0 interrupted iterations
default   [  95% ] 037/100 VUs  3m49.0s/4m00.0s

running (3m50.0s), 034/100 VUs, 218508 complete and 0 interrupted iterations
default   [  96% ] 034/100 VUs  3m50.0s/4m00.0s

running (3m51.0s), 031/100 VUs, 219127 complete and 0 interrupted iterations
default   [  96% ] 031/100 VUs  3m51.0s/4m00.0s

running (3m52.0s), 027/100 VUs, 219683 complete and 0 interrupted iterations
default   [  97% ] 027/100 VUs  3m52.0s/4m00.0s

running (3m53.0s), 024/100 VUs, 220199 complete and 0 interrupted iterations
default   [  97% ] 024/100 VUs  3m53.0s/4m00.0s

running (3m54.0s), 021/100 VUs, 220626 complete and 0 interrupted iterations
default   [  97% ] 021/100 VUs  3m54.0s/4m00.0s

running (3m55.0s), 017/100 VUs, 221010 complete and 0 interrupted iterations
default   [  98% ] 017/100 VUs  3m55.0s/4m00.0s

running (3m56.0s), 014/100 VUs, 221310 complete and 0 interrupted iterations
default   [  98% ] 014/100 VUs  3m56.0s/4m00.0s

running (3m57.0s), 011/100 VUs, 221560 complete and 0 interrupted iterations
default   [  99% ] 011/100 VUs  3m57.0s/4m00.0s

running (3m58.0s), 007/100 VUs, 221735 complete and 0 interrupted iterations
default   [  99% ] 007/100 VUs  3m58.0s/4m00.0s

running (3m59.0s), 004/100 VUs, 221851 complete and 0 interrupted iterations
default   [ 100% ] 004/100 VUs  3m59.0s/4m00.0s

running (4m00.0s), 001/100 VUs, 221898 complete and 0 interrupted iterations
default   [ 100% ] 001/100 VUs  4m00.0s/4m00.0s


  █ THRESHOLDS 

    checks
    ✓ 'rate>0.95' rate=100.00%

    http_req_duration
    ✓ 'p(95)<5000' p(95)=102.11ms
    ✓ 'p(99)<10000' p(99)=105.03ms

    http_req_failed
    ✓ 'rate<0.05' rate=0.00%


  █ TOTAL RESULTS 

    checks_total.......: 887600  3697.91555/s
    checks_succeeded...: 100.00% 887600 out of 887600
    checks_failed......: 0.00%   0 out of 887600

    ✓ status is 200
    ✓ content-type is json
    ✓ workloadType is IO-BOUND
    ✓ executionTimeMs exists

    CUSTOM
    response_time_ms...............: min=50.743108 avg=94.57056 med=101.097516 max=120.454631 p(90)=101.801483 p(95)=102.114572 p(99)=105.035493
    successful_requests............: 221900 924.478887/s

    HTTP
    http_req_duration..............: min=50.74ms   avg=94.57ms  med=101.09ms   max=120.45ms   p(90)=101.8ms    p(95)=102.11ms   p(99)=105.03ms  
      { expected_response:true }...: min=50.74ms   avg=94.57ms  med=101.09ms   max=120.45ms   p(90)=101.8ms    p(95)=102.11ms   p(99)=105.03ms  
    http_req_failed................: 0.00%  0 out of 221900
    http_reqs......................: 221900 924.478887/s

    EXECUTION
    iteration_duration.............: min=50.85ms   avg=94.71ms  med=101.23ms   max=120.59ms   p(90)=101.94ms   p(95)=102.25ms   p(99)=105.23ms  
    iterations.....................: 221900 924.478887/s
    vus............................: 1      min=1           max=100
    vus_max........................: 100    min=100         max=100

    NETWORK
    data_received..................: 49 MB  204 kB/s
    data_sent......................: 18 MB  73 kB/s




running (4m00.0s), 000/100 VUs, 221900 complete and 0 interrupted iterations
default ✓ [ 100% ] 000/100 VUs  4m0s
