
         /\      Grafana   /‾‾/  
    /\  /  \     |\  __   /  /   
   /  \/    \    | |/ /  /   ‾‾\ 
  /          \   |   (  |  (‾)  |
 / __________ \  |_|\_\  \_____/ 


     execution: local
        script: cpu-bound-test.js
        output: -

     scenarios: (100.00%) 1 scenario, 30 max VUs, 4m30s max duration (incl. graceful stop):
              * default: Up to 30 looping VUs for 4m0s over 3 stages (gracefulRampDown: 30s, gracefulStop: 30s)


running (0m01.0s), 01/30 VUs, 17 complete and 0 interrupted iterations
default   [   0% ] 01/30 VUs  0m01.0s/4m00.0s

running (0m02.0s), 02/30 VUs, 48 complete and 0 interrupted iterations
default   [   1% ] 02/30 VUs  0m02.0s/4m00.0s

running (0m03.0s), 03/30 VUs, 82 complete and 0 interrupted iterations
default   [   1% ] 03/30 VUs  0m03.0s/4m00.0s

running (0m04.0s), 04/30 VUs, 116 complete and 0 interrupted iterations
default   [   2% ] 04/30 VUs  0m04.0s/4m00.0s

running (0m05.0s), 05/30 VUs, 150 complete and 0 interrupted iterations
default   [   2% ] 05/30 VUs  0m05.0s/4m00.0s

running (0m06.0s), 06/30 VUs, 184 complete and 0 interrupted iterations
default   [   2% ] 06/30 VUs  0m06.0s/4m00.0s

running (0m07.0s), 07/30 VUs, 218 complete and 0 interrupted iterations
default   [   3% ] 07/30 VUs  0m07.0s/4m00.0s

running (0m08.0s), 08/30 VUs, 252 complete and 0 interrupted iterations
default   [   3% ] 08/30 VUs  0m08.0s/4m00.0s

running (0m09.0s), 09/30 VUs, 284 complete and 0 interrupted iterations
default   [   4% ] 09/30 VUs  0m09.0s/4m00.0s

running (0m10.0s), 10/30 VUs, 318 complete and 0 interrupted iterations
default   [   4% ] 10/30 VUs  0m10.0s/4m00.0s

running (0m11.0s), 11/30 VUs, 352 complete and 0 interrupted iterations
default   [   5% ] 11/30 VUs  0m11.0s/4m00.0s

running (0m12.0s), 12/30 VUs, 386 complete and 0 interrupted iterations
default   [   5% ] 12/30 VUs  0m12.0s/4m00.0s

running (0m13.0s), 13/30 VUs, 420 complete and 0 interrupted iterations
default   [   5% ] 13/30 VUs  0m13.0s/4m00.0s

running (0m14.0s), 14/30 VUs, 454 complete and 0 interrupted iterations
default   [   6% ] 14/30 VUs  0m14.0s/4m00.0s

running (0m15.0s), 15/30 VUs, 489 complete and 0 interrupted iterations
default   [   6% ] 15/30 VUs  0m15.0s/4m00.0s

running (0m16.0s), 16/30 VUs, 522 complete and 0 interrupted iterations
default   [   7% ] 16/30 VUs  0m16.0s/4m00.0s

running (0m17.0s), 17/30 VUs, 556 complete and 0 interrupted iterations
default   [   7% ] 17/30 VUs  0m17.0s/4m00.0s

running (0m18.0s), 18/30 VUs, 589 complete and 0 interrupted iterations
default   [   7% ] 18/30 VUs  0m18.0s/4m00.0s

running (0m19.0s), 19/30 VUs, 624 complete and 0 interrupted iterations
default   [   8% ] 19/30 VUs  0m19.0s/4m00.0s

running (0m20.0s), 20/30 VUs, 657 complete and 0 interrupted iterations
default   [   8% ] 20/30 VUs  0m20.0s/4m00.0s

running (0m21.0s), 21/30 VUs, 691 complete and 0 interrupted iterations
default   [   9% ] 21/30 VUs  0m21.0s/4m00.0s

running (0m22.0s), 22/30 VUs, 725 complete and 0 interrupted iterations
default   [   9% ] 22/30 VUs  0m22.0s/4m00.0s

running (0m23.0s), 23/30 VUs, 758 complete and 0 interrupted iterations
default   [  10% ] 23/30 VUs  0m23.0s/4m00.0s

running (0m24.0s), 24/30 VUs, 793 complete and 0 interrupted iterations
default   [  10% ] 24/30 VUs  0m24.0s/4m00.0s

running (0m25.0s), 25/30 VUs, 826 complete and 0 interrupted iterations
default   [  10% ] 25/30 VUs  0m25.0s/4m00.0s

running (0m26.0s), 26/30 VUs, 860 complete and 0 interrupted iterations
default   [  11% ] 26/30 VUs  0m26.0s/4m00.0s

running (0m27.0s), 27/30 VUs, 893 complete and 0 interrupted iterations
default   [  11% ] 27/30 VUs  0m27.0s/4m00.0s

running (0m28.0s), 28/30 VUs, 928 complete and 0 interrupted iterations
default   [  12% ] 28/30 VUs  0m28.0s/4m00.0s

running (0m29.0s), 29/30 VUs, 961 complete and 0 interrupted iterations
default   [  12% ] 29/30 VUs  0m29.0s/4m00.0s

running (0m30.0s), 29/30 VUs, 996 complete and 0 interrupted iterations
default   [  12% ] 29/30 VUs  0m30.0s/4m00.0s

running (0m31.0s), 30/30 VUs, 1029 complete and 0 interrupted iterations
default   [  13% ] 30/30 VUs  0m31.0s/4m00.0s

running (0m32.0s), 30/30 VUs, 1062 complete and 0 interrupted iterations
default   [  13% ] 30/30 VUs  0m32.0s/4m00.0s

running (0m33.0s), 30/30 VUs, 1097 complete and 0 interrupted iterations
default   [  14% ] 30/30 VUs  0m33.0s/4m00.0s

running (0m34.0s), 30/30 VUs, 1130 complete and 0 interrupted iterations
default   [  14% ] 30/30 VUs  0m34.0s/4m00.0s

running (0m35.0s), 30/30 VUs, 1165 complete and 0 interrupted iterations
default   [  15% ] 30/30 VUs  0m35.0s/4m00.0s

running (0m36.0s), 30/30 VUs, 1197 complete and 0 interrupted iterations
default   [  15% ] 30/30 VUs  0m36.0s/4m00.0s

running (0m37.0s), 30/30 VUs, 1233 complete and 0 interrupted iterations
default   [  15% ] 30/30 VUs  0m37.0s/4m00.0s

running (0m38.0s), 30/30 VUs, 1265 complete and 0 interrupted iterations
default   [  16% ] 30/30 VUs  0m38.0s/4m00.0s

running (0m39.0s), 30/30 VUs, 1301 complete and 0 interrupted iterations
default   [  16% ] 30/30 VUs  0m39.0s/4m00.0s

running (0m40.0s), 30/30 VUs, 1333 complete and 0 interrupted iterations
default   [  17% ] 30/30 VUs  0m40.0s/4m00.0s

running (0m41.0s), 30/30 VUs, 1368 complete and 0 interrupted iterations
default   [  17% ] 30/30 VUs  0m41.0s/4m00.0s

running (0m42.0s), 30/30 VUs, 1401 complete and 0 interrupted iterations
default   [  17% ] 30/30 VUs  0m42.0s/4m00.0s

running (0m43.0s), 30/30 VUs, 1435 complete and 0 interrupted iterations
default   [  18% ] 30/30 VUs  0m43.0s/4m00.0s

running (0m44.0s), 30/30 VUs, 1469 complete and 0 interrupted iterations
default   [  18% ] 30/30 VUs  0m44.0s/4m00.0s

running (0m45.0s), 30/30 VUs, 1502 complete and 0 interrupted iterations
default   [  19% ] 30/30 VUs  0m45.0s/4m00.0s

running (0m46.0s), 30/30 VUs, 1537 complete and 0 interrupted iterations
default   [  19% ] 30/30 VUs  0m46.0s/4m00.0s

running (0m47.0s), 30/30 VUs, 1570 complete and 0 interrupted iterations
default   [  20% ] 30/30 VUs  0m47.0s/4m00.0s

running (0m48.0s), 30/30 VUs, 1605 complete and 0 interrupted iterations
default   [  20% ] 30/30 VUs  0m48.0s/4m00.0s

running (0m49.0s), 30/30 VUs, 1640 complete and 0 interrupted iterations
default   [  20% ] 30/30 VUs  0m49.0s/4m00.0s

running (0m50.0s), 30/30 VUs, 1672 complete and 0 interrupted iterations
default   [  21% ] 30/30 VUs  0m50.0s/4m00.0s

running (0m51.0s), 30/30 VUs, 1706 complete and 0 interrupted iterations
default   [  21% ] 30/30 VUs  0m51.0s/4m00.0s

running (0m52.0s), 30/30 VUs, 1740 complete and 0 interrupted iterations
default   [  22% ] 30/30 VUs  0m52.0s/4m00.0s

running (0m53.0s), 30/30 VUs, 1773 complete and 0 interrupted iterations
default   [  22% ] 30/30 VUs  0m53.0s/4m00.0s

running (0m54.0s), 30/30 VUs, 1808 complete and 0 interrupted iterations
default   [  22% ] 30/30 VUs  0m54.0s/4m00.0s

running (0m55.0s), 30/30 VUs, 1841 complete and 0 interrupted iterations
default   [  23% ] 30/30 VUs  0m55.0s/4m00.0s

running (0m56.0s), 30/30 VUs, 1875 complete and 0 interrupted iterations
default   [  23% ] 30/30 VUs  0m56.0s/4m00.0s

running (0m57.0s), 30/30 VUs, 1909 complete and 0 interrupted iterations
default   [  24% ] 30/30 VUs  0m57.0s/4m00.0s

running (0m58.0s), 30/30 VUs, 1943 complete and 0 interrupted iterations
default   [  24% ] 30/30 VUs  0m58.0s/4m00.0s

running (0m59.0s), 30/30 VUs, 1977 complete and 0 interrupted iterations
default   [  25% ] 30/30 VUs  0m59.0s/4m00.0s

running (1m00.0s), 30/30 VUs, 2011 complete and 0 interrupted iterations
default   [  25% ] 30/30 VUs  1m00.0s/4m00.0s

running (1m01.0s), 30/30 VUs, 2045 complete and 0 interrupted iterations
default   [  25% ] 30/30 VUs  1m01.0s/4m00.0s

running (1m02.0s), 30/30 VUs, 2079 complete and 0 interrupted iterations
default   [  26% ] 30/30 VUs  1m02.0s/4m00.0s

running (1m03.0s), 30/30 VUs, 2113 complete and 0 interrupted iterations
default   [  26% ] 30/30 VUs  1m03.0s/4m00.0s

running (1m04.0s), 30/30 VUs, 2147 complete and 0 interrupted iterations
default   [  27% ] 30/30 VUs  1m04.0s/4m00.0s

running (1m05.0s), 30/30 VUs, 2181 complete and 0 interrupted iterations
default   [  27% ] 30/30 VUs  1m05.0s/4m00.0s

running (1m06.0s), 30/30 VUs, 2214 complete and 0 interrupted iterations
default   [  27% ] 30/30 VUs  1m06.0s/4m00.0s

running (1m07.0s), 30/30 VUs, 2249 complete and 0 interrupted iterations
default   [  28% ] 30/30 VUs  1m07.0s/4m00.0s

running (1m08.0s), 30/30 VUs, 2282 complete and 0 interrupted iterations
default   [  28% ] 30/30 VUs  1m08.0s/4m00.0s

running (1m09.0s), 30/30 VUs, 2317 complete and 0 interrupted iterations
default   [  29% ] 30/30 VUs  1m09.0s/4m00.0s

running (1m10.0s), 30/30 VUs, 2349 complete and 0 interrupted iterations
default   [  29% ] 30/30 VUs  1m10.0s/4m00.0s

running (1m11.0s), 30/30 VUs, 2384 complete and 0 interrupted iterations
default   [  30% ] 30/30 VUs  1m11.0s/4m00.0s

running (1m12.0s), 30/30 VUs, 2417 complete and 0 interrupted iterations
default   [  30% ] 30/30 VUs  1m12.0s/4m00.0s

running (1m13.0s), 30/30 VUs, 2452 complete and 0 interrupted iterations
default   [  30% ] 30/30 VUs  1m13.0s/4m00.0s

running (1m14.0s), 30/30 VUs, 2485 complete and 0 interrupted iterations
default   [  31% ] 30/30 VUs  1m14.0s/4m00.0s

running (1m15.0s), 30/30 VUs, 2519 complete and 0 interrupted iterations
default   [  31% ] 30/30 VUs  1m15.0s/4m00.0s

running (1m16.0s), 30/30 VUs, 2553 complete and 0 interrupted iterations
default   [  32% ] 30/30 VUs  1m16.0s/4m00.0s

running (1m17.0s), 30/30 VUs, 2587 complete and 0 interrupted iterations
default   [  32% ] 30/30 VUs  1m17.0s/4m00.0s

running (1m18.0s), 30/30 VUs, 2620 complete and 0 interrupted iterations
default   [  32% ] 30/30 VUs  1m18.0s/4m00.0s

running (1m19.0s), 30/30 VUs, 2655 complete and 0 interrupted iterations
default   [  33% ] 30/30 VUs  1m19.0s/4m00.0s

running (1m20.0s), 30/30 VUs, 2688 complete and 0 interrupted iterations
default   [  33% ] 30/30 VUs  1m20.0s/4m00.0s

running (1m21.0s), 30/30 VUs, 2722 complete and 0 interrupted iterations
default   [  34% ] 30/30 VUs  1m21.0s/4m00.0s

running (1m22.0s), 30/30 VUs, 2756 complete and 0 interrupted iterations
default   [  34% ] 30/30 VUs  1m22.0s/4m00.0s

running (1m23.0s), 30/30 VUs, 2790 complete and 0 interrupted iterations
default   [  35% ] 30/30 VUs  1m23.0s/4m00.0s

running (1m24.0s), 30/30 VUs, 2823 complete and 0 interrupted iterations
default   [  35% ] 30/30 VUs  1m24.0s/4m00.0s

running (1m25.0s), 30/30 VUs, 2858 complete and 0 interrupted iterations
default   [  35% ] 30/30 VUs  1m25.0s/4m00.0s

running (1m26.0s), 30/30 VUs, 2891 complete and 0 interrupted iterations
default   [  36% ] 30/30 VUs  1m26.0s/4m00.0s

running (1m27.0s), 30/30 VUs, 2926 complete and 0 interrupted iterations
default   [  36% ] 30/30 VUs  1m27.0s/4m00.0s

running (1m28.0s), 30/30 VUs, 2959 complete and 0 interrupted iterations
default   [  37% ] 30/30 VUs  1m28.0s/4m00.0s

running (1m29.0s), 30/30 VUs, 2993 complete and 0 interrupted iterations
default   [  37% ] 30/30 VUs  1m29.0s/4m00.0s

running (1m30.0s), 30/30 VUs, 3027 complete and 0 interrupted iterations
default   [  37% ] 30/30 VUs  1m30.0s/4m00.0s

running (1m31.0s), 30/30 VUs, 3060 complete and 0 interrupted iterations
default   [  38% ] 30/30 VUs  1m31.0s/4m00.0s

running (1m32.0s), 30/30 VUs, 3095 complete and 0 interrupted iterations
default   [  38% ] 30/30 VUs  1m32.0s/4m00.0s

running (1m33.0s), 30/30 VUs, 3128 complete and 0 interrupted iterations
default   [  39% ] 30/30 VUs  1m33.0s/4m00.0s

running (1m34.0s), 30/30 VUs, 3163 complete and 0 interrupted iterations
default   [  39% ] 30/30 VUs  1m34.0s/4m00.0s

running (1m35.0s), 30/30 VUs, 3195 complete and 0 interrupted iterations
default   [  40% ] 30/30 VUs  1m35.0s/4m00.0s

running (1m36.0s), 30/30 VUs, 3230 complete and 0 interrupted iterations
default   [  40% ] 30/30 VUs  1m36.0s/4m00.0s

running (1m37.0s), 30/30 VUs, 3264 complete and 0 interrupted iterations
default   [  40% ] 30/30 VUs  1m37.0s/4m00.0s

running (1m38.0s), 30/30 VUs, 3297 complete and 0 interrupted iterations
default   [  41% ] 30/30 VUs  1m38.0s/4m00.0s

running (1m39.0s), 30/30 VUs, 3332 complete and 0 interrupted iterations
default   [  41% ] 30/30 VUs  1m39.0s/4m00.0s

running (1m40.0s), 30/30 VUs, 3365 complete and 0 interrupted iterations
default   [  42% ] 30/30 VUs  1m40.0s/4m00.0s

running (1m41.0s), 30/30 VUs, 3399 complete and 0 interrupted iterations
default   [  42% ] 30/30 VUs  1m41.0s/4m00.0s

running (1m42.0s), 30/30 VUs, 3433 complete and 0 interrupted iterations
default   [  42% ] 30/30 VUs  1m42.0s/4m00.0s

running (1m43.0s), 30/30 VUs, 3466 complete and 0 interrupted iterations
default   [  43% ] 30/30 VUs  1m43.0s/4m00.0s

running (1m44.0s), 30/30 VUs, 3501 complete and 0 interrupted iterations
default   [  43% ] 30/30 VUs  1m44.0s/4m00.0s

running (1m45.0s), 30/30 VUs, 3533 complete and 0 interrupted iterations
default   [  44% ] 30/30 VUs  1m45.0s/4m00.0s

running (1m46.0s), 30/30 VUs, 3569 complete and 0 interrupted iterations
default   [  44% ] 30/30 VUs  1m46.0s/4m00.0s

running (1m47.0s), 30/30 VUs, 3601 complete and 0 interrupted iterations
default   [  45% ] 30/30 VUs  1m47.0s/4m00.0s

running (1m48.0s), 30/30 VUs, 3637 complete and 0 interrupted iterations
default   [  45% ] 30/30 VUs  1m48.0s/4m00.0s

running (1m49.0s), 30/30 VUs, 3669 complete and 0 interrupted iterations
default   [  45% ] 30/30 VUs  1m49.0s/4m00.0s

running (1m50.0s), 30/30 VUs, 3705 complete and 0 interrupted iterations
default   [  46% ] 30/30 VUs  1m50.0s/4m00.0s

running (1m51.0s), 30/30 VUs, 3737 complete and 0 interrupted iterations
default   [  46% ] 30/30 VUs  1m51.0s/4m00.0s

running (1m52.0s), 30/30 VUs, 3772 complete and 0 interrupted iterations
default   [  47% ] 30/30 VUs  1m52.0s/4m00.0s

running (1m53.0s), 30/30 VUs, 3805 complete and 0 interrupted iterations
default   [  47% ] 30/30 VUs  1m53.0s/4m00.0s

running (1m54.0s), 30/30 VUs, 3838 complete and 0 interrupted iterations
default   [  47% ] 30/30 VUs  1m54.0s/4m00.0s

running (1m55.0s), 30/30 VUs, 3873 complete and 0 interrupted iterations
default   [  48% ] 30/30 VUs  1m55.0s/4m00.0s

running (1m56.0s), 30/30 VUs, 3906 complete and 0 interrupted iterations
default   [  48% ] 30/30 VUs  1m56.0s/4m00.0s

running (1m57.0s), 30/30 VUs, 3940 complete and 0 interrupted iterations
default   [  49% ] 30/30 VUs  1m57.0s/4m00.0s

running (1m58.0s), 30/30 VUs, 3974 complete and 0 interrupted iterations
default   [  49% ] 30/30 VUs  1m58.0s/4m00.0s

running (1m59.0s), 30/30 VUs, 4008 complete and 0 interrupted iterations
default   [  50% ] 30/30 VUs  1m59.0s/4m00.0s

running (2m00.0s), 30/30 VUs, 4042 complete and 0 interrupted iterations
default   [  50% ] 30/30 VUs  2m00.0s/4m00.0s

running (2m01.0s), 30/30 VUs, 4076 complete and 0 interrupted iterations
default   [  50% ] 30/30 VUs  2m01.0s/4m00.0s

running (2m02.0s), 30/30 VUs, 4110 complete and 0 interrupted iterations
default   [  51% ] 30/30 VUs  2m02.0s/4m00.0s

running (2m03.0s), 30/30 VUs, 4143 complete and 0 interrupted iterations
default   [  51% ] 30/30 VUs  2m03.0s/4m00.0s

running (2m04.0s), 30/30 VUs, 4176 complete and 0 interrupted iterations
default   [  52% ] 30/30 VUs  2m04.0s/4m00.0s

running (2m05.0s), 30/30 VUs, 4211 complete and 0 interrupted iterations
default   [  52% ] 30/30 VUs  2m05.0s/4m00.0s

running (2m06.0s), 30/30 VUs, 4244 complete and 0 interrupted iterations
default   [  52% ] 30/30 VUs  2m06.0s/4m00.0s

running (2m07.0s), 30/30 VUs, 4279 complete and 0 interrupted iterations
default   [  53% ] 30/30 VUs  2m07.0s/4m00.0s

running (2m08.0s), 30/30 VUs, 4312 complete and 0 interrupted iterations
default   [  53% ] 30/30 VUs  2m08.0s/4m00.0s

running (2m09.0s), 30/30 VUs, 4347 complete and 0 interrupted iterations
default   [  54% ] 30/30 VUs  2m09.0s/4m00.0s

running (2m10.0s), 30/30 VUs, 4380 complete and 0 interrupted iterations
default   [  54% ] 30/30 VUs  2m10.0s/4m00.0s

running (2m11.0s), 30/30 VUs, 4415 complete and 0 interrupted iterations
default   [  55% ] 30/30 VUs  2m11.0s/4m00.0s

running (2m12.0s), 30/30 VUs, 4447 complete and 0 interrupted iterations
default   [  55% ] 30/30 VUs  2m12.0s/4m00.0s

running (2m13.0s), 30/30 VUs, 4481 complete and 0 interrupted iterations
default   [  55% ] 30/30 VUs  2m13.0s/4m00.0s

running (2m14.0s), 30/30 VUs, 4515 complete and 0 interrupted iterations
default   [  56% ] 30/30 VUs  2m14.0s/4m00.0s

running (2m15.0s), 30/30 VUs, 4549 complete and 0 interrupted iterations
default   [  56% ] 30/30 VUs  2m15.0s/4m00.0s

running (2m16.0s), 30/30 VUs, 4583 complete and 0 interrupted iterations
default   [  57% ] 30/30 VUs  2m16.0s/4m00.0s

running (2m17.0s), 30/30 VUs, 4616 complete and 0 interrupted iterations
default   [  57% ] 30/30 VUs  2m17.0s/4m00.0s

running (2m18.0s), 30/30 VUs, 4651 complete and 0 interrupted iterations
default   [  57% ] 30/30 VUs  2m18.0s/4m00.0s

running (2m19.0s), 30/30 VUs, 4684 complete and 0 interrupted iterations
default   [  58% ] 30/30 VUs  2m19.0s/4m00.0s

running (2m20.0s), 30/30 VUs, 4718 complete and 0 interrupted iterations
default   [  58% ] 30/30 VUs  2m20.0s/4m00.0s

running (2m21.0s), 30/30 VUs, 4751 complete and 0 interrupted iterations
default   [  59% ] 30/30 VUs  2m21.0s/4m00.0s

running (2m22.0s), 30/30 VUs, 4786 complete and 0 interrupted iterations
default   [  59% ] 30/30 VUs  2m22.0s/4m00.0s

running (2m23.0s), 30/30 VUs, 4819 complete and 0 interrupted iterations
default   [  60% ] 30/30 VUs  2m23.0s/4m00.0s

running (2m24.0s), 30/30 VUs, 4854 complete and 0 interrupted iterations
default   [  60% ] 30/30 VUs  2m24.0s/4m00.0s

running (2m25.0s), 30/30 VUs, 4887 complete and 0 interrupted iterations
default   [  60% ] 30/30 VUs  2m25.0s/4m00.0s

running (2m26.0s), 30/30 VUs, 4921 complete and 0 interrupted iterations
default   [  61% ] 30/30 VUs  2m26.0s/4m00.0s

running (2m27.0s), 30/30 VUs, 4954 complete and 0 interrupted iterations
default   [  61% ] 30/30 VUs  2m27.0s/4m00.0s

running (2m28.0s), 30/30 VUs, 4988 complete and 0 interrupted iterations
default   [  62% ] 30/30 VUs  2m28.0s/4m00.0s

running (2m29.0s), 30/30 VUs, 5022 complete and 0 interrupted iterations
default   [  62% ] 30/30 VUs  2m29.0s/4m00.0s

running (2m30.0s), 30/30 VUs, 5056 complete and 0 interrupted iterations
default   [  62% ] 30/30 VUs  2m30.0s/4m00.0s

running (2m31.0s), 30/30 VUs, 5090 complete and 0 interrupted iterations
default   [  63% ] 30/30 VUs  2m31.0s/4m00.0s

running (2m32.0s), 30/30 VUs, 5124 complete and 0 interrupted iterations
default   [  63% ] 30/30 VUs  2m32.0s/4m00.0s

running (2m33.0s), 30/30 VUs, 5157 complete and 0 interrupted iterations
default   [  64% ] 30/30 VUs  2m33.0s/4m00.0s

running (2m34.0s), 30/30 VUs, 5192 complete and 0 interrupted iterations
default   [  64% ] 30/30 VUs  2m34.0s/4m00.0s

running (2m35.0s), 30/30 VUs, 5225 complete and 0 interrupted iterations
default   [  65% ] 30/30 VUs  2m35.0s/4m00.0s

running (2m36.0s), 30/30 VUs, 5258 complete and 0 interrupted iterations
default   [  65% ] 30/30 VUs  2m36.0s/4m00.0s

running (2m37.0s), 30/30 VUs, 5292 complete and 0 interrupted iterations
default   [  65% ] 30/30 VUs  2m37.0s/4m00.0s

running (2m38.0s), 30/30 VUs, 5326 complete and 0 interrupted iterations
default   [  66% ] 30/30 VUs  2m38.0s/4m00.0s

running (2m39.0s), 30/30 VUs, 5361 complete and 0 interrupted iterations
default   [  66% ] 30/30 VUs  2m39.0s/4m00.0s

running (2m40.0s), 30/30 VUs, 5394 complete and 0 interrupted iterations
default   [  67% ] 30/30 VUs  2m40.0s/4m00.0s

running (2m41.0s), 30/30 VUs, 5428 complete and 0 interrupted iterations
default   [  67% ] 30/30 VUs  2m41.0s/4m00.0s

running (2m42.0s), 30/30 VUs, 5462 complete and 0 interrupted iterations
default   [  67% ] 30/30 VUs  2m42.0s/4m00.0s

running (2m43.0s), 30/30 VUs, 5495 complete and 0 interrupted iterations
default   [  68% ] 30/30 VUs  2m43.0s/4m00.0s

running (2m44.0s), 30/30 VUs, 5529 complete and 0 interrupted iterations
default   [  68% ] 30/30 VUs  2m44.0s/4m00.0s

running (2m45.0s), 30/30 VUs, 5563 complete and 0 interrupted iterations
default   [  69% ] 30/30 VUs  2m45.0s/4m00.0s

running (2m46.0s), 30/30 VUs, 5597 complete and 0 interrupted iterations
default   [  69% ] 30/30 VUs  2m46.0s/4m00.0s

running (2m47.0s), 30/30 VUs, 5631 complete and 0 interrupted iterations
default   [  70% ] 30/30 VUs  2m47.0s/4m00.0s

running (2m48.0s), 30/30 VUs, 5665 complete and 0 interrupted iterations
default   [  70% ] 30/30 VUs  2m48.0s/4m00.0s

running (2m49.0s), 30/30 VUs, 5697 complete and 0 interrupted iterations
default   [  70% ] 30/30 VUs  2m49.0s/4m00.0s

running (2m50.0s), 30/30 VUs, 5733 complete and 0 interrupted iterations
default   [  71% ] 30/30 VUs  2m50.0s/4m00.0s

running (2m51.0s), 30/30 VUs, 5765 complete and 0 interrupted iterations
default   [  71% ] 30/30 VUs  2m51.0s/4m00.0s

running (2m52.0s), 30/30 VUs, 5801 complete and 0 interrupted iterations
default   [  72% ] 30/30 VUs  2m52.0s/4m00.0s

running (2m53.0s), 30/30 VUs, 5833 complete and 0 interrupted iterations
default   [  72% ] 30/30 VUs  2m53.0s/4m00.0s

running (2m54.0s), 30/30 VUs, 5866 complete and 0 interrupted iterations
default   [  72% ] 30/30 VUs  2m54.0s/4m00.0s

running (2m55.0s), 30/30 VUs, 5901 complete and 0 interrupted iterations
default   [  73% ] 30/30 VUs  2m55.0s/4m00.0s

running (2m56.0s), 30/30 VUs, 5934 complete and 0 interrupted iterations
default   [  73% ] 30/30 VUs  2m56.0s/4m00.0s

running (2m57.0s), 30/30 VUs, 5969 complete and 0 interrupted iterations
default   [  74% ] 30/30 VUs  2m57.0s/4m00.0s

running (2m58.0s), 30/30 VUs, 6001 complete and 0 interrupted iterations
default   [  74% ] 30/30 VUs  2m58.0s/4m00.0s

running (2m59.0s), 30/30 VUs, 6037 complete and 0 interrupted iterations
default   [  75% ] 30/30 VUs  2m59.0s/4m00.0s

running (3m00.0s), 30/30 VUs, 6069 complete and 0 interrupted iterations
default   [  75% ] 30/30 VUs  3m00.0s/4m00.0s

running (3m01.0s), 30/30 VUs, 6105 complete and 0 interrupted iterations
default   [  75% ] 30/30 VUs  3m01.0s/4m00.0s

running (3m02.0s), 30/30 VUs, 6137 complete and 0 interrupted iterations
default   [  76% ] 30/30 VUs  3m02.0s/4m00.0s

running (3m03.0s), 30/30 VUs, 6172 complete and 0 interrupted iterations
default   [  76% ] 30/30 VUs  3m03.0s/4m00.0s

running (3m04.0s), 30/30 VUs, 6205 complete and 0 interrupted iterations
default   [  77% ] 30/30 VUs  3m04.0s/4m00.0s

running (3m05.0s), 30/30 VUs, 6238 complete and 0 interrupted iterations
default   [  77% ] 30/30 VUs  3m05.0s/4m00.0s

running (3m06.0s), 30/30 VUs, 6273 complete and 0 interrupted iterations
default   [  77% ] 30/30 VUs  3m06.0s/4m00.0s

running (3m07.0s), 30/30 VUs, 6306 complete and 0 interrupted iterations
default   [  78% ] 30/30 VUs  3m07.0s/4m00.0s

running (3m08.0s), 30/30 VUs, 6341 complete and 0 interrupted iterations
default   [  78% ] 30/30 VUs  3m08.0s/4m00.0s

running (3m09.0s), 30/30 VUs, 6373 complete and 0 interrupted iterations
default   [  79% ] 30/30 VUs  3m09.0s/4m00.0s

running (3m10.0s), 30/30 VUs, 6408 complete and 0 interrupted iterations
default   [  79% ] 30/30 VUs  3m10.0s/4m00.0s

running (3m11.0s), 30/30 VUs, 6441 complete and 0 interrupted iterations
default   [  80% ] 30/30 VUs  3m11.0s/4m00.0s

running (3m12.0s), 30/30 VUs, 6475 complete and 0 interrupted iterations
default   [  80% ] 30/30 VUs  3m12.0s/4m00.0s

running (3m13.0s), 30/30 VUs, 6508 complete and 0 interrupted iterations
default   [  80% ] 30/30 VUs  3m13.0s/4m00.0s

running (3m14.0s), 30/30 VUs, 6543 complete and 0 interrupted iterations
default   [  81% ] 30/30 VUs  3m14.0s/4m00.0s

running (3m15.0s), 30/30 VUs, 6576 complete and 0 interrupted iterations
default   [  81% ] 30/30 VUs  3m15.0s/4m00.0s

running (3m16.0s), 30/30 VUs, 6610 complete and 0 interrupted iterations
default   [  82% ] 30/30 VUs  3m16.0s/4m00.0s

running (3m17.0s), 30/30 VUs, 6644 complete and 0 interrupted iterations
default   [  82% ] 30/30 VUs  3m17.0s/4m00.0s

running (3m18.0s), 30/30 VUs, 6678 complete and 0 interrupted iterations
default   [  82% ] 30/30 VUs  3m18.0s/4m00.0s

running (3m19.0s), 30/30 VUs, 6710 complete and 0 interrupted iterations
default   [  83% ] 30/30 VUs  3m19.0s/4m00.0s

running (3m20.0s), 30/30 VUs, 6746 complete and 0 interrupted iterations
default   [  83% ] 30/30 VUs  3m20.0s/4m00.0s

running (3m21.0s), 30/30 VUs, 6778 complete and 0 interrupted iterations
default   [  84% ] 30/30 VUs  3m21.0s/4m00.0s

running (3m22.0s), 30/30 VUs, 6813 complete and 0 interrupted iterations
default   [  84% ] 30/30 VUs  3m22.0s/4m00.0s

running (3m23.0s), 30/30 VUs, 6846 complete and 0 interrupted iterations
default   [  85% ] 30/30 VUs  3m23.0s/4m00.0s

running (3m24.0s), 30/30 VUs, 6880 complete and 0 interrupted iterations
default   [  85% ] 30/30 VUs  3m24.0s/4m00.0s

running (3m25.0s), 30/30 VUs, 6914 complete and 0 interrupted iterations
default   [  85% ] 30/30 VUs  3m25.0s/4m00.0s

running (3m26.0s), 30/30 VUs, 6948 complete and 0 interrupted iterations
default   [  86% ] 30/30 VUs  3m26.0s/4m00.0s

running (3m27.0s), 30/30 VUs, 6982 complete and 0 interrupted iterations
default   [  86% ] 30/30 VUs  3m27.0s/4m00.0s

running (3m28.0s), 30/30 VUs, 7014 complete and 0 interrupted iterations
default   [  87% ] 30/30 VUs  3m28.0s/4m00.0s

running (3m29.0s), 30/30 VUs, 7050 complete and 0 interrupted iterations
default   [  87% ] 30/30 VUs  3m29.0s/4m00.0s

running (3m30.0s), 30/30 VUs, 7082 complete and 0 interrupted iterations
default   [  87% ] 30/30 VUs  3m30.0s/4m00.0s

running (3m31.0s), 30/30 VUs, 7118 complete and 0 interrupted iterations
default   [  88% ] 30/30 VUs  3m31.0s/4m00.0s

running (3m32.0s), 29/30 VUs, 7150 complete and 0 interrupted iterations
default   [  88% ] 29/30 VUs  3m32.0s/4m00.0s

running (3m33.0s), 28/30 VUs, 7185 complete and 0 interrupted iterations
default   [  89% ] 28/30 VUs  3m33.0s/4m00.0s

running (3m34.0s), 28/30 VUs, 7218 complete and 0 interrupted iterations
default   [  89% ] 28/30 VUs  3m34.0s/4m00.0s

running (3m35.0s), 26/30 VUs, 7253 complete and 0 interrupted iterations
default   [  90% ] 26/30 VUs  3m35.0s/4m00.0s

running (3m36.0s), 25/30 VUs, 7286 complete and 0 interrupted iterations
default   [  90% ] 25/30 VUs  3m36.0s/4m00.0s

running (3m37.0s), 24/30 VUs, 7321 complete and 0 interrupted iterations
default   [  90% ] 24/30 VUs  3m37.0s/4m00.0s

running (3m38.0s), 23/30 VUs, 7353 complete and 0 interrupted iterations
default   [  91% ] 23/30 VUs  3m38.0s/4m00.0s

running (3m39.0s), 22/30 VUs, 7388 complete and 0 interrupted iterations
default   [  91% ] 22/30 VUs  3m39.0s/4m00.0s

running (3m40.0s), 21/30 VUs, 7421 complete and 0 interrupted iterations
default   [  92% ] 21/30 VUs  3m40.0s/4m00.0s

running (3m41.0s), 20/30 VUs, 7455 complete and 0 interrupted iterations
default   [  92% ] 20/30 VUs  3m41.0s/4m00.0s

running (3m42.0s), 19/30 VUs, 7489 complete and 0 interrupted iterations
default   [  92% ] 19/30 VUs  3m42.0s/4m00.0s

running (3m43.0s), 18/30 VUs, 7522 complete and 0 interrupted iterations
default   [  93% ] 18/30 VUs  3m43.0s/4m00.0s

running (3m44.0s), 17/30 VUs, 7557 complete and 0 interrupted iterations
default   [  93% ] 17/30 VUs  3m44.0s/4m00.0s

running (3m45.0s), 16/30 VUs, 7590 complete and 0 interrupted iterations
default   [  94% ] 16/30 VUs  3m45.0s/4m00.0s

running (3m46.0s), 15/30 VUs, 7625 complete and 0 interrupted iterations
default   [  94% ] 15/30 VUs  3m46.0s/4m00.0s

running (3m47.0s), 14/30 VUs, 7658 complete and 0 interrupted iterations
default   [  95% ] 14/30 VUs  3m47.0s/4m00.0s

running (3m48.0s), 13/30 VUs, 7692 complete and 0 interrupted iterations
default   [  95% ] 13/30 VUs  3m48.0s/4m00.0s

running (3m49.0s), 12/30 VUs, 7725 complete and 0 interrupted iterations
default   [  95% ] 12/30 VUs  3m49.0s/4m00.0s

running (3m50.0s), 11/30 VUs, 7760 complete and 0 interrupted iterations
default   [  96% ] 11/30 VUs  3m50.0s/4m00.0s

running (3m51.0s), 10/30 VUs, 7793 complete and 0 interrupted iterations
default   [  96% ] 10/30 VUs  3m51.0s/4m00.0s

running (3m52.0s), 09/30 VUs, 7826 complete and 0 interrupted iterations
default   [  97% ] 09/30 VUs  3m52.0s/4m00.0s

running (3m53.0s), 08/30 VUs, 7861 complete and 0 interrupted iterations
default   [  97% ] 08/30 VUs  3m53.0s/4m00.0s

running (3m54.0s), 07/30 VUs, 7895 complete and 0 interrupted iterations
default   [  97% ] 07/30 VUs  3m54.0s/4m00.0s

running (3m55.0s), 06/30 VUs, 7929 complete and 0 interrupted iterations
default   [  98% ] 06/30 VUs  3m55.0s/4m00.0s

running (3m56.0s), 05/30 VUs, 7962 complete and 0 interrupted iterations
default   [  98% ] 05/30 VUs  3m56.0s/4m00.0s

running (3m57.0s), 04/30 VUs, 7997 complete and 0 interrupted iterations
default   [  99% ] 04/30 VUs  3m57.0s/4m00.0s

running (3m58.0s), 03/30 VUs, 8031 complete and 0 interrupted iterations
default   [  99% ] 03/30 VUs  3m58.0s/4m00.0s

running (3m59.0s), 02/30 VUs, 8064 complete and 0 interrupted iterations
default   [ 100% ] 02/30 VUs  3m59.0s/4m00.0s

running (4m00.0s), 01/30 VUs, 8082 complete and 0 interrupted iterations
default   [ 100% ] 01/30 VUs  4m00.0s/4m00.0s


  █ THRESHOLDS 

    checks
    ✓ 'rate>0.95' rate=100.00%

    http_req_duration
    ✓ 'p(95)<5000' p(95)=1.07s
    ✓ 'p(99)<10000' p(99)=1.31s

    http_req_failed
    ✓ 'rate<0.05' rate=0.00%


  █ TOTAL RESULTS 

    checks_total.......: 32336   134.708149/s
    checks_succeeded...: 100.00% 32336 out of 32336
    checks_failed......: 0.00%   0 out of 32336

    ✓ status is 200
    ✓ content-type is json
    ✓ workloadType is CPU-BOUND
    ✓ executionTimeMs exists

    CUSTOM
    response_time_ms...............: min=56.812832 avg=782.056607 med=830.208893 max=1920.447873 p(90)=953.980521 p(95)=1076.01979 p(99)=1310.199804
    successful_requests............: 8084   33.677037/s

    HTTP
    http_req_duration..............: min=56.81ms   avg=782.05ms   med=830.2ms    max=1.92s       p(90)=953.98ms   p(95)=1.07s      p(99)=1.31s      
      { expected_response:true }...: min=56.81ms   avg=782.05ms   med=830.2ms    max=1.92s       p(90)=953.98ms   p(95)=1.07s      p(99)=1.31s      
    http_req_failed................: 0.00%  0 out of 8084
    http_reqs......................: 8084   33.677037/s

    EXECUTION
    iteration_duration.............: min=56.98ms   avg=782.21ms   med=830.35ms   max=1.92s       p(90)=954.12ms   p(95)=1.07s      p(99)=1.31s      
    iterations.....................: 8084   33.677037/s
    vus............................: 1      min=1         max=30
    vus_max........................: 30     min=30        max=30

    NETWORK
    data_received..................: 1.9 MB 7.7 kB/s
    data_sent......................: 647 kB 2.7 kB/s




running (4m00.0s), 00/30 VUs, 8084 complete and 0 interrupted iterations
default ✓ [ 100% ] 00/30 VUs  4m0s
