
         /\      Grafana   /‾‾/  
    /\  /  \     |\  __   /  /   
   /  \/    \    | |/ /  /   ‾‾\ 
  /          \   |   (  |  (‾)  |
 / __________ \  |_|\_\  \_____/ 


     execution: local
        script: cpu-bound-test.js
        output: -

     scenarios: (100.00%) 1 scenario, 30 max VUs, 4m30s max duration (incl. graceful stop):
              * default: Up to 30 looping VUs for 4m0s over 3 stages (gracefulRampDown: 30s, gracefulStop: 30s)


running (0m01.0s), 01/30 VUs, 16 complete and 0 interrupted iterations
default   [   0% ] 01/30 VUs  0m01.0s/4m00.0s

running (0m02.0s), 02/30 VUs, 50 complete and 0 interrupted iterations
default   [   1% ] 02/30 VUs  0m02.0s/4m00.0s

running (0m03.0s), 03/30 VUs, 83 complete and 0 interrupted iterations
default   [   1% ] 03/30 VUs  0m03.0s/4m00.0s

running (0m04.0s), 04/30 VUs, 116 complete and 0 interrupted iterations
default   [   2% ] 04/30 VUs  0m04.0s/4m00.0s

running (0m05.0s), 05/30 VUs, 150 complete and 0 interrupted iterations
default   [   2% ] 05/30 VUs  0m05.0s/4m00.0s

running (0m06.0s), 06/30 VUs, 184 complete and 0 interrupted iterations
default   [   2% ] 06/30 VUs  0m06.0s/4m00.0s

running (0m07.0s), 07/30 VUs, 216 complete and 0 interrupted iterations
default   [   3% ] 07/30 VUs  0m07.0s/4m00.0s

running (0m08.0s), 08/30 VUs, 252 complete and 0 interrupted iterations
default   [   3% ] 08/30 VUs  0m08.0s/4m00.0s

running (0m09.0s), 09/30 VUs, 284 complete and 0 interrupted iterations
default   [   4% ] 09/30 VUs  0m09.0s/4m00.0s

running (0m10.0s), 10/30 VUs, 320 complete and 0 interrupted iterations
default   [   4% ] 10/30 VUs  0m10.0s/4m00.0s

running (0m11.0s), 11/30 VUs, 352 complete and 0 interrupted iterations
default   [   5% ] 11/30 VUs  0m11.0s/4m00.0s

running (0m12.0s), 12/30 VUs, 388 complete and 0 interrupted iterations
default   [   5% ] 12/30 VUs  0m12.0s/4m00.0s

running (0m13.0s), 13/30 VUs, 420 complete and 0 interrupted iterations
default   [   5% ] 13/30 VUs  0m13.0s/4m00.0s

running (0m14.0s), 14/30 VUs, 455 complete and 0 interrupted iterations
default   [   6% ] 14/30 VUs  0m14.0s/4m00.0s

running (0m15.0s), 15/30 VUs, 488 complete and 0 interrupted iterations
default   [   6% ] 15/30 VUs  0m15.0s/4m00.0s

running (0m16.0s), 16/30 VUs, 522 complete and 0 interrupted iterations
default   [   7% ] 16/30 VUs  0m16.0s/4m00.0s

running (0m17.0s), 17/30 VUs, 556 complete and 0 interrupted iterations
default   [   7% ] 17/30 VUs  0m17.0s/4m00.0s

running (0m18.0s), 18/30 VUs, 590 complete and 0 interrupted iterations
default   [   7% ] 18/30 VUs  0m18.0s/4m00.0s

running (0m19.0s), 19/30 VUs, 624 complete and 0 interrupted iterations
default   [   8% ] 19/30 VUs  0m19.0s/4m00.0s

running (0m20.0s), 20/30 VUs, 656 complete and 0 interrupted iterations
default   [   8% ] 20/30 VUs  0m20.0s/4m00.0s

running (0m21.0s), 21/30 VUs, 692 complete and 0 interrupted iterations
default   [   9% ] 21/30 VUs  0m21.0s/4m00.0s

running (0m22.0s), 22/30 VUs, 724 complete and 0 interrupted iterations
default   [   9% ] 22/30 VUs  0m22.0s/4m00.0s

running (0m23.0s), 23/30 VUs, 759 complete and 0 interrupted iterations
default   [  10% ] 23/30 VUs  0m23.0s/4m00.0s

running (0m24.0s), 24/30 VUs, 792 complete and 0 interrupted iterations
default   [  10% ] 24/30 VUs  0m24.0s/4m00.0s

running (0m25.0s), 25/30 VUs, 827 complete and 0 interrupted iterations
default   [  10% ] 25/30 VUs  0m25.0s/4m00.0s

running (0m26.0s), 26/30 VUs, 860 complete and 0 interrupted iterations
default   [  11% ] 26/30 VUs  0m26.0s/4m00.0s

running (0m27.0s), 27/30 VUs, 895 complete and 0 interrupted iterations
default   [  11% ] 27/30 VUs  0m27.0s/4m00.0s

running (0m28.0s), 28/30 VUs, 927 complete and 0 interrupted iterations
default   [  12% ] 28/30 VUs  0m28.0s/4m00.0s

running (0m29.0s), 29/30 VUs, 962 complete and 0 interrupted iterations
default   [  12% ] 29/30 VUs  0m29.0s/4m00.0s

running (0m30.0s), 29/30 VUs, 995 complete and 0 interrupted iterations
default   [  12% ] 29/30 VUs  0m30.0s/4m00.0s

running (0m31.0s), 30/30 VUs, 1030 complete and 0 interrupted iterations
default   [  13% ] 30/30 VUs  0m31.0s/4m00.0s

running (0m32.0s), 30/30 VUs, 1063 complete and 0 interrupted iterations
default   [  13% ] 30/30 VUs  0m32.0s/4m00.0s

running (0m33.0s), 30/30 VUs, 1098 complete and 0 interrupted iterations
default   [  14% ] 30/30 VUs  0m33.0s/4m00.0s

running (0m34.0s), 30/30 VUs, 1131 complete and 0 interrupted iterations
default   [  14% ] 30/30 VUs  0m34.0s/4m00.0s

running (0m35.0s), 30/30 VUs, 1165 complete and 0 interrupted iterations
default   [  15% ] 30/30 VUs  0m35.0s/4m00.0s

running (0m36.0s), 30/30 VUs, 1199 complete and 0 interrupted iterations
default   [  15% ] 30/30 VUs  0m36.0s/4m00.0s

running (0m37.0s), 30/30 VUs, 1232 complete and 0 interrupted iterations
default   [  15% ] 30/30 VUs  0m37.0s/4m00.0s

running (0m38.0s), 30/30 VUs, 1267 complete and 0 interrupted iterations
default   [  16% ] 30/30 VUs  0m38.0s/4m00.0s

running (0m39.0s), 30/30 VUs, 1300 complete and 0 interrupted iterations
default   [  16% ] 30/30 VUs  0m39.0s/4m00.0s

running (0m40.0s), 30/30 VUs, 1335 complete and 0 interrupted iterations
default   [  17% ] 30/30 VUs  0m40.0s/4m00.0s

running (0m41.0s), 30/30 VUs, 1368 complete and 0 interrupted iterations
default   [  17% ] 30/30 VUs  0m41.0s/4m00.0s

running (0m42.0s), 30/30 VUs, 1402 complete and 0 interrupted iterations
default   [  17% ] 30/30 VUs  0m42.0s/4m00.0s

running (0m43.0s), 30/30 VUs, 1435 complete and 0 interrupted iterations
default   [  18% ] 30/30 VUs  0m43.0s/4m00.0s

running (0m44.0s), 30/30 VUs, 1470 complete and 0 interrupted iterations
default   [  18% ] 30/30 VUs  0m44.0s/4m00.0s

running (0m45.0s), 30/30 VUs, 1503 complete and 0 interrupted iterations
default   [  19% ] 30/30 VUs  0m45.0s/4m00.0s

running (0m46.0s), 30/30 VUs, 1536 complete and 0 interrupted iterations
default   [  19% ] 30/30 VUs  0m46.0s/4m00.0s

running (0m47.0s), 30/30 VUs, 1571 complete and 0 interrupted iterations
default   [  20% ] 30/30 VUs  0m47.0s/4m00.0s

running (0m48.0s), 30/30 VUs, 1604 complete and 0 interrupted iterations
default   [  20% ] 30/30 VUs  0m48.0s/4m00.0s

running (0m49.0s), 30/30 VUs, 1639 complete and 0 interrupted iterations
default   [  20% ] 30/30 VUs  0m49.0s/4m00.0s

running (0m50.0s), 30/30 VUs, 1672 complete and 0 interrupted iterations
default   [  21% ] 30/30 VUs  0m50.0s/4m00.0s

running (0m51.0s), 30/30 VUs, 1707 complete and 0 interrupted iterations
default   [  21% ] 30/30 VUs  0m51.0s/4m00.0s

running (0m52.0s), 30/30 VUs, 1740 complete and 0 interrupted iterations
default   [  22% ] 30/30 VUs  0m52.0s/4m00.0s

running (0m53.0s), 30/30 VUs, 1775 complete and 0 interrupted iterations
default   [  22% ] 30/30 VUs  0m53.0s/4m00.0s

running (0m54.0s), 30/30 VUs, 1808 complete and 0 interrupted iterations
default   [  22% ] 30/30 VUs  0m54.0s/4m00.0s

running (0m55.0s), 30/30 VUs, 1842 complete and 0 interrupted iterations
default   [  23% ] 30/30 VUs  0m55.0s/4m00.0s

running (0m56.0s), 30/30 VUs, 1876 complete and 0 interrupted iterations
default   [  23% ] 30/30 VUs  0m56.0s/4m00.0s

running (0m57.0s), 30/30 VUs, 1910 complete and 0 interrupted iterations
default   [  24% ] 30/30 VUs  0m57.0s/4m00.0s

running (0m58.0s), 30/30 VUs, 1944 complete and 0 interrupted iterations
default   [  24% ] 30/30 VUs  0m58.0s/4m00.0s

running (0m59.0s), 30/30 VUs, 1976 complete and 0 interrupted iterations
default   [  25% ] 30/30 VUs  0m59.0s/4m00.0s

running (1m00.0s), 30/30 VUs, 2012 complete and 0 interrupted iterations
default   [  25% ] 30/30 VUs  1m00.0s/4m00.0s

running (1m01.0s), 30/30 VUs, 2044 complete and 0 interrupted iterations
default   [  25% ] 30/30 VUs  1m01.0s/4m00.0s

running (1m02.0s), 30/30 VUs, 2080 complete and 0 interrupted iterations
default   [  26% ] 30/30 VUs  1m02.0s/4m00.0s

running (1m03.0s), 30/30 VUs, 2112 complete and 0 interrupted iterations
default   [  26% ] 30/30 VUs  1m03.0s/4m00.0s

running (1m04.0s), 30/30 VUs, 2147 complete and 0 interrupted iterations
default   [  27% ] 30/30 VUs  1m04.0s/4m00.0s

running (1m05.0s), 30/30 VUs, 2180 complete and 0 interrupted iterations
default   [  27% ] 30/30 VUs  1m05.0s/4m00.0s

running (1m06.0s), 30/30 VUs, 2215 complete and 0 interrupted iterations
default   [  27% ] 30/30 VUs  1m06.0s/4m00.0s

running (1m07.0s), 30/30 VUs, 2248 complete and 0 interrupted iterations
default   [  28% ] 30/30 VUs  1m07.0s/4m00.0s

running (1m08.0s), 30/30 VUs, 2282 complete and 0 interrupted iterations
default   [  28% ] 30/30 VUs  1m08.0s/4m00.0s

running (1m09.0s), 30/30 VUs, 2316 complete and 0 interrupted iterations
default   [  29% ] 30/30 VUs  1m09.0s/4m00.0s

running (1m10.0s), 30/30 VUs, 2349 complete and 0 interrupted iterations
default   [  29% ] 30/30 VUs  1m10.0s/4m00.0s

running (1m11.0s), 30/30 VUs, 2384 complete and 0 interrupted iterations
default   [  30% ] 30/30 VUs  1m11.0s/4m00.0s

running (1m12.0s), 30/30 VUs, 2418 complete and 0 interrupted iterations
default   [  30% ] 30/30 VUs  1m12.0s/4m00.0s

running (1m13.0s), 30/30 VUs, 2451 complete and 0 interrupted iterations
default   [  30% ] 30/30 VUs  1m13.0s/4m00.0s

running (1m14.0s), 30/30 VUs, 2484 complete and 0 interrupted iterations
default   [  31% ] 30/30 VUs  1m14.0s/4m00.0s

running (1m15.0s), 30/30 VUs, 2519 complete and 0 interrupted iterations
default   [  31% ] 30/30 VUs  1m15.0s/4m00.0s

running (1m16.0s), 30/30 VUs, 2552 complete and 0 interrupted iterations
default   [  32% ] 30/30 VUs  1m16.0s/4m00.0s

running (1m17.0s), 30/30 VUs, 2587 complete and 0 interrupted iterations
default   [  32% ] 30/30 VUs  1m17.0s/4m00.0s

running (1m18.0s), 30/30 VUs, 2620 complete and 0 interrupted iterations
default   [  32% ] 30/30 VUs  1m18.0s/4m00.0s

running (1m19.0s), 30/30 VUs, 2655 complete and 0 interrupted iterations
default   [  33% ] 30/30 VUs  1m19.0s/4m00.0s

running (1m20.0s), 30/30 VUs, 2688 complete and 0 interrupted iterations
default   [  33% ] 30/30 VUs  1m20.0s/4m00.0s

running (1m21.0s), 30/30 VUs, 2722 complete and 0 interrupted iterations
default   [  34% ] 30/30 VUs  1m21.0s/4m00.0s

running (1m22.0s), 30/30 VUs, 2755 complete and 0 interrupted iterations
default   [  34% ] 30/30 VUs  1m22.0s/4m00.0s

running (1m23.0s), 30/30 VUs, 2791 complete and 0 interrupted iterations
default   [  35% ] 30/30 VUs  1m23.0s/4m00.0s

running (1m24.0s), 30/30 VUs, 2823 complete and 0 interrupted iterations
default   [  35% ] 30/30 VUs  1m24.0s/4m00.0s

running (1m25.0s), 30/30 VUs, 2858 complete and 0 interrupted iterations
default   [  35% ] 30/30 VUs  1m25.0s/4m00.0s

running (1m26.0s), 30/30 VUs, 2891 complete and 0 interrupted iterations
default   [  36% ] 30/30 VUs  1m26.0s/4m00.0s

running (1m27.0s), 30/30 VUs, 2925 complete and 0 interrupted iterations
default   [  36% ] 30/30 VUs  1m27.0s/4m00.0s

running (1m28.0s), 30/30 VUs, 2959 complete and 0 interrupted iterations
default   [  37% ] 30/30 VUs  1m28.0s/4m00.0s

running (1m29.0s), 30/30 VUs, 2993 complete and 0 interrupted iterations
default   [  37% ] 30/30 VUs  1m29.0s/4m00.0s

running (1m30.0s), 30/30 VUs, 3027 complete and 0 interrupted iterations
default   [  37% ] 30/30 VUs  1m30.0s/4m00.0s

running (1m31.0s), 30/30 VUs, 3062 complete and 0 interrupted iterations
default   [  38% ] 30/30 VUs  1m31.0s/4m00.0s

running (1m32.0s), 30/30 VUs, 3095 complete and 0 interrupted iterations
default   [  38% ] 30/30 VUs  1m32.0s/4m00.0s

running (1m33.0s), 30/30 VUs, 3128 complete and 0 interrupted iterations
default   [  39% ] 30/30 VUs  1m33.0s/4m00.0s

running (1m34.0s), 30/30 VUs, 3162 complete and 0 interrupted iterations
default   [  39% ] 30/30 VUs  1m34.0s/4m00.0s

running (1m35.0s), 30/30 VUs, 3196 complete and 0 interrupted iterations
default   [  40% ] 30/30 VUs  1m35.0s/4m00.0s

running (1m36.0s), 30/30 VUs, 3230 complete and 0 interrupted iterations
default   [  40% ] 30/30 VUs  1m36.0s/4m00.0s

running (1m37.0s), 30/30 VUs, 3264 complete and 0 interrupted iterations
default   [  40% ] 30/30 VUs  1m37.0s/4m00.0s

running (1m38.0s), 30/30 VUs, 3298 complete and 0 interrupted iterations
default   [  41% ] 30/30 VUs  1m38.0s/4m00.0s

running (1m39.0s), 30/30 VUs, 3331 complete and 0 interrupted iterations
default   [  41% ] 30/30 VUs  1m39.0s/4m00.0s

running (1m40.0s), 30/30 VUs, 3366 complete and 0 interrupted iterations
default   [  42% ] 30/30 VUs  1m40.0s/4m00.0s

running (1m41.0s), 30/30 VUs, 3399 complete and 0 interrupted iterations
default   [  42% ] 30/30 VUs  1m41.0s/4m00.0s

running (1m42.0s), 30/30 VUs, 3434 complete and 0 interrupted iterations
default   [  42% ] 30/30 VUs  1m42.0s/4m00.0s

running (1m43.0s), 30/30 VUs, 3467 complete and 0 interrupted iterations
default   [  43% ] 30/30 VUs  1m43.0s/4m00.0s

running (1m44.0s), 30/30 VUs, 3502 complete and 0 interrupted iterations
default   [  43% ] 30/30 VUs  1m44.0s/4m00.0s

running (1m45.0s), 30/30 VUs, 3535 complete and 0 interrupted iterations
default   [  44% ] 30/30 VUs  1m45.0s/4m00.0s

running (1m46.0s), 30/30 VUs, 3569 complete and 0 interrupted iterations
default   [  44% ] 30/30 VUs  1m46.0s/4m00.0s

running (1m47.0s), 30/30 VUs, 3603 complete and 0 interrupted iterations
default   [  45% ] 30/30 VUs  1m47.0s/4m00.0s

running (1m48.0s), 30/30 VUs, 3637 complete and 0 interrupted iterations
default   [  45% ] 30/30 VUs  1m48.0s/4m00.0s

running (1m49.0s), 30/30 VUs, 3671 complete and 0 interrupted iterations
default   [  45% ] 30/30 VUs  1m49.0s/4m00.0s

running (1m50.0s), 30/30 VUs, 3704 complete and 0 interrupted iterations
default   [  46% ] 30/30 VUs  1m50.0s/4m00.0s

running (1m51.0s), 30/30 VUs, 3739 complete and 0 interrupted iterations
default   [  46% ] 30/30 VUs  1m51.0s/4m00.0s

running (1m52.0s), 30/30 VUs, 3772 complete and 0 interrupted iterations
default   [  47% ] 30/30 VUs  1m52.0s/4m00.0s

running (1m53.0s), 30/30 VUs, 3807 complete and 0 interrupted iterations
default   [  47% ] 30/30 VUs  1m53.0s/4m00.0s

running (1m54.0s), 30/30 VUs, 3840 complete and 0 interrupted iterations
default   [  47% ] 30/30 VUs  1m54.0s/4m00.0s

running (1m55.0s), 30/30 VUs, 3875 complete and 0 interrupted iterations
default   [  48% ] 30/30 VUs  1m55.0s/4m00.0s

running (1m56.0s), 30/30 VUs, 3907 complete and 0 interrupted iterations
default   [  48% ] 30/30 VUs  1m56.0s/4m00.0s

running (1m57.0s), 30/30 VUs, 3942 complete and 0 interrupted iterations
default   [  49% ] 30/30 VUs  1m57.0s/4m00.0s

running (1m58.0s), 30/30 VUs, 3975 complete and 0 interrupted iterations
default   [  49% ] 30/30 VUs  1m58.0s/4m00.0s

running (1m59.0s), 30/30 VUs, 4009 complete and 0 interrupted iterations
default   [  50% ] 30/30 VUs  1m59.0s/4m00.0s

running (2m00.0s), 30/30 VUs, 4043 complete and 0 interrupted iterations
default   [  50% ] 30/30 VUs  2m00.0s/4m00.0s

running (2m01.0s), 30/30 VUs, 4077 complete and 0 interrupted iterations
default   [  50% ] 30/30 VUs  2m01.0s/4m00.0s

running (2m02.0s), 30/30 VUs, 4111 complete and 0 interrupted iterations
default   [  51% ] 30/30 VUs  2m02.0s/4m00.0s

running (2m03.0s), 30/30 VUs, 4145 complete and 0 interrupted iterations
default   [  51% ] 30/30 VUs  2m03.0s/4m00.0s

running (2m04.0s), 30/30 VUs, 4179 complete and 0 interrupted iterations
default   [  52% ] 30/30 VUs  2m04.0s/4m00.0s

running (2m05.0s), 30/30 VUs, 4213 complete and 0 interrupted iterations
default   [  52% ] 30/30 VUs  2m05.0s/4m00.0s

running (2m06.0s), 30/30 VUs, 4247 complete and 0 interrupted iterations
default   [  52% ] 30/30 VUs  2m06.0s/4m00.0s

running (2m07.0s), 30/30 VUs, 4280 complete and 0 interrupted iterations
default   [  53% ] 30/30 VUs  2m07.0s/4m00.0s

running (2m08.0s), 30/30 VUs, 4315 complete and 0 interrupted iterations
default   [  53% ] 30/30 VUs  2m08.0s/4m00.0s

running (2m09.0s), 30/30 VUs, 4347 complete and 0 interrupted iterations
default   [  54% ] 30/30 VUs  2m09.0s/4m00.0s

running (2m10.0s), 30/30 VUs, 4383 complete and 0 interrupted iterations
default   [  54% ] 30/30 VUs  2m10.0s/4m00.0s

running (2m11.0s), 30/30 VUs, 4416 complete and 0 interrupted iterations
default   [  55% ] 30/30 VUs  2m11.0s/4m00.0s

running (2m12.0s), 30/30 VUs, 4451 complete and 0 interrupted iterations
default   [  55% ] 30/30 VUs  2m12.0s/4m00.0s

running (2m13.0s), 30/30 VUs, 4483 complete and 0 interrupted iterations
default   [  55% ] 30/30 VUs  2m13.0s/4m00.0s

running (2m14.0s), 30/30 VUs, 4519 complete and 0 interrupted iterations
default   [  56% ] 30/30 VUs  2m14.0s/4m00.0s

running (2m15.0s), 30/30 VUs, 4551 complete and 0 interrupted iterations
default   [  56% ] 30/30 VUs  2m15.0s/4m00.0s

running (2m16.0s), 30/30 VUs, 4585 complete and 0 interrupted iterations
default   [  57% ] 30/30 VUs  2m16.0s/4m00.0s

running (2m17.0s), 30/30 VUs, 4619 complete and 0 interrupted iterations
default   [  57% ] 30/30 VUs  2m17.0s/4m00.0s

running (2m18.0s), 30/30 VUs, 4653 complete and 0 interrupted iterations
default   [  57% ] 30/30 VUs  2m18.0s/4m00.0s

running (2m19.0s), 30/30 VUs, 4687 complete and 0 interrupted iterations
default   [  58% ] 30/30 VUs  2m19.0s/4m00.0s

running (2m20.0s), 30/30 VUs, 4721 complete and 0 interrupted iterations
default   [  58% ] 30/30 VUs  2m20.0s/4m00.0s

running (2m21.0s), 30/30 VUs, 4755 complete and 0 interrupted iterations
default   [  59% ] 30/30 VUs  2m21.0s/4m00.0s

running (2m22.0s), 30/30 VUs, 4789 complete and 0 interrupted iterations
default   [  59% ] 30/30 VUs  2m22.0s/4m00.0s

running (2m23.0s), 30/30 VUs, 4823 complete and 0 interrupted iterations
default   [  60% ] 30/30 VUs  2m23.0s/4m00.0s

running (2m24.0s), 30/30 VUs, 4857 complete and 0 interrupted iterations
default   [  60% ] 30/30 VUs  2m24.0s/4m00.0s

running (2m25.0s), 30/30 VUs, 4891 complete and 0 interrupted iterations
default   [  60% ] 30/30 VUs  2m25.0s/4m00.0s

running (2m26.0s), 30/30 VUs, 4924 complete and 0 interrupted iterations
default   [  61% ] 30/30 VUs  2m26.0s/4m00.0s

running (2m27.0s), 30/30 VUs, 4958 complete and 0 interrupted iterations
default   [  61% ] 30/30 VUs  2m27.0s/4m00.0s

running (2m28.0s), 30/30 VUs, 4991 complete and 0 interrupted iterations
default   [  62% ] 30/30 VUs  2m28.0s/4m00.0s

running (2m29.0s), 30/30 VUs, 5026 complete and 0 interrupted iterations
default   [  62% ] 30/30 VUs  2m29.0s/4m00.0s

running (2m30.0s), 30/30 VUs, 5059 complete and 0 interrupted iterations
default   [  62% ] 30/30 VUs  2m30.0s/4m00.0s

running (2m31.0s), 30/30 VUs, 5093 complete and 0 interrupted iterations
default   [  63% ] 30/30 VUs  2m31.0s/4m00.0s

running (2m32.0s), 30/30 VUs, 5127 complete and 0 interrupted iterations
default   [  63% ] 30/30 VUs  2m32.0s/4m00.0s

running (2m33.0s), 30/30 VUs, 5161 complete and 0 interrupted iterations
default   [  64% ] 30/30 VUs  2m33.0s/4m00.0s

running (2m34.0s), 30/30 VUs, 5195 complete and 0 interrupted iterations
default   [  64% ] 30/30 VUs  2m34.0s/4m00.0s

running (2m35.0s), 30/30 VUs, 5229 complete and 0 interrupted iterations
default   [  65% ] 30/30 VUs  2m35.0s/4m00.0s

running (2m36.0s), 30/30 VUs, 5263 complete and 0 interrupted iterations
default   [  65% ] 30/30 VUs  2m36.0s/4m00.0s

running (2m37.0s), 30/30 VUs, 5296 complete and 0 interrupted iterations
default   [  65% ] 30/30 VUs  2m37.0s/4m00.0s

running (2m38.0s), 30/30 VUs, 5331 complete and 0 interrupted iterations
default   [  66% ] 30/30 VUs  2m38.0s/4m00.0s

running (2m39.0s), 30/30 VUs, 5363 complete and 0 interrupted iterations
default   [  66% ] 30/30 VUs  2m39.0s/4m00.0s

running (2m40.0s), 30/30 VUs, 5398 complete and 0 interrupted iterations
default   [  67% ] 30/30 VUs  2m40.0s/4m00.0s

running (2m41.0s), 30/30 VUs, 5431 complete and 0 interrupted iterations
default   [  67% ] 30/30 VUs  2m41.0s/4m00.0s

running (2m42.0s), 30/30 VUs, 5466 complete and 0 interrupted iterations
default   [  67% ] 30/30 VUs  2m42.0s/4m00.0s

running (2m43.0s), 30/30 VUs, 5499 complete and 0 interrupted iterations
default   [  68% ] 30/30 VUs  2m43.0s/4m00.0s

running (2m44.0s), 30/30 VUs, 5534 complete and 0 interrupted iterations
default   [  68% ] 30/30 VUs  2m44.0s/4m00.0s

running (2m45.0s), 30/30 VUs, 5567 complete and 0 interrupted iterations
default   [  69% ] 30/30 VUs  2m45.0s/4m00.0s

running (2m46.0s), 30/30 VUs, 5601 complete and 0 interrupted iterations
default   [  69% ] 30/30 VUs  2m46.0s/4m00.0s

running (2m47.0s), 30/30 VUs, 5635 complete and 0 interrupted iterations
default   [  70% ] 30/30 VUs  2m47.0s/4m00.0s

running (2m48.0s), 30/30 VUs, 5669 complete and 0 interrupted iterations
default   [  70% ] 30/30 VUs  2m48.0s/4m00.0s

running (2m49.0s), 30/30 VUs, 5703 complete and 0 interrupted iterations
default   [  70% ] 30/30 VUs  2m49.0s/4m00.0s

running (2m50.0s), 30/30 VUs, 5737 complete and 0 interrupted iterations
default   [  71% ] 30/30 VUs  2m50.0s/4m00.0s

running (2m51.0s), 30/30 VUs, 5771 complete and 0 interrupted iterations
default   [  71% ] 30/30 VUs  2m51.0s/4m00.0s

running (2m52.0s), 30/30 VUs, 5805 complete and 0 interrupted iterations
default   [  72% ] 30/30 VUs  2m52.0s/4m00.0s

running (2m53.0s), 30/30 VUs, 5838 complete and 0 interrupted iterations
default   [  72% ] 30/30 VUs  2m53.0s/4m00.0s

running (2m54.0s), 30/30 VUs, 5871 complete and 0 interrupted iterations
default   [  72% ] 30/30 VUs  2m54.0s/4m00.0s

running (2m55.0s), 30/30 VUs, 5906 complete and 0 interrupted iterations
default   [  73% ] 30/30 VUs  2m55.0s/4m00.0s

running (2m56.0s), 30/30 VUs, 5940 complete and 0 interrupted iterations
default   [  73% ] 30/30 VUs  2m56.0s/4m00.0s

running (2m57.0s), 30/30 VUs, 5974 complete and 0 interrupted iterations
default   [  74% ] 30/30 VUs  2m57.0s/4m00.0s

running (2m58.0s), 30/30 VUs, 6007 complete and 0 interrupted iterations
default   [  74% ] 30/30 VUs  2m58.0s/4m00.0s

running (2m59.0s), 30/30 VUs, 6042 complete and 0 interrupted iterations
default   [  75% ] 30/30 VUs  2m59.0s/4m00.0s

running (3m00.0s), 30/30 VUs, 6075 complete and 0 interrupted iterations
default   [  75% ] 30/30 VUs  3m00.0s/4m00.0s

running (3m01.0s), 30/30 VUs, 6110 complete and 0 interrupted iterations
default   [  75% ] 30/30 VUs  3m01.0s/4m00.0s

running (3m02.0s), 30/30 VUs, 6143 complete and 0 interrupted iterations
default   [  76% ] 30/30 VUs  3m02.0s/4m00.0s

running (3m03.0s), 30/30 VUs, 6178 complete and 0 interrupted iterations
default   [  76% ] 30/30 VUs  3m03.0s/4m00.0s

running (3m04.0s), 30/30 VUs, 6211 complete and 0 interrupted iterations
default   [  77% ] 30/30 VUs  3m04.0s/4m00.0s

running (3m05.0s), 30/30 VUs, 6246 complete and 0 interrupted iterations
default   [  77% ] 30/30 VUs  3m05.0s/4m00.0s

running (3m06.0s), 30/30 VUs, 6279 complete and 0 interrupted iterations
default   [  77% ] 30/30 VUs  3m06.0s/4m00.0s

running (3m07.0s), 30/30 VUs, 6314 complete and 0 interrupted iterations
default   [  78% ] 30/30 VUs  3m07.0s/4m00.0s

running (3m08.0s), 30/30 VUs, 6347 complete and 0 interrupted iterations
default   [  78% ] 30/30 VUs  3m08.0s/4m00.0s

running (3m09.0s), 30/30 VUs, 6380 complete and 0 interrupted iterations
default   [  79% ] 30/30 VUs  3m09.0s/4m00.0s

running (3m10.0s), 30/30 VUs, 6415 complete and 0 interrupted iterations
default   [  79% ] 30/30 VUs  3m10.0s/4m00.0s

running (3m11.0s), 30/30 VUs, 6447 complete and 0 interrupted iterations
default   [  80% ] 30/30 VUs  3m11.0s/4m00.0s

running (3m12.0s), 30/30 VUs, 6482 complete and 0 interrupted iterations
default   [  80% ] 30/30 VUs  3m12.0s/4m00.0s

running (3m13.0s), 30/30 VUs, 6515 complete and 0 interrupted iterations
default   [  80% ] 30/30 VUs  3m13.0s/4m00.0s

running (3m14.0s), 30/30 VUs, 6550 complete and 0 interrupted iterations
default   [  81% ] 30/30 VUs  3m14.0s/4m00.0s

running (3m15.0s), 30/30 VUs, 6583 complete and 0 interrupted iterations
default   [  81% ] 30/30 VUs  3m15.0s/4m00.0s

running (3m16.0s), 30/30 VUs, 6618 complete and 0 interrupted iterations
default   [  82% ] 30/30 VUs  3m16.0s/4m00.0s

running (3m17.0s), 30/30 VUs, 6651 complete and 0 interrupted iterations
default   [  82% ] 30/30 VUs  3m17.0s/4m00.0s

running (3m18.0s), 30/30 VUs, 6686 complete and 0 interrupted iterations
default   [  82% ] 30/30 VUs  3m18.0s/4m00.0s

running (3m19.0s), 30/30 VUs, 6719 complete and 0 interrupted iterations
default   [  83% ] 30/30 VUs  3m19.0s/4m00.0s

running (3m20.0s), 30/30 VUs, 6754 complete and 0 interrupted iterations
default   [  83% ] 30/30 VUs  3m20.0s/4m00.0s

running (3m21.0s), 30/30 VUs, 6787 complete and 0 interrupted iterations
default   [  84% ] 30/30 VUs  3m21.0s/4m00.0s

running (3m22.0s), 30/30 VUs, 6821 complete and 0 interrupted iterations
default   [  84% ] 30/30 VUs  3m22.0s/4m00.0s

running (3m23.0s), 30/30 VUs, 6855 complete and 0 interrupted iterations
default   [  85% ] 30/30 VUs  3m23.0s/4m00.0s

running (3m24.0s), 30/30 VUs, 6888 complete and 0 interrupted iterations
default   [  85% ] 30/30 VUs  3m24.0s/4m00.0s

running (3m25.0s), 30/30 VUs, 6923 complete and 0 interrupted iterations
default   [  85% ] 30/30 VUs  3m25.0s/4m00.0s

running (3m26.0s), 30/30 VUs, 6955 complete and 0 interrupted iterations
default   [  86% ] 30/30 VUs  3m26.0s/4m00.0s

running (3m27.0s), 30/30 VUs, 6991 complete and 0 interrupted iterations
default   [  86% ] 30/30 VUs  3m27.0s/4m00.0s

running (3m28.0s), 30/30 VUs, 7023 complete and 0 interrupted iterations
default   [  87% ] 30/30 VUs  3m28.0s/4m00.0s

running (3m29.0s), 30/30 VUs, 7058 complete and 0 interrupted iterations
default   [  87% ] 30/30 VUs  3m29.0s/4m00.0s

running (3m30.0s), 30/30 VUs, 7091 complete and 0 interrupted iterations
default   [  87% ] 30/30 VUs  3m30.0s/4m00.0s

running (3m31.0s), 30/30 VUs, 7126 complete and 0 interrupted iterations
default   [  88% ] 30/30 VUs  3m31.0s/4m00.0s

running (3m32.0s), 30/30 VUs, 7159 complete and 0 interrupted iterations
default   [  88% ] 30/30 VUs  3m32.0s/4m00.0s

running (3m33.0s), 28/30 VUs, 7193 complete and 0 interrupted iterations
default   [  89% ] 28/30 VUs  3m33.0s/4m00.0s

running (3m34.0s), 27/30 VUs, 7227 complete and 0 interrupted iterations
default   [  89% ] 27/30 VUs  3m34.0s/4m00.0s

running (3m35.0s), 26/30 VUs, 7261 complete and 0 interrupted iterations
default   [  90% ] 26/30 VUs  3m35.0s/4m00.0s

running (3m36.0s), 25/30 VUs, 7295 complete and 0 interrupted iterations
default   [  90% ] 25/30 VUs  3m36.0s/4m00.0s

running (3m37.0s), 24/30 VUs, 7328 complete and 0 interrupted iterations
default   [  90% ] 24/30 VUs  3m37.0s/4m00.0s

running (3m38.0s), 23/30 VUs, 7363 complete and 0 interrupted iterations
default   [  91% ] 23/30 VUs  3m38.0s/4m00.0s

running (3m39.0s), 22/30 VUs, 7396 complete and 0 interrupted iterations
default   [  91% ] 22/30 VUs  3m39.0s/4m00.0s

running (3m40.0s), 21/30 VUs, 7431 complete and 0 interrupted iterations
default   [  92% ] 21/30 VUs  3m40.0s/4m00.0s

running (3m41.0s), 20/30 VUs, 7464 complete and 0 interrupted iterations
default   [  92% ] 20/30 VUs  3m41.0s/4m00.0s

running (3m42.0s), 19/30 VUs, 7498 complete and 0 interrupted iterations
default   [  92% ] 19/30 VUs  3m42.0s/4m00.0s

running (3m43.0s), 18/30 VUs, 7532 complete and 0 interrupted iterations
default   [  93% ] 18/30 VUs  3m43.0s/4m00.0s

running (3m44.0s), 17/30 VUs, 7566 complete and 0 interrupted iterations
default   [  93% ] 17/30 VUs  3m44.0s/4m00.0s

running (3m45.0s), 16/30 VUs, 7600 complete and 0 interrupted iterations
default   [  94% ] 16/30 VUs  3m45.0s/4m00.0s

running (3m46.0s), 15/30 VUs, 7634 complete and 0 interrupted iterations
default   [  94% ] 15/30 VUs  3m46.0s/4m00.0s

running (3m47.0s), 14/30 VUs, 7668 complete and 0 interrupted iterations
default   [  95% ] 14/30 VUs  3m47.0s/4m00.0s

running (3m48.0s), 13/30 VUs, 7701 complete and 0 interrupted iterations
default   [  95% ] 13/30 VUs  3m48.0s/4m00.0s

running (3m49.0s), 12/30 VUs, 7736 complete and 0 interrupted iterations
default   [  95% ] 12/30 VUs  3m49.0s/4m00.0s

running (3m50.0s), 11/30 VUs, 7769 complete and 0 interrupted iterations
default   [  96% ] 11/30 VUs  3m50.0s/4m00.0s

running (3m51.0s), 10/30 VUs, 7803 complete and 0 interrupted iterations
default   [  96% ] 10/30 VUs  3m51.0s/4m00.0s

running (3m52.0s), 09/30 VUs, 7836 complete and 0 interrupted iterations
default   [  97% ] 09/30 VUs  3m52.0s/4m00.0s

running (3m53.0s), 08/30 VUs, 7871 complete and 0 interrupted iterations
default   [  97% ] 08/30 VUs  3m53.0s/4m00.0s

running (3m54.0s), 07/30 VUs, 7904 complete and 0 interrupted iterations
default   [  97% ] 07/30 VUs  3m54.0s/4m00.0s

running (3m55.0s), 06/30 VUs, 7939 complete and 0 interrupted iterations
default   [  98% ] 06/30 VUs  3m55.0s/4m00.0s

running (3m56.0s), 05/30 VUs, 7972 complete and 0 interrupted iterations
default   [  98% ] 05/30 VUs  3m56.0s/4m00.0s

running (3m57.0s), 04/30 VUs, 8007 complete and 0 interrupted iterations
default   [  99% ] 04/30 VUs  3m57.0s/4m00.0s

running (3m58.0s), 03/30 VUs, 8041 complete and 0 interrupted iterations
default   [  99% ] 03/30 VUs  3m58.0s/4m00.0s

running (3m59.0s), 02/30 VUs, 8074 complete and 0 interrupted iterations
default   [ 100% ] 02/30 VUs  3m59.0s/4m00.0s

running (4m00.0s), 01/30 VUs, 8094 complete and 0 interrupted iterations
default   [ 100% ] 01/30 VUs  4m00.0s/4m00.0s


  █ THRESHOLDS 

    checks
    ✓ 'rate>0.95' rate=100.00%

    http_req_duration
    ✓ 'p(95)<5000' p(95)=1.18s
    ✓ 'p(99)<10000' p(99)=1.3s

    http_req_failed
    ✓ 'rate<0.05' rate=0.00%


  █ TOTAL RESULTS 

    checks_total.......: 32380   134.907643/s
    checks_succeeded...: 100.00% 32380 out of 32380
    checks_failed......: 0.00%   0 out of 32380

    ✓ status is 200
    ✓ content-type is json
    ✓ workloadType is CPU-BOUND
    ✓ executionTimeMs exists

    CUSTOM
    response_time_ms...............: min=56.795132 avg=781.041991 med=828.845571 max=2017.45575 p(90)=956.958407 p(95)=1180.72274 p(99)=1301.32678
    successful_requests............: 8095   33.726911/s

    HTTP
    http_req_duration..............: min=56.79ms   avg=781.04ms   med=828.84ms   max=2.01s      p(90)=956.95ms   p(95)=1.18s      p(99)=1.3s      
      { expected_response:true }...: min=56.79ms   avg=781.04ms   med=828.84ms   max=2.01s      p(90)=956.95ms   p(95)=1.18s      p(99)=1.3s      
    http_req_failed................: 0.00%  0 out of 8095
    http_reqs......................: 8095   33.726911/s

    EXECUTION
    iteration_duration.............: min=56.94ms   avg=781.2ms    med=829ms      max=2.01s      p(90)=957.14ms   p(95)=1.18s      p(99)=1.3s      
    iterations.....................: 8095   33.726911/s
    vus............................: 1      min=1         max=30
    vus_max........................: 30     min=30        max=30

    NETWORK
    data_received..................: 1.9 MB 7.8 kB/s
    data_sent......................: 648 kB 2.7 kB/s




running (4m00.0s), 00/30 VUs, 8095 complete and 0 interrupted iterations
default ✓ [ 100% ] 00/30 VUs  4m0s
