
         /\      Grafana   /‾‾/  
    /\  /  \     |\  __   /  /   
   /  \/    \    | |/ /  /   ‾‾\ 
  /          \   |   (  |  (‾)  |
 / __________ \  |_|\_\  \_____/ 


     execution: local
        script: io-bound-test.js
        output: -

     scenarios: (100.00%) 1 scenario, 300 max VUs, 6m30s max duration (incl. graceful stop):
              * default: Up to 300 looping VUs for 6m0s over 3 stages (gracefulRampDown: 30s, gracefulStop: 30s)


running (0m00.9s), 009/300 VUs, 81 complete and 0 interrupted iterations
default   [   0% ] 009/300 VUs  0m00.9s/6m00.0s

running (0m01.9s), 019/300 VUs, 353 complete and 0 interrupted iterations
default   [   1% ] 019/300 VUs  0m01.9s/6m00.0s

running (0m02.9s), 029/300 VUs, 821 complete and 0 interrupted iterations
default   [   1% ] 029/300 VUs  0m02.9s/6m00.0s

running (0m03.9s), 039/300 VUs, 1486 complete and 0 interrupted iterations
default   [   1% ] 039/300 VUs  0m03.9s/6m00.0s

running (0m04.9s), 049/300 VUs, 2345 complete and 0 interrupted iterations
default   [   1% ] 049/300 VUs  0m04.9s/6m00.0s

running (0m05.9s), 059/300 VUs, 3331 complete and 0 interrupted iterations
default   [   2% ] 059/300 VUs  0m05.9s/6m00.0s

running (0m06.9s), 069/300 VUs, 4318 complete and 0 interrupted iterations
default   [   2% ] 069/300 VUs  0m06.9s/6m00.0s

running (0m07.9s), 079/300 VUs, 5302 complete and 0 interrupted iterations
default   [   2% ] 079/300 VUs  0m07.9s/6m00.0s

running (0m08.9s), 089/300 VUs, 6299 complete and 0 interrupted iterations
default   [   2% ] 089/300 VUs  0m08.9s/6m00.0s

running (0m09.9s), 099/300 VUs, 7290 complete and 0 interrupted iterations
default   [   3% ] 099/300 VUs  0m09.9s/6m00.0s

running (0m10.9s), 109/300 VUs, 8269 complete and 0 interrupted iterations
default   [   3% ] 109/300 VUs  0m10.9s/6m00.0s

running (0m11.9s), 119/300 VUs, 9259 complete and 0 interrupted iterations
default   [   3% ] 119/300 VUs  0m11.9s/6m00.0s

running (0m12.9s), 129/300 VUs, 10254 complete and 0 interrupted iterations
default   [   4% ] 129/300 VUs  0m12.9s/6m00.0s

running (0m13.9s), 139/300 VUs, 11243 complete and 0 interrupted iterations
default   [   4% ] 139/300 VUs  0m13.9s/6m00.0s

running (0m14.9s), 149/300 VUs, 12221 complete and 0 interrupted iterations
default   [   4% ] 149/300 VUs  0m14.9s/6m00.0s

running (0m15.9s), 159/300 VUs, 13216 complete and 0 interrupted iterations
default   [   4% ] 159/300 VUs  0m15.9s/6m00.0s

running (0m16.9s), 169/300 VUs, 14209 complete and 0 interrupted iterations
default   [   5% ] 169/300 VUs  0m16.9s/6m00.0s

running (0m17.9s), 179/300 VUs, 15194 complete and 0 interrupted iterations
default   [   5% ] 179/300 VUs  0m17.9s/6m00.0s

running (0m18.9s), 189/300 VUs, 16177 complete and 0 interrupted iterations
default   [   5% ] 189/300 VUs  0m18.9s/6m00.0s

running (0m19.9s), 199/300 VUs, 17166 complete and 0 interrupted iterations
default   [   6% ] 199/300 VUs  0m19.9s/6m00.0s

running (0m20.9s), 209/300 VUs, 18161 complete and 0 interrupted iterations
default   [   6% ] 209/300 VUs  0m20.9s/6m00.0s

running (0m21.9s), 219/300 VUs, 19150 complete and 0 interrupted iterations
default   [   6% ] 219/300 VUs  0m21.9s/6m00.0s

running (0m22.9s), 229/300 VUs, 20130 complete and 0 interrupted iterations
default   [   6% ] 229/300 VUs  0m22.9s/6m00.0s

running (0m23.9s), 238/300 VUs, 21125 complete and 0 interrupted iterations
default   [   7% ] 238/300 VUs  0m23.9s/6m00.0s

running (0m24.9s), 248/300 VUs, 22111 complete and 0 interrupted iterations
default   [   7% ] 248/300 VUs  0m24.9s/6m00.0s

running (0m25.9s), 258/300 VUs, 23105 complete and 0 interrupted iterations
default   [   7% ] 258/300 VUs  0m25.9s/6m00.0s

running (0m26.9s), 268/300 VUs, 24085 complete and 0 interrupted iterations
default   [   7% ] 268/300 VUs  0m26.9s/6m00.0s

running (0m27.9s), 278/300 VUs, 25080 complete and 0 interrupted iterations
default   [   8% ] 278/300 VUs  0m27.9s/6m00.0s

running (0m28.9s), 288/300 VUs, 26064 complete and 0 interrupted iterations
default   [   8% ] 288/300 VUs  0m28.9s/6m00.0s

running (0m29.9s), 298/300 VUs, 27057 complete and 0 interrupted iterations
default   [   8% ] 298/300 VUs  0m29.9s/6m00.0s

running (0m30.9s), 300/300 VUs, 28038 complete and 0 interrupted iterations
default   [   9% ] 300/300 VUs  0m30.9s/6m00.0s

running (0m31.9s), 300/300 VUs, 29033 complete and 0 interrupted iterations
default   [   9% ] 300/300 VUs  0m31.9s/6m00.0s

running (0m32.9s), 300/300 VUs, 30014 complete and 0 interrupted iterations
default   [   9% ] 300/300 VUs  0m32.9s/6m00.0s

running (0m33.9s), 300/300 VUs, 31008 complete and 0 interrupted iterations
default   [   9% ] 300/300 VUs  0m33.9s/6m00.0s

running (0m34.9s), 300/300 VUs, 32003 complete and 0 interrupted iterations
default   [  10% ] 300/300 VUs  0m34.9s/6m00.0s

running (0m35.9s), 300/300 VUs, 32986 complete and 0 interrupted iterations
default   [  10% ] 300/300 VUs  0m35.9s/6m00.0s

running (0m36.9s), 300/300 VUs, 33973 complete and 0 interrupted iterations
default   [  10% ] 300/300 VUs  0m36.9s/6m00.0s

running (0m37.9s), 300/300 VUs, 34964 complete and 0 interrupted iterations
default   [  11% ] 300/300 VUs  0m37.9s/6m00.0s

running (0m38.9s), 300/300 VUs, 35956 complete and 0 interrupted iterations
default   [  11% ] 300/300 VUs  0m38.9s/6m00.0s

running (0m39.9s), 300/300 VUs, 36938 complete and 0 interrupted iterations
default   [  11% ] 300/300 VUs  0m39.9s/6m00.0s

running (0m40.9s), 300/300 VUs, 37929 complete and 0 interrupted iterations
default   [  11% ] 300/300 VUs  0m40.9s/6m00.0s

running (0m41.9s), 300/300 VUs, 38914 complete and 0 interrupted iterations
default   [  12% ] 300/300 VUs  0m41.9s/6m00.0s

running (0m42.9s), 300/300 VUs, 39912 complete and 0 interrupted iterations
default   [  12% ] 300/300 VUs  0m42.9s/6m00.0s

running (0m43.9s), 300/300 VUs, 40894 complete and 0 interrupted iterations
default   [  12% ] 300/300 VUs  0m43.9s/6m00.0s

running (0m44.9s), 300/300 VUs, 41883 complete and 0 interrupted iterations
default   [  12% ] 300/300 VUs  0m44.9s/6m00.0s

running (0m45.9s), 300/300 VUs, 42868 complete and 0 interrupted iterations
default   [  13% ] 300/300 VUs  0m45.9s/6m00.0s

running (0m46.9s), 300/300 VUs, 43864 complete and 0 interrupted iterations
default   [  13% ] 300/300 VUs  0m46.9s/6m00.0s

running (0m47.9s), 300/300 VUs, 44847 complete and 0 interrupted iterations
default   [  13% ] 300/300 VUs  0m47.9s/6m00.0s

running (0m48.9s), 300/300 VUs, 45841 complete and 0 interrupted iterations
default   [  14% ] 300/300 VUs  0m48.9s/6m00.0s

running (0m49.9s), 300/300 VUs, 46829 complete and 0 interrupted iterations
default   [  14% ] 300/300 VUs  0m49.9s/6m00.0s

running (0m50.9s), 300/300 VUs, 47808 complete and 0 interrupted iterations
default   [  14% ] 300/300 VUs  0m50.9s/6m00.0s

running (0m51.9s), 300/300 VUs, 48800 complete and 0 interrupted iterations
default   [  14% ] 300/300 VUs  0m51.9s/6m00.0s

running (0m52.9s), 300/300 VUs, 49797 complete and 0 interrupted iterations
default   [  15% ] 300/300 VUs  0m52.9s/6m00.0s

running (0m53.9s), 300/300 VUs, 50780 complete and 0 interrupted iterations
default   [  15% ] 300/300 VUs  0m53.9s/6m00.0s

running (0m54.9s), 300/300 VUs, 51764 complete and 0 interrupted iterations
default   [  15% ] 300/300 VUs  0m54.9s/6m00.0s

running (0m55.9s), 300/300 VUs, 52753 complete and 0 interrupted iterations
default   [  16% ] 300/300 VUs  0m55.9s/6m00.0s

running (0m56.9s), 300/300 VUs, 53747 complete and 0 interrupted iterations
default   [  16% ] 300/300 VUs  0m56.9s/6m00.0s

running (0m57.9s), 300/300 VUs, 54736 complete and 0 interrupted iterations
default   [  16% ] 300/300 VUs  0m57.9s/6m00.0s

running (0m58.9s), 300/300 VUs, 55714 complete and 0 interrupted iterations
default   [  16% ] 300/300 VUs  0m58.9s/6m00.0s

running (0m59.9s), 300/300 VUs, 56703 complete and 0 interrupted iterations
default   [  17% ] 300/300 VUs  0m59.9s/6m00.0s

running (1m00.9s), 300/300 VUs, 57701 complete and 0 interrupted iterations
default   [  17% ] 300/300 VUs  1m00.9s/6m00.0s

running (1m01.9s), 300/300 VUs, 58690 complete and 0 interrupted iterations
default   [  17% ] 300/300 VUs  1m01.9s/6m00.0s

running (1m02.9s), 300/300 VUs, 59666 complete and 0 interrupted iterations
default   [  17% ] 300/300 VUs  1m02.9s/6m00.0s

running (1m03.9s), 300/300 VUs, 60653 complete and 0 interrupted iterations
default   [  18% ] 300/300 VUs  1m03.9s/6m00.0s

running (1m04.9s), 300/300 VUs, 61653 complete and 0 interrupted iterations
default   [  18% ] 300/300 VUs  1m04.9s/6m00.0s

running (1m05.9s), 300/300 VUs, 62647 complete and 0 interrupted iterations
default   [  18% ] 300/300 VUs  1m05.9s/6m00.0s

running (1m06.9s), 300/300 VUs, 63616 complete and 0 interrupted iterations
default   [  19% ] 300/300 VUs  1m06.9s/6m00.0s

running (1m07.9s), 300/300 VUs, 64603 complete and 0 interrupted iterations
default   [  19% ] 300/300 VUs  1m07.9s/6m00.0s

running (1m08.9s), 300/300 VUs, 65603 complete and 0 interrupted iterations
default   [  19% ] 300/300 VUs  1m08.9s/6m00.0s

running (1m09.9s), 300/300 VUs, 66560 complete and 0 interrupted iterations
default   [  19% ] 300/300 VUs  1m09.9s/6m00.0s

running (1m10.9s), 300/300 VUs, 67553 complete and 0 interrupted iterations
default   [  20% ] 300/300 VUs  1m10.9s/6m00.0s

running (1m11.9s), 300/300 VUs, 68553 complete and 0 interrupted iterations
default   [  20% ] 300/300 VUs  1m11.9s/6m00.0s

running (1m12.9s), 300/300 VUs, 69547 complete and 0 interrupted iterations
default   [  20% ] 300/300 VUs  1m12.9s/6m00.0s

running (1m13.9s), 300/300 VUs, 70516 complete and 0 interrupted iterations
default   [  21% ] 300/300 VUs  1m13.9s/6m00.0s

running (1m14.9s), 300/300 VUs, 71503 complete and 0 interrupted iterations
default   [  21% ] 300/300 VUs  1m14.9s/6m00.0s

running (1m15.9s), 300/300 VUs, 72503 complete and 0 interrupted iterations
default   [  21% ] 300/300 VUs  1m15.9s/6m00.0s

running (1m16.9s), 300/300 VUs, 73484 complete and 0 interrupted iterations
default   [  21% ] 300/300 VUs  1m16.9s/6m00.0s

running (1m17.9s), 300/300 VUs, 74453 complete and 0 interrupted iterations
default   [  22% ] 300/300 VUs  1m17.9s/6m00.0s

running (1m18.9s), 300/300 VUs, 75453 complete and 0 interrupted iterations
default   [  22% ] 300/300 VUs  1m18.9s/6m00.0s

running (1m19.9s), 300/300 VUs, 76423 complete and 0 interrupted iterations
default   [  22% ] 300/300 VUs  1m19.9s/6m00.0s

running (1m20.9s), 300/300 VUs, 77403 complete and 0 interrupted iterations
default   [  22% ] 300/300 VUs  1m20.9s/6m00.0s

running (1m21.9s), 300/300 VUs, 78403 complete and 0 interrupted iterations
default   [  23% ] 300/300 VUs  1m21.9s/6m00.0s

running (1m22.9s), 300/300 VUs, 79380 complete and 0 interrupted iterations
default   [  23% ] 300/300 VUs  1m22.9s/6m00.0s

running (1m23.9s), 300/300 VUs, 80353 complete and 0 interrupted iterations
default   [  23% ] 300/300 VUs  1m23.9s/6m00.0s

running (1m24.9s), 300/300 VUs, 81353 complete and 0 interrupted iterations
default   [  24% ] 300/300 VUs  1m24.9s/6m00.0s

running (1m25.9s), 300/300 VUs, 82353 complete and 0 interrupted iterations
default   [  24% ] 300/300 VUs  1m25.9s/6m00.0s

running (1m26.9s), 300/300 VUs, 83329 complete and 0 interrupted iterations
default   [  24% ] 300/300 VUs  1m26.9s/6m00.0s

running (1m27.9s), 300/300 VUs, 84303 complete and 0 interrupted iterations
default   [  24% ] 300/300 VUs  1m27.9s/6m00.0s

running (1m28.9s), 300/300 VUs, 85303 complete and 0 interrupted iterations
default   [  25% ] 300/300 VUs  1m28.9s/6m00.0s

running (1m29.9s), 300/300 VUs, 86303 complete and 0 interrupted iterations
default   [  25% ] 300/300 VUs  1m29.9s/6m00.0s

running (1m30.9s), 300/300 VUs, 87256 complete and 0 interrupted iterations
default   [  25% ] 300/300 VUs  1m30.9s/6m00.0s

running (1m31.9s), 300/300 VUs, 88253 complete and 0 interrupted iterations
default   [  26% ] 300/300 VUs  1m31.9s/6m00.0s

running (1m32.9s), 300/300 VUs, 89253 complete and 0 interrupted iterations
default   [  26% ] 300/300 VUs  1m32.9s/6m00.0s

running (1m33.9s), 300/300 VUs, 90244 complete and 0 interrupted iterations
default   [  26% ] 300/300 VUs  1m33.9s/6m00.0s

running (1m34.9s), 300/300 VUs, 91216 complete and 0 interrupted iterations
default   [  26% ] 300/300 VUs  1m34.9s/6m00.0s

running (1m35.9s), 300/300 VUs, 92203 complete and 0 interrupted iterations
default   [  27% ] 300/300 VUs  1m35.9s/6m00.0s

running (1m36.9s), 300/300 VUs, 93203 complete and 0 interrupted iterations
default   [  27% ] 300/300 VUs  1m36.9s/6m00.0s

running (1m37.9s), 300/300 VUs, 94189 complete and 0 interrupted iterations
default   [  27% ] 300/300 VUs  1m37.9s/6m00.0s

running (1m38.9s), 300/300 VUs, 95153 complete and 0 interrupted iterations
default   [  27% ] 300/300 VUs  1m38.9s/6m00.0s

running (1m39.9s), 300/300 VUs, 96153 complete and 0 interrupted iterations
default   [  28% ] 300/300 VUs  1m39.9s/6m00.0s

running (1m40.9s), 300/300 VUs, 97153 complete and 0 interrupted iterations
default   [  28% ] 300/300 VUs  1m40.9s/6m00.0s

running (1m41.9s), 300/300 VUs, 98133 complete and 0 interrupted iterations
default   [  28% ] 300/300 VUs  1m41.9s/6m00.0s

running (1m42.9s), 300/300 VUs, 99103 complete and 0 interrupted iterations
default   [  29% ] 300/300 VUs  1m42.9s/6m00.0s

running (1m43.9s), 300/300 VUs, 100103 complete and 0 interrupted iterations
default   [  29% ] 300/300 VUs  1m43.9s/6m00.0s

running (1m44.9s), 300/300 VUs, 101103 complete and 0 interrupted iterations
default   [  29% ] 300/300 VUs  1m44.9s/6m00.0s

running (1m45.9s), 300/300 VUs, 102073 complete and 0 interrupted iterations
default   [  29% ] 300/300 VUs  1m45.9s/6m00.0s

running (1m46.9s), 300/300 VUs, 103053 complete and 0 interrupted iterations
default   [  30% ] 300/300 VUs  1m46.9s/6m00.0s

running (1m47.9s), 300/300 VUs, 104053 complete and 0 interrupted iterations
default   [  30% ] 300/300 VUs  1m47.9s/6m00.0s

running (1m48.9s), 300/300 VUs, 105037 complete and 0 interrupted iterations
default   [  30% ] 300/300 VUs  1m48.9s/6m00.0s

running (1m49.9s), 300/300 VUs, 106003 complete and 0 interrupted iterations
default   [  31% ] 300/300 VUs  1m49.9s/6m00.0s

running (1m50.9s), 300/300 VUs, 107003 complete and 0 interrupted iterations
default   [  31% ] 300/300 VUs  1m50.9s/6m00.0s

running (1m51.9s), 300/300 VUs, 108003 complete and 0 interrupted iterations
default   [  31% ] 300/300 VUs  1m51.9s/6m00.0s

running (1m52.9s), 300/300 VUs, 108956 complete and 0 interrupted iterations
default   [  31% ] 300/300 VUs  1m52.9s/6m00.0s

running (1m53.9s), 300/300 VUs, 109953 complete and 0 interrupted iterations
default   [  32% ] 300/300 VUs  1m53.9s/6m00.0s

running (1m54.9s), 300/300 VUs, 110953 complete and 0 interrupted iterations
default   [  32% ] 300/300 VUs  1m54.9s/6m00.0s

running (1m55.9s), 300/300 VUs, 111953 complete and 0 interrupted iterations
default   [  32% ] 300/300 VUs  1m55.9s/6m00.0s

running (1m56.9s), 300/300 VUs, 112903 complete and 0 interrupted iterations
default   [  32% ] 300/300 VUs  1m56.9s/6m00.0s

running (1m57.9s), 300/300 VUs, 113903 complete and 0 interrupted iterations
default   [  33% ] 300/300 VUs  1m57.9s/6m00.0s

running (1m58.9s), 300/300 VUs, 114899 complete and 0 interrupted iterations
default   [  33% ] 300/300 VUs  1m58.9s/6m00.0s

running (1m59.9s), 300/300 VUs, 115855 complete and 0 interrupted iterations
default   [  33% ] 300/300 VUs  1m59.9s/6m00.0s

running (2m00.9s), 300/300 VUs, 116853 complete and 0 interrupted iterations
default   [  34% ] 300/300 VUs  2m00.9s/6m00.0s

running (2m01.9s), 300/300 VUs, 117853 complete and 0 interrupted iterations
default   [  34% ] 300/300 VUs  2m01.9s/6m00.0s

running (2m02.9s), 300/300 VUs, 118831 complete and 0 interrupted iterations
default   [  34% ] 300/300 VUs  2m02.9s/6m00.0s

running (2m03.9s), 300/300 VUs, 119803 complete and 0 interrupted iterations
default   [  34% ] 300/300 VUs  2m03.9s/6m00.0s

running (2m04.9s), 300/300 VUs, 120803 complete and 0 interrupted iterations
default   [  35% ] 300/300 VUs  2m04.9s/6m00.0s

running (2m05.9s), 300/300 VUs, 121803 complete and 0 interrupted iterations
default   [  35% ] 300/300 VUs  2m05.9s/6m00.0s

running (2m06.9s), 300/300 VUs, 122753 complete and 0 interrupted iterations
default   [  35% ] 300/300 VUs  2m06.9s/6m00.0s

running (2m07.9s), 300/300 VUs, 123753 complete and 0 interrupted iterations
default   [  36% ] 300/300 VUs  2m07.9s/6m00.0s

running (2m08.9s), 300/300 VUs, 124743 complete and 0 interrupted iterations
default   [  36% ] 300/300 VUs  2m08.9s/6m00.0s

running (2m09.9s), 300/300 VUs, 125706 complete and 0 interrupted iterations
default   [  36% ] 300/300 VUs  2m09.9s/6m00.0s

running (2m10.9s), 300/300 VUs, 126703 complete and 0 interrupted iterations
default   [  36% ] 300/300 VUs  2m10.9s/6m00.0s

running (2m11.9s), 300/300 VUs, 127703 complete and 0 interrupted iterations
default   [  37% ] 300/300 VUs  2m11.9s/6m00.0s

running (2m12.9s), 300/300 VUs, 128694 complete and 0 interrupted iterations
default   [  37% ] 300/300 VUs  2m12.9s/6m00.0s

running (2m13.9s), 300/300 VUs, 129653 complete and 0 interrupted iterations
default   [  37% ] 300/300 VUs  2m13.9s/6m00.0s

running (2m14.9s), 300/300 VUs, 130653 complete and 0 interrupted iterations
default   [  37% ] 300/300 VUs  2m14.9s/6m00.0s

running (2m15.9s), 300/300 VUs, 131653 complete and 0 interrupted iterations
default   [  38% ] 300/300 VUs  2m15.9s/6m00.0s

running (2m16.9s), 300/300 VUs, 132626 complete and 0 interrupted iterations
default   [  38% ] 300/300 VUs  2m16.9s/6m00.0s

running (2m17.9s), 300/300 VUs, 133603 complete and 0 interrupted iterations
default   [  38% ] 300/300 VUs  2m17.9s/6m00.0s

running (2m18.9s), 300/300 VUs, 134603 complete and 0 interrupted iterations
default   [  39% ] 300/300 VUs  2m18.9s/6m00.0s

running (2m19.9s), 300/300 VUs, 135553 complete and 0 interrupted iterations
default   [  39% ] 300/300 VUs  2m19.9s/6m00.0s

running (2m20.9s), 300/300 VUs, 136553 complete and 0 interrupted iterations
default   [  39% ] 300/300 VUs  2m20.9s/6m00.0s

running (2m21.9s), 300/300 VUs, 137553 complete and 0 interrupted iterations
default   [  39% ] 300/300 VUs  2m21.9s/6m00.0s

running (2m22.9s), 300/300 VUs, 138511 complete and 0 interrupted iterations
default   [  40% ] 300/300 VUs  2m22.9s/6m00.0s

running (2m23.9s), 300/300 VUs, 139503 complete and 0 interrupted iterations
default   [  40% ] 300/300 VUs  2m23.9s/6m00.0s

running (2m24.9s), 300/300 VUs, 140503 complete and 0 interrupted iterations
default   [  40% ] 300/300 VUs  2m24.9s/6m00.0s

running (2m25.9s), 300/300 VUs, 141489 complete and 0 interrupted iterations
default   [  41% ] 300/300 VUs  2m25.9s/6m00.0s

running (2m26.9s), 300/300 VUs, 142453 complete and 0 interrupted iterations
default   [  41% ] 300/300 VUs  2m26.9s/6m00.0s

running (2m27.9s), 300/300 VUs, 143453 complete and 0 interrupted iterations
default   [  41% ] 300/300 VUs  2m27.9s/6m00.0s

running (2m28.9s), 300/300 VUs, 144453 complete and 0 interrupted iterations
default   [  41% ] 300/300 VUs  2m28.9s/6m00.0s

running (2m29.9s), 300/300 VUs, 145413 complete and 0 interrupted iterations
default   [  42% ] 300/300 VUs  2m29.9s/6m00.0s

running (2m30.9s), 300/300 VUs, 146403 complete and 0 interrupted iterations
default   [  42% ] 300/300 VUs  2m30.9s/6m00.0s

running (2m31.9s), 300/300 VUs, 147403 complete and 0 interrupted iterations
default   [  42% ] 300/300 VUs  2m31.9s/6m00.0s

running (2m32.9s), 300/300 VUs, 148396 complete and 0 interrupted iterations
default   [  42% ] 300/300 VUs  2m32.9s/6m00.0s

running (2m33.9s), 300/300 VUs, 149353 complete and 0 interrupted iterations
default   [  43% ] 300/300 VUs  2m33.9s/6m00.0s

running (2m34.9s), 300/300 VUs, 150353 complete and 0 interrupted iterations
default   [  43% ] 300/300 VUs  2m34.9s/6m00.0s

running (2m35.9s), 300/300 VUs, 151353 complete and 0 interrupted iterations
default   [  43% ] 300/300 VUs  2m35.9s/6m00.0s

running (2m36.9s), 300/300 VUs, 152326 complete and 0 interrupted iterations
default   [  44% ] 300/300 VUs  2m36.9s/6m00.0s

running (2m37.9s), 300/300 VUs, 153303 complete and 0 interrupted iterations
default   [  44% ] 300/300 VUs  2m37.9s/6m00.0s

running (2m38.9s), 300/300 VUs, 154303 complete and 0 interrupted iterations
default   [  44% ] 300/300 VUs  2m38.9s/6m00.0s

running (2m39.9s), 300/300 VUs, 155296 complete and 0 interrupted iterations
default   [  44% ] 300/300 VUs  2m39.9s/6m00.0s

running (2m40.9s), 300/300 VUs, 156253 complete and 0 interrupted iterations
default   [  45% ] 300/300 VUs  2m40.9s/6m00.0s

running (2m41.9s), 300/300 VUs, 157253 complete and 0 interrupted iterations
default   [  45% ] 300/300 VUs  2m41.9s/6m00.0s

running (2m42.9s), 300/300 VUs, 158253 complete and 0 interrupted iterations
default   [  45% ] 300/300 VUs  2m42.9s/6m00.0s

running (2m43.9s), 300/300 VUs, 159244 complete and 0 interrupted iterations
default   [  46% ] 300/300 VUs  2m43.9s/6m00.0s

running (2m44.9s), 300/300 VUs, 160206 complete and 0 interrupted iterations
default   [  46% ] 300/300 VUs  2m44.9s/6m00.0s

running (2m45.9s), 300/300 VUs, 161203 complete and 0 interrupted iterations
default   [  46% ] 300/300 VUs  2m45.9s/6m00.0s

running (2m46.9s), 300/300 VUs, 162203 complete and 0 interrupted iterations
default   [  46% ] 300/300 VUs  2m46.9s/6m00.0s

running (2m47.9s), 300/300 VUs, 163192 complete and 0 interrupted iterations
default   [  47% ] 300/300 VUs  2m47.9s/6m00.0s

running (2m48.9s), 300/300 VUs, 164153 complete and 0 interrupted iterations
default   [  47% ] 300/300 VUs  2m48.9s/6m00.0s

running (2m49.9s), 300/300 VUs, 165153 complete and 0 interrupted iterations
default   [  47% ] 300/300 VUs  2m49.9s/6m00.0s

running (2m50.9s), 300/300 VUs, 166153 complete and 0 interrupted iterations
default   [  47% ] 300/300 VUs  2m50.9s/6m00.0s

running (2m51.9s), 300/300 VUs, 167126 complete and 0 interrupted iterations
default   [  48% ] 300/300 VUs  2m51.9s/6m00.0s

running (2m52.9s), 300/300 VUs, 168103 complete and 0 interrupted iterations
default   [  48% ] 300/300 VUs  2m52.9s/6m00.0s

running (2m53.9s), 300/300 VUs, 169103 complete and 0 interrupted iterations
default   [  48% ] 300/300 VUs  2m53.9s/6m00.0s

running (2m54.9s), 300/300 VUs, 170103 complete and 0 interrupted iterations
default   [  49% ] 300/300 VUs  2m54.9s/6m00.0s

running (2m55.9s), 300/300 VUs, 171066 complete and 0 interrupted iterations
default   [  49% ] 300/300 VUs  2m55.9s/6m00.0s

running (2m56.9s), 300/300 VUs, 172053 complete and 0 interrupted iterations
default   [  49% ] 300/300 VUs  2m56.9s/6m00.0s

running (2m57.9s), 300/300 VUs, 173053 complete and 0 interrupted iterations
default   [  49% ] 300/300 VUs  2m57.9s/6m00.0s

running (2m58.9s), 300/300 VUs, 174053 complete and 0 interrupted iterations
default   [  50% ] 300/300 VUs  2m58.9s/6m00.0s

running (2m59.9s), 300/300 VUs, 175003 complete and 0 interrupted iterations
default   [  50% ] 300/300 VUs  2m59.9s/6m00.0s

running (3m00.9s), 300/300 VUs, 176003 complete and 0 interrupted iterations
default   [  50% ] 300/300 VUs  3m00.9s/6m00.0s

running (3m01.9s), 300/300 VUs, 177003 complete and 0 interrupted iterations
default   [  51% ] 300/300 VUs  3m01.9s/6m00.0s

running (3m02.9s), 300/300 VUs, 177977 complete and 0 interrupted iterations
default   [  51% ] 300/300 VUs  3m02.9s/6m00.0s

running (3m03.9s), 300/300 VUs, 178953 complete and 0 interrupted iterations
default   [  51% ] 300/300 VUs  3m03.9s/6m00.0s

running (3m04.9s), 300/300 VUs, 179953 complete and 0 interrupted iterations
default   [  51% ] 300/300 VUs  3m04.9s/6m00.0s

running (3m05.9s), 300/300 VUs, 180953 complete and 0 interrupted iterations
default   [  52% ] 300/300 VUs  3m05.9s/6m00.0s

running (3m06.9s), 300/300 VUs, 181903 complete and 0 interrupted iterations
default   [  52% ] 300/300 VUs  3m06.9s/6m00.0s

running (3m07.9s), 300/300 VUs, 182903 complete and 0 interrupted iterations
default   [  52% ] 300/300 VUs  3m07.9s/6m00.0s

running (3m08.9s), 300/300 VUs, 183882 complete and 0 interrupted iterations
default   [  52% ] 300/300 VUs  3m08.9s/6m00.0s

running (3m09.9s), 300/300 VUs, 184853 complete and 0 interrupted iterations
default   [  53% ] 300/300 VUs  3m09.9s/6m00.0s

running (3m10.9s), 300/300 VUs, 185853 complete and 0 interrupted iterations
default   [  53% ] 300/300 VUs  3m10.9s/6m00.0s

running (3m11.9s), 300/300 VUs, 186853 complete and 0 interrupted iterations
default   [  53% ] 300/300 VUs  3m11.9s/6m00.0s

running (3m12.9s), 300/300 VUs, 187803 complete and 0 interrupted iterations
default   [  54% ] 300/300 VUs  3m12.9s/6m00.0s

running (3m13.9s), 300/300 VUs, 188803 complete and 0 interrupted iterations
default   [  54% ] 300/300 VUs  3m13.9s/6m00.0s

running (3m14.9s), 300/300 VUs, 189773 complete and 0 interrupted iterations
default   [  54% ] 300/300 VUs  3m14.9s/6m00.0s

running (3m15.9s), 300/300 VUs, 190753 complete and 0 interrupted iterations
default   [  54% ] 300/300 VUs  3m15.9s/6m00.0s

running (3m16.9s), 300/300 VUs, 191753 complete and 0 interrupted iterations
default   [  55% ] 300/300 VUs  3m16.9s/6m00.0s

running (3m17.9s), 300/300 VUs, 192703 complete and 0 interrupted iterations
default   [  55% ] 300/300 VUs  3m17.9s/6m00.0s

running (3m18.9s), 300/300 VUs, 193703 complete and 0 interrupted iterations
default   [  55% ] 300/300 VUs  3m18.9s/6m00.0s

running (3m19.9s), 300/300 VUs, 194703 complete and 0 interrupted iterations
default   [  56% ] 300/300 VUs  3m19.9s/6m00.0s

running (3m20.9s), 300/300 VUs, 195653 complete and 0 interrupted iterations
default   [  56% ] 300/300 VUs  3m20.9s/6m00.0s

running (3m21.9s), 300/300 VUs, 196653 complete and 0 interrupted iterations
default   [  56% ] 300/300 VUs  3m21.9s/6m00.0s

running (3m22.9s), 300/300 VUs, 197630 complete and 0 interrupted iterations
default   [  56% ] 300/300 VUs  3m22.9s/6m00.0s

running (3m23.9s), 300/300 VUs, 198603 complete and 0 interrupted iterations
default   [  57% ] 300/300 VUs  3m23.9s/6m00.0s

running (3m24.9s), 300/300 VUs, 199603 complete and 0 interrupted iterations
default   [  57% ] 300/300 VUs  3m24.9s/6m00.0s

running (3m25.9s), 300/300 VUs, 200603 complete and 0 interrupted iterations
default   [  57% ] 300/300 VUs  3m25.9s/6m00.0s

running (3m26.9s), 300/300 VUs, 201579 complete and 0 interrupted iterations
default   [  57% ] 300/300 VUs  3m26.9s/6m00.0s

running (3m27.9s), 300/300 VUs, 202553 complete and 0 interrupted iterations
default   [  58% ] 300/300 VUs  3m27.9s/6m00.0s

running (3m28.9s), 300/300 VUs, 203553 complete and 0 interrupted iterations
default   [  58% ] 300/300 VUs  3m28.9s/6m00.0s

running (3m29.9s), 300/300 VUs, 204553 complete and 0 interrupted iterations
default   [  58% ] 300/300 VUs  3m29.9s/6m00.0s

running (3m30.9s), 300/300 VUs, 205515 complete and 0 interrupted iterations
default   [  59% ] 300/300 VUs  3m30.9s/6m00.0s

running (3m31.9s), 300/300 VUs, 206503 complete and 0 interrupted iterations
default   [  59% ] 300/300 VUs  3m31.9s/6m00.0s

running (3m32.9s), 300/300 VUs, 207503 complete and 0 interrupted iterations
default   [  59% ] 300/300 VUs  3m32.9s/6m00.0s

running (3m33.9s), 300/300 VUs, 208503 complete and 0 interrupted iterations
default   [  59% ] 300/300 VUs  3m33.9s/6m00.0s

running (3m34.9s), 300/300 VUs, 209471 complete and 0 interrupted iterations
default   [  60% ] 300/300 VUs  3m34.9s/6m00.0s

running (3m35.9s), 300/300 VUs, 210454 complete and 0 interrupted iterations
default   [  60% ] 300/300 VUs  3m35.9s/6m00.0s

running (3m36.9s), 300/300 VUs, 211453 complete and 0 interrupted iterations
default   [  60% ] 300/300 VUs  3m36.9s/6m00.0s

running (3m37.9s), 300/300 VUs, 212453 complete and 0 interrupted iterations
default   [  61% ] 300/300 VUs  3m37.9s/6m00.0s

running (3m38.9s), 300/300 VUs, 213420 complete and 0 interrupted iterations
default   [  61% ] 300/300 VUs  3m38.9s/6m00.0s

running (3m39.9s), 300/300 VUs, 214403 complete and 0 interrupted iterations
default   [  61% ] 300/300 VUs  3m39.9s/6m00.0s

running (3m40.9s), 300/300 VUs, 215403 complete and 0 interrupted iterations
default   [  61% ] 300/300 VUs  3m40.9s/6m00.0s

running (3m41.9s), 300/300 VUs, 216389 complete and 0 interrupted iterations
default   [  62% ] 300/300 VUs  3m41.9s/6m00.0s

running (3m42.9s), 300/300 VUs, 217353 complete and 0 interrupted iterations
default   [  62% ] 300/300 VUs  3m42.9s/6m00.0s

running (3m43.9s), 300/300 VUs, 218353 complete and 0 interrupted iterations
default   [  62% ] 300/300 VUs  3m43.9s/6m00.0s

running (3m44.9s), 300/300 VUs, 219353 complete and 0 interrupted iterations
default   [  62% ] 300/300 VUs  3m44.9s/6m00.0s

running (3m45.9s), 300/300 VUs, 220327 complete and 0 interrupted iterations
default   [  63% ] 300/300 VUs  3m45.9s/6m00.0s

running (3m46.9s), 300/300 VUs, 221303 complete and 0 interrupted iterations
default   [  63% ] 300/300 VUs  3m46.9s/6m00.0s

running (3m47.9s), 300/300 VUs, 222303 complete and 0 interrupted iterations
default   [  63% ] 300/300 VUs  3m47.9s/6m00.0s

running (3m48.9s), 300/300 VUs, 223303 complete and 0 interrupted iterations
default   [  64% ] 300/300 VUs  3m48.9s/6m00.0s

running (3m49.9s), 300/300 VUs, 224284 complete and 0 interrupted iterations
default   [  64% ] 300/300 VUs  3m49.9s/6m00.0s

running (3m50.9s), 300/300 VUs, 225253 complete and 0 interrupted iterations
default   [  64% ] 300/300 VUs  3m50.9s/6m00.0s

running (3m51.9s), 300/300 VUs, 226253 complete and 0 interrupted iterations
default   [  64% ] 300/300 VUs  3m51.9s/6m00.0s

running (3m52.9s), 300/300 VUs, 227253 complete and 0 interrupted iterations
default   [  65% ] 300/300 VUs  3m52.9s/6m00.0s

running (3m53.9s), 300/300 VUs, 228234 complete and 0 interrupted iterations
default   [  65% ] 300/300 VUs  3m53.9s/6m00.0s

running (3m54.9s), 300/300 VUs, 229207 complete and 0 interrupted iterations
default   [  65% ] 300/300 VUs  3m54.9s/6m00.0s

running (3m55.9s), 300/300 VUs, 230203 complete and 0 interrupted iterations
default   [  66% ] 300/300 VUs  3m55.9s/6m00.0s

running (3m56.9s), 300/300 VUs, 231203 complete and 0 interrupted iterations
default   [  66% ] 300/300 VUs  3m56.9s/6m00.0s

running (3m57.9s), 300/300 VUs, 232191 complete and 0 interrupted iterations
default   [  66% ] 300/300 VUs  3m57.9s/6m00.0s

running (3m58.9s), 300/300 VUs, 233153 complete and 0 interrupted iterations
default   [  66% ] 300/300 VUs  3m58.9s/6m00.0s

running (3m59.9s), 300/300 VUs, 234153 complete and 0 interrupted iterations
default   [  67% ] 300/300 VUs  3m59.9s/6m00.0s

running (4m00.9s), 300/300 VUs, 235153 complete and 0 interrupted iterations
default   [  67% ] 300/300 VUs  4m00.9s/6m00.0s

running (4m01.9s), 300/300 VUs, 236108 complete and 0 interrupted iterations
default   [  67% ] 300/300 VUs  4m01.9s/6m00.0s

running (4m02.9s), 300/300 VUs, 237103 complete and 0 interrupted iterations
default   [  67% ] 300/300 VUs  4m02.9s/6m00.0s

running (4m03.9s), 300/300 VUs, 238103 complete and 0 interrupted iterations
default   [  68% ] 300/300 VUs  4m03.9s/6m00.0s

running (4m04.9s), 300/300 VUs, 239103 complete and 0 interrupted iterations
default   [  68% ] 300/300 VUs  4m04.9s/6m00.0s

running (4m05.9s), 300/300 VUs, 240065 complete and 0 interrupted iterations
default   [  68% ] 300/300 VUs  4m05.9s/6m00.0s

running (4m06.9s), 300/300 VUs, 241053 complete and 0 interrupted iterations
default   [  69% ] 300/300 VUs  4m06.9s/6m00.0s

running (4m07.9s), 300/300 VUs, 242053 complete and 0 interrupted iterations
default   [  69% ] 300/300 VUs  4m07.9s/6m00.0s

running (4m08.9s), 300/300 VUs, 243033 complete and 0 interrupted iterations
default   [  69% ] 300/300 VUs  4m08.9s/6m00.0s

running (4m09.9s), 300/300 VUs, 244003 complete and 0 interrupted iterations
default   [  69% ] 300/300 VUs  4m09.9s/6m00.0s

running (4m10.9s), 300/300 VUs, 245003 complete and 0 interrupted iterations
default   [  70% ] 300/300 VUs  4m10.9s/6m00.0s

running (4m11.9s), 300/300 VUs, 246003 complete and 0 interrupted iterations
default   [  70% ] 300/300 VUs  4m11.9s/6m00.0s

running (4m12.9s), 300/300 VUs, 246964 complete and 0 interrupted iterations
default   [  70% ] 300/300 VUs  4m12.9s/6m00.0s

running (4m13.9s), 300/300 VUs, 247953 complete and 0 interrupted iterations
default   [  71% ] 300/300 VUs  4m13.9s/6m00.0s

running (4m14.9s), 300/300 VUs, 248953 complete and 0 interrupted iterations
default   [  71% ] 300/300 VUs  4m14.9s/6m00.0s

running (4m15.9s), 300/300 VUs, 249953 complete and 0 interrupted iterations
default   [  71% ] 300/300 VUs  4m15.9s/6m00.0s

running (4m16.9s), 300/300 VUs, 250913 complete and 0 interrupted iterations
default   [  71% ] 300/300 VUs  4m16.9s/6m00.0s

running (4m17.9s), 300/300 VUs, 251903 complete and 0 interrupted iterations
default   [  72% ] 300/300 VUs  4m17.9s/6m00.0s

running (4m18.9s), 300/300 VUs, 252903 complete and 0 interrupted iterations
default   [  72% ] 300/300 VUs  4m18.9s/6m00.0s

running (4m19.9s), 300/300 VUs, 253853 complete and 0 interrupted iterations
default   [  72% ] 300/300 VUs  4m19.9s/6m00.0s

running (4m20.9s), 300/300 VUs, 254853 complete and 0 interrupted iterations
default   [  72% ] 300/300 VUs  4m20.9s/6m00.0s

running (4m21.9s), 300/300 VUs, 255820 complete and 0 interrupted iterations
default   [  73% ] 300/300 VUs  4m21.9s/6m00.0s

running (4m22.9s), 300/300 VUs, 256803 complete and 0 interrupted iterations
default   [  73% ] 300/300 VUs  4m22.9s/6m00.0s

running (4m23.9s), 300/300 VUs, 257803 complete and 0 interrupted iterations
default   [  73% ] 300/300 VUs  4m23.9s/6m00.0s

running (4m24.9s), 300/300 VUs, 258753 complete and 0 interrupted iterations
default   [  74% ] 300/300 VUs  4m24.9s/6m00.0s

running (4m25.9s), 300/300 VUs, 259753 complete and 0 interrupted iterations
default   [  74% ] 300/300 VUs  4m25.9s/6m00.0s

running (4m26.9s), 300/300 VUs, 260745 complete and 0 interrupted iterations
default   [  74% ] 300/300 VUs  4m26.9s/6m00.0s

running (4m27.9s), 300/300 VUs, 261703 complete and 0 interrupted iterations
default   [  74% ] 300/300 VUs  4m27.9s/6m00.0s

running (4m28.9s), 300/300 VUs, 262703 complete and 0 interrupted iterations
default   [  75% ] 300/300 VUs  4m28.9s/6m00.0s

running (4m29.9s), 300/300 VUs, 263662 complete and 0 interrupted iterations
default   [  75% ] 300/300 VUs  4m29.9s/6m00.0s

running (4m30.9s), 300/300 VUs, 264653 complete and 0 interrupted iterations
default   [  75% ] 300/300 VUs  4m30.9s/6m00.0s

running (4m31.9s), 300/300 VUs, 265653 complete and 0 interrupted iterations
default   [  76% ] 300/300 VUs  4m31.9s/6m00.0s

running (4m32.9s), 300/300 VUs, 266632 complete and 0 interrupted iterations
default   [  76% ] 300/300 VUs  4m32.9s/6m00.0s

running (4m33.9s), 300/300 VUs, 267603 complete and 0 interrupted iterations
default   [  76% ] 300/300 VUs  4m33.9s/6m00.0s

running (4m34.9s), 300/300 VUs, 268603 complete and 0 interrupted iterations
default   [  76% ] 300/300 VUs  4m34.9s/6m00.0s

running (4m35.9s), 300/300 VUs, 269603 complete and 0 interrupted iterations
default   [  77% ] 300/300 VUs  4m35.9s/6m00.0s

running (4m36.9s), 300/300 VUs, 270553 complete and 0 interrupted iterations
default   [  77% ] 300/300 VUs  4m36.9s/6m00.0s

running (4m37.9s), 300/300 VUs, 271553 complete and 0 interrupted iterations
default   [  77% ] 300/300 VUs  4m37.9s/6m00.0s

running (4m38.9s), 300/300 VUs, 272545 complete and 0 interrupted iterations
default   [  77% ] 300/300 VUs  4m38.9s/6m00.0s

running (4m39.9s), 300/300 VUs, 273503 complete and 0 interrupted iterations
default   [  78% ] 300/300 VUs  4m39.9s/6m00.0s

running (4m40.9s), 300/300 VUs, 274503 complete and 0 interrupted iterations
default   [  78% ] 300/300 VUs  4m40.9s/6m00.0s

running (4m41.9s), 300/300 VUs, 275503 complete and 0 interrupted iterations
default   [  78% ] 300/300 VUs  4m41.9s/6m00.0s

running (4m42.9s), 300/300 VUs, 276453 complete and 0 interrupted iterations
default   [  79% ] 300/300 VUs  4m42.9s/6m00.0s

running (4m43.9s), 300/300 VUs, 277453 complete and 0 interrupted iterations
default   [  79% ] 300/300 VUs  4m43.9s/6m00.0s

running (4m44.9s), 300/300 VUs, 278453 complete and 0 interrupted iterations
default   [  79% ] 300/300 VUs  4m44.9s/6m00.0s

running (4m45.9s), 300/300 VUs, 279435 complete and 0 interrupted iterations
default   [  79% ] 300/300 VUs  4m45.9s/6m00.0s

running (4m46.9s), 300/300 VUs, 280403 complete and 0 interrupted iterations
default   [  80% ] 300/300 VUs  4m46.9s/6m00.0s

running (4m47.9s), 300/300 VUs, 281403 complete and 0 interrupted iterations
default   [  80% ] 300/300 VUs  4m47.9s/6m00.0s

running (4m48.9s), 300/300 VUs, 282373 complete and 0 interrupted iterations
default   [  80% ] 300/300 VUs  4m48.9s/6m00.0s

running (4m49.9s), 300/300 VUs, 283353 complete and 0 interrupted iterations
default   [  81% ] 300/300 VUs  4m49.9s/6m00.0s

running (4m50.9s), 300/300 VUs, 284353 complete and 0 interrupted iterations
default   [  81% ] 300/300 VUs  4m50.9s/6m00.0s

running (4m51.9s), 300/300 VUs, 285350 complete and 0 interrupted iterations
default   [  81% ] 300/300 VUs  4m51.9s/6m00.0s

running (4m52.9s), 300/300 VUs, 286303 complete and 0 interrupted iterations
default   [  81% ] 300/300 VUs  4m52.9s/6m00.0s

running (4m53.9s), 300/300 VUs, 287303 complete and 0 interrupted iterations
default   [  82% ] 300/300 VUs  4m53.9s/6m00.0s

running (4m54.9s), 300/300 VUs, 288303 complete and 0 interrupted iterations
default   [  82% ] 300/300 VUs  4m54.9s/6m00.0s

running (4m55.9s), 300/300 VUs, 289286 complete and 0 interrupted iterations
default   [  82% ] 300/300 VUs  4m55.9s/6m00.0s

running (4m56.9s), 300/300 VUs, 290253 complete and 0 interrupted iterations
default   [  82% ] 300/300 VUs  4m56.9s/6m00.0s

running (4m57.9s), 300/300 VUs, 291253 complete and 0 interrupted iterations
default   [  83% ] 300/300 VUs  4m57.9s/6m00.0s

running (4m58.9s), 300/300 VUs, 292229 complete and 0 interrupted iterations
default   [  83% ] 300/300 VUs  4m58.9s/6m00.0s

running (4m59.9s), 300/300 VUs, 293203 complete and 0 interrupted iterations
default   [  83% ] 300/300 VUs  4m59.9s/6m00.0s

running (5m00.9s), 300/300 VUs, 294203 complete and 0 interrupted iterations
default   [  84% ] 300/300 VUs  5m00.9s/6m00.0s

running (5m01.9s), 300/300 VUs, 295203 complete and 0 interrupted iterations
default   [  84% ] 300/300 VUs  5m01.9s/6m00.0s

running (5m02.9s), 300/300 VUs, 296153 complete and 0 interrupted iterations
default   [  84% ] 300/300 VUs  5m02.9s/6m00.0s

running (5m03.9s), 300/300 VUs, 297153 complete and 0 interrupted iterations
default   [  84% ] 300/300 VUs  5m03.9s/6m00.0s

running (5m04.9s), 300/300 VUs, 298153 complete and 0 interrupted iterations
default   [  85% ] 300/300 VUs  5m04.9s/6m00.0s

running (5m05.9s), 300/300 VUs, 299135 complete and 0 interrupted iterations
default   [  85% ] 300/300 VUs  5m05.9s/6m00.0s

running (5m06.9s), 300/300 VUs, 300103 complete and 0 interrupted iterations
default   [  85% ] 300/300 VUs  5m06.9s/6m00.0s

running (5m07.9s), 300/300 VUs, 301103 complete and 0 interrupted iterations
default   [  86% ] 300/300 VUs  5m07.9s/6m00.0s

running (5m08.9s), 300/300 VUs, 302064 complete and 0 interrupted iterations
default   [  86% ] 300/300 VUs  5m08.9s/6m00.0s

running (5m09.9s), 300/300 VUs, 303053 complete and 0 interrupted iterations
default   [  86% ] 300/300 VUs  5m09.9s/6m00.0s

running (5m10.9s), 300/300 VUs, 304053 complete and 0 interrupted iterations
default   [  86% ] 300/300 VUs  5m10.9s/6m00.0s

running (5m11.9s), 300/300 VUs, 305026 complete and 0 interrupted iterations
default   [  87% ] 300/300 VUs  5m11.9s/6m00.0s

running (5m12.9s), 300/300 VUs, 306003 complete and 0 interrupted iterations
default   [  87% ] 300/300 VUs  5m12.9s/6m00.0s

running (5m13.9s), 300/300 VUs, 307003 complete and 0 interrupted iterations
default   [  87% ] 300/300 VUs  5m13.9s/6m00.0s

running (5m14.9s), 300/300 VUs, 308003 complete and 0 interrupted iterations
default   [  87% ] 300/300 VUs  5m14.9s/6m00.0s

running (5m15.9s), 300/300 VUs, 308999 complete and 0 interrupted iterations
default   [  88% ] 300/300 VUs  5m15.9s/6m00.0s

running (5m16.9s), 300/300 VUs, 309953 complete and 0 interrupted iterations
default   [  88% ] 300/300 VUs  5m16.9s/6m00.0s

running (5m17.9s), 300/300 VUs, 310953 complete and 0 interrupted iterations
default   [  88% ] 300/300 VUs  5m17.9s/6m00.0s

running (5m18.9s), 300/300 VUs, 311903 complete and 0 interrupted iterations
default   [  89% ] 300/300 VUs  5m18.9s/6m00.0s

running (5m19.9s), 300/300 VUs, 312903 complete and 0 interrupted iterations
default   [  89% ] 300/300 VUs  5m19.9s/6m00.0s

running (5m20.9s), 300/300 VUs, 313892 complete and 0 interrupted iterations
default   [  89% ] 300/300 VUs  5m20.9s/6m00.0s

running (5m21.9s), 300/300 VUs, 314853 complete and 0 interrupted iterations
default   [  89% ] 300/300 VUs  5m21.9s/6m00.0s

running (5m22.9s), 300/300 VUs, 315853 complete and 0 interrupted iterations
default   [  90% ] 300/300 VUs  5m22.9s/6m00.0s

running (5m23.9s), 300/300 VUs, 316853 complete and 0 interrupted iterations
default   [  90% ] 300/300 VUs  5m23.9s/6m00.0s

running (5m24.9s), 300/300 VUs, 317811 complete and 0 interrupted iterations
default   [  90% ] 300/300 VUs  5m24.9s/6m00.0s

running (5m25.9s), 300/300 VUs, 318803 complete and 0 interrupted iterations
default   [  91% ] 300/300 VUs  5m25.9s/6m00.0s

running (5m26.9s), 300/300 VUs, 319803 complete and 0 interrupted iterations
default   [  91% ] 300/300 VUs  5m26.9s/6m00.0s

running (5m27.9s), 300/300 VUs, 320793 complete and 0 interrupted iterations
default   [  91% ] 300/300 VUs  5m27.9s/6m00.0s

running (5m28.9s), 300/300 VUs, 321753 complete and 0 interrupted iterations
default   [  91% ] 300/300 VUs  5m28.9s/6m00.0s

running (5m29.9s), 300/300 VUs, 322753 complete and 0 interrupted iterations
default   [  92% ] 300/300 VUs  5m29.9s/6m00.0s

running (5m30.9s), 293/300 VUs, 323750 complete and 0 interrupted iterations
default   [  92% ] 293/300 VUs  5m30.9s/6m00.0s

running (5m31.9s), 284/300 VUs, 324703 complete and 0 interrupted iterations
default   [  92% ] 284/300 VUs  5m31.9s/6m00.0s

running (5m32.9s), 273/300 VUs, 325703 complete and 0 interrupted iterations
default   [  92% ] 273/300 VUs  5m32.9s/6m00.0s

running (5m33.9s), 263/300 VUs, 326703 complete and 0 interrupted iterations
default   [  93% ] 263/300 VUs  5m33.9s/6m00.0s

running (5m34.9s), 252/300 VUs, 327682 complete and 0 interrupted iterations
default   [  93% ] 252/300 VUs  5m34.9s/6m00.0s

running (5m35.9s), 243/300 VUs, 328653 complete and 0 interrupted iterations
default   [  93% ] 243/300 VUs  5m35.9s/6m00.0s

running (5m36.9s), 233/300 VUs, 329653 complete and 0 interrupted iterations
default   [  94% ] 233/300 VUs  5m36.9s/6m00.0s

running (5m37.9s), 222/300 VUs, 330653 complete and 0 interrupted iterations
default   [  94% ] 222/300 VUs  5m37.9s/6m00.0s

running (5m38.9s), 213/300 VUs, 331603 complete and 0 interrupted iterations
default   [  94% ] 213/300 VUs  5m38.9s/6m00.0s

running (5m39.9s), 204/300 VUs, 332603 complete and 0 interrupted iterations
default   [  94% ] 204/300 VUs  5m39.9s/6m00.0s

running (5m40.9s), 193/300 VUs, 333603 complete and 0 interrupted iterations
default   [  95% ] 193/300 VUs  5m40.9s/6m00.0s

running (5m41.9s), 182/300 VUs, 334588 complete and 0 interrupted iterations
default   [  95% ] 182/300 VUs  5m41.9s/6m00.0s

running (5m42.9s), 172/300 VUs, 335553 complete and 0 interrupted iterations
default   [  95% ] 172/300 VUs  5m42.9s/6m00.0s

running (5m43.9s), 163/300 VUs, 336553 complete and 0 interrupted iterations
default   [  96% ] 163/300 VUs  5m43.9s/6m00.0s

running (5m44.9s), 153/300 VUs, 337553 complete and 0 interrupted iterations
default   [  96% ] 153/300 VUs  5m44.9s/6m00.0s

running (5m45.9s), 142/300 VUs, 338553 complete and 0 interrupted iterations
default   [  96% ] 142/300 VUs  5m45.9s/6m00.0s

running (5m46.9s), 132/300 VUs, 339503 complete and 0 interrupted iterations
default   [  96% ] 132/300 VUs  5m46.9s/6m00.0s

running (5m47.9s), 122/300 VUs, 340503 complete and 0 interrupted iterations
default   [  97% ] 122/300 VUs  5m47.9s/6m00.0s

running (5m48.9s), 112/300 VUs, 341494 complete and 0 interrupted iterations
default   [  97% ] 112/300 VUs  5m48.9s/6m00.0s

running (5m49.9s), 102/300 VUs, 342453 complete and 0 interrupted iterations
default   [  97% ] 102/300 VUs  5m49.9s/6m00.0s

running (5m50.9s), 092/300 VUs, 343453 complete and 0 interrupted iterations
default   [  97% ] 092/300 VUs  5m50.9s/6m00.0s

running (5m51.9s), 082/300 VUs, 344453 complete and 0 interrupted iterations
default   [  98% ] 082/300 VUs  5m51.9s/6m00.0s

running (5m52.9s), 072/300 VUs, 345425 complete and 0 interrupted iterations
default   [  98% ] 072/300 VUs  5m52.9s/6m00.0s

running (5m53.9s), 062/300 VUs, 346403 complete and 0 interrupted iterations
default   [  98% ] 062/300 VUs  5m53.9s/6m00.0s

running (5m54.9s), 052/300 VUs, 347403 complete and 0 interrupted iterations
default   [  99% ] 052/300 VUs  5m54.9s/6m00.0s

running (5m55.9s), 042/300 VUs, 348316 complete and 0 interrupted iterations
default   [  99% ] 042/300 VUs  5m55.9s/6m00.0s

running (5m56.9s), 032/300 VUs, 349046 complete and 0 interrupted iterations
default   [  99% ] 032/300 VUs  5m56.9s/6m00.0s

running (5m57.9s), 022/300 VUs, 349564 complete and 0 interrupted iterations
default   [  99% ] 022/300 VUs  5m57.9s/6m00.0s

running (5m58.9s), 012/300 VUs, 349910 complete and 0 interrupted iterations
default   [ 100% ] 012/300 VUs  5m58.9s/6m00.0s

running (5m59.9s), 002/300 VUs, 350048 complete and 0 interrupted iterations
default   [ 100% ] 002/300 VUs  5m59.9s/6m00.0s


  █ THRESHOLDS 

    checks
    ✓ 'rate>0.95' rate=100.00%

    http_req_duration
    ✓ 'p(95)<5000' p(95)=306.15ms
    ✓ 'p(99)<10000' p(99)=310.6ms

    http_req_failed
    ✓ 'rate<0.05' rate=0.00%


  █ TOTAL RESULTS 

    checks_total.......: 1400216 3889.001549/s
    checks_succeeded...: 100.00% 1400216 out of 1400216
    checks_failed......: 0.00%   0 out of 1400216

    ✓ status is 200
    ✓ content-type is json
    ✓ workloadType is IO-BOUND
    ✓ executionTimeMs exists

    CUSTOM
    response_time_ms...............: min=50.720173 avg=282.774299 med=303.670529 max=506.02755 p(90)=305.610135 p(95)=306.15755 p(99)=310.609071
    successful_requests............: 350054 972.250387/s

    HTTP
    http_req_duration..............: min=50.72ms   avg=282.77ms   med=303.67ms   max=506.02ms  p(90)=305.61ms   p(95)=306.15ms  p(99)=310.6ms   
      { expected_response:true }...: min=50.72ms   avg=282.77ms   med=303.67ms   max=506.02ms  p(90)=305.61ms   p(95)=306.15ms  p(99)=310.6ms   
    http_req_failed................: 0.00%  0 out of 350054
    http_reqs......................: 350054 972.250387/s

    EXECUTION
    iteration_duration.............: min=50.83ms   avg=282.91ms   med=303.8ms    max=506.15ms  p(90)=305.75ms   p(95)=306.29ms  p(99)=310.77ms  
    iterations.....................: 350054 972.250387/s
    vus............................: 2      min=2           max=300
    vus_max........................: 300    min=300         max=300

    NETWORK
    data_received..................: 77 MB  215 kB/s
    data_sent......................: 28 MB  77 kB/s




running (6m00.0s), 000/300 VUs, 350054 complete and 0 interrupted iterations
default ✓ [ 100% ] 000/300 VUs  6m0s
