
         /\      Grafana   /‾‾/  
    /\  /  \     |\  __   /  /   
   /  \/    \    | |/ /  /   ‾‾\ 
  /          \   |   (  |  (‾)  |
 / __________ \  |_|\_\  \_____/ 


     execution: local
        script: cpu-bound-test.js
        output: -

     scenarios: (100.00%) 1 scenario, 20 max VUs, 4m30s max duration (incl. graceful stop):
              * default: Up to 20 looping VUs for 4m0s over 3 stages (gracefulRampDown: 30s, gracefulStop: 30s)


running (0m01.0s), 01/20 VUs, 17 complete and 0 interrupted iterations
default   [   0% ] 01/20 VUs  0m01.0s/4m00.0s

running (0m02.0s), 02/20 VUs, 39 complete and 0 interrupted iterations
default   [   1% ] 02/20 VUs  0m02.0s/4m00.0s

running (0m03.0s), 02/20 VUs, 74 complete and 0 interrupted iterations
default   [   1% ] 02/20 VUs  0m03.0s/4m00.0s

running (0m04.0s), 03/20 VUs, 108 complete and 0 interrupted iterations
default   [   2% ] 03/20 VUs  0m04.0s/4m00.0s

running (0m05.0s), 04/20 VUs, 141 complete and 0 interrupted iterations
default   [   2% ] 04/20 VUs  0m05.0s/4m00.0s

running (0m06.0s), 04/20 VUs, 175 complete and 0 interrupted iterations
default   [   2% ] 04/20 VUs  0m06.0s/4m00.0s

running (0m07.0s), 05/20 VUs, 209 complete and 0 interrupted iterations
default   [   3% ] 05/20 VUs  0m07.0s/4m00.0s

running (0m08.0s), 06/20 VUs, 243 complete and 0 interrupted iterations
default   [   3% ] 06/20 VUs  0m08.0s/4m00.0s

running (0m09.0s), 06/20 VUs, 277 complete and 0 interrupted iterations
default   [   4% ] 06/20 VUs  0m09.0s/4m00.0s

running (0m10.0s), 07/20 VUs, 311 complete and 0 interrupted iterations
default   [   4% ] 07/20 VUs  0m10.0s/4m00.0s

running (0m11.0s), 07/20 VUs, 344 complete and 0 interrupted iterations
default   [   5% ] 07/20 VUs  0m11.0s/4m00.0s

running (0m12.0s), 08/20 VUs, 379 complete and 0 interrupted iterations
default   [   5% ] 08/20 VUs  0m12.0s/4m00.0s

running (0m13.0s), 09/20 VUs, 412 complete and 0 interrupted iterations
default   [   5% ] 09/20 VUs  0m13.0s/4m00.0s

running (0m14.0s), 09/20 VUs, 447 complete and 0 interrupted iterations
default   [   6% ] 09/20 VUs  0m14.0s/4m00.0s

running (0m15.0s), 10/20 VUs, 480 complete and 0 interrupted iterations
default   [   6% ] 10/20 VUs  0m15.0s/4m00.0s

running (0m16.0s), 11/20 VUs, 514 complete and 0 interrupted iterations
default   [   7% ] 11/20 VUs  0m16.0s/4m00.0s

running (0m17.0s), 11/20 VUs, 548 complete and 0 interrupted iterations
default   [   7% ] 11/20 VUs  0m17.0s/4m00.0s

running (0m18.0s), 12/20 VUs, 581 complete and 0 interrupted iterations
default   [   7% ] 12/20 VUs  0m18.0s/4m00.0s

running (0m19.0s), 13/20 VUs, 616 complete and 0 interrupted iterations
default   [   8% ] 13/20 VUs  0m19.0s/4m00.0s

running (0m20.0s), 13/20 VUs, 648 complete and 0 interrupted iterations
default   [   8% ] 13/20 VUs  0m20.0s/4m00.0s

running (0m21.0s), 14/20 VUs, 683 complete and 0 interrupted iterations
default   [   9% ] 14/20 VUs  0m21.0s/4m00.0s

running (0m22.0s), 14/20 VUs, 716 complete and 0 interrupted iterations
default   [   9% ] 14/20 VUs  0m22.0s/4m00.0s

running (0m23.0s), 15/20 VUs, 751 complete and 0 interrupted iterations
default   [  10% ] 15/20 VUs  0m23.0s/4m00.0s

running (0m24.0s), 16/20 VUs, 784 complete and 0 interrupted iterations
default   [  10% ] 16/20 VUs  0m24.0s/4m00.0s

running (0m25.0s), 16/20 VUs, 819 complete and 0 interrupted iterations
default   [  10% ] 16/20 VUs  0m25.0s/4m00.0s

running (0m26.0s), 17/20 VUs, 852 complete and 0 interrupted iterations
default   [  11% ] 17/20 VUs  0m26.0s/4m00.0s

running (0m27.0s), 18/20 VUs, 887 complete and 0 interrupted iterations
default   [  11% ] 18/20 VUs  0m27.0s/4m00.0s

running (0m28.0s), 18/20 VUs, 919 complete and 0 interrupted iterations
default   [  12% ] 18/20 VUs  0m28.0s/4m00.0s

running (0m29.0s), 19/20 VUs, 952 complete and 0 interrupted iterations
default   [  12% ] 19/20 VUs  0m29.0s/4m00.0s

running (0m30.0s), 19/20 VUs, 984 complete and 0 interrupted iterations
default   [  12% ] 19/20 VUs  0m30.0s/4m00.0s

running (0m31.0s), 20/20 VUs, 1019 complete and 0 interrupted iterations
default   [  13% ] 20/20 VUs  0m31.0s/4m00.0s

running (0m32.0s), 20/20 VUs, 1052 complete and 0 interrupted iterations
default   [  13% ] 20/20 VUs  0m32.0s/4m00.0s

running (0m33.0s), 20/20 VUs, 1087 complete and 0 interrupted iterations
default   [  14% ] 20/20 VUs  0m33.0s/4m00.0s

running (0m34.0s), 20/20 VUs, 1120 complete and 0 interrupted iterations
default   [  14% ] 20/20 VUs  0m34.0s/4m00.0s

running (0m35.0s), 20/20 VUs, 1154 complete and 0 interrupted iterations
default   [  15% ] 20/20 VUs  0m35.0s/4m00.0s

running (0m36.0s), 20/20 VUs, 1188 complete and 0 interrupted iterations
default   [  15% ] 20/20 VUs  0m36.0s/4m00.0s

running (0m37.0s), 20/20 VUs, 1222 complete and 0 interrupted iterations
default   [  15% ] 20/20 VUs  0m37.0s/4m00.0s

running (0m38.0s), 20/20 VUs, 1256 complete and 0 interrupted iterations
default   [  16% ] 20/20 VUs  0m38.0s/4m00.0s

running (0m39.0s), 20/20 VUs, 1289 complete and 0 interrupted iterations
default   [  16% ] 20/20 VUs  0m39.0s/4m00.0s

running (0m40.0s), 20/20 VUs, 1323 complete and 0 interrupted iterations
default   [  17% ] 20/20 VUs  0m40.0s/4m00.0s

running (0m41.0s), 20/20 VUs, 1357 complete and 0 interrupted iterations
default   [  17% ] 20/20 VUs  0m41.0s/4m00.0s

running (0m42.0s), 20/20 VUs, 1391 complete and 0 interrupted iterations
default   [  17% ] 20/20 VUs  0m42.0s/4m00.0s

running (0m43.0s), 20/20 VUs, 1425 complete and 0 interrupted iterations
default   [  18% ] 20/20 VUs  0m43.0s/4m00.0s

running (0m44.0s), 20/20 VUs, 1458 complete and 0 interrupted iterations
default   [  18% ] 20/20 VUs  0m44.0s/4m00.0s

running (0m45.0s), 20/20 VUs, 1492 complete and 0 interrupted iterations
default   [  19% ] 20/20 VUs  0m45.0s/4m00.0s

running (0m46.0s), 20/20 VUs, 1527 complete and 0 interrupted iterations
default   [  19% ] 20/20 VUs  0m46.0s/4m00.0s

running (0m47.0s), 20/20 VUs, 1560 complete and 0 interrupted iterations
default   [  20% ] 20/20 VUs  0m47.0s/4m00.0s

running (0m48.0s), 20/20 VUs, 1594 complete and 0 interrupted iterations
default   [  20% ] 20/20 VUs  0m48.0s/4m00.0s

running (0m49.0s), 20/20 VUs, 1628 complete and 0 interrupted iterations
default   [  20% ] 20/20 VUs  0m49.0s/4m00.0s

running (0m50.0s), 20/20 VUs, 1661 complete and 0 interrupted iterations
default   [  21% ] 20/20 VUs  0m50.0s/4m00.0s

running (0m51.0s), 20/20 VUs, 1696 complete and 0 interrupted iterations
default   [  21% ] 20/20 VUs  0m51.0s/4m00.0s

running (0m52.0s), 20/20 VUs, 1729 complete and 0 interrupted iterations
default   [  22% ] 20/20 VUs  0m52.0s/4m00.0s

running (0m53.0s), 20/20 VUs, 1764 complete and 0 interrupted iterations
default   [  22% ] 20/20 VUs  0m53.0s/4m00.0s

running (0m54.0s), 20/20 VUs, 1797 complete and 0 interrupted iterations
default   [  22% ] 20/20 VUs  0m54.0s/4m00.0s

running (0m55.0s), 20/20 VUs, 1832 complete and 0 interrupted iterations
default   [  23% ] 20/20 VUs  0m55.0s/4m00.0s

running (0m56.0s), 20/20 VUs, 1865 complete and 0 interrupted iterations
default   [  23% ] 20/20 VUs  0m56.0s/4m00.0s

running (0m57.0s), 20/20 VUs, 1900 complete and 0 interrupted iterations
default   [  24% ] 20/20 VUs  0m57.0s/4m00.0s

running (0m58.0s), 20/20 VUs, 1933 complete and 0 interrupted iterations
default   [  24% ] 20/20 VUs  0m58.0s/4m00.0s

running (0m59.0s), 20/20 VUs, 1968 complete and 0 interrupted iterations
default   [  25% ] 20/20 VUs  0m59.0s/4m00.0s

running (1m00.0s), 20/20 VUs, 2000 complete and 0 interrupted iterations
default   [  25% ] 20/20 VUs  1m00.0s/4m00.0s

running (1m01.0s), 20/20 VUs, 2035 complete and 0 interrupted iterations
default   [  25% ] 20/20 VUs  1m01.0s/4m00.0s

running (1m02.0s), 20/20 VUs, 2068 complete and 0 interrupted iterations
default   [  26% ] 20/20 VUs  1m02.0s/4m00.0s

running (1m03.0s), 20/20 VUs, 2102 complete and 0 interrupted iterations
default   [  26% ] 20/20 VUs  1m03.0s/4m00.0s

running (1m04.0s), 20/20 VUs, 2136 complete and 0 interrupted iterations
default   [  27% ] 20/20 VUs  1m04.0s/4m00.0s

running (1m05.0s), 20/20 VUs, 2170 complete and 0 interrupted iterations
default   [  27% ] 20/20 VUs  1m05.0s/4m00.0s

running (1m06.0s), 20/20 VUs, 2204 complete and 0 interrupted iterations
default   [  27% ] 20/20 VUs  1m06.0s/4m00.0s

running (1m07.0s), 20/20 VUs, 2237 complete and 0 interrupted iterations
default   [  28% ] 20/20 VUs  1m07.0s/4m00.0s

running (1m08.0s), 20/20 VUs, 2272 complete and 0 interrupted iterations
default   [  28% ] 20/20 VUs  1m08.0s/4m00.0s

running (1m09.0s), 20/20 VUs, 2305 complete and 0 interrupted iterations
default   [  29% ] 20/20 VUs  1m09.0s/4m00.0s

running (1m10.0s), 20/20 VUs, 2340 complete and 0 interrupted iterations
default   [  29% ] 20/20 VUs  1m10.0s/4m00.0s

running (1m11.0s), 20/20 VUs, 2373 complete and 0 interrupted iterations
default   [  30% ] 20/20 VUs  1m11.0s/4m00.0s

running (1m12.0s), 20/20 VUs, 2408 complete and 0 interrupted iterations
default   [  30% ] 20/20 VUs  1m12.0s/4m00.0s

running (1m13.0s), 20/20 VUs, 2441 complete and 0 interrupted iterations
default   [  30% ] 20/20 VUs  1m13.0s/4m00.0s

running (1m14.0s), 20/20 VUs, 2476 complete and 0 interrupted iterations
default   [  31% ] 20/20 VUs  1m14.0s/4m00.0s

running (1m15.0s), 20/20 VUs, 2508 complete and 0 interrupted iterations
default   [  31% ] 20/20 VUs  1m15.0s/4m00.0s

running (1m16.0s), 20/20 VUs, 2543 complete and 0 interrupted iterations
default   [  32% ] 20/20 VUs  1m16.0s/4m00.0s

running (1m17.0s), 20/20 VUs, 2576 complete and 0 interrupted iterations
default   [  32% ] 20/20 VUs  1m17.0s/4m00.0s

running (1m18.0s), 20/20 VUs, 2611 complete and 0 interrupted iterations
default   [  32% ] 20/20 VUs  1m18.0s/4m00.0s

running (1m19.0s), 20/20 VUs, 2644 complete and 0 interrupted iterations
default   [  33% ] 20/20 VUs  1m19.0s/4m00.0s

running (1m20.0s), 20/20 VUs, 2679 complete and 0 interrupted iterations
default   [  33% ] 20/20 VUs  1m20.0s/4m00.0s

running (1m21.0s), 20/20 VUs, 2712 complete and 0 interrupted iterations
default   [  34% ] 20/20 VUs  1m21.0s/4m00.0s

running (1m22.0s), 20/20 VUs, 2745 complete and 0 interrupted iterations
default   [  34% ] 20/20 VUs  1m22.0s/4m00.0s

running (1m23.0s), 20/20 VUs, 2780 complete and 0 interrupted iterations
default   [  35% ] 20/20 VUs  1m23.0s/4m00.0s

running (1m24.0s), 20/20 VUs, 2813 complete and 0 interrupted iterations
default   [  35% ] 20/20 VUs  1m24.0s/4m00.0s

running (1m25.0s), 20/20 VUs, 2848 complete and 0 interrupted iterations
default   [  35% ] 20/20 VUs  1m25.0s/4m00.0s

running (1m26.0s), 20/20 VUs, 2881 complete and 0 interrupted iterations
default   [  36% ] 20/20 VUs  1m26.0s/4m00.0s

running (1m27.0s), 20/20 VUs, 2916 complete and 0 interrupted iterations
default   [  36% ] 20/20 VUs  1m27.0s/4m00.0s

running (1m28.0s), 20/20 VUs, 2948 complete and 0 interrupted iterations
default   [  37% ] 20/20 VUs  1m28.0s/4m00.0s

running (1m29.0s), 20/20 VUs, 2983 complete and 0 interrupted iterations
default   [  37% ] 20/20 VUs  1m29.0s/4m00.0s

running (1m30.0s), 20/20 VUs, 3016 complete and 0 interrupted iterations
default   [  37% ] 20/20 VUs  1m30.0s/4m00.0s

running (1m31.0s), 20/20 VUs, 3051 complete and 0 interrupted iterations
default   [  38% ] 20/20 VUs  1m31.0s/4m00.0s

running (1m32.0s), 20/20 VUs, 3084 complete and 0 interrupted iterations
default   [  38% ] 20/20 VUs  1m32.0s/4m00.0s

running (1m33.0s), 20/20 VUs, 3119 complete and 0 interrupted iterations
default   [  39% ] 20/20 VUs  1m33.0s/4m00.0s

running (1m34.0s), 20/20 VUs, 3152 complete and 0 interrupted iterations
default   [  39% ] 20/20 VUs  1m34.0s/4m00.0s

running (1m35.0s), 20/20 VUs, 3187 complete and 0 interrupted iterations
default   [  40% ] 20/20 VUs  1m35.0s/4m00.0s

running (1m36.0s), 20/20 VUs, 3220 complete and 0 interrupted iterations
default   [  40% ] 20/20 VUs  1m36.0s/4m00.0s

running (1m37.0s), 20/20 VUs, 3255 complete and 0 interrupted iterations
default   [  40% ] 20/20 VUs  1m37.0s/4m00.0s

running (1m38.0s), 20/20 VUs, 3288 complete and 0 interrupted iterations
default   [  41% ] 20/20 VUs  1m38.0s/4m00.0s

running (1m39.0s), 20/20 VUs, 3321 complete and 0 interrupted iterations
default   [  41% ] 20/20 VUs  1m39.0s/4m00.0s

running (1m40.0s), 20/20 VUs, 3356 complete and 0 interrupted iterations
default   [  42% ] 20/20 VUs  1m40.0s/4m00.0s

running (1m41.0s), 20/20 VUs, 3389 complete and 0 interrupted iterations
default   [  42% ] 20/20 VUs  1m41.0s/4m00.0s

running (1m42.0s), 20/20 VUs, 3424 complete and 0 interrupted iterations
default   [  42% ] 20/20 VUs  1m42.0s/4m00.0s

running (1m43.0s), 20/20 VUs, 3457 complete and 0 interrupted iterations
default   [  43% ] 20/20 VUs  1m43.0s/4m00.0s

running (1m44.0s), 20/20 VUs, 3492 complete and 0 interrupted iterations
default   [  43% ] 20/20 VUs  1m44.0s/4m00.0s

running (1m45.0s), 20/20 VUs, 3524 complete and 0 interrupted iterations
default   [  44% ] 20/20 VUs  1m45.0s/4m00.0s

running (1m46.0s), 20/20 VUs, 3560 complete and 0 interrupted iterations
default   [  44% ] 20/20 VUs  1m46.0s/4m00.0s

running (1m47.0s), 20/20 VUs, 3592 complete and 0 interrupted iterations
default   [  45% ] 20/20 VUs  1m47.0s/4m00.0s

running (1m48.0s), 20/20 VUs, 3627 complete and 0 interrupted iterations
default   [  45% ] 20/20 VUs  1m48.0s/4m00.0s

running (1m49.0s), 20/20 VUs, 3660 complete and 0 interrupted iterations
default   [  45% ] 20/20 VUs  1m49.0s/4m00.0s

running (1m50.0s), 20/20 VUs, 3695 complete and 0 interrupted iterations
default   [  46% ] 20/20 VUs  1m50.0s/4m00.0s

running (1m51.0s), 20/20 VUs, 3728 complete and 0 interrupted iterations
default   [  46% ] 20/20 VUs  1m51.0s/4m00.0s

running (1m52.0s), 20/20 VUs, 3763 complete and 0 interrupted iterations
default   [  47% ] 20/20 VUs  1m52.0s/4m00.0s

running (1m53.0s), 20/20 VUs, 3796 complete and 0 interrupted iterations
default   [  47% ] 20/20 VUs  1m53.0s/4m00.0s

running (1m54.0s), 20/20 VUs, 3831 complete and 0 interrupted iterations
default   [  47% ] 20/20 VUs  1m54.0s/4m00.0s

running (1m55.0s), 20/20 VUs, 3864 complete and 0 interrupted iterations
default   [  48% ] 20/20 VUs  1m55.0s/4m00.0s

running (1m56.0s), 20/20 VUs, 3897 complete and 0 interrupted iterations
default   [  48% ] 20/20 VUs  1m56.0s/4m00.0s

running (1m57.0s), 20/20 VUs, 3932 complete and 0 interrupted iterations
default   [  49% ] 20/20 VUs  1m57.0s/4m00.0s

running (1m58.0s), 20/20 VUs, 3965 complete and 0 interrupted iterations
default   [  49% ] 20/20 VUs  1m58.0s/4m00.0s

running (1m59.0s), 20/20 VUs, 4000 complete and 0 interrupted iterations
default   [  50% ] 20/20 VUs  1m59.0s/4m00.0s

running (2m00.0s), 20/20 VUs, 4032 complete and 0 interrupted iterations
default   [  50% ] 20/20 VUs  2m00.0s/4m00.0s

running (2m01.0s), 20/20 VUs, 4068 complete and 0 interrupted iterations
default   [  50% ] 20/20 VUs  2m01.0s/4m00.0s

running (2m02.0s), 20/20 VUs, 4100 complete and 0 interrupted iterations
default   [  51% ] 20/20 VUs  2m02.0s/4m00.0s

running (2m03.0s), 20/20 VUs, 4136 complete and 0 interrupted iterations
default   [  51% ] 20/20 VUs  2m03.0s/4m00.0s

running (2m04.0s), 20/20 VUs, 4168 complete and 0 interrupted iterations
default   [  52% ] 20/20 VUs  2m04.0s/4m00.0s

running (2m05.0s), 20/20 VUs, 4204 complete and 0 interrupted iterations
default   [  52% ] 20/20 VUs  2m05.0s/4m00.0s

running (2m06.0s), 20/20 VUs, 4236 complete and 0 interrupted iterations
default   [  52% ] 20/20 VUs  2m06.0s/4m00.0s

running (2m07.0s), 20/20 VUs, 4272 complete and 0 interrupted iterations
default   [  53% ] 20/20 VUs  2m07.0s/4m00.0s

running (2m08.0s), 20/20 VUs, 4304 complete and 0 interrupted iterations
default   [  53% ] 20/20 VUs  2m08.0s/4m00.0s

running (2m09.0s), 20/20 VUs, 4339 complete and 0 interrupted iterations
default   [  54% ] 20/20 VUs  2m09.0s/4m00.0s

running (2m10.0s), 20/20 VUs, 4372 complete and 0 interrupted iterations
default   [  54% ] 20/20 VUs  2m10.0s/4m00.0s

running (2m11.0s), 20/20 VUs, 4406 complete and 0 interrupted iterations
default   [  55% ] 20/20 VUs  2m11.0s/4m00.0s

running (2m12.0s), 20/20 VUs, 4440 complete and 0 interrupted iterations
default   [  55% ] 20/20 VUs  2m12.0s/4m00.0s

running (2m13.0s), 20/20 VUs, 4474 complete and 0 interrupted iterations
default   [  55% ] 20/20 VUs  2m13.0s/4m00.0s

running (2m14.0s), 20/20 VUs, 4508 complete and 0 interrupted iterations
default   [  56% ] 20/20 VUs  2m14.0s/4m00.0s

running (2m15.0s), 20/20 VUs, 4541 complete and 0 interrupted iterations
default   [  56% ] 20/20 VUs  2m15.0s/4m00.0s

running (2m16.0s), 20/20 VUs, 4576 complete and 0 interrupted iterations
default   [  57% ] 20/20 VUs  2m16.0s/4m00.0s

running (2m17.0s), 20/20 VUs, 4609 complete and 0 interrupted iterations
default   [  57% ] 20/20 VUs  2m17.0s/4m00.0s

running (2m18.0s), 20/20 VUs, 4643 complete and 0 interrupted iterations
default   [  57% ] 20/20 VUs  2m18.0s/4m00.0s

running (2m19.0s), 20/20 VUs, 4677 complete and 0 interrupted iterations
default   [  58% ] 20/20 VUs  2m19.0s/4m00.0s

running (2m20.0s), 20/20 VUs, 4710 complete and 0 interrupted iterations
default   [  58% ] 20/20 VUs  2m20.0s/4m00.0s

running (2m21.0s), 20/20 VUs, 4742 complete and 0 interrupted iterations
default   [  59% ] 20/20 VUs  2m21.0s/4m00.0s

running (2m22.0s), 20/20 VUs, 4778 complete and 0 interrupted iterations
default   [  59% ] 20/20 VUs  2m22.0s/4m00.0s

running (2m23.0s), 20/20 VUs, 4810 complete and 0 interrupted iterations
default   [  60% ] 20/20 VUs  2m23.0s/4m00.0s

running (2m24.0s), 20/20 VUs, 4846 complete and 0 interrupted iterations
default   [  60% ] 20/20 VUs  2m24.0s/4m00.0s

running (2m25.0s), 20/20 VUs, 4878 complete and 0 interrupted iterations
default   [  60% ] 20/20 VUs  2m25.0s/4m00.0s

running (2m26.0s), 20/20 VUs, 4914 complete and 0 interrupted iterations
default   [  61% ] 20/20 VUs  2m26.0s/4m00.0s

running (2m27.0s), 20/20 VUs, 4946 complete and 0 interrupted iterations
default   [  61% ] 20/20 VUs  2m27.0s/4m00.0s

running (2m28.0s), 20/20 VUs, 4982 complete and 0 interrupted iterations
default   [  62% ] 20/20 VUs  2m28.0s/4m00.0s

running (2m29.0s), 20/20 VUs, 5014 complete and 0 interrupted iterations
default   [  62% ] 20/20 VUs  2m29.0s/4m00.0s

running (2m30.0s), 20/20 VUs, 5049 complete and 0 interrupted iterations
default   [  62% ] 20/20 VUs  2m30.0s/4m00.0s

running (2m31.0s), 20/20 VUs, 5082 complete and 0 interrupted iterations
default   [  63% ] 20/20 VUs  2m31.0s/4m00.0s

running (2m32.0s), 20/20 VUs, 5114 complete and 0 interrupted iterations
default   [  63% ] 20/20 VUs  2m32.0s/4m00.0s

running (2m33.0s), 20/20 VUs, 5150 complete and 0 interrupted iterations
default   [  64% ] 20/20 VUs  2m33.0s/4m00.0s

running (2m34.0s), 20/20 VUs, 5182 complete and 0 interrupted iterations
default   [  64% ] 20/20 VUs  2m34.0s/4m00.0s

running (2m35.0s), 20/20 VUs, 5218 complete and 0 interrupted iterations
default   [  65% ] 20/20 VUs  2m35.0s/4m00.0s

running (2m36.0s), 20/20 VUs, 5250 complete and 0 interrupted iterations
default   [  65% ] 20/20 VUs  2m36.0s/4m00.0s

running (2m37.0s), 20/20 VUs, 5286 complete and 0 interrupted iterations
default   [  65% ] 20/20 VUs  2m37.0s/4m00.0s

running (2m38.0s), 20/20 VUs, 5318 complete and 0 interrupted iterations
default   [  66% ] 20/20 VUs  2m38.0s/4m00.0s

running (2m39.0s), 20/20 VUs, 5354 complete and 0 interrupted iterations
default   [  66% ] 20/20 VUs  2m39.0s/4m00.0s

running (2m40.0s), 20/20 VUs, 5386 complete and 0 interrupted iterations
default   [  67% ] 20/20 VUs  2m40.0s/4m00.0s

running (2m41.0s), 20/20 VUs, 5421 complete and 0 interrupted iterations
default   [  67% ] 20/20 VUs  2m41.0s/4m00.0s

running (2m42.0s), 20/20 VUs, 5454 complete and 0 interrupted iterations
default   [  67% ] 20/20 VUs  2m42.0s/4m00.0s

running (2m43.0s), 20/20 VUs, 5489 complete and 0 interrupted iterations
default   [  68% ] 20/20 VUs  2m43.0s/4m00.0s

running (2m44.0s), 20/20 VUs, 5522 complete and 0 interrupted iterations
default   [  68% ] 20/20 VUs  2m44.0s/4m00.0s

running (2m45.0s), 20/20 VUs, 5557 complete and 0 interrupted iterations
default   [  69% ] 20/20 VUs  2m45.0s/4m00.0s

running (2m46.0s), 20/20 VUs, 5590 complete and 0 interrupted iterations
default   [  69% ] 20/20 VUs  2m46.0s/4m00.0s

running (2m47.0s), 20/20 VUs, 5624 complete and 0 interrupted iterations
default   [  70% ] 20/20 VUs  2m47.0s/4m00.0s

running (2m48.0s), 20/20 VUs, 5658 complete and 0 interrupted iterations
default   [  70% ] 20/20 VUs  2m48.0s/4m00.0s

running (2m49.0s), 20/20 VUs, 5691 complete and 0 interrupted iterations
default   [  70% ] 20/20 VUs  2m49.0s/4m00.0s

running (2m50.0s), 20/20 VUs, 5726 complete and 0 interrupted iterations
default   [  71% ] 20/20 VUs  2m50.0s/4m00.0s

running (2m51.0s), 20/20 VUs, 5759 complete and 0 interrupted iterations
default   [  71% ] 20/20 VUs  2m51.0s/4m00.0s

running (2m52.0s), 20/20 VUs, 5793 complete and 0 interrupted iterations
default   [  72% ] 20/20 VUs  2m52.0s/4m00.0s

running (2m53.0s), 20/20 VUs, 5826 complete and 0 interrupted iterations
default   [  72% ] 20/20 VUs  2m53.0s/4m00.0s

running (2m54.0s), 20/20 VUs, 5861 complete and 0 interrupted iterations
default   [  72% ] 20/20 VUs  2m54.0s/4m00.0s

running (2m55.0s), 20/20 VUs, 5895 complete and 0 interrupted iterations
default   [  73% ] 20/20 VUs  2m55.0s/4m00.0s

running (2m56.0s), 20/20 VUs, 5929 complete and 0 interrupted iterations
default   [  73% ] 20/20 VUs  2m56.0s/4m00.0s

running (2m57.0s), 20/20 VUs, 5962 complete and 0 interrupted iterations
default   [  74% ] 20/20 VUs  2m57.0s/4m00.0s

running (2m58.0s), 20/20 VUs, 5997 complete and 0 interrupted iterations
default   [  74% ] 20/20 VUs  2m58.0s/4m00.0s

running (2m59.0s), 20/20 VUs, 6030 complete and 0 interrupted iterations
default   [  75% ] 20/20 VUs  2m59.0s/4m00.0s

running (3m00.0s), 20/20 VUs, 6065 complete and 0 interrupted iterations
default   [  75% ] 20/20 VUs  3m00.0s/4m00.0s

running (3m01.0s), 20/20 VUs, 6098 complete and 0 interrupted iterations
default   [  75% ] 20/20 VUs  3m01.0s/4m00.0s

running (3m02.0s), 20/20 VUs, 6132 complete and 0 interrupted iterations
default   [  76% ] 20/20 VUs  3m02.0s/4m00.0s

running (3m03.0s), 20/20 VUs, 6165 complete and 0 interrupted iterations
default   [  76% ] 20/20 VUs  3m03.0s/4m00.0s

running (3m04.0s), 20/20 VUs, 6200 complete and 0 interrupted iterations
default   [  77% ] 20/20 VUs  3m04.0s/4m00.0s

running (3m05.0s), 20/20 VUs, 6233 complete and 0 interrupted iterations
default   [  77% ] 20/20 VUs  3m05.0s/4m00.0s

running (3m06.0s), 20/20 VUs, 6268 complete and 0 interrupted iterations
default   [  77% ] 20/20 VUs  3m06.0s/4m00.0s

running (3m07.0s), 20/20 VUs, 6301 complete and 0 interrupted iterations
default   [  78% ] 20/20 VUs  3m07.0s/4m00.0s

running (3m08.0s), 20/20 VUs, 6336 complete and 0 interrupted iterations
default   [  78% ] 20/20 VUs  3m08.0s/4m00.0s

running (3m09.0s), 20/20 VUs, 6369 complete and 0 interrupted iterations
default   [  79% ] 20/20 VUs  3m09.0s/4m00.0s

running (3m10.0s), 20/20 VUs, 6404 complete and 0 interrupted iterations
default   [  79% ] 20/20 VUs  3m10.0s/4m00.0s

running (3m11.0s), 20/20 VUs, 6437 complete and 0 interrupted iterations
default   [  80% ] 20/20 VUs  3m11.0s/4m00.0s

running (3m12.0s), 20/20 VUs, 6472 complete and 0 interrupted iterations
default   [  80% ] 20/20 VUs  3m12.0s/4m00.0s

running (3m13.0s), 20/20 VUs, 6505 complete and 0 interrupted iterations
default   [  80% ] 20/20 VUs  3m13.0s/4m00.0s

running (3m14.0s), 20/20 VUs, 6539 complete and 0 interrupted iterations
default   [  81% ] 20/20 VUs  3m14.0s/4m00.0s

running (3m15.0s), 20/20 VUs, 6573 complete and 0 interrupted iterations
default   [  81% ] 20/20 VUs  3m15.0s/4m00.0s

running (3m16.0s), 20/20 VUs, 6605 complete and 0 interrupted iterations
default   [  82% ] 20/20 VUs  3m16.0s/4m00.0s

running (3m17.0s), 20/20 VUs, 6641 complete and 0 interrupted iterations
default   [  82% ] 20/20 VUs  3m17.0s/4m00.0s

running (3m18.0s), 20/20 VUs, 6673 complete and 0 interrupted iterations
default   [  82% ] 20/20 VUs  3m18.0s/4m00.0s

running (3m19.0s), 20/20 VUs, 6708 complete and 0 interrupted iterations
default   [  83% ] 20/20 VUs  3m19.0s/4m00.0s

running (3m20.0s), 20/20 VUs, 6741 complete and 0 interrupted iterations
default   [  83% ] 20/20 VUs  3m20.0s/4m00.0s

running (3m21.0s), 20/20 VUs, 6776 complete and 0 interrupted iterations
default   [  84% ] 20/20 VUs  3m21.0s/4m00.0s

running (3m22.0s), 20/20 VUs, 6810 complete and 0 interrupted iterations
default   [  84% ] 20/20 VUs  3m22.0s/4m00.0s

running (3m23.0s), 20/20 VUs, 6844 complete and 0 interrupted iterations
default   [  85% ] 20/20 VUs  3m23.0s/4m00.0s

running (3m24.0s), 20/20 VUs, 6877 complete and 0 interrupted iterations
default   [  85% ] 20/20 VUs  3m24.0s/4m00.0s

running (3m25.0s), 20/20 VUs, 6912 complete and 0 interrupted iterations
default   [  85% ] 20/20 VUs  3m25.0s/4m00.0s

running (3m26.0s), 20/20 VUs, 6945 complete and 0 interrupted iterations
default   [  86% ] 20/20 VUs  3m26.0s/4m00.0s

running (3m27.0s), 20/20 VUs, 6979 complete and 0 interrupted iterations
default   [  86% ] 20/20 VUs  3m27.0s/4m00.0s

running (3m28.0s), 20/20 VUs, 7013 complete and 0 interrupted iterations
default   [  87% ] 20/20 VUs  3m28.0s/4m00.0s

running (3m29.0s), 20/20 VUs, 7047 complete and 0 interrupted iterations
default   [  87% ] 20/20 VUs  3m29.0s/4m00.0s

running (3m30.0s), 20/20 VUs, 7081 complete and 0 interrupted iterations
default   [  87% ] 20/20 VUs  3m30.0s/4m00.0s

running (3m31.0s), 20/20 VUs, 7115 complete and 0 interrupted iterations
default   [  88% ] 20/20 VUs  3m31.0s/4m00.0s

running (3m32.0s), 19/20 VUs, 7149 complete and 0 interrupted iterations
default   [  88% ] 19/20 VUs  3m32.0s/4m00.0s

running (3m33.0s), 19/20 VUs, 7183 complete and 0 interrupted iterations
default   [  89% ] 19/20 VUs  3m33.0s/4m00.0s

running (3m34.0s), 18/20 VUs, 7215 complete and 0 interrupted iterations
default   [  89% ] 18/20 VUs  3m34.0s/4m00.0s

running (3m35.0s), 17/20 VUs, 7251 complete and 0 interrupted iterations
default   [  90% ] 17/20 VUs  3m35.0s/4m00.0s

running (3m36.0s), 17/20 VUs, 7284 complete and 0 interrupted iterations
default   [  90% ] 17/20 VUs  3m36.0s/4m00.0s

running (3m37.0s), 16/20 VUs, 7318 complete and 0 interrupted iterations
default   [  90% ] 16/20 VUs  3m37.0s/4m00.0s

running (3m38.0s), 15/20 VUs, 7352 complete and 0 interrupted iterations
default   [  91% ] 15/20 VUs  3m38.0s/4m00.0s

running (3m39.0s), 15/20 VUs, 7386 complete and 0 interrupted iterations
default   [  91% ] 15/20 VUs  3m39.0s/4m00.0s

running (3m40.0s), 14/20 VUs, 7420 complete and 0 interrupted iterations
default   [  92% ] 14/20 VUs  3m40.0s/4m00.0s

running (3m41.0s), 13/20 VUs, 7454 complete and 0 interrupted iterations
default   [  92% ] 13/20 VUs  3m41.0s/4m00.0s

running (3m42.0s), 13/20 VUs, 7488 complete and 0 interrupted iterations
default   [  92% ] 13/20 VUs  3m42.0s/4m00.0s

running (3m43.0s), 12/20 VUs, 7522 complete and 0 interrupted iterations
default   [  93% ] 12/20 VUs  3m43.0s/4m00.0s

running (3m44.0s), 11/20 VUs, 7555 complete and 0 interrupted iterations
default   [  93% ] 11/20 VUs  3m44.0s/4m00.0s

running (3m45.0s), 11/20 VUs, 7590 complete and 0 interrupted iterations
default   [  94% ] 11/20 VUs  3m45.0s/4m00.0s

running (3m46.0s), 10/20 VUs, 7623 complete and 0 interrupted iterations
default   [  94% ] 10/20 VUs  3m46.0s/4m00.0s

running (3m47.0s), 09/20 VUs, 7657 complete and 0 interrupted iterations
default   [  95% ] 09/20 VUs  3m47.0s/4m00.0s

running (3m48.0s), 09/20 VUs, 7691 complete and 0 interrupted iterations
default   [  95% ] 09/20 VUs  3m48.0s/4m00.0s

running (3m49.0s), 08/20 VUs, 7725 complete and 0 interrupted iterations
default   [  95% ] 08/20 VUs  3m49.0s/4m00.0s

running (3m50.0s), 07/20 VUs, 7759 complete and 0 interrupted iterations
default   [  96% ] 07/20 VUs  3m50.0s/4m00.0s

running (3m51.0s), 07/20 VUs, 7793 complete and 0 interrupted iterations
default   [  96% ] 07/20 VUs  3m51.0s/4m00.0s

running (3m52.0s), 06/20 VUs, 7826 complete and 0 interrupted iterations
default   [  97% ] 06/20 VUs  3m52.0s/4m00.0s

running (3m53.0s), 05/20 VUs, 7861 complete and 0 interrupted iterations
default   [  97% ] 05/20 VUs  3m53.0s/4m00.0s

running (3m54.0s), 05/20 VUs, 7894 complete and 0 interrupted iterations
default   [  97% ] 05/20 VUs  3m54.0s/4m00.0s

running (3m55.0s), 04/20 VUs, 7929 complete and 0 interrupted iterations
default   [  98% ] 04/20 VUs  3m55.0s/4m00.0s

running (3m56.0s), 03/20 VUs, 7963 complete and 0 interrupted iterations
default   [  98% ] 03/20 VUs  3m56.0s/4m00.0s

running (3m57.0s), 03/20 VUs, 7997 complete and 0 interrupted iterations
default   [  99% ] 03/20 VUs  3m57.0s/4m00.0s

running (3m58.0s), 02/20 VUs, 8031 complete and 0 interrupted iterations
default   [  99% ] 02/20 VUs  3m58.0s/4m00.0s

running (3m59.0s), 01/20 VUs, 8057 complete and 0 interrupted iterations
default   [ 100% ] 01/20 VUs  3m59.0s/4m00.0s

running (4m00.0s), 01/20 VUs, 8075 complete and 0 interrupted iterations
default   [ 100% ] 01/20 VUs  4m00.0s/4m00.0s


  █ THRESHOLDS 

    checks
    ✓ 'rate>0.95' rate=100.00%

    http_req_duration
    ✓ 'p(95)<5000' p(95)=718.92ms
    ✓ 'p(99)<10000' p(99)=830.58ms

    http_req_failed
    ✓ 'rate<0.05' rate=0.00%


  █ TOTAL RESULTS 

    checks_total.......: 32304   134.576557/s
    checks_succeeded...: 100.00% 32304 out of 32304
    checks_failed......: 0.00%   0 out of 32304

    ✓ status is 200
    ✓ content-type is json
    ✓ workloadType is CPU-BOUND
    ✓ executionTimeMs exists

    CUSTOM
    response_time_ms...............: min=56.818699 avg=522.210905 med=589.769112 max=1316.310175 p(90)=710.442166 p(95)=718.92452 p(99)=830.581723
    successful_requests............: 8076   33.644139/s

    HTTP
    http_req_duration..............: min=56.81ms   avg=522.21ms   med=589.76ms   max=1.31s       p(90)=710.44ms   p(95)=718.92ms  p(99)=830.58ms  
      { expected_response:true }...: min=56.81ms   avg=522.21ms   med=589.76ms   max=1.31s       p(90)=710.44ms   p(95)=718.92ms  p(99)=830.58ms  
    http_req_failed................: 0.00%  0 out of 8076
    http_reqs......................: 8076   33.644139/s

    EXECUTION
    iteration_duration.............: min=56.97ms   avg=522.36ms   med=589.92ms   max=1.31s       p(90)=710.61ms   p(95)=719.05ms  p(99)=830.74ms  
    iterations.....................: 8076   33.644139/s
    vus............................: 1      min=1         max=20
    vus_max........................: 20     min=20        max=20

    NETWORK
    data_received..................: 1.9 MB 7.7 kB/s
    data_sent......................: 646 kB 2.7 kB/s




running (4m00.0s), 00/20 VUs, 8076 complete and 0 interrupted iterations
default ✓ [ 100% ] 00/20 VUs  4m0s
