
         /\      Grafana   /‾‾/  
    /\  /  \     |\  __   /  /   
   /  \/    \    | |/ /  /   ‾‾\ 
  /          \   |   (  |  (‾)  |
 / __________ \  |_|\_\  \_____/ 


     execution: local
        script: io-bound-test.js
        output: -

     scenarios: (100.00%) 1 scenario, 50 max VUs, 4m30s max duration (incl. graceful stop):
              * default: Up to 50 looping VUs for 4m0s over 3 stages (gracefulRampDown: 30s, gracefulStop: 30s)


running (0m01.0s), 02/50 VUs, 24 complete and 0 interrupted iterations
default   [   0% ] 02/50 VUs  0m01.0s/4m00.0s

running (0m02.0s), 04/50 VUs, 79 complete and 0 interrupted iterations
default   [   1% ] 04/50 VUs  0m02.0s/4m00.0s

running (0m03.0s), 05/50 VUs, 166 complete and 0 interrupted iterations
default   [   1% ] 05/50 VUs  0m03.0s/4m00.0s

running (0m04.0s), 07/50 VUs, 286 complete and 0 interrupted iterations
default   [   2% ] 07/50 VUs  0m04.0s/4m00.0s

running (0m05.0s), 09/50 VUs, 433 complete and 0 interrupted iterations
default   [   2% ] 09/50 VUs  0m05.0s/4m00.0s

running (0m06.0s), 10/50 VUs, 619 complete and 0 interrupted iterations
default   [   2% ] 10/50 VUs  0m06.0s/4m00.0s

running (0m07.0s), 12/50 VUs, 832 complete and 0 interrupted iterations
default   [   3% ] 12/50 VUs  0m07.0s/4m00.0s

running (0m08.0s), 14/50 VUs, 1081 complete and 0 interrupted iterations
default   [   3% ] 14/50 VUs  0m08.0s/4m00.0s

running (0m09.0s), 15/50 VUs, 1357 complete and 0 interrupted iterations
default   [   4% ] 15/50 VUs  0m09.0s/4m00.0s

running (0m10.0s), 17/50 VUs, 1661 complete and 0 interrupted iterations
default   [   4% ] 17/50 VUs  0m10.0s/4m00.0s

running (0m11.0s), 18/50 VUs, 2008 complete and 0 interrupted iterations
default   [   5% ] 18/50 VUs  0m11.0s/4m00.0s

running (0m12.0s), 20/50 VUs, 2378 complete and 0 interrupted iterations
default   [   5% ] 20/50 VUs  0m12.0s/4m00.0s

running (0m13.0s), 22/50 VUs, 2773 complete and 0 interrupted iterations
default   [   5% ] 22/50 VUs  0m13.0s/4m00.0s

running (0m14.0s), 23/50 VUs, 3219 complete and 0 interrupted iterations
default   [   6% ] 23/50 VUs  0m14.0s/4m00.0s

running (0m15.0s), 25/50 VUs, 3682 complete and 0 interrupted iterations
default   [   6% ] 25/50 VUs  0m15.0s/4m00.0s

running (0m16.0s), 27/50 VUs, 4170 complete and 0 interrupted iterations
default   [   7% ] 27/50 VUs  0m16.0s/4m00.0s

running (0m17.0s), 28/50 VUs, 4717 complete and 0 interrupted iterations
default   [   7% ] 28/50 VUs  0m17.0s/4m00.0s

running (0m18.0s), 30/50 VUs, 5270 complete and 0 interrupted iterations
default   [   7% ] 30/50 VUs  0m18.0s/4m00.0s

running (0m19.0s), 31/50 VUs, 5853 complete and 0 interrupted iterations
default   [   8% ] 31/50 VUs  0m19.0s/4m00.0s

running (0m20.0s), 33/50 VUs, 6494 complete and 0 interrupted iterations
default   [   8% ] 33/50 VUs  0m20.0s/4m00.0s

running (0m21.0s), 35/50 VUs, 7140 complete and 0 interrupted iterations
default   [   9% ] 35/50 VUs  0m21.0s/4m00.0s

running (0m22.0s), 36/50 VUs, 7819 complete and 0 interrupted iterations
default   [   9% ] 36/50 VUs  0m22.0s/4m00.0s

running (0m23.0s), 38/50 VUs, 8558 complete and 0 interrupted iterations
default   [  10% ] 38/50 VUs  0m23.0s/4m00.0s

running (0m24.0s), 40/50 VUs, 9299 complete and 0 interrupted iterations
default   [  10% ] 40/50 VUs  0m24.0s/4m00.0s

running (0m25.0s), 41/50 VUs, 10069 complete and 0 interrupted iterations
default   [  10% ] 41/50 VUs  0m25.0s/4m00.0s

running (0m26.0s), 43/50 VUs, 10902 complete and 0 interrupted iterations
default   [  11% ] 43/50 VUs  0m26.0s/4m00.0s

running (0m27.0s), 45/50 VUs, 11740 complete and 0 interrupted iterations
default   [  11% ] 45/50 VUs  0m27.0s/4m00.0s

running (0m28.0s), 46/50 VUs, 12603 complete and 0 interrupted iterations
default   [  12% ] 46/50 VUs  0m28.0s/4m00.0s

running (0m29.0s), 48/50 VUs, 13512 complete and 0 interrupted iterations
default   [  12% ] 48/50 VUs  0m29.0s/4m00.0s

running (0m30.0s), 49/50 VUs, 14464 complete and 0 interrupted iterations
default   [  12% ] 49/50 VUs  0m30.0s/4m00.0s

running (0m31.0s), 50/50 VUs, 15415 complete and 0 interrupted iterations
default   [  13% ] 50/50 VUs  0m31.0s/4m00.0s

running (0m32.0s), 50/50 VUs, 16365 complete and 0 interrupted iterations
default   [  13% ] 50/50 VUs  0m32.0s/4m00.0s

running (0m33.0s), 50/50 VUs, 17337 complete and 0 interrupted iterations
default   [  14% ] 50/50 VUs  0m33.0s/4m00.0s

running (0m34.0s), 50/50 VUs, 18315 complete and 0 interrupted iterations
default   [  14% ] 50/50 VUs  0m34.0s/4m00.0s

running (0m35.0s), 50/50 VUs, 19265 complete and 0 interrupted iterations
default   [  15% ] 50/50 VUs  0m35.0s/4m00.0s

running (0m36.0s), 50/50 VUs, 20215 complete and 0 interrupted iterations
default   [  15% ] 50/50 VUs  0m36.0s/4m00.0s

running (0m37.0s), 50/50 VUs, 21189 complete and 0 interrupted iterations
default   [  15% ] 50/50 VUs  0m37.0s/4m00.0s

running (0m38.0s), 50/50 VUs, 22165 complete and 0 interrupted iterations
default   [  16% ] 50/50 VUs  0m38.0s/4m00.0s

running (0m39.0s), 50/50 VUs, 23115 complete and 0 interrupted iterations
default   [  16% ] 50/50 VUs  0m39.0s/4m00.0s

running (0m40.0s), 50/50 VUs, 24065 complete and 0 interrupted iterations
default   [  17% ] 50/50 VUs  0m40.0s/4m00.0s

running (0m41.0s), 50/50 VUs, 25024 complete and 0 interrupted iterations
default   [  17% ] 50/50 VUs  0m41.0s/4m00.0s

running (0m42.0s), 50/50 VUs, 26015 complete and 0 interrupted iterations
default   [  17% ] 50/50 VUs  0m42.0s/4m00.0s

running (0m43.0s), 50/50 VUs, 26965 complete and 0 interrupted iterations
default   [  18% ] 50/50 VUs  0m43.0s/4m00.0s

running (0m44.0s), 50/50 VUs, 27915 complete and 0 interrupted iterations
default   [  18% ] 50/50 VUs  0m44.0s/4m00.0s

running (0m45.0s), 50/50 VUs, 28885 complete and 0 interrupted iterations
default   [  19% ] 50/50 VUs  0m45.0s/4m00.0s

running (0m46.0s), 50/50 VUs, 29865 complete and 0 interrupted iterations
default   [  19% ] 50/50 VUs  0m46.0s/4m00.0s

running (0m47.0s), 50/50 VUs, 30815 complete and 0 interrupted iterations
default   [  20% ] 50/50 VUs  0m47.0s/4m00.0s

running (0m48.0s), 50/50 VUs, 31765 complete and 0 interrupted iterations
default   [  20% ] 50/50 VUs  0m48.0s/4m00.0s

running (0m49.0s), 50/50 VUs, 32749 complete and 0 interrupted iterations
default   [  20% ] 50/50 VUs  0m49.0s/4m00.0s

running (0m50.0s), 50/50 VUs, 33715 complete and 0 interrupted iterations
default   [  21% ] 50/50 VUs  0m50.0s/4m00.0s

running (0m51.0s), 50/50 VUs, 34665 complete and 0 interrupted iterations
default   [  21% ] 50/50 VUs  0m51.0s/4m00.0s

running (0m52.0s), 50/50 VUs, 35615 complete and 0 interrupted iterations
default   [  22% ] 50/50 VUs  0m52.0s/4m00.0s

running (0m53.0s), 50/50 VUs, 36615 complete and 0 interrupted iterations
default   [  22% ] 50/50 VUs  0m53.0s/4m00.0s

running (0m54.0s), 50/50 VUs, 37565 complete and 0 interrupted iterations
default   [  22% ] 50/50 VUs  0m54.0s/4m00.0s

running (0m55.0s), 50/50 VUs, 38515 complete and 0 interrupted iterations
default   [  23% ] 50/50 VUs  0m55.0s/4m00.0s

running (0m56.0s), 50/50 VUs, 39473 complete and 0 interrupted iterations
default   [  23% ] 50/50 VUs  0m56.0s/4m00.0s

running (0m57.0s), 50/50 VUs, 40465 complete and 0 interrupted iterations
default   [  24% ] 50/50 VUs  0m57.0s/4m00.0s

running (0m58.0s), 50/50 VUs, 41415 complete and 0 interrupted iterations
default   [  24% ] 50/50 VUs  0m58.0s/4m00.0s

running (0m59.0s), 50/50 VUs, 42365 complete and 0 interrupted iterations
default   [  25% ] 50/50 VUs  0m59.0s/4m00.0s

running (1m00.0s), 50/50 VUs, 43337 complete and 0 interrupted iterations
default   [  25% ] 50/50 VUs  1m00.0s/4m00.0s

running (1m01.0s), 50/50 VUs, 44315 complete and 0 interrupted iterations
default   [  25% ] 50/50 VUs  1m01.0s/4m00.0s

running (1m02.0s), 50/50 VUs, 45265 complete and 0 interrupted iterations
default   [  26% ] 50/50 VUs  1m02.0s/4m00.0s

running (1m03.0s), 50/50 VUs, 46215 complete and 0 interrupted iterations
default   [  26% ] 50/50 VUs  1m03.0s/4m00.0s

running (1m04.0s), 50/50 VUs, 47193 complete and 0 interrupted iterations
default   [  27% ] 50/50 VUs  1m04.0s/4m00.0s

running (1m05.0s), 50/50 VUs, 48165 complete and 0 interrupted iterations
default   [  27% ] 50/50 VUs  1m05.0s/4m00.0s

running (1m06.0s), 50/50 VUs, 49115 complete and 0 interrupted iterations
default   [  27% ] 50/50 VUs  1m06.0s/4m00.0s

running (1m07.0s), 50/50 VUs, 50065 complete and 0 interrupted iterations
default   [  28% ] 50/50 VUs  1m07.0s/4m00.0s

running (1m08.0s), 50/50 VUs, 51064 complete and 0 interrupted iterations
default   [  28% ] 50/50 VUs  1m08.0s/4m00.0s

running (1m09.0s), 50/50 VUs, 52015 complete and 0 interrupted iterations
default   [  29% ] 50/50 VUs  1m09.0s/4m00.0s

running (1m10.0s), 50/50 VUs, 52965 complete and 0 interrupted iterations
default   [  29% ] 50/50 VUs  1m10.0s/4m00.0s

running (1m11.0s), 50/50 VUs, 53915 complete and 0 interrupted iterations
default   [  30% ] 50/50 VUs  1m11.0s/4m00.0s

running (1m12.0s), 50/50 VUs, 54898 complete and 0 interrupted iterations
default   [  30% ] 50/50 VUs  1m12.0s/4m00.0s

running (1m13.0s), 50/50 VUs, 55865 complete and 0 interrupted iterations
default   [  30% ] 50/50 VUs  1m13.0s/4m00.0s

running (1m14.0s), 50/50 VUs, 56815 complete and 0 interrupted iterations
default   [  31% ] 50/50 VUs  1m14.0s/4m00.0s

running (1m15.0s), 50/50 VUs, 57765 complete and 0 interrupted iterations
default   [  31% ] 50/50 VUs  1m15.0s/4m00.0s

running (1m16.0s), 50/50 VUs, 58724 complete and 0 interrupted iterations
default   [  32% ] 50/50 VUs  1m16.0s/4m00.0s

running (1m17.0s), 50/50 VUs, 59715 complete and 0 interrupted iterations
default   [  32% ] 50/50 VUs  1m17.0s/4m00.0s

running (1m18.0s), 50/50 VUs, 60665 complete and 0 interrupted iterations
default   [  32% ] 50/50 VUs  1m18.0s/4m00.0s

running (1m19.0s), 50/50 VUs, 61618 complete and 0 interrupted iterations
default   [  33% ] 50/50 VUs  1m19.0s/4m00.0s

running (1m20.0s), 50/50 VUs, 62615 complete and 0 interrupted iterations
default   [  33% ] 50/50 VUs  1m20.0s/4m00.0s

running (1m21.0s), 50/50 VUs, 63565 complete and 0 interrupted iterations
default   [  34% ] 50/50 VUs  1m21.0s/4m00.0s

running (1m22.0s), 50/50 VUs, 64515 complete and 0 interrupted iterations
default   [  34% ] 50/50 VUs  1m22.0s/4m00.0s

running (1m23.0s), 50/50 VUs, 65479 complete and 0 interrupted iterations
default   [  35% ] 50/50 VUs  1m23.0s/4m00.0s

running (1m24.0s), 50/50 VUs, 66465 complete and 0 interrupted iterations
default   [  35% ] 50/50 VUs  1m24.0s/4m00.0s

running (1m25.0s), 50/50 VUs, 67415 complete and 0 interrupted iterations
default   [  35% ] 50/50 VUs  1m25.0s/4m00.0s

running (1m26.0s), 50/50 VUs, 68399 complete and 0 interrupted iterations
default   [  36% ] 50/50 VUs  1m26.0s/4m00.0s

running (1m27.0s), 50/50 VUs, 69365 complete and 0 interrupted iterations
default   [  36% ] 50/50 VUs  1m27.0s/4m00.0s

running (1m28.0s), 50/50 VUs, 70315 complete and 0 interrupted iterations
default   [  37% ] 50/50 VUs  1m28.0s/4m00.0s

running (1m29.0s), 50/50 VUs, 71265 complete and 0 interrupted iterations
default   [  37% ] 50/50 VUs  1m29.0s/4m00.0s

running (1m30.0s), 50/50 VUs, 72263 complete and 0 interrupted iterations
default   [  37% ] 50/50 VUs  1m30.0s/4m00.0s

running (1m31.0s), 50/50 VUs, 73215 complete and 0 interrupted iterations
default   [  38% ] 50/50 VUs  1m31.0s/4m00.0s

running (1m32.0s), 50/50 VUs, 74165 complete and 0 interrupted iterations
default   [  38% ] 50/50 VUs  1m32.0s/4m00.0s

running (1m33.0s), 50/50 VUs, 75141 complete and 0 interrupted iterations
default   [  39% ] 50/50 VUs  1m33.0s/4m00.0s

running (1m34.0s), 50/50 VUs, 76115 complete and 0 interrupted iterations
default   [  39% ] 50/50 VUs  1m34.0s/4m00.0s

running (1m35.0s), 50/50 VUs, 77065 complete and 0 interrupted iterations
default   [  40% ] 50/50 VUs  1m35.0s/4m00.0s

running (1m36.0s), 50/50 VUs, 78042 complete and 0 interrupted iterations
default   [  40% ] 50/50 VUs  1m36.0s/4m00.0s

running (1m37.0s), 50/50 VUs, 79015 complete and 0 interrupted iterations
default   [  40% ] 50/50 VUs  1m37.0s/4m00.0s

running (1m38.0s), 50/50 VUs, 79965 complete and 0 interrupted iterations
default   [  41% ] 50/50 VUs  1m38.0s/4m00.0s

running (1m39.0s), 50/50 VUs, 80915 complete and 0 interrupted iterations
default   [  41% ] 50/50 VUs  1m39.0s/4m00.0s

running (1m40.0s), 50/50 VUs, 81901 complete and 0 interrupted iterations
default   [  42% ] 50/50 VUs  1m40.0s/4m00.0s

running (1m41.0s), 50/50 VUs, 82865 complete and 0 interrupted iterations
default   [  42% ] 50/50 VUs  1m41.0s/4m00.0s

running (1m42.0s), 50/50 VUs, 83815 complete and 0 interrupted iterations
default   [  42% ] 50/50 VUs  1m42.0s/4m00.0s

running (1m43.0s), 50/50 VUs, 84765 complete and 0 interrupted iterations
default   [  43% ] 50/50 VUs  1m43.0s/4m00.0s

running (1m44.0s), 50/50 VUs, 85762 complete and 0 interrupted iterations
default   [  43% ] 50/50 VUs  1m44.0s/4m00.0s

running (1m45.0s), 50/50 VUs, 86715 complete and 0 interrupted iterations
default   [  44% ] 50/50 VUs  1m45.0s/4m00.0s

running (1m46.0s), 50/50 VUs, 87665 complete and 0 interrupted iterations
default   [  44% ] 50/50 VUs  1m46.0s/4m00.0s

running (1m47.0s), 50/50 VUs, 88635 complete and 0 interrupted iterations
default   [  45% ] 50/50 VUs  1m47.0s/4m00.0s

running (1m48.0s), 50/50 VUs, 89615 complete and 0 interrupted iterations
default   [  45% ] 50/50 VUs  1m48.0s/4m00.0s

running (1m49.0s), 50/50 VUs, 90565 complete and 0 interrupted iterations
default   [  45% ] 50/50 VUs  1m49.0s/4m00.0s

running (1m50.0s), 50/50 VUs, 91515 complete and 0 interrupted iterations
default   [  46% ] 50/50 VUs  1m50.0s/4m00.0s

running (1m51.0s), 50/50 VUs, 92513 complete and 0 interrupted iterations
default   [  46% ] 50/50 VUs  1m51.0s/4m00.0s

running (1m52.0s), 50/50 VUs, 93465 complete and 0 interrupted iterations
default   [  47% ] 50/50 VUs  1m52.0s/4m00.0s

running (1m53.0s), 50/50 VUs, 94415 complete and 0 interrupted iterations
default   [  47% ] 50/50 VUs  1m53.0s/4m00.0s

running (1m54.0s), 50/50 VUs, 95391 complete and 0 interrupted iterations
default   [  47% ] 50/50 VUs  1m54.0s/4m00.0s

running (1m55.0s), 50/50 VUs, 96365 complete and 0 interrupted iterations
default   [  48% ] 50/50 VUs  1m55.0s/4m00.0s

running (1m56.0s), 50/50 VUs, 97315 complete and 0 interrupted iterations
default   [  48% ] 50/50 VUs  1m56.0s/4m00.0s

running (1m57.0s), 50/50 VUs, 98265 complete and 0 interrupted iterations
default   [  49% ] 50/50 VUs  1m57.0s/4m00.0s

running (1m58.0s), 50/50 VUs, 99243 complete and 0 interrupted iterations
default   [  49% ] 50/50 VUs  1m58.0s/4m00.0s

running (1m59.0s), 50/50 VUs, 100215 complete and 0 interrupted iterations
default   [  50% ] 50/50 VUs  1m59.0s/4m00.0s

running (2m00.0s), 50/50 VUs, 101165 complete and 0 interrupted iterations
default   [  50% ] 50/50 VUs  2m00.0s/4m00.0s

running (2m01.0s), 50/50 VUs, 102115 complete and 0 interrupted iterations
default   [  50% ] 50/50 VUs  2m01.0s/4m00.0s

running (2m02.0s), 50/50 VUs, 103110 complete and 0 interrupted iterations
default   [  51% ] 50/50 VUs  2m02.0s/4m00.0s

running (2m03.0s), 50/50 VUs, 104065 complete and 0 interrupted iterations
default   [  51% ] 50/50 VUs  2m03.0s/4m00.0s

running (2m04.0s), 50/50 VUs, 105015 complete and 0 interrupted iterations
default   [  52% ] 50/50 VUs  2m04.0s/4m00.0s

running (2m05.0s), 50/50 VUs, 105976 complete and 0 interrupted iterations
default   [  52% ] 50/50 VUs  2m05.0s/4m00.0s

running (2m06.0s), 50/50 VUs, 106965 complete and 0 interrupted iterations
default   [  52% ] 50/50 VUs  2m06.0s/4m00.0s

running (2m07.0s), 50/50 VUs, 107915 complete and 0 interrupted iterations
default   [  53% ] 50/50 VUs  2m07.0s/4m00.0s

running (2m08.0s), 50/50 VUs, 108865 complete and 0 interrupted iterations
default   [  53% ] 50/50 VUs  2m08.0s/4m00.0s

running (2m09.0s), 50/50 VUs, 109865 complete and 0 interrupted iterations
default   [  54% ] 50/50 VUs  2m09.0s/4m00.0s

running (2m10.0s), 50/50 VUs, 110815 complete and 0 interrupted iterations
default   [  54% ] 50/50 VUs  2m10.0s/4m00.0s

running (2m11.0s), 50/50 VUs, 111765 complete and 0 interrupted iterations
default   [  55% ] 50/50 VUs  2m11.0s/4m00.0s

running (2m12.0s), 50/50 VUs, 112739 complete and 0 interrupted iterations
default   [  55% ] 50/50 VUs  2m12.0s/4m00.0s

running (2m13.0s), 50/50 VUs, 113715 complete and 0 interrupted iterations
default   [  55% ] 50/50 VUs  2m13.0s/4m00.0s

running (2m14.0s), 50/50 VUs, 114665 complete and 0 interrupted iterations
default   [  56% ] 50/50 VUs  2m14.0s/4m00.0s

running (2m15.0s), 50/50 VUs, 115649 complete and 0 interrupted iterations
default   [  56% ] 50/50 VUs  2m15.0s/4m00.0s

running (2m16.0s), 50/50 VUs, 116615 complete and 0 interrupted iterations
default   [  57% ] 50/50 VUs  2m16.0s/4m00.0s

running (2m17.0s), 50/50 VUs, 117565 complete and 0 interrupted iterations
default   [  57% ] 50/50 VUs  2m17.0s/4m00.0s

running (2m18.0s), 50/50 VUs, 118532 complete and 0 interrupted iterations
default   [  57% ] 50/50 VUs  2m18.0s/4m00.0s

running (2m19.0s), 50/50 VUs, 119515 complete and 0 interrupted iterations
default   [  58% ] 50/50 VUs  2m19.0s/4m00.0s

running (2m20.0s), 50/50 VUs, 120465 complete and 0 interrupted iterations
default   [  58% ] 50/50 VUs  2m20.0s/4m00.0s

running (2m21.0s), 50/50 VUs, 121415 complete and 0 interrupted iterations
default   [  59% ] 50/50 VUs  2m21.0s/4m00.0s

running (2m22.0s), 50/50 VUs, 122411 complete and 0 interrupted iterations
default   [  59% ] 50/50 VUs  2m22.0s/4m00.0s

running (2m23.0s), 50/50 VUs, 123365 complete and 0 interrupted iterations
default   [  60% ] 50/50 VUs  2m23.0s/4m00.0s

running (2m24.0s), 50/50 VUs, 124315 complete and 0 interrupted iterations
default   [  60% ] 50/50 VUs  2m24.0s/4m00.0s

running (2m25.0s), 50/50 VUs, 125298 complete and 0 interrupted iterations
default   [  60% ] 50/50 VUs  2m25.0s/4m00.0s

running (2m26.0s), 50/50 VUs, 126265 complete and 0 interrupted iterations
default   [  61% ] 50/50 VUs  2m26.0s/4m00.0s

running (2m27.0s), 50/50 VUs, 127215 complete and 0 interrupted iterations
default   [  61% ] 50/50 VUs  2m27.0s/4m00.0s

running (2m28.0s), 50/50 VUs, 128165 complete and 0 interrupted iterations
default   [  62% ] 50/50 VUs  2m28.0s/4m00.0s

running (2m29.0s), 50/50 VUs, 129165 complete and 0 interrupted iterations
default   [  62% ] 50/50 VUs  2m29.0s/4m00.0s

running (2m30.0s), 50/50 VUs, 130115 complete and 0 interrupted iterations
default   [  62% ] 50/50 VUs  2m30.0s/4m00.0s

running (2m31.0s), 50/50 VUs, 131065 complete and 0 interrupted iterations
default   [  63% ] 50/50 VUs  2m31.0s/4m00.0s

running (2m32.0s), 50/50 VUs, 132058 complete and 0 interrupted iterations
default   [  63% ] 50/50 VUs  2m32.0s/4m00.0s

running (2m33.0s), 50/50 VUs, 133015 complete and 0 interrupted iterations
default   [  64% ] 50/50 VUs  2m33.0s/4m00.0s

running (2m34.0s), 50/50 VUs, 133965 complete and 0 interrupted iterations
default   [  64% ] 50/50 VUs  2m34.0s/4m00.0s

running (2m35.0s), 50/50 VUs, 134916 complete and 0 interrupted iterations
default   [  65% ] 50/50 VUs  2m35.0s/4m00.0s

running (2m36.0s), 50/50 VUs, 135915 complete and 0 interrupted iterations
default   [  65% ] 50/50 VUs  2m36.0s/4m00.0s

running (2m37.0s), 50/50 VUs, 136865 complete and 0 interrupted iterations
default   [  65% ] 50/50 VUs  2m37.0s/4m00.0s

running (2m38.0s), 50/50 VUs, 137815 complete and 0 interrupted iterations
default   [  66% ] 50/50 VUs  2m38.0s/4m00.0s

running (2m39.0s), 50/50 VUs, 138793 complete and 0 interrupted iterations
default   [  66% ] 50/50 VUs  2m39.0s/4m00.0s

running (2m40.0s), 50/50 VUs, 139765 complete and 0 interrupted iterations
default   [  67% ] 50/50 VUs  2m40.0s/4m00.0s

running (2m41.0s), 50/50 VUs, 140715 complete and 0 interrupted iterations
default   [  67% ] 50/50 VUs  2m41.0s/4m00.0s

running (2m42.0s), 50/50 VUs, 141665 complete and 0 interrupted iterations
default   [  67% ] 50/50 VUs  2m42.0s/4m00.0s

running (2m43.0s), 50/50 VUs, 142659 complete and 0 interrupted iterations
default   [  68% ] 50/50 VUs  2m43.0s/4m00.0s

running (2m44.0s), 50/50 VUs, 143615 complete and 0 interrupted iterations
default   [  68% ] 50/50 VUs  2m44.0s/4m00.0s

running (2m45.0s), 50/50 VUs, 144565 complete and 0 interrupted iterations
default   [  69% ] 50/50 VUs  2m45.0s/4m00.0s

running (2m46.0s), 50/50 VUs, 145522 complete and 0 interrupted iterations
default   [  69% ] 50/50 VUs  2m46.0s/4m00.0s

running (2m47.0s), 50/50 VUs, 146515 complete and 0 interrupted iterations
default   [  70% ] 50/50 VUs  2m47.0s/4m00.0s

running (2m48.0s), 50/50 VUs, 147465 complete and 0 interrupted iterations
default   [  70% ] 50/50 VUs  2m48.0s/4m00.0s

running (2m49.0s), 50/50 VUs, 148415 complete and 0 interrupted iterations
default   [  70% ] 50/50 VUs  2m49.0s/4m00.0s

running (2m50.0s), 50/50 VUs, 149404 complete and 0 interrupted iterations
default   [  71% ] 50/50 VUs  2m50.0s/4m00.0s

running (2m51.0s), 50/50 VUs, 150365 complete and 0 interrupted iterations
default   [  71% ] 50/50 VUs  2m51.0s/4m00.0s

running (2m52.0s), 50/50 VUs, 151315 complete and 0 interrupted iterations
default   [  72% ] 50/50 VUs  2m52.0s/4m00.0s

running (2m53.0s), 50/50 VUs, 152277 complete and 0 interrupted iterations
default   [  72% ] 50/50 VUs  2m53.0s/4m00.0s

running (2m54.0s), 50/50 VUs, 153265 complete and 0 interrupted iterations
default   [  72% ] 50/50 VUs  2m54.0s/4m00.0s

running (2m55.0s), 50/50 VUs, 154215 complete and 0 interrupted iterations
default   [  73% ] 50/50 VUs  2m55.0s/4m00.0s

running (2m56.0s), 50/50 VUs, 155165 complete and 0 interrupted iterations
default   [  73% ] 50/50 VUs  2m56.0s/4m00.0s

running (2m57.0s), 50/50 VUs, 156165 complete and 0 interrupted iterations
default   [  74% ] 50/50 VUs  2m57.0s/4m00.0s

running (2m58.0s), 50/50 VUs, 157115 complete and 0 interrupted iterations
default   [  74% ] 50/50 VUs  2m58.0s/4m00.0s

running (2m59.0s), 50/50 VUs, 158065 complete and 0 interrupted iterations
default   [  75% ] 50/50 VUs  2m59.0s/4m00.0s

running (3m00.0s), 50/50 VUs, 159057 complete and 0 interrupted iterations
default   [  75% ] 50/50 VUs  3m00.0s/4m00.0s

running (3m01.0s), 50/50 VUs, 160015 complete and 0 interrupted iterations
default   [  75% ] 50/50 VUs  3m01.0s/4m00.0s

running (3m02.0s), 50/50 VUs, 160965 complete and 0 interrupted iterations
default   [  76% ] 50/50 VUs  3m02.0s/4m00.0s

running (3m03.0s), 50/50 VUs, 161940 complete and 0 interrupted iterations
default   [  76% ] 50/50 VUs  3m03.0s/4m00.0s

running (3m04.0s), 50/50 VUs, 162915 complete and 0 interrupted iterations
default   [  77% ] 50/50 VUs  3m04.0s/4m00.0s

running (3m05.0s), 50/50 VUs, 163865 complete and 0 interrupted iterations
default   [  77% ] 50/50 VUs  3m05.0s/4m00.0s

running (3m06.0s), 50/50 VUs, 164815 complete and 0 interrupted iterations
default   [  77% ] 50/50 VUs  3m06.0s/4m00.0s

running (3m07.0s), 50/50 VUs, 165804 complete and 0 interrupted iterations
default   [  78% ] 50/50 VUs  3m07.0s/4m00.0s

running (3m08.0s), 50/50 VUs, 166765 complete and 0 interrupted iterations
default   [  78% ] 50/50 VUs  3m08.0s/4m00.0s

running (3m09.0s), 50/50 VUs, 167715 complete and 0 interrupted iterations
default   [  79% ] 50/50 VUs  3m09.0s/4m00.0s

running (3m10.0s), 50/50 VUs, 168665 complete and 0 interrupted iterations
default   [  79% ] 50/50 VUs  3m10.0s/4m00.0s

running (3m11.0s), 50/50 VUs, 169665 complete and 0 interrupted iterations
default   [  80% ] 50/50 VUs  3m11.0s/4m00.0s

running (3m12.0s), 50/50 VUs, 170615 complete and 0 interrupted iterations
default   [  80% ] 50/50 VUs  3m12.0s/4m00.0s

running (3m13.0s), 50/50 VUs, 171565 complete and 0 interrupted iterations
default   [  80% ] 50/50 VUs  3m13.0s/4m00.0s

running (3m14.0s), 50/50 VUs, 172565 complete and 0 interrupted iterations
default   [  81% ] 50/50 VUs  3m14.0s/4m00.0s

running (3m15.0s), 50/50 VUs, 173515 complete and 0 interrupted iterations
default   [  81% ] 50/50 VUs  3m15.0s/4m00.0s

running (3m16.0s), 50/50 VUs, 174465 complete and 0 interrupted iterations
default   [  82% ] 50/50 VUs  3m16.0s/4m00.0s

running (3m17.0s), 50/50 VUs, 175415 complete and 0 interrupted iterations
default   [  82% ] 50/50 VUs  3m17.0s/4m00.0s

running (3m18.0s), 50/50 VUs, 176414 complete and 0 interrupted iterations
default   [  82% ] 50/50 VUs  3m18.0s/4m00.0s

running (3m19.0s), 50/50 VUs, 177365 complete and 0 interrupted iterations
default   [  83% ] 50/50 VUs  3m19.0s/4m00.0s

running (3m20.0s), 50/50 VUs, 178315 complete and 0 interrupted iterations
default   [  83% ] 50/50 VUs  3m20.0s/4m00.0s

running (3m21.0s), 50/50 VUs, 179284 complete and 0 interrupted iterations
default   [  84% ] 50/50 VUs  3m21.0s/4m00.0s

running (3m22.0s), 50/50 VUs, 180265 complete and 0 interrupted iterations
default   [  84% ] 50/50 VUs  3m22.0s/4m00.0s

running (3m23.0s), 50/50 VUs, 181215 complete and 0 interrupted iterations
default   [  85% ] 50/50 VUs  3m23.0s/4m00.0s

running (3m24.0s), 50/50 VUs, 182165 complete and 0 interrupted iterations
default   [  85% ] 50/50 VUs  3m24.0s/4m00.0s

running (3m25.0s), 50/50 VUs, 183165 complete and 0 interrupted iterations
default   [  85% ] 50/50 VUs  3m25.0s/4m00.0s

running (3m26.0s), 50/50 VUs, 184115 complete and 0 interrupted iterations
default   [  86% ] 50/50 VUs  3m26.0s/4m00.0s

running (3m27.0s), 50/50 VUs, 185065 complete and 0 interrupted iterations
default   [  86% ] 50/50 VUs  3m27.0s/4m00.0s

running (3m28.0s), 50/50 VUs, 186052 complete and 0 interrupted iterations
default   [  87% ] 50/50 VUs  3m28.0s/4m00.0s

running (3m29.0s), 50/50 VUs, 187015 complete and 0 interrupted iterations
default   [  87% ] 50/50 VUs  3m29.0s/4m00.0s

running (3m30.0s), 50/50 VUs, 187965 complete and 0 interrupted iterations
default   [  87% ] 50/50 VUs  3m30.0s/4m00.0s

running (3m31.0s), 49/50 VUs, 188909 complete and 0 interrupted iterations
default   [  88% ] 49/50 VUs  3m31.0s/4m00.0s

running (3m32.0s), 47/50 VUs, 189872 complete and 0 interrupted iterations
default   [  88% ] 47/50 VUs  3m32.0s/4m00.0s

running (3m33.0s), 46/50 VUs, 190755 complete and 0 interrupted iterations
default   [  89% ] 46/50 VUs  3m33.0s/4m00.0s

running (3m34.0s), 44/50 VUs, 191606 complete and 0 interrupted iterations
default   [  89% ] 44/50 VUs  3m34.0s/4m00.0s

running (3m35.0s), 42/50 VUs, 192458 complete and 0 interrupted iterations
default   [  90% ] 42/50 VUs  3m35.0s/4m00.0s

running (3m36.0s), 41/50 VUs, 193257 complete and 0 interrupted iterations
default   [  90% ] 41/50 VUs  3m36.0s/4m00.0s

running (3m37.0s), 39/50 VUs, 194012 complete and 0 interrupted iterations
default   [  90% ] 39/50 VUs  3m37.0s/4m00.0s

running (3m38.0s), 37/50 VUs, 194738 complete and 0 interrupted iterations
default   [  91% ] 37/50 VUs  3m38.0s/4m00.0s

running (3m39.0s), 36/50 VUs, 195468 complete and 0 interrupted iterations
default   [  91% ] 36/50 VUs  3m39.0s/4m00.0s

running (3m40.0s), 34/50 VUs, 196128 complete and 0 interrupted iterations
default   [  92% ] 34/50 VUs  3m40.0s/4m00.0s

running (3m41.0s), 32/50 VUs, 196758 complete and 0 interrupted iterations
default   [  92% ] 32/50 VUs  3m41.0s/4m00.0s

running (3m42.0s), 31/50 VUs, 197357 complete and 0 interrupted iterations
default   [  92% ] 31/50 VUs  3m42.0s/4m00.0s

running (3m43.0s), 29/50 VUs, 197953 complete and 0 interrupted iterations
default   [  93% ] 29/50 VUs  3m43.0s/4m00.0s

running (3m44.0s), 27/50 VUs, 198488 complete and 0 interrupted iterations
default   [  93% ] 27/50 VUs  3m44.0s/4m00.0s

running (3m45.0s), 26/50 VUs, 198991 complete and 0 interrupted iterations
default   [  94% ] 26/50 VUs  3m45.0s/4m00.0s

running (3m46.0s), 24/50 VUs, 199486 complete and 0 interrupted iterations
default   [  94% ] 24/50 VUs  3m46.0s/4m00.0s

running (3m47.0s), 22/50 VUs, 199926 complete and 0 interrupted iterations
default   [  95% ] 22/50 VUs  3m47.0s/4m00.0s

running (3m48.0s), 21/50 VUs, 200334 complete and 0 interrupted iterations
default   [  95% ] 21/50 VUs  3m48.0s/4m00.0s

running (3m49.0s), 19/50 VUs, 200710 complete and 0 interrupted iterations
default   [  95% ] 19/50 VUs  3m49.0s/4m00.0s

running (3m50.0s), 17/50 VUs, 201073 complete and 0 interrupted iterations
default   [  96% ] 17/50 VUs  3m50.0s/4m00.0s

running (3m51.0s), 16/50 VUs, 201386 complete and 0 interrupted iterations
default   [  96% ] 16/50 VUs  3m51.0s/4m00.0s

running (3m52.0s), 14/50 VUs, 201667 complete and 0 interrupted iterations
default   [  97% ] 14/50 VUs  3m52.0s/4m00.0s

running (3m53.0s), 12/50 VUs, 201918 complete and 0 interrupted iterations
default   [  97% ] 12/50 VUs  3m53.0s/4m00.0s

running (3m54.0s), 11/50 VUs, 202148 complete and 0 interrupted iterations
default   [  97% ] 11/50 VUs  3m54.0s/4m00.0s

running (3m55.0s), 09/50 VUs, 202333 complete and 0 interrupted iterations
default   [  98% ] 09/50 VUs  3m55.0s/4m00.0s

running (3m56.0s), 07/50 VUs, 202488 complete and 0 interrupted iterations
default   [  98% ] 07/50 VUs  3m56.0s/4m00.0s

running (3m57.0s), 06/50 VUs, 202612 complete and 0 interrupted iterations
default   [  99% ] 06/50 VUs  3m57.0s/4m00.0s

running (3m58.0s), 04/50 VUs, 202708 complete and 0 interrupted iterations
default   [  99% ] 04/50 VUs  3m58.0s/4m00.0s

running (3m59.0s), 02/50 VUs, 202768 complete and 0 interrupted iterations
default   [ 100% ] 02/50 VUs  3m59.0s/4m00.0s

running (4m00.0s), 01/50 VUs, 202798 complete and 0 interrupted iterations
default   [ 100% ] 01/50 VUs  4m00.0s/4m00.0s


  █ THRESHOLDS 

    checks
    ✓ 'rate>0.95' rate=100.00%

    http_req_duration
    ✓ 'p(95)<5000' p(95)=52.65ms
    ✓ 'p(99)<10000' p(99)=56.12ms

    http_req_failed
    ✓ 'rate<0.05' rate=0.00%


  █ TOTAL RESULTS 

    checks_total.......: 811196  3379.748948/s
    checks_succeeded...: 100.00% 811196 out of 811196
    checks_failed......: 0.00%   0 out of 811196

    ✓ status is 200
    ✓ content-type is json
    ✓ workloadType is IO-BOUND
    ✓ executionTimeMs exists

    CUSTOM
    response_time_ms...............: min=50.764889 avg=51.708524 med=51.564478 max=68.082426 p(90)=52.265197 p(95)=52.655614 p(99)=56.120613
    successful_requests............: 202799 844.937237/s

    HTTP
    http_req_duration..............: min=50.76ms   avg=51.7ms    med=51.56ms   max=68.08ms   p(90)=52.26ms   p(95)=52.65ms   p(99)=56.12ms  
      { expected_response:true }...: min=50.76ms   avg=51.7ms    med=51.56ms   max=68.08ms   p(90)=52.26ms   p(95)=52.65ms   p(99)=56.12ms  
    http_req_failed................: 0.00%  0 out of 202799
    http_reqs......................: 202799 844.937237/s

    EXECUTION
    iteration_duration.............: min=50.87ms   avg=51.84ms   med=51.7ms    max=68.25ms   p(90)=52.4ms    p(95)=52.8ms    p(99)=56.3ms   
    iterations.....................: 202799 844.937237/s
    vus............................: 1      min=1           max=50
    vus_max........................: 50     min=50          max=50

    NETWORK
    data_received..................: 45 MB  186 kB/s
    data_sent......................: 16 MB  67 kB/s




running (4m00.0s), 00/50 VUs, 202799 complete and 0 interrupted iterations
default ✓ [ 100% ] 00/50 VUs  4m0s
