
         /\      Grafana   /‾‾/  
    /\  /  \     |\  __   /  /   
   /  \/    \    | |/ /  /   ‾‾\ 
  /          \   |   (  |  (‾)  |
 / __________ \  |_|\_\  \_____/ 


     execution: local
        script: cpu-bound-test.js
        output: -

     scenarios: (100.00%) 1 scenario, 40 max VUs, 4m30s max duration (incl. graceful stop):
              * default: Up to 40 looping VUs for 4m0s over 3 stages (gracefulRampDown: 30s, gracefulStop: 30s)


running (0m01.0s), 02/40 VUs, 18 complete and 0 interrupted iterations
default   [   0% ] 02/40 VUs  0m01.0s/4m00.0s

running (0m02.0s), 03/40 VUs, 53 complete and 0 interrupted iterations
default   [   1% ] 03/40 VUs  0m02.0s/4m00.0s

running (0m03.0s), 04/40 VUs, 86 complete and 0 interrupted iterations
default   [   1% ] 04/40 VUs  0m03.0s/4m00.0s

running (0m04.0s), 06/40 VUs, 120 complete and 0 interrupted iterations
default   [   2% ] 06/40 VUs  0m04.0s/4m00.0s

running (0m05.0s), 07/40 VUs, 154 complete and 0 interrupted iterations
default   [   2% ] 07/40 VUs  0m05.0s/4m00.0s

running (0m06.0s), 08/40 VUs, 187 complete and 0 interrupted iterations
default   [   2% ] 08/40 VUs  0m06.0s/4m00.0s

running (0m07.0s), 10/40 VUs, 220 complete and 0 interrupted iterations
default   [   3% ] 10/40 VUs  0m07.0s/4m00.0s

running (0m08.0s), 11/40 VUs, 255 complete and 0 interrupted iterations
default   [   3% ] 11/40 VUs  0m08.0s/4m00.0s

running (0m09.0s), 12/40 VUs, 288 complete and 0 interrupted iterations
default   [   4% ] 12/40 VUs  0m09.0s/4m00.0s

running (0m10.0s), 13/40 VUs, 322 complete and 0 interrupted iterations
default   [   4% ] 13/40 VUs  0m10.0s/4m00.0s

running (0m11.0s), 15/40 VUs, 357 complete and 0 interrupted iterations
default   [   5% ] 15/40 VUs  0m11.0s/4m00.0s

running (0m12.0s), 16/40 VUs, 390 complete and 0 interrupted iterations
default   [   5% ] 16/40 VUs  0m12.0s/4m00.0s

running (0m13.0s), 17/40 VUs, 424 complete and 0 interrupted iterations
default   [   5% ] 17/40 VUs  0m13.0s/4m00.0s

running (0m14.0s), 19/40 VUs, 458 complete and 0 interrupted iterations
default   [   6% ] 19/40 VUs  0m14.0s/4m00.0s

running (0m15.0s), 20/40 VUs, 491 complete and 0 interrupted iterations
default   [   6% ] 20/40 VUs  0m15.0s/4m00.0s

running (0m16.0s), 21/40 VUs, 526 complete and 0 interrupted iterations
default   [   7% ] 21/40 VUs  0m16.0s/4m00.0s

running (0m17.0s), 23/40 VUs, 559 complete and 0 interrupted iterations
default   [   7% ] 23/40 VUs  0m17.0s/4m00.0s

running (0m18.0s), 24/40 VUs, 594 complete and 0 interrupted iterations
default   [   7% ] 24/40 VUs  0m18.0s/4m00.0s

running (0m19.0s), 25/40 VUs, 627 complete and 0 interrupted iterations
default   [   8% ] 25/40 VUs  0m19.0s/4m00.0s

running (0m20.0s), 26/40 VUs, 662 complete and 0 interrupted iterations
default   [   8% ] 26/40 VUs  0m20.0s/4m00.0s

running (0m21.0s), 28/40 VUs, 694 complete and 0 interrupted iterations
default   [   9% ] 28/40 VUs  0m21.0s/4m00.0s

running (0m22.0s), 29/40 VUs, 730 complete and 0 interrupted iterations
default   [   9% ] 29/40 VUs  0m22.0s/4m00.0s

running (0m23.0s), 30/40 VUs, 762 complete and 0 interrupted iterations
default   [  10% ] 30/40 VUs  0m23.0s/4m00.0s

running (0m24.0s), 32/40 VUs, 798 complete and 0 interrupted iterations
default   [  10% ] 32/40 VUs  0m24.0s/4m00.0s

running (0m25.0s), 33/40 VUs, 830 complete and 0 interrupted iterations
default   [  10% ] 33/40 VUs  0m25.0s/4m00.0s

running (0m26.0s), 34/40 VUs, 865 complete and 0 interrupted iterations
default   [  11% ] 34/40 VUs  0m26.0s/4m00.0s

running (0m27.0s), 36/40 VUs, 898 complete and 0 interrupted iterations
default   [  11% ] 36/40 VUs  0m27.0s/4m00.0s

running (0m28.0s), 37/40 VUs, 933 complete and 0 interrupted iterations
default   [  12% ] 37/40 VUs  0m28.0s/4m00.0s

running (0m29.0s), 38/40 VUs, 966 complete and 0 interrupted iterations
default   [  12% ] 38/40 VUs  0m29.0s/4m00.0s

running (0m30.0s), 39/40 VUs, 1001 complete and 0 interrupted iterations
default   [  12% ] 39/40 VUs  0m30.0s/4m00.0s

running (0m31.0s), 40/40 VUs, 1034 complete and 0 interrupted iterations
default   [  13% ] 40/40 VUs  0m31.0s/4m00.0s

running (0m32.0s), 40/40 VUs, 1068 complete and 0 interrupted iterations
default   [  13% ] 40/40 VUs  0m32.0s/4m00.0s

running (0m33.0s), 40/40 VUs, 1102 complete and 0 interrupted iterations
default   [  14% ] 40/40 VUs  0m33.0s/4m00.0s

running (0m34.0s), 40/40 VUs, 1135 complete and 0 interrupted iterations
default   [  14% ] 40/40 VUs  0m34.0s/4m00.0s

running (0m35.0s), 40/40 VUs, 1170 complete and 0 interrupted iterations
default   [  15% ] 40/40 VUs  0m35.0s/4m00.0s

running (0m36.0s), 40/40 VUs, 1202 complete and 0 interrupted iterations
default   [  15% ] 40/40 VUs  0m36.0s/4m00.0s

running (0m37.0s), 40/40 VUs, 1238 complete and 0 interrupted iterations
default   [  15% ] 40/40 VUs  0m37.0s/4m00.0s

running (0m38.0s), 40/40 VUs, 1270 complete and 0 interrupted iterations
default   [  16% ] 40/40 VUs  0m38.0s/4m00.0s

running (0m39.0s), 40/40 VUs, 1306 complete and 0 interrupted iterations
default   [  16% ] 40/40 VUs  0m39.0s/4m00.0s

running (0m40.0s), 40/40 VUs, 1339 complete and 0 interrupted iterations
default   [  17% ] 40/40 VUs  0m40.0s/4m00.0s

running (0m41.0s), 40/40 VUs, 1373 complete and 0 interrupted iterations
default   [  17% ] 40/40 VUs  0m41.0s/4m00.0s

running (0m42.0s), 40/40 VUs, 1406 complete and 0 interrupted iterations
default   [  17% ] 40/40 VUs  0m42.0s/4m00.0s

running (0m43.0s), 40/40 VUs, 1442 complete and 0 interrupted iterations
default   [  18% ] 40/40 VUs  0m43.0s/4m00.0s

running (0m44.0s), 40/40 VUs, 1474 complete and 0 interrupted iterations
default   [  18% ] 40/40 VUs  0m44.0s/4m00.0s

running (0m45.0s), 40/40 VUs, 1509 complete and 0 interrupted iterations
default   [  19% ] 40/40 VUs  0m45.0s/4m00.0s

running (0m46.0s), 40/40 VUs, 1542 complete and 0 interrupted iterations
default   [  19% ] 40/40 VUs  0m46.0s/4m00.0s

running (0m47.0s), 40/40 VUs, 1576 complete and 0 interrupted iterations
default   [  20% ] 40/40 VUs  0m47.0s/4m00.0s

running (0m48.0s), 40/40 VUs, 1610 complete and 0 interrupted iterations
default   [  20% ] 40/40 VUs  0m48.0s/4m00.0s

running (0m49.0s), 40/40 VUs, 1645 complete and 0 interrupted iterations
default   [  20% ] 40/40 VUs  0m49.0s/4m00.0s

running (0m50.0s), 40/40 VUs, 1678 complete and 0 interrupted iterations
default   [  21% ] 40/40 VUs  0m50.0s/4m00.0s

running (0m51.0s), 40/40 VUs, 1712 complete and 0 interrupted iterations
default   [  21% ] 40/40 VUs  0m51.0s/4m00.0s

running (0m52.0s), 40/40 VUs, 1746 complete and 0 interrupted iterations
default   [  22% ] 40/40 VUs  0m52.0s/4m00.0s

running (0m53.0s), 40/40 VUs, 1780 complete and 0 interrupted iterations
default   [  22% ] 40/40 VUs  0m53.0s/4m00.0s

running (0m54.0s), 40/40 VUs, 1813 complete and 0 interrupted iterations
default   [  22% ] 40/40 VUs  0m54.0s/4m00.0s

running (0m55.0s), 40/40 VUs, 1848 complete and 0 interrupted iterations
default   [  23% ] 40/40 VUs  0m55.0s/4m00.0s

running (0m56.0s), 40/40 VUs, 1881 complete and 0 interrupted iterations
default   [  23% ] 40/40 VUs  0m56.0s/4m00.0s

running (0m57.0s), 40/40 VUs, 1916 complete and 0 interrupted iterations
default   [  24% ] 40/40 VUs  0m57.0s/4m00.0s

running (0m58.0s), 40/40 VUs, 1949 complete and 0 interrupted iterations
default   [  24% ] 40/40 VUs  0m58.0s/4m00.0s

running (0m59.0s), 40/40 VUs, 1983 complete and 0 interrupted iterations
default   [  25% ] 40/40 VUs  0m59.0s/4m00.0s

running (1m00.0s), 40/40 VUs, 2017 complete and 0 interrupted iterations
default   [  25% ] 40/40 VUs  1m00.0s/4m00.0s

running (1m01.0s), 40/40 VUs, 2050 complete and 0 interrupted iterations
default   [  25% ] 40/40 VUs  1m01.0s/4m00.0s

running (1m02.0s), 40/40 VUs, 2085 complete and 0 interrupted iterations
default   [  26% ] 40/40 VUs  1m02.0s/4m00.0s

running (1m03.0s), 40/40 VUs, 2117 complete and 0 interrupted iterations
default   [  26% ] 40/40 VUs  1m03.0s/4m00.0s

running (1m04.0s), 40/40 VUs, 2153 complete and 0 interrupted iterations
default   [  27% ] 40/40 VUs  1m04.0s/4m00.0s

running (1m05.0s), 40/40 VUs, 2185 complete and 0 interrupted iterations
default   [  27% ] 40/40 VUs  1m05.0s/4m00.0s

running (1m06.0s), 40/40 VUs, 2221 complete and 0 interrupted iterations
default   [  27% ] 40/40 VUs  1m06.0s/4m00.0s

running (1m07.0s), 40/40 VUs, 2253 complete and 0 interrupted iterations
default   [  28% ] 40/40 VUs  1m07.0s/4m00.0s

running (1m08.0s), 40/40 VUs, 2289 complete and 0 interrupted iterations
default   [  28% ] 40/40 VUs  1m08.0s/4m00.0s

running (1m09.0s), 40/40 VUs, 2321 complete and 0 interrupted iterations
default   [  29% ] 40/40 VUs  1m09.0s/4m00.0s

running (1m10.0s), 40/40 VUs, 2357 complete and 0 interrupted iterations
default   [  29% ] 40/40 VUs  1m10.0s/4m00.0s

running (1m11.0s), 40/40 VUs, 2389 complete and 0 interrupted iterations
default   [  30% ] 40/40 VUs  1m11.0s/4m00.0s

running (1m12.0s), 40/40 VUs, 2424 complete and 0 interrupted iterations
default   [  30% ] 40/40 VUs  1m12.0s/4m00.0s

running (1m13.0s), 40/40 VUs, 2457 complete and 0 interrupted iterations
default   [  30% ] 40/40 VUs  1m13.0s/4m00.0s

running (1m14.0s), 40/40 VUs, 2490 complete and 0 interrupted iterations
default   [  31% ] 40/40 VUs  1m14.0s/4m00.0s

running (1m15.0s), 40/40 VUs, 2525 complete and 0 interrupted iterations
default   [  31% ] 40/40 VUs  1m15.0s/4m00.0s

running (1m16.0s), 40/40 VUs, 2558 complete and 0 interrupted iterations
default   [  32% ] 40/40 VUs  1m16.0s/4m00.0s

running (1m17.0s), 40/40 VUs, 2593 complete and 0 interrupted iterations
default   [  32% ] 40/40 VUs  1m17.0s/4m00.0s

running (1m18.0s), 40/40 VUs, 2625 complete and 0 interrupted iterations
default   [  32% ] 40/40 VUs  1m18.0s/4m00.0s

running (1m19.0s), 40/40 VUs, 2661 complete and 0 interrupted iterations
default   [  33% ] 40/40 VUs  1m19.0s/4m00.0s

running (1m20.0s), 40/40 VUs, 2693 complete and 0 interrupted iterations
default   [  33% ] 40/40 VUs  1m20.0s/4m00.0s

running (1m21.0s), 40/40 VUs, 2729 complete and 0 interrupted iterations
default   [  34% ] 40/40 VUs  1m21.0s/4m00.0s

running (1m22.0s), 40/40 VUs, 2761 complete and 0 interrupted iterations
default   [  34% ] 40/40 VUs  1m22.0s/4m00.0s

running (1m23.0s), 40/40 VUs, 2797 complete and 0 interrupted iterations
default   [  35% ] 40/40 VUs  1m23.0s/4m00.0s

running (1m24.0s), 40/40 VUs, 2829 complete and 0 interrupted iterations
default   [  35% ] 40/40 VUs  1m24.0s/4m00.0s

running (1m25.0s), 40/40 VUs, 2865 complete and 0 interrupted iterations
default   [  35% ] 40/40 VUs  1m25.0s/4m00.0s

running (1m26.0s), 40/40 VUs, 2897 complete and 0 interrupted iterations
default   [  36% ] 40/40 VUs  1m26.0s/4m00.0s

running (1m27.0s), 40/40 VUs, 2932 complete and 0 interrupted iterations
default   [  36% ] 40/40 VUs  1m27.0s/4m00.0s

running (1m28.0s), 40/40 VUs, 2965 complete and 0 interrupted iterations
default   [  37% ] 40/40 VUs  1m28.0s/4m00.0s

running (1m29.0s), 40/40 VUs, 2999 complete and 0 interrupted iterations
default   [  37% ] 40/40 VUs  1m29.0s/4m00.0s

running (1m30.0s), 40/40 VUs, 3033 complete and 0 interrupted iterations
default   [  37% ] 40/40 VUs  1m30.0s/4m00.0s

running (1m31.0s), 40/40 VUs, 3067 complete and 0 interrupted iterations
default   [  38% ] 40/40 VUs  1m31.0s/4m00.0s

running (1m32.0s), 40/40 VUs, 3101 complete and 0 interrupted iterations
default   [  38% ] 40/40 VUs  1m32.0s/4m00.0s

running (1m33.0s), 40/40 VUs, 3134 complete and 0 interrupted iterations
default   [  39% ] 40/40 VUs  1m33.0s/4m00.0s

running (1m34.0s), 40/40 VUs, 3169 complete and 0 interrupted iterations
default   [  39% ] 40/40 VUs  1m34.0s/4m00.0s

running (1m35.0s), 40/40 VUs, 3201 complete and 0 interrupted iterations
default   [  40% ] 40/40 VUs  1m35.0s/4m00.0s

running (1m36.0s), 40/40 VUs, 3236 complete and 0 interrupted iterations
default   [  40% ] 40/40 VUs  1m36.0s/4m00.0s

running (1m37.0s), 40/40 VUs, 3269 complete and 0 interrupted iterations
default   [  40% ] 40/40 VUs  1m37.0s/4m00.0s

running (1m38.0s), 40/40 VUs, 3303 complete and 0 interrupted iterations
default   [  41% ] 40/40 VUs  1m38.0s/4m00.0s

running (1m39.0s), 40/40 VUs, 3337 complete and 0 interrupted iterations
default   [  41% ] 40/40 VUs  1m39.0s/4m00.0s

running (1m40.0s), 40/40 VUs, 3371 complete and 0 interrupted iterations
default   [  42% ] 40/40 VUs  1m40.0s/4m00.0s

running (1m41.0s), 40/40 VUs, 3405 complete and 0 interrupted iterations
default   [  42% ] 40/40 VUs  1m41.0s/4m00.0s

running (1m42.0s), 40/40 VUs, 3439 complete and 0 interrupted iterations
default   [  42% ] 40/40 VUs  1m42.0s/4m00.0s

running (1m43.0s), 40/40 VUs, 3474 complete and 0 interrupted iterations
default   [  43% ] 40/40 VUs  1m43.0s/4m00.0s

running (1m44.0s), 40/40 VUs, 3507 complete and 0 interrupted iterations
default   [  43% ] 40/40 VUs  1m44.0s/4m00.0s

running (1m45.0s), 40/40 VUs, 3541 complete and 0 interrupted iterations
default   [  44% ] 40/40 VUs  1m45.0s/4m00.0s

running (1m46.0s), 40/40 VUs, 3574 complete and 0 interrupted iterations
default   [  44% ] 40/40 VUs  1m46.0s/4m00.0s

running (1m47.0s), 40/40 VUs, 3608 complete and 0 interrupted iterations
default   [  45% ] 40/40 VUs  1m47.0s/4m00.0s

running (1m48.0s), 40/40 VUs, 3642 complete and 0 interrupted iterations
default   [  45% ] 40/40 VUs  1m48.0s/4m00.0s

running (1m49.0s), 40/40 VUs, 3676 complete and 0 interrupted iterations
default   [  45% ] 40/40 VUs  1m49.0s/4m00.0s

running (1m50.0s), 40/40 VUs, 3710 complete and 0 interrupted iterations
default   [  46% ] 40/40 VUs  1m50.0s/4m00.0s

running (1m51.0s), 40/40 VUs, 3744 complete and 0 interrupted iterations
default   [  46% ] 40/40 VUs  1m51.0s/4m00.0s

running (1m52.0s), 40/40 VUs, 3778 complete and 0 interrupted iterations
default   [  47% ] 40/40 VUs  1m52.0s/4m00.0s

running (1m53.0s), 40/40 VUs, 3812 complete and 0 interrupted iterations
default   [  47% ] 40/40 VUs  1m53.0s/4m00.0s

running (1m54.0s), 40/40 VUs, 3846 complete and 0 interrupted iterations
default   [  47% ] 40/40 VUs  1m54.0s/4m00.0s

running (1m55.0s), 40/40 VUs, 3879 complete and 0 interrupted iterations
default   [  48% ] 40/40 VUs  1m55.0s/4m00.0s

running (1m56.0s), 40/40 VUs, 3913 complete and 0 interrupted iterations
default   [  48% ] 40/40 VUs  1m56.0s/4m00.0s

running (1m57.0s), 40/40 VUs, 3947 complete and 0 interrupted iterations
default   [  49% ] 40/40 VUs  1m57.0s/4m00.0s

running (1m58.0s), 40/40 VUs, 3981 complete and 0 interrupted iterations
default   [  49% ] 40/40 VUs  1m58.0s/4m00.0s

running (1m59.0s), 40/40 VUs, 4015 complete and 0 interrupted iterations
default   [  50% ] 40/40 VUs  1m59.0s/4m00.0s

running (2m00.0s), 40/40 VUs, 4049 complete and 0 interrupted iterations
default   [  50% ] 40/40 VUs  2m00.0s/4m00.0s

running (2m01.0s), 40/40 VUs, 4082 complete and 0 interrupted iterations
default   [  50% ] 40/40 VUs  2m01.0s/4m00.0s

running (2m02.0s), 40/40 VUs, 4117 complete and 0 interrupted iterations
default   [  51% ] 40/40 VUs  2m02.0s/4m00.0s

running (2m03.0s), 40/40 VUs, 4150 complete and 0 interrupted iterations
default   [  51% ] 40/40 VUs  2m03.0s/4m00.0s

running (2m04.0s), 40/40 VUs, 4184 complete and 0 interrupted iterations
default   [  52% ] 40/40 VUs  2m04.0s/4m00.0s

running (2m05.0s), 40/40 VUs, 4218 complete and 0 interrupted iterations
default   [  52% ] 40/40 VUs  2m05.0s/4m00.0s

running (2m06.0s), 40/40 VUs, 4252 complete and 0 interrupted iterations
default   [  52% ] 40/40 VUs  2m06.0s/4m00.0s

running (2m07.0s), 40/40 VUs, 4286 complete and 0 interrupted iterations
default   [  53% ] 40/40 VUs  2m07.0s/4m00.0s

running (2m08.0s), 40/40 VUs, 4319 complete and 0 interrupted iterations
default   [  53% ] 40/40 VUs  2m08.0s/4m00.0s

running (2m09.0s), 40/40 VUs, 4353 complete and 0 interrupted iterations
default   [  54% ] 40/40 VUs  2m09.0s/4m00.0s

running (2m10.0s), 40/40 VUs, 4387 complete and 0 interrupted iterations
default   [  54% ] 40/40 VUs  2m10.0s/4m00.0s

running (2m11.0s), 40/40 VUs, 4421 complete and 0 interrupted iterations
default   [  55% ] 40/40 VUs  2m11.0s/4m00.0s

running (2m12.0s), 40/40 VUs, 4455 complete and 0 interrupted iterations
default   [  55% ] 40/40 VUs  2m12.0s/4m00.0s

running (2m13.0s), 40/40 VUs, 4489 complete and 0 interrupted iterations
default   [  55% ] 40/40 VUs  2m13.0s/4m00.0s

running (2m14.0s), 40/40 VUs, 4523 complete and 0 interrupted iterations
default   [  56% ] 40/40 VUs  2m14.0s/4m00.0s

running (2m15.0s), 40/40 VUs, 4557 complete and 0 interrupted iterations
default   [  56% ] 40/40 VUs  2m15.0s/4m00.0s

running (2m16.0s), 40/40 VUs, 4590 complete and 0 interrupted iterations
default   [  57% ] 40/40 VUs  2m16.0s/4m00.0s

running (2m17.0s), 40/40 VUs, 4624 complete and 0 interrupted iterations
default   [  57% ] 40/40 VUs  2m17.0s/4m00.0s

running (2m18.0s), 40/40 VUs, 4658 complete and 0 interrupted iterations
default   [  57% ] 40/40 VUs  2m18.0s/4m00.0s

running (2m19.0s), 40/40 VUs, 4691 complete and 0 interrupted iterations
default   [  58% ] 40/40 VUs  2m19.0s/4m00.0s

running (2m20.0s), 40/40 VUs, 4726 complete and 0 interrupted iterations
default   [  58% ] 40/40 VUs  2m20.0s/4m00.0s

running (2m21.0s), 40/40 VUs, 4759 complete and 0 interrupted iterations
default   [  59% ] 40/40 VUs  2m21.0s/4m00.0s

running (2m22.0s), 40/40 VUs, 4794 complete and 0 interrupted iterations
default   [  59% ] 40/40 VUs  2m22.0s/4m00.0s

running (2m23.0s), 40/40 VUs, 4827 complete and 0 interrupted iterations
default   [  60% ] 40/40 VUs  2m23.0s/4m00.0s

running (2m24.0s), 40/40 VUs, 4862 complete and 0 interrupted iterations
default   [  60% ] 40/40 VUs  2m24.0s/4m00.0s

running (2m25.0s), 40/40 VUs, 4895 complete and 0 interrupted iterations
default   [  60% ] 40/40 VUs  2m25.0s/4m00.0s

running (2m26.0s), 40/40 VUs, 4929 complete and 0 interrupted iterations
default   [  61% ] 40/40 VUs  2m26.0s/4m00.0s

running (2m27.0s), 40/40 VUs, 4963 complete and 0 interrupted iterations
default   [  61% ] 40/40 VUs  2m27.0s/4m00.0s

running (2m28.0s), 40/40 VUs, 4997 complete and 0 interrupted iterations
default   [  62% ] 40/40 VUs  2m28.0s/4m00.0s

running (2m29.0s), 40/40 VUs, 5031 complete and 0 interrupted iterations
default   [  62% ] 40/40 VUs  2m29.0s/4m00.0s

running (2m30.0s), 40/40 VUs, 5065 complete and 0 interrupted iterations
default   [  62% ] 40/40 VUs  2m30.0s/4m00.0s

running (2m31.0s), 40/40 VUs, 5099 complete and 0 interrupted iterations
default   [  63% ] 40/40 VUs  2m31.0s/4m00.0s

running (2m32.0s), 40/40 VUs, 5133 complete and 0 interrupted iterations
default   [  63% ] 40/40 VUs  2m32.0s/4m00.0s

running (2m33.0s), 40/40 VUs, 5167 complete and 0 interrupted iterations
default   [  64% ] 40/40 VUs  2m33.0s/4m00.0s

running (2m34.0s), 40/40 VUs, 5201 complete and 0 interrupted iterations
default   [  64% ] 40/40 VUs  2m34.0s/4m00.0s

running (2m35.0s), 40/40 VUs, 5234 complete and 0 interrupted iterations
default   [  65% ] 40/40 VUs  2m35.0s/4m00.0s

running (2m36.0s), 40/40 VUs, 5268 complete and 0 interrupted iterations
default   [  65% ] 40/40 VUs  2m36.0s/4m00.0s

running (2m37.0s), 40/40 VUs, 5302 complete and 0 interrupted iterations
default   [  65% ] 40/40 VUs  2m37.0s/4m00.0s

running (2m38.0s), 40/40 VUs, 5335 complete and 0 interrupted iterations
default   [  66% ] 40/40 VUs  2m38.0s/4m00.0s

running (2m39.0s), 40/40 VUs, 5369 complete and 0 interrupted iterations
default   [  66% ] 40/40 VUs  2m39.0s/4m00.0s

running (2m40.0s), 40/40 VUs, 5403 complete and 0 interrupted iterations
default   [  67% ] 40/40 VUs  2m40.0s/4m00.0s

running (2m41.0s), 40/40 VUs, 5437 complete and 0 interrupted iterations
default   [  67% ] 40/40 VUs  2m41.0s/4m00.0s

running (2m42.0s), 40/40 VUs, 5471 complete and 0 interrupted iterations
default   [  67% ] 40/40 VUs  2m42.0s/4m00.0s

running (2m43.0s), 40/40 VUs, 5505 complete and 0 interrupted iterations
default   [  68% ] 40/40 VUs  2m43.0s/4m00.0s

running (2m44.0s), 40/40 VUs, 5539 complete and 0 interrupted iterations
default   [  68% ] 40/40 VUs  2m44.0s/4m00.0s

running (2m45.0s), 40/40 VUs, 5573 complete and 0 interrupted iterations
default   [  69% ] 40/40 VUs  2m45.0s/4m00.0s

running (2m46.0s), 40/40 VUs, 5607 complete and 0 interrupted iterations
default   [  69% ] 40/40 VUs  2m46.0s/4m00.0s

running (2m47.0s), 40/40 VUs, 5641 complete and 0 interrupted iterations
default   [  70% ] 40/40 VUs  2m47.0s/4m00.0s

running (2m48.0s), 40/40 VUs, 5674 complete and 0 interrupted iterations
default   [  70% ] 40/40 VUs  2m48.0s/4m00.0s

running (2m49.0s), 40/40 VUs, 5708 complete and 0 interrupted iterations
default   [  70% ] 40/40 VUs  2m49.0s/4m00.0s

running (2m50.0s), 40/40 VUs, 5742 complete and 0 interrupted iterations
default   [  71% ] 40/40 VUs  2m50.0s/4m00.0s

running (2m51.0s), 40/40 VUs, 5776 complete and 0 interrupted iterations
default   [  71% ] 40/40 VUs  2m51.0s/4m00.0s

running (2m52.0s), 40/40 VUs, 5809 complete and 0 interrupted iterations
default   [  72% ] 40/40 VUs  2m52.0s/4m00.0s

running (2m53.0s), 40/40 VUs, 5844 complete and 0 interrupted iterations
default   [  72% ] 40/40 VUs  2m53.0s/4m00.0s

running (2m54.0s), 40/40 VUs, 5877 complete and 0 interrupted iterations
default   [  72% ] 40/40 VUs  2m54.0s/4m00.0s

running (2m55.0s), 40/40 VUs, 5912 complete and 0 interrupted iterations
default   [  73% ] 40/40 VUs  2m55.0s/4m00.0s

running (2m56.0s), 40/40 VUs, 5945 complete and 0 interrupted iterations
default   [  73% ] 40/40 VUs  2m56.0s/4m00.0s

running (2m57.0s), 40/40 VUs, 5980 complete and 0 interrupted iterations
default   [  74% ] 40/40 VUs  2m57.0s/4m00.0s

running (2m58.0s), 40/40 VUs, 6013 complete and 0 interrupted iterations
default   [  74% ] 40/40 VUs  2m58.0s/4m00.0s

running (2m59.0s), 40/40 VUs, 6048 complete and 0 interrupted iterations
default   [  75% ] 40/40 VUs  2m59.0s/4m00.0s

running (3m00.0s), 40/40 VUs, 6081 complete and 0 interrupted iterations
default   [  75% ] 40/40 VUs  3m00.0s/4m00.0s

running (3m01.0s), 40/40 VUs, 6116 complete and 0 interrupted iterations
default   [  75% ] 40/40 VUs  3m01.0s/4m00.0s

running (3m02.0s), 40/40 VUs, 6148 complete and 0 interrupted iterations
default   [  76% ] 40/40 VUs  3m02.0s/4m00.0s

running (3m03.0s), 40/40 VUs, 6184 complete and 0 interrupted iterations
default   [  76% ] 40/40 VUs  3m03.0s/4m00.0s

running (3m04.0s), 40/40 VUs, 6216 complete and 0 interrupted iterations
default   [  77% ] 40/40 VUs  3m04.0s/4m00.0s

running (3m05.0s), 40/40 VUs, 6251 complete and 0 interrupted iterations
default   [  77% ] 40/40 VUs  3m05.0s/4m00.0s

running (3m06.0s), 40/40 VUs, 6284 complete and 0 interrupted iterations
default   [  77% ] 40/40 VUs  3m06.0s/4m00.0s

running (3m07.0s), 40/40 VUs, 6319 complete and 0 interrupted iterations
default   [  78% ] 40/40 VUs  3m07.0s/4m00.0s

running (3m08.0s), 40/40 VUs, 6352 complete and 0 interrupted iterations
default   [  78% ] 40/40 VUs  3m08.0s/4m00.0s

running (3m09.0s), 40/40 VUs, 6386 complete and 0 interrupted iterations
default   [  79% ] 40/40 VUs  3m09.0s/4m00.0s

running (3m10.0s), 40/40 VUs, 6420 complete and 0 interrupted iterations
default   [  79% ] 40/40 VUs  3m10.0s/4m00.0s

running (3m11.0s), 40/40 VUs, 6453 complete and 0 interrupted iterations
default   [  80% ] 40/40 VUs  3m11.0s/4m00.0s

running (3m12.0s), 40/40 VUs, 6488 complete and 0 interrupted iterations
default   [  80% ] 40/40 VUs  3m12.0s/4m00.0s

running (3m13.0s), 40/40 VUs, 6520 complete and 0 interrupted iterations
default   [  80% ] 40/40 VUs  3m13.0s/4m00.0s

running (3m14.0s), 40/40 VUs, 6556 complete and 0 interrupted iterations
default   [  81% ] 40/40 VUs  3m14.0s/4m00.0s

running (3m15.0s), 40/40 VUs, 6588 complete and 0 interrupted iterations
default   [  81% ] 40/40 VUs  3m15.0s/4m00.0s

running (3m16.0s), 40/40 VUs, 6624 complete and 0 interrupted iterations
default   [  82% ] 40/40 VUs  3m16.0s/4m00.0s

running (3m17.0s), 40/40 VUs, 6656 complete and 0 interrupted iterations
default   [  82% ] 40/40 VUs  3m17.0s/4m00.0s

running (3m18.0s), 40/40 VUs, 6692 complete and 0 interrupted iterations
default   [  82% ] 40/40 VUs  3m18.0s/4m00.0s

running (3m19.0s), 40/40 VUs, 6724 complete and 0 interrupted iterations
default   [  83% ] 40/40 VUs  3m19.0s/4m00.0s

running (3m20.0s), 40/40 VUs, 6759 complete and 0 interrupted iterations
default   [  83% ] 40/40 VUs  3m20.0s/4m00.0s

running (3m21.0s), 40/40 VUs, 6792 complete and 0 interrupted iterations
default   [  84% ] 40/40 VUs  3m21.0s/4m00.0s

running (3m22.0s), 40/40 VUs, 6827 complete and 0 interrupted iterations
default   [  84% ] 40/40 VUs  3m22.0s/4m00.0s

running (3m23.0s), 40/40 VUs, 6860 complete and 0 interrupted iterations
default   [  85% ] 40/40 VUs  3m23.0s/4m00.0s

running (3m24.0s), 40/40 VUs, 6895 complete and 0 interrupted iterations
default   [  85% ] 40/40 VUs  3m24.0s/4m00.0s

running (3m25.0s), 40/40 VUs, 6928 complete and 0 interrupted iterations
default   [  85% ] 40/40 VUs  3m25.0s/4m00.0s

running (3m26.0s), 40/40 VUs, 6962 complete and 0 interrupted iterations
default   [  86% ] 40/40 VUs  3m26.0s/4m00.0s

running (3m27.0s), 40/40 VUs, 6996 complete and 0 interrupted iterations
default   [  86% ] 40/40 VUs  3m27.0s/4m00.0s

running (3m28.0s), 40/40 VUs, 7030 complete and 0 interrupted iterations
default   [  87% ] 40/40 VUs  3m28.0s/4m00.0s

running (3m29.0s), 40/40 VUs, 7064 complete and 0 interrupted iterations
default   [  87% ] 40/40 VUs  3m29.0s/4m00.0s

running (3m30.0s), 40/40 VUs, 7098 complete and 0 interrupted iterations
default   [  87% ] 40/40 VUs  3m30.0s/4m00.0s

running (3m31.0s), 40/40 VUs, 7132 complete and 0 interrupted iterations
default   [  88% ] 40/40 VUs  3m31.0s/4m00.0s

running (3m32.0s), 38/40 VUs, 7166 complete and 0 interrupted iterations
default   [  88% ] 38/40 VUs  3m32.0s/4m00.0s

running (3m33.0s), 37/40 VUs, 7200 complete and 0 interrupted iterations
default   [  89% ] 37/40 VUs  3m33.0s/4m00.0s

running (3m34.0s), 37/40 VUs, 7233 complete and 0 interrupted iterations
default   [  89% ] 37/40 VUs  3m34.0s/4m00.0s

running (3m35.0s), 35/40 VUs, 7267 complete and 0 interrupted iterations
default   [  90% ] 35/40 VUs  3m35.0s/4m00.0s

running (3m36.0s), 34/40 VUs, 7301 complete and 0 interrupted iterations
default   [  90% ] 34/40 VUs  3m36.0s/4m00.0s

running (3m37.0s), 32/40 VUs, 7335 complete and 0 interrupted iterations
default   [  90% ] 32/40 VUs  3m37.0s/4m00.0s

running (3m38.0s), 30/40 VUs, 7369 complete and 0 interrupted iterations
default   [  91% ] 30/40 VUs  3m38.0s/4m00.0s

running (3m39.0s), 29/40 VUs, 7402 complete and 0 interrupted iterations
default   [  91% ] 29/40 VUs  3m39.0s/4m00.0s

running (3m40.0s), 28/40 VUs, 7437 complete and 0 interrupted iterations
default   [  92% ] 28/40 VUs  3m40.0s/4m00.0s

running (3m41.0s), 27/40 VUs, 7470 complete and 0 interrupted iterations
default   [  92% ] 27/40 VUs  3m41.0s/4m00.0s

running (3m42.0s), 25/40 VUs, 7504 complete and 0 interrupted iterations
default   [  92% ] 25/40 VUs  3m42.0s/4m00.0s

running (3m43.0s), 24/40 VUs, 7538 complete and 0 interrupted iterations
default   [  93% ] 24/40 VUs  3m43.0s/4m00.0s

running (3m44.0s), 23/40 VUs, 7572 complete and 0 interrupted iterations
default   [  93% ] 23/40 VUs  3m44.0s/4m00.0s

running (3m45.0s), 21/40 VUs, 7606 complete and 0 interrupted iterations
default   [  94% ] 21/40 VUs  3m45.0s/4m00.0s

running (3m46.0s), 19/40 VUs, 7640 complete and 0 interrupted iterations
default   [  94% ] 19/40 VUs  3m46.0s/4m00.0s

running (3m47.0s), 18/40 VUs, 7674 complete and 0 interrupted iterations
default   [  95% ] 18/40 VUs  3m47.0s/4m00.0s

running (3m48.0s), 17/40 VUs, 7708 complete and 0 interrupted iterations
default   [  95% ] 17/40 VUs  3m48.0s/4m00.0s

running (3m49.0s), 16/40 VUs, 7742 complete and 0 interrupted iterations
default   [  95% ] 16/40 VUs  3m49.0s/4m00.0s

running (3m50.0s), 14/40 VUs, 7776 complete and 0 interrupted iterations
default   [  96% ] 14/40 VUs  3m50.0s/4m00.0s

running (3m51.0s), 13/40 VUs, 7810 complete and 0 interrupted iterations
default   [  96% ] 13/40 VUs  3m51.0s/4m00.0s

running (3m52.0s), 11/40 VUs, 7844 complete and 0 interrupted iterations
default   [  97% ] 11/40 VUs  3m52.0s/4m00.0s

running (3m53.0s), 10/40 VUs, 7878 complete and 0 interrupted iterations
default   [  97% ] 10/40 VUs  3m53.0s/4m00.0s

running (3m54.0s), 09/40 VUs, 7911 complete and 0 interrupted iterations
default   [  97% ] 09/40 VUs  3m54.0s/4m00.0s

running (3m55.0s), 07/40 VUs, 7946 complete and 0 interrupted iterations
default   [  98% ] 07/40 VUs  3m55.0s/4m00.0s

running (3m56.0s), 06/40 VUs, 7979 complete and 0 interrupted iterations
default   [  98% ] 06/40 VUs  3m56.0s/4m00.0s

running (3m57.0s), 05/40 VUs, 8013 complete and 0 interrupted iterations
default   [  99% ] 05/40 VUs  3m57.0s/4m00.0s

running (3m58.0s), 03/40 VUs, 8047 complete and 0 interrupted iterations
default   [  99% ] 03/40 VUs  3m58.0s/4m00.0s

running (3m59.0s), 02/40 VUs, 8082 complete and 0 interrupted iterations
default   [ 100% ] 02/40 VUs  3m59.0s/4m00.0s

running (4m00.0s), 01/40 VUs, 8104 complete and 0 interrupted iterations
default   [ 100% ] 01/40 VUs  4m00.0s/4m00.0s


  █ THRESHOLDS 

    checks
    ✓ 'rate>0.95' rate=100.00%

    http_req_duration
    ✓ 'p(95)<5000' p(95)=1.42s
    ✓ 'p(99)<10000' p(99)=1.53s

    http_req_failed
    ✓ 'rate<0.05' rate=0.00%


  █ TOTAL RESULTS 

    checks_total.......: 32424   135.072063/s
    checks_succeeded...: 100.00% 32424 out of 32424
    checks_failed......: 0.00%   0 out of 32424

    ✓ status is 200
    ✓ content-type is json
    ✓ workloadType is CPU-BOUND
    ✓ executionTimeMs exists

    CUSTOM
    response_time_ms...............: min=56.748268 avg=1039.604197 med=1182.610532 max=2780.179536 p(90)=1410.605351 p(95)=1420.429842 p(99)=1539.477584
    successful_requests............: 8106   33.768016/s

    HTTP
    http_req_duration..............: min=56.74ms   avg=1.03s       med=1.18s       max=2.78s       p(90)=1.41s       p(95)=1.42s       p(99)=1.53s      
      { expected_response:true }...: min=56.74ms   avg=1.03s       med=1.18s       max=2.78s       p(90)=1.41s       p(95)=1.42s       p(99)=1.53s      
    http_req_failed................: 0.00%  0 out of 8106
    http_reqs......................: 8106   33.768016/s

    EXECUTION
    iteration_duration.............: min=56.92ms   avg=1.03s       med=1.18s       max=2.78s       p(90)=1.41s       p(95)=1.42s       p(99)=1.53s      
    iterations.....................: 8106   33.768016/s
    vus............................: 1      min=1         max=40
    vus_max........................: 40     min=40        max=40

    NETWORK
    data_received..................: 1.9 MB 7.8 kB/s
    data_sent......................: 649 kB 2.7 kB/s




running (4m00.0s), 00/40 VUs, 8106 complete and 0 interrupted iterations
default ✓ [ 100% ] 00/40 VUs  4m0s
