
         /\      Grafana   /‾‾/  
    /\  /  \     |\  __   /  /   
   /  \/    \    | |/ /  /   ‾‾\ 
  /          \   |   (  |  (‾)  |
 / __________ \  |_|\_\  \_____/ 


     execution: local
        script: cpu-bound-test.js
        output: -

     scenarios: (100.00%) 1 scenario, 30 max VUs, 4m30s max duration (incl. graceful stop):
              * default: Up to 30 looping VUs for 4m0s over 3 stages (gracefulRampDown: 30s, gracefulStop: 30s)


running (0m01.0s), 01/30 VUs, 17 complete and 0 interrupted iterations
default   [   0% ] 01/30 VUs  0m01.0s/4m00.0s

running (0m02.0s), 02/30 VUs, 50 complete and 0 interrupted iterations
default   [   1% ] 02/30 VUs  0m02.0s/4m00.0s

running (0m03.0s), 03/30 VUs, 84 complete and 0 interrupted iterations
default   [   1% ] 03/30 VUs  0m03.0s/4m00.0s

running (0m04.0s), 04/30 VUs, 118 complete and 0 interrupted iterations
default   [   2% ] 04/30 VUs  0m04.0s/4m00.0s

running (0m05.0s), 05/30 VUs, 150 complete and 0 interrupted iterations
default   [   2% ] 05/30 VUs  0m05.0s/4m00.0s

running (0m06.0s), 06/30 VUs, 186 complete and 0 interrupted iterations
default   [   2% ] 06/30 VUs  0m06.0s/4m00.0s

running (0m07.0s), 07/30 VUs, 218 complete and 0 interrupted iterations
default   [   3% ] 07/30 VUs  0m07.0s/4m00.0s

running (0m08.0s), 08/30 VUs, 253 complete and 0 interrupted iterations
default   [   3% ] 08/30 VUs  0m08.0s/4m00.0s

running (0m09.0s), 09/30 VUs, 286 complete and 0 interrupted iterations
default   [   4% ] 09/30 VUs  0m09.0s/4m00.0s

running (0m10.0s), 10/30 VUs, 320 complete and 0 interrupted iterations
default   [   4% ] 10/30 VUs  0m10.0s/4m00.0s

running (0m11.0s), 11/30 VUs, 354 complete and 0 interrupted iterations
default   [   5% ] 11/30 VUs  0m11.0s/4m00.0s

running (0m12.0s), 12/30 VUs, 387 complete and 0 interrupted iterations
default   [   5% ] 12/30 VUs  0m12.0s/4m00.0s

running (0m13.0s), 13/30 VUs, 422 complete and 0 interrupted iterations
default   [   5% ] 13/30 VUs  0m13.0s/4m00.0s

running (0m14.0s), 14/30 VUs, 455 complete and 0 interrupted iterations
default   [   6% ] 14/30 VUs  0m14.0s/4m00.0s

running (0m15.0s), 15/30 VUs, 490 complete and 0 interrupted iterations
default   [   6% ] 15/30 VUs  0m15.0s/4m00.0s

running (0m16.0s), 16/30 VUs, 523 complete and 0 interrupted iterations
default   [   7% ] 16/30 VUs  0m16.0s/4m00.0s

running (0m17.0s), 17/30 VUs, 558 complete and 0 interrupted iterations
default   [   7% ] 17/30 VUs  0m17.0s/4m00.0s

running (0m18.0s), 18/30 VUs, 591 complete and 0 interrupted iterations
default   [   7% ] 18/30 VUs  0m18.0s/4m00.0s

running (0m19.0s), 19/30 VUs, 626 complete and 0 interrupted iterations
default   [   8% ] 19/30 VUs  0m19.0s/4m00.0s

running (0m20.0s), 20/30 VUs, 658 complete and 0 interrupted iterations
default   [   8% ] 20/30 VUs  0m20.0s/4m00.0s

running (0m21.0s), 21/30 VUs, 694 complete and 0 interrupted iterations
default   [   9% ] 21/30 VUs  0m21.0s/4m00.0s

running (0m22.0s), 22/30 VUs, 726 complete and 0 interrupted iterations
default   [   9% ] 22/30 VUs  0m22.0s/4m00.0s

running (0m23.0s), 23/30 VUs, 762 complete and 0 interrupted iterations
default   [  10% ] 23/30 VUs  0m23.0s/4m00.0s

running (0m24.0s), 24/30 VUs, 794 complete and 0 interrupted iterations
default   [  10% ] 24/30 VUs  0m24.0s/4m00.0s

running (0m25.0s), 25/30 VUs, 829 complete and 0 interrupted iterations
default   [  10% ] 25/30 VUs  0m25.0s/4m00.0s

running (0m26.0s), 26/30 VUs, 862 complete and 0 interrupted iterations
default   [  11% ] 26/30 VUs  0m26.0s/4m00.0s

running (0m27.0s), 27/30 VUs, 896 complete and 0 interrupted iterations
default   [  11% ] 27/30 VUs  0m27.0s/4m00.0s

running (0m28.0s), 28/30 VUs, 930 complete and 0 interrupted iterations
default   [  12% ] 28/30 VUs  0m28.0s/4m00.0s

running (0m29.0s), 29/30 VUs, 963 complete and 0 interrupted iterations
default   [  12% ] 29/30 VUs  0m29.0s/4m00.0s

running (0m30.0s), 29/30 VUs, 998 complete and 0 interrupted iterations
default   [  12% ] 29/30 VUs  0m30.0s/4m00.0s

running (0m31.0s), 30/30 VUs, 1030 complete and 0 interrupted iterations
default   [  13% ] 30/30 VUs  0m31.0s/4m00.0s

running (0m32.0s), 30/30 VUs, 1066 complete and 0 interrupted iterations
default   [  13% ] 30/30 VUs  0m32.0s/4m00.0s

running (0m33.0s), 30/30 VUs, 1098 complete and 0 interrupted iterations
default   [  14% ] 30/30 VUs  0m33.0s/4m00.0s

running (0m34.0s), 30/30 VUs, 1134 complete and 0 interrupted iterations
default   [  14% ] 30/30 VUs  0m34.0s/4m00.0s

running (0m35.0s), 30/30 VUs, 1166 complete and 0 interrupted iterations
default   [  15% ] 30/30 VUs  0m35.0s/4m00.0s

running (0m36.0s), 30/30 VUs, 1202 complete and 0 interrupted iterations
default   [  15% ] 30/30 VUs  0m36.0s/4m00.0s

running (0m37.0s), 30/30 VUs, 1234 complete and 0 interrupted iterations
default   [  15% ] 30/30 VUs  0m37.0s/4m00.0s

running (0m38.0s), 30/30 VUs, 1269 complete and 0 interrupted iterations
default   [  16% ] 30/30 VUs  0m38.0s/4m00.0s

running (0m39.0s), 30/30 VUs, 1302 complete and 0 interrupted iterations
default   [  16% ] 30/30 VUs  0m39.0s/4m00.0s

running (0m40.0s), 30/30 VUs, 1337 complete and 0 interrupted iterations
default   [  17% ] 30/30 VUs  0m40.0s/4m00.0s

running (0m41.0s), 30/30 VUs, 1370 complete and 0 interrupted iterations
default   [  17% ] 30/30 VUs  0m41.0s/4m00.0s

running (0m42.0s), 30/30 VUs, 1403 complete and 0 interrupted iterations
default   [  17% ] 30/30 VUs  0m42.0s/4m00.0s

running (0m43.0s), 30/30 VUs, 1438 complete and 0 interrupted iterations
default   [  18% ] 30/30 VUs  0m43.0s/4m00.0s

running (0m44.0s), 30/30 VUs, 1470 complete and 0 interrupted iterations
default   [  18% ] 30/30 VUs  0m44.0s/4m00.0s

running (0m45.0s), 30/30 VUs, 1506 complete and 0 interrupted iterations
default   [  19% ] 30/30 VUs  0m45.0s/4m00.0s

running (0m46.0s), 30/30 VUs, 1538 complete and 0 interrupted iterations
default   [  19% ] 30/30 VUs  0m46.0s/4m00.0s

running (0m47.0s), 30/30 VUs, 1574 complete and 0 interrupted iterations
default   [  20% ] 30/30 VUs  0m47.0s/4m00.0s

running (0m48.0s), 30/30 VUs, 1606 complete and 0 interrupted iterations
default   [  20% ] 30/30 VUs  0m48.0s/4m00.0s

running (0m49.0s), 30/30 VUs, 1642 complete and 0 interrupted iterations
default   [  20% ] 30/30 VUs  0m49.0s/4m00.0s

running (0m50.0s), 30/30 VUs, 1674 complete and 0 interrupted iterations
default   [  21% ] 30/30 VUs  0m50.0s/4m00.0s

running (0m51.0s), 30/30 VUs, 1710 complete and 0 interrupted iterations
default   [  21% ] 30/30 VUs  0m51.0s/4m00.0s

running (0m52.0s), 30/30 VUs, 1742 complete and 0 interrupted iterations
default   [  22% ] 30/30 VUs  0m52.0s/4m00.0s

running (0m53.0s), 30/30 VUs, 1777 complete and 0 interrupted iterations
default   [  22% ] 30/30 VUs  0m53.0s/4m00.0s

running (0m54.0s), 30/30 VUs, 1810 complete and 0 interrupted iterations
default   [  22% ] 30/30 VUs  0m54.0s/4m00.0s

running (0m55.0s), 30/30 VUs, 1844 complete and 0 interrupted iterations
default   [  23% ] 30/30 VUs  0m55.0s/4m00.0s

running (0m56.0s), 30/30 VUs, 1878 complete and 0 interrupted iterations
default   [  23% ] 30/30 VUs  0m56.0s/4m00.0s

running (0m57.0s), 30/30 VUs, 1912 complete and 0 interrupted iterations
default   [  24% ] 30/30 VUs  0m57.0s/4m00.0s

running (0m58.0s), 30/30 VUs, 1946 complete and 0 interrupted iterations
default   [  24% ] 30/30 VUs  0m58.0s/4m00.0s

running (0m59.0s), 30/30 VUs, 1980 complete and 0 interrupted iterations
default   [  25% ] 30/30 VUs  0m59.0s/4m00.0s

running (1m00.0s), 30/30 VUs, 2014 complete and 0 interrupted iterations
default   [  25% ] 30/30 VUs  1m00.0s/4m00.0s

running (1m01.0s), 30/30 VUs, 2047 complete and 0 interrupted iterations
default   [  25% ] 30/30 VUs  1m01.0s/4m00.0s

running (1m02.0s), 30/30 VUs, 2082 complete and 0 interrupted iterations
default   [  26% ] 30/30 VUs  1m02.0s/4m00.0s

running (1m03.0s), 30/30 VUs, 2115 complete and 0 interrupted iterations
default   [  26% ] 30/30 VUs  1m03.0s/4m00.0s

running (1m04.0s), 30/30 VUs, 2149 complete and 0 interrupted iterations
default   [  27% ] 30/30 VUs  1m04.0s/4m00.0s

running (1m05.0s), 30/30 VUs, 2183 complete and 0 interrupted iterations
default   [  27% ] 30/30 VUs  1m05.0s/4m00.0s

running (1m06.0s), 30/30 VUs, 2217 complete and 0 interrupted iterations
default   [  27% ] 30/30 VUs  1m06.0s/4m00.0s

running (1m07.0s), 30/30 VUs, 2251 complete and 0 interrupted iterations
default   [  28% ] 30/30 VUs  1m07.0s/4m00.0s

running (1m08.0s), 30/30 VUs, 2285 complete and 0 interrupted iterations
default   [  28% ] 30/30 VUs  1m08.0s/4m00.0s

running (1m09.0s), 30/30 VUs, 2319 complete and 0 interrupted iterations
default   [  29% ] 30/30 VUs  1m09.0s/4m00.0s

running (1m10.0s), 30/30 VUs, 2352 complete and 0 interrupted iterations
default   [  29% ] 30/30 VUs  1m10.0s/4m00.0s

running (1m11.0s), 30/30 VUs, 2387 complete and 0 interrupted iterations
default   [  30% ] 30/30 VUs  1m11.0s/4m00.0s

running (1m12.0s), 30/30 VUs, 2419 complete and 0 interrupted iterations
default   [  30% ] 30/30 VUs  1m12.0s/4m00.0s

running (1m13.0s), 30/30 VUs, 2455 complete and 0 interrupted iterations
default   [  30% ] 30/30 VUs  1m13.0s/4m00.0s

running (1m14.0s), 30/30 VUs, 2487 complete and 0 interrupted iterations
default   [  31% ] 30/30 VUs  1m14.0s/4m00.0s

running (1m15.0s), 30/30 VUs, 2523 complete and 0 interrupted iterations
default   [  31% ] 30/30 VUs  1m15.0s/4m00.0s

running (1m16.0s), 30/30 VUs, 2555 complete and 0 interrupted iterations
default   [  32% ] 30/30 VUs  1m16.0s/4m00.0s

running (1m17.0s), 30/30 VUs, 2591 complete and 0 interrupted iterations
default   [  32% ] 30/30 VUs  1m17.0s/4m00.0s

running (1m18.0s), 30/30 VUs, 2623 complete and 0 interrupted iterations
default   [  32% ] 30/30 VUs  1m18.0s/4m00.0s

running (1m19.0s), 30/30 VUs, 2658 complete and 0 interrupted iterations
default   [  33% ] 30/30 VUs  1m19.0s/4m00.0s

running (1m20.0s), 30/30 VUs, 2691 complete and 0 interrupted iterations
default   [  33% ] 30/30 VUs  1m20.0s/4m00.0s

running (1m21.0s), 30/30 VUs, 2725 complete and 0 interrupted iterations
default   [  34% ] 30/30 VUs  1m21.0s/4m00.0s

running (1m22.0s), 30/30 VUs, 2759 complete and 0 interrupted iterations
default   [  34% ] 30/30 VUs  1m22.0s/4m00.0s

running (1m23.0s), 30/30 VUs, 2793 complete and 0 interrupted iterations
default   [  35% ] 30/30 VUs  1m23.0s/4m00.0s

running (1m24.0s), 30/30 VUs, 2827 complete and 0 interrupted iterations
default   [  35% ] 30/30 VUs  1m24.0s/4m00.0s

running (1m25.0s), 30/30 VUs, 2861 complete and 0 interrupted iterations
default   [  35% ] 30/30 VUs  1m25.0s/4m00.0s

running (1m26.0s), 30/30 VUs, 2895 complete and 0 interrupted iterations
default   [  36% ] 30/30 VUs  1m26.0s/4m00.0s

running (1m27.0s), 30/30 VUs, 2928 complete and 0 interrupted iterations
default   [  36% ] 30/30 VUs  1m27.0s/4m00.0s

running (1m28.0s), 30/30 VUs, 2963 complete and 0 interrupted iterations
default   [  37% ] 30/30 VUs  1m28.0s/4m00.0s

running (1m29.0s), 30/30 VUs, 2995 complete and 0 interrupted iterations
default   [  37% ] 30/30 VUs  1m29.0s/4m00.0s

running (1m30.0s), 30/30 VUs, 3031 complete and 0 interrupted iterations
default   [  37% ] 30/30 VUs  1m30.0s/4m00.0s

running (1m31.0s), 30/30 VUs, 3063 complete and 0 interrupted iterations
default   [  38% ] 30/30 VUs  1m31.0s/4m00.0s

running (1m32.0s), 30/30 VUs, 3098 complete and 0 interrupted iterations
default   [  38% ] 30/30 VUs  1m32.0s/4m00.0s

running (1m33.0s), 30/30 VUs, 3131 complete and 0 interrupted iterations
default   [  39% ] 30/30 VUs  1m33.0s/4m00.0s

running (1m34.0s), 30/30 VUs, 3166 complete and 0 interrupted iterations
default   [  39% ] 30/30 VUs  1m34.0s/4m00.0s

running (1m35.0s), 30/30 VUs, 3199 complete and 0 interrupted iterations
default   [  40% ] 30/30 VUs  1m35.0s/4m00.0s

running (1m36.0s), 30/30 VUs, 3233 complete and 0 interrupted iterations
default   [  40% ] 30/30 VUs  1m36.0s/4m00.0s

running (1m37.0s), 30/30 VUs, 3267 complete and 0 interrupted iterations
default   [  40% ] 30/30 VUs  1m37.0s/4m00.0s

running (1m38.0s), 30/30 VUs, 3301 complete and 0 interrupted iterations
default   [  41% ] 30/30 VUs  1m38.0s/4m00.0s

running (1m39.0s), 30/30 VUs, 3335 complete and 0 interrupted iterations
default   [  41% ] 30/30 VUs  1m39.0s/4m00.0s

running (1m40.0s), 30/30 VUs, 3369 complete and 0 interrupted iterations
default   [  42% ] 30/30 VUs  1m40.0s/4m00.0s

running (1m41.0s), 30/30 VUs, 3403 complete and 0 interrupted iterations
default   [  42% ] 30/30 VUs  1m41.0s/4m00.0s

running (1m42.0s), 30/30 VUs, 3436 complete and 0 interrupted iterations
default   [  42% ] 30/30 VUs  1m42.0s/4m00.0s

running (1m43.0s), 30/30 VUs, 3471 complete and 0 interrupted iterations
default   [  43% ] 30/30 VUs  1m43.0s/4m00.0s

running (1m44.0s), 30/30 VUs, 3503 complete and 0 interrupted iterations
default   [  43% ] 30/30 VUs  1m44.0s/4m00.0s

running (1m45.0s), 30/30 VUs, 3539 complete and 0 interrupted iterations
default   [  44% ] 30/30 VUs  1m45.0s/4m00.0s

running (1m46.0s), 30/30 VUs, 3571 complete and 0 interrupted iterations
default   [  44% ] 30/30 VUs  1m46.0s/4m00.0s

running (1m47.0s), 30/30 VUs, 3606 complete and 0 interrupted iterations
default   [  45% ] 30/30 VUs  1m47.0s/4m00.0s

running (1m48.0s), 30/30 VUs, 3639 complete and 0 interrupted iterations
default   [  45% ] 30/30 VUs  1m48.0s/4m00.0s

running (1m49.0s), 30/30 VUs, 3674 complete and 0 interrupted iterations
default   [  45% ] 30/30 VUs  1m49.0s/4m00.0s

running (1m50.0s), 30/30 VUs, 3707 complete and 0 interrupted iterations
default   [  46% ] 30/30 VUs  1m50.0s/4m00.0s

running (1m51.0s), 30/30 VUs, 3742 complete and 0 interrupted iterations
default   [  46% ] 30/30 VUs  1m51.0s/4m00.0s

running (1m52.0s), 30/30 VUs, 3775 complete and 0 interrupted iterations
default   [  47% ] 30/30 VUs  1m52.0s/4m00.0s

running (1m53.0s), 30/30 VUs, 3809 complete and 0 interrupted iterations
default   [  47% ] 30/30 VUs  1m53.0s/4m00.0s

running (1m54.0s), 30/30 VUs, 3843 complete and 0 interrupted iterations
default   [  47% ] 30/30 VUs  1m54.0s/4m00.0s

running (1m55.0s), 30/30 VUs, 3877 complete and 0 interrupted iterations
default   [  48% ] 30/30 VUs  1m55.0s/4m00.0s

running (1m56.0s), 30/30 VUs, 3911 complete and 0 interrupted iterations
default   [  48% ] 30/30 VUs  1m56.0s/4m00.0s

running (1m57.0s), 30/30 VUs, 3945 complete and 0 interrupted iterations
default   [  49% ] 30/30 VUs  1m57.0s/4m00.0s

running (1m58.0s), 30/30 VUs, 3979 complete and 0 interrupted iterations
default   [  49% ] 30/30 VUs  1m58.0s/4m00.0s

running (1m59.0s), 30/30 VUs, 4013 complete and 0 interrupted iterations
default   [  50% ] 30/30 VUs  1m59.0s/4m00.0s

running (2m00.0s), 30/30 VUs, 4047 complete and 0 interrupted iterations
default   [  50% ] 30/30 VUs  2m00.0s/4m00.0s

running (2m01.0s), 30/30 VUs, 4080 complete and 0 interrupted iterations
default   [  50% ] 30/30 VUs  2m01.0s/4m00.0s

running (2m02.0s), 30/30 VUs, 4115 complete and 0 interrupted iterations
default   [  51% ] 30/30 VUs  2m02.0s/4m00.0s

running (2m03.0s), 30/30 VUs, 4148 complete and 0 interrupted iterations
default   [  51% ] 30/30 VUs  2m03.0s/4m00.0s

running (2m04.0s), 30/30 VUs, 4183 complete and 0 interrupted iterations
default   [  52% ] 30/30 VUs  2m04.0s/4m00.0s

running (2m05.0s), 30/30 VUs, 4216 complete and 0 interrupted iterations
default   [  52% ] 30/30 VUs  2m05.0s/4m00.0s

running (2m06.0s), 30/30 VUs, 4251 complete and 0 interrupted iterations
default   [  52% ] 30/30 VUs  2m06.0s/4m00.0s

running (2m07.0s), 30/30 VUs, 4283 complete and 0 interrupted iterations
default   [  53% ] 30/30 VUs  2m07.0s/4m00.0s

running (2m08.0s), 30/30 VUs, 4318 complete and 0 interrupted iterations
default   [  53% ] 30/30 VUs  2m08.0s/4m00.0s

running (2m09.0s), 30/30 VUs, 4351 complete and 0 interrupted iterations
default   [  54% ] 30/30 VUs  2m09.0s/4m00.0s

running (2m10.0s), 30/30 VUs, 4385 complete and 0 interrupted iterations
default   [  54% ] 30/30 VUs  2m10.0s/4m00.0s

running (2m11.0s), 30/30 VUs, 4419 complete and 0 interrupted iterations
default   [  55% ] 30/30 VUs  2m11.0s/4m00.0s

running (2m12.0s), 30/30 VUs, 4453 complete and 0 interrupted iterations
default   [  55% ] 30/30 VUs  2m12.0s/4m00.0s

running (2m13.0s), 30/30 VUs, 4487 complete and 0 interrupted iterations
default   [  55% ] 30/30 VUs  2m13.0s/4m00.0s

running (2m14.0s), 30/30 VUs, 4521 complete and 0 interrupted iterations
default   [  56% ] 30/30 VUs  2m14.0s/4m00.0s

running (2m15.0s), 30/30 VUs, 4555 complete and 0 interrupted iterations
default   [  56% ] 30/30 VUs  2m15.0s/4m00.0s

running (2m16.0s), 30/30 VUs, 4589 complete and 0 interrupted iterations
default   [  57% ] 30/30 VUs  2m16.0s/4m00.0s

running (2m17.0s), 30/30 VUs, 4623 complete and 0 interrupted iterations
default   [  57% ] 30/30 VUs  2m17.0s/4m00.0s

running (2m18.0s), 30/30 VUs, 4656 complete and 0 interrupted iterations
default   [  57% ] 30/30 VUs  2m18.0s/4m00.0s

running (2m19.0s), 30/30 VUs, 4691 complete and 0 interrupted iterations
default   [  58% ] 30/30 VUs  2m19.0s/4m00.0s

running (2m20.0s), 30/30 VUs, 4724 complete and 0 interrupted iterations
default   [  58% ] 30/30 VUs  2m20.0s/4m00.0s

running (2m21.0s), 30/30 VUs, 4759 complete and 0 interrupted iterations
default   [  59% ] 30/30 VUs  2m21.0s/4m00.0s

running (2m22.0s), 30/30 VUs, 4792 complete and 0 interrupted iterations
default   [  59% ] 30/30 VUs  2m22.0s/4m00.0s

running (2m23.0s), 30/30 VUs, 4827 complete and 0 interrupted iterations
default   [  60% ] 30/30 VUs  2m23.0s/4m00.0s

running (2m24.0s), 30/30 VUs, 4860 complete and 0 interrupted iterations
default   [  60% ] 30/30 VUs  2m24.0s/4m00.0s

running (2m25.0s), 30/30 VUs, 4894 complete and 0 interrupted iterations
default   [  60% ] 30/30 VUs  2m25.0s/4m00.0s

running (2m26.0s), 30/30 VUs, 4928 complete and 0 interrupted iterations
default   [  61% ] 30/30 VUs  2m26.0s/4m00.0s

running (2m27.0s), 30/30 VUs, 4962 complete and 0 interrupted iterations
default   [  61% ] 30/30 VUs  2m27.0s/4m00.0s

running (2m28.0s), 30/30 VUs, 4996 complete and 0 interrupted iterations
default   [  62% ] 30/30 VUs  2m28.0s/4m00.0s

running (2m29.0s), 30/30 VUs, 5030 complete and 0 interrupted iterations
default   [  62% ] 30/30 VUs  2m29.0s/4m00.0s

running (2m30.0s), 30/30 VUs, 5064 complete and 0 interrupted iterations
default   [  62% ] 30/30 VUs  2m30.0s/4m00.0s

running (2m31.0s), 30/30 VUs, 5098 complete and 0 interrupted iterations
default   [  63% ] 30/30 VUs  2m31.0s/4m00.0s

running (2m32.0s), 30/30 VUs, 5132 complete and 0 interrupted iterations
default   [  63% ] 30/30 VUs  2m32.0s/4m00.0s

running (2m33.0s), 30/30 VUs, 5164 complete and 0 interrupted iterations
default   [  64% ] 30/30 VUs  2m33.0s/4m00.0s

running (2m34.0s), 30/30 VUs, 5199 complete and 0 interrupted iterations
default   [  64% ] 30/30 VUs  2m34.0s/4m00.0s

running (2m35.0s), 30/30 VUs, 5232 complete and 0 interrupted iterations
default   [  65% ] 30/30 VUs  2m35.0s/4m00.0s

running (2m36.0s), 30/30 VUs, 5267 complete and 0 interrupted iterations
default   [  65% ] 30/30 VUs  2m36.0s/4m00.0s

running (2m37.0s), 30/30 VUs, 5300 complete and 0 interrupted iterations
default   [  65% ] 30/30 VUs  2m37.0s/4m00.0s

running (2m38.0s), 30/30 VUs, 5335 complete and 0 interrupted iterations
default   [  66% ] 30/30 VUs  2m38.0s/4m00.0s

running (2m39.0s), 30/30 VUs, 5368 complete and 0 interrupted iterations
default   [  66% ] 30/30 VUs  2m39.0s/4m00.0s

running (2m40.0s), 30/30 VUs, 5403 complete and 0 interrupted iterations
default   [  67% ] 30/30 VUs  2m40.0s/4m00.0s

running (2m41.0s), 30/30 VUs, 5436 complete and 0 interrupted iterations
default   [  67% ] 30/30 VUs  2m41.0s/4m00.0s

running (2m42.0s), 30/30 VUs, 5471 complete and 0 interrupted iterations
default   [  67% ] 30/30 VUs  2m42.0s/4m00.0s

running (2m43.0s), 30/30 VUs, 5504 complete and 0 interrupted iterations
default   [  68% ] 30/30 VUs  2m43.0s/4m00.0s

running (2m44.0s), 30/30 VUs, 5538 complete and 0 interrupted iterations
default   [  68% ] 30/30 VUs  2m44.0s/4m00.0s

running (2m45.0s), 30/30 VUs, 5572 complete and 0 interrupted iterations
default   [  69% ] 30/30 VUs  2m45.0s/4m00.0s

running (2m46.0s), 30/30 VUs, 5606 complete and 0 interrupted iterations
default   [  69% ] 30/30 VUs  2m46.0s/4m00.0s

running (2m47.0s), 30/30 VUs, 5640 complete and 0 interrupted iterations
default   [  70% ] 30/30 VUs  2m47.0s/4m00.0s

running (2m48.0s), 30/30 VUs, 5674 complete and 0 interrupted iterations
default   [  70% ] 30/30 VUs  2m48.0s/4m00.0s

running (2m49.0s), 30/30 VUs, 5707 complete and 0 interrupted iterations
default   [  70% ] 30/30 VUs  2m49.0s/4m00.0s

running (2m50.0s), 30/30 VUs, 5742 complete and 0 interrupted iterations
default   [  71% ] 30/30 VUs  2m50.0s/4m00.0s

running (2m51.0s), 30/30 VUs, 5775 complete and 0 interrupted iterations
default   [  71% ] 30/30 VUs  2m51.0s/4m00.0s

running (2m52.0s), 30/30 VUs, 5810 complete and 0 interrupted iterations
default   [  72% ] 30/30 VUs  2m52.0s/4m00.0s

running (2m53.0s), 30/30 VUs, 5843 complete and 0 interrupted iterations
default   [  72% ] 30/30 VUs  2m53.0s/4m00.0s

running (2m54.0s), 30/30 VUs, 5876 complete and 0 interrupted iterations
default   [  72% ] 30/30 VUs  2m54.0s/4m00.0s

running (2m55.0s), 30/30 VUs, 5911 complete and 0 interrupted iterations
default   [  73% ] 30/30 VUs  2m55.0s/4m00.0s

running (2m56.0s), 30/30 VUs, 5944 complete and 0 interrupted iterations
default   [  73% ] 30/30 VUs  2m56.0s/4m00.0s

running (2m57.0s), 30/30 VUs, 5978 complete and 0 interrupted iterations
default   [  74% ] 30/30 VUs  2m57.0s/4m00.0s

running (2m58.0s), 30/30 VUs, 6012 complete and 0 interrupted iterations
default   [  74% ] 30/30 VUs  2m58.0s/4m00.0s

running (2m59.0s), 30/30 VUs, 6046 complete and 0 interrupted iterations
default   [  75% ] 30/30 VUs  2m59.0s/4m00.0s

running (3m00.0s), 30/30 VUs, 6079 complete and 0 interrupted iterations
default   [  75% ] 30/30 VUs  3m00.0s/4m00.0s

running (3m01.0s), 30/30 VUs, 6114 complete and 0 interrupted iterations
default   [  75% ] 30/30 VUs  3m01.0s/4m00.0s

running (3m02.0s), 30/30 VUs, 6147 complete and 0 interrupted iterations
default   [  76% ] 30/30 VUs  3m02.0s/4m00.0s

running (3m03.0s), 30/30 VUs, 6182 complete and 0 interrupted iterations
default   [  76% ] 30/30 VUs  3m03.0s/4m00.0s

running (3m04.0s), 30/30 VUs, 6215 complete and 0 interrupted iterations
default   [  77% ] 30/30 VUs  3m04.0s/4m00.0s

running (3m05.0s), 30/30 VUs, 6250 complete and 0 interrupted iterations
default   [  77% ] 30/30 VUs  3m05.0s/4m00.0s

running (3m06.0s), 30/30 VUs, 6283 complete and 0 interrupted iterations
default   [  77% ] 30/30 VUs  3m06.0s/4m00.0s

running (3m07.0s), 30/30 VUs, 6318 complete and 0 interrupted iterations
default   [  78% ] 30/30 VUs  3m07.0s/4m00.0s

running (3m08.0s), 30/30 VUs, 6351 complete and 0 interrupted iterations
default   [  78% ] 30/30 VUs  3m08.0s/4m00.0s

running (3m09.0s), 30/30 VUs, 6386 complete and 0 interrupted iterations
default   [  79% ] 30/30 VUs  3m09.0s/4m00.0s

running (3m10.0s), 30/30 VUs, 6419 complete and 0 interrupted iterations
default   [  79% ] 30/30 VUs  3m10.0s/4m00.0s

running (3m11.0s), 30/30 VUs, 6454 complete and 0 interrupted iterations
default   [  80% ] 30/30 VUs  3m11.0s/4m00.0s

running (3m12.0s), 30/30 VUs, 6487 complete and 0 interrupted iterations
default   [  80% ] 30/30 VUs  3m12.0s/4m00.0s

running (3m13.0s), 30/30 VUs, 6522 complete and 0 interrupted iterations
default   [  80% ] 30/30 VUs  3m13.0s/4m00.0s

running (3m14.0s), 30/30 VUs, 6555 complete and 0 interrupted iterations
default   [  81% ] 30/30 VUs  3m14.0s/4m00.0s

running (3m15.0s), 30/30 VUs, 6589 complete and 0 interrupted iterations
default   [  81% ] 30/30 VUs  3m15.0s/4m00.0s

running (3m16.0s), 30/30 VUs, 6623 complete and 0 interrupted iterations
default   [  82% ] 30/30 VUs  3m16.0s/4m00.0s

running (3m17.0s), 30/30 VUs, 6656 complete and 0 interrupted iterations
default   [  82% ] 30/30 VUs  3m17.0s/4m00.0s

running (3m18.0s), 30/30 VUs, 6690 complete and 0 interrupted iterations
default   [  82% ] 30/30 VUs  3m18.0s/4m00.0s

running (3m19.0s), 30/30 VUs, 6723 complete and 0 interrupted iterations
default   [  83% ] 30/30 VUs  3m19.0s/4m00.0s

running (3m20.0s), 30/30 VUs, 6758 complete and 0 interrupted iterations
default   [  83% ] 30/30 VUs  3m20.0s/4m00.0s

running (3m21.0s), 30/30 VUs, 6791 complete and 0 interrupted iterations
default   [  84% ] 30/30 VUs  3m21.0s/4m00.0s

running (3m22.0s), 30/30 VUs, 6826 complete and 0 interrupted iterations
default   [  84% ] 30/30 VUs  3m22.0s/4m00.0s

running (3m23.0s), 30/30 VUs, 6859 complete and 0 interrupted iterations
default   [  85% ] 30/30 VUs  3m23.0s/4m00.0s

running (3m24.0s), 30/30 VUs, 6894 complete and 0 interrupted iterations
default   [  85% ] 30/30 VUs  3m24.0s/4m00.0s

running (3m25.0s), 30/30 VUs, 6927 complete and 0 interrupted iterations
default   [  85% ] 30/30 VUs  3m25.0s/4m00.0s

running (3m26.0s), 30/30 VUs, 6962 complete and 0 interrupted iterations
default   [  86% ] 30/30 VUs  3m26.0s/4m00.0s

running (3m27.0s), 30/30 VUs, 6995 complete and 0 interrupted iterations
default   [  86% ] 30/30 VUs  3m27.0s/4m00.0s

running (3m28.0s), 30/30 VUs, 7030 complete and 0 interrupted iterations
default   [  87% ] 30/30 VUs  3m28.0s/4m00.0s

running (3m29.0s), 30/30 VUs, 7063 complete and 0 interrupted iterations
default   [  87% ] 30/30 VUs  3m29.0s/4m00.0s

running (3m30.0s), 30/30 VUs, 7098 complete and 0 interrupted iterations
default   [  87% ] 30/30 VUs  3m30.0s/4m00.0s

running (3m31.0s), 30/30 VUs, 7131 complete and 0 interrupted iterations
default   [  88% ] 30/30 VUs  3m31.0s/4m00.0s

running (3m32.0s), 29/30 VUs, 7165 complete and 0 interrupted iterations
default   [  88% ] 29/30 VUs  3m32.0s/4m00.0s

running (3m33.0s), 28/30 VUs, 7198 complete and 0 interrupted iterations
default   [  89% ] 28/30 VUs  3m33.0s/4m00.0s

running (3m34.0s), 27/30 VUs, 7231 complete and 0 interrupted iterations
default   [  89% ] 27/30 VUs  3m34.0s/4m00.0s

running (3m35.0s), 26/30 VUs, 7266 complete and 0 interrupted iterations
default   [  90% ] 26/30 VUs  3m35.0s/4m00.0s

running (3m36.0s), 25/30 VUs, 7300 complete and 0 interrupted iterations
default   [  90% ] 25/30 VUs  3m36.0s/4m00.0s

running (3m37.0s), 24/30 VUs, 7334 complete and 0 interrupted iterations
default   [  90% ] 24/30 VUs  3m37.0s/4m00.0s

running (3m38.0s), 23/30 VUs, 7367 complete and 0 interrupted iterations
default   [  91% ] 23/30 VUs  3m38.0s/4m00.0s

running (3m39.0s), 22/30 VUs, 7402 complete and 0 interrupted iterations
default   [  91% ] 22/30 VUs  3m39.0s/4m00.0s

running (3m40.0s), 21/30 VUs, 7435 complete and 0 interrupted iterations
default   [  92% ] 21/30 VUs  3m40.0s/4m00.0s

running (3m41.0s), 20/30 VUs, 7470 complete and 0 interrupted iterations
default   [  92% ] 20/30 VUs  3m41.0s/4m00.0s

running (3m42.0s), 19/30 VUs, 7503 complete and 0 interrupted iterations
default   [  92% ] 19/30 VUs  3m42.0s/4m00.0s

running (3m43.0s), 18/30 VUs, 7538 complete and 0 interrupted iterations
default   [  93% ] 18/30 VUs  3m43.0s/4m00.0s

running (3m44.0s), 17/30 VUs, 7571 complete and 0 interrupted iterations
default   [  93% ] 17/30 VUs  3m44.0s/4m00.0s

running (3m45.0s), 16/30 VUs, 7606 complete and 0 interrupted iterations
default   [  94% ] 16/30 VUs  3m45.0s/4m00.0s

running (3m46.0s), 15/30 VUs, 7639 complete and 0 interrupted iterations
default   [  94% ] 15/30 VUs  3m46.0s/4m00.0s

running (3m47.0s), 14/30 VUs, 7673 complete and 0 interrupted iterations
default   [  95% ] 14/30 VUs  3m47.0s/4m00.0s

running (3m48.0s), 13/30 VUs, 7707 complete and 0 interrupted iterations
default   [  95% ] 13/30 VUs  3m48.0s/4m00.0s

running (3m49.0s), 12/30 VUs, 7740 complete and 0 interrupted iterations
default   [  95% ] 12/30 VUs  3m49.0s/4m00.0s

running (3m50.0s), 11/30 VUs, 7775 complete and 0 interrupted iterations
default   [  96% ] 11/30 VUs  3m50.0s/4m00.0s

running (3m51.0s), 10/30 VUs, 7808 complete and 0 interrupted iterations
default   [  96% ] 10/30 VUs  3m51.0s/4m00.0s

running (3m52.0s), 09/30 VUs, 7843 complete and 0 interrupted iterations
default   [  97% ] 09/30 VUs  3m52.0s/4m00.0s

running (3m53.0s), 08/30 VUs, 7875 complete and 0 interrupted iterations
default   [  97% ] 08/30 VUs  3m53.0s/4m00.0s

running (3m54.0s), 07/30 VUs, 7911 complete and 0 interrupted iterations
default   [  97% ] 07/30 VUs  3m54.0s/4m00.0s

running (3m55.0s), 06/30 VUs, 7943 complete and 0 interrupted iterations
default   [  98% ] 06/30 VUs  3m55.0s/4m00.0s

running (3m56.0s), 05/30 VUs, 7978 complete and 0 interrupted iterations
default   [  98% ] 05/30 VUs  3m56.0s/4m00.0s

running (3m57.0s), 04/30 VUs, 8011 complete and 0 interrupted iterations
default   [  99% ] 04/30 VUs  3m57.0s/4m00.0s

running (3m58.0s), 03/30 VUs, 8047 complete and 0 interrupted iterations
default   [  99% ] 03/30 VUs  3m58.0s/4m00.0s

running (3m59.0s), 02/30 VUs, 8082 complete and 0 interrupted iterations
default   [ 100% ] 02/30 VUs  3m59.0s/4m00.0s

running (4m00.0s), 01/30 VUs, 8100 complete and 0 interrupted iterations
default   [ 100% ] 01/30 VUs  4m00.0s/4m00.0s


  █ THRESHOLDS 

    checks
    ✓ 'rate>0.95' rate=100.00%

    http_req_duration
    ✓ 'p(95)<5000' p(95)=1.18s
    ✓ 'p(99)<10000' p(99)=1.3s

    http_req_failed
    ✓ 'rate<0.05' rate=0.00%


  █ TOTAL RESULTS 

    checks_total.......: 32404   135.00594/s
    checks_succeeded...: 100.00% 32404 out of 32404
    checks_failed......: 0.00%   0 out of 32404

    ✓ status is 200
    ✓ content-type is json
    ✓ workloadType is CPU-BOUND
    ✓ executionTimeMs exists

    CUSTOM
    response_time_ms...............: min=56.608822 avg=780.269076 med=828.070248 max=2057.746272 p(90)=954.081495 p(95)=1182.769053 p(99)=1302.879976
    successful_requests............: 8101   33.751485/s

    HTTP
    http_req_duration..............: min=56.6ms    avg=780.26ms   med=828.07ms   max=2.05s       p(90)=954.08ms   p(95)=1.18s       p(99)=1.3s       
      { expected_response:true }...: min=56.6ms    avg=780.26ms   med=828.07ms   max=2.05s       p(90)=954.08ms   p(95)=1.18s       p(99)=1.3s       
    http_req_failed................: 0.00%  0 out of 8101
    http_reqs......................: 8101   33.751485/s

    EXECUTION
    iteration_duration.............: min=56.81ms   avg=780.44ms   med=828.25ms   max=2.05s       p(90)=954.23ms   p(95)=1.18s       p(99)=1.3s       
    iterations.....................: 8101   33.751485/s
    vus............................: 1      min=1         max=30
    vus_max........................: 30     min=30        max=30

    NETWORK
    data_received..................: 1.9 MB 7.8 kB/s
    data_sent......................: 648 kB 2.7 kB/s




running (4m00.0s), 00/30 VUs, 8101 complete and 0 interrupted iterations
default ✓ [ 100% ] 00/30 VUs  4m0s
