
         /\      Grafana   /‾‾/  
    /\  /  \     |\  __   /  /   
   /  \/    \    | |/ /  /   ‾‾\ 
  /          \   |   (  |  (‾)  |
 / __________ \  |_|\_\  \_____/ 


     execution: local
        script: io-bound-test.js
        output: -

     scenarios: (100.00%) 1 scenario, 150 max VUs, 4m30s max duration (incl. graceful stop):
              * default: Up to 150 looping VUs for 4m0s over 3 stages (gracefulRampDown: 30s, gracefulStop: 30s)


running (0m00.9s), 005/150 VUs, 50 complete and 0 interrupted iterations
default   [   0% ] 005/150 VUs  0m00.9s/4m00.0s

running (0m01.9s), 010/150 VUs, 196 complete and 0 interrupted iterations
default   [   1% ] 010/150 VUs  0m01.9s/4m00.0s

running (0m02.9s), 015/150 VUs, 439 complete and 0 interrupted iterations
default   [   1% ] 015/150 VUs  0m02.9s/4m00.0s

running (0m03.9s), 020/150 VUs, 781 complete and 0 interrupted iterations
default   [   2% ] 020/150 VUs  0m03.9s/4m00.0s

running (0m04.9s), 025/150 VUs, 1218 complete and 0 interrupted iterations
default   [   2% ] 025/150 VUs  0m04.9s/4m00.0s

running (0m05.9s), 030/150 VUs, 1755 complete and 0 interrupted iterations
default   [   2% ] 030/150 VUs  0m05.9s/4m00.0s

running (0m06.9s), 035/150 VUs, 2385 complete and 0 interrupted iterations
default   [   3% ] 035/150 VUs  0m06.9s/4m00.0s

running (0m07.9s), 040/150 VUs, 3120 complete and 0 interrupted iterations
default   [   3% ] 040/150 VUs  0m07.9s/4m00.0s

running (0m08.9s), 045/150 VUs, 3943 complete and 0 interrupted iterations
default   [   4% ] 045/150 VUs  0m08.9s/4m00.0s

running (0m09.9s), 050/150 VUs, 4870 complete and 0 interrupted iterations
default   [   4% ] 050/150 VUs  0m09.9s/4m00.0s

running (0m10.9s), 055/150 VUs, 5856 complete and 0 interrupted iterations
default   [   5% ] 055/150 VUs  0m10.9s/4m00.0s

running (0m11.9s), 060/150 VUs, 6846 complete and 0 interrupted iterations
default   [   5% ] 060/150 VUs  0m11.9s/4m00.0s

running (0m12.9s), 065/150 VUs, 7833 complete and 0 interrupted iterations
default   [   5% ] 065/150 VUs  0m12.9s/4m00.0s

running (0m13.9s), 070/150 VUs, 8828 complete and 0 interrupted iterations
default   [   6% ] 070/150 VUs  0m13.9s/4m00.0s

running (0m14.9s), 075/150 VUs, 9817 complete and 0 interrupted iterations
default   [   6% ] 075/150 VUs  0m14.9s/4m00.0s

running (0m15.9s), 080/150 VUs, 10807 complete and 0 interrupted iterations
default   [   7% ] 080/150 VUs  0m15.9s/4m00.0s

running (0m16.9s), 085/150 VUs, 11797 complete and 0 interrupted iterations
default   [   7% ] 085/150 VUs  0m16.9s/4m00.0s

running (0m17.9s), 090/150 VUs, 12783 complete and 0 interrupted iterations
default   [   7% ] 090/150 VUs  0m17.9s/4m00.0s

running (0m18.9s), 095/150 VUs, 13768 complete and 0 interrupted iterations
default   [   8% ] 095/150 VUs  0m18.9s/4m00.0s

running (0m19.9s), 099/150 VUs, 14763 complete and 0 interrupted iterations
default   [   8% ] 099/150 VUs  0m19.9s/4m00.0s

running (0m20.9s), 104/150 VUs, 15755 complete and 0 interrupted iterations
default   [   9% ] 104/150 VUs  0m20.9s/4m00.0s

running (0m21.9s), 109/150 VUs, 16736 complete and 0 interrupted iterations
default   [   9% ] 109/150 VUs  0m21.9s/4m00.0s

running (0m22.9s), 114/150 VUs, 17719 complete and 0 interrupted iterations
default   [  10% ] 114/150 VUs  0m22.9s/4m00.0s

running (0m23.9s), 119/150 VUs, 18709 complete and 0 interrupted iterations
default   [  10% ] 119/150 VUs  0m23.9s/4m00.0s

running (0m24.9s), 124/150 VUs, 19705 complete and 0 interrupted iterations
default   [  10% ] 124/150 VUs  0m24.9s/4m00.0s

running (0m25.9s), 129/150 VUs, 20691 complete and 0 interrupted iterations
default   [  11% ] 129/150 VUs  0m25.9s/4m00.0s

running (0m26.9s), 134/150 VUs, 21672 complete and 0 interrupted iterations
default   [  11% ] 134/150 VUs  0m26.9s/4m00.0s

running (0m27.9s), 139/150 VUs, 22668 complete and 0 interrupted iterations
default   [  12% ] 139/150 VUs  0m27.9s/4m00.0s

running (0m28.9s), 144/150 VUs, 23655 complete and 0 interrupted iterations
default   [  12% ] 144/150 VUs  0m28.9s/4m00.0s

running (0m29.9s), 149/150 VUs, 24648 complete and 0 interrupted iterations
default   [  12% ] 149/150 VUs  0m29.9s/4m00.0s

running (0m30.9s), 150/150 VUs, 25630 complete and 0 interrupted iterations
default   [  13% ] 150/150 VUs  0m30.9s/4m00.0s

running (0m31.9s), 150/150 VUs, 26619 complete and 0 interrupted iterations
default   [  13% ] 150/150 VUs  0m31.9s/4m00.0s

running (0m32.9s), 150/150 VUs, 27609 complete and 0 interrupted iterations
default   [  14% ] 150/150 VUs  0m32.9s/4m00.0s

running (0m33.9s), 150/150 VUs, 28605 complete and 0 interrupted iterations
default   [  14% ] 150/150 VUs  0m33.9s/4m00.0s

running (0m34.9s), 150/150 VUs, 29590 complete and 0 interrupted iterations
default   [  15% ] 150/150 VUs  0m34.9s/4m00.0s

running (0m35.9s), 150/150 VUs, 30578 complete and 0 interrupted iterations
default   [  15% ] 150/150 VUs  0m35.9s/4m00.0s

running (0m36.9s), 150/150 VUs, 31567 complete and 0 interrupted iterations
default   [  15% ] 150/150 VUs  0m36.9s/4m00.0s

running (0m37.9s), 150/150 VUs, 32555 complete and 0 interrupted iterations
default   [  16% ] 150/150 VUs  0m37.9s/4m00.0s

running (0m38.9s), 150/150 VUs, 33544 complete and 0 interrupted iterations
default   [  16% ] 150/150 VUs  0m38.9s/4m00.0s

running (0m39.9s), 150/150 VUs, 34535 complete and 0 interrupted iterations
default   [  17% ] 150/150 VUs  0m39.9s/4m00.0s

running (0m40.9s), 150/150 VUs, 35521 complete and 0 interrupted iterations
default   [  17% ] 150/150 VUs  0m40.9s/4m00.0s

running (0m41.9s), 150/150 VUs, 36510 complete and 0 interrupted iterations
default   [  17% ] 150/150 VUs  0m41.9s/4m00.0s

running (0m42.9s), 150/150 VUs, 37505 complete and 0 interrupted iterations
default   [  18% ] 150/150 VUs  0m42.9s/4m00.0s

running (0m43.9s), 150/150 VUs, 38489 complete and 0 interrupted iterations
default   [  18% ] 150/150 VUs  0m43.9s/4m00.0s

running (0m44.9s), 150/150 VUs, 39481 complete and 0 interrupted iterations
default   [  19% ] 150/150 VUs  0m44.9s/4m00.0s

running (0m45.9s), 150/150 VUs, 40462 complete and 0 interrupted iterations
default   [  19% ] 150/150 VUs  0m45.9s/4m00.0s

running (0m46.9s), 150/150 VUs, 41460 complete and 0 interrupted iterations
default   [  20% ] 150/150 VUs  0m46.9s/4m00.0s

running (0m47.9s), 150/150 VUs, 42439 complete and 0 interrupted iterations
default   [  20% ] 150/150 VUs  0m47.9s/4m00.0s

running (0m48.9s), 150/150 VUs, 43436 complete and 0 interrupted iterations
default   [  20% ] 150/150 VUs  0m48.9s/4m00.0s

running (0m49.9s), 150/150 VUs, 44422 complete and 0 interrupted iterations
default   [  21% ] 150/150 VUs  0m49.9s/4m00.0s

running (0m50.9s), 150/150 VUs, 45411 complete and 0 interrupted iterations
default   [  21% ] 150/150 VUs  0m50.9s/4m00.0s

running (0m51.9s), 150/150 VUs, 46392 complete and 0 interrupted iterations
default   [  22% ] 150/150 VUs  0m51.9s/4m00.0s

running (0m52.9s), 150/150 VUs, 47389 complete and 0 interrupted iterations
default   [  22% ] 150/150 VUs  0m52.9s/4m00.0s

running (0m53.9s), 150/150 VUs, 48378 complete and 0 interrupted iterations
default   [  22% ] 150/150 VUs  0m53.9s/4m00.0s

running (0m54.9s), 150/150 VUs, 49361 complete and 0 interrupted iterations
default   [  23% ] 150/150 VUs  0m54.9s/4m00.0s

running (0m55.9s), 150/150 VUs, 50355 complete and 0 interrupted iterations
default   [  23% ] 150/150 VUs  0m55.9s/4m00.0s

running (0m56.9s), 150/150 VUs, 51340 complete and 0 interrupted iterations
default   [  24% ] 150/150 VUs  0m56.9s/4m00.0s

running (0m57.9s), 150/150 VUs, 52338 complete and 0 interrupted iterations
default   [  24% ] 150/150 VUs  0m57.9s/4m00.0s

running (0m58.9s), 150/150 VUs, 53313 complete and 0 interrupted iterations
default   [  25% ] 150/150 VUs  0m58.9s/4m00.0s

running (0m59.9s), 150/150 VUs, 54311 complete and 0 interrupted iterations
default   [  25% ] 150/150 VUs  0m59.9s/4m00.0s

running (1m00.9s), 150/150 VUs, 55292 complete and 0 interrupted iterations
default   [  25% ] 150/150 VUs  1m00.9s/4m00.0s

running (1m01.9s), 150/150 VUs, 56289 complete and 0 interrupted iterations
default   [  26% ] 150/150 VUs  1m01.9s/4m00.0s

running (1m02.9s), 150/150 VUs, 57273 complete and 0 interrupted iterations
default   [  26% ] 150/150 VUs  1m02.9s/4m00.0s

running (1m03.9s), 150/150 VUs, 58263 complete and 0 interrupted iterations
default   [  27% ] 150/150 VUs  1m03.9s/4m00.0s

running (1m04.9s), 150/150 VUs, 59251 complete and 0 interrupted iterations
default   [  27% ] 150/150 VUs  1m04.9s/4m00.0s

running (1m05.9s), 150/150 VUs, 60242 complete and 0 interrupted iterations
default   [  27% ] 150/150 VUs  1m05.9s/4m00.0s

running (1m06.9s), 150/150 VUs, 61221 complete and 0 interrupted iterations
default   [  28% ] 150/150 VUs  1m06.9s/4m00.0s

running (1m07.9s), 150/150 VUs, 62213 complete and 0 interrupted iterations
default   [  28% ] 150/150 VUs  1m07.9s/4m00.0s

running (1m08.9s), 150/150 VUs, 63202 complete and 0 interrupted iterations
default   [  29% ] 150/150 VUs  1m08.9s/4m00.0s

running (1m09.9s), 150/150 VUs, 64202 complete and 0 interrupted iterations
default   [  29% ] 150/150 VUs  1m09.9s/4m00.0s

running (1m10.9s), 150/150 VUs, 65177 complete and 0 interrupted iterations
default   [  30% ] 150/150 VUs  1m10.9s/4m00.0s

running (1m11.9s), 150/150 VUs, 66163 complete and 0 interrupted iterations
default   [  30% ] 150/150 VUs  1m11.9s/4m00.0s

running (1m12.9s), 150/150 VUs, 67152 complete and 0 interrupted iterations
default   [  30% ] 150/150 VUs  1m12.9s/4m00.0s

running (1m13.9s), 150/150 VUs, 68152 complete and 0 interrupted iterations
default   [  31% ] 150/150 VUs  1m13.9s/4m00.0s

running (1m14.9s), 150/150 VUs, 69132 complete and 0 interrupted iterations
default   [  31% ] 150/150 VUs  1m14.9s/4m00.0s

running (1m15.9s), 150/150 VUs, 70119 complete and 0 interrupted iterations
default   [  32% ] 150/150 VUs  1m15.9s/4m00.0s

running (1m16.9s), 150/150 VUs, 71103 complete and 0 interrupted iterations
default   [  32% ] 150/150 VUs  1m16.9s/4m00.0s

running (1m17.9s), 150/150 VUs, 72102 complete and 0 interrupted iterations
default   [  32% ] 150/150 VUs  1m17.9s/4m00.0s

running (1m18.9s), 150/150 VUs, 73086 complete and 0 interrupted iterations
default   [  33% ] 150/150 VUs  1m18.9s/4m00.0s

running (1m19.9s), 150/150 VUs, 74072 complete and 0 interrupted iterations
default   [  33% ] 150/150 VUs  1m19.9s/4m00.0s

running (1m20.9s), 150/150 VUs, 75053 complete and 0 interrupted iterations
default   [  34% ] 150/150 VUs  1m20.9s/4m00.0s

running (1m21.9s), 150/150 VUs, 76053 complete and 0 interrupted iterations
default   [  34% ] 150/150 VUs  1m21.9s/4m00.0s

running (1m22.9s), 150/150 VUs, 77037 complete and 0 interrupted iterations
default   [  35% ] 150/150 VUs  1m22.9s/4m00.0s

running (1m23.9s), 150/150 VUs, 78003 complete and 0 interrupted iterations
default   [  35% ] 150/150 VUs  1m23.9s/4m00.0s

running (1m24.9s), 150/150 VUs, 78997 complete and 0 interrupted iterations
default   [  35% ] 150/150 VUs  1m24.9s/4m00.0s

running (1m25.9s), 150/150 VUs, 79953 complete and 0 interrupted iterations
default   [  36% ] 150/150 VUs  1m25.9s/4m00.0s

running (1m26.9s), 150/150 VUs, 80953 complete and 0 interrupted iterations
default   [  36% ] 150/150 VUs  1m26.9s/4m00.0s

running (1m27.9s), 150/150 VUs, 81937 complete and 0 interrupted iterations
default   [  37% ] 150/150 VUs  1m27.9s/4m00.0s

running (1m28.9s), 150/150 VUs, 82903 complete and 0 interrupted iterations
default   [  37% ] 150/150 VUs  1m28.9s/4m00.0s

running (1m29.9s), 150/150 VUs, 83903 complete and 0 interrupted iterations
default   [  37% ] 150/150 VUs  1m29.9s/4m00.0s

running (1m30.9s), 150/150 VUs, 84895 complete and 0 interrupted iterations
default   [  38% ] 150/150 VUs  1m30.9s/4m00.0s

running (1m31.9s), 150/150 VUs, 85853 complete and 0 interrupted iterations
default   [  38% ] 150/150 VUs  1m31.9s/4m00.0s

running (1m32.9s), 150/150 VUs, 86853 complete and 0 interrupted iterations
default   [  39% ] 150/150 VUs  1m32.9s/4m00.0s

running (1m33.9s), 150/150 VUs, 87853 complete and 0 interrupted iterations
default   [  39% ] 150/150 VUs  1m33.9s/4m00.0s

running (1m34.9s), 150/150 VUs, 88810 complete and 0 interrupted iterations
default   [  40% ] 150/150 VUs  1m34.9s/4m00.0s

running (1m35.9s), 150/150 VUs, 89803 complete and 0 interrupted iterations
default   [  40% ] 150/150 VUs  1m35.9s/4m00.0s

running (1m36.9s), 150/150 VUs, 90803 complete and 0 interrupted iterations
default   [  40% ] 150/150 VUs  1m36.9s/4m00.0s

running (1m37.9s), 150/150 VUs, 91780 complete and 0 interrupted iterations
default   [  41% ] 150/150 VUs  1m37.9s/4m00.0s

running (1m38.9s), 150/150 VUs, 92753 complete and 0 interrupted iterations
default   [  41% ] 150/150 VUs  1m38.9s/4m00.0s

running (1m39.9s), 150/150 VUs, 93753 complete and 0 interrupted iterations
default   [  42% ] 150/150 VUs  1m39.9s/4m00.0s

running (1m40.9s), 150/150 VUs, 94732 complete and 0 interrupted iterations
default   [  42% ] 150/150 VUs  1m40.9s/4m00.0s

running (1m41.9s), 150/150 VUs, 95703 complete and 0 interrupted iterations
default   [  42% ] 150/150 VUs  1m41.9s/4m00.0s

running (1m42.9s), 150/150 VUs, 96703 complete and 0 interrupted iterations
default   [  43% ] 150/150 VUs  1m42.9s/4m00.0s

running (1m43.9s), 150/150 VUs, 97697 complete and 0 interrupted iterations
default   [  43% ] 150/150 VUs  1m43.9s/4m00.0s

running (1m44.9s), 150/150 VUs, 98660 complete and 0 interrupted iterations
default   [  44% ] 150/150 VUs  1m44.9s/4m00.0s

running (1m45.9s), 150/150 VUs, 99653 complete and 0 interrupted iterations
default   [  44% ] 150/150 VUs  1m45.9s/4m00.0s

running (1m46.9s), 150/150 VUs, 100653 complete and 0 interrupted iterations
default   [  45% ] 150/150 VUs  1m46.9s/4m00.0s

running (1m47.9s), 150/150 VUs, 101645 complete and 0 interrupted iterations
default   [  45% ] 150/150 VUs  1m47.9s/4m00.0s

running (1m48.9s), 150/150 VUs, 102603 complete and 0 interrupted iterations
default   [  45% ] 150/150 VUs  1m48.9s/4m00.0s

running (1m49.9s), 150/150 VUs, 103603 complete and 0 interrupted iterations
default   [  46% ] 150/150 VUs  1m49.9s/4m00.0s

running (1m50.9s), 150/150 VUs, 104603 complete and 0 interrupted iterations
default   [  46% ] 150/150 VUs  1m50.9s/4m00.0s

running (1m51.9s), 150/150 VUs, 105553 complete and 0 interrupted iterations
default   [  47% ] 150/150 VUs  1m51.9s/4m00.0s

running (1m52.9s), 150/150 VUs, 106553 complete and 0 interrupted iterations
default   [  47% ] 150/150 VUs  1m52.9s/4m00.0s

running (1m53.9s), 150/150 VUs, 107553 complete and 0 interrupted iterations
default   [  47% ] 150/150 VUs  1m53.9s/4m00.0s

running (1m54.9s), 150/150 VUs, 108520 complete and 0 interrupted iterations
default   [  48% ] 150/150 VUs  1m54.9s/4m00.0s

running (1m55.9s), 150/150 VUs, 109503 complete and 0 interrupted iterations
default   [  48% ] 150/150 VUs  1m55.9s/4m00.0s

running (1m56.9s), 150/150 VUs, 110503 complete and 0 interrupted iterations
default   [  49% ] 150/150 VUs  1m56.9s/4m00.0s

running (1m57.9s), 150/150 VUs, 111503 complete and 0 interrupted iterations
default   [  49% ] 150/150 VUs  1m57.9s/4m00.0s

running (1m58.9s), 150/150 VUs, 112453 complete and 0 interrupted iterations
default   [  50% ] 150/150 VUs  1m58.9s/4m00.0s

running (1m59.9s), 150/150 VUs, 113453 complete and 0 interrupted iterations
default   [  50% ] 150/150 VUs  1m59.9s/4m00.0s

running (2m00.9s), 150/150 VUs, 114453 complete and 0 interrupted iterations
default   [  50% ] 150/150 VUs  2m00.9s/4m00.0s

running (2m01.9s), 150/150 VUs, 115410 complete and 0 interrupted iterations
default   [  51% ] 150/150 VUs  2m01.9s/4m00.0s

running (2m02.9s), 150/150 VUs, 116403 complete and 0 interrupted iterations
default   [  51% ] 150/150 VUs  2m02.9s/4m00.0s

running (2m03.9s), 150/150 VUs, 117403 complete and 0 interrupted iterations
default   [  52% ] 150/150 VUs  2m03.9s/4m00.0s

running (2m04.9s), 150/150 VUs, 118392 complete and 0 interrupted iterations
default   [  52% ] 150/150 VUs  2m04.9s/4m00.0s

running (2m05.9s), 150/150 VUs, 119353 complete and 0 interrupted iterations
default   [  52% ] 150/150 VUs  2m05.9s/4m00.0s

running (2m06.9s), 150/150 VUs, 120353 complete and 0 interrupted iterations
default   [  53% ] 150/150 VUs  2m06.9s/4m00.0s

running (2m07.9s), 150/150 VUs, 121353 complete and 0 interrupted iterations
default   [  53% ] 150/150 VUs  2m07.9s/4m00.0s

running (2m08.9s), 150/150 VUs, 122303 complete and 0 interrupted iterations
default   [  54% ] 150/150 VUs  2m08.9s/4m00.0s

running (2m09.9s), 150/150 VUs, 123303 complete and 0 interrupted iterations
default   [  54% ] 150/150 VUs  2m09.9s/4m00.0s

running (2m10.9s), 150/150 VUs, 124296 complete and 0 interrupted iterations
default   [  55% ] 150/150 VUs  2m10.9s/4m00.0s

running (2m11.9s), 150/150 VUs, 125253 complete and 0 interrupted iterations
default   [  55% ] 150/150 VUs  2m11.9s/4m00.0s

running (2m12.9s), 150/150 VUs, 126253 complete and 0 interrupted iterations
default   [  55% ] 150/150 VUs  2m12.9s/4m00.0s

running (2m13.9s), 150/150 VUs, 127253 complete and 0 interrupted iterations
default   [  56% ] 150/150 VUs  2m13.9s/4m00.0s

running (2m14.9s), 150/150 VUs, 128245 complete and 0 interrupted iterations
default   [  56% ] 150/150 VUs  2m14.9s/4m00.0s

running (2m15.9s), 150/150 VUs, 129203 complete and 0 interrupted iterations
default   [  57% ] 150/150 VUs  2m15.9s/4m00.0s

running (2m16.9s), 150/150 VUs, 130203 complete and 0 interrupted iterations
default   [  57% ] 150/150 VUs  2m16.9s/4m00.0s

running (2m17.9s), 150/150 VUs, 131203 complete and 0 interrupted iterations
default   [  57% ] 150/150 VUs  2m17.9s/4m00.0s

running (2m18.9s), 150/150 VUs, 132159 complete and 0 interrupted iterations
default   [  58% ] 150/150 VUs  2m18.9s/4m00.0s

running (2m19.9s), 150/150 VUs, 133153 complete and 0 interrupted iterations
default   [  58% ] 150/150 VUs  2m19.9s/4m00.0s

running (2m20.9s), 150/150 VUs, 134153 complete and 0 interrupted iterations
default   [  59% ] 150/150 VUs  2m20.9s/4m00.0s

running (2m21.9s), 150/150 VUs, 135103 complete and 0 interrupted iterations
default   [  59% ] 150/150 VUs  2m21.9s/4m00.0s

running (2m22.9s), 150/150 VUs, 136103 complete and 0 interrupted iterations
default   [  60% ] 150/150 VUs  2m22.9s/4m00.0s

running (2m23.9s), 150/150 VUs, 137072 complete and 0 interrupted iterations
default   [  60% ] 150/150 VUs  2m23.9s/4m00.0s

running (2m24.9s), 150/150 VUs, 138053 complete and 0 interrupted iterations
default   [  60% ] 150/150 VUs  2m24.9s/4m00.0s

running (2m25.9s), 150/150 VUs, 139053 complete and 0 interrupted iterations
default   [  61% ] 150/150 VUs  2m25.9s/4m00.0s

running (2m26.9s), 150/150 VUs, 140053 complete and 0 interrupted iterations
default   [  61% ] 150/150 VUs  2m26.9s/4m00.0s

running (2m27.9s), 150/150 VUs, 141053 complete and 0 interrupted iterations
default   [  62% ] 150/150 VUs  2m27.9s/4m00.0s

running (2m28.9s), 150/150 VUs, 142003 complete and 0 interrupted iterations
default   [  62% ] 150/150 VUs  2m28.9s/4m00.0s

running (2m29.9s), 150/150 VUs, 143003 complete and 0 interrupted iterations
default   [  62% ] 150/150 VUs  2m29.9s/4m00.0s

running (2m30.9s), 150/150 VUs, 143970 complete and 0 interrupted iterations
default   [  63% ] 150/150 VUs  2m30.9s/4m00.0s

running (2m31.9s), 150/150 VUs, 144953 complete and 0 interrupted iterations
default   [  63% ] 150/150 VUs  2m31.9s/4m00.0s

running (2m32.9s), 150/150 VUs, 145953 complete and 0 interrupted iterations
default   [  64% ] 150/150 VUs  2m32.9s/4m00.0s

running (2m33.9s), 150/150 VUs, 146948 complete and 0 interrupted iterations
default   [  64% ] 150/150 VUs  2m33.9s/4m00.0s

running (2m34.9s), 150/150 VUs, 147911 complete and 0 interrupted iterations
default   [  65% ] 150/150 VUs  2m34.9s/4m00.0s

running (2m35.9s), 150/150 VUs, 148903 complete and 0 interrupted iterations
default   [  65% ] 150/150 VUs  2m35.9s/4m00.0s

running (2m36.9s), 150/150 VUs, 149903 complete and 0 interrupted iterations
default   [  65% ] 150/150 VUs  2m36.9s/4m00.0s

running (2m37.9s), 150/150 VUs, 150903 complete and 0 interrupted iterations
default   [  66% ] 150/150 VUs  2m37.9s/4m00.0s

running (2m38.9s), 150/150 VUs, 151853 complete and 0 interrupted iterations
default   [  66% ] 150/150 VUs  2m38.9s/4m00.0s

running (2m39.9s), 150/150 VUs, 152853 complete and 0 interrupted iterations
default   [  67% ] 150/150 VUs  2m39.9s/4m00.0s

running (2m40.9s), 150/150 VUs, 153853 complete and 0 interrupted iterations
default   [  67% ] 150/150 VUs  2m40.9s/4m00.0s

running (2m41.9s), 150/150 VUs, 154825 complete and 0 interrupted iterations
default   [  67% ] 150/150 VUs  2m41.9s/4m00.0s

running (2m42.9s), 150/150 VUs, 155803 complete and 0 interrupted iterations
default   [  68% ] 150/150 VUs  2m42.9s/4m00.0s

running (2m43.9s), 150/150 VUs, 156803 complete and 0 interrupted iterations
default   [  68% ] 150/150 VUs  2m43.9s/4m00.0s

running (2m44.9s), 150/150 VUs, 157803 complete and 0 interrupted iterations
default   [  69% ] 150/150 VUs  2m44.9s/4m00.0s

running (2m45.9s), 150/150 VUs, 158768 complete and 0 interrupted iterations
default   [  69% ] 150/150 VUs  2m45.9s/4m00.0s

running (2m46.9s), 150/150 VUs, 159753 complete and 0 interrupted iterations
default   [  70% ] 150/150 VUs  2m46.9s/4m00.0s

running (2m47.9s), 150/150 VUs, 160753 complete and 0 interrupted iterations
default   [  70% ] 150/150 VUs  2m47.9s/4m00.0s

running (2m48.9s), 150/150 VUs, 161753 complete and 0 interrupted iterations
default   [  70% ] 150/150 VUs  2m48.9s/4m00.0s

running (2m49.9s), 150/150 VUs, 162705 complete and 0 interrupted iterations
default   [  71% ] 150/150 VUs  2m49.9s/4m00.0s

running (2m50.9s), 150/150 VUs, 163703 complete and 0 interrupted iterations
default   [  71% ] 150/150 VUs  2m50.9s/4m00.0s

running (2m51.9s), 150/150 VUs, 164703 complete and 0 interrupted iterations
default   [  72% ] 150/150 VUs  2m51.9s/4m00.0s

running (2m52.9s), 150/150 VUs, 165701 complete and 0 interrupted iterations
default   [  72% ] 150/150 VUs  2m52.9s/4m00.0s

running (2m53.9s), 150/150 VUs, 166653 complete and 0 interrupted iterations
default   [  72% ] 150/150 VUs  2m53.9s/4m00.0s

running (2m54.9s), 150/150 VUs, 167653 complete and 0 interrupted iterations
default   [  73% ] 150/150 VUs  2m54.9s/4m00.0s

running (2m55.9s), 150/150 VUs, 168653 complete and 0 interrupted iterations
default   [  73% ] 150/150 VUs  2m55.9s/4m00.0s

running (2m56.9s), 150/150 VUs, 169638 complete and 0 interrupted iterations
default   [  74% ] 150/150 VUs  2m56.9s/4m00.0s

running (2m57.9s), 150/150 VUs, 170603 complete and 0 interrupted iterations
default   [  74% ] 150/150 VUs  2m57.9s/4m00.0s

running (2m58.9s), 150/150 VUs, 171603 complete and 0 interrupted iterations
default   [  75% ] 150/150 VUs  2m58.9s/4m00.0s

running (2m59.9s), 150/150 VUs, 172579 complete and 0 interrupted iterations
default   [  75% ] 150/150 VUs  2m59.9s/4m00.0s

running (3m00.9s), 150/150 VUs, 173553 complete and 0 interrupted iterations
default   [  75% ] 150/150 VUs  3m00.9s/4m00.0s

running (3m01.9s), 150/150 VUs, 174553 complete and 0 interrupted iterations
default   [  76% ] 150/150 VUs  3m01.9s/4m00.0s

running (3m02.9s), 150/150 VUs, 175553 complete and 0 interrupted iterations
default   [  76% ] 150/150 VUs  3m02.9s/4m00.0s

running (3m03.9s), 150/150 VUs, 176532 complete and 0 interrupted iterations
default   [  77% ] 150/150 VUs  3m03.9s/4m00.0s

running (3m04.9s), 150/150 VUs, 177503 complete and 0 interrupted iterations
default   [  77% ] 150/150 VUs  3m04.9s/4m00.0s

running (3m05.9s), 150/150 VUs, 178503 complete and 0 interrupted iterations
default   [  77% ] 150/150 VUs  3m05.9s/4m00.0s

running (3m06.9s), 150/150 VUs, 179503 complete and 0 interrupted iterations
default   [  78% ] 150/150 VUs  3m06.9s/4m00.0s

running (3m07.9s), 150/150 VUs, 180453 complete and 0 interrupted iterations
default   [  78% ] 150/150 VUs  3m07.9s/4m00.0s

running (3m08.9s), 150/150 VUs, 181453 complete and 0 interrupted iterations
default   [  79% ] 150/150 VUs  3m08.9s/4m00.0s

running (3m09.9s), 150/150 VUs, 182453 complete and 0 interrupted iterations
default   [  79% ] 150/150 VUs  3m09.9s/4m00.0s

running (3m10.9s), 150/150 VUs, 183403 complete and 0 interrupted iterations
default   [  80% ] 150/150 VUs  3m10.9s/4m00.0s

running (3m11.9s), 150/150 VUs, 184403 complete and 0 interrupted iterations
default   [  80% ] 150/150 VUs  3m11.9s/4m00.0s

running (3m12.9s), 150/150 VUs, 185403 complete and 0 interrupted iterations
default   [  80% ] 150/150 VUs  3m12.9s/4m00.0s

running (3m13.9s), 150/150 VUs, 186369 complete and 0 interrupted iterations
default   [  81% ] 150/150 VUs  3m13.9s/4m00.0s

running (3m14.9s), 150/150 VUs, 187353 complete and 0 interrupted iterations
default   [  81% ] 150/150 VUs  3m14.9s/4m00.0s

running (3m15.9s), 150/150 VUs, 188353 complete and 0 interrupted iterations
default   [  82% ] 150/150 VUs  3m15.9s/4m00.0s

running (3m16.9s), 150/150 VUs, 189346 complete and 0 interrupted iterations
default   [  82% ] 150/150 VUs  3m16.9s/4m00.0s

running (3m17.9s), 150/150 VUs, 190308 complete and 0 interrupted iterations
default   [  82% ] 150/150 VUs  3m17.9s/4m00.0s

running (3m18.9s), 150/150 VUs, 191303 complete and 0 interrupted iterations
default   [  83% ] 150/150 VUs  3m18.9s/4m00.0s

running (3m19.9s), 150/150 VUs, 192303 complete and 0 interrupted iterations
default   [  83% ] 150/150 VUs  3m19.9s/4m00.0s

running (3m20.9s), 150/150 VUs, 193253 complete and 0 interrupted iterations
default   [  84% ] 150/150 VUs  3m20.9s/4m00.0s

running (3m21.9s), 150/150 VUs, 194253 complete and 0 interrupted iterations
default   [  84% ] 150/150 VUs  3m21.9s/4m00.0s

running (3m22.9s), 150/150 VUs, 195253 complete and 0 interrupted iterations
default   [  85% ] 150/150 VUs  3m22.9s/4m00.0s

running (3m23.9s), 150/150 VUs, 196203 complete and 0 interrupted iterations
default   [  85% ] 150/150 VUs  3m23.9s/4m00.0s

running (3m24.9s), 150/150 VUs, 197203 complete and 0 interrupted iterations
default   [  85% ] 150/150 VUs  3m24.9s/4m00.0s

running (3m25.9s), 150/150 VUs, 198203 complete and 0 interrupted iterations
default   [  86% ] 150/150 VUs  3m25.9s/4m00.0s

running (3m26.9s), 150/150 VUs, 199179 complete and 0 interrupted iterations
default   [  86% ] 150/150 VUs  3m26.9s/4m00.0s

running (3m27.9s), 150/150 VUs, 200153 complete and 0 interrupted iterations
default   [  87% ] 150/150 VUs  3m27.9s/4m00.0s

running (3m28.9s), 150/150 VUs, 201153 complete and 0 interrupted iterations
default   [  87% ] 150/150 VUs  3m28.9s/4m00.0s

running (3m29.9s), 150/150 VUs, 202122 complete and 0 interrupted iterations
default   [  87% ] 150/150 VUs  3m29.9s/4m00.0s

running (3m30.9s), 146/150 VUs, 203103 complete and 0 interrupted iterations
default   [  88% ] 146/150 VUs  3m30.9s/4m00.0s

running (3m31.9s), 141/150 VUs, 204103 complete and 0 interrupted iterations
default   [  88% ] 141/150 VUs  3m31.9s/4m00.0s

running (3m32.9s), 136/150 VUs, 205102 complete and 0 interrupted iterations
default   [  89% ] 136/150 VUs  3m32.9s/4m00.0s

running (3m33.9s), 132/150 VUs, 206062 complete and 0 interrupted iterations
default   [  89% ] 132/150 VUs  3m33.9s/4m00.0s

running (3m34.9s), 126/150 VUs, 207053 complete and 0 interrupted iterations
default   [  90% ] 126/150 VUs  3m34.9s/4m00.0s

running (3m35.9s), 121/150 VUs, 208053 complete and 0 interrupted iterations
default   [  90% ] 121/150 VUs  3m35.9s/4m00.0s

running (3m36.9s), 116/150 VUs, 209053 complete and 0 interrupted iterations
default   [  90% ] 116/150 VUs  3m36.9s/4m00.0s

running (3m37.9s), 111/150 VUs, 210003 complete and 0 interrupted iterations
default   [  91% ] 111/150 VUs  3m37.9s/4m00.0s

running (3m38.9s), 106/150 VUs, 211003 complete and 0 interrupted iterations
default   [  91% ] 106/150 VUs  3m38.9s/4m00.0s

running (3m39.9s), 101/150 VUs, 212003 complete and 0 interrupted iterations
default   [  92% ] 101/150 VUs  3m39.9s/4m00.0s

running (3m40.9s), 096/150 VUs, 212972 complete and 0 interrupted iterations
default   [  92% ] 096/150 VUs  3m40.9s/4m00.0s

running (3m41.9s), 091/150 VUs, 213953 complete and 0 interrupted iterations
default   [  92% ] 091/150 VUs  3m41.9s/4m00.0s

running (3m42.9s), 086/150 VUs, 214953 complete and 0 interrupted iterations
default   [  93% ] 086/150 VUs  3m42.9s/4m00.0s

running (3m43.9s), 081/150 VUs, 215953 complete and 0 interrupted iterations
default   [  93% ] 081/150 VUs  3m43.9s/4m00.0s

running (3m44.9s), 076/150 VUs, 216926 complete and 0 interrupted iterations
default   [  94% ] 076/150 VUs  3m44.9s/4m00.0s

running (3m45.9s), 071/150 VUs, 217903 complete and 0 interrupted iterations
default   [  94% ] 071/150 VUs  3m45.9s/4m00.0s

running (3m46.9s), 066/150 VUs, 218903 complete and 0 interrupted iterations
default   [  95% ] 066/150 VUs  3m46.9s/4m00.0s

running (3m47.9s), 061/150 VUs, 219903 complete and 0 interrupted iterations
default   [  95% ] 061/150 VUs  3m47.9s/4m00.0s

running (3m48.9s), 056/150 VUs, 220878 complete and 0 interrupted iterations
default   [  95% ] 056/150 VUs  3m48.9s/4m00.0s

running (3m49.9s), 051/150 VUs, 221853 complete and 0 interrupted iterations
default   [  96% ] 051/150 VUs  3m49.9s/4m00.0s

running (3m50.9s), 046/150 VUs, 222818 complete and 0 interrupted iterations
default   [  96% ] 046/150 VUs  3m50.9s/4m00.0s

running (3m51.9s), 041/150 VUs, 223650 complete and 0 interrupted iterations
default   [  97% ] 041/150 VUs  3m51.9s/4m00.0s

running (3m52.9s), 036/150 VUs, 224421 complete and 0 interrupted iterations
default   [  97% ] 036/150 VUs  3m52.9s/4m00.0s

running (3m53.9s), 031/150 VUs, 225060 complete and 0 interrupted iterations
default   [  97% ] 031/150 VUs  3m53.9s/4m00.0s

running (3m54.9s), 026/150 VUs, 225631 complete and 0 interrupted iterations
default   [  98% ] 026/150 VUs  3m54.9s/4m00.0s

running (3m55.9s), 021/150 VUs, 226079 complete and 0 interrupted iterations
default   [  98% ] 021/150 VUs  3m55.9s/4m00.0s

running (3m56.9s), 016/150 VUs, 226449 complete and 0 interrupted iterations
default   [  99% ] 016/150 VUs  3m56.9s/4m00.0s

running (3m57.9s), 011/150 VUs, 226707 complete and 0 interrupted iterations
default   [  99% ] 011/150 VUs  3m57.9s/4m00.0s

running (3m58.9s), 006/150 VUs, 226871 complete and 0 interrupted iterations
default   [ 100% ] 006/150 VUs  3m58.9s/4m00.0s

running (3m59.9s), 001/150 VUs, 226943 complete and 0 interrupted iterations
default   [ 100% ] 001/150 VUs  3m59.9s/4m00.0s


  █ THRESHOLDS 

    checks
    ✓ 'rate>0.95' rate=100.00%

    http_req_duration
    ✓ 'p(95)<5000' p(95)=152.98ms
    ✓ 'p(99)<10000' p(99)=155.59ms

    http_req_failed
    ✓ 'rate<0.05' rate=0.00%


  █ TOTAL RESULTS 

    checks_total.......: 907780  3782.130949/s
    checks_succeeded...: 100.00% 907780 out of 907780
    checks_failed......: 0.00%   0 out of 907780

    ✓ status is 200
    ✓ content-type is json
    ✓ workloadType is IO-BOUND
    ✓ executionTimeMs exists

    CUSTOM
    response_time_ms...............: min=50.743898 avg=138.746425 med=151.681011 max=173.022669 p(90)=152.61347 p(95)=152.982653 p(99)=155.590889
    successful_requests............: 226945 945.532737/s

    HTTP
    http_req_duration..............: min=50.74ms   avg=138.74ms   med=151.68ms   max=173.02ms   p(90)=152.61ms  p(95)=152.98ms   p(99)=155.59ms  
      { expected_response:true }...: min=50.74ms   avg=138.74ms   med=151.68ms   max=173.02ms   p(90)=152.61ms  p(95)=152.98ms   p(99)=155.59ms  
    http_req_failed................: 0.00%  0 out of 226945
    http_reqs......................: 226945 945.532737/s

    EXECUTION
    iteration_duration.............: min=50.87ms   avg=138.88ms   med=151.81ms   max=173.23ms   p(90)=152.75ms  p(95)=153.12ms   p(99)=155.75ms  
    iterations.....................: 226945 945.532737/s
    vus............................: 1      min=1           max=150
    vus_max........................: 150    min=150         max=150

    NETWORK
    data_received..................: 50 MB  209 kB/s
    data_sent......................: 18 MB  75 kB/s




running (4m00.0s), 000/150 VUs, 226945 complete and 0 interrupted iterations
default ✓ [ 100% ] 000/150 VUs  4m0s
