
         /\      Grafana   /‾‾/  
    /\  /  \     |\  __   /  /   
   /  \/    \    | |/ /  /   ‾‾\ 
  /          \   |   (  |  (‾)  |
 / __________ \  |_|\_\  \_____/ 


     execution: local
        script: cpu-bound-test.js
        output: -

     scenarios: (100.00%) 1 scenario, 75 max VUs, 4m30s max duration (incl. graceful stop):
              * default: Up to 75 looping VUs for 4m0s over 3 stages (gracefulRampDown: 30s, gracefulStop: 30s)


running (0m01.0s), 03/75 VUs, 24 complete and 0 interrupted iterations
default   [   0% ] 03/75 VUs  0m01.0s/4m00.0s

running (0m02.0s), 05/75 VUs, 58 complete and 0 interrupted iterations
default   [   1% ] 05/75 VUs  0m02.0s/4m00.0s

running (0m03.0s), 08/75 VUs, 91 complete and 0 interrupted iterations
default   [   1% ] 08/75 VUs  0m03.0s/4m00.0s

running (0m04.0s), 10/75 VUs, 125 complete and 0 interrupted iterations
default   [   2% ] 10/75 VUs  0m04.0s/4m00.0s

running (0m05.0s), 13/75 VUs, 158 complete and 0 interrupted iterations
default   [   2% ] 13/75 VUs  0m05.0s/4m00.0s

running (0m06.0s), 15/75 VUs, 193 complete and 0 interrupted iterations
default   [   2% ] 15/75 VUs  0m06.0s/4m00.0s

running (0m07.0s), 18/75 VUs, 226 complete and 0 interrupted iterations
default   [   3% ] 18/75 VUs  0m07.0s/4m00.0s

running (0m08.0s), 20/75 VUs, 260 complete and 0 interrupted iterations
default   [   3% ] 20/75 VUs  0m08.0s/4m00.0s

running (0m09.0s), 23/75 VUs, 295 complete and 0 interrupted iterations
default   [   4% ] 23/75 VUs  0m09.0s/4m00.0s

running (0m10.0s), 25/75 VUs, 328 complete and 0 interrupted iterations
default   [   4% ] 25/75 VUs  0m10.0s/4m00.0s

running (0m11.0s), 28/75 VUs, 363 complete and 0 interrupted iterations
default   [   5% ] 28/75 VUs  0m11.0s/4m00.0s

running (0m12.0s), 30/75 VUs, 396 complete and 0 interrupted iterations
default   [   5% ] 30/75 VUs  0m12.0s/4m00.0s

running (0m13.0s), 32/75 VUs, 430 complete and 0 interrupted iterations
default   [   5% ] 32/75 VUs  0m13.0s/4m00.0s

running (0m14.0s), 35/75 VUs, 463 complete and 0 interrupted iterations
default   [   6% ] 35/75 VUs  0m14.0s/4m00.0s

running (0m15.0s), 37/75 VUs, 498 complete and 0 interrupted iterations
default   [   6% ] 37/75 VUs  0m15.0s/4m00.0s

running (0m16.0s), 40/75 VUs, 531 complete and 0 interrupted iterations
default   [   7% ] 40/75 VUs  0m16.0s/4m00.0s

running (0m17.0s), 42/75 VUs, 565 complete and 0 interrupted iterations
default   [   7% ] 42/75 VUs  0m17.0s/4m00.0s

running (0m18.0s), 45/75 VUs, 599 complete and 0 interrupted iterations
default   [   7% ] 45/75 VUs  0m18.0s/4m00.0s

running (0m19.0s), 47/75 VUs, 632 complete and 0 interrupted iterations
default   [   8% ] 47/75 VUs  0m19.0s/4m00.0s

running (0m20.0s), 50/75 VUs, 667 complete and 0 interrupted iterations
default   [   8% ] 50/75 VUs  0m20.0s/4m00.0s

running (0m21.0s), 52/75 VUs, 700 complete and 0 interrupted iterations
default   [   9% ] 52/75 VUs  0m21.0s/4m00.0s

running (0m22.0s), 55/75 VUs, 735 complete and 0 interrupted iterations
default   [   9% ] 55/75 VUs  0m22.0s/4m00.0s

running (0m23.0s), 57/75 VUs, 767 complete and 0 interrupted iterations
default   [  10% ] 57/75 VUs  0m23.0s/4m00.0s

running (0m24.0s), 60/75 VUs, 803 complete and 0 interrupted iterations
default   [  10% ] 60/75 VUs  0m24.0s/4m00.0s

running (0m25.0s), 62/75 VUs, 835 complete and 0 interrupted iterations
default   [  10% ] 62/75 VUs  0m25.0s/4m00.0s

running (0m26.0s), 65/75 VUs, 870 complete and 0 interrupted iterations
default   [  11% ] 65/75 VUs  0m26.0s/4m00.0s

running (0m27.0s), 67/75 VUs, 904 complete and 0 interrupted iterations
default   [  11% ] 67/75 VUs  0m27.0s/4m00.0s

running (0m28.0s), 69/75 VUs, 937 complete and 0 interrupted iterations
default   [  12% ] 69/75 VUs  0m28.0s/4m00.0s

running (0m29.0s), 72/75 VUs, 972 complete and 0 interrupted iterations
default   [  12% ] 72/75 VUs  0m29.0s/4m00.0s

running (0m30.0s), 74/75 VUs, 1005 complete and 0 interrupted iterations
default   [  12% ] 74/75 VUs  0m30.0s/4m00.0s

running (0m31.0s), 75/75 VUs, 1039 complete and 0 interrupted iterations
default   [  13% ] 75/75 VUs  0m31.0s/4m00.0s

running (0m32.0s), 75/75 VUs, 1073 complete and 0 interrupted iterations
default   [  13% ] 75/75 VUs  0m32.0s/4m00.0s

running (0m33.0s), 75/75 VUs, 1107 complete and 0 interrupted iterations
default   [  14% ] 75/75 VUs  0m33.0s/4m00.0s

running (0m34.0s), 75/75 VUs, 1141 complete and 0 interrupted iterations
default   [  14% ] 75/75 VUs  0m34.0s/4m00.0s

running (0m35.0s), 75/75 VUs, 1175 complete and 0 interrupted iterations
default   [  15% ] 75/75 VUs  0m35.0s/4m00.0s

running (0m36.0s), 75/75 VUs, 1209 complete and 0 interrupted iterations
default   [  15% ] 75/75 VUs  0m36.0s/4m00.0s

running (0m37.0s), 75/75 VUs, 1243 complete and 0 interrupted iterations
default   [  15% ] 75/75 VUs  0m37.0s/4m00.0s

running (0m38.0s), 75/75 VUs, 1276 complete and 0 interrupted iterations
default   [  16% ] 75/75 VUs  0m38.0s/4m00.0s

running (0m39.0s), 75/75 VUs, 1310 complete and 0 interrupted iterations
default   [  16% ] 75/75 VUs  0m39.0s/4m00.0s

running (0m40.0s), 75/75 VUs, 1344 complete and 0 interrupted iterations
default   [  17% ] 75/75 VUs  0m40.0s/4m00.0s

running (0m41.0s), 75/75 VUs, 1378 complete and 0 interrupted iterations
default   [  17% ] 75/75 VUs  0m41.0s/4m00.0s

running (0m42.0s), 75/75 VUs, 1411 complete and 0 interrupted iterations
default   [  17% ] 75/75 VUs  0m42.0s/4m00.0s

running (0m43.0s), 75/75 VUs, 1446 complete and 0 interrupted iterations
default   [  18% ] 75/75 VUs  0m43.0s/4m00.0s

running (0m44.0s), 75/75 VUs, 1480 complete and 0 interrupted iterations
default   [  18% ] 75/75 VUs  0m44.0s/4m00.0s

running (0m45.0s), 75/75 VUs, 1514 complete and 0 interrupted iterations
default   [  19% ] 75/75 VUs  0m45.0s/4m00.0s

running (0m46.0s), 75/75 VUs, 1546 complete and 0 interrupted iterations
default   [  19% ] 75/75 VUs  0m46.0s/4m00.0s

running (0m47.0s), 75/75 VUs, 1581 complete and 0 interrupted iterations
default   [  20% ] 75/75 VUs  0m47.0s/4m00.0s

running (0m48.0s), 75/75 VUs, 1614 complete and 0 interrupted iterations
default   [  20% ] 75/75 VUs  0m48.0s/4m00.0s

running (0m49.0s), 75/75 VUs, 1649 complete and 0 interrupted iterations
default   [  20% ] 75/75 VUs  0m49.0s/4m00.0s

running (0m50.0s), 75/75 VUs, 1682 complete and 0 interrupted iterations
default   [  21% ] 75/75 VUs  0m50.0s/4m00.0s

running (0m51.0s), 75/75 VUs, 1717 complete and 0 interrupted iterations
default   [  21% ] 75/75 VUs  0m51.0s/4m00.0s

running (0m52.0s), 75/75 VUs, 1750 complete and 0 interrupted iterations
default   [  22% ] 75/75 VUs  0m52.0s/4m00.0s

running (0m53.0s), 75/75 VUs, 1785 complete and 0 interrupted iterations
default   [  22% ] 75/75 VUs  0m53.0s/4m00.0s

running (0m54.0s), 75/75 VUs, 1818 complete and 0 interrupted iterations
default   [  22% ] 75/75 VUs  0m54.0s/4m00.0s

running (0m55.0s), 75/75 VUs, 1851 complete and 0 interrupted iterations
default   [  23% ] 75/75 VUs  0m55.0s/4m00.0s

running (0m56.0s), 75/75 VUs, 1886 complete and 0 interrupted iterations
default   [  23% ] 75/75 VUs  0m56.0s/4m00.0s

running (0m57.0s), 75/75 VUs, 1919 complete and 0 interrupted iterations
default   [  24% ] 75/75 VUs  0m57.0s/4m00.0s

running (0m58.0s), 75/75 VUs, 1953 complete and 0 interrupted iterations
default   [  24% ] 75/75 VUs  0m58.0s/4m00.0s

running (0m59.0s), 75/75 VUs, 1987 complete and 0 interrupted iterations
default   [  25% ] 75/75 VUs  0m59.0s/4m00.0s

running (1m00.0s), 75/75 VUs, 2021 complete and 0 interrupted iterations
default   [  25% ] 75/75 VUs  1m00.0s/4m00.0s

running (1m01.0s), 75/75 VUs, 2055 complete and 0 interrupted iterations
default   [  25% ] 75/75 VUs  1m01.0s/4m00.0s

running (1m02.0s), 75/75 VUs, 2089 complete and 0 interrupted iterations
default   [  26% ] 75/75 VUs  1m02.0s/4m00.0s

running (1m03.0s), 75/75 VUs, 2123 complete and 0 interrupted iterations
default   [  26% ] 75/75 VUs  1m03.0s/4m00.0s

running (1m04.0s), 75/75 VUs, 2157 complete and 0 interrupted iterations
default   [  27% ] 75/75 VUs  1m04.0s/4m00.0s

running (1m05.0s), 75/75 VUs, 2191 complete and 0 interrupted iterations
default   [  27% ] 75/75 VUs  1m05.0s/4m00.0s

running (1m06.0s), 75/75 VUs, 2225 complete and 0 interrupted iterations
default   [  27% ] 75/75 VUs  1m06.0s/4m00.0s

running (1m07.0s), 75/75 VUs, 2259 complete and 0 interrupted iterations
default   [  28% ] 75/75 VUs  1m07.0s/4m00.0s

running (1m08.0s), 75/75 VUs, 2291 complete and 0 interrupted iterations
default   [  28% ] 75/75 VUs  1m08.0s/4m00.0s

running (1m09.0s), 75/75 VUs, 2326 complete and 0 interrupted iterations
default   [  29% ] 75/75 VUs  1m09.0s/4m00.0s

running (1m10.0s), 75/75 VUs, 2359 complete and 0 interrupted iterations
default   [  29% ] 75/75 VUs  1m10.0s/4m00.0s

running (1m11.0s), 75/75 VUs, 2393 complete and 0 interrupted iterations
default   [  30% ] 75/75 VUs  1m11.0s/4m00.0s

running (1m12.0s), 75/75 VUs, 2427 complete and 0 interrupted iterations
default   [  30% ] 75/75 VUs  1m12.0s/4m00.0s

running (1m13.0s), 75/75 VUs, 2461 complete and 0 interrupted iterations
default   [  30% ] 75/75 VUs  1m13.0s/4m00.0s

running (1m14.0s), 75/75 VUs, 2495 complete and 0 interrupted iterations
default   [  31% ] 75/75 VUs  1m14.0s/4m00.0s

running (1m15.0s), 75/75 VUs, 2529 complete and 0 interrupted iterations
default   [  31% ] 75/75 VUs  1m15.0s/4m00.0s

running (1m16.0s), 75/75 VUs, 2563 complete and 0 interrupted iterations
default   [  32% ] 75/75 VUs  1m16.0s/4m00.0s

running (1m17.0s), 75/75 VUs, 2597 complete and 0 interrupted iterations
default   [  32% ] 75/75 VUs  1m17.0s/4m00.0s

running (1m18.0s), 75/75 VUs, 2631 complete and 0 interrupted iterations
default   [  32% ] 75/75 VUs  1m18.0s/4m00.0s

running (1m19.0s), 75/75 VUs, 2665 complete and 0 interrupted iterations
default   [  33% ] 75/75 VUs  1m19.0s/4m00.0s

running (1m20.0s), 75/75 VUs, 2699 complete and 0 interrupted iterations
default   [  33% ] 75/75 VUs  1m20.0s/4m00.0s

running (1m21.0s), 75/75 VUs, 2733 complete and 0 interrupted iterations
default   [  34% ] 75/75 VUs  1m21.0s/4m00.0s

running (1m22.0s), 75/75 VUs, 2767 complete and 0 interrupted iterations
default   [  34% ] 75/75 VUs  1m22.0s/4m00.0s

running (1m23.0s), 75/75 VUs, 2799 complete and 0 interrupted iterations
default   [  35% ] 75/75 VUs  1m23.0s/4m00.0s

running (1m24.0s), 75/75 VUs, 2835 complete and 0 interrupted iterations
default   [  35% ] 75/75 VUs  1m24.0s/4m00.0s

running (1m25.0s), 75/75 VUs, 2867 complete and 0 interrupted iterations
default   [  35% ] 75/75 VUs  1m25.0s/4m00.0s

running (1m26.0s), 75/75 VUs, 2903 complete and 0 interrupted iterations
default   [  36% ] 75/75 VUs  1m26.0s/4m00.0s

running (1m27.0s), 75/75 VUs, 2935 complete and 0 interrupted iterations
default   [  36% ] 75/75 VUs  1m27.0s/4m00.0s

running (1m28.0s), 75/75 VUs, 2968 complete and 0 interrupted iterations
default   [  37% ] 75/75 VUs  1m28.0s/4m00.0s

running (1m29.0s), 75/75 VUs, 3003 complete and 0 interrupted iterations
default   [  37% ] 75/75 VUs  1m29.0s/4m00.0s

running (1m30.0s), 75/75 VUs, 3036 complete and 0 interrupted iterations
default   [  37% ] 75/75 VUs  1m30.0s/4m00.0s

running (1m31.0s), 75/75 VUs, 3071 complete and 0 interrupted iterations
default   [  38% ] 75/75 VUs  1m31.0s/4m00.0s

running (1m32.0s), 75/75 VUs, 3104 complete and 0 interrupted iterations
default   [  38% ] 75/75 VUs  1m32.0s/4m00.0s

running (1m33.0s), 75/75 VUs, 3139 complete and 0 interrupted iterations
default   [  39% ] 75/75 VUs  1m33.0s/4m00.0s

running (1m34.0s), 75/75 VUs, 3171 complete and 0 interrupted iterations
default   [  39% ] 75/75 VUs  1m34.0s/4m00.0s

running (1m35.0s), 75/75 VUs, 3206 complete and 0 interrupted iterations
default   [  40% ] 75/75 VUs  1m35.0s/4m00.0s

running (1m36.0s), 75/75 VUs, 3239 complete and 0 interrupted iterations
default   [  40% ] 75/75 VUs  1m36.0s/4m00.0s

running (1m37.0s), 75/75 VUs, 3274 complete and 0 interrupted iterations
default   [  40% ] 75/75 VUs  1m37.0s/4m00.0s

running (1m38.0s), 75/75 VUs, 3307 complete and 0 interrupted iterations
default   [  41% ] 75/75 VUs  1m38.0s/4m00.0s

running (1m39.0s), 75/75 VUs, 3342 complete and 0 interrupted iterations
default   [  41% ] 75/75 VUs  1m39.0s/4m00.0s

running (1m40.0s), 75/75 VUs, 3375 complete and 0 interrupted iterations
default   [  42% ] 75/75 VUs  1m40.0s/4m00.0s

running (1m41.0s), 75/75 VUs, 3410 complete and 0 interrupted iterations
default   [  42% ] 75/75 VUs  1m41.0s/4m00.0s

running (1m42.0s), 75/75 VUs, 3443 complete and 0 interrupted iterations
default   [  42% ] 75/75 VUs  1m42.0s/4m00.0s

running (1m43.0s), 75/75 VUs, 3478 complete and 0 interrupted iterations
default   [  43% ] 75/75 VUs  1m43.0s/4m00.0s

running (1m44.0s), 75/75 VUs, 3511 complete and 0 interrupted iterations
default   [  43% ] 75/75 VUs  1m44.0s/4m00.0s

running (1m45.0s), 75/75 VUs, 3545 complete and 0 interrupted iterations
default   [  44% ] 75/75 VUs  1m45.0s/4m00.0s

running (1m46.0s), 75/75 VUs, 3578 complete and 0 interrupted iterations
default   [  44% ] 75/75 VUs  1m46.0s/4m00.0s

running (1m47.0s), 75/75 VUs, 3613 complete and 0 interrupted iterations
default   [  45% ] 75/75 VUs  1m47.0s/4m00.0s

running (1m48.0s), 75/75 VUs, 3646 complete and 0 interrupted iterations
default   [  45% ] 75/75 VUs  1m48.0s/4m00.0s

running (1m49.0s), 75/75 VUs, 3680 complete and 0 interrupted iterations
default   [  45% ] 75/75 VUs  1m49.0s/4m00.0s

running (1m50.0s), 75/75 VUs, 3714 complete and 0 interrupted iterations
default   [  46% ] 75/75 VUs  1m50.0s/4m00.0s

running (1m51.0s), 75/75 VUs, 3748 complete and 0 interrupted iterations
default   [  46% ] 75/75 VUs  1m51.0s/4m00.0s

running (1m52.0s), 75/75 VUs, 3782 complete and 0 interrupted iterations
default   [  47% ] 75/75 VUs  1m52.0s/4m00.0s

running (1m53.0s), 75/75 VUs, 3814 complete and 0 interrupted iterations
default   [  47% ] 75/75 VUs  1m53.0s/4m00.0s

running (1m54.0s), 75/75 VUs, 3850 complete and 0 interrupted iterations
default   [  47% ] 75/75 VUs  1m54.0s/4m00.0s

running (1m55.0s), 75/75 VUs, 3882 complete and 0 interrupted iterations
default   [  48% ] 75/75 VUs  1m55.0s/4m00.0s

running (1m56.0s), 75/75 VUs, 3918 complete and 0 interrupted iterations
default   [  48% ] 75/75 VUs  1m56.0s/4m00.0s

running (1m57.0s), 75/75 VUs, 3950 complete and 0 interrupted iterations
default   [  49% ] 75/75 VUs  1m57.0s/4m00.0s

running (1m58.0s), 75/75 VUs, 3986 complete and 0 interrupted iterations
default   [  49% ] 75/75 VUs  1m58.0s/4m00.0s

running (1m59.0s), 75/75 VUs, 4018 complete and 0 interrupted iterations
default   [  50% ] 75/75 VUs  1m59.0s/4m00.0s

running (2m00.0s), 75/75 VUs, 4054 complete and 0 interrupted iterations
default   [  50% ] 75/75 VUs  2m00.0s/4m00.0s

running (2m01.0s), 75/75 VUs, 4086 complete and 0 interrupted iterations
default   [  50% ] 75/75 VUs  2m01.0s/4m00.0s

running (2m02.0s), 75/75 VUs, 4121 complete and 0 interrupted iterations
default   [  51% ] 75/75 VUs  2m02.0s/4m00.0s

running (2m03.0s), 75/75 VUs, 4154 complete and 0 interrupted iterations
default   [  51% ] 75/75 VUs  2m03.0s/4m00.0s

running (2m04.0s), 75/75 VUs, 4188 complete and 0 interrupted iterations
default   [  52% ] 75/75 VUs  2m04.0s/4m00.0s

running (2m05.0s), 75/75 VUs, 4222 complete and 0 interrupted iterations
default   [  52% ] 75/75 VUs  2m05.0s/4m00.0s

running (2m06.0s), 75/75 VUs, 4256 complete and 0 interrupted iterations
default   [  52% ] 75/75 VUs  2m06.0s/4m00.0s

running (2m07.0s), 75/75 VUs, 4290 complete and 0 interrupted iterations
default   [  53% ] 75/75 VUs  2m07.0s/4m00.0s

running (2m08.0s), 75/75 VUs, 4324 complete and 0 interrupted iterations
default   [  53% ] 75/75 VUs  2m08.0s/4m00.0s

running (2m09.0s), 75/75 VUs, 4358 complete and 0 interrupted iterations
default   [  54% ] 75/75 VUs  2m09.0s/4m00.0s

running (2m10.0s), 75/75 VUs, 4392 complete and 0 interrupted iterations
default   [  54% ] 75/75 VUs  2m10.0s/4m00.0s

running (2m11.0s), 75/75 VUs, 4425 complete and 0 interrupted iterations
default   [  55% ] 75/75 VUs  2m11.0s/4m00.0s

running (2m12.0s), 75/75 VUs, 4460 complete and 0 interrupted iterations
default   [  55% ] 75/75 VUs  2m12.0s/4m00.0s

running (2m13.0s), 75/75 VUs, 4492 complete and 0 interrupted iterations
default   [  55% ] 75/75 VUs  2m13.0s/4m00.0s

running (2m14.0s), 75/75 VUs, 4528 complete and 0 interrupted iterations
default   [  56% ] 75/75 VUs  2m14.0s/4m00.0s

running (2m15.0s), 75/75 VUs, 4560 complete and 0 interrupted iterations
default   [  56% ] 75/75 VUs  2m15.0s/4m00.0s

running (2m16.0s), 75/75 VUs, 4596 complete and 0 interrupted iterations
default   [  57% ] 75/75 VUs  2m16.0s/4m00.0s

running (2m17.0s), 75/75 VUs, 4628 complete and 0 interrupted iterations
default   [  57% ] 75/75 VUs  2m17.0s/4m00.0s

running (2m18.0s), 75/75 VUs, 4663 complete and 0 interrupted iterations
default   [  57% ] 75/75 VUs  2m18.0s/4m00.0s

running (2m19.0s), 75/75 VUs, 4696 complete and 0 interrupted iterations
default   [  58% ] 75/75 VUs  2m19.0s/4m00.0s

running (2m20.0s), 75/75 VUs, 4729 complete and 0 interrupted iterations
default   [  58% ] 75/75 VUs  2m20.0s/4m00.0s

running (2m21.0s), 75/75 VUs, 4764 complete and 0 interrupted iterations
default   [  59% ] 75/75 VUs  2m21.0s/4m00.0s

running (2m22.0s), 75/75 VUs, 4797 complete and 0 interrupted iterations
default   [  59% ] 75/75 VUs  2m22.0s/4m00.0s

running (2m23.0s), 75/75 VUs, 4832 complete and 0 interrupted iterations
default   [  60% ] 75/75 VUs  2m23.0s/4m00.0s

running (2m24.0s), 75/75 VUs, 4865 complete and 0 interrupted iterations
default   [  60% ] 75/75 VUs  2m24.0s/4m00.0s

running (2m25.0s), 75/75 VUs, 4900 complete and 0 interrupted iterations
default   [  60% ] 75/75 VUs  2m25.0s/4m00.0s

running (2m26.0s), 75/75 VUs, 4933 complete and 0 interrupted iterations
default   [  61% ] 75/75 VUs  2m26.0s/4m00.0s

running (2m27.0s), 75/75 VUs, 4967 complete and 0 interrupted iterations
default   [  61% ] 75/75 VUs  2m27.0s/4m00.0s

running (2m28.0s), 75/75 VUs, 5001 complete and 0 interrupted iterations
default   [  62% ] 75/75 VUs  2m28.0s/4m00.0s

running (2m29.0s), 75/75 VUs, 5035 complete and 0 interrupted iterations
default   [  62% ] 75/75 VUs  2m29.0s/4m00.0s

running (2m30.0s), 75/75 VUs, 5068 complete and 0 interrupted iterations
default   [  62% ] 75/75 VUs  2m30.0s/4m00.0s

running (2m31.0s), 75/75 VUs, 5103 complete and 0 interrupted iterations
default   [  63% ] 75/75 VUs  2m31.0s/4m00.0s

running (2m32.0s), 75/75 VUs, 5136 complete and 0 interrupted iterations
default   [  63% ] 75/75 VUs  2m32.0s/4m00.0s

running (2m33.0s), 75/75 VUs, 5170 complete and 0 interrupted iterations
default   [  64% ] 75/75 VUs  2m33.0s/4m00.0s

running (2m34.0s), 75/75 VUs, 5204 complete and 0 interrupted iterations
default   [  64% ] 75/75 VUs  2m34.0s/4m00.0s

running (2m35.0s), 75/75 VUs, 5238 complete and 0 interrupted iterations
default   [  65% ] 75/75 VUs  2m35.0s/4m00.0s

running (2m36.0s), 75/75 VUs, 5272 complete and 0 interrupted iterations
default   [  65% ] 75/75 VUs  2m36.0s/4m00.0s

running (2m37.0s), 75/75 VUs, 5305 complete and 0 interrupted iterations
default   [  65% ] 75/75 VUs  2m37.0s/4m00.0s

running (2m38.0s), 75/75 VUs, 5340 complete and 0 interrupted iterations
default   [  66% ] 75/75 VUs  2m38.0s/4m00.0s

running (2m39.0s), 75/75 VUs, 5372 complete and 0 interrupted iterations
default   [  66% ] 75/75 VUs  2m39.0s/4m00.0s

running (2m40.0s), 75/75 VUs, 5408 complete and 0 interrupted iterations
default   [  67% ] 75/75 VUs  2m40.0s/4m00.0s

running (2m41.0s), 75/75 VUs, 5440 complete and 0 interrupted iterations
default   [  67% ] 75/75 VUs  2m41.0s/4m00.0s

running (2m42.0s), 75/75 VUs, 5475 complete and 0 interrupted iterations
default   [  67% ] 75/75 VUs  2m42.0s/4m00.0s

running (2m43.0s), 75/75 VUs, 5508 complete and 0 interrupted iterations
default   [  68% ] 75/75 VUs  2m43.0s/4m00.0s

running (2m44.0s), 75/75 VUs, 5542 complete and 0 interrupted iterations
default   [  68% ] 75/75 VUs  2m44.0s/4m00.0s

running (2m45.0s), 75/75 VUs, 5576 complete and 0 interrupted iterations
default   [  69% ] 75/75 VUs  2m45.0s/4m00.0s

running (2m46.0s), 75/75 VUs, 5610 complete and 0 interrupted iterations
default   [  69% ] 75/75 VUs  2m46.0s/4m00.0s

running (2m47.0s), 75/75 VUs, 5644 complete and 0 interrupted iterations
default   [  70% ] 75/75 VUs  2m47.0s/4m00.0s

running (2m48.0s), 75/75 VUs, 5678 complete and 0 interrupted iterations
default   [  70% ] 75/75 VUs  2m48.0s/4m00.0s

running (2m49.0s), 75/75 VUs, 5712 complete and 0 interrupted iterations
default   [  70% ] 75/75 VUs  2m49.0s/4m00.0s

running (2m50.0s), 75/75 VUs, 5745 complete and 0 interrupted iterations
default   [  71% ] 75/75 VUs  2m50.0s/4m00.0s

running (2m51.0s), 75/75 VUs, 5780 complete and 0 interrupted iterations
default   [  71% ] 75/75 VUs  2m51.0s/4m00.0s

running (2m52.0s), 75/75 VUs, 5813 complete and 0 interrupted iterations
default   [  72% ] 75/75 VUs  2m52.0s/4m00.0s

running (2m53.0s), 75/75 VUs, 5847 complete and 0 interrupted iterations
default   [  72% ] 75/75 VUs  2m53.0s/4m00.0s

running (2m54.0s), 75/75 VUs, 5881 complete and 0 interrupted iterations
default   [  72% ] 75/75 VUs  2m54.0s/4m00.0s

running (2m55.0s), 75/75 VUs, 5914 complete and 0 interrupted iterations
default   [  73% ] 75/75 VUs  2m55.0s/4m00.0s

running (2m56.0s), 75/75 VUs, 5949 complete and 0 interrupted iterations
default   [  73% ] 75/75 VUs  2m56.0s/4m00.0s

running (2m57.0s), 75/75 VUs, 5982 complete and 0 interrupted iterations
default   [  74% ] 75/75 VUs  2m57.0s/4m00.0s

running (2m58.0s), 75/75 VUs, 6017 complete and 0 interrupted iterations
default   [  74% ] 75/75 VUs  2m58.0s/4m00.0s

running (2m59.0s), 75/75 VUs, 6050 complete and 0 interrupted iterations
default   [  75% ] 75/75 VUs  2m59.0s/4m00.0s

running (3m00.0s), 75/75 VUs, 6085 complete and 0 interrupted iterations
default   [  75% ] 75/75 VUs  3m00.0s/4m00.0s

running (3m01.0s), 75/75 VUs, 6117 complete and 0 interrupted iterations
default   [  75% ] 75/75 VUs  3m01.0s/4m00.0s

running (3m02.0s), 75/75 VUs, 6153 complete and 0 interrupted iterations
default   [  76% ] 75/75 VUs  3m02.0s/4m00.0s

running (3m03.0s), 75/75 VUs, 6185 complete and 0 interrupted iterations
default   [  76% ] 75/75 VUs  3m03.0s/4m00.0s

running (3m04.0s), 75/75 VUs, 6219 complete and 0 interrupted iterations
default   [  77% ] 75/75 VUs  3m04.0s/4m00.0s

running (3m05.0s), 75/75 VUs, 6253 complete and 0 interrupted iterations
default   [  77% ] 75/75 VUs  3m05.0s/4m00.0s

running (3m06.0s), 75/75 VUs, 6288 complete and 0 interrupted iterations
default   [  77% ] 75/75 VUs  3m06.0s/4m00.0s

running (3m07.0s), 75/75 VUs, 6321 complete and 0 interrupted iterations
default   [  78% ] 75/75 VUs  3m07.0s/4m00.0s

running (3m08.0s), 75/75 VUs, 6355 complete and 0 interrupted iterations
default   [  78% ] 75/75 VUs  3m08.0s/4m00.0s

running (3m09.0s), 75/75 VUs, 6389 complete and 0 interrupted iterations
default   [  79% ] 75/75 VUs  3m09.0s/4m00.0s

running (3m10.0s), 75/75 VUs, 6422 complete and 0 interrupted iterations
default   [  79% ] 75/75 VUs  3m10.0s/4m00.0s

running (3m11.0s), 75/75 VUs, 6457 complete and 0 interrupted iterations
default   [  80% ] 75/75 VUs  3m11.0s/4m00.0s

running (3m12.0s), 75/75 VUs, 6490 complete and 0 interrupted iterations
default   [  80% ] 75/75 VUs  3m12.0s/4m00.0s

running (3m13.0s), 75/75 VUs, 6525 complete and 0 interrupted iterations
default   [  80% ] 75/75 VUs  3m13.0s/4m00.0s

running (3m14.0s), 75/75 VUs, 6558 complete and 0 interrupted iterations
default   [  81% ] 75/75 VUs  3m14.0s/4m00.0s

running (3m15.0s), 75/75 VUs, 6593 complete and 0 interrupted iterations
default   [  81% ] 75/75 VUs  3m15.0s/4m00.0s

running (3m16.0s), 75/75 VUs, 6626 complete and 0 interrupted iterations
default   [  82% ] 75/75 VUs  3m16.0s/4m00.0s

running (3m17.0s), 75/75 VUs, 6661 complete and 0 interrupted iterations
default   [  82% ] 75/75 VUs  3m17.0s/4m00.0s

running (3m18.0s), 75/75 VUs, 6694 complete and 0 interrupted iterations
default   [  82% ] 75/75 VUs  3m18.0s/4m00.0s

running (3m19.0s), 75/75 VUs, 6728 complete and 0 interrupted iterations
default   [  83% ] 75/75 VUs  3m19.0s/4m00.0s

running (3m20.0s), 75/75 VUs, 6761 complete and 0 interrupted iterations
default   [  83% ] 75/75 VUs  3m20.0s/4m00.0s

running (3m21.0s), 75/75 VUs, 6796 complete and 0 interrupted iterations
default   [  84% ] 75/75 VUs  3m21.0s/4m00.0s

running (3m22.0s), 75/75 VUs, 6829 complete and 0 interrupted iterations
default   [  84% ] 75/75 VUs  3m22.0s/4m00.0s

running (3m23.0s), 75/75 VUs, 6864 complete and 0 interrupted iterations
default   [  85% ] 75/75 VUs  3m23.0s/4m00.0s

running (3m24.0s), 75/75 VUs, 6897 complete and 0 interrupted iterations
default   [  85% ] 75/75 VUs  3m24.0s/4m00.0s

running (3m25.0s), 75/75 VUs, 6931 complete and 0 interrupted iterations
default   [  85% ] 75/75 VUs  3m25.0s/4m00.0s

running (3m26.0s), 75/75 VUs, 6965 complete and 0 interrupted iterations
default   [  86% ] 75/75 VUs  3m26.0s/4m00.0s

running (3m27.0s), 75/75 VUs, 6998 complete and 0 interrupted iterations
default   [  86% ] 75/75 VUs  3m27.0s/4m00.0s

running (3m28.0s), 75/75 VUs, 7033 complete and 0 interrupted iterations
default   [  87% ] 75/75 VUs  3m28.0s/4m00.0s

running (3m29.0s), 75/75 VUs, 7066 complete and 0 interrupted iterations
default   [  87% ] 75/75 VUs  3m29.0s/4m00.0s

running (3m30.0s), 75/75 VUs, 7101 complete and 0 interrupted iterations
default   [  87% ] 75/75 VUs  3m30.0s/4m00.0s

running (3m31.0s), 75/75 VUs, 7134 complete and 0 interrupted iterations
default   [  88% ] 75/75 VUs  3m31.0s/4m00.0s

running (3m32.0s), 72/75 VUs, 7169 complete and 0 interrupted iterations
default   [  88% ] 72/75 VUs  3m32.0s/4m00.0s

running (3m33.0s), 70/75 VUs, 7201 complete and 0 interrupted iterations
default   [  89% ] 70/75 VUs  3m33.0s/4m00.0s

running (3m34.0s), 66/75 VUs, 7237 complete and 0 interrupted iterations
default   [  89% ] 66/75 VUs  3m34.0s/4m00.0s

running (3m35.0s), 66/75 VUs, 7269 complete and 0 interrupted iterations
default   [  90% ] 66/75 VUs  3m35.0s/4m00.0s

running (3m36.0s), 62/75 VUs, 7304 complete and 0 interrupted iterations
default   [  90% ] 62/75 VUs  3m36.0s/4m00.0s

running (3m37.0s), 60/75 VUs, 7337 complete and 0 interrupted iterations
default   [  90% ] 60/75 VUs  3m37.0s/4m00.0s

running (3m38.0s), 58/75 VUs, 7371 complete and 0 interrupted iterations
default   [  91% ] 58/75 VUs  3m38.0s/4m00.0s

running (3m39.0s), 56/75 VUs, 7405 complete and 0 interrupted iterations
default   [  91% ] 56/75 VUs  3m39.0s/4m00.0s

running (3m40.0s), 53/75 VUs, 7437 complete and 0 interrupted iterations
default   [  92% ] 53/75 VUs  3m40.0s/4m00.0s

running (3m41.0s), 50/75 VUs, 7473 complete and 0 interrupted iterations
default   [  92% ] 50/75 VUs  3m41.0s/4m00.0s

running (3m42.0s), 47/75 VUs, 7505 complete and 0 interrupted iterations
default   [  92% ] 47/75 VUs  3m42.0s/4m00.0s

running (3m43.0s), 45/75 VUs, 7541 complete and 0 interrupted iterations
default   [  93% ] 45/75 VUs  3m43.0s/4m00.0s

running (3m44.0s), 44/75 VUs, 7573 complete and 0 interrupted iterations
default   [  93% ] 44/75 VUs  3m44.0s/4m00.0s

running (3m45.0s), 38/75 VUs, 7609 complete and 0 interrupted iterations
default   [  94% ] 38/75 VUs  3m45.0s/4m00.0s

running (3m46.0s), 38/75 VUs, 7641 complete and 0 interrupted iterations
default   [  94% ] 38/75 VUs  3m46.0s/4m00.0s

running (3m47.0s), 35/75 VUs, 7677 complete and 0 interrupted iterations
default   [  95% ] 35/75 VUs  3m47.0s/4m00.0s

running (3m48.0s), 32/75 VUs, 7709 complete and 0 interrupted iterations
default   [  95% ] 32/75 VUs  3m48.0s/4m00.0s

running (3m49.0s), 30/75 VUs, 7745 complete and 0 interrupted iterations
default   [  95% ] 30/75 VUs  3m49.0s/4m00.0s

running (3m50.0s), 28/75 VUs, 7777 complete and 0 interrupted iterations
default   [  96% ] 28/75 VUs  3m50.0s/4m00.0s

running (3m51.0s), 24/75 VUs, 7812 complete and 0 interrupted iterations
default   [  96% ] 24/75 VUs  3m51.0s/4m00.0s

running (3m52.0s), 21/75 VUs, 7845 complete and 0 interrupted iterations
default   [  97% ] 21/75 VUs  3m52.0s/4m00.0s

running (3m53.0s), 19/75 VUs, 7879 complete and 0 interrupted iterations
default   [  97% ] 19/75 VUs  3m53.0s/4m00.0s

running (3m54.0s), 17/75 VUs, 7913 complete and 0 interrupted iterations
default   [  97% ] 17/75 VUs  3m54.0s/4m00.0s

running (3m55.0s), 14/75 VUs, 7946 complete and 0 interrupted iterations
default   [  98% ] 14/75 VUs  3m55.0s/4m00.0s

running (3m56.0s), 11/75 VUs, 7981 complete and 0 interrupted iterations
default   [  98% ] 11/75 VUs  3m56.0s/4m00.0s

running (3m57.0s), 08/75 VUs, 8014 complete and 0 interrupted iterations
default   [  99% ] 08/75 VUs  3m57.0s/4m00.0s

running (3m58.0s), 06/75 VUs, 8049 complete and 0 interrupted iterations
default   [  99% ] 06/75 VUs  3m58.0s/4m00.0s

running (3m59.0s), 03/75 VUs, 8083 complete and 0 interrupted iterations
default   [ 100% ] 03/75 VUs  3m59.0s/4m00.0s

running (4m00.0s), 01/75 VUs, 8112 complete and 0 interrupted iterations
default   [ 100% ] 01/75 VUs  4m00.0s/4m00.0s


  █ THRESHOLDS 

    checks
    ✓ 'rate>0.95' rate=100.00%

    http_req_duration
    ✓ 'p(95)<5000' p(95)=2.6s
    ✓ 'p(99)<10000' p(99)=2.72s

    http_req_failed
    ✓ 'rate<0.05' rate=0.00%


  █ TOTAL RESULTS 

    checks_total.......: 32456   135.221727/s
    checks_succeeded...: 100.00% 32456 out of 32456
    checks_failed......: 0.00%   0 out of 32456

    ✓ status is 200
    ✓ content-type is json
    ✓ workloadType is CPU-BOUND
    ✓ executionTimeMs exists

    CUSTOM
    response_time_ms...............: min=56.776591 avg=1947.998195 med=2241.505356 max=4889.745178 p(90)=2487.971983 p(95)=2602.458127 p(99)=2723.946471
    successful_requests............: 8114   33.805432/s

    HTTP
    http_req_duration..............: min=56.77ms   avg=1.94s       med=2.24s       max=4.88s       p(90)=2.48s       p(95)=2.6s        p(99)=2.72s      
      { expected_response:true }...: min=56.77ms   avg=1.94s       med=2.24s       max=4.88s       p(90)=2.48s       p(95)=2.6s        p(99)=2.72s      
    http_req_failed................: 0.00%  0 out of 8114
    http_reqs......................: 8114   33.805432/s

    EXECUTION
    iteration_duration.............: min=56.95ms   avg=1.94s       med=2.24s       max=4.89s       p(90)=2.48s       p(95)=2.6s        p(99)=2.72s      
    iterations.....................: 8114   33.805432/s
    vus............................: 1      min=1         max=75
    vus_max........................: 75     min=75        max=75

    NETWORK
    data_received..................: 1.9 MB 7.8 kB/s
    data_sent......................: 649 kB 2.7 kB/s




running (4m00.0s), 00/75 VUs, 8114 complete and 0 interrupted iterations
default ✓ [ 100% ] 00/75 VUs  4m0s
