
         /\      Grafana   /‾‾/  
    /\  /  \     |\  __   /  /   
   /  \/    \    | |/ /  /   ‾‾\ 
  /          \   |   (  |  (‾)  |
 / __________ \  |_|\_\  \_____/ 


     execution: local
        script: io-bound-test.js
        output: -

     scenarios: (100.00%) 1 scenario, 200 max VUs, 4m30s max duration (incl. graceful stop):
              * default: Up to 200 looping VUs for 4m0s over 3 stages (gracefulRampDown: 30s, gracefulStop: 30s)


running (0m00.9s), 006/200 VUs, 56 complete and 0 interrupted iterations
default   [   0% ] 006/200 VUs  0m00.9s/4m00.0s

running (0m01.9s), 013/200 VUs, 246 complete and 0 interrupted iterations
default   [   1% ] 013/200 VUs  0m01.9s/4m00.0s

running (0m02.9s), 020/200 VUs, 562 complete and 0 interrupted iterations
default   [   1% ] 020/200 VUs  0m02.9s/4m00.0s

running (0m03.9s), 026/200 VUs, 1013 complete and 0 interrupted iterations
default   [   2% ] 026/200 VUs  0m03.9s/4m00.0s

running (0m04.9s), 033/200 VUs, 1586 complete and 0 interrupted iterations
default   [   2% ] 033/200 VUs  0m04.9s/4m00.0s

running (0m05.9s), 040/200 VUs, 2289 complete and 0 interrupted iterations
default   [   2% ] 040/200 VUs  0m05.9s/4m00.0s

running (0m06.9s), 046/200 VUs, 3110 complete and 0 interrupted iterations
default   [   3% ] 046/200 VUs  0m06.9s/4m00.0s

running (0m07.9s), 053/200 VUs, 4070 complete and 0 interrupted iterations
default   [   3% ] 053/200 VUs  0m07.9s/4m00.0s

running (0m08.9s), 060/200 VUs, 5048 complete and 0 interrupted iterations
default   [   4% ] 060/200 VUs  0m08.9s/4m00.0s

running (0m09.9s), 066/200 VUs, 6033 complete and 0 interrupted iterations
default   [   4% ] 066/200 VUs  0m09.9s/4m00.0s

running (0m10.9s), 073/200 VUs, 7021 complete and 0 interrupted iterations
default   [   5% ] 073/200 VUs  0m10.9s/4m00.0s

running (0m11.9s), 079/200 VUs, 7988 complete and 0 interrupted iterations
default   [   5% ] 079/200 VUs  0m11.9s/4m00.0s

running (0m12.9s), 086/200 VUs, 8971 complete and 0 interrupted iterations
default   [   5% ] 086/200 VUs  0m12.9s/4m00.0s

running (0m13.9s), 093/200 VUs, 9971 complete and 0 interrupted iterations
default   [   6% ] 093/200 VUs  0m13.9s/4m00.0s

running (0m14.9s), 099/200 VUs, 10921 complete and 0 interrupted iterations
default   [   6% ] 099/200 VUs  0m14.9s/4m00.0s

running (0m15.9s), 106/200 VUs, 11921 complete and 0 interrupted iterations
default   [   7% ] 106/200 VUs  0m15.9s/4m00.0s

running (0m16.9s), 113/200 VUs, 12892 complete and 0 interrupted iterations
default   [   7% ] 113/200 VUs  0m16.9s/4m00.0s

running (0m17.9s), 119/200 VUs, 13871 complete and 0 interrupted iterations
default   [   7% ] 119/200 VUs  0m17.9s/4m00.0s

running (0m18.9s), 126/200 VUs, 14871 complete and 0 interrupted iterations
default   [   8% ] 126/200 VUs  0m18.9s/4m00.0s

running (0m19.9s), 133/200 VUs, 15821 complete and 0 interrupted iterations
default   [   8% ] 133/200 VUs  0m19.9s/4m00.0s

running (0m20.9s), 139/200 VUs, 16821 complete and 0 interrupted iterations
default   [   9% ] 139/200 VUs  0m20.9s/4m00.0s

running (0m21.9s), 146/200 VUs, 17781 complete and 0 interrupted iterations
default   [   9% ] 146/200 VUs  0m21.9s/4m00.0s

running (0m22.9s), 152/200 VUs, 18771 complete and 0 interrupted iterations
default   [  10% ] 152/200 VUs  0m22.9s/4m00.0s

running (0m23.9s), 159/200 VUs, 19771 complete and 0 interrupted iterations
default   [  10% ] 159/200 VUs  0m23.9s/4m00.0s

running (0m24.9s), 166/200 VUs, 20721 complete and 0 interrupted iterations
default   [  10% ] 166/200 VUs  0m24.9s/4m00.0s

running (0m25.9s), 172/200 VUs, 21721 complete and 0 interrupted iterations
default   [  11% ] 172/200 VUs  0m25.9s/4m00.0s

running (0m26.9s), 179/200 VUs, 22671 complete and 0 interrupted iterations
default   [  11% ] 179/200 VUs  0m26.9s/4m00.0s

running (0m27.9s), 186/200 VUs, 23671 complete and 0 interrupted iterations
default   [  12% ] 186/200 VUs  0m27.9s/4m00.0s

running (0m28.9s), 192/200 VUs, 24659 complete and 0 interrupted iterations
default   [  12% ] 192/200 VUs  0m28.9s/4m00.0s

running (0m29.9s), 199/200 VUs, 25621 complete and 0 interrupted iterations
default   [  12% ] 199/200 VUs  0m29.9s/4m00.0s

running (0m30.9s), 200/200 VUs, 26621 complete and 0 interrupted iterations
default   [  13% ] 200/200 VUs  0m30.9s/4m00.0s

running (0m31.9s), 200/200 VUs, 27571 complete and 0 interrupted iterations
default   [  13% ] 200/200 VUs  0m31.9s/4m00.0s

running (0m32.9s), 200/200 VUs, 28571 complete and 0 interrupted iterations
default   [  14% ] 200/200 VUs  0m32.9s/4m00.0s

running (0m33.9s), 200/200 VUs, 29529 complete and 0 interrupted iterations
default   [  14% ] 200/200 VUs  0m33.9s/4m00.0s

running (0m34.9s), 200/200 VUs, 30521 complete and 0 interrupted iterations
default   [  15% ] 200/200 VUs  0m34.9s/4m00.0s

running (0m35.9s), 200/200 VUs, 31517 complete and 0 interrupted iterations
default   [  15% ] 200/200 VUs  0m35.9s/4m00.0s

running (0m36.9s), 200/200 VUs, 32471 complete and 0 interrupted iterations
default   [  15% ] 200/200 VUs  0m36.9s/4m00.0s

running (0m37.9s), 200/200 VUs, 33471 complete and 0 interrupted iterations
default   [  16% ] 200/200 VUs  0m37.9s/4m00.0s

running (0m38.9s), 200/200 VUs, 34421 complete and 0 interrupted iterations
default   [  16% ] 200/200 VUs  0m38.9s/4m00.0s

running (0m39.9s), 200/200 VUs, 35421 complete and 0 interrupted iterations
default   [  17% ] 200/200 VUs  0m39.9s/4m00.0s

running (0m40.9s), 200/200 VUs, 36404 complete and 0 interrupted iterations
default   [  17% ] 200/200 VUs  0m40.9s/4m00.0s

running (0m41.9s), 200/200 VUs, 37371 complete and 0 interrupted iterations
default   [  17% ] 200/200 VUs  0m41.9s/4m00.0s

running (0m42.9s), 200/200 VUs, 38353 complete and 0 interrupted iterations
default   [  18% ] 200/200 VUs  0m42.9s/4m00.0s

running (0m43.9s), 200/200 VUs, 39321 complete and 0 interrupted iterations
default   [  18% ] 200/200 VUs  0m43.9s/4m00.0s

running (0m44.9s), 200/200 VUs, 40321 complete and 0 interrupted iterations
default   [  19% ] 200/200 VUs  0m44.9s/4m00.0s

running (0m45.9s), 200/200 VUs, 41292 complete and 0 interrupted iterations
default   [  19% ] 200/200 VUs  0m45.9s/4m00.0s

running (0m46.9s), 200/200 VUs, 42271 complete and 0 interrupted iterations
default   [  20% ] 200/200 VUs  0m46.9s/4m00.0s

running (0m47.9s), 200/200 VUs, 43255 complete and 0 interrupted iterations
default   [  20% ] 200/200 VUs  0m47.9s/4m00.0s

running (0m48.9s), 200/200 VUs, 44221 complete and 0 interrupted iterations
default   [  20% ] 200/200 VUs  0m48.9s/4m00.0s

running (0m49.9s), 200/200 VUs, 45221 complete and 0 interrupted iterations
default   [  21% ] 200/200 VUs  0m49.9s/4m00.0s

running (0m50.9s), 200/200 VUs, 46171 complete and 0 interrupted iterations
default   [  21% ] 200/200 VUs  0m50.9s/4m00.0s

running (0m51.9s), 200/200 VUs, 47171 complete and 0 interrupted iterations
default   [  22% ] 200/200 VUs  0m51.9s/4m00.0s

running (0m52.9s), 200/200 VUs, 48165 complete and 0 interrupted iterations
default   [  22% ] 200/200 VUs  0m52.9s/4m00.0s

running (0m53.9s), 200/200 VUs, 49121 complete and 0 interrupted iterations
default   [  22% ] 200/200 VUs  0m53.9s/4m00.0s

running (0m54.9s), 200/200 VUs, 50121 complete and 0 interrupted iterations
default   [  23% ] 200/200 VUs  0m54.9s/4m00.0s

running (0m55.9s), 200/200 VUs, 51071 complete and 0 interrupted iterations
default   [  23% ] 200/200 VUs  0m55.9s/4m00.0s

running (0m56.9s), 200/200 VUs, 52071 complete and 0 interrupted iterations
default   [  24% ] 200/200 VUs  0m56.9s/4m00.0s

running (0m57.9s), 200/200 VUs, 53071 complete and 0 interrupted iterations
default   [  24% ] 200/200 VUs  0m57.9s/4m00.0s

running (0m58.9s), 200/200 VUs, 54021 complete and 0 interrupted iterations
default   [  25% ] 200/200 VUs  0m58.9s/4m00.0s

running (0m59.9s), 200/200 VUs, 55021 complete and 0 interrupted iterations
default   [  25% ] 200/200 VUs  0m59.9s/4m00.0s

running (1m00.9s), 200/200 VUs, 55971 complete and 0 interrupted iterations
default   [  25% ] 200/200 VUs  1m00.9s/4m00.0s

running (1m01.9s), 200/200 VUs, 56971 complete and 0 interrupted iterations
default   [  26% ] 200/200 VUs  1m01.9s/4m00.0s

running (1m02.9s), 200/200 VUs, 57951 complete and 0 interrupted iterations
default   [  26% ] 200/200 VUs  1m02.9s/4m00.0s

running (1m03.9s), 200/200 VUs, 58921 complete and 0 interrupted iterations
default   [  27% ] 200/200 VUs  1m03.9s/4m00.0s

running (1m04.9s), 200/200 VUs, 59903 complete and 0 interrupted iterations
default   [  27% ] 200/200 VUs  1m04.9s/4m00.0s

running (1m05.9s), 200/200 VUs, 60871 complete and 0 interrupted iterations
default   [  27% ] 200/200 VUs  1m05.9s/4m00.0s

running (1m06.9s), 200/200 VUs, 61871 complete and 0 interrupted iterations
default   [  28% ] 200/200 VUs  1m06.9s/4m00.0s

running (1m07.9s), 200/200 VUs, 62825 complete and 0 interrupted iterations
default   [  28% ] 200/200 VUs  1m07.9s/4m00.0s

running (1m08.9s), 200/200 VUs, 63821 complete and 0 interrupted iterations
default   [  29% ] 200/200 VUs  1m08.9s/4m00.0s

running (1m09.9s), 200/200 VUs, 64784 complete and 0 interrupted iterations
default   [  29% ] 200/200 VUs  1m09.9s/4m00.0s

running (1m10.9s), 200/200 VUs, 65771 complete and 0 interrupted iterations
default   [  30% ] 200/200 VUs  1m10.9s/4m00.0s

running (1m11.9s), 200/200 VUs, 66771 complete and 0 interrupted iterations
default   [  30% ] 200/200 VUs  1m11.9s/4m00.0s

running (1m12.9s), 200/200 VUs, 67721 complete and 0 interrupted iterations
default   [  30% ] 200/200 VUs  1m12.9s/4m00.0s

running (1m13.9s), 200/200 VUs, 68721 complete and 0 interrupted iterations
default   [  31% ] 200/200 VUs  1m13.9s/4m00.0s

running (1m14.9s), 200/200 VUs, 69697 complete and 0 interrupted iterations
default   [  31% ] 200/200 VUs  1m14.9s/4m00.0s

running (1m15.9s), 200/200 VUs, 70671 complete and 0 interrupted iterations
default   [  32% ] 200/200 VUs  1m15.9s/4m00.0s

running (1m16.9s), 200/200 VUs, 71671 complete and 0 interrupted iterations
default   [  32% ] 200/200 VUs  1m16.9s/4m00.0s

running (1m17.9s), 200/200 VUs, 72621 complete and 0 interrupted iterations
default   [  32% ] 200/200 VUs  1m17.9s/4m00.0s

running (1m18.9s), 200/200 VUs, 73621 complete and 0 interrupted iterations
default   [  33% ] 200/200 VUs  1m18.9s/4m00.0s

running (1m19.9s), 200/200 VUs, 74582 complete and 0 interrupted iterations
default   [  33% ] 200/200 VUs  1m19.9s/4m00.0s

running (1m20.9s), 200/200 VUs, 75571 complete and 0 interrupted iterations
default   [  34% ] 200/200 VUs  1m20.9s/4m00.0s

running (1m21.9s), 200/200 VUs, 76571 complete and 0 interrupted iterations
default   [  34% ] 200/200 VUs  1m21.9s/4m00.0s

running (1m22.9s), 200/200 VUs, 77521 complete and 0 interrupted iterations
default   [  35% ] 200/200 VUs  1m22.9s/4m00.0s

running (1m23.9s), 200/200 VUs, 78521 complete and 0 interrupted iterations
default   [  35% ] 200/200 VUs  1m23.9s/4m00.0s

running (1m24.9s), 200/200 VUs, 79478 complete and 0 interrupted iterations
default   [  35% ] 200/200 VUs  1m24.9s/4m00.0s

running (1m25.9s), 200/200 VUs, 80471 complete and 0 interrupted iterations
default   [  36% ] 200/200 VUs  1m25.9s/4m00.0s

running (1m26.9s), 200/200 VUs, 81471 complete and 0 interrupted iterations
default   [  36% ] 200/200 VUs  1m26.9s/4m00.0s

running (1m27.9s), 200/200 VUs, 82421 complete and 0 interrupted iterations
default   [  37% ] 200/200 VUs  1m27.9s/4m00.0s

running (1m28.9s), 200/200 VUs, 83421 complete and 0 interrupted iterations
default   [  37% ] 200/200 VUs  1m28.9s/4m00.0s

running (1m29.9s), 200/200 VUs, 84371 complete and 0 interrupted iterations
default   [  37% ] 200/200 VUs  1m29.9s/4m00.0s

running (1m30.9s), 200/200 VUs, 85371 complete and 0 interrupted iterations
default   [  38% ] 200/200 VUs  1m30.9s/4m00.0s

running (1m31.9s), 200/200 VUs, 86354 complete and 0 interrupted iterations
default   [  38% ] 200/200 VUs  1m31.9s/4m00.0s

running (1m32.9s), 200/200 VUs, 87321 complete and 0 interrupted iterations
default   [  39% ] 200/200 VUs  1m32.9s/4m00.0s

running (1m33.9s), 200/200 VUs, 88321 complete and 0 interrupted iterations
default   [  39% ] 200/200 VUs  1m33.9s/4m00.0s

running (1m34.9s), 200/200 VUs, 89271 complete and 0 interrupted iterations
default   [  40% ] 200/200 VUs  1m34.9s/4m00.0s

running (1m35.9s), 200/200 VUs, 90271 complete and 0 interrupted iterations
default   [  40% ] 200/200 VUs  1m35.9s/4m00.0s

running (1m36.9s), 200/200 VUs, 91227 complete and 0 interrupted iterations
default   [  40% ] 200/200 VUs  1m36.9s/4m00.0s

running (1m37.9s), 200/200 VUs, 92221 complete and 0 interrupted iterations
default   [  41% ] 200/200 VUs  1m37.9s/4m00.0s

running (1m38.9s), 200/200 VUs, 93221 complete and 0 interrupted iterations
default   [  41% ] 200/200 VUs  1m38.9s/4m00.0s

running (1m39.9s), 200/200 VUs, 94171 complete and 0 interrupted iterations
default   [  42% ] 200/200 VUs  1m39.9s/4m00.0s

running (1m40.9s), 200/200 VUs, 95171 complete and 0 interrupted iterations
default   [  42% ] 200/200 VUs  1m40.9s/4m00.0s

running (1m41.9s), 200/200 VUs, 96121 complete and 0 interrupted iterations
default   [  42% ] 200/200 VUs  1m41.9s/4m00.0s

running (1m42.9s), 200/200 VUs, 97121 complete and 0 interrupted iterations
default   [  43% ] 200/200 VUs  1m42.9s/4m00.0s

running (1m43.9s), 200/200 VUs, 98111 complete and 0 interrupted iterations
default   [  43% ] 200/200 VUs  1m43.9s/4m00.0s

running (1m44.9s), 200/200 VUs, 99071 complete and 0 interrupted iterations
default   [  44% ] 200/200 VUs  1m44.9s/4m00.0s

running (1m45.9s), 200/200 VUs, 100071 complete and 0 interrupted iterations
default   [  44% ] 200/200 VUs  1m45.9s/4m00.0s

running (1m46.9s), 200/200 VUs, 101021 complete and 0 interrupted iterations
default   [  45% ] 200/200 VUs  1m46.9s/4m00.0s

running (1m47.9s), 200/200 VUs, 102021 complete and 0 interrupted iterations
default   [  45% ] 200/200 VUs  1m47.9s/4m00.0s

running (1m48.9s), 200/200 VUs, 102988 complete and 0 interrupted iterations
default   [  45% ] 200/200 VUs  1m48.9s/4m00.0s

running (1m49.9s), 200/200 VUs, 103971 complete and 0 interrupted iterations
default   [  46% ] 200/200 VUs  1m49.9s/4m00.0s

running (1m50.9s), 200/200 VUs, 104965 complete and 0 interrupted iterations
default   [  46% ] 200/200 VUs  1m50.9s/4m00.0s

running (1m51.9s), 200/200 VUs, 105921 complete and 0 interrupted iterations
default   [  47% ] 200/200 VUs  1m51.9s/4m00.0s

running (1m52.9s), 200/200 VUs, 106921 complete and 0 interrupted iterations
default   [  47% ] 200/200 VUs  1m52.9s/4m00.0s

running (1m53.9s), 200/200 VUs, 107901 complete and 0 interrupted iterations
default   [  47% ] 200/200 VUs  1m53.9s/4m00.0s

running (1m54.9s), 200/200 VUs, 108871 complete and 0 interrupted iterations
default   [  48% ] 200/200 VUs  1m54.9s/4m00.0s

running (1m55.9s), 200/200 VUs, 109871 complete and 0 interrupted iterations
default   [  48% ] 200/200 VUs  1m55.9s/4m00.0s

running (1m56.9s), 200/200 VUs, 110830 complete and 0 interrupted iterations
default   [  49% ] 200/200 VUs  1m56.9s/4m00.0s

running (1m57.9s), 200/200 VUs, 111821 complete and 0 interrupted iterations
default   [  49% ] 200/200 VUs  1m57.9s/4m00.0s

running (1m58.9s), 200/200 VUs, 112799 complete and 0 interrupted iterations
default   [  50% ] 200/200 VUs  1m58.9s/4m00.0s

running (1m59.9s), 200/200 VUs, 113771 complete and 0 interrupted iterations
default   [  50% ] 200/200 VUs  1m59.9s/4m00.0s

running (2m00.9s), 200/200 VUs, 114771 complete and 0 interrupted iterations
default   [  50% ] 200/200 VUs  2m00.9s/4m00.0s

running (2m01.9s), 200/200 VUs, 115721 complete and 0 interrupted iterations
default   [  51% ] 200/200 VUs  2m01.9s/4m00.0s

running (2m02.9s), 200/200 VUs, 116721 complete and 0 interrupted iterations
default   [  51% ] 200/200 VUs  2m02.9s/4m00.0s

running (2m03.9s), 200/200 VUs, 117719 complete and 0 interrupted iterations
default   [  52% ] 200/200 VUs  2m03.9s/4m00.0s

running (2m04.9s), 200/200 VUs, 118671 complete and 0 interrupted iterations
default   [  52% ] 200/200 VUs  2m04.9s/4m00.0s

running (2m05.9s), 200/200 VUs, 119671 complete and 0 interrupted iterations
default   [  52% ] 200/200 VUs  2m05.9s/4m00.0s

running (2m06.9s), 200/200 VUs, 120621 complete and 0 interrupted iterations
default   [  53% ] 200/200 VUs  2m06.9s/4m00.0s

running (2m07.9s), 200/200 VUs, 121621 complete and 0 interrupted iterations
default   [  53% ] 200/200 VUs  2m07.9s/4m00.0s

running (2m08.9s), 200/200 VUs, 122613 complete and 0 interrupted iterations
default   [  54% ] 200/200 VUs  2m08.9s/4m00.0s

running (2m09.9s), 200/200 VUs, 123571 complete and 0 interrupted iterations
default   [  54% ] 200/200 VUs  2m09.9s/4m00.0s

running (2m10.9s), 200/200 VUs, 124571 complete and 0 interrupted iterations
default   [  55% ] 200/200 VUs  2m10.9s/4m00.0s

running (2m11.9s), 200/200 VUs, 125521 complete and 0 interrupted iterations
default   [  55% ] 200/200 VUs  2m11.9s/4m00.0s

running (2m12.9s), 200/200 VUs, 126521 complete and 0 interrupted iterations
default   [  55% ] 200/200 VUs  2m12.9s/4m00.0s

running (2m13.9s), 200/200 VUs, 127499 complete and 0 interrupted iterations
default   [  56% ] 200/200 VUs  2m13.9s/4m00.0s

running (2m14.9s), 200/200 VUs, 128471 complete and 0 interrupted iterations
default   [  56% ] 200/200 VUs  2m14.9s/4m00.0s

running (2m15.9s), 200/200 VUs, 129471 complete and 0 interrupted iterations
default   [  57% ] 200/200 VUs  2m15.9s/4m00.0s

running (2m16.9s), 200/200 VUs, 130421 complete and 0 interrupted iterations
default   [  57% ] 200/200 VUs  2m16.9s/4m00.0s

running (2m17.9s), 200/200 VUs, 131421 complete and 0 interrupted iterations
default   [  57% ] 200/200 VUs  2m17.9s/4m00.0s

running (2m18.9s), 200/200 VUs, 132379 complete and 0 interrupted iterations
default   [  58% ] 200/200 VUs  2m18.9s/4m00.0s

running (2m19.9s), 200/200 VUs, 133371 complete and 0 interrupted iterations
default   [  58% ] 200/200 VUs  2m19.9s/4m00.0s

running (2m20.9s), 200/200 VUs, 134359 complete and 0 interrupted iterations
default   [  59% ] 200/200 VUs  2m20.9s/4m00.0s

running (2m21.9s), 200/200 VUs, 135321 complete and 0 interrupted iterations
default   [  59% ] 200/200 VUs  2m21.9s/4m00.0s

running (2m22.9s), 200/200 VUs, 136321 complete and 0 interrupted iterations
default   [  60% ] 200/200 VUs  2m22.9s/4m00.0s

running (2m23.9s), 200/200 VUs, 137271 complete and 0 interrupted iterations
default   [  60% ] 200/200 VUs  2m23.9s/4m00.0s

running (2m24.9s), 200/200 VUs, 138271 complete and 0 interrupted iterations
default   [  60% ] 200/200 VUs  2m24.9s/4m00.0s

running (2m25.9s), 200/200 VUs, 139264 complete and 0 interrupted iterations
default   [  61% ] 200/200 VUs  2m25.9s/4m00.0s

running (2m26.9s), 200/200 VUs, 140221 complete and 0 interrupted iterations
default   [  61% ] 200/200 VUs  2m26.9s/4m00.0s

running (2m27.9s), 200/200 VUs, 141221 complete and 0 interrupted iterations
default   [  62% ] 200/200 VUs  2m27.9s/4m00.0s

running (2m28.9s), 200/200 VUs, 142171 complete and 0 interrupted iterations
default   [  62% ] 200/200 VUs  2m28.9s/4m00.0s

running (2m29.9s), 200/200 VUs, 143171 complete and 0 interrupted iterations
default   [  62% ] 200/200 VUs  2m29.9s/4m00.0s

running (2m30.9s), 200/200 VUs, 144171 complete and 0 interrupted iterations
default   [  63% ] 200/200 VUs  2m30.9s/4m00.0s

running (2m31.9s), 200/200 VUs, 145121 complete and 0 interrupted iterations
default   [  63% ] 200/200 VUs  2m31.9s/4m00.0s

running (2m32.9s), 200/200 VUs, 146121 complete and 0 interrupted iterations
default   [  64% ] 200/200 VUs  2m32.9s/4m00.0s

running (2m33.9s), 200/200 VUs, 147097 complete and 0 interrupted iterations
default   [  64% ] 200/200 VUs  2m33.9s/4m00.0s

running (2m34.9s), 200/200 VUs, 148071 complete and 0 interrupted iterations
default   [  65% ] 200/200 VUs  2m34.9s/4m00.0s

running (2m35.9s), 200/200 VUs, 149071 complete and 0 interrupted iterations
default   [  65% ] 200/200 VUs  2m35.9s/4m00.0s

running (2m36.9s), 200/200 VUs, 150021 complete and 0 interrupted iterations
default   [  65% ] 200/200 VUs  2m36.9s/4m00.0s

running (2m37.9s), 200/200 VUs, 151021 complete and 0 interrupted iterations
default   [  66% ] 200/200 VUs  2m37.9s/4m00.0s

running (2m38.9s), 200/200 VUs, 151996 complete and 0 interrupted iterations
default   [  66% ] 200/200 VUs  2m38.9s/4m00.0s

running (2m39.9s), 200/200 VUs, 152971 complete and 0 interrupted iterations
default   [  67% ] 200/200 VUs  2m39.9s/4m00.0s

running (2m40.9s), 200/200 VUs, 153971 complete and 0 interrupted iterations
default   [  67% ] 200/200 VUs  2m40.9s/4m00.0s

running (2m41.9s), 200/200 VUs, 154921 complete and 0 interrupted iterations
default   [  67% ] 200/200 VUs  2m41.9s/4m00.0s

running (2m42.9s), 200/200 VUs, 155921 complete and 0 interrupted iterations
default   [  68% ] 200/200 VUs  2m42.9s/4m00.0s

running (2m43.9s), 200/200 VUs, 156885 complete and 0 interrupted iterations
default   [  68% ] 200/200 VUs  2m43.9s/4m00.0s

running (2m44.9s), 200/200 VUs, 157871 complete and 0 interrupted iterations
default   [  69% ] 200/200 VUs  2m44.9s/4m00.0s

running (2m45.9s), 200/200 VUs, 158871 complete and 0 interrupted iterations
default   [  69% ] 200/200 VUs  2m45.9s/4m00.0s

running (2m46.9s), 200/200 VUs, 159821 complete and 0 interrupted iterations
default   [  70% ] 200/200 VUs  2m46.9s/4m00.0s

running (2m47.9s), 200/200 VUs, 160821 complete and 0 interrupted iterations
default   [  70% ] 200/200 VUs  2m47.9s/4m00.0s

running (2m48.9s), 200/200 VUs, 161774 complete and 0 interrupted iterations
default   [  70% ] 200/200 VUs  2m48.9s/4m00.0s

running (2m49.9s), 200/200 VUs, 162771 complete and 0 interrupted iterations
default   [  71% ] 200/200 VUs  2m49.9s/4m00.0s

running (2m50.9s), 200/200 VUs, 163763 complete and 0 interrupted iterations
default   [  71% ] 200/200 VUs  2m50.9s/4m00.0s

running (2m51.9s), 200/200 VUs, 164721 complete and 0 interrupted iterations
default   [  72% ] 200/200 VUs  2m51.9s/4m00.0s

running (2m52.9s), 200/200 VUs, 165721 complete and 0 interrupted iterations
default   [  72% ] 200/200 VUs  2m52.9s/4m00.0s

running (2m53.9s), 200/200 VUs, 166673 complete and 0 interrupted iterations
default   [  72% ] 200/200 VUs  2m53.9s/4m00.0s

running (2m54.9s), 200/200 VUs, 167671 complete and 0 interrupted iterations
default   [  73% ] 200/200 VUs  2m54.9s/4m00.0s

running (2m55.9s), 200/200 VUs, 168671 complete and 0 interrupted iterations
default   [  73% ] 200/200 VUs  2m55.9s/4m00.0s

running (2m56.9s), 200/200 VUs, 169621 complete and 0 interrupted iterations
default   [  74% ] 200/200 VUs  2m56.9s/4m00.0s

running (2m57.9s), 200/200 VUs, 170621 complete and 0 interrupted iterations
default   [  74% ] 200/200 VUs  2m57.9s/4m00.0s

running (2m58.9s), 200/200 VUs, 171571 complete and 0 interrupted iterations
default   [  75% ] 200/200 VUs  2m58.9s/4m00.0s

running (2m59.9s), 200/200 VUs, 172571 complete and 0 interrupted iterations
default   [  75% ] 200/200 VUs  2m59.9s/4m00.0s

running (3m00.9s), 200/200 VUs, 173571 complete and 0 interrupted iterations
default   [  75% ] 200/200 VUs  3m00.9s/4m00.0s

running (3m01.9s), 200/200 VUs, 174521 complete and 0 interrupted iterations
default   [  76% ] 200/200 VUs  3m01.9s/4m00.0s

running (3m02.9s), 200/200 VUs, 175521 complete and 0 interrupted iterations
default   [  76% ] 200/200 VUs  3m02.9s/4m00.0s

running (3m03.9s), 200/200 VUs, 176489 complete and 0 interrupted iterations
default   [  77% ] 200/200 VUs  3m03.9s/4m00.0s

running (3m04.9s), 200/200 VUs, 177471 complete and 0 interrupted iterations
default   [  77% ] 200/200 VUs  3m04.9s/4m00.0s

running (3m05.9s), 200/200 VUs, 178471 complete and 0 interrupted iterations
default   [  77% ] 200/200 VUs  3m05.9s/4m00.0s

running (3m06.9s), 200/200 VUs, 179424 complete and 0 interrupted iterations
default   [  78% ] 200/200 VUs  3m06.9s/4m00.0s

running (3m07.9s), 200/200 VUs, 180421 complete and 0 interrupted iterations
default   [  78% ] 200/200 VUs  3m07.9s/4m00.0s

running (3m08.9s), 200/200 VUs, 181421 complete and 0 interrupted iterations
default   [  79% ] 200/200 VUs  3m08.9s/4m00.0s

running (3m09.9s), 200/200 VUs, 182371 complete and 0 interrupted iterations
default   [  79% ] 200/200 VUs  3m09.9s/4m00.0s

running (3m10.9s), 200/200 VUs, 183371 complete and 0 interrupted iterations
default   [  80% ] 200/200 VUs  3m10.9s/4m00.0s

running (3m11.9s), 200/200 VUs, 184325 complete and 0 interrupted iterations
default   [  80% ] 200/200 VUs  3m11.9s/4m00.0s

running (3m12.9s), 200/200 VUs, 185321 complete and 0 interrupted iterations
default   [  80% ] 200/200 VUs  3m12.9s/4m00.0s

running (3m13.9s), 200/200 VUs, 186321 complete and 0 interrupted iterations
default   [  81% ] 200/200 VUs  3m13.9s/4m00.0s

running (3m14.9s), 200/200 VUs, 187271 complete and 0 interrupted iterations
default   [  81% ] 200/200 VUs  3m14.9s/4m00.0s

running (3m15.9s), 200/200 VUs, 188271 complete and 0 interrupted iterations
default   [  82% ] 200/200 VUs  3m15.9s/4m00.0s

running (3m16.9s), 200/200 VUs, 189238 complete and 0 interrupted iterations
default   [  82% ] 200/200 VUs  3m16.9s/4m00.0s

running (3m17.9s), 200/200 VUs, 190221 complete and 0 interrupted iterations
default   [  82% ] 200/200 VUs  3m17.9s/4m00.0s

running (3m18.9s), 200/200 VUs, 191221 complete and 0 interrupted iterations
default   [  83% ] 200/200 VUs  3m18.9s/4m00.0s

running (3m19.9s), 200/200 VUs, 192171 complete and 0 interrupted iterations
default   [  83% ] 200/200 VUs  3m19.9s/4m00.0s

running (3m20.9s), 200/200 VUs, 193171 complete and 0 interrupted iterations
default   [  84% ] 200/200 VUs  3m20.9s/4m00.0s

running (3m21.9s), 200/200 VUs, 194126 complete and 0 interrupted iterations
default   [  84% ] 200/200 VUs  3m21.9s/4m00.0s

running (3m22.9s), 200/200 VUs, 195121 complete and 0 interrupted iterations
default   [  85% ] 200/200 VUs  3m22.9s/4m00.0s

running (3m23.9s), 200/200 VUs, 196121 complete and 0 interrupted iterations
default   [  85% ] 200/200 VUs  3m23.9s/4m00.0s

running (3m24.9s), 200/200 VUs, 197071 complete and 0 interrupted iterations
default   [  85% ] 200/200 VUs  3m24.9s/4m00.0s

running (3m25.9s), 200/200 VUs, 198071 complete and 0 interrupted iterations
default   [  86% ] 200/200 VUs  3m25.9s/4m00.0s

running (3m26.9s), 200/200 VUs, 199052 complete and 0 interrupted iterations
default   [  86% ] 200/200 VUs  3m26.9s/4m00.0s

running (3m27.9s), 200/200 VUs, 200021 complete and 0 interrupted iterations
default   [  87% ] 200/200 VUs  3m27.9s/4m00.0s

running (3m28.9s), 200/200 VUs, 201021 complete and 0 interrupted iterations
default   [  87% ] 200/200 VUs  3m28.9s/4m00.0s

running (3m29.9s), 200/200 VUs, 201971 complete and 0 interrupted iterations
default   [  87% ] 200/200 VUs  3m29.9s/4m00.0s

running (3m30.9s), 195/200 VUs, 202971 complete and 0 interrupted iterations
default   [  88% ] 195/200 VUs  3m30.9s/4m00.0s

running (3m31.9s), 189/200 VUs, 203932 complete and 0 interrupted iterations
default   [  88% ] 189/200 VUs  3m31.9s/4m00.0s

running (3m32.9s), 182/200 VUs, 204921 complete and 0 interrupted iterations
default   [  89% ] 182/200 VUs  3m32.9s/4m00.0s

running (3m33.9s), 175/200 VUs, 205921 complete and 0 interrupted iterations
default   [  89% ] 175/200 VUs  3m33.9s/4m00.0s

running (3m34.9s), 168/200 VUs, 206871 complete and 0 interrupted iterations
default   [  90% ] 168/200 VUs  3m34.9s/4m00.0s

running (3m35.9s), 161/200 VUs, 207871 complete and 0 interrupted iterations
default   [  90% ] 161/200 VUs  3m35.9s/4m00.0s

running (3m36.9s), 155/200 VUs, 208821 complete and 0 interrupted iterations
default   [  90% ] 155/200 VUs  3m36.9s/4m00.0s

running (3m37.9s), 149/200 VUs, 209821 complete and 0 interrupted iterations
default   [  91% ] 149/200 VUs  3m37.9s/4m00.0s

running (3m38.9s), 142/200 VUs, 210808 complete and 0 interrupted iterations
default   [  91% ] 142/200 VUs  3m38.9s/4m00.0s

running (3m39.9s), 135/200 VUs, 211771 complete and 0 interrupted iterations
default   [  92% ] 135/200 VUs  3m39.9s/4m00.0s

running (3m40.9s), 129/200 VUs, 212771 complete and 0 interrupted iterations
default   [  92% ] 129/200 VUs  3m40.9s/4m00.0s

running (3m41.9s), 121/200 VUs, 213721 complete and 0 interrupted iterations
default   [  92% ] 121/200 VUs  3m41.9s/4m00.0s

running (3m42.9s), 115/200 VUs, 214721 complete and 0 interrupted iterations
default   [  93% ] 115/200 VUs  3m42.9s/4m00.0s

running (3m43.9s), 108/200 VUs, 215721 complete and 0 interrupted iterations
default   [  93% ] 108/200 VUs  3m43.9s/4m00.0s

running (3m44.9s), 102/200 VUs, 216671 complete and 0 interrupted iterations
default   [  94% ] 102/200 VUs  3m44.9s/4m00.0s

running (3m45.9s), 095/200 VUs, 217671 complete and 0 interrupted iterations
default   [  94% ] 095/200 VUs  3m45.9s/4m00.0s

running (3m46.9s), 088/200 VUs, 218621 complete and 0 interrupted iterations
default   [  95% ] 088/200 VUs  3m46.9s/4m00.0s

running (3m47.9s), 081/200 VUs, 219621 complete and 0 interrupted iterations
default   [  95% ] 081/200 VUs  3m47.9s/4m00.0s

running (3m48.9s), 074/200 VUs, 220602 complete and 0 interrupted iterations
default   [  95% ] 074/200 VUs  3m48.9s/4m00.0s

running (3m49.9s), 068/200 VUs, 221571 complete and 0 interrupted iterations
default   [  96% ] 068/200 VUs  3m49.9s/4m00.0s

running (3m50.9s), 062/200 VUs, 222571 complete and 0 interrupted iterations
default   [  96% ] 062/200 VUs  3m50.9s/4m00.0s

running (3m51.9s), 055/200 VUs, 223521 complete and 0 interrupted iterations
default   [  97% ] 055/200 VUs  3m51.9s/4m00.0s

running (3m52.9s), 048/200 VUs, 224516 complete and 0 interrupted iterations
default   [  97% ] 048/200 VUs  3m52.9s/4m00.0s

running (3m53.9s), 041/200 VUs, 225367 complete and 0 interrupted iterations
default   [  97% ] 041/200 VUs  3m53.9s/4m00.0s

running (3m54.9s), 035/200 VUs, 226093 complete and 0 interrupted iterations
default   [  98% ] 035/200 VUs  3m54.9s/4m00.0s

running (3m55.9s), 028/200 VUs, 226723 complete and 0 interrupted iterations
default   [  98% ] 028/200 VUs  3m55.9s/4m00.0s

running (3m56.9s), 021/200 VUs, 227194 complete and 0 interrupted iterations
default   [  99% ] 021/200 VUs  3m56.9s/4m00.0s

running (3m57.9s), 015/200 VUs, 227540 complete and 0 interrupted iterations
default   [  99% ] 015/200 VUs  3m57.9s/4m00.0s

running (3m58.9s), 008/200 VUs, 227770 complete and 0 interrupted iterations
default   [ 100% ] 008/200 VUs  3m58.9s/4m00.0s

running (3m59.9s), 001/200 VUs, 227859 complete and 0 interrupted iterations
default   [ 100% ] 001/200 VUs  3m59.9s/4m00.0s


  █ THRESHOLDS 

    checks
    ✓ 'rate>0.95' rate=100.00%

    http_req_duration
    ✓ 'p(95)<5000' p(95)=204.93ms
    ✓ 'p(99)<10000' p(99)=211.17ms

    http_req_failed
    ✓ 'rate<0.05' rate=0.00%


  █ TOTAL RESULTS 

    checks_total.......: 911448  3797.141174/s
    checks_succeeded...: 100.00% 911448 out of 911448
    checks_failed......: 0.00%   0 out of 911448

    ✓ status is 200
    ✓ content-type is json
    ✓ workloadType is IO-BOUND
    ✓ executionTimeMs exists

    CUSTOM
    response_time_ms...............: min=50.777469 avg=184.282887 med=203.75585 max=407.559907 p(90)=204.559552 p(95)=204.936155 p(99)=211.17701
    successful_requests............: 227862 949.285293/s

    HTTP
    http_req_duration..............: min=50.77ms   avg=184.28ms   med=203.75ms  max=407.55ms   p(90)=204.55ms   p(95)=204.93ms   p(99)=211.17ms 
      { expected_response:true }...: min=50.77ms   avg=184.28ms   med=203.75ms  max=407.55ms   p(90)=204.55ms   p(95)=204.93ms   p(99)=211.17ms 
    http_req_failed................: 0.00%  0 out of 227862
    http_reqs......................: 227862 949.285293/s

    EXECUTION
    iteration_duration.............: min=50.89ms   avg=184.42ms   med=203.89ms  max=407.69ms   p(90)=204.69ms   p(95)=205.07ms   p(99)=211.33ms 
    iterations.....................: 227862 949.285293/s
    vus............................: 1      min=1           max=200
    vus_max........................: 200    min=200         max=200

    NETWORK
    data_received..................: 50 MB  210 kB/s
    data_sent......................: 18 MB  75 kB/s




running (4m00.0s), 000/200 VUs, 227862 complete and 0 interrupted iterations
default ✓ [ 100% ] 000/200 VUs  4m0s
