
         /\      Grafana   /‾‾/  
    /\  /  \     |\  __   /  /   
   /  \/    \    | |/ /  /   ‾‾\ 
  /          \   |   (  |  (‾)  |
 / __________ \  |_|\_\  \_____/ 


     execution: local
        script: cpu-bound-test.js
        output: -

     scenarios: (100.00%) 1 scenario, 10 max VUs, 4m30s max duration (incl. graceful stop):
              * default: Up to 10 looping VUs for 4m0s over 3 stages (gracefulRampDown: 30s, gracefulStop: 30s)


running (0m01.0s), 01/10 VUs, 17 complete and 0 interrupted iterations
default   [   0% ] 01/10 VUs  0m01.0s/4m00.0s

running (0m02.0s), 01/10 VUs, 34 complete and 0 interrupted iterations
default   [   1% ] 01/10 VUs  0m02.0s/4m00.0s

running (0m03.0s), 01/10 VUs, 52 complete and 0 interrupted iterations
default   [   1% ] 01/10 VUs  0m03.0s/4m00.0s

running (0m04.0s), 02/10 VUs, 79 complete and 0 interrupted iterations
default   [   2% ] 02/10 VUs  0m04.0s/4m00.0s

running (0m05.0s), 02/10 VUs, 111 complete and 0 interrupted iterations
default   [   2% ] 02/10 VUs  0m05.0s/4m00.0s

running (0m06.0s), 02/10 VUs, 145 complete and 0 interrupted iterations
default   [   2% ] 02/10 VUs  0m06.0s/4m00.0s

running (0m07.0s), 03/10 VUs, 179 complete and 0 interrupted iterations
default   [   3% ] 03/10 VUs  0m07.0s/4m00.0s

running (0m08.0s), 03/10 VUs, 213 complete and 0 interrupted iterations
default   [   3% ] 03/10 VUs  0m08.0s/4m00.0s

running (0m09.0s), 03/10 VUs, 247 complete and 0 interrupted iterations
default   [   4% ] 03/10 VUs  0m09.0s/4m00.0s

running (0m10.0s), 03/10 VUs, 281 complete and 0 interrupted iterations
default   [   4% ] 03/10 VUs  0m10.0s/4m00.0s

running (0m11.0s), 04/10 VUs, 314 complete and 0 interrupted iterations
default   [   5% ] 04/10 VUs  0m11.0s/4m00.0s

running (0m12.0s), 04/10 VUs, 349 complete and 0 interrupted iterations
default   [   5% ] 04/10 VUs  0m12.0s/4m00.0s

running (0m13.0s), 04/10 VUs, 382 complete and 0 interrupted iterations
default   [   5% ] 04/10 VUs  0m13.0s/4m00.0s

running (0m14.0s), 05/10 VUs, 417 complete and 0 interrupted iterations
default   [   6% ] 05/10 VUs  0m14.0s/4m00.0s

running (0m15.0s), 05/10 VUs, 451 complete and 0 interrupted iterations
default   [   6% ] 05/10 VUs  0m15.0s/4m00.0s

running (0m16.0s), 05/10 VUs, 485 complete and 0 interrupted iterations
default   [   7% ] 05/10 VUs  0m16.0s/4m00.0s

running (0m17.0s), 06/10 VUs, 519 complete and 0 interrupted iterations
default   [   7% ] 06/10 VUs  0m17.0s/4m00.0s

running (0m18.0s), 06/10 VUs, 553 complete and 0 interrupted iterations
default   [   7% ] 06/10 VUs  0m18.0s/4m00.0s

running (0m19.0s), 06/10 VUs, 586 complete and 0 interrupted iterations
default   [   8% ] 06/10 VUs  0m19.0s/4m00.0s

running (0m20.0s), 06/10 VUs, 621 complete and 0 interrupted iterations
default   [   8% ] 06/10 VUs  0m20.0s/4m00.0s

running (0m21.0s), 07/10 VUs, 653 complete and 0 interrupted iterations
default   [   9% ] 07/10 VUs  0m21.0s/4m00.0s

running (0m22.0s), 07/10 VUs, 688 complete and 0 interrupted iterations
default   [   9% ] 07/10 VUs  0m22.0s/4m00.0s

running (0m23.0s), 07/10 VUs, 721 complete and 0 interrupted iterations
default   [  10% ] 07/10 VUs  0m23.0s/4m00.0s

running (0m24.0s), 08/10 VUs, 755 complete and 0 interrupted iterations
default   [  10% ] 08/10 VUs  0m24.0s/4m00.0s

running (0m25.0s), 08/10 VUs, 789 complete and 0 interrupted iterations
default   [  10% ] 08/10 VUs  0m25.0s/4m00.0s

running (0m26.0s), 08/10 VUs, 823 complete and 0 interrupted iterations
default   [  11% ] 08/10 VUs  0m26.0s/4m00.0s

running (0m27.0s), 09/10 VUs, 857 complete and 0 interrupted iterations
default   [  11% ] 09/10 VUs  0m27.0s/4m00.0s

running (0m28.0s), 09/10 VUs, 891 complete and 0 interrupted iterations
default   [  12% ] 09/10 VUs  0m28.0s/4m00.0s

running (0m29.0s), 09/10 VUs, 925 complete and 0 interrupted iterations
default   [  12% ] 09/10 VUs  0m29.0s/4m00.0s

running (0m30.0s), 09/10 VUs, 959 complete and 0 interrupted iterations
default   [  12% ] 09/10 VUs  0m30.0s/4m00.0s

running (0m31.0s), 10/10 VUs, 993 complete and 0 interrupted iterations
default   [  13% ] 10/10 VUs  0m31.0s/4m00.0s

running (0m32.0s), 10/10 VUs, 1027 complete and 0 interrupted iterations
default   [  13% ] 10/10 VUs  0m32.0s/4m00.0s

running (0m33.0s), 10/10 VUs, 1061 complete and 0 interrupted iterations
default   [  14% ] 10/10 VUs  0m33.0s/4m00.0s

running (0m34.0s), 10/10 VUs, 1094 complete and 0 interrupted iterations
default   [  14% ] 10/10 VUs  0m34.0s/4m00.0s

running (0m35.0s), 10/10 VUs, 1128 complete and 0 interrupted iterations
default   [  15% ] 10/10 VUs  0m35.0s/4m00.0s

running (0m36.0s), 10/10 VUs, 1162 complete and 0 interrupted iterations
default   [  15% ] 10/10 VUs  0m36.0s/4m00.0s

running (0m37.0s), 10/10 VUs, 1196 complete and 0 interrupted iterations
default   [  15% ] 10/10 VUs  0m37.0s/4m00.0s

running (0m38.0s), 10/10 VUs, 1229 complete and 0 interrupted iterations
default   [  16% ] 10/10 VUs  0m38.0s/4m00.0s

running (0m39.0s), 10/10 VUs, 1264 complete and 0 interrupted iterations
default   [  16% ] 10/10 VUs  0m39.0s/4m00.0s

running (0m40.0s), 10/10 VUs, 1297 complete and 0 interrupted iterations
default   [  17% ] 10/10 VUs  0m40.0s/4m00.0s

running (0m41.0s), 10/10 VUs, 1332 complete and 0 interrupted iterations
default   [  17% ] 10/10 VUs  0m41.0s/4m00.0s

running (0m42.0s), 10/10 VUs, 1365 complete and 0 interrupted iterations
default   [  17% ] 10/10 VUs  0m42.0s/4m00.0s

running (0m43.0s), 10/10 VUs, 1400 complete and 0 interrupted iterations
default   [  18% ] 10/10 VUs  0m43.0s/4m00.0s

running (0m44.0s), 10/10 VUs, 1432 complete and 0 interrupted iterations
default   [  18% ] 10/10 VUs  0m44.0s/4m00.0s

running (0m45.0s), 10/10 VUs, 1467 complete and 0 interrupted iterations
default   [  19% ] 10/10 VUs  0m45.0s/4m00.0s

running (0m46.0s), 10/10 VUs, 1500 complete and 0 interrupted iterations
default   [  19% ] 10/10 VUs  0m46.0s/4m00.0s

running (0m47.0s), 10/10 VUs, 1535 complete and 0 interrupted iterations
default   [  20% ] 10/10 VUs  0m47.0s/4m00.0s

running (0m48.0s), 10/10 VUs, 1569 complete and 0 interrupted iterations
default   [  20% ] 10/10 VUs  0m48.0s/4m00.0s

running (0m49.0s), 10/10 VUs, 1602 complete and 0 interrupted iterations
default   [  20% ] 10/10 VUs  0m49.0s/4m00.0s

running (0m50.0s), 10/10 VUs, 1636 complete and 0 interrupted iterations
default   [  21% ] 10/10 VUs  0m50.0s/4m00.0s

running (0m51.0s), 10/10 VUs, 1670 complete and 0 interrupted iterations
default   [  21% ] 10/10 VUs  0m51.0s/4m00.0s

running (0m52.0s), 10/10 VUs, 1704 complete and 0 interrupted iterations
default   [  22% ] 10/10 VUs  0m52.0s/4m00.0s

running (0m53.0s), 10/10 VUs, 1738 complete and 0 interrupted iterations
default   [  22% ] 10/10 VUs  0m53.0s/4m00.0s

running (0m54.0s), 10/10 VUs, 1772 complete and 0 interrupted iterations
default   [  22% ] 10/10 VUs  0m54.0s/4m00.0s

running (0m55.0s), 10/10 VUs, 1806 complete and 0 interrupted iterations
default   [  23% ] 10/10 VUs  0m55.0s/4m00.0s

running (0m56.0s), 10/10 VUs, 1840 complete and 0 interrupted iterations
default   [  23% ] 10/10 VUs  0m56.0s/4m00.0s

running (0m57.0s), 10/10 VUs, 1874 complete and 0 interrupted iterations
default   [  24% ] 10/10 VUs  0m57.0s/4m00.0s

running (0m58.0s), 10/10 VUs, 1908 complete and 0 interrupted iterations
default   [  24% ] 10/10 VUs  0m58.0s/4m00.0s

running (0m59.0s), 10/10 VUs, 1942 complete and 0 interrupted iterations
default   [  25% ] 10/10 VUs  0m59.0s/4m00.0s

running (1m00.0s), 10/10 VUs, 1976 complete and 0 interrupted iterations
default   [  25% ] 10/10 VUs  1m00.0s/4m00.0s

running (1m01.0s), 10/10 VUs, 2010 complete and 0 interrupted iterations
default   [  25% ] 10/10 VUs  1m01.0s/4m00.0s

running (1m02.0s), 10/10 VUs, 2044 complete and 0 interrupted iterations
default   [  26% ] 10/10 VUs  1m02.0s/4m00.0s

running (1m03.0s), 10/10 VUs, 2078 complete and 0 interrupted iterations
default   [  26% ] 10/10 VUs  1m03.0s/4m00.0s

running (1m04.0s), 10/10 VUs, 2110 complete and 0 interrupted iterations
default   [  27% ] 10/10 VUs  1m04.0s/4m00.0s

running (1m05.0s), 10/10 VUs, 2146 complete and 0 interrupted iterations
default   [  27% ] 10/10 VUs  1m05.0s/4m00.0s

running (1m06.0s), 10/10 VUs, 2178 complete and 0 interrupted iterations
default   [  27% ] 10/10 VUs  1m06.0s/4m00.0s

running (1m07.0s), 10/10 VUs, 2212 complete and 0 interrupted iterations
default   [  28% ] 10/10 VUs  1m07.0s/4m00.0s

running (1m08.0s), 10/10 VUs, 2247 complete and 0 interrupted iterations
default   [  28% ] 10/10 VUs  1m08.0s/4m00.0s

running (1m09.0s), 10/10 VUs, 2280 complete and 0 interrupted iterations
default   [  29% ] 10/10 VUs  1m09.0s/4m00.0s

running (1m10.0s), 10/10 VUs, 2315 complete and 0 interrupted iterations
default   [  29% ] 10/10 VUs  1m10.0s/4m00.0s

running (1m11.0s), 10/10 VUs, 2348 complete and 0 interrupted iterations
default   [  30% ] 10/10 VUs  1m11.0s/4m00.0s

running (1m12.0s), 10/10 VUs, 2383 complete and 0 interrupted iterations
default   [  30% ] 10/10 VUs  1m12.0s/4m00.0s

running (1m13.0s), 10/10 VUs, 2415 complete and 0 interrupted iterations
default   [  30% ] 10/10 VUs  1m13.0s/4m00.0s

running (1m14.0s), 10/10 VUs, 2451 complete and 0 interrupted iterations
default   [  31% ] 10/10 VUs  1m14.0s/4m00.0s

running (1m15.0s), 10/10 VUs, 2483 complete and 0 interrupted iterations
default   [  31% ] 10/10 VUs  1m15.0s/4m00.0s

running (1m16.0s), 10/10 VUs, 2519 complete and 0 interrupted iterations
default   [  32% ] 10/10 VUs  1m16.0s/4m00.0s

running (1m17.0s), 10/10 VUs, 2551 complete and 0 interrupted iterations
default   [  32% ] 10/10 VUs  1m17.0s/4m00.0s

running (1m18.0s), 10/10 VUs, 2587 complete and 0 interrupted iterations
default   [  32% ] 10/10 VUs  1m18.0s/4m00.0s

running (1m19.0s), 10/10 VUs, 2619 complete and 0 interrupted iterations
default   [  33% ] 10/10 VUs  1m19.0s/4m00.0s

running (1m20.0s), 10/10 VUs, 2654 complete and 0 interrupted iterations
default   [  33% ] 10/10 VUs  1m20.0s/4m00.0s

running (1m21.0s), 10/10 VUs, 2687 complete and 0 interrupted iterations
default   [  34% ] 10/10 VUs  1m21.0s/4m00.0s

running (1m22.0s), 10/10 VUs, 2721 complete and 0 interrupted iterations
default   [  34% ] 10/10 VUs  1m22.0s/4m00.0s

running (1m23.0s), 10/10 VUs, 2755 complete and 0 interrupted iterations
default   [  35% ] 10/10 VUs  1m23.0s/4m00.0s

running (1m24.0s), 10/10 VUs, 2789 complete and 0 interrupted iterations
default   [  35% ] 10/10 VUs  1m24.0s/4m00.0s

running (1m25.0s), 10/10 VUs, 2823 complete and 0 interrupted iterations
default   [  35% ] 10/10 VUs  1m25.0s/4m00.0s

running (1m26.0s), 10/10 VUs, 2856 complete and 0 interrupted iterations
default   [  36% ] 10/10 VUs  1m26.0s/4m00.0s

running (1m27.0s), 10/10 VUs, 2891 complete and 0 interrupted iterations
default   [  36% ] 10/10 VUs  1m27.0s/4m00.0s

running (1m28.0s), 10/10 VUs, 2923 complete and 0 interrupted iterations
default   [  37% ] 10/10 VUs  1m28.0s/4m00.0s

running (1m29.0s), 10/10 VUs, 2959 complete and 0 interrupted iterations
default   [  37% ] 10/10 VUs  1m29.0s/4m00.0s

running (1m30.0s), 10/10 VUs, 2991 complete and 0 interrupted iterations
default   [  37% ] 10/10 VUs  1m30.0s/4m00.0s

running (1m31.0s), 10/10 VUs, 3027 complete and 0 interrupted iterations
default   [  38% ] 10/10 VUs  1m31.0s/4m00.0s

running (1m32.0s), 10/10 VUs, 3059 complete and 0 interrupted iterations
default   [  38% ] 10/10 VUs  1m32.0s/4m00.0s

running (1m33.0s), 10/10 VUs, 3095 complete and 0 interrupted iterations
default   [  39% ] 10/10 VUs  1m33.0s/4m00.0s

running (1m34.0s), 10/10 VUs, 3127 complete and 0 interrupted iterations
default   [  39% ] 10/10 VUs  1m34.0s/4m00.0s

running (1m35.0s), 10/10 VUs, 3163 complete and 0 interrupted iterations
default   [  40% ] 10/10 VUs  1m35.0s/4m00.0s

running (1m36.0s), 10/10 VUs, 3195 complete and 0 interrupted iterations
default   [  40% ] 10/10 VUs  1m36.0s/4m00.0s

running (1m37.0s), 10/10 VUs, 3231 complete and 0 interrupted iterations
default   [  40% ] 10/10 VUs  1m37.0s/4m00.0s

running (1m38.0s), 10/10 VUs, 3263 complete and 0 interrupted iterations
default   [  41% ] 10/10 VUs  1m38.0s/4m00.0s

running (1m39.0s), 10/10 VUs, 3296 complete and 0 interrupted iterations
default   [  41% ] 10/10 VUs  1m39.0s/4m00.0s

running (1m40.0s), 10/10 VUs, 3331 complete and 0 interrupted iterations
default   [  42% ] 10/10 VUs  1m40.0s/4m00.0s

running (1m41.0s), 10/10 VUs, 3363 complete and 0 interrupted iterations
default   [  42% ] 10/10 VUs  1m41.0s/4m00.0s

running (1m42.0s), 10/10 VUs, 3399 complete and 0 interrupted iterations
default   [  42% ] 10/10 VUs  1m42.0s/4m00.0s

running (1m43.0s), 10/10 VUs, 3431 complete and 0 interrupted iterations
default   [  43% ] 10/10 VUs  1m43.0s/4m00.0s

running (1m44.0s), 10/10 VUs, 3467 complete and 0 interrupted iterations
default   [  43% ] 10/10 VUs  1m44.0s/4m00.0s

running (1m45.0s), 10/10 VUs, 3499 complete and 0 interrupted iterations
default   [  44% ] 10/10 VUs  1m45.0s/4m00.0s

running (1m46.0s), 10/10 VUs, 3535 complete and 0 interrupted iterations
default   [  44% ] 10/10 VUs  1m46.0s/4m00.0s

running (1m47.0s), 10/10 VUs, 3567 complete and 0 interrupted iterations
default   [  45% ] 10/10 VUs  1m47.0s/4m00.0s

running (1m48.0s), 10/10 VUs, 3603 complete and 0 interrupted iterations
default   [  45% ] 10/10 VUs  1m48.0s/4m00.0s

running (1m49.0s), 10/10 VUs, 3635 complete and 0 interrupted iterations
default   [  45% ] 10/10 VUs  1m49.0s/4m00.0s

running (1m50.0s), 10/10 VUs, 3671 complete and 0 interrupted iterations
default   [  46% ] 10/10 VUs  1m50.0s/4m00.0s

running (1m51.0s), 10/10 VUs, 3703 complete and 0 interrupted iterations
default   [  46% ] 10/10 VUs  1m51.0s/4m00.0s

running (1m52.0s), 10/10 VUs, 3738 complete and 0 interrupted iterations
default   [  47% ] 10/10 VUs  1m52.0s/4m00.0s

running (1m53.0s), 10/10 VUs, 3771 complete and 0 interrupted iterations
default   [  47% ] 10/10 VUs  1m53.0s/4m00.0s

running (1m54.0s), 10/10 VUs, 3806 complete and 0 interrupted iterations
default   [  47% ] 10/10 VUs  1m54.0s/4m00.0s

running (1m55.0s), 10/10 VUs, 3839 complete and 0 interrupted iterations
default   [  48% ] 10/10 VUs  1m55.0s/4m00.0s

running (1m56.0s), 10/10 VUs, 3873 complete and 0 interrupted iterations
default   [  48% ] 10/10 VUs  1m56.0s/4m00.0s

running (1m57.0s), 10/10 VUs, 3907 complete and 0 interrupted iterations
default   [  49% ] 10/10 VUs  1m57.0s/4m00.0s

running (1m58.0s), 10/10 VUs, 3940 complete and 0 interrupted iterations
default   [  49% ] 10/10 VUs  1m58.0s/4m00.0s

running (1m59.0s), 10/10 VUs, 3975 complete and 0 interrupted iterations
default   [  50% ] 10/10 VUs  1m59.0s/4m00.0s

running (2m00.0s), 10/10 VUs, 4007 complete and 0 interrupted iterations
default   [  50% ] 10/10 VUs  2m00.0s/4m00.0s

running (2m01.0s), 10/10 VUs, 4043 complete and 0 interrupted iterations
default   [  50% ] 10/10 VUs  2m01.0s/4m00.0s

running (2m02.0s), 10/10 VUs, 4075 complete and 0 interrupted iterations
default   [  51% ] 10/10 VUs  2m02.0s/4m00.0s

running (2m03.0s), 10/10 VUs, 4111 complete and 0 interrupted iterations
default   [  51% ] 10/10 VUs  2m03.0s/4m00.0s

running (2m04.0s), 10/10 VUs, 4143 complete and 0 interrupted iterations
default   [  52% ] 10/10 VUs  2m04.0s/4m00.0s

running (2m05.0s), 10/10 VUs, 4179 complete and 0 interrupted iterations
default   [  52% ] 10/10 VUs  2m05.0s/4m00.0s

running (2m06.0s), 10/10 VUs, 4211 complete and 0 interrupted iterations
default   [  52% ] 10/10 VUs  2m06.0s/4m00.0s

running (2m07.0s), 10/10 VUs, 4247 complete and 0 interrupted iterations
default   [  53% ] 10/10 VUs  2m07.0s/4m00.0s

running (2m08.0s), 10/10 VUs, 4279 complete and 0 interrupted iterations
default   [  53% ] 10/10 VUs  2m08.0s/4m00.0s

running (2m09.0s), 10/10 VUs, 4315 complete and 0 interrupted iterations
default   [  54% ] 10/10 VUs  2m09.0s/4m00.0s

running (2m10.0s), 10/10 VUs, 4347 complete and 0 interrupted iterations
default   [  54% ] 10/10 VUs  2m10.0s/4m00.0s

running (2m11.0s), 10/10 VUs, 4381 complete and 0 interrupted iterations
default   [  55% ] 10/10 VUs  2m11.0s/4m00.0s

running (2m12.0s), 10/10 VUs, 4415 complete and 0 interrupted iterations
default   [  55% ] 10/10 VUs  2m12.0s/4m00.0s

running (2m13.0s), 10/10 VUs, 4449 complete and 0 interrupted iterations
default   [  55% ] 10/10 VUs  2m13.0s/4m00.0s

running (2m14.0s), 10/10 VUs, 4483 complete and 0 interrupted iterations
default   [  56% ] 10/10 VUs  2m14.0s/4m00.0s

running (2m15.0s), 10/10 VUs, 4516 complete and 0 interrupted iterations
default   [  56% ] 10/10 VUs  2m15.0s/4m00.0s

running (2m16.0s), 10/10 VUs, 4551 complete and 0 interrupted iterations
default   [  57% ] 10/10 VUs  2m16.0s/4m00.0s

running (2m17.0s), 10/10 VUs, 4584 complete and 0 interrupted iterations
default   [  57% ] 10/10 VUs  2m17.0s/4m00.0s

running (2m18.0s), 10/10 VUs, 4619 complete and 0 interrupted iterations
default   [  57% ] 10/10 VUs  2m18.0s/4m00.0s

running (2m19.0s), 10/10 VUs, 4651 complete and 0 interrupted iterations
default   [  58% ] 10/10 VUs  2m19.0s/4m00.0s

running (2m20.0s), 10/10 VUs, 4687 complete and 0 interrupted iterations
default   [  58% ] 10/10 VUs  2m20.0s/4m00.0s

running (2m21.0s), 10/10 VUs, 4719 complete and 0 interrupted iterations
default   [  59% ] 10/10 VUs  2m21.0s/4m00.0s

running (2m22.0s), 10/10 VUs, 4755 complete and 0 interrupted iterations
default   [  59% ] 10/10 VUs  2m22.0s/4m00.0s

running (2m23.0s), 10/10 VUs, 4787 complete and 0 interrupted iterations
default   [  60% ] 10/10 VUs  2m23.0s/4m00.0s

running (2m24.0s), 10/10 VUs, 4822 complete and 0 interrupted iterations
default   [  60% ] 10/10 VUs  2m24.0s/4m00.0s

running (2m25.0s), 10/10 VUs, 4855 complete and 0 interrupted iterations
default   [  60% ] 10/10 VUs  2m25.0s/4m00.0s

running (2m26.0s), 10/10 VUs, 4890 complete and 0 interrupted iterations
default   [  61% ] 10/10 VUs  2m26.0s/4m00.0s

running (2m27.0s), 10/10 VUs, 4923 complete and 0 interrupted iterations
default   [  61% ] 10/10 VUs  2m27.0s/4m00.0s

running (2m28.0s), 10/10 VUs, 4957 complete and 0 interrupted iterations
default   [  62% ] 10/10 VUs  2m28.0s/4m00.0s

running (2m29.0s), 10/10 VUs, 4991 complete and 0 interrupted iterations
default   [  62% ] 10/10 VUs  2m29.0s/4m00.0s

running (2m30.0s), 10/10 VUs, 5024 complete and 0 interrupted iterations
default   [  62% ] 10/10 VUs  2m30.0s/4m00.0s

running (2m31.0s), 10/10 VUs, 5059 complete and 0 interrupted iterations
default   [  63% ] 10/10 VUs  2m31.0s/4m00.0s

running (2m32.0s), 10/10 VUs, 5092 complete and 0 interrupted iterations
default   [  63% ] 10/10 VUs  2m32.0s/4m00.0s

running (2m33.0s), 10/10 VUs, 5127 complete and 0 interrupted iterations
default   [  64% ] 10/10 VUs  2m33.0s/4m00.0s

running (2m34.0s), 10/10 VUs, 5160 complete and 0 interrupted iterations
default   [  64% ] 10/10 VUs  2m34.0s/4m00.0s

running (2m35.0s), 10/10 VUs, 5195 complete and 0 interrupted iterations
default   [  65% ] 10/10 VUs  2m35.0s/4m00.0s

running (2m36.0s), 10/10 VUs, 5227 complete and 0 interrupted iterations
default   [  65% ] 10/10 VUs  2m36.0s/4m00.0s

running (2m37.0s), 10/10 VUs, 5263 complete and 0 interrupted iterations
default   [  65% ] 10/10 VUs  2m37.0s/4m00.0s

running (2m38.0s), 10/10 VUs, 5295 complete and 0 interrupted iterations
default   [  66% ] 10/10 VUs  2m38.0s/4m00.0s

running (2m39.0s), 10/10 VUs, 5331 complete and 0 interrupted iterations
default   [  66% ] 10/10 VUs  2m39.0s/4m00.0s

running (2m40.0s), 10/10 VUs, 5363 complete and 0 interrupted iterations
default   [  67% ] 10/10 VUs  2m40.0s/4m00.0s

running (2m41.0s), 10/10 VUs, 5398 complete and 0 interrupted iterations
default   [  67% ] 10/10 VUs  2m41.0s/4m00.0s

running (2m42.0s), 10/10 VUs, 5431 complete and 0 interrupted iterations
default   [  67% ] 10/10 VUs  2m42.0s/4m00.0s

running (2m43.0s), 10/10 VUs, 5466 complete and 0 interrupted iterations
default   [  68% ] 10/10 VUs  2m43.0s/4m00.0s

running (2m44.0s), 10/10 VUs, 5499 complete and 0 interrupted iterations
default   [  68% ] 10/10 VUs  2m44.0s/4m00.0s

running (2m45.0s), 10/10 VUs, 5534 complete and 0 interrupted iterations
default   [  69% ] 10/10 VUs  2m45.0s/4m00.0s

running (2m46.0s), 10/10 VUs, 5567 complete and 0 interrupted iterations
default   [  69% ] 10/10 VUs  2m46.0s/4m00.0s

running (2m47.0s), 10/10 VUs, 5602 complete and 0 interrupted iterations
default   [  70% ] 10/10 VUs  2m47.0s/4m00.0s

running (2m48.0s), 10/10 VUs, 5635 complete and 0 interrupted iterations
default   [  70% ] 10/10 VUs  2m48.0s/4m00.0s

running (2m49.0s), 10/10 VUs, 5668 complete and 0 interrupted iterations
default   [  70% ] 10/10 VUs  2m49.0s/4m00.0s

running (2m50.0s), 10/10 VUs, 5703 complete and 0 interrupted iterations
default   [  71% ] 10/10 VUs  2m50.0s/4m00.0s

running (2m51.0s), 10/10 VUs, 5735 complete and 0 interrupted iterations
default   [  71% ] 10/10 VUs  2m51.0s/4m00.0s

running (2m52.0s), 10/10 VUs, 5771 complete and 0 interrupted iterations
default   [  72% ] 10/10 VUs  2m52.0s/4m00.0s

running (2m53.0s), 10/10 VUs, 5803 complete and 0 interrupted iterations
default   [  72% ] 10/10 VUs  2m53.0s/4m00.0s

running (2m54.0s), 10/10 VUs, 5838 complete and 0 interrupted iterations
default   [  72% ] 10/10 VUs  2m54.0s/4m00.0s

running (2m55.0s), 10/10 VUs, 5871 complete and 0 interrupted iterations
default   [  73% ] 10/10 VUs  2m55.0s/4m00.0s

running (2m56.0s), 10/10 VUs, 5906 complete and 0 interrupted iterations
default   [  73% ] 10/10 VUs  2m56.0s/4m00.0s

running (2m57.0s), 10/10 VUs, 5939 complete and 0 interrupted iterations
default   [  74% ] 10/10 VUs  2m57.0s/4m00.0s

running (2m58.0s), 10/10 VUs, 5974 complete and 0 interrupted iterations
default   [  74% ] 10/10 VUs  2m58.0s/4m00.0s

running (2m59.0s), 10/10 VUs, 6007 complete and 0 interrupted iterations
default   [  75% ] 10/10 VUs  2m59.0s/4m00.0s

running (3m00.0s), 10/10 VUs, 6042 complete and 0 interrupted iterations
default   [  75% ] 10/10 VUs  3m00.0s/4m00.0s

running (3m01.0s), 10/10 VUs, 6075 complete and 0 interrupted iterations
default   [  75% ] 10/10 VUs  3m01.0s/4m00.0s

running (3m02.0s), 10/10 VUs, 6110 complete and 0 interrupted iterations
default   [  76% ] 10/10 VUs  3m02.0s/4m00.0s

running (3m03.0s), 10/10 VUs, 6143 complete and 0 interrupted iterations
default   [  76% ] 10/10 VUs  3m03.0s/4m00.0s

running (3m04.0s), 10/10 VUs, 6178 complete and 0 interrupted iterations
default   [  77% ] 10/10 VUs  3m04.0s/4m00.0s

running (3m05.0s), 10/10 VUs, 6211 complete and 0 interrupted iterations
default   [  77% ] 10/10 VUs  3m05.0s/4m00.0s

running (3m06.0s), 10/10 VUs, 6245 complete and 0 interrupted iterations
default   [  77% ] 10/10 VUs  3m06.0s/4m00.0s

running (3m07.0s), 10/10 VUs, 6278 complete and 0 interrupted iterations
default   [  78% ] 10/10 VUs  3m07.0s/4m00.0s

running (3m08.0s), 10/10 VUs, 6313 complete and 0 interrupted iterations
default   [  78% ] 10/10 VUs  3m08.0s/4m00.0s

running (3m09.0s), 10/10 VUs, 6346 complete and 0 interrupted iterations
default   [  79% ] 10/10 VUs  3m09.0s/4m00.0s

running (3m10.0s), 10/10 VUs, 6381 complete and 0 interrupted iterations
default   [  79% ] 10/10 VUs  3m10.0s/4m00.0s

running (3m11.0s), 10/10 VUs, 6414 complete and 0 interrupted iterations
default   [  80% ] 10/10 VUs  3m11.0s/4m00.0s

running (3m12.0s), 10/10 VUs, 6449 complete and 0 interrupted iterations
default   [  80% ] 10/10 VUs  3m12.0s/4m00.0s

running (3m13.0s), 10/10 VUs, 6482 complete and 0 interrupted iterations
default   [  80% ] 10/10 VUs  3m13.0s/4m00.0s

running (3m14.0s), 10/10 VUs, 6517 complete and 0 interrupted iterations
default   [  81% ] 10/10 VUs  3m14.0s/4m00.0s

running (3m15.0s), 10/10 VUs, 6550 complete and 0 interrupted iterations
default   [  81% ] 10/10 VUs  3m15.0s/4m00.0s

running (3m16.0s), 10/10 VUs, 6584 complete and 0 interrupted iterations
default   [  82% ] 10/10 VUs  3m16.0s/4m00.0s

running (3m17.0s), 10/10 VUs, 6617 complete and 0 interrupted iterations
default   [  82% ] 10/10 VUs  3m17.0s/4m00.0s

running (3m18.0s), 10/10 VUs, 6651 complete and 0 interrupted iterations
default   [  82% ] 10/10 VUs  3m18.0s/4m00.0s

running (3m19.0s), 10/10 VUs, 6686 complete and 0 interrupted iterations
default   [  83% ] 10/10 VUs  3m19.0s/4m00.0s

running (3m20.0s), 10/10 VUs, 6718 complete and 0 interrupted iterations
default   [  83% ] 10/10 VUs  3m20.0s/4m00.0s

running (3m21.0s), 10/10 VUs, 6754 complete and 0 interrupted iterations
default   [  84% ] 10/10 VUs  3m21.0s/4m00.0s

running (3m22.0s), 10/10 VUs, 6786 complete and 0 interrupted iterations
default   [  84% ] 10/10 VUs  3m22.0s/4m00.0s

running (3m23.0s), 10/10 VUs, 6821 complete and 0 interrupted iterations
default   [  85% ] 10/10 VUs  3m23.0s/4m00.0s

running (3m24.0s), 10/10 VUs, 6854 complete and 0 interrupted iterations
default   [  85% ] 10/10 VUs  3m24.0s/4m00.0s

running (3m25.0s), 10/10 VUs, 6890 complete and 0 interrupted iterations
default   [  85% ] 10/10 VUs  3m25.0s/4m00.0s

running (3m26.0s), 10/10 VUs, 6922 complete and 0 interrupted iterations
default   [  86% ] 10/10 VUs  3m26.0s/4m00.0s

running (3m27.0s), 10/10 VUs, 6955 complete and 0 interrupted iterations
default   [  86% ] 10/10 VUs  3m27.0s/4m00.0s

running (3m28.0s), 10/10 VUs, 6990 complete and 0 interrupted iterations
default   [  87% ] 10/10 VUs  3m28.0s/4m00.0s

running (3m29.0s), 10/10 VUs, 7023 complete and 0 interrupted iterations
default   [  87% ] 10/10 VUs  3m29.0s/4m00.0s

running (3m30.0s), 10/10 VUs, 7058 complete and 0 interrupted iterations
default   [  87% ] 10/10 VUs  3m30.0s/4m00.0s

running (3m31.0s), 10/10 VUs, 7091 complete and 0 interrupted iterations
default   [  88% ] 10/10 VUs  3m31.0s/4m00.0s

running (3m32.0s), 10/10 VUs, 7126 complete and 0 interrupted iterations
default   [  88% ] 10/10 VUs  3m32.0s/4m00.0s

running (3m33.0s), 10/10 VUs, 7159 complete and 0 interrupted iterations
default   [  89% ] 10/10 VUs  3m33.0s/4m00.0s

running (3m34.0s), 09/10 VUs, 7194 complete and 0 interrupted iterations
default   [  89% ] 09/10 VUs  3m34.0s/4m00.0s

running (3m35.0s), 09/10 VUs, 7227 complete and 0 interrupted iterations
default   [  90% ] 09/10 VUs  3m35.0s/4m00.0s

running (3m36.0s), 09/10 VUs, 7262 complete and 0 interrupted iterations
default   [  90% ] 09/10 VUs  3m36.0s/4m00.0s

running (3m37.0s), 08/10 VUs, 7294 complete and 0 interrupted iterations
default   [  90% ] 08/10 VUs  3m37.0s/4m00.0s

running (3m38.0s), 08/10 VUs, 7330 complete and 0 interrupted iterations
default   [  91% ] 08/10 VUs  3m38.0s/4m00.0s

running (3m39.0s), 08/10 VUs, 7362 complete and 0 interrupted iterations
default   [  91% ] 08/10 VUs  3m39.0s/4m00.0s

running (3m40.0s), 07/10 VUs, 7397 complete and 0 interrupted iterations
default   [  92% ] 07/10 VUs  3m40.0s/4m00.0s

running (3m41.0s), 07/10 VUs, 7430 complete and 0 interrupted iterations
default   [  92% ] 07/10 VUs  3m41.0s/4m00.0s

running (3m42.0s), 07/10 VUs, 7465 complete and 0 interrupted iterations
default   [  92% ] 07/10 VUs  3m42.0s/4m00.0s

running (3m43.0s), 06/10 VUs, 7498 complete and 0 interrupted iterations
default   [  93% ] 06/10 VUs  3m43.0s/4m00.0s

running (3m44.0s), 06/10 VUs, 7532 complete and 0 interrupted iterations
default   [  93% ] 06/10 VUs  3m44.0s/4m00.0s

running (3m45.0s), 06/10 VUs, 7566 complete and 0 interrupted iterations
default   [  94% ] 06/10 VUs  3m45.0s/4m00.0s

running (3m46.0s), 05/10 VUs, 7600 complete and 0 interrupted iterations
default   [  94% ] 05/10 VUs  3m46.0s/4m00.0s

running (3m47.0s), 05/10 VUs, 7634 complete and 0 interrupted iterations
default   [  95% ] 05/10 VUs  3m47.0s/4m00.0s

running (3m48.0s), 05/10 VUs, 7668 complete and 0 interrupted iterations
default   [  95% ] 05/10 VUs  3m48.0s/4m00.0s

running (3m49.0s), 04/10 VUs, 7702 complete and 0 interrupted iterations
default   [  95% ] 04/10 VUs  3m49.0s/4m00.0s

running (3m50.0s), 04/10 VUs, 7736 complete and 0 interrupted iterations
default   [  96% ] 04/10 VUs  3m50.0s/4m00.0s

running (3m51.0s), 04/10 VUs, 7770 complete and 0 interrupted iterations
default   [  96% ] 04/10 VUs  3m51.0s/4m00.0s

running (3m52.0s), 03/10 VUs, 7805 complete and 0 interrupted iterations
default   [  97% ] 03/10 VUs  3m52.0s/4m00.0s

running (3m53.0s), 03/10 VUs, 7839 complete and 0 interrupted iterations
default   [  97% ] 03/10 VUs  3m53.0s/4m00.0s

running (3m54.0s), 03/10 VUs, 7873 complete and 0 interrupted iterations
default   [  97% ] 03/10 VUs  3m54.0s/4m00.0s

running (3m55.0s), 02/10 VUs, 7906 complete and 0 interrupted iterations
default   [  98% ] 02/10 VUs  3m55.0s/4m00.0s

running (3m56.0s), 02/10 VUs, 7940 complete and 0 interrupted iterations
default   [  98% ] 02/10 VUs  3m56.0s/4m00.0s

running (3m57.0s), 02/10 VUs, 7974 complete and 0 interrupted iterations
default   [  99% ] 02/10 VUs  3m57.0s/4m00.0s

running (3m58.0s), 01/10 VUs, 7993 complete and 0 interrupted iterations
default   [  99% ] 01/10 VUs  3m58.0s/4m00.0s

running (3m59.0s), 01/10 VUs, 8010 complete and 0 interrupted iterations
default   [ 100% ] 01/10 VUs  3m59.0s/4m00.0s

running (4m00.0s), 01/10 VUs, 8027 complete and 0 interrupted iterations
default   [ 100% ] 01/10 VUs  4m00.0s/4m00.0s


  █ THRESHOLDS 

    checks
    ✓ 'rate>0.95' rate=100.00%

    http_req_duration
    ✓ 'p(95)<5000' p(95)=361.12ms
    ✓ 'p(99)<10000' p(99)=475.3ms

    http_req_failed
    ✓ 'rate<0.05' rate=0.00%


  █ TOTAL RESULTS 

    checks_total.......: 32116   133.78863/s
    checks_succeeded...: 100.00% 32116 out of 32116
    checks_failed......: 0.00%   0 out of 32116

    ✓ status is 200
    ✓ content-type is json
    ✓ workloadType is CPU-BOUND
    ✓ executionTimeMs exists

    CUSTOM
    response_time_ms...............: min=56.628036 avg=263.347444 med=236.702275 max=621.821865 p(90)=356.324322 p(95)=361.129405 p(99)=475.300588
    successful_requests............: 8029   33.447158/s

    HTTP
    http_req_duration..............: min=56.62ms   avg=263.34ms   med=236.7ms    max=621.82ms   p(90)=356.32ms   p(95)=361.12ms   p(99)=475.3ms   
      { expected_response:true }...: min=56.62ms   avg=263.34ms   med=236.7ms    max=621.82ms   p(90)=356.32ms   p(95)=361.12ms   p(99)=475.3ms   
    http_req_failed................: 0.00%  0 out of 8029
    http_reqs......................: 8029   33.447158/s

    EXECUTION
    iteration_duration.............: min=56.78ms   avg=263.5ms    med=236.87ms   max=622.82ms   p(90)=356.47ms   p(95)=361.29ms   p(99)=475.46ms  
    iterations.....................: 8029   33.447158/s
    vus............................: 1      min=1         max=10
    vus_max........................: 10     min=10        max=10

    NETWORK
    data_received..................: 1.8 MB 7.7 kB/s
    data_sent......................: 642 kB 2.7 kB/s




running (4m00.1s), 00/10 VUs, 8029 complete and 0 interrupted iterations
default ✓ [ 100% ] 00/10 VUs  4m0s
