
         /\      Grafana   /‾‾/  
    /\  /  \     |\  __   /  /   
   /  \/    \    | |/ /  /   ‾‾\ 
  /          \   |   (  |  (‾)  |
 / __________ \  |_|\_\  \_____/ 


     execution: local
        script: io-bound-test.js
        output: -

     scenarios: (100.00%) 1 scenario, 150 max VUs, 4m30s max duration (incl. graceful stop):
              * default: Up to 150 looping VUs for 4m0s over 3 stages (gracefulRampDown: 30s, gracefulStop: 30s)


running (0m00.9s), 005/150 VUs, 50 complete and 0 interrupted iterations
default   [   0% ] 005/150 VUs  0m00.9s/4m00.0s

running (0m01.9s), 010/150 VUs, 195 complete and 0 interrupted iterations
default   [   1% ] 010/150 VUs  0m01.9s/4m00.0s

running (0m02.9s), 015/150 VUs, 439 complete and 0 interrupted iterations
default   [   1% ] 015/150 VUs  0m02.9s/4m00.0s

running (0m03.9s), 020/150 VUs, 777 complete and 0 interrupted iterations
default   [   2% ] 020/150 VUs  0m03.9s/4m00.0s

running (0m04.9s), 025/150 VUs, 1209 complete and 0 interrupted iterations
default   [   2% ] 025/150 VUs  0m04.9s/4m00.0s

running (0m05.9s), 030/150 VUs, 1743 complete and 0 interrupted iterations
default   [   2% ] 030/150 VUs  0m05.9s/4m00.0s

running (0m06.9s), 035/150 VUs, 2373 complete and 0 interrupted iterations
default   [   3% ] 035/150 VUs  0m06.9s/4m00.0s

running (0m07.9s), 040/150 VUs, 3090 complete and 0 interrupted iterations
default   [   3% ] 040/150 VUs  0m07.9s/4m00.0s

running (0m08.9s), 045/150 VUs, 3911 complete and 0 interrupted iterations
default   [   4% ] 045/150 VUs  0m08.9s/4m00.0s

running (0m09.9s), 050/150 VUs, 4826 complete and 0 interrupted iterations
default   [   4% ] 050/150 VUs  0m09.9s/4m00.0s

running (0m10.9s), 055/150 VUs, 5805 complete and 0 interrupted iterations
default   [   5% ] 055/150 VUs  0m10.9s/4m00.0s

running (0m11.9s), 060/150 VUs, 6787 complete and 0 interrupted iterations
default   [   5% ] 060/150 VUs  0m11.9s/4m00.0s

running (0m12.9s), 065/150 VUs, 7776 complete and 0 interrupted iterations
default   [   5% ] 065/150 VUs  0m12.9s/4m00.0s

running (0m13.9s), 070/150 VUs, 8737 complete and 0 interrupted iterations
default   [   6% ] 070/150 VUs  0m13.9s/4m00.0s

running (0m14.9s), 075/150 VUs, 9726 complete and 0 interrupted iterations
default   [   6% ] 075/150 VUs  0m14.9s/4m00.0s

running (0m15.9s), 080/150 VUs, 10705 complete and 0 interrupted iterations
default   [   7% ] 080/150 VUs  0m15.9s/4m00.0s

running (0m16.9s), 085/150 VUs, 11679 complete and 0 interrupted iterations
default   [   7% ] 085/150 VUs  0m16.9s/4m00.0s

running (0m17.9s), 090/150 VUs, 12669 complete and 0 interrupted iterations
default   [   7% ] 090/150 VUs  0m17.9s/4m00.0s

running (0m18.9s), 095/150 VUs, 13637 complete and 0 interrupted iterations
default   [   8% ] 095/150 VUs  0m18.9s/4m00.0s

running (0m19.9s), 100/150 VUs, 14626 complete and 0 interrupted iterations
default   [   8% ] 100/150 VUs  0m19.9s/4m00.0s

running (0m20.9s), 104/150 VUs, 15605 complete and 0 interrupted iterations
default   [   9% ] 104/150 VUs  0m20.9s/4m00.0s

running (0m21.9s), 109/150 VUs, 16576 complete and 0 interrupted iterations
default   [   9% ] 109/150 VUs  0m21.9s/4m00.0s

running (0m22.9s), 114/150 VUs, 17555 complete and 0 interrupted iterations
default   [  10% ] 114/150 VUs  0m22.9s/4m00.0s

running (0m23.9s), 119/150 VUs, 18555 complete and 0 interrupted iterations
default   [  10% ] 119/150 VUs  0m23.9s/4m00.0s

running (0m24.9s), 124/150 VUs, 19526 complete and 0 interrupted iterations
default   [  10% ] 124/150 VUs  0m24.9s/4m00.0s

running (0m25.9s), 129/150 VUs, 20505 complete and 0 interrupted iterations
default   [  11% ] 129/150 VUs  0m25.9s/4m00.0s

running (0m26.9s), 134/150 VUs, 21476 complete and 0 interrupted iterations
default   [  11% ] 134/150 VUs  0m26.9s/4m00.0s

running (0m27.9s), 139/150 VUs, 22455 complete and 0 interrupted iterations
default   [  12% ] 139/150 VUs  0m27.9s/4m00.0s

running (0m28.9s), 144/150 VUs, 23436 complete and 0 interrupted iterations
default   [  12% ] 144/150 VUs  0m28.9s/4m00.0s

running (0m29.9s), 149/150 VUs, 24405 complete and 0 interrupted iterations
default   [  12% ] 149/150 VUs  0m29.9s/4m00.0s

running (0m30.9s), 150/150 VUs, 25405 complete and 0 interrupted iterations
default   [  13% ] 150/150 VUs  0m30.9s/4m00.0s

running (0m31.9s), 150/150 VUs, 26376 complete and 0 interrupted iterations
default   [  13% ] 150/150 VUs  0m31.9s/4m00.0s

running (0m32.9s), 150/150 VUs, 27355 complete and 0 interrupted iterations
default   [  14% ] 150/150 VUs  0m32.9s/4m00.0s

running (0m33.9s), 150/150 VUs, 28326 complete and 0 interrupted iterations
default   [  14% ] 150/150 VUs  0m33.9s/4m00.0s

running (0m34.9s), 150/150 VUs, 29305 complete and 0 interrupted iterations
default   [  15% ] 150/150 VUs  0m34.9s/4m00.0s

running (0m35.9s), 150/150 VUs, 30305 complete and 0 interrupted iterations
default   [  15% ] 150/150 VUs  0m35.9s/4m00.0s

running (0m36.9s), 150/150 VUs, 31273 complete and 0 interrupted iterations
default   [  15% ] 150/150 VUs  0m36.9s/4m00.0s

running (0m37.9s), 150/150 VUs, 32255 complete and 0 interrupted iterations
default   [  16% ] 150/150 VUs  0m37.9s/4m00.0s

running (0m38.9s), 150/150 VUs, 33236 complete and 0 interrupted iterations
default   [  16% ] 150/150 VUs  0m38.9s/4m00.0s

running (0m39.9s), 150/150 VUs, 34205 complete and 0 interrupted iterations
default   [  17% ] 150/150 VUs  0m39.9s/4m00.0s

running (0m40.9s), 150/150 VUs, 35205 complete and 0 interrupted iterations
default   [  17% ] 150/150 VUs  0m40.9s/4m00.0s

running (0m41.9s), 150/150 VUs, 36160 complete and 0 interrupted iterations
default   [  17% ] 150/150 VUs  0m41.9s/4m00.0s

running (0m42.9s), 150/150 VUs, 37155 complete and 0 interrupted iterations
default   [  18% ] 150/150 VUs  0m42.9s/4m00.0s

running (0m43.9s), 150/150 VUs, 38130 complete and 0 interrupted iterations
default   [  18% ] 150/150 VUs  0m43.9s/4m00.0s

running (0m44.9s), 150/150 VUs, 39105 complete and 0 interrupted iterations
default   [  19% ] 150/150 VUs  0m44.9s/4m00.0s

running (0m45.9s), 150/150 VUs, 40105 complete and 0 interrupted iterations
default   [  19% ] 150/150 VUs  0m45.9s/4m00.0s

running (0m46.9s), 150/150 VUs, 41055 complete and 0 interrupted iterations
default   [  20% ] 150/150 VUs  0m46.9s/4m00.0s

running (0m47.9s), 150/150 VUs, 42055 complete and 0 interrupted iterations
default   [  20% ] 150/150 VUs  0m47.9s/4m00.0s

running (0m48.9s), 150/150 VUs, 43037 complete and 0 interrupted iterations
default   [  20% ] 150/150 VUs  0m48.9s/4m00.0s

running (0m49.9s), 150/150 VUs, 44005 complete and 0 interrupted iterations
default   [  21% ] 150/150 VUs  0m49.9s/4m00.0s

running (0m50.9s), 150/150 VUs, 45005 complete and 0 interrupted iterations
default   [  21% ] 150/150 VUs  0m50.9s/4m00.0s

running (0m51.9s), 150/150 VUs, 45955 complete and 0 interrupted iterations
default   [  22% ] 150/150 VUs  0m51.9s/4m00.0s

running (0m52.9s), 150/150 VUs, 46955 complete and 0 interrupted iterations
default   [  22% ] 150/150 VUs  0m52.9s/4m00.0s

running (0m53.9s), 150/150 VUs, 47916 complete and 0 interrupted iterations
default   [  22% ] 150/150 VUs  0m53.9s/4m00.0s

running (0m54.9s), 150/150 VUs, 48905 complete and 0 interrupted iterations
default   [  23% ] 150/150 VUs  0m54.9s/4m00.0s

running (0m55.9s), 150/150 VUs, 49905 complete and 0 interrupted iterations
default   [  23% ] 150/150 VUs  0m55.9s/4m00.0s

running (0m56.9s), 150/150 VUs, 50855 complete and 0 interrupted iterations
default   [  24% ] 150/150 VUs  0m56.9s/4m00.0s

running (0m57.9s), 150/150 VUs, 51855 complete and 0 interrupted iterations
default   [  24% ] 150/150 VUs  0m57.9s/4m00.0s

running (0m58.9s), 150/150 VUs, 52805 complete and 0 interrupted iterations
default   [  25% ] 150/150 VUs  0m58.9s/4m00.0s

running (0m59.9s), 150/150 VUs, 53805 complete and 0 interrupted iterations
default   [  25% ] 150/150 VUs  0m59.9s/4m00.0s

running (1m00.9s), 150/150 VUs, 54790 complete and 0 interrupted iterations
default   [  25% ] 150/150 VUs  1m00.9s/4m00.0s

running (1m01.9s), 150/150 VUs, 55755 complete and 0 interrupted iterations
default   [  26% ] 150/150 VUs  1m01.9s/4m00.0s

running (1m02.9s), 150/150 VUs, 56755 complete and 0 interrupted iterations
default   [  26% ] 150/150 VUs  1m02.9s/4m00.0s

running (1m03.9s), 150/150 VUs, 57705 complete and 0 interrupted iterations
default   [  27% ] 150/150 VUs  1m03.9s/4m00.0s

running (1m04.9s), 150/150 VUs, 58705 complete and 0 interrupted iterations
default   [  27% ] 150/150 VUs  1m04.9s/4m00.0s

running (1m05.9s), 150/150 VUs, 59683 complete and 0 interrupted iterations
default   [  27% ] 150/150 VUs  1m05.9s/4m00.0s

running (1m06.9s), 150/150 VUs, 60655 complete and 0 interrupted iterations
default   [  28% ] 150/150 VUs  1m06.9s/4m00.0s

running (1m07.9s), 150/150 VUs, 61654 complete and 0 interrupted iterations
default   [  28% ] 150/150 VUs  1m07.9s/4m00.0s

running (1m08.9s), 150/150 VUs, 62605 complete and 0 interrupted iterations
default   [  29% ] 150/150 VUs  1m08.9s/4m00.0s

running (1m09.9s), 150/150 VUs, 63605 complete and 0 interrupted iterations
default   [  29% ] 150/150 VUs  1m09.9s/4m00.0s

running (1m10.9s), 150/150 VUs, 64564 complete and 0 interrupted iterations
default   [  30% ] 150/150 VUs  1m10.9s/4m00.0s

running (1m11.9s), 150/150 VUs, 65555 complete and 0 interrupted iterations
default   [  30% ] 150/150 VUs  1m11.9s/4m00.0s

running (1m12.9s), 150/150 VUs, 66552 complete and 0 interrupted iterations
default   [  30% ] 150/150 VUs  1m12.9s/4m00.0s

running (1m13.9s), 150/150 VUs, 67505 complete and 0 interrupted iterations
default   [  31% ] 150/150 VUs  1m13.9s/4m00.0s

running (1m14.9s), 150/150 VUs, 68505 complete and 0 interrupted iterations
default   [  31% ] 150/150 VUs  1m14.9s/4m00.0s

running (1m15.9s), 150/150 VUs, 69455 complete and 0 interrupted iterations
default   [  32% ] 150/150 VUs  1m15.9s/4m00.0s

running (1m16.9s), 150/150 VUs, 70455 complete and 0 interrupted iterations
default   [  32% ] 150/150 VUs  1m16.9s/4m00.0s

running (1m17.9s), 150/150 VUs, 71440 complete and 0 interrupted iterations
default   [  32% ] 150/150 VUs  1m17.9s/4m00.0s

running (1m18.9s), 150/150 VUs, 72405 complete and 0 interrupted iterations
default   [  33% ] 150/150 VUs  1m18.9s/4m00.0s

running (1m19.9s), 150/150 VUs, 73405 complete and 0 interrupted iterations
default   [  33% ] 150/150 VUs  1m19.9s/4m00.0s

running (1m20.9s), 150/150 VUs, 74355 complete and 0 interrupted iterations
default   [  34% ] 150/150 VUs  1m20.9s/4m00.0s

running (1m21.9s), 150/150 VUs, 75355 complete and 0 interrupted iterations
default   [  34% ] 150/150 VUs  1m21.9s/4m00.0s

running (1m22.9s), 150/150 VUs, 76330 complete and 0 interrupted iterations
default   [  35% ] 150/150 VUs  1m22.9s/4m00.0s

running (1m23.9s), 150/150 VUs, 77305 complete and 0 interrupted iterations
default   [  35% ] 150/150 VUs  1m23.9s/4m00.0s

running (1m24.9s), 150/150 VUs, 78305 complete and 0 interrupted iterations
default   [  35% ] 150/150 VUs  1m24.9s/4m00.0s

running (1m25.9s), 150/150 VUs, 79255 complete and 0 interrupted iterations
default   [  36% ] 150/150 VUs  1m25.9s/4m00.0s

running (1m26.9s), 150/150 VUs, 80255 complete and 0 interrupted iterations
default   [  36% ] 150/150 VUs  1m26.9s/4m00.0s

running (1m27.9s), 150/150 VUs, 81231 complete and 0 interrupted iterations
default   [  37% ] 150/150 VUs  1m27.9s/4m00.0s

running (1m28.9s), 150/150 VUs, 82205 complete and 0 interrupted iterations
default   [  37% ] 150/150 VUs  1m28.9s/4m00.0s

running (1m29.9s), 150/150 VUs, 83205 complete and 0 interrupted iterations
default   [  37% ] 150/150 VUs  1m29.9s/4m00.0s

running (1m30.9s), 150/150 VUs, 84155 complete and 0 interrupted iterations
default   [  38% ] 150/150 VUs  1m30.9s/4m00.0s

running (1m31.9s), 150/150 VUs, 85155 complete and 0 interrupted iterations
default   [  38% ] 150/150 VUs  1m31.9s/4m00.0s

running (1m32.9s), 150/150 VUs, 86105 complete and 0 interrupted iterations
default   [  39% ] 150/150 VUs  1m32.9s/4m00.0s

running (1m33.9s), 150/150 VUs, 87105 complete and 0 interrupted iterations
default   [  39% ] 150/150 VUs  1m33.9s/4m00.0s

running (1m34.9s), 150/150 VUs, 88086 complete and 0 interrupted iterations
default   [  40% ] 150/150 VUs  1m34.9s/4m00.0s

running (1m35.9s), 150/150 VUs, 89055 complete and 0 interrupted iterations
default   [  40% ] 150/150 VUs  1m35.9s/4m00.0s

running (1m36.9s), 150/150 VUs, 90055 complete and 0 interrupted iterations
default   [  40% ] 150/150 VUs  1m36.9s/4m00.0s

running (1m37.9s), 150/150 VUs, 91005 complete and 0 interrupted iterations
default   [  41% ] 150/150 VUs  1m37.9s/4m00.0s

running (1m38.9s), 150/150 VUs, 92005 complete and 0 interrupted iterations
default   [  41% ] 150/150 VUs  1m38.9s/4m00.0s

running (1m39.9s), 150/150 VUs, 92990 complete and 0 interrupted iterations
default   [  42% ] 150/150 VUs  1m39.9s/4m00.0s

running (1m40.9s), 150/150 VUs, 93955 complete and 0 interrupted iterations
default   [  42% ] 150/150 VUs  1m40.9s/4m00.0s

running (1m41.9s), 150/150 VUs, 94955 complete and 0 interrupted iterations
default   [  42% ] 150/150 VUs  1m41.9s/4m00.0s

running (1m42.9s), 150/150 VUs, 95905 complete and 0 interrupted iterations
default   [  43% ] 150/150 VUs  1m42.9s/4m00.0s

running (1m43.9s), 150/150 VUs, 96905 complete and 0 interrupted iterations
default   [  43% ] 150/150 VUs  1m43.9s/4m00.0s

running (1m44.9s), 150/150 VUs, 97855 complete and 0 interrupted iterations
default   [  44% ] 150/150 VUs  1m44.9s/4m00.0s

running (1m45.9s), 150/150 VUs, 98855 complete and 0 interrupted iterations
default   [  44% ] 150/150 VUs  1m45.9s/4m00.0s

running (1m46.9s), 150/150 VUs, 99828 complete and 0 interrupted iterations
default   [  45% ] 150/150 VUs  1m46.9s/4m00.0s

running (1m47.9s), 150/150 VUs, 100805 complete and 0 interrupted iterations
default   [  45% ] 150/150 VUs  1m47.9s/4m00.0s

running (1m48.9s), 150/150 VUs, 101805 complete and 0 interrupted iterations
default   [  45% ] 150/150 VUs  1m48.9s/4m00.0s

running (1m49.9s), 150/150 VUs, 102755 complete and 0 interrupted iterations
default   [  46% ] 150/150 VUs  1m49.9s/4m00.0s

running (1m50.9s), 150/150 VUs, 103755 complete and 0 interrupted iterations
default   [  46% ] 150/150 VUs  1m50.9s/4m00.0s

running (1m51.9s), 150/150 VUs, 104734 complete and 0 interrupted iterations
default   [  47% ] 150/150 VUs  1m51.9s/4m00.0s

running (1m52.9s), 150/150 VUs, 105705 complete and 0 interrupted iterations
default   [  47% ] 150/150 VUs  1m52.9s/4m00.0s

running (1m53.9s), 150/150 VUs, 106705 complete and 0 interrupted iterations
default   [  47% ] 150/150 VUs  1m53.9s/4m00.0s

running (1m54.9s), 150/150 VUs, 107655 complete and 0 interrupted iterations
default   [  48% ] 150/150 VUs  1m54.9s/4m00.0s

running (1m55.9s), 150/150 VUs, 108655 complete and 0 interrupted iterations
default   [  48% ] 150/150 VUs  1m55.9s/4m00.0s

running (1m56.9s), 150/150 VUs, 109605 complete and 0 interrupted iterations
default   [  49% ] 150/150 VUs  1m56.9s/4m00.0s

running (1m57.9s), 150/150 VUs, 110605 complete and 0 interrupted iterations
default   [  49% ] 150/150 VUs  1m57.9s/4m00.0s

running (1m58.9s), 150/150 VUs, 111578 complete and 0 interrupted iterations
default   [  50% ] 150/150 VUs  1m58.9s/4m00.0s

running (1m59.9s), 150/150 VUs, 112555 complete and 0 interrupted iterations
default   [  50% ] 150/150 VUs  1m59.9s/4m00.0s

running (2m00.9s), 150/150 VUs, 113555 complete and 0 interrupted iterations
default   [  50% ] 150/150 VUs  2m00.9s/4m00.0s

running (2m01.9s), 150/150 VUs, 114505 complete and 0 interrupted iterations
default   [  51% ] 150/150 VUs  2m01.9s/4m00.0s

running (2m02.9s), 150/150 VUs, 115505 complete and 0 interrupted iterations
default   [  51% ] 150/150 VUs  2m02.9s/4m00.0s

running (2m03.9s), 150/150 VUs, 116455 complete and 0 interrupted iterations
default   [  52% ] 150/150 VUs  2m03.9s/4m00.0s

running (2m04.9s), 150/150 VUs, 117455 complete and 0 interrupted iterations
default   [  52% ] 150/150 VUs  2m04.9s/4m00.0s

running (2m05.9s), 150/150 VUs, 118425 complete and 0 interrupted iterations
default   [  52% ] 150/150 VUs  2m05.9s/4m00.0s

running (2m06.9s), 150/150 VUs, 119405 complete and 0 interrupted iterations
default   [  53% ] 150/150 VUs  2m06.9s/4m00.0s

running (2m07.9s), 150/150 VUs, 120405 complete and 0 interrupted iterations
default   [  53% ] 150/150 VUs  2m07.9s/4m00.0s

running (2m08.9s), 150/150 VUs, 121355 complete and 0 interrupted iterations
default   [  54% ] 150/150 VUs  2m08.9s/4m00.0s

running (2m09.9s), 150/150 VUs, 122355 complete and 0 interrupted iterations
default   [  54% ] 150/150 VUs  2m09.9s/4m00.0s

running (2m10.9s), 150/150 VUs, 123321 complete and 0 interrupted iterations
default   [  55% ] 150/150 VUs  2m10.9s/4m00.0s

running (2m11.9s), 150/150 VUs, 124305 complete and 0 interrupted iterations
default   [  55% ] 150/150 VUs  2m11.9s/4m00.0s

running (2m12.9s), 150/150 VUs, 125305 complete and 0 interrupted iterations
default   [  55% ] 150/150 VUs  2m12.9s/4m00.0s

running (2m13.9s), 150/150 VUs, 126255 complete and 0 interrupted iterations
default   [  56% ] 150/150 VUs  2m13.9s/4m00.0s

running (2m14.9s), 150/150 VUs, 127255 complete and 0 interrupted iterations
default   [  56% ] 150/150 VUs  2m14.9s/4m00.0s

running (2m15.9s), 150/150 VUs, 128205 complete and 0 interrupted iterations
default   [  57% ] 150/150 VUs  2m15.9s/4m00.0s

running (2m16.9s), 150/150 VUs, 129205 complete and 0 interrupted iterations
default   [  57% ] 150/150 VUs  2m16.9s/4m00.0s

running (2m17.9s), 150/150 VUs, 130205 complete and 0 interrupted iterations
default   [  57% ] 150/150 VUs  2m17.9s/4m00.0s

running (2m18.9s), 150/150 VUs, 131155 complete and 0 interrupted iterations
default   [  58% ] 150/150 VUs  2m18.9s/4m00.0s

running (2m19.9s), 150/150 VUs, 132155 complete and 0 interrupted iterations
default   [  58% ] 150/150 VUs  2m19.9s/4m00.0s

running (2m20.9s), 150/150 VUs, 133105 complete and 0 interrupted iterations
default   [  59% ] 150/150 VUs  2m20.9s/4m00.0s

running (2m21.9s), 150/150 VUs, 134105 complete and 0 interrupted iterations
default   [  59% ] 150/150 VUs  2m21.9s/4m00.0s

running (2m22.9s), 150/150 VUs, 135078 complete and 0 interrupted iterations
default   [  60% ] 150/150 VUs  2m22.9s/4m00.0s

running (2m23.9s), 150/150 VUs, 136055 complete and 0 interrupted iterations
default   [  60% ] 150/150 VUs  2m23.9s/4m00.0s

running (2m24.9s), 150/150 VUs, 137055 complete and 0 interrupted iterations
default   [  60% ] 150/150 VUs  2m24.9s/4m00.0s

running (2m25.9s), 150/150 VUs, 138005 complete and 0 interrupted iterations
default   [  61% ] 150/150 VUs  2m25.9s/4m00.0s

running (2m26.9s), 150/150 VUs, 139005 complete and 0 interrupted iterations
default   [  61% ] 150/150 VUs  2m26.9s/4m00.0s

running (2m27.9s), 150/150 VUs, 139998 complete and 0 interrupted iterations
default   [  62% ] 150/150 VUs  2m27.9s/4m00.0s

running (2m28.9s), 150/150 VUs, 140955 complete and 0 interrupted iterations
default   [  62% ] 150/150 VUs  2m28.9s/4m00.0s

running (2m29.9s), 150/150 VUs, 141952 complete and 0 interrupted iterations
default   [  62% ] 150/150 VUs  2m29.9s/4m00.0s

running (2m30.9s), 150/150 VUs, 142905 complete and 0 interrupted iterations
default   [  63% ] 150/150 VUs  2m30.9s/4m00.0s

running (2m31.9s), 150/150 VUs, 143905 complete and 0 interrupted iterations
default   [  63% ] 150/150 VUs  2m31.9s/4m00.0s

running (2m32.9s), 150/150 VUs, 144855 complete and 0 interrupted iterations
default   [  64% ] 150/150 VUs  2m32.9s/4m00.0s

running (2m33.9s), 150/150 VUs, 145855 complete and 0 interrupted iterations
default   [  64% ] 150/150 VUs  2m33.9s/4m00.0s

running (2m34.9s), 150/150 VUs, 146835 complete and 0 interrupted iterations
default   [  65% ] 150/150 VUs  2m34.9s/4m00.0s

running (2m35.9s), 150/150 VUs, 147805 complete and 0 interrupted iterations
default   [  65% ] 150/150 VUs  2m35.9s/4m00.0s

running (2m36.9s), 150/150 VUs, 148805 complete and 0 interrupted iterations
default   [  65% ] 150/150 VUs  2m36.9s/4m00.0s

running (2m37.9s), 150/150 VUs, 149755 complete and 0 interrupted iterations
default   [  66% ] 150/150 VUs  2m37.9s/4m00.0s

running (2m38.9s), 150/150 VUs, 150755 complete and 0 interrupted iterations
default   [  66% ] 150/150 VUs  2m38.9s/4m00.0s

running (2m39.9s), 150/150 VUs, 151705 complete and 0 interrupted iterations
default   [  67% ] 150/150 VUs  2m39.9s/4m00.0s

running (2m40.9s), 150/150 VUs, 152705 complete and 0 interrupted iterations
default   [  67% ] 150/150 VUs  2m40.9s/4m00.0s

running (2m41.9s), 150/150 VUs, 153705 complete and 0 interrupted iterations
default   [  67% ] 150/150 VUs  2m41.9s/4m00.0s

running (2m42.9s), 150/150 VUs, 154655 complete and 0 interrupted iterations
default   [  68% ] 150/150 VUs  2m42.9s/4m00.0s

running (2m43.9s), 150/150 VUs, 155655 complete and 0 interrupted iterations
default   [  68% ] 150/150 VUs  2m43.9s/4m00.0s

running (2m44.9s), 150/150 VUs, 156605 complete and 0 interrupted iterations
default   [  69% ] 150/150 VUs  2m44.9s/4m00.0s

running (2m45.9s), 150/150 VUs, 157605 complete and 0 interrupted iterations
default   [  69% ] 150/150 VUs  2m45.9s/4m00.0s

running (2m46.9s), 150/150 VUs, 158559 complete and 0 interrupted iterations
default   [  70% ] 150/150 VUs  2m46.9s/4m00.0s

running (2m47.9s), 150/150 VUs, 159555 complete and 0 interrupted iterations
default   [  70% ] 150/150 VUs  2m47.9s/4m00.0s

running (2m48.9s), 150/150 VUs, 160555 complete and 0 interrupted iterations
default   [  70% ] 150/150 VUs  2m48.9s/4m00.0s

running (2m49.9s), 150/150 VUs, 161505 complete and 0 interrupted iterations
default   [  71% ] 150/150 VUs  2m49.9s/4m00.0s

running (2m50.9s), 150/150 VUs, 162505 complete and 0 interrupted iterations
default   [  71% ] 150/150 VUs  2m50.9s/4m00.0s

running (2m51.9s), 150/150 VUs, 163455 complete and 0 interrupted iterations
default   [  72% ] 150/150 VUs  2m51.9s/4m00.0s

running (2m52.9s), 150/150 VUs, 164455 complete and 0 interrupted iterations
default   [  72% ] 150/150 VUs  2m52.9s/4m00.0s

running (2m53.9s), 150/150 VUs, 165455 complete and 0 interrupted iterations
default   [  72% ] 150/150 VUs  2m53.9s/4m00.0s

running (2m54.9s), 150/150 VUs, 166405 complete and 0 interrupted iterations
default   [  73% ] 150/150 VUs  2m54.9s/4m00.0s

running (2m55.9s), 150/150 VUs, 167405 complete and 0 interrupted iterations
default   [  73% ] 150/150 VUs  2m55.9s/4m00.0s

running (2m56.9s), 150/150 VUs, 168355 complete and 0 interrupted iterations
default   [  74% ] 150/150 VUs  2m56.9s/4m00.0s

running (2m57.9s), 150/150 VUs, 169355 complete and 0 interrupted iterations
default   [  74% ] 150/150 VUs  2m57.9s/4m00.0s

running (2m58.9s), 150/150 VUs, 170323 complete and 0 interrupted iterations
default   [  75% ] 150/150 VUs  2m58.9s/4m00.0s

running (2m59.9s), 150/150 VUs, 171305 complete and 0 interrupted iterations
default   [  75% ] 150/150 VUs  2m59.9s/4m00.0s

running (3m00.9s), 150/150 VUs, 172305 complete and 0 interrupted iterations
default   [  75% ] 150/150 VUs  3m00.9s/4m00.0s

running (3m01.9s), 150/150 VUs, 173255 complete and 0 interrupted iterations
default   [  76% ] 150/150 VUs  3m01.9s/4m00.0s

running (3m02.9s), 150/150 VUs, 174255 complete and 0 interrupted iterations
default   [  76% ] 150/150 VUs  3m02.9s/4m00.0s

running (3m03.9s), 150/150 VUs, 175205 complete and 0 interrupted iterations
default   [  77% ] 150/150 VUs  3m03.9s/4m00.0s

running (3m04.9s), 150/150 VUs, 176205 complete and 0 interrupted iterations
default   [  77% ] 150/150 VUs  3m04.9s/4m00.0s

running (3m05.9s), 150/150 VUs, 177189 complete and 0 interrupted iterations
default   [  77% ] 150/150 VUs  3m05.9s/4m00.0s

running (3m06.9s), 150/150 VUs, 178155 complete and 0 interrupted iterations
default   [  78% ] 150/150 VUs  3m06.9s/4m00.0s

running (3m07.9s), 150/150 VUs, 179155 complete and 0 interrupted iterations
default   [  78% ] 150/150 VUs  3m07.9s/4m00.0s

running (3m08.9s), 150/150 VUs, 180105 complete and 0 interrupted iterations
default   [  79% ] 150/150 VUs  3m08.9s/4m00.0s

running (3m09.9s), 150/150 VUs, 181105 complete and 0 interrupted iterations
default   [  79% ] 150/150 VUs  3m09.9s/4m00.0s

running (3m10.9s), 150/150 VUs, 182063 complete and 0 interrupted iterations
default   [  80% ] 150/150 VUs  3m10.9s/4m00.0s

running (3m11.9s), 150/150 VUs, 183055 complete and 0 interrupted iterations
default   [  80% ] 150/150 VUs  3m11.9s/4m00.0s

running (3m12.9s), 150/150 VUs, 184055 complete and 0 interrupted iterations
default   [  80% ] 150/150 VUs  3m12.9s/4m00.0s

running (3m13.9s), 150/150 VUs, 185005 complete and 0 interrupted iterations
default   [  81% ] 150/150 VUs  3m13.9s/4m00.0s

running (3m14.9s), 150/150 VUs, 186005 complete and 0 interrupted iterations
default   [  81% ] 150/150 VUs  3m14.9s/4m00.0s

running (3m15.9s), 150/150 VUs, 186955 complete and 0 interrupted iterations
default   [  82% ] 150/150 VUs  3m15.9s/4m00.0s

running (3m16.9s), 150/150 VUs, 187955 complete and 0 interrupted iterations
default   [  82% ] 150/150 VUs  3m16.9s/4m00.0s

running (3m17.9s), 150/150 VUs, 188935 complete and 0 interrupted iterations
default   [  82% ] 150/150 VUs  3m17.9s/4m00.0s

running (3m18.9s), 150/150 VUs, 189905 complete and 0 interrupted iterations
default   [  83% ] 150/150 VUs  3m18.9s/4m00.0s

running (3m19.9s), 150/150 VUs, 190905 complete and 0 interrupted iterations
default   [  83% ] 150/150 VUs  3m19.9s/4m00.0s

running (3m20.9s), 150/150 VUs, 191855 complete and 0 interrupted iterations
default   [  84% ] 150/150 VUs  3m20.9s/4m00.0s

running (3m21.9s), 150/150 VUs, 192855 complete and 0 interrupted iterations
default   [  84% ] 150/150 VUs  3m21.9s/4m00.0s

running (3m22.9s), 150/150 VUs, 193817 complete and 0 interrupted iterations
default   [  85% ] 150/150 VUs  3m22.9s/4m00.0s

running (3m23.9s), 150/150 VUs, 194805 complete and 0 interrupted iterations
default   [  85% ] 150/150 VUs  3m23.9s/4m00.0s

running (3m24.9s), 150/150 VUs, 195805 complete and 0 interrupted iterations
default   [  85% ] 150/150 VUs  3m24.9s/4m00.0s

running (3m25.9s), 150/150 VUs, 196755 complete and 0 interrupted iterations
default   [  86% ] 150/150 VUs  3m25.9s/4m00.0s

running (3m26.9s), 150/150 VUs, 197755 complete and 0 interrupted iterations
default   [  86% ] 150/150 VUs  3m26.9s/4m00.0s

running (3m27.9s), 150/150 VUs, 198705 complete and 0 interrupted iterations
default   [  87% ] 150/150 VUs  3m27.9s/4m00.0s

running (3m28.9s), 150/150 VUs, 199705 complete and 0 interrupted iterations
default   [  87% ] 150/150 VUs  3m28.9s/4m00.0s

running (3m29.9s), 150/150 VUs, 200683 complete and 0 interrupted iterations
default   [  87% ] 150/150 VUs  3m29.9s/4m00.0s

running (3m30.9s), 146/150 VUs, 201655 complete and 0 interrupted iterations
default   [  88% ] 146/150 VUs  3m30.9s/4m00.0s

running (3m31.9s), 141/150 VUs, 202655 complete and 0 interrupted iterations
default   [  88% ] 141/150 VUs  3m31.9s/4m00.0s

running (3m32.9s), 137/150 VUs, 203605 complete and 0 interrupted iterations
default   [  89% ] 137/150 VUs  3m32.9s/4m00.0s

running (3m33.9s), 131/150 VUs, 204605 complete and 0 interrupted iterations
default   [  89% ] 131/150 VUs  3m33.9s/4m00.0s

running (3m34.9s), 126/150 VUs, 205567 complete and 0 interrupted iterations
default   [  90% ] 126/150 VUs  3m34.9s/4m00.0s

running (3m35.9s), 121/150 VUs, 206555 complete and 0 interrupted iterations
default   [  90% ] 121/150 VUs  3m35.9s/4m00.0s

running (3m36.9s), 116/150 VUs, 207555 complete and 0 interrupted iterations
default   [  90% ] 116/150 VUs  3m36.9s/4m00.0s

running (3m37.9s), 111/150 VUs, 208505 complete and 0 interrupted iterations
default   [  91% ] 111/150 VUs  3m37.9s/4m00.0s

running (3m38.9s), 106/150 VUs, 209505 complete and 0 interrupted iterations
default   [  91% ] 106/150 VUs  3m38.9s/4m00.0s

running (3m39.9s), 101/150 VUs, 210455 complete and 0 interrupted iterations
default   [  92% ] 101/150 VUs  3m39.9s/4m00.0s

running (3m40.9s), 096/150 VUs, 211455 complete and 0 interrupted iterations
default   [  92% ] 096/150 VUs  3m40.9s/4m00.0s

running (3m41.9s), 091/150 VUs, 212442 complete and 0 interrupted iterations
default   [  92% ] 091/150 VUs  3m41.9s/4m00.0s

running (3m42.9s), 086/150 VUs, 213405 complete and 0 interrupted iterations
default   [  93% ] 086/150 VUs  3m42.9s/4m00.0s

running (3m43.9s), 081/150 VUs, 214405 complete and 0 interrupted iterations
default   [  93% ] 081/150 VUs  3m43.9s/4m00.0s

running (3m44.9s), 076/150 VUs, 215355 complete and 0 interrupted iterations
default   [  94% ] 076/150 VUs  3m44.9s/4m00.0s

running (3m45.9s), 071/150 VUs, 216355 complete and 0 interrupted iterations
default   [  94% ] 071/150 VUs  3m45.9s/4m00.0s

running (3m46.9s), 066/150 VUs, 217327 complete and 0 interrupted iterations
default   [  95% ] 066/150 VUs  3m46.9s/4m00.0s

running (3m47.9s), 061/150 VUs, 218305 complete and 0 interrupted iterations
default   [  95% ] 061/150 VUs  3m47.9s/4m00.0s

running (3m48.9s), 056/150 VUs, 219305 complete and 0 interrupted iterations
default   [  95% ] 056/150 VUs  3m48.9s/4m00.0s

running (3m49.9s), 051/150 VUs, 220255 complete and 0 interrupted iterations
default   [  96% ] 051/150 VUs  3m49.9s/4m00.0s

running (3m50.9s), 046/150 VUs, 221223 complete and 0 interrupted iterations
default   [  96% ] 046/150 VUs  3m50.9s/4m00.0s

running (3m51.9s), 041/150 VUs, 222050 complete and 0 interrupted iterations
default   [  97% ] 041/150 VUs  3m51.9s/4m00.0s

running (3m52.9s), 036/150 VUs, 222784 complete and 0 interrupted iterations
default   [  97% ] 036/150 VUs  3m52.9s/4m00.0s

running (3m53.9s), 031/150 VUs, 223426 complete and 0 interrupted iterations
default   [  97% ] 031/150 VUs  3m53.9s/4m00.0s

running (3m54.9s), 026/150 VUs, 223995 complete and 0 interrupted iterations
default   [  98% ] 026/150 VUs  3m54.9s/4m00.0s

running (3m55.9s), 021/150 VUs, 224443 complete and 0 interrupted iterations
default   [  98% ] 021/150 VUs  3m55.9s/4m00.0s

running (3m56.9s), 016/150 VUs, 224797 complete and 0 interrupted iterations
default   [  99% ] 016/150 VUs  3m56.9s/4m00.0s

running (3m57.9s), 011/150 VUs, 225068 complete and 0 interrupted iterations
default   [  99% ] 011/150 VUs  3m57.9s/4m00.0s

running (3m58.9s), 006/150 VUs, 225230 complete and 0 interrupted iterations
default   [ 100% ] 006/150 VUs  3m58.9s/4m00.0s

running (3m59.9s), 001/150 VUs, 225299 complete and 0 interrupted iterations
default   [ 100% ] 001/150 VUs  3m59.9s/4m00.0s


  █ THRESHOLDS 

    checks
    ✓ 'rate>0.95' rate=100.00%

    http_req_duration
    ✓ 'p(95)<5000' p(95)=153.86ms
    ✓ 'p(99)<10000' p(99)=157.69ms

    http_req_failed
    ✓ 'rate<0.05' rate=0.00%


  █ TOTAL RESULTS 

    checks_total.......: 901208  3754.227661/s
    checks_succeeded...: 100.00% 901208 out of 901208
    checks_failed......: 0.00%   0 out of 901208

    ✓ status is 200
    ✓ content-type is json
    ✓ workloadType is IO-BOUND
    ✓ executionTimeMs exists

    CUSTOM
    response_time_ms...............: min=50.800798 avg=139.759621 med=152.845744 max=357.478255 p(90)=153.560828 p(95)=153.868465 p(99)=157.697601
    successful_requests............: 225302 938.556915/s

    HTTP
    http_req_duration..............: min=50.8ms    avg=139.75ms   med=152.84ms   max=357.47ms   p(90)=153.56ms   p(95)=153.86ms   p(99)=157.69ms  
      { expected_response:true }...: min=50.8ms    avg=139.75ms   med=152.84ms   max=357.47ms   p(90)=153.56ms   p(95)=153.86ms   p(99)=157.69ms  
    http_req_failed................: 0.00%  0 out of 225302
    http_reqs......................: 225302 938.556915/s

    EXECUTION
    iteration_duration.............: min=50.91ms   avg=139.89ms   med=152.98ms   max=357.58ms   p(90)=153.69ms   p(95)=154ms      p(99)=157.87ms  
    iterations.....................: 225302 938.556915/s
    vus............................: 1      min=1           max=150
    vus_max........................: 150    min=150         max=150

    NETWORK
    data_received..................: 50 MB  207 kB/s
    data_sent......................: 18 MB  74 kB/s




running (4m00.1s), 000/150 VUs, 225302 complete and 0 interrupted iterations
default ✓ [ 100% ] 000/150 VUs  4m0s
