
         /\      Grafana   /‾‾/  
    /\  /  \     |\  __   /  /   
   /  \/    \    | |/ /  /   ‾‾\ 
  /          \   |   (  |  (‾)  |
 / __________ \  |_|\_\  \_____/ 


     execution: local
        script: io-bound-test.js
        output: -

     scenarios: (100.00%) 1 scenario, 600 max VUs, 6m30s max duration (incl. graceful stop):
              * default: Up to 600 looping VUs for 6m0s over 3 stages (gracefulRampDown: 30s, gracefulStop: 30s)


running (0m00.7s), 015/600 VUs, 105 complete and 0 interrupted iterations
default   [   0% ] 015/600 VUs  0m00.7s/6m00.0s

running (0m01.7s), 035/600 VUs, 580 complete and 0 interrupted iterations
default   [   0% ] 035/600 VUs  0m01.7s/6m00.0s

running (0m02.7s), 055/600 VUs, 1441 complete and 0 interrupted iterations
default   [   1% ] 055/600 VUs  0m02.7s/6m00.0s

running (0m03.7s), 075/600 VUs, 2430 complete and 0 interrupted iterations
default   [   1% ] 075/600 VUs  0m03.7s/6m00.0s

running (0m04.7s), 095/600 VUs, 3401 complete and 0 interrupted iterations
default   [   1% ] 095/600 VUs  0m04.7s/6m00.0s

running (0m05.7s), 115/600 VUs, 4395 complete and 0 interrupted iterations
default   [   2% ] 115/600 VUs  0m05.7s/6m00.0s

running (0m06.7s), 135/600 VUs, 5389 complete and 0 interrupted iterations
default   [   2% ] 135/600 VUs  0m06.7s/6m00.0s

running (0m07.7s), 155/600 VUs, 6351 complete and 0 interrupted iterations
default   [   2% ] 155/600 VUs  0m07.7s/6m00.0s

running (0m08.7s), 175/600 VUs, 7345 complete and 0 interrupted iterations
default   [   2% ] 175/600 VUs  0m08.7s/6m00.0s

running (0m09.7s), 195/600 VUs, 8345 complete and 0 interrupted iterations
default   [   3% ] 195/600 VUs  0m09.7s/6m00.0s

running (0m10.7s), 215/600 VUs, 9295 complete and 0 interrupted iterations
default   [   3% ] 215/600 VUs  0m10.7s/6m00.0s

running (0m11.7s), 235/600 VUs, 10295 complete and 0 interrupted iterations
default   [   3% ] 235/600 VUs  0m11.7s/6m00.0s

running (0m12.7s), 255/600 VUs, 11267 complete and 0 interrupted iterations
default   [   4% ] 255/600 VUs  0m12.7s/6m00.0s

running (0m13.7s), 275/600 VUs, 12245 complete and 0 interrupted iterations
default   [   4% ] 275/600 VUs  0m13.7s/6m00.0s

running (0m14.7s), 295/600 VUs, 13245 complete and 0 interrupted iterations
default   [   4% ] 295/600 VUs  0m14.7s/6m00.0s

running (0m15.7s), 314/600 VUs, 14195 complete and 0 interrupted iterations
default   [   4% ] 314/600 VUs  0m15.7s/6m00.0s

running (0m16.7s), 334/600 VUs, 15195 complete and 0 interrupted iterations
default   [   5% ] 334/600 VUs  0m16.7s/6m00.0s

running (0m17.7s), 354/600 VUs, 16164 complete and 0 interrupted iterations
default   [   5% ] 354/600 VUs  0m17.7s/6m00.0s

running (0m18.7s), 374/600 VUs, 17145 complete and 0 interrupted iterations
default   [   5% ] 374/600 VUs  0m18.7s/6m00.0s

running (0m19.7s), 394/600 VUs, 18145 complete and 0 interrupted iterations
default   [   5% ] 394/600 VUs  0m19.7s/6m00.0s

running (0m20.7s), 414/600 VUs, 19104 complete and 0 interrupted iterations
default   [   6% ] 414/600 VUs  0m20.7s/6m00.0s

running (0m21.7s), 434/600 VUs, 20095 complete and 0 interrupted iterations
default   [   6% ] 434/600 VUs  0m21.7s/6m00.0s

running (0m22.7s), 454/600 VUs, 21095 complete and 0 interrupted iterations
default   [   6% ] 454/600 VUs  0m22.7s/6m00.0s

running (0m23.7s), 474/600 VUs, 22045 complete and 0 interrupted iterations
default   [   7% ] 474/600 VUs  0m23.7s/6m00.0s

running (0m24.7s), 494/600 VUs, 23045 complete and 0 interrupted iterations
default   [   7% ] 494/600 VUs  0m24.7s/6m00.0s

running (0m25.7s), 514/600 VUs, 24020 complete and 0 interrupted iterations
default   [   7% ] 514/600 VUs  0m25.7s/6m00.0s

running (0m26.7s), 534/600 VUs, 24995 complete and 0 interrupted iterations
default   [   7% ] 534/600 VUs  0m26.7s/6m00.0s

running (0m27.7s), 554/600 VUs, 25995 complete and 0 interrupted iterations
default   [   8% ] 554/600 VUs  0m27.7s/6m00.0s

running (0m28.7s), 574/600 VUs, 26945 complete and 0 interrupted iterations
default   [   8% ] 574/600 VUs  0m28.7s/6m00.0s

running (0m29.7s), 594/600 VUs, 27945 complete and 0 interrupted iterations
default   [   8% ] 594/600 VUs  0m29.7s/6m00.0s

running (0m30.7s), 600/600 VUs, 28917 complete and 0 interrupted iterations
default   [   9% ] 600/600 VUs  0m30.7s/6m00.0s

running (0m31.7s), 600/600 VUs, 29895 complete and 0 interrupted iterations
default   [   9% ] 600/600 VUs  0m31.7s/6m00.0s

running (0m32.7s), 600/600 VUs, 30888 complete and 0 interrupted iterations
default   [   9% ] 600/600 VUs  0m32.7s/6m00.0s

running (0m33.7s), 600/600 VUs, 31845 complete and 0 interrupted iterations
default   [   9% ] 600/600 VUs  0m33.7s/6m00.0s

running (0m34.7s), 600/600 VUs, 32845 complete and 0 interrupted iterations
default   [  10% ] 600/600 VUs  0m34.7s/6m00.0s

running (0m35.7s), 600/600 VUs, 33804 complete and 0 interrupted iterations
default   [  10% ] 600/600 VUs  0m35.7s/6m00.0s

running (0m36.7s), 600/600 VUs, 34795 complete and 0 interrupted iterations
default   [  10% ] 600/600 VUs  0m36.7s/6m00.0s

running (0m37.7s), 600/600 VUs, 35762 complete and 0 interrupted iterations
default   [  10% ] 600/600 VUs  0m37.7s/6m00.0s

running (0m38.7s), 600/600 VUs, 36745 complete and 0 interrupted iterations
default   [  11% ] 600/600 VUs  0m38.7s/6m00.0s

running (0m39.7s), 600/600 VUs, 37745 complete and 0 interrupted iterations
default   [  11% ] 600/600 VUs  0m39.7s/6m00.0s

running (0m40.7s), 600/600 VUs, 38695 complete and 0 interrupted iterations
default   [  11% ] 600/600 VUs  0m40.7s/6m00.0s

running (0m41.7s), 600/600 VUs, 39695 complete and 0 interrupted iterations
default   [  12% ] 600/600 VUs  0m41.7s/6m00.0s

running (0m42.7s), 600/600 VUs, 40688 complete and 0 interrupted iterations
default   [  12% ] 600/600 VUs  0m42.7s/6m00.0s

running (0m43.7s), 600/600 VUs, 41645 complete and 0 interrupted iterations
default   [  12% ] 600/600 VUs  0m43.7s/6m00.0s

running (0m44.7s), 600/600 VUs, 42645 complete and 0 interrupted iterations
default   [  12% ] 600/600 VUs  0m44.7s/6m00.0s

running (0m45.7s), 600/600 VUs, 43595 complete and 0 interrupted iterations
default   [  13% ] 600/600 VUs  0m45.7s/6m00.0s

running (0m46.7s), 600/600 VUs, 44595 complete and 0 interrupted iterations
default   [  13% ] 600/600 VUs  0m46.7s/6m00.0s

running (0m47.7s), 600/600 VUs, 45579 complete and 0 interrupted iterations
default   [  13% ] 600/600 VUs  0m47.7s/6m00.0s

running (0m48.7s), 600/600 VUs, 46545 complete and 0 interrupted iterations
default   [  14% ] 600/600 VUs  0m48.7s/6m00.0s

running (0m49.7s), 600/600 VUs, 47545 complete and 0 interrupted iterations
default   [  14% ] 600/600 VUs  0m49.7s/6m00.0s

running (0m50.7s), 600/600 VUs, 48495 complete and 0 interrupted iterations
default   [  14% ] 600/600 VUs  0m50.7s/6m00.0s

running (0m51.7s), 600/600 VUs, 49495 complete and 0 interrupted iterations
default   [  14% ] 600/600 VUs  0m51.7s/6m00.0s

running (0m52.7s), 600/600 VUs, 50468 complete and 0 interrupted iterations
default   [  15% ] 600/600 VUs  0m52.7s/6m00.0s

running (0m53.7s), 600/600 VUs, 51445 complete and 0 interrupted iterations
default   [  15% ] 600/600 VUs  0m53.7s/6m00.0s

running (0m54.7s), 600/600 VUs, 52445 complete and 0 interrupted iterations
default   [  15% ] 600/600 VUs  0m54.7s/6m00.0s

running (0m55.7s), 600/600 VUs, 53395 complete and 0 interrupted iterations
default   [  15% ] 600/600 VUs  0m55.7s/6m00.0s

running (0m56.7s), 600/600 VUs, 54395 complete and 0 interrupted iterations
default   [  16% ] 600/600 VUs  0m56.7s/6m00.0s

running (0m57.7s), 600/600 VUs, 55372 complete and 0 interrupted iterations
default   [  16% ] 600/600 VUs  0m57.7s/6m00.0s

running (0m58.7s), 600/600 VUs, 56345 complete and 0 interrupted iterations
default   [  16% ] 600/600 VUs  0m58.7s/6m00.0s

running (0m59.7s), 600/600 VUs, 57342 complete and 0 interrupted iterations
default   [  17% ] 600/600 VUs  0m59.7s/6m00.0s

running (1m00.7s), 600/600 VUs, 58295 complete and 0 interrupted iterations
default   [  17% ] 600/600 VUs  1m00.7s/6m00.0s

running (1m01.7s), 600/600 VUs, 59295 complete and 0 interrupted iterations
default   [  17% ] 600/600 VUs  1m01.7s/6m00.0s

running (1m02.7s), 600/600 VUs, 60247 complete and 0 interrupted iterations
default   [  17% ] 600/600 VUs  1m02.7s/6m00.0s

running (1m03.7s), 600/600 VUs, 61245 complete and 0 interrupted iterations
default   [  18% ] 600/600 VUs  1m03.7s/6m00.0s

running (1m04.7s), 600/600 VUs, 62245 complete and 0 interrupted iterations
default   [  18% ] 600/600 VUs  1m04.7s/6m00.0s

running (1m05.7s), 600/600 VUs, 63195 complete and 0 interrupted iterations
default   [  18% ] 600/600 VUs  1m05.7s/6m00.0s

running (1m06.7s), 600/600 VUs, 64195 complete and 0 interrupted iterations
default   [  19% ] 600/600 VUs  1m06.7s/6m00.0s

running (1m07.7s), 600/600 VUs, 65145 complete and 0 interrupted iterations
default   [  19% ] 600/600 VUs  1m07.7s/6m00.0s

running (1m08.7s), 600/600 VUs, 66145 complete and 0 interrupted iterations
default   [  19% ] 600/600 VUs  1m08.7s/6m00.0s

running (1m09.7s), 600/600 VUs, 67127 complete and 0 interrupted iterations
default   [  19% ] 600/600 VUs  1m09.7s/6m00.0s

running (1m10.7s), 600/600 VUs, 68095 complete and 0 interrupted iterations
default   [  20% ] 600/600 VUs  1m10.7s/6m00.0s

running (1m11.7s), 600/600 VUs, 69095 complete and 0 interrupted iterations
default   [  20% ] 600/600 VUs  1m11.7s/6m00.0s

running (1m12.7s), 600/600 VUs, 70045 complete and 0 interrupted iterations
default   [  20% ] 600/600 VUs  1m12.7s/6m00.0s

running (1m13.7s), 600/600 VUs, 71045 complete and 0 interrupted iterations
default   [  20% ] 600/600 VUs  1m13.7s/6m00.0s

running (1m14.7s), 600/600 VUs, 72020 complete and 0 interrupted iterations
default   [  21% ] 600/600 VUs  1m14.7s/6m00.0s

running (1m15.7s), 600/600 VUs, 72995 complete and 0 interrupted iterations
default   [  21% ] 600/600 VUs  1m15.7s/6m00.0s

running (1m16.7s), 600/600 VUs, 73995 complete and 0 interrupted iterations
default   [  21% ] 600/600 VUs  1m16.7s/6m00.0s

running (1m17.7s), 600/600 VUs, 74945 complete and 0 interrupted iterations
default   [  22% ] 600/600 VUs  1m17.7s/6m00.0s

running (1m18.7s), 600/600 VUs, 75945 complete and 0 interrupted iterations
default   [  22% ] 600/600 VUs  1m18.7s/6m00.0s

running (1m19.7s), 600/600 VUs, 76900 complete and 0 interrupted iterations
default   [  22% ] 600/600 VUs  1m19.7s/6m00.0s

running (1m20.7s), 600/600 VUs, 77895 complete and 0 interrupted iterations
default   [  22% ] 600/600 VUs  1m20.7s/6m00.0s

running (1m21.7s), 600/600 VUs, 78887 complete and 0 interrupted iterations
default   [  23% ] 600/600 VUs  1m21.7s/6m00.0s

running (1m22.7s), 600/600 VUs, 79845 complete and 0 interrupted iterations
default   [  23% ] 600/600 VUs  1m22.7s/6m00.0s

running (1m23.7s), 600/600 VUs, 80845 complete and 0 interrupted iterations
default   [  23% ] 600/600 VUs  1m23.7s/6m00.0s

running (1m24.7s), 600/600 VUs, 81795 complete and 0 interrupted iterations
default   [  24% ] 600/600 VUs  1m24.7s/6m00.0s

running (1m25.7s), 600/600 VUs, 82795 complete and 0 interrupted iterations
default   [  24% ] 600/600 VUs  1m25.7s/6m00.0s

running (1m26.7s), 600/600 VUs, 83784 complete and 0 interrupted iterations
default   [  24% ] 600/600 VUs  1m26.7s/6m00.0s

running (1m27.7s), 600/600 VUs, 84745 complete and 0 interrupted iterations
default   [  24% ] 600/600 VUs  1m27.7s/6m00.0s

running (1m28.7s), 600/600 VUs, 85745 complete and 0 interrupted iterations
default   [  25% ] 600/600 VUs  1m28.7s/6m00.0s

running (1m29.7s), 600/600 VUs, 86716 complete and 0 interrupted iterations
default   [  25% ] 600/600 VUs  1m29.7s/6m00.0s

running (1m30.7s), 600/600 VUs, 87695 complete and 0 interrupted iterations
default   [  25% ] 600/600 VUs  1m30.7s/6m00.0s

running (1m31.7s), 600/600 VUs, 88695 complete and 0 interrupted iterations
default   [  25% ] 600/600 VUs  1m31.7s/6m00.0s

running (1m32.7s), 600/600 VUs, 89669 complete and 0 interrupted iterations
default   [  26% ] 600/600 VUs  1m32.7s/6m00.0s

running (1m33.7s), 600/600 VUs, 90645 complete and 0 interrupted iterations
default   [  26% ] 600/600 VUs  1m33.7s/6m00.0s

running (1m34.7s), 600/600 VUs, 91645 complete and 0 interrupted iterations
default   [  26% ] 600/600 VUs  1m34.7s/6m00.0s

running (1m35.7s), 600/600 VUs, 92605 complete and 0 interrupted iterations
default   [  27% ] 600/600 VUs  1m35.7s/6m00.0s

running (1m36.7s), 600/600 VUs, 93595 complete and 0 interrupted iterations
default   [  27% ] 600/600 VUs  1m36.7s/6m00.0s

running (1m37.7s), 600/600 VUs, 94595 complete and 0 interrupted iterations
default   [  27% ] 600/600 VUs  1m37.7s/6m00.0s

running (1m38.7s), 600/600 VUs, 95565 complete and 0 interrupted iterations
default   [  27% ] 600/600 VUs  1m38.7s/6m00.0s

running (1m39.7s), 600/600 VUs, 96545 complete and 0 interrupted iterations
default   [  28% ] 600/600 VUs  1m39.7s/6m00.0s

running (1m40.7s), 600/600 VUs, 97545 complete and 0 interrupted iterations
default   [  28% ] 600/600 VUs  1m40.7s/6m00.0s

running (1m41.7s), 600/600 VUs, 98524 complete and 0 interrupted iterations
default   [  28% ] 600/600 VUs  1m41.7s/6m00.0s

running (1m42.7s), 600/600 VUs, 99495 complete and 0 interrupted iterations
default   [  29% ] 600/600 VUs  1m42.7s/6m00.0s

running (1m43.7s), 600/600 VUs, 100495 complete and 0 interrupted iterations
default   [  29% ] 600/600 VUs  1m43.7s/6m00.0s

running (1m44.7s), 600/600 VUs, 101486 complete and 0 interrupted iterations
default   [  29% ] 600/600 VUs  1m44.7s/6m00.0s

running (1m45.7s), 600/600 VUs, 102445 complete and 0 interrupted iterations
default   [  29% ] 600/600 VUs  1m45.7s/6m00.0s

running (1m46.7s), 600/600 VUs, 103445 complete and 0 interrupted iterations
default   [  30% ] 600/600 VUs  1m46.7s/6m00.0s

running (1m47.7s), 600/600 VUs, 104428 complete and 0 interrupted iterations
default   [  30% ] 600/600 VUs  1m47.7s/6m00.0s

running (1m48.7s), 600/600 VUs, 105407 complete and 0 interrupted iterations
default   [  30% ] 600/600 VUs  1m48.7s/6m00.0s

running (1m49.7s), 600/600 VUs, 106395 complete and 0 interrupted iterations
default   [  30% ] 600/600 VUs  1m49.7s/6m00.0s

running (1m50.7s), 600/600 VUs, 107395 complete and 0 interrupted iterations
default   [  31% ] 600/600 VUs  1m50.7s/6m00.0s

running (1m51.7s), 600/600 VUs, 108385 complete and 0 interrupted iterations
default   [  31% ] 600/600 VUs  1m51.7s/6m00.0s

running (1m52.7s), 600/600 VUs, 109345 complete and 0 interrupted iterations
default   [  31% ] 600/600 VUs  1m52.7s/6m00.0s

running (1m53.7s), 600/600 VUs, 110345 complete and 0 interrupted iterations
default   [  32% ] 600/600 VUs  1m53.7s/6m00.0s

running (1m54.7s), 600/600 VUs, 111345 complete and 0 interrupted iterations
default   [  32% ] 600/600 VUs  1m54.7s/6m00.0s

running (1m55.7s), 600/600 VUs, 112340 complete and 0 interrupted iterations
default   [  32% ] 600/600 VUs  1m55.7s/6m00.0s

running (1m56.7s), 600/600 VUs, 113295 complete and 0 interrupted iterations
default   [  32% ] 600/600 VUs  1m56.7s/6m00.0s

running (1m57.7s), 600/600 VUs, 114295 complete and 0 interrupted iterations
default   [  33% ] 600/600 VUs  1m57.7s/6m00.0s

running (1m58.7s), 600/600 VUs, 115253 complete and 0 interrupted iterations
default   [  33% ] 600/600 VUs  1m58.7s/6m00.0s

running (1m59.7s), 600/600 VUs, 116244 complete and 0 interrupted iterations
default   [  33% ] 600/600 VUs  1m59.7s/6m00.0s

running (2m00.7s), 600/600 VUs, 117221 complete and 0 interrupted iterations
default   [  34% ] 600/600 VUs  2m00.7s/6m00.0s

running (2m01.7s), 600/600 VUs, 118212 complete and 0 interrupted iterations
default   [  34% ] 600/600 VUs  2m01.7s/6m00.0s

running (2m02.7s), 600/600 VUs, 119206 complete and 0 interrupted iterations
default   [  34% ] 600/600 VUs  2m02.7s/6m00.0s

running (2m03.7s), 600/600 VUs, 120193 complete and 0 interrupted iterations
default   [  34% ] 600/600 VUs  2m03.7s/6m00.0s

running (2m04.7s), 600/600 VUs, 121183 complete and 0 interrupted iterations
default   [  35% ] 600/600 VUs  2m04.7s/6m00.0s

running (2m05.7s), 600/600 VUs, 122169 complete and 0 interrupted iterations
default   [  35% ] 600/600 VUs  2m05.7s/6m00.0s

running (2m06.7s), 600/600 VUs, 123160 complete and 0 interrupted iterations
default   [  35% ] 600/600 VUs  2m06.7s/6m00.0s

running (2m07.7s), 600/600 VUs, 124143 complete and 0 interrupted iterations
default   [  35% ] 600/600 VUs  2m07.7s/6m00.0s

running (2m08.7s), 600/600 VUs, 125136 complete and 0 interrupted iterations
default   [  36% ] 600/600 VUs  2m08.7s/6m00.0s

running (2m09.7s), 600/600 VUs, 126121 complete and 0 interrupted iterations
default   [  36% ] 600/600 VUs  2m09.7s/6m00.0s

running (2m10.7s), 600/600 VUs, 127119 complete and 0 interrupted iterations
default   [  36% ] 600/600 VUs  2m10.7s/6m00.0s

running (2m11.7s), 600/600 VUs, 128097 complete and 0 interrupted iterations
default   [  37% ] 600/600 VUs  2m11.7s/6m00.0s

running (2m12.7s), 600/600 VUs, 129086 complete and 0 interrupted iterations
default   [  37% ] 600/600 VUs  2m12.7s/6m00.0s

running (2m13.7s), 600/600 VUs, 130078 complete and 0 interrupted iterations
default   [  37% ] 600/600 VUs  2m13.7s/6m00.0s

running (2m14.7s), 600/600 VUs, 131062 complete and 0 interrupted iterations
default   [  37% ] 600/600 VUs  2m14.7s/6m00.0s

running (2m15.7s), 600/600 VUs, 132055 complete and 0 interrupted iterations
default   [  38% ] 600/600 VUs  2m15.7s/6m00.0s

running (2m16.7s), 600/600 VUs, 133044 complete and 0 interrupted iterations
default   [  38% ] 600/600 VUs  2m16.7s/6m00.0s

running (2m17.7s), 600/600 VUs, 134036 complete and 0 interrupted iterations
default   [  38% ] 600/600 VUs  2m17.7s/6m00.0s

running (2m18.7s), 600/600 VUs, 135017 complete and 0 interrupted iterations
default   [  39% ] 600/600 VUs  2m18.7s/6m00.0s

running (2m19.7s), 600/600 VUs, 136007 complete and 0 interrupted iterations
default   [  39% ] 600/600 VUs  2m19.7s/6m00.0s

running (2m20.7s), 600/600 VUs, 136995 complete and 0 interrupted iterations
default   [  39% ] 600/600 VUs  2m20.7s/6m00.0s

running (2m21.7s), 600/600 VUs, 137994 complete and 0 interrupted iterations
default   [  39% ] 600/600 VUs  2m21.7s/6m00.0s

running (2m22.7s), 600/600 VUs, 138976 complete and 0 interrupted iterations
default   [  40% ] 600/600 VUs  2m22.7s/6m00.0s

running (2m23.7s), 600/600 VUs, 139958 complete and 0 interrupted iterations
default   [  40% ] 600/600 VUs  2m23.7s/6m00.0s

running (2m24.7s), 600/600 VUs, 140949 complete and 0 interrupted iterations
default   [  40% ] 600/600 VUs  2m24.7s/6m00.0s

running (2m25.7s), 600/600 VUs, 141944 complete and 0 interrupted iterations
default   [  40% ] 600/600 VUs  2m25.7s/6m00.0s

running (2m26.7s), 600/600 VUs, 142935 complete and 0 interrupted iterations
default   [  41% ] 600/600 VUs  2m26.7s/6m00.0s

running (2m27.7s), 600/600 VUs, 143914 complete and 0 interrupted iterations
default   [  41% ] 600/600 VUs  2m27.7s/6m00.0s

running (2m28.7s), 600/600 VUs, 144908 complete and 0 interrupted iterations
default   [  41% ] 600/600 VUs  2m28.7s/6m00.0s

running (2m29.7s), 600/600 VUs, 145897 complete and 0 interrupted iterations
default   [  42% ] 600/600 VUs  2m29.7s/6m00.0s

running (2m30.7s), 600/600 VUs, 146886 complete and 0 interrupted iterations
default   [  42% ] 600/600 VUs  2m30.7s/6m00.0s

running (2m31.7s), 600/600 VUs, 147871 complete and 0 interrupted iterations
default   [  42% ] 600/600 VUs  2m31.7s/6m00.0s

running (2m32.7s), 600/600 VUs, 148860 complete and 0 interrupted iterations
default   [  42% ] 600/600 VUs  2m32.7s/6m00.0s

running (2m33.7s), 600/600 VUs, 149840 complete and 0 interrupted iterations
default   [  43% ] 600/600 VUs  2m33.7s/6m00.0s

running (2m34.7s), 600/600 VUs, 150836 complete and 0 interrupted iterations
default   [  43% ] 600/600 VUs  2m34.7s/6m00.0s

running (2m35.7s), 600/600 VUs, 151830 complete and 0 interrupted iterations
default   [  43% ] 600/600 VUs  2m35.7s/6m00.0s

running (2m36.7s), 600/600 VUs, 152815 complete and 0 interrupted iterations
default   [  44% ] 600/600 VUs  2m36.7s/6m00.0s

running (2m37.7s), 600/600 VUs, 153786 complete and 0 interrupted iterations
default   [  44% ] 600/600 VUs  2m37.7s/6m00.0s

running (2m38.7s), 600/600 VUs, 154786 complete and 0 interrupted iterations
default   [  44% ] 600/600 VUs  2m38.7s/6m00.0s

running (2m39.7s), 600/600 VUs, 155761 complete and 0 interrupted iterations
default   [  44% ] 600/600 VUs  2m39.7s/6m00.0s

running (2m40.7s), 600/600 VUs, 156736 complete and 0 interrupted iterations
default   [  45% ] 600/600 VUs  2m40.7s/6m00.0s

running (2m41.7s), 600/600 VUs, 157736 complete and 0 interrupted iterations
default   [  45% ] 600/600 VUs  2m41.7s/6m00.0s

running (2m42.7s), 600/600 VUs, 158686 complete and 0 interrupted iterations
default   [  45% ] 600/600 VUs  2m42.7s/6m00.0s

running (2m43.7s), 600/600 VUs, 159686 complete and 0 interrupted iterations
default   [  45% ] 600/600 VUs  2m43.7s/6m00.0s

running (2m44.7s), 600/600 VUs, 160667 complete and 0 interrupted iterations
default   [  46% ] 600/600 VUs  2m44.7s/6m00.0s

running (2m45.7s), 600/600 VUs, 161636 complete and 0 interrupted iterations
default   [  46% ] 600/600 VUs  2m45.7s/6m00.0s

running (2m46.7s), 600/600 VUs, 162636 complete and 0 interrupted iterations
default   [  46% ] 600/600 VUs  2m46.7s/6m00.0s

running (2m47.7s), 600/600 VUs, 163636 complete and 0 interrupted iterations
default   [  47% ] 600/600 VUs  2m47.7s/6m00.0s

running (2m48.7s), 600/600 VUs, 164623 complete and 0 interrupted iterations
default   [  47% ] 600/600 VUs  2m48.7s/6m00.0s

running (2m49.7s), 600/600 VUs, 165586 complete and 0 interrupted iterations
default   [  47% ] 600/600 VUs  2m49.7s/6m00.0s

running (2m50.7s), 600/600 VUs, 166586 complete and 0 interrupted iterations
default   [  47% ] 600/600 VUs  2m50.7s/6m00.0s

running (2m51.7s), 600/600 VUs, 167586 complete and 0 interrupted iterations
default   [  48% ] 600/600 VUs  2m51.7s/6m00.0s

running (2m52.7s), 600/600 VUs, 168540 complete and 0 interrupted iterations
default   [  48% ] 600/600 VUs  2m52.7s/6m00.0s

running (2m53.7s), 600/600 VUs, 169536 complete and 0 interrupted iterations
default   [  48% ] 600/600 VUs  2m53.7s/6m00.0s

running (2m54.7s), 600/600 VUs, 170507 complete and 0 interrupted iterations
default   [  49% ] 600/600 VUs  2m54.7s/6m00.0s

running (2m55.7s), 600/600 VUs, 171504 complete and 0 interrupted iterations
default   [  49% ] 600/600 VUs  2m55.7s/6m00.0s

running (2m56.7s), 600/600 VUs, 172490 complete and 0 interrupted iterations
default   [  49% ] 600/600 VUs  2m56.7s/6m00.0s

running (2m57.7s), 600/600 VUs, 173486 complete and 0 interrupted iterations
default   [  49% ] 600/600 VUs  2m57.7s/6m00.0s

running (2m58.7s), 600/600 VUs, 174467 complete and 0 interrupted iterations
default   [  50% ] 600/600 VUs  2m58.7s/6m00.0s

running (2m59.7s), 600/600 VUs, 175447 complete and 0 interrupted iterations
default   [  50% ] 600/600 VUs  2m59.7s/6m00.0s

running (3m00.7s), 600/600 VUs, 176443 complete and 0 interrupted iterations
default   [  50% ] 600/600 VUs  3m00.7s/6m00.0s

running (3m01.7s), 600/600 VUs, 177440 complete and 0 interrupted iterations
default   [  50% ] 600/600 VUs  3m01.7s/6m00.0s

running (3m02.7s), 600/600 VUs, 178424 complete and 0 interrupted iterations
default   [  51% ] 600/600 VUs  3m02.7s/6m00.0s

running (3m03.7s), 600/600 VUs, 179397 complete and 0 interrupted iterations
default   [  51% ] 600/600 VUs  3m03.7s/6m00.0s

running (3m04.7s), 600/600 VUs, 180397 complete and 0 interrupted iterations
default   [  51% ] 600/600 VUs  3m04.7s/6m00.0s

running (3m05.7s), 600/600 VUs, 181377 complete and 0 interrupted iterations
default   [  52% ] 600/600 VUs  3m05.7s/6m00.0s

running (3m06.7s), 600/600 VUs, 182374 complete and 0 interrupted iterations
default   [  52% ] 600/600 VUs  3m06.7s/6m00.0s

running (3m07.7s), 600/600 VUs, 183349 complete and 0 interrupted iterations
default   [  52% ] 600/600 VUs  3m07.7s/6m00.0s

running (3m08.7s), 600/600 VUs, 184347 complete and 0 interrupted iterations
default   [  52% ] 600/600 VUs  3m08.7s/6m00.0s

running (3m09.7s), 600/600 VUs, 185339 complete and 0 interrupted iterations
default   [  53% ] 600/600 VUs  3m09.7s/6m00.0s

running (3m10.7s), 600/600 VUs, 186313 complete and 0 interrupted iterations
default   [  53% ] 600/600 VUs  3m10.7s/6m00.0s

running (3m11.7s), 600/600 VUs, 187299 complete and 0 interrupted iterations
default   [  53% ] 600/600 VUs  3m11.7s/6m00.0s

running (3m12.7s), 600/600 VUs, 188297 complete and 0 interrupted iterations
default   [  54% ] 600/600 VUs  3m12.7s/6m00.0s

running (3m13.7s), 600/600 VUs, 189295 complete and 0 interrupted iterations
default   [  54% ] 600/600 VUs  3m13.7s/6m00.0s

running (3m14.7s), 600/600 VUs, 190265 complete and 0 interrupted iterations
default   [  54% ] 600/600 VUs  3m14.7s/6m00.0s

running (3m15.7s), 600/600 VUs, 191249 complete and 0 interrupted iterations
default   [  54% ] 600/600 VUs  3m15.7s/6m00.0s

running (3m16.7s), 600/600 VUs, 192249 complete and 0 interrupted iterations
default   [  55% ] 600/600 VUs  3m16.7s/6m00.0s

running (3m17.7s), 600/600 VUs, 193227 complete and 0 interrupted iterations
default   [  55% ] 600/600 VUs  3m17.7s/6m00.0s

running (3m18.7s), 600/600 VUs, 194225 complete and 0 interrupted iterations
default   [  55% ] 600/600 VUs  3m18.7s/6m00.0s

running (3m19.7s), 600/600 VUs, 195204 complete and 0 interrupted iterations
default   [  55% ] 600/600 VUs  3m19.7s/6m00.0s

running (3m20.7s), 600/600 VUs, 196179 complete and 0 interrupted iterations
default   [  56% ] 600/600 VUs  3m20.7s/6m00.0s

running (3m21.7s), 600/600 VUs, 197179 complete and 0 interrupted iterations
default   [  56% ] 600/600 VUs  3m21.7s/6m00.0s

running (3m22.7s), 600/600 VUs, 198177 complete and 0 interrupted iterations
default   [  56% ] 600/600 VUs  3m22.7s/6m00.0s

running (3m23.7s), 600/600 VUs, 199157 complete and 0 interrupted iterations
default   [  57% ] 600/600 VUs  3m23.7s/6m00.0s

running (3m24.7s), 600/600 VUs, 200129 complete and 0 interrupted iterations
default   [  57% ] 600/600 VUs  3m24.7s/6m00.0s

running (3m25.7s), 600/600 VUs, 201129 complete and 0 interrupted iterations
default   [  57% ] 600/600 VUs  3m25.7s/6m00.0s

running (3m26.7s), 600/600 VUs, 202127 complete and 0 interrupted iterations
default   [  57% ] 600/600 VUs  3m26.7s/6m00.0s

running (3m27.7s), 600/600 VUs, 203109 complete and 0 interrupted iterations
default   [  58% ] 600/600 VUs  3m27.7s/6m00.0s

running (3m28.7s), 600/600 VUs, 204079 complete and 0 interrupted iterations
default   [  58% ] 600/600 VUs  3m28.7s/6m00.0s

running (3m29.7s), 600/600 VUs, 205079 complete and 0 interrupted iterations
default   [  58% ] 600/600 VUs  3m29.7s/6m00.0s

running (3m30.7s), 600/600 VUs, 206077 complete and 0 interrupted iterations
default   [  59% ] 600/600 VUs  3m30.7s/6m00.0s

running (3m31.7s), 600/600 VUs, 207031 complete and 0 interrupted iterations
default   [  59% ] 600/600 VUs  3m31.7s/6m00.0s

running (3m32.7s), 600/600 VUs, 208029 complete and 0 interrupted iterations
default   [  59% ] 600/600 VUs  3m32.7s/6m00.0s

running (3m33.7s), 600/600 VUs, 209029 complete and 0 interrupted iterations
default   [  59% ] 600/600 VUs  3m33.7s/6m00.0s

running (3m34.7s), 600/600 VUs, 209999 complete and 0 interrupted iterations
default   [  60% ] 600/600 VUs  3m34.7s/6m00.0s

running (3m35.7s), 600/600 VUs, 210979 complete and 0 interrupted iterations
default   [  60% ] 600/600 VUs  3m35.7s/6m00.0s

running (3m36.7s), 600/600 VUs, 211979 complete and 0 interrupted iterations
default   [  60% ] 600/600 VUs  3m36.7s/6m00.0s

running (3m37.7s), 600/600 VUs, 212977 complete and 0 interrupted iterations
default   [  60% ] 600/600 VUs  3m37.7s/6m00.0s

running (3m38.7s), 600/600 VUs, 213929 complete and 0 interrupted iterations
default   [  61% ] 600/600 VUs  3m38.7s/6m00.0s

running (3m39.7s), 600/600 VUs, 214929 complete and 0 interrupted iterations
default   [  61% ] 600/600 VUs  3m39.7s/6m00.0s

running (3m40.7s), 600/600 VUs, 215929 complete and 0 interrupted iterations
default   [  61% ] 600/600 VUs  3m40.7s/6m00.0s

running (3m41.7s), 600/600 VUs, 216879 complete and 0 interrupted iterations
default   [  62% ] 600/600 VUs  3m41.7s/6m00.0s

running (3m42.7s), 600/600 VUs, 217879 complete and 0 interrupted iterations
default   [  62% ] 600/600 VUs  3m42.7s/6m00.0s

running (3m43.7s), 600/600 VUs, 218856 complete and 0 interrupted iterations
default   [  62% ] 600/600 VUs  3m43.7s/6m00.0s

running (3m44.7s), 600/600 VUs, 219829 complete and 0 interrupted iterations
default   [  62% ] 600/600 VUs  3m44.7s/6m00.0s

running (3m45.7s), 600/600 VUs, 220829 complete and 0 interrupted iterations
default   [  63% ] 600/600 VUs  3m45.7s/6m00.0s

running (3m46.7s), 600/600 VUs, 221829 complete and 0 interrupted iterations
default   [  63% ] 600/600 VUs  3m46.7s/6m00.0s

running (3m47.7s), 600/600 VUs, 222801 complete and 0 interrupted iterations
default   [  63% ] 600/600 VUs  3m47.7s/6m00.0s

running (3m48.7s), 600/600 VUs, 223779 complete and 0 interrupted iterations
default   [  64% ] 600/600 VUs  3m48.7s/6m00.0s

running (3m49.7s), 600/600 VUs, 224779 complete and 0 interrupted iterations
default   [  64% ] 600/600 VUs  3m49.7s/6m00.0s

running (3m50.7s), 600/600 VUs, 225773 complete and 0 interrupted iterations
default   [  64% ] 600/600 VUs  3m50.7s/6m00.0s

running (3m51.7s), 600/600 VUs, 226741 complete and 0 interrupted iterations
default   [  64% ] 600/600 VUs  3m51.7s/6m00.0s

running (3m52.7s), 600/600 VUs, 227729 complete and 0 interrupted iterations
default   [  65% ] 600/600 VUs  3m52.7s/6m00.0s

running (3m53.7s), 600/600 VUs, 228729 complete and 0 interrupted iterations
default   [  65% ] 600/600 VUs  3m53.7s/6m00.0s

running (3m54.7s), 600/600 VUs, 229679 complete and 0 interrupted iterations
default   [  65% ] 600/600 VUs  3m54.7s/6m00.0s

running (3m55.7s), 600/600 VUs, 230679 complete and 0 interrupted iterations
default   [  65% ] 600/600 VUs  3m55.7s/6m00.0s

running (3m56.7s), 600/600 VUs, 231679 complete and 0 interrupted iterations
default   [  66% ] 600/600 VUs  3m56.7s/6m00.0s

running (3m57.7s), 600/600 VUs, 232661 complete and 0 interrupted iterations
default   [  66% ] 600/600 VUs  3m57.7s/6m00.0s

running (3m58.7s), 600/600 VUs, 233629 complete and 0 interrupted iterations
default   [  66% ] 600/600 VUs  3m58.7s/6m00.0s

running (3m59.7s), 600/600 VUs, 234629 complete and 0 interrupted iterations
default   [  67% ] 600/600 VUs  3m59.7s/6m00.0s

running (4m00.7s), 600/600 VUs, 235629 complete and 0 interrupted iterations
default   [  67% ] 600/600 VUs  4m00.7s/6m00.0s

running (4m01.7s), 600/600 VUs, 236612 complete and 0 interrupted iterations
default   [  67% ] 600/600 VUs  4m01.7s/6m00.0s

running (4m02.7s), 600/600 VUs, 237579 complete and 0 interrupted iterations
default   [  67% ] 600/600 VUs  4m02.7s/6m00.0s

running (4m03.7s), 600/600 VUs, 238579 complete and 0 interrupted iterations
default   [  68% ] 600/600 VUs  4m03.7s/6m00.0s

running (4m04.7s), 600/600 VUs, 239577 complete and 0 interrupted iterations
default   [  68% ] 600/600 VUs  4m04.7s/6m00.0s

running (4m05.7s), 600/600 VUs, 240553 complete and 0 interrupted iterations
default   [  68% ] 600/600 VUs  4m05.7s/6m00.0s

running (4m06.7s), 600/600 VUs, 241529 complete and 0 interrupted iterations
default   [  69% ] 600/600 VUs  4m06.7s/6m00.0s

running (4m07.7s), 600/600 VUs, 242529 complete and 0 interrupted iterations
default   [  69% ] 600/600 VUs  4m07.7s/6m00.0s

running (4m08.7s), 600/600 VUs, 243529 complete and 0 interrupted iterations
default   [  69% ] 600/600 VUs  4m08.7s/6m00.0s

running (4m09.7s), 600/600 VUs, 244497 complete and 0 interrupted iterations
default   [  69% ] 600/600 VUs  4m09.7s/6m00.0s

running (4m10.7s), 600/600 VUs, 245490 complete and 0 interrupted iterations
default   [  70% ] 600/600 VUs  4m10.7s/6m00.0s

running (4m11.7s), 600/600 VUs, 246479 complete and 0 interrupted iterations
default   [  70% ] 600/600 VUs  4m11.7s/6m00.0s

running (4m12.7s), 600/600 VUs, 247479 complete and 0 interrupted iterations
default   [  70% ] 600/600 VUs  4m12.7s/6m00.0s

running (4m13.7s), 600/600 VUs, 248453 complete and 0 interrupted iterations
default   [  70% ] 600/600 VUs  4m13.7s/6m00.0s

running (4m14.7s), 600/600 VUs, 249442 complete and 0 interrupted iterations
default   [  71% ] 600/600 VUs  4m14.7s/6m00.0s

running (4m15.7s), 600/600 VUs, 250429 complete and 0 interrupted iterations
default   [  71% ] 600/600 VUs  4m15.7s/6m00.0s

running (4m16.7s), 600/600 VUs, 251425 complete and 0 interrupted iterations
default   [  71% ] 600/600 VUs  4m16.7s/6m00.0s

running (4m17.7s), 600/600 VUs, 252410 complete and 0 interrupted iterations
default   [  72% ] 600/600 VUs  4m17.7s/6m00.0s

running (4m18.7s), 600/600 VUs, 253394 complete and 0 interrupted iterations
default   [  72% ] 600/600 VUs  4m18.7s/6m00.0s

running (4m19.7s), 600/600 VUs, 254381 complete and 0 interrupted iterations
default   [  72% ] 600/600 VUs  4m19.7s/6m00.0s

running (4m20.7s), 600/600 VUs, 255379 complete and 0 interrupted iterations
default   [  72% ] 600/600 VUs  4m20.7s/6m00.0s

running (4m21.7s), 600/600 VUs, 256367 complete and 0 interrupted iterations
default   [  73% ] 600/600 VUs  4m21.7s/6m00.0s

running (4m22.7s), 600/600 VUs, 257350 complete and 0 interrupted iterations
default   [  73% ] 600/600 VUs  4m22.7s/6m00.0s

running (4m23.7s), 600/600 VUs, 258332 complete and 0 interrupted iterations
default   [  73% ] 600/600 VUs  4m23.7s/6m00.0s

running (4m24.7s), 600/600 VUs, 259331 complete and 0 interrupted iterations
default   [  74% ] 600/600 VUs  4m24.7s/6m00.0s

running (4m25.7s), 600/600 VUs, 260313 complete and 0 interrupted iterations
default   [  74% ] 600/600 VUs  4m25.7s/6m00.0s

running (4m26.7s), 600/600 VUs, 261309 complete and 0 interrupted iterations
default   [  74% ] 600/600 VUs  4m26.7s/6m00.0s

running (4m27.7s), 600/600 VUs, 262289 complete and 0 interrupted iterations
default   [  74% ] 600/600 VUs  4m27.7s/6m00.0s

running (4m28.7s), 600/600 VUs, 263282 complete and 0 interrupted iterations
default   [  75% ] 600/600 VUs  4m28.7s/6m00.0s

running (4m29.7s), 600/600 VUs, 264268 complete and 0 interrupted iterations
default   [  75% ] 600/600 VUs  4m29.7s/6m00.0s

running (4m30.7s), 600/600 VUs, 265263 complete and 0 interrupted iterations
default   [  75% ] 600/600 VUs  4m30.7s/6m00.0s

running (4m31.7s), 600/600 VUs, 266247 complete and 0 interrupted iterations
default   [  75% ] 600/600 VUs  4m31.7s/6m00.0s

running (4m32.7s), 600/600 VUs, 267233 complete and 0 interrupted iterations
default   [  76% ] 600/600 VUs  4m32.7s/6m00.0s

running (4m33.7s), 600/600 VUs, 268224 complete and 0 interrupted iterations
default   [  76% ] 600/600 VUs  4m33.7s/6m00.0s

running (4m34.7s), 600/600 VUs, 269210 complete and 0 interrupted iterations
default   [  76% ] 600/600 VUs  4m34.7s/6m00.0s

running (4m35.7s), 600/600 VUs, 270202 complete and 0 interrupted iterations
default   [  77% ] 600/600 VUs  4m35.7s/6m00.0s

running (4m36.7s), 600/600 VUs, 271183 complete and 0 interrupted iterations
default   [  77% ] 600/600 VUs  4m36.7s/6m00.0s

running (4m37.7s), 600/600 VUs, 272180 complete and 0 interrupted iterations
default   [  77% ] 600/600 VUs  4m37.7s/6m00.0s

running (4m38.7s), 600/600 VUs, 273166 complete and 0 interrupted iterations
default   [  77% ] 600/600 VUs  4m38.7s/6m00.0s

running (4m39.7s), 600/600 VUs, 274133 complete and 0 interrupted iterations
default   [  78% ] 600/600 VUs  4m39.7s/6m00.0s

running (4m40.7s), 600/600 VUs, 275133 complete and 0 interrupted iterations
default   [  78% ] 600/600 VUs  4m40.7s/6m00.0s

running (4m41.7s), 600/600 VUs, 276124 complete and 0 interrupted iterations
default   [  78% ] 600/600 VUs  4m41.7s/6m00.0s

running (4m42.7s), 600/600 VUs, 277104 complete and 0 interrupted iterations
default   [  79% ] 600/600 VUs  4m42.7s/6m00.0s

running (4m43.7s), 600/600 VUs, 278083 complete and 0 interrupted iterations
default   [  79% ] 600/600 VUs  4m43.7s/6m00.0s

running (4m44.7s), 600/600 VUs, 279083 complete and 0 interrupted iterations
default   [  79% ] 600/600 VUs  4m44.7s/6m00.0s

running (4m45.7s), 600/600 VUs, 280083 complete and 0 interrupted iterations
default   [  79% ] 600/600 VUs  4m45.7s/6m00.0s

running (4m46.7s), 600/600 VUs, 281060 complete and 0 interrupted iterations
default   [  80% ] 600/600 VUs  4m46.7s/6m00.0s

running (4m47.7s), 600/600 VUs, 282033 complete and 0 interrupted iterations
default   [  80% ] 600/600 VUs  4m47.7s/6m00.0s

running (4m48.7s), 600/600 VUs, 283033 complete and 0 interrupted iterations
default   [  80% ] 600/600 VUs  4m48.7s/6m00.0s

running (4m49.7s), 600/600 VUs, 284033 complete and 0 interrupted iterations
default   [  80% ] 600/600 VUs  4m49.7s/6m00.0s

running (4m50.7s), 600/600 VUs, 284991 complete and 0 interrupted iterations
default   [  81% ] 600/600 VUs  4m50.7s/6m00.0s

running (4m51.7s), 600/600 VUs, 285983 complete and 0 interrupted iterations
default   [  81% ] 600/600 VUs  4m51.7s/6m00.0s

running (4m52.7s), 600/600 VUs, 286983 complete and 0 interrupted iterations
default   [  81% ] 600/600 VUs  4m52.7s/6m00.0s

running (4m53.7s), 600/600 VUs, 287956 complete and 0 interrupted iterations
default   [  82% ] 600/600 VUs  4m53.7s/6m00.0s

running (4m54.7s), 600/600 VUs, 288933 complete and 0 interrupted iterations
default   [  82% ] 600/600 VUs  4m54.7s/6m00.0s

running (4m55.7s), 600/600 VUs, 289933 complete and 0 interrupted iterations
default   [  82% ] 600/600 VUs  4m55.7s/6m00.0s

running (4m56.7s), 600/600 VUs, 290924 complete and 0 interrupted iterations
default   [  82% ] 600/600 VUs  4m56.7s/6m00.0s

running (4m57.7s), 600/600 VUs, 291905 complete and 0 interrupted iterations
default   [  83% ] 600/600 VUs  4m57.7s/6m00.0s

running (4m58.7s), 600/600 VUs, 292883 complete and 0 interrupted iterations
default   [  83% ] 600/600 VUs  4m58.7s/6m00.0s

running (4m59.7s), 600/600 VUs, 293883 complete and 0 interrupted iterations
default   [  83% ] 600/600 VUs  4m59.7s/6m00.0s

running (5m00.7s), 600/600 VUs, 294880 complete and 0 interrupted iterations
default   [  84% ] 600/600 VUs  5m00.7s/6m00.0s

running (5m01.7s), 600/600 VUs, 295851 complete and 0 interrupted iterations
default   [  84% ] 600/600 VUs  5m01.7s/6m00.0s

running (5m02.7s), 600/600 VUs, 296833 complete and 0 interrupted iterations
default   [  84% ] 600/600 VUs  5m02.7s/6m00.0s

running (5m03.7s), 600/600 VUs, 297833 complete and 0 interrupted iterations
default   [  84% ] 600/600 VUs  5m03.7s/6m00.0s

running (5m04.7s), 600/600 VUs, 298818 complete and 0 interrupted iterations
default   [  85% ] 600/600 VUs  5m04.7s/6m00.0s

running (5m05.7s), 600/600 VUs, 299789 complete and 0 interrupted iterations
default   [  85% ] 600/600 VUs  5m05.7s/6m00.0s

running (5m06.7s), 600/600 VUs, 300783 complete and 0 interrupted iterations
default   [  85% ] 600/600 VUs  5m06.7s/6m00.0s

running (5m07.7s), 600/600 VUs, 301783 complete and 0 interrupted iterations
default   [  85% ] 600/600 VUs  5m07.7s/6m00.0s

running (5m08.7s), 600/600 VUs, 302747 complete and 0 interrupted iterations
default   [  86% ] 600/600 VUs  5m08.7s/6m00.0s

running (5m09.7s), 600/600 VUs, 303733 complete and 0 interrupted iterations
default   [  86% ] 600/600 VUs  5m09.7s/6m00.0s

running (5m10.7s), 600/600 VUs, 304733 complete and 0 interrupted iterations
default   [  86% ] 600/600 VUs  5m10.7s/6m00.0s

running (5m11.7s), 600/600 VUs, 305685 complete and 0 interrupted iterations
default   [  87% ] 600/600 VUs  5m11.7s/6m00.0s

running (5m12.7s), 600/600 VUs, 306683 complete and 0 interrupted iterations
default   [  87% ] 600/600 VUs  5m12.7s/6m00.0s

running (5m13.7s), 600/600 VUs, 307683 complete and 0 interrupted iterations
default   [  87% ] 600/600 VUs  5m13.7s/6m00.0s

running (5m14.7s), 600/600 VUs, 308637 complete and 0 interrupted iterations
default   [  87% ] 600/600 VUs  5m14.7s/6m00.0s

running (5m15.7s), 600/600 VUs, 309633 complete and 0 interrupted iterations
default   [  88% ] 600/600 VUs  5m15.7s/6m00.0s

running (5m16.7s), 600/600 VUs, 310633 complete and 0 interrupted iterations
default   [  88% ] 600/600 VUs  5m16.7s/6m00.0s

running (5m17.7s), 600/600 VUs, 311632 complete and 0 interrupted iterations
default   [  88% ] 600/600 VUs  5m17.7s/6m00.0s

running (5m18.7s), 600/600 VUs, 312583 complete and 0 interrupted iterations
default   [  89% ] 600/600 VUs  5m18.7s/6m00.0s

running (5m19.7s), 600/600 VUs, 313583 complete and 0 interrupted iterations
default   [  89% ] 600/600 VUs  5m19.7s/6m00.0s

running (5m20.7s), 600/600 VUs, 314582 complete and 0 interrupted iterations
default   [  89% ] 600/600 VUs  5m20.7s/6m00.0s

running (5m21.7s), 600/600 VUs, 315533 complete and 0 interrupted iterations
default   [  89% ] 600/600 VUs  5m21.7s/6m00.0s

running (5m22.7s), 600/600 VUs, 316533 complete and 0 interrupted iterations
default   [  90% ] 600/600 VUs  5m22.7s/6m00.0s

running (5m23.7s), 600/600 VUs, 317525 complete and 0 interrupted iterations
default   [  90% ] 600/600 VUs  5m23.7s/6m00.0s

running (5m24.7s), 600/600 VUs, 318483 complete and 0 interrupted iterations
default   [  90% ] 600/600 VUs  5m24.7s/6m00.0s

running (5m25.7s), 600/600 VUs, 319483 complete and 0 interrupted iterations
default   [  90% ] 600/600 VUs  5m25.7s/6m00.0s

running (5m26.7s), 600/600 VUs, 320483 complete and 0 interrupted iterations
default   [  91% ] 600/600 VUs  5m26.7s/6m00.0s

running (5m27.7s), 600/600 VUs, 321443 complete and 0 interrupted iterations
default   [  91% ] 600/600 VUs  5m27.7s/6m00.0s

running (5m28.7s), 600/600 VUs, 322433 complete and 0 interrupted iterations
default   [  91% ] 600/600 VUs  5m28.7s/6m00.0s

running (5m29.7s), 600/600 VUs, 323433 complete and 0 interrupted iterations
default   [  92% ] 600/600 VUs  5m29.7s/6m00.0s

running (5m30.7s), 591/600 VUs, 324404 complete and 0 interrupted iterations
default   [  92% ] 591/600 VUs  5m30.7s/6m00.0s

running (5m31.7s), 572/600 VUs, 325391 complete and 0 interrupted iterations
default   [  92% ] 572/600 VUs  5m31.7s/6m00.0s

running (5m32.7s), 552/600 VUs, 326383 complete and 0 interrupted iterations
default   [  92% ] 552/600 VUs  5m32.7s/6m00.0s

running (5m33.7s), 530/600 VUs, 327383 complete and 0 interrupted iterations
default   [  93% ] 530/600 VUs  5m33.7s/6m00.0s

running (5m34.7s), 512/600 VUs, 328351 complete and 0 interrupted iterations
default   [  93% ] 512/600 VUs  5m34.7s/6m00.0s

running (5m35.7s), 492/600 VUs, 329333 complete and 0 interrupted iterations
default   [  93% ] 492/600 VUs  5m35.7s/6m00.0s

running (5m36.7s), 470/600 VUs, 330333 complete and 0 interrupted iterations
default   [  94% ] 470/600 VUs  5m36.7s/6m00.0s

running (5m37.7s), 451/600 VUs, 331333 complete and 0 interrupted iterations
default   [  94% ] 451/600 VUs  5m37.7s/6m00.0s

running (5m38.7s), 431/600 VUs, 332283 complete and 0 interrupted iterations
default   [  94% ] 431/600 VUs  5m38.7s/6m00.0s

running (5m39.7s), 408/600 VUs, 333283 complete and 0 interrupted iterations
default   [  94% ] 408/600 VUs  5m39.7s/6m00.0s

running (5m40.7s), 391/600 VUs, 334262 complete and 0 interrupted iterations
default   [  95% ] 391/600 VUs  5m40.7s/6m00.0s

running (5m41.7s), 371/600 VUs, 335233 complete and 0 interrupted iterations
default   [  95% ] 371/600 VUs  5m41.7s/6m00.0s

running (5m42.7s), 351/600 VUs, 336233 complete and 0 interrupted iterations
default   [  95% ] 351/600 VUs  5m42.7s/6m00.0s

running (5m43.7s), 330/600 VUs, 337233 complete and 0 interrupted iterations
default   [  95% ] 330/600 VUs  5m43.7s/6m00.0s

running (5m44.7s), 309/600 VUs, 338196 complete and 0 interrupted iterations
default   [  96% ] 309/600 VUs  5m44.7s/6m00.0s

running (5m45.7s), 289/600 VUs, 339183 complete and 0 interrupted iterations
default   [  96% ] 289/600 VUs  5m45.7s/6m00.0s

running (5m46.7s), 268/600 VUs, 340183 complete and 0 interrupted iterations
default   [  96% ] 268/600 VUs  5m46.7s/6m00.0s

running (5m47.7s), 247/600 VUs, 341172 complete and 0 interrupted iterations
default   [  97% ] 247/600 VUs  5m47.7s/6m00.0s

running (5m48.7s), 228/600 VUs, 342133 complete and 0 interrupted iterations
default   [  97% ] 228/600 VUs  5m48.7s/6m00.0s

running (5m49.7s), 208/600 VUs, 343133 complete and 0 interrupted iterations
default   [  97% ] 208/600 VUs  5m49.7s/6m00.0s

running (5m50.7s), 188/600 VUs, 344113 complete and 0 interrupted iterations
default   [  97% ] 188/600 VUs  5m50.7s/6m00.0s

running (5m51.7s), 168/600 VUs, 345109 complete and 0 interrupted iterations
default   [  98% ] 168/600 VUs  5m51.7s/6m00.0s

running (5m52.7s), 148/600 VUs, 346083 complete and 0 interrupted iterations
default   [  98% ] 148/600 VUs  5m52.7s/6m00.0s

running (5m53.7s), 128/600 VUs, 347083 complete and 0 interrupted iterations
default   [  98% ] 128/600 VUs  5m53.7s/6m00.0s

running (5m54.7s), 107/600 VUs, 348083 complete and 0 interrupted iterations
default   [  99% ] 107/600 VUs  5m54.7s/6m00.0s

running (5m55.7s), 087/600 VUs, 349050 complete and 0 interrupted iterations
default   [  99% ] 087/600 VUs  5m55.7s/6m00.0s

running (5m56.7s), 067/600 VUs, 350033 complete and 0 interrupted iterations
default   [  99% ] 067/600 VUs  5m56.7s/6m00.0s

running (5m57.7s), 047/600 VUs, 351028 complete and 0 interrupted iterations
default   [  99% ] 047/600 VUs  5m57.7s/6m00.0s

running (5m58.7s), 027/600 VUs, 351742 complete and 0 interrupted iterations
default   [ 100% ] 027/600 VUs  5m58.7s/6m00.0s

running (5m59.7s), 007/600 VUs, 352083 complete and 0 interrupted iterations
default   [ 100% ] 007/600 VUs  5m59.7s/6m00.0s


  █ THRESHOLDS 

    checks
    ✓ 'rate>0.95' rate=100.00%

    http_req_duration
    ✓ 'p(95)<5000' p(95)=613.15ms
    ✓ 'p(99)<10000' p(99)=621.18ms

    http_req_failed
    ✓ 'rate<0.05' rate=0.00%


  █ TOTAL RESULTS 

    checks_total.......: 1408436 3912.302514/s
    checks_succeeded...: 100.00% 1408436 out of 1408436
    checks_failed......: 0.00%   0 out of 1408436

    ✓ status is 200
    ✓ content-type is json
    ✓ workloadType is IO-BOUND
    ✓ executionTimeMs exists

    CUSTOM
    response_time_ms...............: min=50.765443 avg=562.478561 med=607.310923 max=815.470208 p(90)=612.448712 p(95)=613.155116 p(99)=621.185248
    successful_requests............: 352109 978.075628/s

    HTTP
    http_req_duration..............: min=50.76ms   avg=562.47ms   med=607.31ms   max=815.47ms   p(90)=612.44ms   p(95)=613.15ms   p(99)=621.18ms  
      { expected_response:true }...: min=50.76ms   avg=562.47ms   med=607.31ms   max=815.47ms   p(90)=612.44ms   p(95)=613.15ms   p(99)=621.18ms  
    http_req_failed................: 0.00%  0 out of 352109
    http_reqs......................: 352109 978.075628/s

    EXECUTION
    iteration_duration.............: min=50.87ms   avg=562.62ms   med=607.45ms   max=815.59ms   p(90)=612.59ms   p(95)=613.3ms    p(99)=621.33ms  
    iterations.....................: 352109 978.075628/s
    vus............................: 7      min=7           max=600
    vus_max........................: 600    min=600         max=600

    NETWORK
    data_received..................: 78 MB  216 kB/s
    data_sent......................: 28 MB  77 kB/s




running (6m00.0s), 000/600 VUs, 352109 complete and 0 interrupted iterations
default ✓ [ 100% ] 000/600 VUs  6m0s
