
         /\      Grafana   /‾‾/  
    /\  /  \     |\  __   /  /   
   /  \/    \    | |/ /  /   ‾‾\ 
  /          \   |   (  |  (‾)  |
 / __________ \  |_|\_\  \_____/ 


     execution: local
        script: io-bound-test.js
        output: -

     scenarios: (100.00%) 1 scenario, 800 max VUs, 6m30s max duration (incl. graceful stop):
              * default: Up to 800 looping VUs for 6m0s over 3 stages (gracefulRampDown: 30s, gracefulStop: 30s)


running (0m00.6s), 018/800 VUs, 105 complete and 0 interrupted iterations
default   [   0% ] 018/800 VUs  0m00.6s/6m00.0s

running (0m01.6s), 044/800 VUs, 698 complete and 0 interrupted iterations
default   [   0% ] 044/800 VUs  0m01.6s/6m00.0s

running (0m02.6s), 071/800 VUs, 1669 complete and 0 interrupted iterations
default   [   1% ] 071/800 VUs  0m02.6s/6m00.0s

running (0m03.6s), 098/800 VUs, 2656 complete and 0 interrupted iterations
default   [   1% ] 098/800 VUs  0m03.6s/6m00.0s

running (0m04.6s), 124/800 VUs, 3647 complete and 0 interrupted iterations
default   [   1% ] 124/800 VUs  0m04.6s/6m00.0s

running (0m05.6s), 151/800 VUs, 4635 complete and 0 interrupted iterations
default   [   2% ] 151/800 VUs  0m05.6s/6m00.0s

running (0m06.6s), 177/800 VUs, 5627 complete and 0 interrupted iterations
default   [   2% ] 177/800 VUs  0m06.6s/6m00.0s

running (0m07.6s), 204/800 VUs, 6613 complete and 0 interrupted iterations
default   [   2% ] 204/800 VUs  0m07.6s/6m00.0s

running (0m08.6s), 231/800 VUs, 7597 complete and 0 interrupted iterations
default   [   2% ] 231/800 VUs  0m08.6s/6m00.0s

running (0m09.6s), 257/800 VUs, 8589 complete and 0 interrupted iterations
default   [   3% ] 257/800 VUs  0m09.6s/6m00.0s

running (0m10.6s), 284/800 VUs, 9584 complete and 0 interrupted iterations
default   [   3% ] 284/800 VUs  0m10.6s/6m00.0s

running (0m11.6s), 311/800 VUs, 10573 complete and 0 interrupted iterations
default   [   3% ] 311/800 VUs  0m11.6s/6m00.0s

running (0m12.6s), 337/800 VUs, 11552 complete and 0 interrupted iterations
default   [   4% ] 337/800 VUs  0m12.6s/6m00.0s

running (0m13.6s), 364/800 VUs, 12542 complete and 0 interrupted iterations
default   [   4% ] 364/800 VUs  0m13.6s/6m00.0s

running (0m14.6s), 391/800 VUs, 13536 complete and 0 interrupted iterations
default   [   4% ] 391/800 VUs  0m14.6s/6m00.0s

running (0m15.6s), 417/800 VUs, 14532 complete and 0 interrupted iterations
default   [   4% ] 417/800 VUs  0m15.6s/6m00.0s

running (0m16.6s), 444/800 VUs, 15502 complete and 0 interrupted iterations
default   [   5% ] 444/800 VUs  0m16.6s/6m00.0s

running (0m17.6s), 470/800 VUs, 16492 complete and 0 interrupted iterations
default   [   5% ] 470/800 VUs  0m17.6s/6m00.0s

running (0m18.6s), 497/800 VUs, 17492 complete and 0 interrupted iterations
default   [   5% ] 497/800 VUs  0m18.6s/6m00.0s

running (0m19.6s), 524/800 VUs, 18483 complete and 0 interrupted iterations
default   [   5% ] 524/800 VUs  0m19.6s/6m00.0s

running (0m20.6s), 550/800 VUs, 19460 complete and 0 interrupted iterations
default   [   6% ] 550/800 VUs  0m20.6s/6m00.0s

running (0m21.6s), 577/800 VUs, 20442 complete and 0 interrupted iterations
default   [   6% ] 577/800 VUs  0m21.6s/6m00.0s

running (0m22.6s), 604/800 VUs, 21442 complete and 0 interrupted iterations
default   [   6% ] 604/800 VUs  0m22.6s/6m00.0s

running (0m23.6s), 630/800 VUs, 22424 complete and 0 interrupted iterations
default   [   7% ] 630/800 VUs  0m23.6s/6m00.0s

running (0m24.6s), 657/800 VUs, 23408 complete and 0 interrupted iterations
default   [   7% ] 657/800 VUs  0m24.6s/6m00.0s

running (0m25.6s), 684/800 VUs, 24392 complete and 0 interrupted iterations
default   [   7% ] 684/800 VUs  0m25.6s/6m00.0s

running (0m26.6s), 710/800 VUs, 25392 complete and 0 interrupted iterations
default   [   7% ] 710/800 VUs  0m26.6s/6m00.0s

running (0m27.6s), 737/800 VUs, 26376 complete and 0 interrupted iterations
default   [   8% ] 737/800 VUs  0m27.6s/6m00.0s

running (0m28.6s), 763/800 VUs, 27353 complete and 0 interrupted iterations
default   [   8% ] 763/800 VUs  0m28.6s/6m00.0s

running (0m29.6s), 790/800 VUs, 28342 complete and 0 interrupted iterations
default   [   8% ] 790/800 VUs  0m29.6s/6m00.0s

running (0m30.6s), 800/800 VUs, 29342 complete and 0 interrupted iterations
default   [   9% ] 800/800 VUs  0m30.6s/6m00.0s

running (0m31.6s), 800/800 VUs, 30310 complete and 0 interrupted iterations
default   [   9% ] 800/800 VUs  0m31.6s/6m00.0s

running (0m32.6s), 800/800 VUs, 31301 complete and 0 interrupted iterations
default   [   9% ] 800/800 VUs  0m32.6s/6m00.0s

running (0m33.6s), 800/800 VUs, 32292 complete and 0 interrupted iterations
default   [   9% ] 800/800 VUs  0m33.6s/6m00.0s

running (0m34.6s), 800/800 VUs, 33292 complete and 0 interrupted iterations
default   [  10% ] 800/800 VUs  0m34.6s/6m00.0s

running (0m35.6s), 800/800 VUs, 34265 complete and 0 interrupted iterations
default   [  10% ] 800/800 VUs  0m35.6s/6m00.0s

running (0m36.6s), 800/800 VUs, 35247 complete and 0 interrupted iterations
default   [  10% ] 800/800 VUs  0m36.6s/6m00.0s

running (0m37.6s), 800/800 VUs, 36242 complete and 0 interrupted iterations
default   [  10% ] 800/800 VUs  0m37.6s/6m00.0s

running (0m38.6s), 800/800 VUs, 37227 complete and 0 interrupted iterations
default   [  11% ] 800/800 VUs  0m38.6s/6m00.0s

running (0m39.6s), 800/800 VUs, 38221 complete and 0 interrupted iterations
default   [  11% ] 800/800 VUs  0m39.6s/6m00.0s

running (0m40.7s), 800/800 VUs, 39200 complete and 0 interrupted iterations
default   [  11% ] 800/800 VUs  0m40.7s/6m00.0s

running (0m41.6s), 800/800 VUs, 40192 complete and 0 interrupted iterations
default   [  12% ] 800/800 VUs  0m41.6s/6m00.0s

running (0m42.6s), 800/800 VUs, 41186 complete and 0 interrupted iterations
default   [  12% ] 800/800 VUs  0m42.6s/6m00.0s

running (0m43.6s), 800/800 VUs, 42171 complete and 0 interrupted iterations
default   [  12% ] 800/800 VUs  0m43.6s/6m00.0s

running (0m44.6s), 800/800 VUs, 43150 complete and 0 interrupted iterations
default   [  12% ] 800/800 VUs  0m44.6s/6m00.0s

running (0m45.6s), 800/800 VUs, 44148 complete and 0 interrupted iterations
default   [  13% ] 800/800 VUs  0m45.6s/6m00.0s

running (0m46.6s), 800/800 VUs, 45134 complete and 0 interrupted iterations
default   [  13% ] 800/800 VUs  0m46.6s/6m00.0s

running (0m47.6s), 800/800 VUs, 46106 complete and 0 interrupted iterations
default   [  13% ] 800/800 VUs  0m47.6s/6m00.0s

running (0m48.6s), 800/800 VUs, 47100 complete and 0 interrupted iterations
default   [  14% ] 800/800 VUs  0m48.6s/6m00.0s

running (0m49.6s), 800/800 VUs, 48100 complete and 0 interrupted iterations
default   [  14% ] 800/800 VUs  0m49.6s/6m00.0s

running (0m50.6s), 800/800 VUs, 49090 complete and 0 interrupted iterations
default   [  14% ] 800/800 VUs  0m50.6s/6m00.0s

running (0m51.6s), 800/800 VUs, 50062 complete and 0 interrupted iterations
default   [  14% ] 800/800 VUs  0m51.6s/6m00.0s

running (0m52.6s), 800/800 VUs, 51056 complete and 0 interrupted iterations
default   [  15% ] 800/800 VUs  0m52.6s/6m00.0s

running (0m53.6s), 800/800 VUs, 52050 complete and 0 interrupted iterations
default   [  15% ] 800/800 VUs  0m53.6s/6m00.0s

running (0m54.6s), 800/800 VUs, 53028 complete and 0 interrupted iterations
default   [  15% ] 800/800 VUs  0m54.6s/6m00.0s

running (0m55.6s), 800/800 VUs, 54017 complete and 0 interrupted iterations
default   [  15% ] 800/800 VUs  0m55.6s/6m00.0s

running (0m56.6s), 800/800 VUs, 55002 complete and 0 interrupted iterations
default   [  16% ] 800/800 VUs  0m56.6s/6m00.0s

running (0m57.6s), 800/800 VUs, 55986 complete and 0 interrupted iterations
default   [  16% ] 800/800 VUs  0m57.6s/6m00.0s

running (0m58.6s), 800/800 VUs, 56978 complete and 0 interrupted iterations
default   [  16% ] 800/800 VUs  0m58.6s/6m00.0s

running (0m59.6s), 800/800 VUs, 57978 complete and 0 interrupted iterations
default   [  17% ] 800/800 VUs  0m59.6s/6m00.0s

running (1m00.6s), 800/800 VUs, 58962 complete and 0 interrupted iterations
default   [  17% ] 800/800 VUs  1m00.6s/6m00.0s

running (1m01.6s), 800/800 VUs, 59931 complete and 0 interrupted iterations
default   [  17% ] 800/800 VUs  1m01.6s/6m00.0s

running (1m02.6s), 800/800 VUs, 60928 complete and 0 interrupted iterations
default   [  17% ] 800/800 VUs  1m02.6s/6m00.0s

running (1m03.6s), 800/800 VUs, 61928 complete and 0 interrupted iterations
default   [  18% ] 800/800 VUs  1m03.6s/6m00.0s

running (1m04.6s), 800/800 VUs, 62915 complete and 0 interrupted iterations
default   [  18% ] 800/800 VUs  1m04.6s/6m00.0s

running (1m05.6s), 800/800 VUs, 63884 complete and 0 interrupted iterations
default   [  18% ] 800/800 VUs  1m05.6s/6m00.0s

running (1m06.6s), 800/800 VUs, 64878 complete and 0 interrupted iterations
default   [  19% ] 800/800 VUs  1m06.6s/6m00.0s

running (1m07.6s), 800/800 VUs, 65874 complete and 0 interrupted iterations
default   [  19% ] 800/800 VUs  1m07.6s/6m00.0s

running (1m08.6s), 800/800 VUs, 66862 complete and 0 interrupted iterations
default   [  19% ] 800/800 VUs  1m08.6s/6m00.0s

running (1m09.6s), 800/800 VUs, 67842 complete and 0 interrupted iterations
default   [  19% ] 800/800 VUs  1m09.6s/6m00.0s

running (1m10.6s), 800/800 VUs, 68828 complete and 0 interrupted iterations
default   [  20% ] 800/800 VUs  1m10.6s/6m00.0s

running (1m11.6s), 800/800 VUs, 69828 complete and 0 interrupted iterations
default   [  20% ] 800/800 VUs  1m11.6s/6m00.0s

running (1m12.6s), 800/800 VUs, 70793 complete and 0 interrupted iterations
default   [  20% ] 800/800 VUs  1m12.6s/6m00.0s

running (1m13.6s), 800/800 VUs, 71778 complete and 0 interrupted iterations
default   [  20% ] 800/800 VUs  1m13.6s/6m00.0s

running (1m14.6s), 800/800 VUs, 72778 complete and 0 interrupted iterations
default   [  21% ] 800/800 VUs  1m14.6s/6m00.0s

running (1m15.6s), 800/800 VUs, 73731 complete and 0 interrupted iterations
default   [  21% ] 800/800 VUs  1m15.6s/6m00.0s

running (1m16.6s), 800/800 VUs, 74728 complete and 0 interrupted iterations
default   [  21% ] 800/800 VUs  1m16.6s/6m00.0s

running (1m17.6s), 800/800 VUs, 75711 complete and 0 interrupted iterations
default   [  22% ] 800/800 VUs  1m17.6s/6m00.0s

running (1m18.6s), 800/800 VUs, 76678 complete and 0 interrupted iterations
default   [  22% ] 800/800 VUs  1m18.6s/6m00.0s

running (1m19.6s), 800/800 VUs, 77678 complete and 0 interrupted iterations
default   [  22% ] 800/800 VUs  1m19.6s/6m00.0s

running (1m20.6s), 800/800 VUs, 78678 complete and 0 interrupted iterations
default   [  22% ] 800/800 VUs  1m20.6s/6m00.0s

running (1m21.6s), 800/800 VUs, 79651 complete and 0 interrupted iterations
default   [  23% ] 800/800 VUs  1m21.6s/6m00.0s

running (1m22.6s), 800/800 VUs, 80628 complete and 0 interrupted iterations
default   [  23% ] 800/800 VUs  1m22.6s/6m00.0s

running (1m23.6s), 800/800 VUs, 81628 complete and 0 interrupted iterations
default   [  23% ] 800/800 VUs  1m23.6s/6m00.0s

running (1m24.6s), 800/800 VUs, 82594 complete and 0 interrupted iterations
default   [  24% ] 800/800 VUs  1m24.6s/6m00.0s

running (1m25.6s), 800/800 VUs, 83578 complete and 0 interrupted iterations
default   [  24% ] 800/800 VUs  1m25.6s/6m00.0s

running (1m26.6s), 800/800 VUs, 84578 complete and 0 interrupted iterations
default   [  24% ] 800/800 VUs  1m26.6s/6m00.0s

running (1m27.6s), 800/800 VUs, 85562 complete and 0 interrupted iterations
default   [  24% ] 800/800 VUs  1m27.6s/6m00.0s

running (1m28.6s), 800/800 VUs, 86530 complete and 0 interrupted iterations
default   [  25% ] 800/800 VUs  1m28.6s/6m00.0s

running (1m29.6s), 800/800 VUs, 87528 complete and 0 interrupted iterations
default   [  25% ] 800/800 VUs  1m29.6s/6m00.0s

running (1m30.6s), 800/800 VUs, 88528 complete and 0 interrupted iterations
default   [  25% ] 800/800 VUs  1m30.6s/6m00.0s

running (1m31.6s), 800/800 VUs, 89520 complete and 0 interrupted iterations
default   [  25% ] 800/800 VUs  1m31.6s/6m00.0s

running (1m32.6s), 800/800 VUs, 90485 complete and 0 interrupted iterations
default   [  26% ] 800/800 VUs  1m32.6s/6m00.0s

running (1m33.6s), 800/800 VUs, 91478 complete and 0 interrupted iterations
default   [  26% ] 800/800 VUs  1m33.6s/6m00.0s

running (1m34.6s), 800/800 VUs, 92478 complete and 0 interrupted iterations
default   [  26% ] 800/800 VUs  1m34.6s/6m00.0s

running (1m35.6s), 800/800 VUs, 93439 complete and 0 interrupted iterations
default   [  27% ] 800/800 VUs  1m35.6s/6m00.0s

running (1m36.6s), 800/800 VUs, 94435 complete and 0 interrupted iterations
default   [  27% ] 800/800 VUs  1m36.6s/6m00.0s

running (1m37.6s), 800/800 VUs, 95431 complete and 0 interrupted iterations
default   [  27% ] 800/800 VUs  1m37.6s/6m00.0s

running (1m38.6s), 800/800 VUs, 96411 complete and 0 interrupted iterations
default   [  27% ] 800/800 VUs  1m38.6s/6m00.0s

running (1m39.6s), 800/800 VUs, 97400 complete and 0 interrupted iterations
default   [  28% ] 800/800 VUs  1m39.6s/6m00.0s

running (1m40.6s), 800/800 VUs, 98386 complete and 0 interrupted iterations
default   [  28% ] 800/800 VUs  1m40.6s/6m00.0s

running (1m41.6s), 800/800 VUs, 99381 complete and 0 interrupted iterations
default   [  28% ] 800/800 VUs  1m41.6s/6m00.0s

running (1m42.6s), 800/800 VUs, 100363 complete and 0 interrupted iterations
default   [  29% ] 800/800 VUs  1m42.6s/6m00.0s

running (1m43.6s), 800/800 VUs, 101358 complete and 0 interrupted iterations
default   [  29% ] 800/800 VUs  1m43.6s/6m00.0s

running (1m44.6s), 800/800 VUs, 102339 complete and 0 interrupted iterations
default   [  29% ] 800/800 VUs  1m44.6s/6m00.0s

running (1m45.6s), 800/800 VUs, 103335 complete and 0 interrupted iterations
default   [  29% ] 800/800 VUs  1m45.6s/6m00.0s

running (1m46.6s), 800/800 VUs, 104323 complete and 0 interrupted iterations
default   [  30% ] 800/800 VUs  1m46.6s/6m00.0s

running (1m47.6s), 800/800 VUs, 105312 complete and 0 interrupted iterations
default   [  30% ] 800/800 VUs  1m47.6s/6m00.0s

running (1m48.6s), 800/800 VUs, 106294 complete and 0 interrupted iterations
default   [  30% ] 800/800 VUs  1m48.6s/6m00.0s

running (1m49.6s), 800/800 VUs, 107289 complete and 0 interrupted iterations
default   [  30% ] 800/800 VUs  1m49.6s/6m00.0s

running (1m50.6s), 800/800 VUs, 108269 complete and 0 interrupted iterations
default   [  31% ] 800/800 VUs  1m50.6s/6m00.0s

running (1m51.6s), 800/800 VUs, 109268 complete and 0 interrupted iterations
default   [  31% ] 800/800 VUs  1m51.6s/6m00.0s

running (1m52.6s), 800/800 VUs, 110254 complete and 0 interrupted iterations
default   [  31% ] 800/800 VUs  1m52.6s/6m00.0s

running (1m53.6s), 800/800 VUs, 111231 complete and 0 interrupted iterations
default   [  32% ] 800/800 VUs  1m53.6s/6m00.0s

running (1m54.6s), 800/800 VUs, 112222 complete and 0 interrupted iterations
default   [  32% ] 800/800 VUs  1m54.6s/6m00.0s

running (1m55.6s), 800/800 VUs, 113219 complete and 0 interrupted iterations
default   [  32% ] 800/800 VUs  1m55.6s/6m00.0s

running (1m56.6s), 800/800 VUs, 114212 complete and 0 interrupted iterations
default   [  32% ] 800/800 VUs  1m56.6s/6m00.0s

running (1m57.6s), 800/800 VUs, 115184 complete and 0 interrupted iterations
default   [  33% ] 800/800 VUs  1m57.6s/6m00.0s

running (1m58.6s), 800/800 VUs, 116178 complete and 0 interrupted iterations
default   [  33% ] 800/800 VUs  1m58.6s/6m00.0s

running (1m59.7s), 800/800 VUs, 117169 complete and 0 interrupted iterations
default   [  33% ] 800/800 VUs  1m59.7s/6m00.0s

running (2m00.6s), 800/800 VUs, 118161 complete and 0 interrupted iterations
default   [  34% ] 800/800 VUs  2m00.6s/6m00.0s

running (2m01.6s), 800/800 VUs, 119145 complete and 0 interrupted iterations
default   [  34% ] 800/800 VUs  2m01.6s/6m00.0s

running (2m02.6s), 800/800 VUs, 120134 complete and 0 interrupted iterations
default   [  34% ] 800/800 VUs  2m02.6s/6m00.0s

running (2m03.6s), 800/800 VUs, 121119 complete and 0 interrupted iterations
default   [  34% ] 800/800 VUs  2m03.6s/6m00.0s

running (2m04.6s), 800/800 VUs, 122109 complete and 0 interrupted iterations
default   [  35% ] 800/800 VUs  2m04.6s/6m00.0s

running (2m05.6s), 800/800 VUs, 123098 complete and 0 interrupted iterations
default   [  35% ] 800/800 VUs  2m05.6s/6m00.0s

running (2m06.6s), 800/800 VUs, 124088 complete and 0 interrupted iterations
default   [  35% ] 800/800 VUs  2m06.6s/6m00.0s

running (2m07.6s), 800/800 VUs, 125070 complete and 0 interrupted iterations
default   [  35% ] 800/800 VUs  2m07.6s/6m00.0s

running (2m08.6s), 800/800 VUs, 126067 complete and 0 interrupted iterations
default   [  36% ] 800/800 VUs  2m08.6s/6m00.0s

running (2m09.6s), 800/800 VUs, 127048 complete and 0 interrupted iterations
default   [  36% ] 800/800 VUs  2m09.6s/6m00.0s

running (2m10.6s), 800/800 VUs, 128028 complete and 0 interrupted iterations
default   [  36% ] 800/800 VUs  2m10.6s/6m00.0s

running (2m11.6s), 800/800 VUs, 129021 complete and 0 interrupted iterations
default   [  37% ] 800/800 VUs  2m11.6s/6m00.0s

running (2m12.6s), 800/800 VUs, 130020 complete and 0 interrupted iterations
default   [  37% ] 800/800 VUs  2m12.6s/6m00.0s

running (2m13.6s), 800/800 VUs, 131000 complete and 0 interrupted iterations
default   [  37% ] 800/800 VUs  2m13.6s/6m00.0s

running (2m14.6s), 800/800 VUs, 131972 complete and 0 interrupted iterations
default   [  37% ] 800/800 VUs  2m14.6s/6m00.0s

running (2m15.6s), 800/800 VUs, 132970 complete and 0 interrupted iterations
default   [  38% ] 800/800 VUs  2m15.6s/6m00.0s

running (2m16.6s), 800/800 VUs, 133970 complete and 0 interrupted iterations
default   [  38% ] 800/800 VUs  2m16.6s/6m00.0s

running (2m17.6s), 800/800 VUs, 134945 complete and 0 interrupted iterations
default   [  38% ] 800/800 VUs  2m17.6s/6m00.0s

running (2m18.6s), 800/800 VUs, 135922 complete and 0 interrupted iterations
default   [  39% ] 800/800 VUs  2m18.6s/6m00.0s

running (2m19.6s), 800/800 VUs, 136920 complete and 0 interrupted iterations
default   [  39% ] 800/800 VUs  2m19.6s/6m00.0s

running (2m20.6s), 800/800 VUs, 137900 complete and 0 interrupted iterations
default   [  39% ] 800/800 VUs  2m20.6s/6m00.0s

running (2m21.6s), 800/800 VUs, 138880 complete and 0 interrupted iterations
default   [  39% ] 800/800 VUs  2m21.6s/6m00.0s

running (2m22.6s), 800/800 VUs, 139872 complete and 0 interrupted iterations
default   [  40% ] 800/800 VUs  2m22.6s/6m00.0s

running (2m23.6s), 800/800 VUs, 140870 complete and 0 interrupted iterations
default   [  40% ] 800/800 VUs  2m23.6s/6m00.0s

running (2m24.6s), 800/800 VUs, 141852 complete and 0 interrupted iterations
default   [  40% ] 800/800 VUs  2m24.6s/6m00.0s

running (2m25.6s), 800/800 VUs, 142830 complete and 0 interrupted iterations
default   [  40% ] 800/800 VUs  2m25.6s/6m00.0s

running (2m26.6s), 800/800 VUs, 143830 complete and 0 interrupted iterations
default   [  41% ] 800/800 VUs  2m26.6s/6m00.0s

running (2m27.6s), 800/800 VUs, 144816 complete and 0 interrupted iterations
default   [  41% ] 800/800 VUs  2m27.6s/6m00.0s

running (2m28.6s), 800/800 VUs, 145786 complete and 0 interrupted iterations
default   [  41% ] 800/800 VUs  2m28.6s/6m00.0s

running (2m29.6s), 800/800 VUs, 146780 complete and 0 interrupted iterations
default   [  42% ] 800/800 VUs  2m29.6s/6m00.0s

running (2m30.6s), 800/800 VUs, 147780 complete and 0 interrupted iterations
default   [  42% ] 800/800 VUs  2m30.6s/6m00.0s

running (2m31.6s), 800/800 VUs, 148775 complete and 0 interrupted iterations
default   [  42% ] 800/800 VUs  2m31.6s/6m00.0s

running (2m32.6s), 800/800 VUs, 149744 complete and 0 interrupted iterations
default   [  42% ] 800/800 VUs  2m32.6s/6m00.0s

running (2m33.6s), 800/800 VUs, 150732 complete and 0 interrupted iterations
default   [  43% ] 800/800 VUs  2m33.6s/6m00.0s

running (2m34.6s), 800/800 VUs, 151730 complete and 0 interrupted iterations
default   [  43% ] 800/800 VUs  2m34.6s/6m00.0s

running (2m35.6s), 800/800 VUs, 152725 complete and 0 interrupted iterations
default   [  43% ] 800/800 VUs  2m35.6s/6m00.0s

running (2m36.6s), 800/800 VUs, 153702 complete and 0 interrupted iterations
default   [  44% ] 800/800 VUs  2m36.6s/6m00.0s

running (2m37.6s), 800/800 VUs, 154681 complete and 0 interrupted iterations
default   [  44% ] 800/800 VUs  2m37.6s/6m00.0s

running (2m38.6s), 800/800 VUs, 155681 complete and 0 interrupted iterations
default   [  44% ] 800/800 VUs  2m38.6s/6m00.0s

running (2m39.6s), 800/800 VUs, 156675 complete and 0 interrupted iterations
default   [  44% ] 800/800 VUs  2m39.6s/6m00.0s

running (2m40.6s), 800/800 VUs, 157648 complete and 0 interrupted iterations
default   [  45% ] 800/800 VUs  2m40.6s/6m00.0s

running (2m41.6s), 800/800 VUs, 158641 complete and 0 interrupted iterations
default   [  45% ] 800/800 VUs  2m41.6s/6m00.0s

running (2m42.6s), 800/800 VUs, 159631 complete and 0 interrupted iterations
default   [  45% ] 800/800 VUs  2m42.6s/6m00.0s

running (2m43.6s), 800/800 VUs, 160631 complete and 0 interrupted iterations
default   [  45% ] 800/800 VUs  2m43.6s/6m00.0s

running (2m44.6s), 800/800 VUs, 161607 complete and 0 interrupted iterations
default   [  46% ] 800/800 VUs  2m44.6s/6m00.0s

running (2m45.6s), 800/800 VUs, 162598 complete and 0 interrupted iterations
default   [  46% ] 800/800 VUs  2m45.6s/6m00.0s

running (2m46.6s), 800/800 VUs, 163581 complete and 0 interrupted iterations
default   [  46% ] 800/800 VUs  2m46.6s/6m00.0s

running (2m47.6s), 800/800 VUs, 164575 complete and 0 interrupted iterations
default   [  47% ] 800/800 VUs  2m47.6s/6m00.0s

running (2m48.6s), 800/800 VUs, 165555 complete and 0 interrupted iterations
default   [  47% ] 800/800 VUs  2m48.6s/6m00.0s

running (2m49.6s), 800/800 VUs, 166549 complete and 0 interrupted iterations
default   [  47% ] 800/800 VUs  2m49.6s/6m00.0s

running (2m50.6s), 800/800 VUs, 167537 complete and 0 interrupted iterations
default   [  47% ] 800/800 VUs  2m50.6s/6m00.0s

running (2m51.6s), 800/800 VUs, 168516 complete and 0 interrupted iterations
default   [  48% ] 800/800 VUs  2m51.6s/6m00.0s

running (2m52.6s), 800/800 VUs, 169509 complete and 0 interrupted iterations
default   [  48% ] 800/800 VUs  2m52.6s/6m00.0s

running (2m53.6s), 800/800 VUs, 170501 complete and 0 interrupted iterations
default   [  48% ] 800/800 VUs  2m53.6s/6m00.0s

running (2m54.6s), 800/800 VUs, 171497 complete and 0 interrupted iterations
default   [  49% ] 800/800 VUs  2m54.6s/6m00.0s

running (2m55.6s), 800/800 VUs, 172472 complete and 0 interrupted iterations
default   [  49% ] 800/800 VUs  2m55.6s/6m00.0s

running (2m56.6s), 800/800 VUs, 173466 complete and 0 interrupted iterations
default   [  49% ] 800/800 VUs  2m56.6s/6m00.0s

running (2m57.6s), 800/800 VUs, 174459 complete and 0 interrupted iterations
default   [  49% ] 800/800 VUs  2m57.6s/6m00.0s

running (2m58.6s), 800/800 VUs, 175442 complete and 0 interrupted iterations
default   [  50% ] 800/800 VUs  2m58.6s/6m00.0s

running (2m59.6s), 800/800 VUs, 176435 complete and 0 interrupted iterations
default   [  50% ] 800/800 VUs  2m59.6s/6m00.0s

running (3m00.6s), 800/800 VUs, 177417 complete and 0 interrupted iterations
default   [  50% ] 800/800 VUs  3m00.6s/6m00.0s

running (3m01.7s), 800/800 VUs, 178408 complete and 0 interrupted iterations
default   [  50% ] 800/800 VUs  3m01.7s/6m00.0s

running (3m02.6s), 800/800 VUs, 179392 complete and 0 interrupted iterations
default   [  51% ] 800/800 VUs  3m02.6s/6m00.0s

running (3m03.6s), 800/800 VUs, 180392 complete and 0 interrupted iterations
default   [  51% ] 800/800 VUs  3m03.6s/6m00.0s

running (3m04.6s), 800/800 VUs, 181373 complete and 0 interrupted iterations
default   [  51% ] 800/800 VUs  3m04.6s/6m00.0s

running (3m05.6s), 800/800 VUs, 182358 complete and 0 interrupted iterations
default   [  52% ] 800/800 VUs  3m05.6s/6m00.0s

running (3m06.6s), 800/800 VUs, 183346 complete and 0 interrupted iterations
default   [  52% ] 800/800 VUs  3m06.6s/6m00.0s

running (3m07.6s), 800/800 VUs, 184339 complete and 0 interrupted iterations
default   [  52% ] 800/800 VUs  3m07.6s/6m00.0s

running (3m08.6s), 800/800 VUs, 185315 complete and 0 interrupted iterations
default   [  52% ] 800/800 VUs  3m08.6s/6m00.0s

running (3m09.6s), 800/800 VUs, 186310 complete and 0 interrupted iterations
default   [  53% ] 800/800 VUs  3m09.6s/6m00.0s

running (3m10.6s), 800/800 VUs, 187308 complete and 0 interrupted iterations
default   [  53% ] 800/800 VUs  3m10.6s/6m00.0s

running (3m11.6s), 800/800 VUs, 188296 complete and 0 interrupted iterations
default   [  53% ] 800/800 VUs  3m11.6s/6m00.0s

running (3m12.6s), 800/800 VUs, 189271 complete and 0 interrupted iterations
default   [  54% ] 800/800 VUs  3m12.6s/6m00.0s

running (3m13.6s), 800/800 VUs, 190265 complete and 0 interrupted iterations
default   [  54% ] 800/800 VUs  3m13.6s/6m00.0s

running (3m14.6s), 800/800 VUs, 191258 complete and 0 interrupted iterations
default   [  54% ] 800/800 VUs  3m14.6s/6m00.0s

running (3m15.6s), 800/800 VUs, 192246 complete and 0 interrupted iterations
default   [  54% ] 800/800 VUs  3m15.6s/6m00.0s

running (3m16.6s), 800/800 VUs, 193219 complete and 0 interrupted iterations
default   [  55% ] 800/800 VUs  3m16.6s/6m00.0s

running (3m17.6s), 800/800 VUs, 194208 complete and 0 interrupted iterations
default   [  55% ] 800/800 VUs  3m17.6s/6m00.0s

running (3m18.6s), 800/800 VUs, 195196 complete and 0 interrupted iterations
default   [  55% ] 800/800 VUs  3m18.6s/6m00.0s

running (3m19.6s), 800/800 VUs, 196158 complete and 0 interrupted iterations
default   [  55% ] 800/800 VUs  3m19.6s/6m00.0s

running (3m20.6s), 800/800 VUs, 197158 complete and 0 interrupted iterations
default   [  56% ] 800/800 VUs  3m20.6s/6m00.0s

running (3m21.6s), 800/800 VUs, 198158 complete and 0 interrupted iterations
default   [  56% ] 800/800 VUs  3m21.6s/6m00.0s

running (3m22.6s), 800/800 VUs, 199108 complete and 0 interrupted iterations
default   [  56% ] 800/800 VUs  3m22.6s/6m00.0s

running (3m23.6s), 800/800 VUs, 200108 complete and 0 interrupted iterations
default   [  57% ] 800/800 VUs  3m23.6s/6m00.0s

running (3m24.6s), 800/800 VUs, 201095 complete and 0 interrupted iterations
default   [  57% ] 800/800 VUs  3m24.6s/6m00.0s

running (3m25.6s), 800/800 VUs, 202061 complete and 0 interrupted iterations
default   [  57% ] 800/800 VUs  3m25.6s/6m00.0s

running (3m26.6s), 800/800 VUs, 203058 complete and 0 interrupted iterations
default   [  57% ] 800/800 VUs  3m26.6s/6m00.0s

running (3m27.6s), 800/800 VUs, 204058 complete and 0 interrupted iterations
default   [  58% ] 800/800 VUs  3m27.6s/6m00.0s

running (3m28.6s), 800/800 VUs, 205021 complete and 0 interrupted iterations
default   [  58% ] 800/800 VUs  3m28.6s/6m00.0s

running (3m29.6s), 800/800 VUs, 206008 complete and 0 interrupted iterations
default   [  58% ] 800/800 VUs  3m29.6s/6m00.0s

running (3m30.6s), 800/800 VUs, 207008 complete and 0 interrupted iterations
default   [  59% ] 800/800 VUs  3m30.6s/6m00.0s

running (3m31.6s), 800/800 VUs, 207994 complete and 0 interrupted iterations
default   [  59% ] 800/800 VUs  3m31.6s/6m00.0s

running (3m32.6s), 800/800 VUs, 208964 complete and 0 interrupted iterations
default   [  59% ] 800/800 VUs  3m32.6s/6m00.0s

running (3m33.6s), 800/800 VUs, 209958 complete and 0 interrupted iterations
default   [  59% ] 800/800 VUs  3m33.6s/6m00.0s

running (3m34.6s), 800/800 VUs, 210958 complete and 0 interrupted iterations
default   [  60% ] 800/800 VUs  3m34.6s/6m00.0s

running (3m35.6s), 800/800 VUs, 211940 complete and 0 interrupted iterations
default   [  60% ] 800/800 VUs  3m35.6s/6m00.0s

running (3m36.6s), 800/800 VUs, 212908 complete and 0 interrupted iterations
default   [  60% ] 800/800 VUs  3m36.6s/6m00.0s

running (3m37.6s), 800/800 VUs, 213908 complete and 0 interrupted iterations
default   [  60% ] 800/800 VUs  3m37.6s/6m00.0s

running (3m38.6s), 800/800 VUs, 214902 complete and 0 interrupted iterations
default   [  61% ] 800/800 VUs  3m38.6s/6m00.0s

running (3m39.6s), 800/800 VUs, 215880 complete and 0 interrupted iterations
default   [  61% ] 800/800 VUs  3m39.6s/6m00.0s

running (3m40.6s), 800/800 VUs, 216858 complete and 0 interrupted iterations
default   [  61% ] 800/800 VUs  3m40.6s/6m00.0s

running (3m41.6s), 800/800 VUs, 217858 complete and 0 interrupted iterations
default   [  62% ] 800/800 VUs  3m41.6s/6m00.0s

running (3m42.6s), 800/800 VUs, 218858 complete and 0 interrupted iterations
default   [  62% ] 800/800 VUs  3m42.6s/6m00.0s

running (3m43.6s), 800/800 VUs, 219815 complete and 0 interrupted iterations
default   [  62% ] 800/800 VUs  3m43.6s/6m00.0s

running (3m44.6s), 800/800 VUs, 220808 complete and 0 interrupted iterations
default   [  62% ] 800/800 VUs  3m44.6s/6m00.0s

running (3m45.6s), 800/800 VUs, 221808 complete and 0 interrupted iterations
default   [  63% ] 800/800 VUs  3m45.6s/6m00.0s

running (3m46.6s), 800/800 VUs, 222795 complete and 0 interrupted iterations
default   [  63% ] 800/800 VUs  3m46.6s/6m00.0s

running (3m47.6s), 800/800 VUs, 223758 complete and 0 interrupted iterations
default   [  63% ] 800/800 VUs  3m47.6s/6m00.0s

running (3m48.6s), 800/800 VUs, 224758 complete and 0 interrupted iterations
default   [  64% ] 800/800 VUs  3m48.6s/6m00.0s

running (3m49.6s), 800/800 VUs, 225758 complete and 0 interrupted iterations
default   [  64% ] 800/800 VUs  3m49.6s/6m00.0s

running (3m50.6s), 800/800 VUs, 226724 complete and 0 interrupted iterations
default   [  64% ] 800/800 VUs  3m50.6s/6m00.0s

running (3m51.6s), 800/800 VUs, 227708 complete and 0 interrupted iterations
default   [  64% ] 800/800 VUs  3m51.6s/6m00.0s

running (3m52.6s), 800/800 VUs, 228708 complete and 0 interrupted iterations
default   [  65% ] 800/800 VUs  3m52.6s/6m00.0s

running (3m53.6s), 800/800 VUs, 229708 complete and 0 interrupted iterations
default   [  65% ] 800/800 VUs  3m53.6s/6m00.0s

running (3m54.6s), 800/800 VUs, 230673 complete and 0 interrupted iterations
default   [  65% ] 800/800 VUs  3m54.6s/6m00.0s

running (3m55.6s), 800/800 VUs, 231658 complete and 0 interrupted iterations
default   [  65% ] 800/800 VUs  3m55.6s/6m00.0s

running (3m56.6s), 800/800 VUs, 232658 complete and 0 interrupted iterations
default   [  66% ] 800/800 VUs  3m56.6s/6m00.0s

running (3m57.6s), 800/800 VUs, 233647 complete and 0 interrupted iterations
default   [  66% ] 800/800 VUs  3m57.6s/6m00.0s

running (3m58.6s), 800/800 VUs, 234618 complete and 0 interrupted iterations
default   [  66% ] 800/800 VUs  3m58.6s/6m00.0s

running (3m59.6s), 800/800 VUs, 235608 complete and 0 interrupted iterations
default   [  67% ] 800/800 VUs  3m59.6s/6m00.0s

running (4m00.6s), 800/800 VUs, 236608 complete and 0 interrupted iterations
default   [  67% ] 800/800 VUs  4m00.6s/6m00.0s

running (4m01.6s), 800/800 VUs, 237595 complete and 0 interrupted iterations
default   [  67% ] 800/800 VUs  4m01.6s/6m00.0s

running (4m02.6s), 800/800 VUs, 238560 complete and 0 interrupted iterations
default   [  67% ] 800/800 VUs  4m02.6s/6m00.0s

running (4m03.6s), 800/800 VUs, 239558 complete and 0 interrupted iterations
default   [  68% ] 800/800 VUs  4m03.6s/6m00.0s

running (4m04.6s), 800/800 VUs, 240537 complete and 0 interrupted iterations
default   [  68% ] 800/800 VUs  4m04.6s/6m00.0s

running (4m05.7s), 800/800 VUs, 241524 complete and 0 interrupted iterations
default   [  68% ] 800/800 VUs  4m05.7s/6m00.0s

running (4m06.6s), 800/800 VUs, 242508 complete and 0 interrupted iterations
default   [  69% ] 800/800 VUs  4m06.6s/6m00.0s

running (4m07.6s), 800/800 VUs, 243508 complete and 0 interrupted iterations
default   [  69% ] 800/800 VUs  4m07.6s/6m00.0s

running (4m08.6s), 800/800 VUs, 244495 complete and 0 interrupted iterations
default   [  69% ] 800/800 VUs  4m08.6s/6m00.0s

running (4m09.6s), 800/800 VUs, 245475 complete and 0 interrupted iterations
default   [  69% ] 800/800 VUs  4m09.6s/6m00.0s

running (4m10.6s), 800/800 VUs, 246458 complete and 0 interrupted iterations
default   [  70% ] 800/800 VUs  4m10.6s/6m00.0s

running (4m11.6s), 800/800 VUs, 247458 complete and 0 interrupted iterations
default   [  70% ] 800/800 VUs  4m11.6s/6m00.0s

running (4m12.6s), 800/800 VUs, 248458 complete and 0 interrupted iterations
default   [  70% ] 800/800 VUs  4m12.6s/6m00.0s

running (4m13.6s), 800/800 VUs, 249427 complete and 0 interrupted iterations
default   [  70% ] 800/800 VUs  4m13.6s/6m00.0s

running (4m14.6s), 800/800 VUs, 250408 complete and 0 interrupted iterations
default   [  71% ] 800/800 VUs  4m14.6s/6m00.0s

running (4m15.6s), 800/800 VUs, 251408 complete and 0 interrupted iterations
default   [  71% ] 800/800 VUs  4m15.6s/6m00.0s

running (4m16.6s), 800/800 VUs, 252368 complete and 0 interrupted iterations
default   [  71% ] 800/800 VUs  4m16.6s/6m00.0s

running (4m17.6s), 800/800 VUs, 253358 complete and 0 interrupted iterations
default   [  72% ] 800/800 VUs  4m17.6s/6m00.0s

running (4m18.7s), 800/800 VUs, 254358 complete and 0 interrupted iterations
default   [  72% ] 800/800 VUs  4m18.7s/6m00.0s

running (4m19.6s), 800/800 VUs, 255343 complete and 0 interrupted iterations
default   [  72% ] 800/800 VUs  4m19.6s/6m00.0s

running (4m20.6s), 800/800 VUs, 256308 complete and 0 interrupted iterations
default   [  72% ] 800/800 VUs  4m20.6s/6m00.0s

running (4m21.6s), 800/800 VUs, 257308 complete and 0 interrupted iterations
default   [  73% ] 800/800 VUs  4m21.6s/6m00.0s

running (4m22.6s), 800/800 VUs, 258308 complete and 0 interrupted iterations
default   [  73% ] 800/800 VUs  4m22.6s/6m00.0s

running (4m23.6s), 800/800 VUs, 259270 complete and 0 interrupted iterations
default   [  73% ] 800/800 VUs  4m23.6s/6m00.0s

running (4m24.6s), 800/800 VUs, 260258 complete and 0 interrupted iterations
default   [  74% ] 800/800 VUs  4m24.6s/6m00.0s

running (4m25.6s), 800/800 VUs, 261258 complete and 0 interrupted iterations
default   [  74% ] 800/800 VUs  4m25.6s/6m00.0s

running (4m26.6s), 800/800 VUs, 262256 complete and 0 interrupted iterations
default   [  74% ] 800/800 VUs  4m26.6s/6m00.0s

running (4m27.6s), 800/800 VUs, 263208 complete and 0 interrupted iterations
default   [  74% ] 800/800 VUs  4m27.6s/6m00.0s

running (4m28.6s), 800/800 VUs, 264208 complete and 0 interrupted iterations
default   [  75% ] 800/800 VUs  4m28.6s/6m00.0s

running (4m29.6s), 800/800 VUs, 265208 complete and 0 interrupted iterations
default   [  75% ] 800/800 VUs  4m29.6s/6m00.0s

running (4m30.6s), 800/800 VUs, 266183 complete and 0 interrupted iterations
default   [  75% ] 800/800 VUs  4m30.6s/6m00.0s

running (4m31.6s), 800/800 VUs, 267158 complete and 0 interrupted iterations
default   [  75% ] 800/800 VUs  4m31.6s/6m00.0s

running (4m32.6s), 800/800 VUs, 268158 complete and 0 interrupted iterations
default   [  76% ] 800/800 VUs  4m32.6s/6m00.0s

running (4m33.6s), 800/800 VUs, 269158 complete and 0 interrupted iterations
default   [  76% ] 800/800 VUs  4m33.6s/6m00.0s

running (4m34.6s), 800/800 VUs, 270108 complete and 0 interrupted iterations
default   [  76% ] 800/800 VUs  4m34.6s/6m00.0s

running (4m35.6s), 800/800 VUs, 271108 complete and 0 interrupted iterations
default   [  77% ] 800/800 VUs  4m35.6s/6m00.0s

running (4m36.6s), 800/800 VUs, 272108 complete and 0 interrupted iterations
default   [  77% ] 800/800 VUs  4m36.6s/6m00.0s

running (4m37.6s), 800/800 VUs, 273083 complete and 0 interrupted iterations
default   [  77% ] 800/800 VUs  4m37.6s/6m00.0s

running (4m38.6s), 800/800 VUs, 274065 complete and 0 interrupted iterations
default   [  77% ] 800/800 VUs  4m38.6s/6m00.0s

running (4m39.6s), 800/800 VUs, 275058 complete and 0 interrupted iterations
default   [  78% ] 800/800 VUs  4m39.6s/6m00.0s

running (4m40.6s), 800/800 VUs, 276058 complete and 0 interrupted iterations
default   [  78% ] 800/800 VUs  4m40.6s/6m00.0s

running (4m41.6s), 800/800 VUs, 277032 complete and 0 interrupted iterations
default   [  78% ] 800/800 VUs  4m41.6s/6m00.0s

running (4m42.6s), 800/800 VUs, 278022 complete and 0 interrupted iterations
default   [  79% ] 800/800 VUs  4m42.6s/6m00.0s

running (4m43.6s), 800/800 VUs, 279008 complete and 0 interrupted iterations
default   [  79% ] 800/800 VUs  4m43.6s/6m00.0s

running (4m44.6s), 800/800 VUs, 280008 complete and 0 interrupted iterations
default   [  79% ] 800/800 VUs  4m44.6s/6m00.0s

running (4m45.6s), 800/800 VUs, 280992 complete and 0 interrupted iterations
default   [  79% ] 800/800 VUs  4m45.6s/6m00.0s

running (4m46.6s), 800/800 VUs, 281975 complete and 0 interrupted iterations
default   [  80% ] 800/800 VUs  4m46.6s/6m00.0s

running (4m47.6s), 800/800 VUs, 282965 complete and 0 interrupted iterations
default   [  80% ] 800/800 VUs  4m47.6s/6m00.0s

running (4m48.6s), 800/800 VUs, 283951 complete and 0 interrupted iterations
default   [  80% ] 800/800 VUs  4m48.6s/6m00.0s

running (4m49.6s), 800/800 VUs, 284934 complete and 0 interrupted iterations
default   [  80% ] 800/800 VUs  4m49.6s/6m00.0s

running (4m50.6s), 800/800 VUs, 285933 complete and 0 interrupted iterations
default   [  81% ] 800/800 VUs  4m50.6s/6m00.0s

running (4m51.6s), 800/800 VUs, 286919 complete and 0 interrupted iterations
default   [  81% ] 800/800 VUs  4m51.6s/6m00.0s

running (4m52.6s), 800/800 VUs, 287914 complete and 0 interrupted iterations
default   [  81% ] 800/800 VUs  4m52.6s/6m00.0s

running (4m53.6s), 800/800 VUs, 288894 complete and 0 interrupted iterations
default   [  82% ] 800/800 VUs  4m53.6s/6m00.0s

running (4m54.6s), 800/800 VUs, 289874 complete and 0 interrupted iterations
default   [  82% ] 800/800 VUs  4m54.6s/6m00.0s

running (4m55.6s), 800/800 VUs, 290873 complete and 0 interrupted iterations
default   [  82% ] 800/800 VUs  4m55.6s/6m00.0s

running (4m56.6s), 800/800 VUs, 291866 complete and 0 interrupted iterations
default   [  82% ] 800/800 VUs  4m56.6s/6m00.0s

running (4m57.6s), 800/800 VUs, 292843 complete and 0 interrupted iterations
default   [  83% ] 800/800 VUs  4m57.6s/6m00.0s

running (4m58.6s), 800/800 VUs, 293823 complete and 0 interrupted iterations
default   [  83% ] 800/800 VUs  4m58.6s/6m00.0s

running (4m59.6s), 800/800 VUs, 294823 complete and 0 interrupted iterations
default   [  83% ] 800/800 VUs  4m59.6s/6m00.0s

running (5m00.6s), 800/800 VUs, 295817 complete and 0 interrupted iterations
default   [  84% ] 800/800 VUs  5m00.6s/6m00.0s

running (5m01.6s), 800/800 VUs, 296809 complete and 0 interrupted iterations
default   [  84% ] 800/800 VUs  5m01.6s/6m00.0s

running (5m02.6s), 800/800 VUs, 297773 complete and 0 interrupted iterations
default   [  84% ] 800/800 VUs  5m02.6s/6m00.0s

running (5m03.6s), 800/800 VUs, 298773 complete and 0 interrupted iterations
default   [  84% ] 800/800 VUs  5m03.6s/6m00.0s

running (5m04.6s), 800/800 VUs, 299749 complete and 0 interrupted iterations
default   [  85% ] 800/800 VUs  5m04.6s/6m00.0s

running (5m05.6s), 800/800 VUs, 300744 complete and 0 interrupted iterations
default   [  85% ] 800/800 VUs  5m05.6s/6m00.0s

running (5m06.6s), 800/800 VUs, 301723 complete and 0 interrupted iterations
default   [  85% ] 800/800 VUs  5m06.6s/6m00.0s

running (5m07.6s), 800/800 VUs, 302723 complete and 0 interrupted iterations
default   [  85% ] 800/800 VUs  5m07.6s/6m00.0s

running (5m08.6s), 800/800 VUs, 303701 complete and 0 interrupted iterations
default   [  86% ] 800/800 VUs  5m08.6s/6m00.0s

running (5m09.6s), 800/800 VUs, 304694 complete and 0 interrupted iterations
default   [  86% ] 800/800 VUs  5m09.6s/6m00.0s

running (5m10.6s), 800/800 VUs, 305673 complete and 0 interrupted iterations
default   [  86% ] 800/800 VUs  5m10.6s/6m00.0s

running (5m11.6s), 800/800 VUs, 306673 complete and 0 interrupted iterations
default   [  87% ] 800/800 VUs  5m11.6s/6m00.0s

running (5m12.6s), 800/800 VUs, 307656 complete and 0 interrupted iterations
default   [  87% ] 800/800 VUs  5m12.6s/6m00.0s

running (5m13.6s), 800/800 VUs, 308623 complete and 0 interrupted iterations
default   [  87% ] 800/800 VUs  5m13.6s/6m00.0s

running (5m14.6s), 800/800 VUs, 309623 complete and 0 interrupted iterations
default   [  87% ] 800/800 VUs  5m14.6s/6m00.0s

running (5m15.6s), 800/800 VUs, 310598 complete and 0 interrupted iterations
default   [  88% ] 800/800 VUs  5m15.6s/6m00.0s

running (5m16.6s), 800/800 VUs, 311573 complete and 0 interrupted iterations
default   [  88% ] 800/800 VUs  5m16.6s/6m00.0s

running (5m17.6s), 800/800 VUs, 312573 complete and 0 interrupted iterations
default   [  88% ] 800/800 VUs  5m17.6s/6m00.0s

running (5m18.6s), 800/800 VUs, 313556 complete and 0 interrupted iterations
default   [  89% ] 800/800 VUs  5m18.6s/6m00.0s

running (5m19.6s), 800/800 VUs, 314523 complete and 0 interrupted iterations
default   [  89% ] 800/800 VUs  5m19.6s/6m00.0s

running (5m20.6s), 800/800 VUs, 315523 complete and 0 interrupted iterations
default   [  89% ] 800/800 VUs  5m20.6s/6m00.0s

running (5m21.6s), 800/800 VUs, 316523 complete and 0 interrupted iterations
default   [  89% ] 800/800 VUs  5m21.6s/6m00.0s

running (5m22.6s), 800/800 VUs, 317510 complete and 0 interrupted iterations
default   [  90% ] 800/800 VUs  5m22.6s/6m00.0s

running (5m23.6s), 800/800 VUs, 318473 complete and 0 interrupted iterations
default   [  90% ] 800/800 VUs  5m23.6s/6m00.0s

running (5m24.6s), 800/800 VUs, 319473 complete and 0 interrupted iterations
default   [  90% ] 800/800 VUs  5m24.6s/6m00.0s

running (5m25.6s), 800/800 VUs, 320472 complete and 0 interrupted iterations
default   [  90% ] 800/800 VUs  5m25.6s/6m00.0s

running (5m26.6s), 800/800 VUs, 321428 complete and 0 interrupted iterations
default   [  91% ] 800/800 VUs  5m26.6s/6m00.0s

running (5m27.6s), 800/800 VUs, 322423 complete and 0 interrupted iterations
default   [  91% ] 800/800 VUs  5m27.6s/6m00.0s

running (5m28.6s), 800/800 VUs, 323423 complete and 0 interrupted iterations
default   [  91% ] 800/800 VUs  5m28.6s/6m00.0s

running (5m29.6s), 800/800 VUs, 324410 complete and 0 interrupted iterations
default   [  92% ] 800/800 VUs  5m29.6s/6m00.0s

running (5m30.6s), 793/800 VUs, 325373 complete and 0 interrupted iterations
default   [  92% ] 793/800 VUs  5m30.6s/6m00.0s

running (5m31.6s), 767/800 VUs, 326373 complete and 0 interrupted iterations
default   [  92% ] 767/800 VUs  5m31.6s/6m00.0s

running (5m32.6s), 741/800 VUs, 327373 complete and 0 interrupted iterations
default   [  92% ] 741/800 VUs  5m32.6s/6m00.0s

running (5m33.7s), 712/800 VUs, 328368 complete and 0 interrupted iterations
default   [  93% ] 712/800 VUs  5m33.7s/6m00.0s

running (5m34.6s), 685/800 VUs, 329323 complete and 0 interrupted iterations
default   [  93% ] 685/800 VUs  5m34.6s/6m00.0s

running (5m35.6s), 658/800 VUs, 330323 complete and 0 interrupted iterations
default   [  93% ] 658/800 VUs  5m35.6s/6m00.0s

running (5m36.6s), 631/800 VUs, 331323 complete and 0 interrupted iterations
default   [  94% ] 631/800 VUs  5m36.6s/6m00.0s

running (5m37.6s), 605/800 VUs, 332295 complete and 0 interrupted iterations
default   [  94% ] 605/800 VUs  5m37.6s/6m00.0s

running (5m38.6s), 578/800 VUs, 333273 complete and 0 interrupted iterations
default   [  94% ] 578/800 VUs  5m38.6s/6m00.0s

running (5m39.6s), 552/800 VUs, 334273 complete and 0 interrupted iterations
default   [  94% ] 552/800 VUs  5m39.6s/6m00.0s

running (5m40.6s), 522/800 VUs, 335272 complete and 0 interrupted iterations
default   [  95% ] 522/800 VUs  5m40.6s/6m00.0s

running (5m41.7s), 497/800 VUs, 336266 complete and 0 interrupted iterations
default   [  95% ] 497/800 VUs  5m41.7s/6m00.0s

running (5m42.6s), 470/800 VUs, 337223 complete and 0 interrupted iterations
default   [  95% ] 470/800 VUs  5m42.6s/6m00.0s

running (5m43.6s), 443/800 VUs, 338223 complete and 0 interrupted iterations
default   [  95% ] 443/800 VUs  5m43.6s/6m00.0s

running (5m44.6s), 416/800 VUs, 339195 complete and 0 interrupted iterations
default   [  96% ] 416/800 VUs  5m44.6s/6m00.0s

running (5m45.6s), 389/800 VUs, 340173 complete and 0 interrupted iterations
default   [  96% ] 389/800 VUs  5m45.6s/6m00.0s

running (5m46.6s), 361/800 VUs, 341173 complete and 0 interrupted iterations
default   [  96% ] 361/800 VUs  5m46.6s/6m00.0s

running (5m47.6s), 335/800 VUs, 342173 complete and 0 interrupted iterations
default   [  97% ] 335/800 VUs  5m47.6s/6m00.0s

running (5m48.6s), 308/800 VUs, 343131 complete and 0 interrupted iterations
default   [  97% ] 308/800 VUs  5m48.6s/6m00.0s

running (5m49.6s), 280/800 VUs, 344123 complete and 0 interrupted iterations
default   [  97% ] 280/800 VUs  5m49.6s/6m00.0s

running (5m50.6s), 254/800 VUs, 345123 complete and 0 interrupted iterations
default   [  97% ] 254/800 VUs  5m50.6s/6m00.0s

running (5m51.7s), 225/800 VUs, 346123 complete and 0 interrupted iterations
default   [  98% ] 225/800 VUs  5m51.7s/6m00.0s

running (5m52.6s), 200/800 VUs, 347076 complete and 0 interrupted iterations
default   [  98% ] 200/800 VUs  5m52.6s/6m00.0s

running (5m53.6s), 172/800 VUs, 348073 complete and 0 interrupted iterations
default   [  98% ] 172/800 VUs  5m53.6s/6m00.0s

running (5m54.6s), 145/800 VUs, 349073 complete and 0 interrupted iterations
default   [  99% ] 145/800 VUs  5m54.6s/6m00.0s

running (5m55.6s), 118/800 VUs, 350041 complete and 0 interrupted iterations
default   [  99% ] 118/800 VUs  5m55.6s/6m00.0s

running (5m56.6s), 091/800 VUs, 351023 complete and 0 interrupted iterations
default   [  99% ] 091/800 VUs  5m56.6s/6m00.0s

running (5m57.6s), 065/800 VUs, 352023 complete and 0 interrupted iterations
default   [  99% ] 065/800 VUs  5m57.6s/6m00.0s

running (5m58.6s), 037/800 VUs, 352956 complete and 0 interrupted iterations
default   [ 100% ] 037/800 VUs  5m58.6s/6m00.0s

running (5m59.6s), 011/800 VUs, 353428 complete and 0 interrupted iterations
default   [ 100% ] 011/800 VUs  5m59.6s/6m00.0s


  █ THRESHOLDS 

    checks
    ✓ 'rate>0.95' rate=100.00%

    http_req_duration
    ✓ 'p(95)<5000' p(95)=816.47ms
    ✓ 'p(99)<10000' p(99)=822.14ms

    http_req_failed
    ✓ 'rate<0.05' rate=0.00%


  █ TOTAL RESULTS 

    checks_total.......: 1413904 3927.214561/s
    checks_succeeded...: 100.00% 1413904 out of 1413904
    checks_failed......: 0.00%   0 out of 1413904

    ✓ status is 200
    ✓ content-type is json
    ✓ workloadType is IO-BOUND
    ✓ executionTimeMs exists

    CUSTOM
    response_time_ms...............: min=50.733941 avg=747.229236 med=809.362983 max=838.592267 p(90)=813.04531 p(95)=816.475739 p(99)=822.143193
    successful_requests............: 353476 981.80364/s

    HTTP
    http_req_duration..............: min=50.73ms   avg=747.22ms   med=809.36ms   max=838.59ms   p(90)=813.04ms  p(95)=816.47ms   p(99)=822.14ms  
      { expected_response:true }...: min=50.73ms   avg=747.22ms   med=809.36ms   max=838.59ms   p(90)=813.04ms  p(95)=816.47ms   p(99)=822.14ms  
    http_req_failed................: 0.00%  0 out of 353476
    http_reqs......................: 353476 981.80364/s

    EXECUTION
    iteration_duration.............: min=50.85ms   avg=747.36ms   med=809.49ms   max=838.78ms   p(90)=813.19ms  p(95)=816.62ms   p(99)=822.28ms  
    iterations.....................: 353476 981.80364/s
    vus............................: 11     min=11          max=800
    vus_max........................: 800    min=800         max=800

    NETWORK
    data_received..................: 78 MB  217 kB/s
    data_sent......................: 28 MB  78 kB/s




running (6m00.0s), 000/800 VUs, 353476 complete and 0 interrupted iterations
default ✓ [ 100% ] 000/800 VUs  6m0s
