
         /\      Grafana   /‾‾/  
    /\  /  \     |\  __   /  /   
   /  \/    \    | |/ /  /   ‾‾\ 
  /          \   |   (  |  (‾)  |
 / __________ \  |_|\_\  \_____/ 


     execution: local
        script: io-bound-test.js
        output: -

     scenarios: (100.00%) 1 scenario, 400 max VUs, 6m30s max duration (incl. graceful stop):
              * default: Up to 400 looping VUs for 6m0s over 3 stages (gracefulRampDown: 30s, gracefulStop: 30s)


running (0m00.8s), 011/400 VUs, 89 complete and 0 interrupted iterations
default   [   0% ] 011/400 VUs  0m00.8s/6m00.0s

running (0m01.8s), 025/400 VUs, 433 complete and 0 interrupted iterations
default   [   1% ] 025/400 VUs  0m01.8s/6m00.0s

running (0m02.8s), 038/400 VUs, 1044 complete and 0 interrupted iterations
default   [   1% ] 038/400 VUs  0m02.8s/6m00.0s

running (0m03.8s), 051/400 VUs, 1913 complete and 0 interrupted iterations
default   [   1% ] 051/400 VUs  0m03.8s/6m00.0s

running (0m04.8s), 065/400 VUs, 2895 complete and 0 interrupted iterations
default   [   1% ] 065/400 VUs  0m04.8s/6m00.0s

running (0m05.8s), 078/400 VUs, 3890 complete and 0 interrupted iterations
default   [   2% ] 078/400 VUs  0m05.8s/6m00.0s

running (0m06.8s), 091/400 VUs, 4880 complete and 0 interrupted iterations
default   [   2% ] 091/400 VUs  0m06.8s/6m00.0s

running (0m07.8s), 105/400 VUs, 5851 complete and 0 interrupted iterations
default   [   2% ] 105/400 VUs  0m07.8s/6m00.0s

running (0m08.8s), 118/400 VUs, 6849 complete and 0 interrupted iterations
default   [   2% ] 118/400 VUs  0m08.8s/6m00.0s

running (0m09.8s), 131/400 VUs, 7841 complete and 0 interrupted iterations
default   [   3% ] 131/400 VUs  0m09.8s/6m00.0s

running (0m10.8s), 144/400 VUs, 8826 complete and 0 interrupted iterations
default   [   3% ] 144/400 VUs  0m10.8s/6m00.0s

running (0m11.8s), 158/400 VUs, 9810 complete and 0 interrupted iterations
default   [   3% ] 158/400 VUs  0m11.8s/6m00.0s

running (0m12.8s), 171/400 VUs, 10801 complete and 0 interrupted iterations
default   [   4% ] 171/400 VUs  0m12.8s/6m00.0s

running (0m13.8s), 184/400 VUs, 11799 complete and 0 interrupted iterations
default   [   4% ] 184/400 VUs  0m13.8s/6m00.0s

running (0m14.8s), 198/400 VUs, 12776 complete and 0 interrupted iterations
default   [   4% ] 198/400 VUs  0m14.8s/6m00.0s

running (0m15.8s), 211/400 VUs, 13769 complete and 0 interrupted iterations
default   [   4% ] 211/400 VUs  0m15.8s/6m00.0s

running (0m16.8s), 224/400 VUs, 14752 complete and 0 interrupted iterations
default   [   5% ] 224/400 VUs  0m16.8s/6m00.0s

running (0m17.8s), 238/400 VUs, 15749 complete and 0 interrupted iterations
default   [   5% ] 238/400 VUs  0m17.8s/6m00.0s

running (0m18.8s), 251/400 VUs, 16725 complete and 0 interrupted iterations
default   [   5% ] 251/400 VUs  0m18.8s/6m00.0s

running (0m19.8s), 264/400 VUs, 17722 complete and 0 interrupted iterations
default   [   6% ] 264/400 VUs  0m19.8s/6m00.0s

running (0m20.8s), 277/400 VUs, 18703 complete and 0 interrupted iterations
default   [   6% ] 277/400 VUs  0m20.8s/6m00.0s

running (0m21.8s), 291/400 VUs, 19675 complete and 0 interrupted iterations
default   [   6% ] 291/400 VUs  0m21.8s/6m00.0s

running (0m22.8s), 304/400 VUs, 20675 complete and 0 interrupted iterations
default   [   6% ] 304/400 VUs  0m22.8s/6m00.0s

running (0m23.8s), 317/400 VUs, 21625 complete and 0 interrupted iterations
default   [   7% ] 317/400 VUs  0m23.8s/6m00.0s

running (0m24.8s), 331/400 VUs, 22625 complete and 0 interrupted iterations
default   [   7% ] 331/400 VUs  0m24.8s/6m00.0s

running (0m25.8s), 344/400 VUs, 23598 complete and 0 interrupted iterations
default   [   7% ] 344/400 VUs  0m25.8s/6m00.0s

running (0m26.8s), 357/400 VUs, 24575 complete and 0 interrupted iterations
default   [   7% ] 357/400 VUs  0m26.8s/6m00.0s

running (0m27.8s), 371/400 VUs, 25575 complete and 0 interrupted iterations
default   [   8% ] 371/400 VUs  0m27.8s/6m00.0s

running (0m28.8s), 384/400 VUs, 26575 complete and 0 interrupted iterations
default   [   8% ] 384/400 VUs  0m28.8s/6m00.0s

running (0m29.8s), 397/400 VUs, 27528 complete and 0 interrupted iterations
default   [   8% ] 397/400 VUs  0m29.8s/6m00.0s

running (0m30.8s), 400/400 VUs, 28525 complete and 0 interrupted iterations
default   [   9% ] 400/400 VUs  0m30.8s/6m00.0s

running (0m31.8s), 400/400 VUs, 29525 complete and 0 interrupted iterations
default   [   9% ] 400/400 VUs  0m31.8s/6m00.0s

running (0m32.8s), 400/400 VUs, 30497 complete and 0 interrupted iterations
default   [   9% ] 400/400 VUs  0m32.8s/6m00.0s

running (0m33.8s), 400/400 VUs, 31475 complete and 0 interrupted iterations
default   [   9% ] 400/400 VUs  0m33.8s/6m00.0s

running (0m34.8s), 400/400 VUs, 32475 complete and 0 interrupted iterations
default   [  10% ] 400/400 VUs  0m34.8s/6m00.0s

running (0m35.8s), 400/400 VUs, 33475 complete and 0 interrupted iterations
default   [  10% ] 400/400 VUs  0m35.8s/6m00.0s

running (0m36.8s), 400/400 VUs, 34425 complete and 0 interrupted iterations
default   [  10% ] 400/400 VUs  0m36.8s/6m00.0s

running (0m37.8s), 400/400 VUs, 35425 complete and 0 interrupted iterations
default   [  11% ] 400/400 VUs  0m37.8s/6m00.0s

running (0m38.8s), 400/400 VUs, 36402 complete and 0 interrupted iterations
default   [  11% ] 400/400 VUs  0m38.8s/6m00.0s

running (0m39.8s), 400/400 VUs, 37375 complete and 0 interrupted iterations
default   [  11% ] 400/400 VUs  0m39.8s/6m00.0s

running (0m40.8s), 400/400 VUs, 38375 complete and 0 interrupted iterations
default   [  11% ] 400/400 VUs  0m40.8s/6m00.0s

running (0m41.8s), 400/400 VUs, 39370 complete and 0 interrupted iterations
default   [  12% ] 400/400 VUs  0m41.8s/6m00.0s

running (0m42.8s), 400/400 VUs, 40347 complete and 0 interrupted iterations
default   [  12% ] 400/400 VUs  0m42.8s/6m00.0s

running (0m43.8s), 400/400 VUs, 41325 complete and 0 interrupted iterations
default   [  12% ] 400/400 VUs  0m43.8s/6m00.0s

running (0m44.8s), 400/400 VUs, 42325 complete and 0 interrupted iterations
default   [  12% ] 400/400 VUs  0m44.8s/6m00.0s

running (0m45.8s), 400/400 VUs, 43325 complete and 0 interrupted iterations
default   [  13% ] 400/400 VUs  0m45.8s/6m00.0s

running (0m46.8s), 400/400 VUs, 44279 complete and 0 interrupted iterations
default   [  13% ] 400/400 VUs  0m46.8s/6m00.0s

running (0m47.8s), 400/400 VUs, 45275 complete and 0 interrupted iterations
default   [  13% ] 400/400 VUs  0m47.8s/6m00.0s

running (0m48.8s), 400/400 VUs, 46275 complete and 0 interrupted iterations
default   [  14% ] 400/400 VUs  0m48.8s/6m00.0s

running (0m49.8s), 400/400 VUs, 47254 complete and 0 interrupted iterations
default   [  14% ] 400/400 VUs  0m49.8s/6m00.0s

running (0m50.8s), 400/400 VUs, 48225 complete and 0 interrupted iterations
default   [  14% ] 400/400 VUs  0m50.8s/6m00.0s

running (0m51.8s), 400/400 VUs, 49225 complete and 0 interrupted iterations
default   [  14% ] 400/400 VUs  0m51.8s/6m00.0s

running (0m52.8s), 400/400 VUs, 50211 complete and 0 interrupted iterations
default   [  15% ] 400/400 VUs  0m52.8s/6m00.0s

running (0m53.8s), 400/400 VUs, 51181 complete and 0 interrupted iterations
default   [  15% ] 400/400 VUs  0m53.8s/6m00.0s

running (0m54.8s), 400/400 VUs, 52175 complete and 0 interrupted iterations
default   [  15% ] 400/400 VUs  0m54.8s/6m00.0s

running (0m55.8s), 400/400 VUs, 53175 complete and 0 interrupted iterations
default   [  16% ] 400/400 VUs  0m55.8s/6m00.0s

running (0m56.8s), 400/400 VUs, 54166 complete and 0 interrupted iterations
default   [  16% ] 400/400 VUs  0m56.8s/6m00.0s

running (0m57.8s), 400/400 VUs, 55130 complete and 0 interrupted iterations
default   [  16% ] 400/400 VUs  0m57.8s/6m00.0s

running (0m58.8s), 400/400 VUs, 56125 complete and 0 interrupted iterations
default   [  16% ] 400/400 VUs  0m58.8s/6m00.0s

running (0m59.8s), 400/400 VUs, 57125 complete and 0 interrupted iterations
default   [  17% ] 400/400 VUs  0m59.8s/6m00.0s

running (1m00.8s), 400/400 VUs, 58110 complete and 0 interrupted iterations
default   [  17% ] 400/400 VUs  1m00.8s/6m00.0s

running (1m01.8s), 400/400 VUs, 59087 complete and 0 interrupted iterations
default   [  17% ] 400/400 VUs  1m01.8s/6m00.0s

running (1m02.8s), 400/400 VUs, 60075 complete and 0 interrupted iterations
default   [  17% ] 400/400 VUs  1m02.8s/6m00.0s

running (1m03.8s), 400/400 VUs, 61075 complete and 0 interrupted iterations
default   [  18% ] 400/400 VUs  1m03.8s/6m00.0s

running (1m04.8s), 400/400 VUs, 62052 complete and 0 interrupted iterations
default   [  18% ] 400/400 VUs  1m04.8s/6m00.0s

running (1m05.8s), 400/400 VUs, 63040 complete and 0 interrupted iterations
default   [  18% ] 400/400 VUs  1m05.8s/6m00.0s

running (1m06.8s), 400/400 VUs, 64025 complete and 0 interrupted iterations
default   [  19% ] 400/400 VUs  1m06.8s/6m00.0s

running (1m07.8s), 400/400 VUs, 65025 complete and 0 interrupted iterations
default   [  19% ] 400/400 VUs  1m07.8s/6m00.0s

running (1m08.8s), 400/400 VUs, 65996 complete and 0 interrupted iterations
default   [  19% ] 400/400 VUs  1m08.8s/6m00.0s

running (1m09.8s), 400/400 VUs, 66975 complete and 0 interrupted iterations
default   [  19% ] 400/400 VUs  1m09.8s/6m00.0s

running (1m10.8s), 400/400 VUs, 67975 complete and 0 interrupted iterations
default   [  20% ] 400/400 VUs  1m10.8s/6m00.0s

running (1m11.8s), 400/400 VUs, 68974 complete and 0 interrupted iterations
default   [  20% ] 400/400 VUs  1m11.8s/6m00.0s

running (1m12.8s), 400/400 VUs, 69925 complete and 0 interrupted iterations
default   [  20% ] 400/400 VUs  1m12.8s/6m00.0s

running (1m13.8s), 400/400 VUs, 70925 complete and 0 interrupted iterations
default   [  21% ] 400/400 VUs  1m13.8s/6m00.0s

running (1m14.8s), 400/400 VUs, 71923 complete and 0 interrupted iterations
default   [  21% ] 400/400 VUs  1m14.8s/6m00.0s

running (1m15.8s), 400/400 VUs, 72897 complete and 0 interrupted iterations
default   [  21% ] 400/400 VUs  1m15.8s/6m00.0s

running (1m16.8s), 400/400 VUs, 73875 complete and 0 interrupted iterations
default   [  21% ] 400/400 VUs  1m16.8s/6m00.0s

running (1m17.8s), 400/400 VUs, 74875 complete and 0 interrupted iterations
default   [  22% ] 400/400 VUs  1m17.8s/6m00.0s

running (1m18.8s), 400/400 VUs, 75835 complete and 0 interrupted iterations
default   [  22% ] 400/400 VUs  1m18.8s/6m00.0s

running (1m19.8s), 400/400 VUs, 76825 complete and 0 interrupted iterations
default   [  22% ] 400/400 VUs  1m19.8s/6m00.0s

running (1m20.8s), 400/400 VUs, 77825 complete and 0 interrupted iterations
default   [  22% ] 400/400 VUs  1m20.8s/6m00.0s

running (1m21.8s), 400/400 VUs, 78775 complete and 0 interrupted iterations
default   [  23% ] 400/400 VUs  1m21.8s/6m00.0s

running (1m22.8s), 400/400 VUs, 79775 complete and 0 interrupted iterations
default   [  23% ] 400/400 VUs  1m22.8s/6m00.0s

running (1m23.8s), 400/400 VUs, 80775 complete and 0 interrupted iterations
default   [  23% ] 400/400 VUs  1m23.8s/6m00.0s

running (1m24.8s), 400/400 VUs, 81760 complete and 0 interrupted iterations
default   [  24% ] 400/400 VUs  1m24.8s/6m00.0s

running (1m25.8s), 400/400 VUs, 82725 complete and 0 interrupted iterations
default   [  24% ] 400/400 VUs  1m25.8s/6m00.0s

running (1m26.8s), 400/400 VUs, 83725 complete and 0 interrupted iterations
default   [  24% ] 400/400 VUs  1m26.8s/6m00.0s

running (1m27.8s), 400/400 VUs, 84725 complete and 0 interrupted iterations
default   [  24% ] 400/400 VUs  1m27.8s/6m00.0s

running (1m28.8s), 400/400 VUs, 85675 complete and 0 interrupted iterations
default   [  25% ] 400/400 VUs  1m28.8s/6m00.0s

running (1m29.8s), 400/400 VUs, 86675 complete and 0 interrupted iterations
default   [  25% ] 400/400 VUs  1m29.8s/6m00.0s

running (1m30.8s), 400/400 VUs, 87675 complete and 0 interrupted iterations
default   [  25% ] 400/400 VUs  1m30.8s/6m00.0s

running (1m31.8s), 400/400 VUs, 88660 complete and 0 interrupted iterations
default   [  26% ] 400/400 VUs  1m31.8s/6m00.0s

running (1m32.8s), 400/400 VUs, 89625 complete and 0 interrupted iterations
default   [  26% ] 400/400 VUs  1m32.8s/6m00.0s

running (1m33.8s), 400/400 VUs, 90625 complete and 0 interrupted iterations
default   [  26% ] 400/400 VUs  1m33.8s/6m00.0s

running (1m34.8s), 400/400 VUs, 91622 complete and 0 interrupted iterations
default   [  26% ] 400/400 VUs  1m34.8s/6m00.0s

running (1m35.8s), 400/400 VUs, 92592 complete and 0 interrupted iterations
default   [  27% ] 400/400 VUs  1m35.8s/6m00.0s

running (1m36.8s), 400/400 VUs, 93575 complete and 0 interrupted iterations
default   [  27% ] 400/400 VUs  1m36.8s/6m00.0s

running (1m37.8s), 400/400 VUs, 94575 complete and 0 interrupted iterations
default   [  27% ] 400/400 VUs  1m37.8s/6m00.0s

running (1m38.8s), 400/400 VUs, 95575 complete and 0 interrupted iterations
default   [  27% ] 400/400 VUs  1m38.8s/6m00.0s

running (1m39.8s), 400/400 VUs, 96545 complete and 0 interrupted iterations
default   [  28% ] 400/400 VUs  1m39.8s/6m00.0s

running (1m40.8s), 400/400 VUs, 97525 complete and 0 interrupted iterations
default   [  28% ] 400/400 VUs  1m40.8s/6m00.0s

running (1m41.8s), 400/400 VUs, 98525 complete and 0 interrupted iterations
default   [  28% ] 400/400 VUs  1m41.8s/6m00.0s

running (1m42.8s), 400/400 VUs, 99524 complete and 0 interrupted iterations
default   [  29% ] 400/400 VUs  1m42.8s/6m00.0s

running (1m43.8s), 400/400 VUs, 100497 complete and 0 interrupted iterations
default   [  29% ] 400/400 VUs  1m43.8s/6m00.0s

running (1m44.8s), 400/400 VUs, 101475 complete and 0 interrupted iterations
default   [  29% ] 400/400 VUs  1m44.8s/6m00.0s

running (1m45.8s), 400/400 VUs, 102475 complete and 0 interrupted iterations
default   [  29% ] 400/400 VUs  1m45.8s/6m00.0s

running (1m46.8s), 400/400 VUs, 103463 complete and 0 interrupted iterations
default   [  30% ] 400/400 VUs  1m46.8s/6m00.0s

running (1m47.8s), 400/400 VUs, 104453 complete and 0 interrupted iterations
default   [  30% ] 400/400 VUs  1m47.8s/6m00.0s

running (1m48.8s), 400/400 VUs, 105425 complete and 0 interrupted iterations
default   [  30% ] 400/400 VUs  1m48.8s/6m00.0s

running (1m49.8s), 400/400 VUs, 106425 complete and 0 interrupted iterations
default   [  31% ] 400/400 VUs  1m49.8s/6m00.0s

running (1m50.8s), 400/400 VUs, 107425 complete and 0 interrupted iterations
default   [  31% ] 400/400 VUs  1m50.8s/6m00.0s

running (1m51.8s), 400/400 VUs, 108387 complete and 0 interrupted iterations
default   [  31% ] 400/400 VUs  1m51.8s/6m00.0s

running (1m52.8s), 400/400 VUs, 109375 complete and 0 interrupted iterations
default   [  31% ] 400/400 VUs  1m52.8s/6m00.0s

running (1m53.8s), 400/400 VUs, 110375 complete and 0 interrupted iterations
default   [  32% ] 400/400 VUs  1m53.8s/6m00.0s

running (1m54.8s), 400/400 VUs, 111375 complete and 0 interrupted iterations
default   [  32% ] 400/400 VUs  1m54.8s/6m00.0s

running (1m55.8s), 400/400 VUs, 112344 complete and 0 interrupted iterations
default   [  32% ] 400/400 VUs  1m55.8s/6m00.0s

running (1m56.8s), 400/400 VUs, 113326 complete and 0 interrupted iterations
default   [  32% ] 400/400 VUs  1m56.8s/6m00.0s

running (1m57.8s), 400/400 VUs, 114325 complete and 0 interrupted iterations
default   [  33% ] 400/400 VUs  1m57.8s/6m00.0s

running (1m58.8s), 400/400 VUs, 115325 complete and 0 interrupted iterations
default   [  33% ] 400/400 VUs  1m58.8s/6m00.0s

running (1m59.8s), 400/400 VUs, 116303 complete and 0 interrupted iterations
default   [  33% ] 400/400 VUs  1m59.8s/6m00.0s

running (2m00.8s), 400/400 VUs, 117276 complete and 0 interrupted iterations
default   [  34% ] 400/400 VUs  2m00.8s/6m00.0s

running (2m01.8s), 400/400 VUs, 118275 complete and 0 interrupted iterations
default   [  34% ] 400/400 VUs  2m01.8s/6m00.0s

running (2m02.8s), 400/400 VUs, 119275 complete and 0 interrupted iterations
default   [  34% ] 400/400 VUs  2m02.8s/6m00.0s

running (2m03.8s), 400/400 VUs, 120249 complete and 0 interrupted iterations
default   [  34% ] 400/400 VUs  2m03.8s/6m00.0s

running (2m04.8s), 400/400 VUs, 121233 complete and 0 interrupted iterations
default   [  35% ] 400/400 VUs  2m04.8s/6m00.0s

running (2m05.8s), 400/400 VUs, 122225 complete and 0 interrupted iterations
default   [  35% ] 400/400 VUs  2m05.8s/6m00.0s

running (2m06.8s), 400/400 VUs, 123225 complete and 0 interrupted iterations
default   [  35% ] 400/400 VUs  2m06.8s/6m00.0s

running (2m07.8s), 400/400 VUs, 124197 complete and 0 interrupted iterations
default   [  36% ] 400/400 VUs  2m07.8s/6m00.0s

running (2m08.8s), 400/400 VUs, 125176 complete and 0 interrupted iterations
default   [  36% ] 400/400 VUs  2m08.8s/6m00.0s

running (2m09.8s), 400/400 VUs, 126176 complete and 0 interrupted iterations
default   [  36% ] 400/400 VUs  2m09.8s/6m00.0s

running (2m10.8s), 400/400 VUs, 127175 complete and 0 interrupted iterations
default   [  36% ] 400/400 VUs  2m10.8s/6m00.0s

running (2m11.8s), 400/400 VUs, 128153 complete and 0 interrupted iterations
default   [  37% ] 400/400 VUs  2m11.8s/6m00.0s

running (2m12.8s), 400/400 VUs, 129130 complete and 0 interrupted iterations
default   [  37% ] 400/400 VUs  2m12.8s/6m00.0s

running (2m13.8s), 400/400 VUs, 130126 complete and 0 interrupted iterations
default   [  37% ] 400/400 VUs  2m13.8s/6m00.0s

running (2m14.8s), 400/400 VUs, 131125 complete and 0 interrupted iterations
default   [  37% ] 400/400 VUs  2m14.8s/6m00.0s

running (2m15.8s), 400/400 VUs, 132106 complete and 0 interrupted iterations
default   [  38% ] 400/400 VUs  2m15.8s/6m00.0s

running (2m16.8s), 400/400 VUs, 133088 complete and 0 interrupted iterations
default   [  38% ] 400/400 VUs  2m16.8s/6m00.0s

running (2m17.8s), 400/400 VUs, 134078 complete and 0 interrupted iterations
default   [  38% ] 400/400 VUs  2m17.8s/6m00.0s

running (2m18.8s), 400/400 VUs, 135075 complete and 0 interrupted iterations
default   [  39% ] 400/400 VUs  2m18.8s/6m00.0s

running (2m19.8s), 400/400 VUs, 136053 complete and 0 interrupted iterations
default   [  39% ] 400/400 VUs  2m19.8s/6m00.0s

running (2m20.8s), 400/400 VUs, 137028 complete and 0 interrupted iterations
default   [  39% ] 400/400 VUs  2m20.8s/6m00.0s

running (2m21.8s), 400/400 VUs, 138028 complete and 0 interrupted iterations
default   [  39% ] 400/400 VUs  2m21.8s/6m00.0s

running (2m22.8s), 400/400 VUs, 139018 complete and 0 interrupted iterations
default   [  40% ] 400/400 VUs  2m22.8s/6m00.0s

running (2m23.8s), 400/400 VUs, 139986 complete and 0 interrupted iterations
default   [  40% ] 400/400 VUs  2m23.8s/6m00.0s

running (2m24.8s), 400/400 VUs, 140978 complete and 0 interrupted iterations
default   [  40% ] 400/400 VUs  2m24.8s/6m00.0s

running (2m25.8s), 400/400 VUs, 141978 complete and 0 interrupted iterations
default   [  41% ] 400/400 VUs  2m25.8s/6m00.0s

running (2m26.8s), 400/400 VUs, 142974 complete and 0 interrupted iterations
default   [  41% ] 400/400 VUs  2m26.8s/6m00.0s

running (2m27.8s), 400/400 VUs, 143928 complete and 0 interrupted iterations
default   [  41% ] 400/400 VUs  2m27.8s/6m00.0s

running (2m28.8s), 400/400 VUs, 144928 complete and 0 interrupted iterations
default   [  41% ] 400/400 VUs  2m28.8s/6m00.0s

running (2m29.8s), 400/400 VUs, 145928 complete and 0 interrupted iterations
default   [  42% ] 400/400 VUs  2m29.8s/6m00.0s

running (2m30.8s), 400/400 VUs, 146911 complete and 0 interrupted iterations
default   [  42% ] 400/400 VUs  2m30.8s/6m00.0s

running (2m31.8s), 400/400 VUs, 147880 complete and 0 interrupted iterations
default   [  42% ] 400/400 VUs  2m31.8s/6m00.0s

running (2m32.8s), 400/400 VUs, 148878 complete and 0 interrupted iterations
default   [  42% ] 400/400 VUs  2m32.8s/6m00.0s

running (2m33.8s), 400/400 VUs, 149878 complete and 0 interrupted iterations
default   [  43% ] 400/400 VUs  2m33.8s/6m00.0s

running (2m34.8s), 400/400 VUs, 150845 complete and 0 interrupted iterations
default   [  43% ] 400/400 VUs  2m34.8s/6m00.0s

running (2m35.8s), 400/400 VUs, 151835 complete and 0 interrupted iterations
default   [  43% ] 400/400 VUs  2m35.8s/6m00.0s

running (2m36.8s), 400/400 VUs, 152828 complete and 0 interrupted iterations
default   [  44% ] 400/400 VUs  2m36.8s/6m00.0s

running (2m37.8s), 400/400 VUs, 153828 complete and 0 interrupted iterations
default   [  44% ] 400/400 VUs  2m37.8s/6m00.0s

running (2m38.8s), 400/400 VUs, 154802 complete and 0 interrupted iterations
default   [  44% ] 400/400 VUs  2m38.8s/6m00.0s

running (2m39.8s), 400/400 VUs, 155791 complete and 0 interrupted iterations
default   [  44% ] 400/400 VUs  2m39.8s/6m00.0s

running (2m40.8s), 400/400 VUs, 156778 complete and 0 interrupted iterations
default   [  45% ] 400/400 VUs  2m40.8s/6m00.0s

running (2m41.8s), 400/400 VUs, 157778 complete and 0 interrupted iterations
default   [  45% ] 400/400 VUs  2m41.8s/6m00.0s

running (2m42.8s), 400/400 VUs, 158761 complete and 0 interrupted iterations
default   [  45% ] 400/400 VUs  2m42.8s/6m00.0s

running (2m43.8s), 400/400 VUs, 159748 complete and 0 interrupted iterations
default   [  46% ] 400/400 VUs  2m43.8s/6m00.0s

running (2m44.8s), 400/400 VUs, 160730 complete and 0 interrupted iterations
default   [  46% ] 400/400 VUs  2m44.8s/6m00.0s

running (2m45.8s), 400/400 VUs, 161728 complete and 0 interrupted iterations
default   [  46% ] 400/400 VUs  2m45.8s/6m00.0s

running (2m46.8s), 400/400 VUs, 162714 complete and 0 interrupted iterations
default   [  46% ] 400/400 VUs  2m46.8s/6m00.0s

running (2m47.8s), 400/400 VUs, 163700 complete and 0 interrupted iterations
default   [  47% ] 400/400 VUs  2m47.8s/6m00.0s

running (2m48.8s), 400/400 VUs, 164686 complete and 0 interrupted iterations
default   [  47% ] 400/400 VUs  2m48.8s/6m00.0s

running (2m49.8s), 400/400 VUs, 165678 complete and 0 interrupted iterations
default   [  47% ] 400/400 VUs  2m49.8s/6m00.0s

running (2m50.8s), 400/400 VUs, 166673 complete and 0 interrupted iterations
default   [  47% ] 400/400 VUs  2m50.8s/6m00.0s

running (2m51.8s), 400/400 VUs, 167651 complete and 0 interrupted iterations
default   [  48% ] 400/400 VUs  2m51.8s/6m00.0s

running (2m52.8s), 400/400 VUs, 168641 complete and 0 interrupted iterations
default   [  48% ] 400/400 VUs  2m52.8s/6m00.0s

running (2m53.8s), 400/400 VUs, 169629 complete and 0 interrupted iterations
default   [  48% ] 400/400 VUs  2m53.8s/6m00.0s

running (2m54.8s), 400/400 VUs, 170628 complete and 0 interrupted iterations
default   [  49% ] 400/400 VUs  2m54.8s/6m00.0s

running (2m55.8s), 400/400 VUs, 171603 complete and 0 interrupted iterations
default   [  49% ] 400/400 VUs  2m55.8s/6m00.0s

running (2m56.8s), 400/400 VUs, 172597 complete and 0 interrupted iterations
default   [  49% ] 400/400 VUs  2m56.8s/6m00.0s

running (2m57.8s), 400/400 VUs, 173583 complete and 0 interrupted iterations
default   [  49% ] 400/400 VUs  2m57.8s/6m00.0s

running (2m58.8s), 400/400 VUs, 174579 complete and 0 interrupted iterations
default   [  50% ] 400/400 VUs  2m58.8s/6m00.0s

running (2m59.8s), 400/400 VUs, 175555 complete and 0 interrupted iterations
default   [  50% ] 400/400 VUs  2m59.8s/6m00.0s

running (3m00.8s), 400/400 VUs, 176553 complete and 0 interrupted iterations
default   [  50% ] 400/400 VUs  3m00.8s/6m00.0s

running (3m01.8s), 400/400 VUs, 177538 complete and 0 interrupted iterations
default   [  51% ] 400/400 VUs  3m01.8s/6m00.0s

running (3m02.8s), 400/400 VUs, 178526 complete and 0 interrupted iterations
default   [  51% ] 400/400 VUs  3m02.8s/6m00.0s

running (3m03.8s), 400/400 VUs, 179507 complete and 0 interrupted iterations
default   [  51% ] 400/400 VUs  3m03.8s/6m00.0s

running (3m04.8s), 400/400 VUs, 180505 complete and 0 interrupted iterations
default   [  51% ] 400/400 VUs  3m04.8s/6m00.0s

running (3m05.8s), 400/400 VUs, 181493 complete and 0 interrupted iterations
default   [  52% ] 400/400 VUs  3m05.8s/6m00.0s

running (3m06.8s), 400/400 VUs, 182476 complete and 0 interrupted iterations
default   [  52% ] 400/400 VUs  3m06.8s/6m00.0s

running (3m07.8s), 400/400 VUs, 183457 complete and 0 interrupted iterations
default   [  52% ] 400/400 VUs  3m07.8s/6m00.0s

running (3m08.8s), 400/400 VUs, 184457 complete and 0 interrupted iterations
default   [  52% ] 400/400 VUs  3m08.8s/6m00.0s

running (3m09.8s), 400/400 VUs, 185444 complete and 0 interrupted iterations
default   [  53% ] 400/400 VUs  3m09.8s/6m00.0s

running (3m10.8s), 400/400 VUs, 186420 complete and 0 interrupted iterations
default   [  53% ] 400/400 VUs  3m10.8s/6m00.0s

running (3m11.8s), 400/400 VUs, 187407 complete and 0 interrupted iterations
default   [  53% ] 400/400 VUs  3m11.8s/6m00.0s

running (3m12.8s), 400/400 VUs, 188407 complete and 0 interrupted iterations
default   [  54% ] 400/400 VUs  3m12.8s/6m00.0s

running (3m13.8s), 400/400 VUs, 189394 complete and 0 interrupted iterations
default   [  54% ] 400/400 VUs  3m13.8s/6m00.0s

running (3m14.8s), 400/400 VUs, 190361 complete and 0 interrupted iterations
default   [  54% ] 400/400 VUs  3m14.8s/6m00.0s

running (3m15.8s), 400/400 VUs, 191357 complete and 0 interrupted iterations
default   [  54% ] 400/400 VUs  3m15.8s/6m00.0s

running (3m16.8s), 400/400 VUs, 192357 complete and 0 interrupted iterations
default   [  55% ] 400/400 VUs  3m16.8s/6m00.0s

running (3m17.8s), 400/400 VUs, 193332 complete and 0 interrupted iterations
default   [  55% ] 400/400 VUs  3m17.8s/6m00.0s

running (3m18.8s), 400/400 VUs, 194307 complete and 0 interrupted iterations
default   [  55% ] 400/400 VUs  3m18.8s/6m00.0s

running (3m19.8s), 400/400 VUs, 195307 complete and 0 interrupted iterations
default   [  56% ] 400/400 VUs  3m19.8s/6m00.0s

running (3m20.8s), 400/400 VUs, 196268 complete and 0 interrupted iterations
default   [  56% ] 400/400 VUs  3m20.8s/6m00.0s

running (3m21.8s), 400/400 VUs, 197257 complete and 0 interrupted iterations
default   [  56% ] 400/400 VUs  3m21.8s/6m00.0s

running (3m22.8s), 400/400 VUs, 198257 complete and 0 interrupted iterations
default   [  56% ] 400/400 VUs  3m22.8s/6m00.0s

running (3m23.8s), 400/400 VUs, 199227 complete and 0 interrupted iterations
default   [  57% ] 400/400 VUs  3m23.8s/6m00.0s

running (3m24.8s), 400/400 VUs, 200207 complete and 0 interrupted iterations
default   [  57% ] 400/400 VUs  3m24.8s/6m00.0s

running (3m25.8s), 400/400 VUs, 201207 complete and 0 interrupted iterations
default   [  57% ] 400/400 VUs  3m25.8s/6m00.0s

running (3m26.8s), 400/400 VUs, 202207 complete and 0 interrupted iterations
default   [  57% ] 400/400 VUs  3m26.8s/6m00.0s

running (3m27.8s), 400/400 VUs, 203161 complete and 0 interrupted iterations
default   [  58% ] 400/400 VUs  3m27.8s/6m00.0s

running (3m28.8s), 400/400 VUs, 204157 complete and 0 interrupted iterations
default   [  58% ] 400/400 VUs  3m28.8s/6m00.0s

running (3m29.8s), 400/400 VUs, 205157 complete and 0 interrupted iterations
default   [  58% ] 400/400 VUs  3m29.8s/6m00.0s

running (3m30.8s), 400/400 VUs, 206152 complete and 0 interrupted iterations
default   [  59% ] 400/400 VUs  3m30.8s/6m00.0s

running (3m31.8s), 400/400 VUs, 207111 complete and 0 interrupted iterations
default   [  59% ] 400/400 VUs  3m31.8s/6m00.0s

running (3m32.8s), 400/400 VUs, 208107 complete and 0 interrupted iterations
default   [  59% ] 400/400 VUs  3m32.8s/6m00.0s

running (3m33.8s), 400/400 VUs, 209107 complete and 0 interrupted iterations
default   [  59% ] 400/400 VUs  3m33.8s/6m00.0s

running (3m34.8s), 400/400 VUs, 210096 complete and 0 interrupted iterations
default   [  60% ] 400/400 VUs  3m34.8s/6m00.0s

running (3m35.8s), 400/400 VUs, 211057 complete and 0 interrupted iterations
default   [  60% ] 400/400 VUs  3m35.8s/6m00.0s

running (3m36.8s), 400/400 VUs, 212057 complete and 0 interrupted iterations
default   [  60% ] 400/400 VUs  3m36.8s/6m00.0s

running (3m37.8s), 400/400 VUs, 213057 complete and 0 interrupted iterations
default   [  61% ] 400/400 VUs  3m37.8s/6m00.0s

running (3m38.8s), 400/400 VUs, 214020 complete and 0 interrupted iterations
default   [  61% ] 400/400 VUs  3m38.8s/6m00.0s

running (3m39.8s), 400/400 VUs, 215007 complete and 0 interrupted iterations
default   [  61% ] 400/400 VUs  3m39.8s/6m00.0s

running (3m40.8s), 400/400 VUs, 216007 complete and 0 interrupted iterations
default   [  61% ] 400/400 VUs  3m40.8s/6m00.0s

running (3m41.8s), 400/400 VUs, 217007 complete and 0 interrupted iterations
default   [  62% ] 400/400 VUs  3m41.8s/6m00.0s

running (3m42.8s), 400/400 VUs, 217978 complete and 0 interrupted iterations
default   [  62% ] 400/400 VUs  3m42.8s/6m00.0s

running (3m43.8s), 400/400 VUs, 218957 complete and 0 interrupted iterations
default   [  62% ] 400/400 VUs  3m43.8s/6m00.0s

running (3m44.8s), 400/400 VUs, 219957 complete and 0 interrupted iterations
default   [  62% ] 400/400 VUs  3m44.8s/6m00.0s

running (3m45.8s), 400/400 VUs, 220955 complete and 0 interrupted iterations
default   [  63% ] 400/400 VUs  3m45.8s/6m00.0s

running (3m46.8s), 400/400 VUs, 221935 complete and 0 interrupted iterations
default   [  63% ] 400/400 VUs  3m46.8s/6m00.0s

running (3m47.8s), 400/400 VUs, 222907 complete and 0 interrupted iterations
default   [  63% ] 400/400 VUs  3m47.8s/6m00.0s

running (3m48.8s), 400/400 VUs, 223907 complete and 0 interrupted iterations
default   [  64% ] 400/400 VUs  3m48.8s/6m00.0s

running (3m49.8s), 400/400 VUs, 224904 complete and 0 interrupted iterations
default   [  64% ] 400/400 VUs  3m49.8s/6m00.0s

running (3m50.8s), 400/400 VUs, 225875 complete and 0 interrupted iterations
default   [  64% ] 400/400 VUs  3m50.8s/6m00.0s

running (3m51.8s), 400/400 VUs, 226857 complete and 0 interrupted iterations
default   [  64% ] 400/400 VUs  3m51.8s/6m00.0s

running (3m52.8s), 400/400 VUs, 227857 complete and 0 interrupted iterations
default   [  65% ] 400/400 VUs  3m52.8s/6m00.0s

running (3m53.8s), 400/400 VUs, 228857 complete and 0 interrupted iterations
default   [  65% ] 400/400 VUs  3m53.8s/6m00.0s

running (3m54.8s), 400/400 VUs, 229822 complete and 0 interrupted iterations
default   [  65% ] 400/400 VUs  3m54.8s/6m00.0s

running (3m55.8s), 400/400 VUs, 230807 complete and 0 interrupted iterations
default   [  66% ] 400/400 VUs  3m55.8s/6m00.0s

running (3m56.8s), 400/400 VUs, 231807 complete and 0 interrupted iterations
default   [  66% ] 400/400 VUs  3m56.8s/6m00.0s

running (3m57.8s), 400/400 VUs, 232796 complete and 0 interrupted iterations
default   [  66% ] 400/400 VUs  3m57.8s/6m00.0s

running (3m58.8s), 400/400 VUs, 233757 complete and 0 interrupted iterations
default   [  66% ] 400/400 VUs  3m58.8s/6m00.0s

running (3m59.8s), 400/400 VUs, 234757 complete and 0 interrupted iterations
default   [  67% ] 400/400 VUs  3m59.8s/6m00.0s

running (4m00.8s), 400/400 VUs, 235741 complete and 0 interrupted iterations
default   [  67% ] 400/400 VUs  4m00.8s/6m00.0s

running (4m01.8s), 400/400 VUs, 236707 complete and 0 interrupted iterations
default   [  67% ] 400/400 VUs  4m01.8s/6m00.0s

running (4m02.8s), 400/400 VUs, 237707 complete and 0 interrupted iterations
default   [  67% ] 400/400 VUs  4m02.8s/6m00.0s

running (4m03.8s), 400/400 VUs, 238704 complete and 0 interrupted iterations
default   [  68% ] 400/400 VUs  4m03.8s/6m00.0s

running (4m04.8s), 400/400 VUs, 239657 complete and 0 interrupted iterations
default   [  68% ] 400/400 VUs  4m04.8s/6m00.0s

running (4m05.8s), 400/400 VUs, 240657 complete and 0 interrupted iterations
default   [  68% ] 400/400 VUs  4m05.8s/6m00.0s

running (4m06.8s), 400/400 VUs, 241627 complete and 0 interrupted iterations
default   [  69% ] 400/400 VUs  4m06.8s/6m00.0s

running (4m07.8s), 400/400 VUs, 242607 complete and 0 interrupted iterations
default   [  69% ] 400/400 VUs  4m07.8s/6m00.0s

running (4m08.8s), 400/400 VUs, 243607 complete and 0 interrupted iterations
default   [  69% ] 400/400 VUs  4m08.8s/6m00.0s

running (4m09.8s), 400/400 VUs, 244578 complete and 0 interrupted iterations
default   [  69% ] 400/400 VUs  4m09.8s/6m00.0s

running (4m10.8s), 400/400 VUs, 245557 complete and 0 interrupted iterations
default   [  70% ] 400/400 VUs  4m10.8s/6m00.0s

running (4m11.8s), 400/400 VUs, 246557 complete and 0 interrupted iterations
default   [  70% ] 400/400 VUs  4m11.8s/6m00.0s

running (4m12.8s), 400/400 VUs, 247553 complete and 0 interrupted iterations
default   [  70% ] 400/400 VUs  4m12.8s/6m00.0s

running (4m13.8s), 400/400 VUs, 248513 complete and 0 interrupted iterations
default   [  71% ] 400/400 VUs  4m13.8s/6m00.0s

running (4m14.8s), 400/400 VUs, 249507 complete and 0 interrupted iterations
default   [  71% ] 400/400 VUs  4m14.8s/6m00.0s

running (4m15.8s), 400/400 VUs, 250507 complete and 0 interrupted iterations
default   [  71% ] 400/400 VUs  4m15.8s/6m00.0s

running (4m16.8s), 400/400 VUs, 251484 complete and 0 interrupted iterations
default   [  71% ] 400/400 VUs  4m16.8s/6m00.0s

running (4m17.8s), 400/400 VUs, 252457 complete and 0 interrupted iterations
default   [  72% ] 400/400 VUs  4m17.8s/6m00.0s

running (4m18.8s), 400/400 VUs, 253457 complete and 0 interrupted iterations
default   [  72% ] 400/400 VUs  4m18.8s/6m00.0s

running (4m19.8s), 400/400 VUs, 254412 complete and 0 interrupted iterations
default   [  72% ] 400/400 VUs  4m19.8s/6m00.0s

running (4m20.8s), 400/400 VUs, 255407 complete and 0 interrupted iterations
default   [  72% ] 400/400 VUs  4m20.8s/6m00.0s

running (4m21.8s), 400/400 VUs, 256407 complete and 0 interrupted iterations
default   [  73% ] 400/400 VUs  4m21.8s/6m00.0s

running (4m22.8s), 400/400 VUs, 257385 complete and 0 interrupted iterations
default   [  73% ] 400/400 VUs  4m22.8s/6m00.0s

running (4m23.8s), 400/400 VUs, 258357 complete and 0 interrupted iterations
default   [  73% ] 400/400 VUs  4m23.8s/6m00.0s

running (4m24.8s), 400/400 VUs, 259357 complete and 0 interrupted iterations
default   [  74% ] 400/400 VUs  4m24.8s/6m00.0s

running (4m25.8s), 400/400 VUs, 260353 complete and 0 interrupted iterations
default   [  74% ] 400/400 VUs  4m25.8s/6m00.0s

running (4m26.8s), 400/400 VUs, 261307 complete and 0 interrupted iterations
default   [  74% ] 400/400 VUs  4m26.8s/6m00.0s

running (4m27.8s), 400/400 VUs, 262307 complete and 0 interrupted iterations
default   [  74% ] 400/400 VUs  4m27.8s/6m00.0s

running (4m28.8s), 400/400 VUs, 263307 complete and 0 interrupted iterations
default   [  75% ] 400/400 VUs  4m28.8s/6m00.0s

running (4m29.8s), 400/400 VUs, 264285 complete and 0 interrupted iterations
default   [  75% ] 400/400 VUs  4m29.8s/6m00.0s

running (4m30.8s), 400/400 VUs, 265257 complete and 0 interrupted iterations
default   [  75% ] 400/400 VUs  4m30.8s/6m00.0s

running (4m31.8s), 400/400 VUs, 266257 complete and 0 interrupted iterations
default   [  76% ] 400/400 VUs  4m31.8s/6m00.0s

running (4m32.8s), 400/400 VUs, 267257 complete and 0 interrupted iterations
default   [  76% ] 400/400 VUs  4m32.8s/6m00.0s

running (4m33.8s), 400/400 VUs, 268241 complete and 0 interrupted iterations
default   [  76% ] 400/400 VUs  4m33.8s/6m00.0s

running (4m34.8s), 400/400 VUs, 269207 complete and 0 interrupted iterations
default   [  76% ] 400/400 VUs  4m34.8s/6m00.0s

running (4m35.8s), 400/400 VUs, 270207 complete and 0 interrupted iterations
default   [  77% ] 400/400 VUs  4m35.8s/6m00.0s

running (4m36.8s), 400/400 VUs, 271207 complete and 0 interrupted iterations
default   [  77% ] 400/400 VUs  4m36.8s/6m00.0s

running (4m37.8s), 400/400 VUs, 272163 complete and 0 interrupted iterations
default   [  77% ] 400/400 VUs  4m37.8s/6m00.0s

running (4m38.8s), 400/400 VUs, 273157 complete and 0 interrupted iterations
default   [  77% ] 400/400 VUs  4m38.8s/6m00.0s

running (4m39.8s), 400/400 VUs, 274157 complete and 0 interrupted iterations
default   [  78% ] 400/400 VUs  4m39.8s/6m00.0s

running (4m40.8s), 400/400 VUs, 275157 complete and 0 interrupted iterations
default   [  78% ] 400/400 VUs  4m40.8s/6m00.0s

running (4m41.8s), 400/400 VUs, 276107 complete and 0 interrupted iterations
default   [  78% ] 400/400 VUs  4m41.8s/6m00.0s

running (4m42.8s), 400/400 VUs, 277107 complete and 0 interrupted iterations
default   [  79% ] 400/400 VUs  4m42.8s/6m00.0s

running (4m43.8s), 400/400 VUs, 278107 complete and 0 interrupted iterations
default   [  79% ] 400/400 VUs  4m43.8s/6m00.0s

running (4m44.8s), 400/400 VUs, 279077 complete and 0 interrupted iterations
default   [  79% ] 400/400 VUs  4m44.8s/6m00.0s

running (4m45.8s), 400/400 VUs, 280057 complete and 0 interrupted iterations
default   [  79% ] 400/400 VUs  4m45.8s/6m00.0s

running (4m46.8s), 400/400 VUs, 281057 complete and 0 interrupted iterations
default   [  80% ] 400/400 VUs  4m46.8s/6m00.0s

running (4m47.8s), 400/400 VUs, 282057 complete and 0 interrupted iterations
default   [  80% ] 400/400 VUs  4m47.8s/6m00.0s

running (4m48.8s), 400/400 VUs, 283018 complete and 0 interrupted iterations
default   [  80% ] 400/400 VUs  4m48.8s/6m00.0s

running (4m49.8s), 400/400 VUs, 284007 complete and 0 interrupted iterations
default   [  81% ] 400/400 VUs  4m49.8s/6m00.0s

running (4m50.8s), 400/400 VUs, 285007 complete and 0 interrupted iterations
default   [  81% ] 400/400 VUs  4m50.8s/6m00.0s

running (4m51.8s), 400/400 VUs, 285999 complete and 0 interrupted iterations
default   [  81% ] 400/400 VUs  4m51.8s/6m00.0s

running (4m52.8s), 400/400 VUs, 286970 complete and 0 interrupted iterations
default   [  81% ] 400/400 VUs  4m52.8s/6m00.0s

running (4m53.8s), 400/400 VUs, 287957 complete and 0 interrupted iterations
default   [  82% ] 400/400 VUs  4m53.8s/6m00.0s

running (4m54.8s), 400/400 VUs, 288957 complete and 0 interrupted iterations
default   [  82% ] 400/400 VUs  4m54.8s/6m00.0s

running (4m55.8s), 400/400 VUs, 289948 complete and 0 interrupted iterations
default   [  82% ] 400/400 VUs  4m55.8s/6m00.0s

running (4m56.8s), 400/400 VUs, 290907 complete and 0 interrupted iterations
default   [  82% ] 400/400 VUs  4m56.8s/6m00.0s

running (4m57.8s), 400/400 VUs, 291907 complete and 0 interrupted iterations
default   [  83% ] 400/400 VUs  4m57.8s/6m00.0s

running (4m58.8s), 400/400 VUs, 292907 complete and 0 interrupted iterations
default   [  83% ] 400/400 VUs  4m58.8s/6m00.0s

running (4m59.8s), 400/400 VUs, 293879 complete and 0 interrupted iterations
default   [  83% ] 400/400 VUs  4m59.8s/6m00.0s

running (5m00.8s), 400/400 VUs, 294857 complete and 0 interrupted iterations
default   [  84% ] 400/400 VUs  5m00.8s/6m00.0s

running (5m01.8s), 400/400 VUs, 295857 complete and 0 interrupted iterations
default   [  84% ] 400/400 VUs  5m01.8s/6m00.0s

running (5m02.8s), 400/400 VUs, 296857 complete and 0 interrupted iterations
default   [  84% ] 400/400 VUs  5m02.8s/6m00.0s

running (5m03.8s), 400/400 VUs, 297839 complete and 0 interrupted iterations
default   [  84% ] 400/400 VUs  5m03.8s/6m00.0s

running (5m04.8s), 400/400 VUs, 298810 complete and 0 interrupted iterations
default   [  85% ] 400/400 VUs  5m04.8s/6m00.0s

running (5m05.8s), 400/400 VUs, 299807 complete and 0 interrupted iterations
default   [  85% ] 400/400 VUs  5m05.8s/6m00.0s

running (5m06.8s), 400/400 VUs, 300807 complete and 0 interrupted iterations
default   [  85% ] 400/400 VUs  5m06.8s/6m00.0s

running (5m07.8s), 400/400 VUs, 301777 complete and 0 interrupted iterations
default   [  86% ] 400/400 VUs  5m07.8s/6m00.0s

running (5m08.8s), 400/400 VUs, 302757 complete and 0 interrupted iterations
default   [  86% ] 400/400 VUs  5m08.8s/6m00.0s

running (5m09.8s), 400/400 VUs, 303757 complete and 0 interrupted iterations
default   [  86% ] 400/400 VUs  5m09.8s/6m00.0s

running (5m10.8s), 400/400 VUs, 304753 complete and 0 interrupted iterations
default   [  86% ] 400/400 VUs  5m10.8s/6m00.0s

running (5m11.8s), 400/400 VUs, 305724 complete and 0 interrupted iterations
default   [  87% ] 400/400 VUs  5m11.8s/6m00.0s

running (5m12.8s), 400/400 VUs, 306707 complete and 0 interrupted iterations
default   [  87% ] 400/400 VUs  5m12.8s/6m00.0s

running (5m13.8s), 400/400 VUs, 307707 complete and 0 interrupted iterations
default   [  87% ] 400/400 VUs  5m13.8s/6m00.0s

running (5m14.8s), 400/400 VUs, 308707 complete and 0 interrupted iterations
default   [  87% ] 400/400 VUs  5m14.8s/6m00.0s

running (5m15.8s), 400/400 VUs, 309665 complete and 0 interrupted iterations
default   [  88% ] 400/400 VUs  5m15.8s/6m00.0s

running (5m16.8s), 400/400 VUs, 310657 complete and 0 interrupted iterations
default   [  88% ] 400/400 VUs  5m16.8s/6m00.0s

running (5m17.8s), 400/400 VUs, 311657 complete and 0 interrupted iterations
default   [  88% ] 400/400 VUs  5m17.8s/6m00.0s

running (5m18.8s), 400/400 VUs, 312609 complete and 0 interrupted iterations
default   [  89% ] 400/400 VUs  5m18.8s/6m00.0s

running (5m19.8s), 400/400 VUs, 313607 complete and 0 interrupted iterations
default   [  89% ] 400/400 VUs  5m19.8s/6m00.0s

running (5m20.8s), 400/400 VUs, 314591 complete and 0 interrupted iterations
default   [  89% ] 400/400 VUs  5m20.8s/6m00.0s

running (5m21.8s), 400/400 VUs, 315557 complete and 0 interrupted iterations
default   [  89% ] 400/400 VUs  5m21.8s/6m00.0s

running (5m22.8s), 400/400 VUs, 316557 complete and 0 interrupted iterations
default   [  90% ] 400/400 VUs  5m22.8s/6m00.0s

running (5m23.8s), 400/400 VUs, 317507 complete and 0 interrupted iterations
default   [  90% ] 400/400 VUs  5m23.8s/6m00.0s

running (5m24.8s), 400/400 VUs, 318507 complete and 0 interrupted iterations
default   [  90% ] 400/400 VUs  5m24.8s/6m00.0s

running (5m25.8s), 400/400 VUs, 319497 complete and 0 interrupted iterations
default   [  91% ] 400/400 VUs  5m25.8s/6m00.0s

running (5m26.8s), 400/400 VUs, 320457 complete and 0 interrupted iterations
default   [  91% ] 400/400 VUs  5m26.8s/6m00.0s

running (5m27.8s), 400/400 VUs, 321457 complete and 0 interrupted iterations
default   [  91% ] 400/400 VUs  5m27.8s/6m00.0s

running (5m28.8s), 400/400 VUs, 322457 complete and 0 interrupted iterations
default   [  91% ] 400/400 VUs  5m28.8s/6m00.0s

running (5m29.8s), 400/400 VUs, 323407 complete and 0 interrupted iterations
default   [  92% ] 400/400 VUs  5m29.8s/6m00.0s

running (5m30.8s), 393/400 VUs, 324407 complete and 0 interrupted iterations
default   [  92% ] 393/400 VUs  5m30.8s/6m00.0s

running (5m31.8s), 378/400 VUs, 325407 complete and 0 interrupted iterations
default   [  92% ] 378/400 VUs  5m31.8s/6m00.0s

running (5m32.8s), 365/400 VUs, 326387 complete and 0 interrupted iterations
default   [  92% ] 365/400 VUs  5m32.8s/6m00.0s

running (5m33.8s), 352/400 VUs, 327357 complete and 0 interrupted iterations
default   [  93% ] 352/400 VUs  5m33.8s/6m00.0s

running (5m34.8s), 338/400 VUs, 328357 complete and 0 interrupted iterations
default   [  93% ] 338/400 VUs  5m34.8s/6m00.0s

running (5m35.8s), 326/400 VUs, 329357 complete and 0 interrupted iterations
default   [  93% ] 326/400 VUs  5m35.8s/6m00.0s

running (5m36.8s), 312/400 VUs, 330307 complete and 0 interrupted iterations
default   [  94% ] 312/400 VUs  5m36.8s/6m00.0s

running (5m37.8s), 298/400 VUs, 331307 complete and 0 interrupted iterations
default   [  94% ] 298/400 VUs  5m37.8s/6m00.0s

running (5m38.8s), 284/400 VUs, 332307 complete and 0 interrupted iterations
default   [  94% ] 284/400 VUs  5m38.8s/6m00.0s

running (5m39.8s), 271/400 VUs, 333260 complete and 0 interrupted iterations
default   [  94% ] 271/400 VUs  5m39.8s/6m00.0s

running (5m40.8s), 258/400 VUs, 334257 complete and 0 interrupted iterations
default   [  95% ] 258/400 VUs  5m40.8s/6m00.0s

running (5m41.8s), 244/400 VUs, 335257 complete and 0 interrupted iterations
default   [  95% ] 244/400 VUs  5m41.8s/6m00.0s

running (5m42.8s), 231/400 VUs, 336230 complete and 0 interrupted iterations
default   [  95% ] 231/400 VUs  5m42.8s/6m00.0s

running (5m43.8s), 218/400 VUs, 337207 complete and 0 interrupted iterations
default   [  96% ] 218/400 VUs  5m43.8s/6m00.0s

running (5m44.8s), 205/400 VUs, 338207 complete and 0 interrupted iterations
default   [  96% ] 205/400 VUs  5m44.8s/6m00.0s

running (5m45.8s), 191/400 VUs, 339207 complete and 0 interrupted iterations
default   [  96% ] 191/400 VUs  5m45.8s/6m00.0s

running (5m46.8s), 178/400 VUs, 340157 complete and 0 interrupted iterations
default   [  96% ] 178/400 VUs  5m46.8s/6m00.0s

running (5m47.8s), 164/400 VUs, 341157 complete and 0 interrupted iterations
default   [  97% ] 164/400 VUs  5m47.8s/6m00.0s

running (5m48.8s), 150/400 VUs, 342157 complete and 0 interrupted iterations
default   [  97% ] 150/400 VUs  5m48.8s/6m00.0s

running (5m49.8s), 138/400 VUs, 343121 complete and 0 interrupted iterations
default   [  97% ] 138/400 VUs  5m49.8s/6m00.0s

running (5m50.8s), 123/400 VUs, 344107 complete and 0 interrupted iterations
default   [  97% ] 123/400 VUs  5m50.8s/6m00.0s

running (5m51.8s), 110/400 VUs, 345107 complete and 0 interrupted iterations
default   [  98% ] 110/400 VUs  5m51.8s/6m00.0s

running (5m52.8s), 097/400 VUs, 346102 complete and 0 interrupted iterations
default   [  98% ] 097/400 VUs  5m52.8s/6m00.0s

running (5m53.8s), 084/400 VUs, 347058 complete and 0 interrupted iterations
default   [  98% ] 084/400 VUs  5m53.8s/6m00.0s

running (5m54.8s), 071/400 VUs, 348057 complete and 0 interrupted iterations
default   [  99% ] 071/400 VUs  5m54.8s/6m00.0s

running (5m55.8s), 056/400 VUs, 349057 complete and 0 interrupted iterations
default   [  99% ] 056/400 VUs  5m55.8s/6m00.0s

running (5m56.8s), 044/400 VUs, 349980 complete and 0 interrupted iterations
default   [  99% ] 044/400 VUs  5m56.8s/6m00.0s

running (5m57.8s), 030/400 VUs, 350721 complete and 0 interrupted iterations
default   [  99% ] 030/400 VUs  5m57.8s/6m00.0s

running (5m58.8s), 017/400 VUs, 351169 complete and 0 interrupted iterations
default   [ 100% ] 017/400 VUs  5m58.8s/6m00.0s

running (5m59.8s), 003/400 VUs, 351373 complete and 0 interrupted iterations
default   [ 100% ] 003/400 VUs  5m59.8s/6m00.0s


  █ THRESHOLDS 

    checks
    ✓ 'rate>0.95' rate=100.00%

    http_req_duration
    ✓ 'p(95)<5000' p(95)=408ms
    ✓ 'p(99)<10000' p(99)=413.2ms

    http_req_failed
    ✓ 'rate<0.05' rate=0.00%


  █ TOTAL RESULTS 

    checks_total.......: 1405524 3904.057568/s
    checks_succeeded...: 100.00% 1405524 out of 1405524
    checks_failed......: 0.00%   0 out of 1405524

    ✓ status is 200
    ✓ content-type is json
    ✓ workloadType is IO-BOUND
    ✓ executionTimeMs exists

    CUSTOM
    response_time_ms...............: min=50.723684 avg=375.660764 med=404.745103 max=430.901756 p(90)=406.999285 p(95)=408.00043 p(99)=413.20731
    successful_requests............: 351381 976.014392/s

    HTTP
    http_req_duration..............: min=50.72ms   avg=375.66ms   med=404.74ms   max=430.9ms    p(90)=406.99ms   p(95)=408ms     p(99)=413.2ms  
      { expected_response:true }...: min=50.72ms   avg=375.66ms   med=404.74ms   max=430.9ms    p(90)=406.99ms   p(95)=408ms     p(99)=413.2ms  
    http_req_failed................: 0.00%  0 out of 351381
    http_reqs......................: 351381 976.014392/s

    EXECUTION
    iteration_duration.............: min=50.86ms   avg=375.8ms    med=404.88ms   max=431.08ms   p(90)=407.14ms   p(95)=408.15ms  p(99)=413.37ms 
    iterations.....................: 351381 976.014392/s
    vus............................: 3      min=3           max=400
    vus_max........................: 400    min=400         max=400

    NETWORK
    data_received..................: 78 MB  216 kB/s
    data_sent......................: 28 MB  77 kB/s




running (6m00.0s), 000/400 VUs, 351381 complete and 0 interrupted iterations
default ✓ [ 100% ] 000/400 VUs  6m0s
