
         /\      Grafana   /‾‾/  
    /\  /  \     |\  __   /  /   
   /  \/    \    | |/ /  /   ‾‾\ 
  /          \   |   (  |  (‾)  |
 / __________ \  |_|\_\  \_____/ 


     execution: local
        script: cpu-bound-test.js
        output: -

     scenarios: (100.00%) 1 scenario, 75 max VUs, 4m30s max duration (incl. graceful stop):
              * default: Up to 75 looping VUs for 4m0s over 3 stages (gracefulRampDown: 30s, gracefulStop: 30s)


running (0m01.0s), 03/75 VUs, 25 complete and 0 interrupted iterations
default   [   0% ] 03/75 VUs  0m01.0s/4m00.0s

running (0m02.0s), 05/75 VUs, 57 complete and 0 interrupted iterations
default   [   1% ] 05/75 VUs  0m02.0s/4m00.0s

running (0m03.0s), 08/75 VUs, 92 complete and 0 interrupted iterations
default   [   1% ] 08/75 VUs  0m03.0s/4m00.0s

running (0m04.0s), 10/75 VUs, 125 complete and 0 interrupted iterations
default   [   2% ] 10/75 VUs  0m04.0s/4m00.0s

running (0m05.0s), 13/75 VUs, 160 complete and 0 interrupted iterations
default   [   2% ] 13/75 VUs  0m05.0s/4m00.0s

running (0m06.0s), 15/75 VUs, 193 complete and 0 interrupted iterations
default   [   2% ] 15/75 VUs  0m06.0s/4m00.0s

running (0m07.0s), 18/75 VUs, 228 complete and 0 interrupted iterations
default   [   3% ] 18/75 VUs  0m07.0s/4m00.0s

running (0m08.0s), 20/75 VUs, 261 complete and 0 interrupted iterations
default   [   3% ] 20/75 VUs  0m08.0s/4m00.0s

running (0m09.0s), 23/75 VUs, 296 complete and 0 interrupted iterations
default   [   4% ] 23/75 VUs  0m09.0s/4m00.0s

running (0m10.0s), 25/75 VUs, 328 complete and 0 interrupted iterations
default   [   4% ] 25/75 VUs  0m10.0s/4m00.0s

running (0m11.0s), 28/75 VUs, 363 complete and 0 interrupted iterations
default   [   5% ] 28/75 VUs  0m11.0s/4m00.0s

running (0m12.0s), 30/75 VUs, 396 complete and 0 interrupted iterations
default   [   5% ] 30/75 VUs  0m12.0s/4m00.0s

running (0m13.0s), 32/75 VUs, 430 complete and 0 interrupted iterations
default   [   5% ] 32/75 VUs  0m13.0s/4m00.0s

running (0m14.0s), 35/75 VUs, 464 complete and 0 interrupted iterations
default   [   6% ] 35/75 VUs  0m14.0s/4m00.0s

running (0m15.0s), 37/75 VUs, 499 complete and 0 interrupted iterations
default   [   6% ] 37/75 VUs  0m15.0s/4m00.0s

running (0m16.0s), 40/75 VUs, 532 complete and 0 interrupted iterations
default   [   7% ] 40/75 VUs  0m16.0s/4m00.0s

running (0m17.0s), 42/75 VUs, 566 complete and 0 interrupted iterations
default   [   7% ] 42/75 VUs  0m17.0s/4m00.0s

running (0m18.0s), 45/75 VUs, 600 complete and 0 interrupted iterations
default   [   7% ] 45/75 VUs  0m18.0s/4m00.0s

running (0m19.0s), 47/75 VUs, 634 complete and 0 interrupted iterations
default   [   8% ] 47/75 VUs  0m19.0s/4m00.0s

running (0m20.0s), 50/75 VUs, 668 complete and 0 interrupted iterations
default   [   8% ] 50/75 VUs  0m20.0s/4m00.0s

running (0m21.0s), 52/75 VUs, 702 complete and 0 interrupted iterations
default   [   9% ] 52/75 VUs  0m21.0s/4m00.0s

running (0m22.0s), 55/75 VUs, 736 complete and 0 interrupted iterations
default   [   9% ] 55/75 VUs  0m22.0s/4m00.0s

running (0m23.0s), 57/75 VUs, 768 complete and 0 interrupted iterations
default   [  10% ] 57/75 VUs  0m23.0s/4m00.0s

running (0m24.0s), 60/75 VUs, 803 complete and 0 interrupted iterations
default   [  10% ] 60/75 VUs  0m24.0s/4m00.0s

running (0m25.0s), 62/75 VUs, 836 complete and 0 interrupted iterations
default   [  10% ] 62/75 VUs  0m25.0s/4m00.0s

running (0m26.0s), 65/75 VUs, 871 complete and 0 interrupted iterations
default   [  11% ] 65/75 VUs  0m26.0s/4m00.0s

running (0m27.0s), 67/75 VUs, 904 complete and 0 interrupted iterations
default   [  11% ] 67/75 VUs  0m27.0s/4m00.0s

running (0m28.0s), 69/75 VUs, 939 complete and 0 interrupted iterations
default   [  12% ] 69/75 VUs  0m28.0s/4m00.0s

running (0m29.0s), 72/75 VUs, 972 complete and 0 interrupted iterations
default   [  12% ] 72/75 VUs  0m29.0s/4m00.0s

running (0m30.0s), 74/75 VUs, 1006 complete and 0 interrupted iterations
default   [  12% ] 74/75 VUs  0m30.0s/4m00.0s

running (0m31.0s), 75/75 VUs, 1041 complete and 0 interrupted iterations
default   [  13% ] 75/75 VUs  0m31.0s/4m00.0s

running (0m32.0s), 75/75 VUs, 1074 complete and 0 interrupted iterations
default   [  13% ] 75/75 VUs  0m32.0s/4m00.0s

running (0m33.0s), 75/75 VUs, 1109 complete and 0 interrupted iterations
default   [  14% ] 75/75 VUs  0m33.0s/4m00.0s

running (0m34.0s), 75/75 VUs, 1142 complete and 0 interrupted iterations
default   [  14% ] 75/75 VUs  0m34.0s/4m00.0s

running (0m35.0s), 75/75 VUs, 1176 complete and 0 interrupted iterations
default   [  15% ] 75/75 VUs  0m35.0s/4m00.0s

running (0m36.0s), 75/75 VUs, 1210 complete and 0 interrupted iterations
default   [  15% ] 75/75 VUs  0m36.0s/4m00.0s

running (0m37.0s), 75/75 VUs, 1244 complete and 0 interrupted iterations
default   [  15% ] 75/75 VUs  0m37.0s/4m00.0s

running (0m38.0s), 75/75 VUs, 1278 complete and 0 interrupted iterations
default   [  16% ] 75/75 VUs  0m38.0s/4m00.0s

running (0m39.0s), 75/75 VUs, 1311 complete and 0 interrupted iterations
default   [  16% ] 75/75 VUs  0m39.0s/4m00.0s

running (0m40.0s), 75/75 VUs, 1346 complete and 0 interrupted iterations
default   [  17% ] 75/75 VUs  0m40.0s/4m00.0s

running (0m41.0s), 75/75 VUs, 1379 complete and 0 interrupted iterations
default   [  17% ] 75/75 VUs  0m41.0s/4m00.0s

running (0m42.0s), 75/75 VUs, 1413 complete and 0 interrupted iterations
default   [  17% ] 75/75 VUs  0m42.0s/4m00.0s

running (0m43.0s), 75/75 VUs, 1446 complete and 0 interrupted iterations
default   [  18% ] 75/75 VUs  0m43.0s/4m00.0s

running (0m44.0s), 75/75 VUs, 1481 complete and 0 interrupted iterations
default   [  18% ] 75/75 VUs  0m44.0s/4m00.0s

running (0m45.0s), 75/75 VUs, 1514 complete and 0 interrupted iterations
default   [  19% ] 75/75 VUs  0m45.0s/4m00.0s

running (0m46.0s), 75/75 VUs, 1549 complete and 0 interrupted iterations
default   [  19% ] 75/75 VUs  0m46.0s/4m00.0s

running (0m47.0s), 75/75 VUs, 1582 complete and 0 interrupted iterations
default   [  20% ] 75/75 VUs  0m47.0s/4m00.0s

running (0m48.0s), 75/75 VUs, 1617 complete and 0 interrupted iterations
default   [  20% ] 75/75 VUs  0m48.0s/4m00.0s

running (0m49.0s), 75/75 VUs, 1650 complete and 0 interrupted iterations
default   [  20% ] 75/75 VUs  0m49.0s/4m00.0s

running (0m50.0s), 75/75 VUs, 1684 complete and 0 interrupted iterations
default   [  21% ] 75/75 VUs  0m50.0s/4m00.0s

running (0m51.0s), 75/75 VUs, 1718 complete and 0 interrupted iterations
default   [  21% ] 75/75 VUs  0m51.0s/4m00.0s

running (0m52.0s), 75/75 VUs, 1752 complete and 0 interrupted iterations
default   [  22% ] 75/75 VUs  0m52.0s/4m00.0s

running (0m53.0s), 75/75 VUs, 1786 complete and 0 interrupted iterations
default   [  22% ] 75/75 VUs  0m53.0s/4m00.0s

running (0m54.0s), 75/75 VUs, 1820 complete and 0 interrupted iterations
default   [  22% ] 75/75 VUs  0m54.0s/4m00.0s

running (0m55.0s), 75/75 VUs, 1854 complete and 0 interrupted iterations
default   [  23% ] 75/75 VUs  0m55.0s/4m00.0s

running (0m56.0s), 75/75 VUs, 1888 complete and 0 interrupted iterations
default   [  23% ] 75/75 VUs  0m56.0s/4m00.0s

running (0m57.0s), 75/75 VUs, 1922 complete and 0 interrupted iterations
default   [  24% ] 75/75 VUs  0m57.0s/4m00.0s

running (0m58.0s), 75/75 VUs, 1956 complete and 0 interrupted iterations
default   [  24% ] 75/75 VUs  0m58.0s/4m00.0s

running (0m59.0s), 75/75 VUs, 1990 complete and 0 interrupted iterations
default   [  25% ] 75/75 VUs  0m59.0s/4m00.0s

running (1m00.0s), 75/75 VUs, 2023 complete and 0 interrupted iterations
default   [  25% ] 75/75 VUs  1m00.0s/4m00.0s

running (1m01.0s), 75/75 VUs, 2058 complete and 0 interrupted iterations
default   [  25% ] 75/75 VUs  1m01.0s/4m00.0s

running (1m02.0s), 75/75 VUs, 2091 complete and 0 interrupted iterations
default   [  26% ] 75/75 VUs  1m02.0s/4m00.0s

running (1m03.0s), 75/75 VUs, 2125 complete and 0 interrupted iterations
default   [  26% ] 75/75 VUs  1m03.0s/4m00.0s

running (1m04.0s), 75/75 VUs, 2159 complete and 0 interrupted iterations
default   [  27% ] 75/75 VUs  1m04.0s/4m00.0s

running (1m05.0s), 75/75 VUs, 2194 complete and 0 interrupted iterations
default   [  27% ] 75/75 VUs  1m05.0s/4m00.0s

running (1m06.0s), 75/75 VUs, 2227 complete and 0 interrupted iterations
default   [  27% ] 75/75 VUs  1m06.0s/4m00.0s

running (1m07.0s), 75/75 VUs, 2261 complete and 0 interrupted iterations
default   [  28% ] 75/75 VUs  1m07.0s/4m00.0s

running (1m08.0s), 75/75 VUs, 2295 complete and 0 interrupted iterations
default   [  28% ] 75/75 VUs  1m08.0s/4m00.0s

running (1m09.0s), 75/75 VUs, 2328 complete and 0 interrupted iterations
default   [  29% ] 75/75 VUs  1m09.0s/4m00.0s

running (1m10.0s), 75/75 VUs, 2362 complete and 0 interrupted iterations
default   [  29% ] 75/75 VUs  1m10.0s/4m00.0s

running (1m11.0s), 75/75 VUs, 2395 complete and 0 interrupted iterations
default   [  30% ] 75/75 VUs  1m11.0s/4m00.0s

running (1m12.0s), 75/75 VUs, 2430 complete and 0 interrupted iterations
default   [  30% ] 75/75 VUs  1m12.0s/4m00.0s

running (1m13.0s), 75/75 VUs, 2463 complete and 0 interrupted iterations
default   [  30% ] 75/75 VUs  1m13.0s/4m00.0s

running (1m14.0s), 75/75 VUs, 2498 complete and 0 interrupted iterations
default   [  31% ] 75/75 VUs  1m14.0s/4m00.0s

running (1m15.0s), 75/75 VUs, 2531 complete and 0 interrupted iterations
default   [  31% ] 75/75 VUs  1m15.0s/4m00.0s

running (1m16.0s), 75/75 VUs, 2566 complete and 0 interrupted iterations
default   [  32% ] 75/75 VUs  1m16.0s/4m00.0s

running (1m17.0s), 75/75 VUs, 2599 complete and 0 interrupted iterations
default   [  32% ] 75/75 VUs  1m17.0s/4m00.0s

running (1m18.0s), 75/75 VUs, 2634 complete and 0 interrupted iterations
default   [  32% ] 75/75 VUs  1m18.0s/4m00.0s

running (1m19.0s), 75/75 VUs, 2667 complete and 0 interrupted iterations
default   [  33% ] 75/75 VUs  1m19.0s/4m00.0s

running (1m20.0s), 75/75 VUs, 2702 complete and 0 interrupted iterations
default   [  33% ] 75/75 VUs  1m20.0s/4m00.0s

running (1m21.0s), 75/75 VUs, 2735 complete and 0 interrupted iterations
default   [  34% ] 75/75 VUs  1m21.0s/4m00.0s

running (1m22.0s), 75/75 VUs, 2770 complete and 0 interrupted iterations
default   [  34% ] 75/75 VUs  1m22.0s/4m00.0s

running (1m23.0s), 75/75 VUs, 2803 complete and 0 interrupted iterations
default   [  35% ] 75/75 VUs  1m23.0s/4m00.0s

running (1m24.0s), 75/75 VUs, 2838 complete and 0 interrupted iterations
default   [  35% ] 75/75 VUs  1m24.0s/4m00.0s

running (1m25.0s), 75/75 VUs, 2870 complete and 0 interrupted iterations
default   [  35% ] 75/75 VUs  1m25.0s/4m00.0s

running (1m26.0s), 75/75 VUs, 2903 complete and 0 interrupted iterations
default   [  36% ] 75/75 VUs  1m26.0s/4m00.0s

running (1m27.0s), 75/75 VUs, 2938 complete and 0 interrupted iterations
default   [  36% ] 75/75 VUs  1m27.0s/4m00.0s

running (1m28.0s), 75/75 VUs, 2971 complete and 0 interrupted iterations
default   [  37% ] 75/75 VUs  1m28.0s/4m00.0s

running (1m29.0s), 75/75 VUs, 3006 complete and 0 interrupted iterations
default   [  37% ] 75/75 VUs  1m29.0s/4m00.0s

running (1m30.0s), 75/75 VUs, 3039 complete and 0 interrupted iterations
default   [  37% ] 75/75 VUs  1m30.0s/4m00.0s

running (1m31.0s), 75/75 VUs, 3074 complete and 0 interrupted iterations
default   [  38% ] 75/75 VUs  1m31.0s/4m00.0s

running (1m32.0s), 75/75 VUs, 3107 complete and 0 interrupted iterations
default   [  38% ] 75/75 VUs  1m32.0s/4m00.0s

running (1m33.0s), 75/75 VUs, 3141 complete and 0 interrupted iterations
default   [  39% ] 75/75 VUs  1m33.0s/4m00.0s

running (1m34.0s), 75/75 VUs, 3175 complete and 0 interrupted iterations
default   [  39% ] 75/75 VUs  1m34.0s/4m00.0s

running (1m35.0s), 75/75 VUs, 3209 complete and 0 interrupted iterations
default   [  40% ] 75/75 VUs  1m35.0s/4m00.0s

running (1m36.0s), 75/75 VUs, 3243 complete and 0 interrupted iterations
default   [  40% ] 75/75 VUs  1m36.0s/4m00.0s

running (1m37.0s), 75/75 VUs, 3276 complete and 0 interrupted iterations
default   [  40% ] 75/75 VUs  1m37.0s/4m00.0s

running (1m38.0s), 75/75 VUs, 3310 complete and 0 interrupted iterations
default   [  41% ] 75/75 VUs  1m38.0s/4m00.0s

running (1m39.0s), 75/75 VUs, 3344 complete and 0 interrupted iterations
default   [  41% ] 75/75 VUs  1m39.0s/4m00.0s

running (1m40.0s), 75/75 VUs, 3378 complete and 0 interrupted iterations
default   [  42% ] 75/75 VUs  1m40.0s/4m00.0s

running (1m41.0s), 75/75 VUs, 3412 complete and 0 interrupted iterations
default   [  42% ] 75/75 VUs  1m41.0s/4m00.0s

running (1m42.0s), 75/75 VUs, 3445 complete and 0 interrupted iterations
default   [  42% ] 75/75 VUs  1m42.0s/4m00.0s

running (1m43.0s), 75/75 VUs, 3480 complete and 0 interrupted iterations
default   [  43% ] 75/75 VUs  1m43.0s/4m00.0s

running (1m44.0s), 75/75 VUs, 3513 complete and 0 interrupted iterations
default   [  43% ] 75/75 VUs  1m44.0s/4m00.0s

running (1m45.0s), 75/75 VUs, 3548 complete and 0 interrupted iterations
default   [  44% ] 75/75 VUs  1m45.0s/4m00.0s

running (1m46.0s), 75/75 VUs, 3581 complete and 0 interrupted iterations
default   [  44% ] 75/75 VUs  1m46.0s/4m00.0s

running (1m47.0s), 75/75 VUs, 3614 complete and 0 interrupted iterations
default   [  45% ] 75/75 VUs  1m47.0s/4m00.0s

running (1m48.0s), 75/75 VUs, 3649 complete and 0 interrupted iterations
default   [  45% ] 75/75 VUs  1m48.0s/4m00.0s

running (1m49.0s), 75/75 VUs, 3682 complete and 0 interrupted iterations
default   [  45% ] 75/75 VUs  1m49.0s/4m00.0s

running (1m50.0s), 75/75 VUs, 3717 complete and 0 interrupted iterations
default   [  46% ] 75/75 VUs  1m50.0s/4m00.0s

running (1m51.0s), 75/75 VUs, 3750 complete and 0 interrupted iterations
default   [  46% ] 75/75 VUs  1m51.0s/4m00.0s

running (1m52.0s), 75/75 VUs, 3785 complete and 0 interrupted iterations
default   [  47% ] 75/75 VUs  1m52.0s/4m00.0s

running (1m53.0s), 75/75 VUs, 3818 complete and 0 interrupted iterations
default   [  47% ] 75/75 VUs  1m53.0s/4m00.0s

running (1m54.0s), 75/75 VUs, 3853 complete and 0 interrupted iterations
default   [  47% ] 75/75 VUs  1m54.0s/4m00.0s

running (1m55.0s), 75/75 VUs, 3885 complete and 0 interrupted iterations
default   [  48% ] 75/75 VUs  1m55.0s/4m00.0s

running (1m56.0s), 75/75 VUs, 3921 complete and 0 interrupted iterations
default   [  48% ] 75/75 VUs  1m56.0s/4m00.0s

running (1m57.0s), 75/75 VUs, 3953 complete and 0 interrupted iterations
default   [  49% ] 75/75 VUs  1m57.0s/4m00.0s

running (1m58.0s), 75/75 VUs, 3988 complete and 0 interrupted iterations
default   [  49% ] 75/75 VUs  1m58.0s/4m00.0s

running (1m59.0s), 75/75 VUs, 4021 complete and 0 interrupted iterations
default   [  50% ] 75/75 VUs  1m59.0s/4m00.0s

running (2m00.0s), 75/75 VUs, 4056 complete and 0 interrupted iterations
default   [  50% ] 75/75 VUs  2m00.0s/4m00.0s

running (2m01.0s), 75/75 VUs, 4089 complete and 0 interrupted iterations
default   [  50% ] 75/75 VUs  2m01.0s/4m00.0s

running (2m02.0s), 75/75 VUs, 4122 complete and 0 interrupted iterations
default   [  51% ] 75/75 VUs  2m02.0s/4m00.0s

running (2m03.0s), 75/75 VUs, 4157 complete and 0 interrupted iterations
default   [  51% ] 75/75 VUs  2m03.0s/4m00.0s

running (2m04.0s), 75/75 VUs, 4190 complete and 0 interrupted iterations
default   [  52% ] 75/75 VUs  2m04.0s/4m00.0s

running (2m05.0s), 75/75 VUs, 4224 complete and 0 interrupted iterations
default   [  52% ] 75/75 VUs  2m05.0s/4m00.0s

running (2m06.0s), 75/75 VUs, 4257 complete and 0 interrupted iterations
default   [  52% ] 75/75 VUs  2m06.0s/4m00.0s

running (2m07.0s), 75/75 VUs, 4292 complete and 0 interrupted iterations
default   [  53% ] 75/75 VUs  2m07.0s/4m00.0s

running (2m08.0s), 75/75 VUs, 4325 complete and 0 interrupted iterations
default   [  53% ] 75/75 VUs  2m08.0s/4m00.0s

running (2m09.0s), 75/75 VUs, 4360 complete and 0 interrupted iterations
default   [  54% ] 75/75 VUs  2m09.0s/4m00.0s

running (2m10.0s), 75/75 VUs, 4394 complete and 0 interrupted iterations
default   [  54% ] 75/75 VUs  2m10.0s/4m00.0s

running (2m11.0s), 75/75 VUs, 4428 complete and 0 interrupted iterations
default   [  55% ] 75/75 VUs  2m11.0s/4m00.0s

running (2m12.0s), 75/75 VUs, 4462 complete and 0 interrupted iterations
default   [  55% ] 75/75 VUs  2m12.0s/4m00.0s

running (2m13.0s), 75/75 VUs, 4495 complete and 0 interrupted iterations
default   [  55% ] 75/75 VUs  2m13.0s/4m00.0s

running (2m14.0s), 75/75 VUs, 4530 complete and 0 interrupted iterations
default   [  56% ] 75/75 VUs  2m14.0s/4m00.0s

running (2m15.0s), 75/75 VUs, 4563 complete and 0 interrupted iterations
default   [  56% ] 75/75 VUs  2m15.0s/4m00.0s

running (2m16.0s), 75/75 VUs, 4597 complete and 0 interrupted iterations
default   [  57% ] 75/75 VUs  2m16.0s/4m00.0s

running (2m17.0s), 75/75 VUs, 4630 complete and 0 interrupted iterations
default   [  57% ] 75/75 VUs  2m17.0s/4m00.0s

running (2m18.0s), 75/75 VUs, 4666 complete and 0 interrupted iterations
default   [  57% ] 75/75 VUs  2m18.0s/4m00.0s

running (2m19.0s), 75/75 VUs, 4698 complete and 0 interrupted iterations
default   [  58% ] 75/75 VUs  2m19.0s/4m00.0s

running (2m20.0s), 75/75 VUs, 4734 complete and 0 interrupted iterations
default   [  58% ] 75/75 VUs  2m20.0s/4m00.0s

running (2m21.0s), 75/75 VUs, 4766 complete and 0 interrupted iterations
default   [  59% ] 75/75 VUs  2m21.0s/4m00.0s

running (2m22.0s), 75/75 VUs, 4801 complete and 0 interrupted iterations
default   [  59% ] 75/75 VUs  2m22.0s/4m00.0s

running (2m23.0s), 75/75 VUs, 4834 complete and 0 interrupted iterations
default   [  60% ] 75/75 VUs  2m23.0s/4m00.0s

running (2m24.0s), 75/75 VUs, 4869 complete and 0 interrupted iterations
default   [  60% ] 75/75 VUs  2m24.0s/4m00.0s

running (2m25.0s), 75/75 VUs, 4902 complete and 0 interrupted iterations
default   [  60% ] 75/75 VUs  2m25.0s/4m00.0s

running (2m26.0s), 75/75 VUs, 4936 complete and 0 interrupted iterations
default   [  61% ] 75/75 VUs  2m26.0s/4m00.0s

running (2m27.0s), 75/75 VUs, 4970 complete and 0 interrupted iterations
default   [  61% ] 75/75 VUs  2m27.0s/4m00.0s

running (2m28.0s), 75/75 VUs, 5002 complete and 0 interrupted iterations
default   [  62% ] 75/75 VUs  2m28.0s/4m00.0s

running (2m29.0s), 75/75 VUs, 5038 complete and 0 interrupted iterations
default   [  62% ] 75/75 VUs  2m29.0s/4m00.0s

running (2m30.0s), 75/75 VUs, 5070 complete and 0 interrupted iterations
default   [  62% ] 75/75 VUs  2m30.0s/4m00.0s

running (2m31.0s), 75/75 VUs, 5106 complete and 0 interrupted iterations
default   [  63% ] 75/75 VUs  2m31.0s/4m00.0s

running (2m32.0s), 75/75 VUs, 5138 complete and 0 interrupted iterations
default   [  63% ] 75/75 VUs  2m32.0s/4m00.0s

running (2m33.0s), 75/75 VUs, 5174 complete and 0 interrupted iterations
default   [  64% ] 75/75 VUs  2m33.0s/4m00.0s

running (2m34.0s), 75/75 VUs, 5206 complete and 0 interrupted iterations
default   [  64% ] 75/75 VUs  2m34.0s/4m00.0s

running (2m35.0s), 75/75 VUs, 5242 complete and 0 interrupted iterations
default   [  65% ] 75/75 VUs  2m35.0s/4m00.0s

running (2m36.0s), 75/75 VUs, 5274 complete and 0 interrupted iterations
default   [  65% ] 75/75 VUs  2m36.0s/4m00.0s

running (2m37.0s), 75/75 VUs, 5310 complete and 0 interrupted iterations
default   [  65% ] 75/75 VUs  2m37.0s/4m00.0s

running (2m38.0s), 75/75 VUs, 5342 complete and 0 interrupted iterations
default   [  66% ] 75/75 VUs  2m38.0s/4m00.0s

running (2m39.0s), 75/75 VUs, 5378 complete and 0 interrupted iterations
default   [  66% ] 75/75 VUs  2m39.0s/4m00.0s

running (2m40.0s), 75/75 VUs, 5410 complete and 0 interrupted iterations
default   [  67% ] 75/75 VUs  2m40.0s/4m00.0s

running (2m41.0s), 75/75 VUs, 5445 complete and 0 interrupted iterations
default   [  67% ] 75/75 VUs  2m41.0s/4m00.0s

running (2m42.0s), 75/75 VUs, 5478 complete and 0 interrupted iterations
default   [  67% ] 75/75 VUs  2m42.0s/4m00.0s

running (2m43.0s), 75/75 VUs, 5512 complete and 0 interrupted iterations
default   [  68% ] 75/75 VUs  2m43.0s/4m00.0s

running (2m44.0s), 75/75 VUs, 5546 complete and 0 interrupted iterations
default   [  68% ] 75/75 VUs  2m44.0s/4m00.0s

running (2m45.0s), 75/75 VUs, 5579 complete and 0 interrupted iterations
default   [  69% ] 75/75 VUs  2m45.0s/4m00.0s

running (2m46.0s), 75/75 VUs, 5614 complete and 0 interrupted iterations
default   [  69% ] 75/75 VUs  2m46.0s/4m00.0s

running (2m47.0s), 75/75 VUs, 5647 complete and 0 interrupted iterations
default   [  70% ] 75/75 VUs  2m47.0s/4m00.0s

running (2m48.0s), 75/75 VUs, 5682 complete and 0 interrupted iterations
default   [  70% ] 75/75 VUs  2m48.0s/4m00.0s

running (2m49.0s), 75/75 VUs, 5714 complete and 0 interrupted iterations
default   [  70% ] 75/75 VUs  2m49.0s/4m00.0s

running (2m50.0s), 75/75 VUs, 5750 complete and 0 interrupted iterations
default   [  71% ] 75/75 VUs  2m50.0s/4m00.0s

running (2m51.0s), 75/75 VUs, 5782 complete and 0 interrupted iterations
default   [  71% ] 75/75 VUs  2m51.0s/4m00.0s

running (2m52.0s), 75/75 VUs, 5817 complete and 0 interrupted iterations
default   [  72% ] 75/75 VUs  2m52.0s/4m00.0s

running (2m53.0s), 75/75 VUs, 5850 complete and 0 interrupted iterations
default   [  72% ] 75/75 VUs  2m53.0s/4m00.0s

running (2m54.0s), 75/75 VUs, 5885 complete and 0 interrupted iterations
default   [  72% ] 75/75 VUs  2m54.0s/4m00.0s

running (2m55.0s), 75/75 VUs, 5918 complete and 0 interrupted iterations
default   [  73% ] 75/75 VUs  2m55.0s/4m00.0s

running (2m56.0s), 75/75 VUs, 5953 complete and 0 interrupted iterations
default   [  73% ] 75/75 VUs  2m56.0s/4m00.0s

running (2m57.0s), 75/75 VUs, 5986 complete and 0 interrupted iterations
default   [  74% ] 75/75 VUs  2m57.0s/4m00.0s

running (2m58.0s), 75/75 VUs, 6021 complete and 0 interrupted iterations
default   [  74% ] 75/75 VUs  2m58.0s/4m00.0s

running (2m59.0s), 75/75 VUs, 6054 complete and 0 interrupted iterations
default   [  75% ] 75/75 VUs  2m59.0s/4m00.0s

running (3m00.0s), 75/75 VUs, 6088 complete and 0 interrupted iterations
default   [  75% ] 75/75 VUs  3m00.0s/4m00.0s

running (3m01.0s), 75/75 VUs, 6122 complete and 0 interrupted iterations
default   [  75% ] 75/75 VUs  3m01.0s/4m00.0s

running (3m02.0s), 75/75 VUs, 6155 complete and 0 interrupted iterations
default   [  76% ] 75/75 VUs  3m02.0s/4m00.0s

running (3m03.0s), 75/75 VUs, 6189 complete and 0 interrupted iterations
default   [  76% ] 75/75 VUs  3m03.0s/4m00.0s

running (3m04.0s), 75/75 VUs, 6223 complete and 0 interrupted iterations
default   [  77% ] 75/75 VUs  3m04.0s/4m00.0s

running (3m05.0s), 75/75 VUs, 6257 complete and 0 interrupted iterations
default   [  77% ] 75/75 VUs  3m05.0s/4m00.0s

running (3m06.0s), 75/75 VUs, 6291 complete and 0 interrupted iterations
default   [  77% ] 75/75 VUs  3m06.0s/4m00.0s

running (3m07.0s), 75/75 VUs, 6325 complete and 0 interrupted iterations
default   [  78% ] 75/75 VUs  3m07.0s/4m00.0s

running (3m08.0s), 75/75 VUs, 6359 complete and 0 interrupted iterations
default   [  78% ] 75/75 VUs  3m08.0s/4m00.0s

running (3m09.0s), 75/75 VUs, 6393 complete and 0 interrupted iterations
default   [  79% ] 75/75 VUs  3m09.0s/4m00.0s

running (3m10.0s), 75/75 VUs, 6427 complete and 0 interrupted iterations
default   [  79% ] 75/75 VUs  3m10.0s/4m00.0s

running (3m11.0s), 75/75 VUs, 6461 complete and 0 interrupted iterations
default   [  80% ] 75/75 VUs  3m11.0s/4m00.0s

running (3m12.0s), 75/75 VUs, 6494 complete and 0 interrupted iterations
default   [  80% ] 75/75 VUs  3m12.0s/4m00.0s

running (3m13.0s), 75/75 VUs, 6528 complete and 0 interrupted iterations
default   [  80% ] 75/75 VUs  3m13.0s/4m00.0s

running (3m14.0s), 75/75 VUs, 6562 complete and 0 interrupted iterations
default   [  81% ] 75/75 VUs  3m14.0s/4m00.0s

running (3m15.0s), 75/75 VUs, 6597 complete and 0 interrupted iterations
default   [  81% ] 75/75 VUs  3m15.0s/4m00.0s

running (3m16.0s), 75/75 VUs, 6630 complete and 0 interrupted iterations
default   [  82% ] 75/75 VUs  3m16.0s/4m00.0s

running (3m17.0s), 75/75 VUs, 6663 complete and 0 interrupted iterations
default   [  82% ] 75/75 VUs  3m17.0s/4m00.0s

running (3m18.0s), 75/75 VUs, 6698 complete and 0 interrupted iterations
default   [  82% ] 75/75 VUs  3m18.0s/4m00.0s

running (3m19.0s), 75/75 VUs, 6731 complete and 0 interrupted iterations
default   [  83% ] 75/75 VUs  3m19.0s/4m00.0s

running (3m20.0s), 75/75 VUs, 6766 complete and 0 interrupted iterations
default   [  83% ] 75/75 VUs  3m20.0s/4m00.0s

running (3m21.0s), 75/75 VUs, 6800 complete and 0 interrupted iterations
default   [  84% ] 75/75 VUs  3m21.0s/4m00.0s

running (3m22.0s), 75/75 VUs, 6834 complete and 0 interrupted iterations
default   [  84% ] 75/75 VUs  3m22.0s/4m00.0s

running (3m23.0s), 75/75 VUs, 6866 complete and 0 interrupted iterations
default   [  85% ] 75/75 VUs  3m23.0s/4m00.0s

running (3m24.0s), 75/75 VUs, 6902 complete and 0 interrupted iterations
default   [  85% ] 75/75 VUs  3m24.0s/4m00.0s

running (3m25.0s), 75/75 VUs, 6934 complete and 0 interrupted iterations
default   [  85% ] 75/75 VUs  3m25.0s/4m00.0s

running (3m26.0s), 75/75 VUs, 6970 complete and 0 interrupted iterations
default   [  86% ] 75/75 VUs  3m26.0s/4m00.0s

running (3m27.0s), 75/75 VUs, 7002 complete and 0 interrupted iterations
default   [  86% ] 75/75 VUs  3m27.0s/4m00.0s

running (3m28.0s), 75/75 VUs, 7038 complete and 0 interrupted iterations
default   [  87% ] 75/75 VUs  3m28.0s/4m00.0s

running (3m29.0s), 75/75 VUs, 7070 complete and 0 interrupted iterations
default   [  87% ] 75/75 VUs  3m29.0s/4m00.0s

running (3m30.0s), 75/75 VUs, 7105 complete and 0 interrupted iterations
default   [  87% ] 75/75 VUs  3m30.0s/4m00.0s

running (3m31.0s), 75/75 VUs, 7138 complete and 0 interrupted iterations
default   [  88% ] 75/75 VUs  3m31.0s/4m00.0s

running (3m32.0s), 73/75 VUs, 7173 complete and 0 interrupted iterations
default   [  88% ] 73/75 VUs  3m32.0s/4m00.0s

running (3m33.0s), 71/75 VUs, 7206 complete and 0 interrupted iterations
default   [  89% ] 71/75 VUs  3m33.0s/4m00.0s

running (3m34.0s), 69/75 VUs, 7240 complete and 0 interrupted iterations
default   [  89% ] 69/75 VUs  3m34.0s/4m00.0s

running (3m35.0s), 64/75 VUs, 7274 complete and 0 interrupted iterations
default   [  90% ] 64/75 VUs  3m35.0s/4m00.0s

running (3m36.0s), 63/75 VUs, 7306 complete and 0 interrupted iterations
default   [  90% ] 63/75 VUs  3m36.0s/4m00.0s

running (3m37.0s), 60/75 VUs, 7342 complete and 0 interrupted iterations
default   [  90% ] 60/75 VUs  3m37.0s/4m00.0s

running (3m38.0s), 58/75 VUs, 7374 complete and 0 interrupted iterations
default   [  91% ] 58/75 VUs  3m38.0s/4m00.0s

running (3m39.0s), 56/75 VUs, 7410 complete and 0 interrupted iterations
default   [  91% ] 56/75 VUs  3m39.0s/4m00.0s

running (3m40.0s), 53/75 VUs, 7442 complete and 0 interrupted iterations
default   [  92% ] 53/75 VUs  3m40.0s/4m00.0s

running (3m41.0s), 51/75 VUs, 7478 complete and 0 interrupted iterations
default   [  92% ] 51/75 VUs  3m41.0s/4m00.0s

running (3m42.0s), 48/75 VUs, 7510 complete and 0 interrupted iterations
default   [  92% ] 48/75 VUs  3m42.0s/4m00.0s

running (3m43.0s), 44/75 VUs, 7546 complete and 0 interrupted iterations
default   [  93% ] 44/75 VUs  3m43.0s/4m00.0s

running (3m44.0s), 42/75 VUs, 7578 complete and 0 interrupted iterations
default   [  93% ] 42/75 VUs  3m44.0s/4m00.0s

running (3m45.0s), 38/75 VUs, 7613 complete and 0 interrupted iterations
default   [  94% ] 38/75 VUs  3m45.0s/4m00.0s

running (3m46.0s), 38/75 VUs, 7646 complete and 0 interrupted iterations
default   [  94% ] 38/75 VUs  3m46.0s/4m00.0s

running (3m47.0s), 35/75 VUs, 7681 complete and 0 interrupted iterations
default   [  95% ] 35/75 VUs  3m47.0s/4m00.0s

running (3m48.0s), 31/75 VUs, 7714 complete and 0 interrupted iterations
default   [  95% ] 31/75 VUs  3m48.0s/4m00.0s

running (3m49.0s), 30/75 VUs, 7748 complete and 0 interrupted iterations
default   [  95% ] 30/75 VUs  3m49.0s/4m00.0s

running (3m50.0s), 28/75 VUs, 7782 complete and 0 interrupted iterations
default   [  96% ] 28/75 VUs  3m50.0s/4m00.0s

running (3m51.0s), 25/75 VUs, 7816 complete and 0 interrupted iterations
default   [  96% ] 25/75 VUs  3m51.0s/4m00.0s

running (3m52.0s), 21/75 VUs, 7850 complete and 0 interrupted iterations
default   [  97% ] 21/75 VUs  3m52.0s/4m00.0s

running (3m53.0s), 19/75 VUs, 7883 complete and 0 interrupted iterations
default   [  97% ] 19/75 VUs  3m53.0s/4m00.0s

running (3m54.0s), 17/75 VUs, 7918 complete and 0 interrupted iterations
default   [  97% ] 17/75 VUs  3m54.0s/4m00.0s

running (3m55.0s), 14/75 VUs, 7951 complete and 0 interrupted iterations
default   [  98% ] 14/75 VUs  3m55.0s/4m00.0s

running (3m56.0s), 11/75 VUs, 7986 complete and 0 interrupted iterations
default   [  98% ] 11/75 VUs  3m56.0s/4m00.0s

running (3m57.0s), 09/75 VUs, 8018 complete and 0 interrupted iterations
default   [  99% ] 09/75 VUs  3m57.0s/4m00.0s

running (3m58.0s), 06/75 VUs, 8054 complete and 0 interrupted iterations
default   [  99% ] 06/75 VUs  3m58.0s/4m00.0s

running (3m59.0s), 03/75 VUs, 8088 complete and 0 interrupted iterations
default   [ 100% ] 03/75 VUs  3m59.0s/4m00.0s

running (4m00.0s), 01/75 VUs, 8117 complete and 0 interrupted iterations
default   [ 100% ] 01/75 VUs  4m00.0s/4m00.0s


  █ THRESHOLDS 

    checks
    ✓ 'rate>0.95' rate=100.00%

    http_req_duration
    ✓ 'p(95)<5000' p(95)=2.59s
    ✓ 'p(99)<10000' p(99)=2.72s

    http_req_failed
    ✓ 'rate<0.05' rate=0.00%


  █ TOTAL RESULTS 

    checks_total.......: 32476   135.30858/s
    checks_succeeded...: 100.00% 32476 out of 32476
    checks_failed......: 0.00%   0 out of 32476

    ✓ status is 200
    ✓ content-type is json
    ✓ workloadType is CPU-BOUND
    ✓ executionTimeMs exists

    CUSTOM
    response_time_ms...............: min=56.599562 avg=1947.261469 med=2239.405974 max=5580.617351 p(90)=2483.23226 p(95)=2598.187493 p(99)=2727.233773
    successful_requests............: 8119   33.827145/s

    HTTP
    http_req_duration..............: min=56.59ms   avg=1.94s       med=2.23s       max=5.58s       p(90)=2.48s      p(95)=2.59s       p(99)=2.72s      
      { expected_response:true }...: min=56.59ms   avg=1.94s       med=2.23s       max=5.58s       p(90)=2.48s      p(95)=2.59s       p(99)=2.72s      
    http_req_failed................: 0.00%  0 out of 8119
    http_reqs......................: 8119   33.827145/s

    EXECUTION
    iteration_duration.............: min=56.76ms   avg=1.94s       med=2.23s       max=5.58s       p(90)=2.48s      p(95)=2.59s       p(99)=2.72s      
    iterations.....................: 8119   33.827145/s
    vus............................: 1      min=1         max=75
    vus_max........................: 75     min=75        max=75

    NETWORK
    data_received..................: 1.9 MB 7.8 kB/s
    data_sent......................: 650 kB 2.7 kB/s




running (4m00.0s), 00/75 VUs, 8119 complete and 0 interrupted iterations
default ✓ [ 100% ] 00/75 VUs  4m0s
