
         /\      Grafana   /‾‾/  
    /\  /  \     |\  __   /  /   
   /  \/    \    | |/ /  /   ‾‾\ 
  /          \   |   (  |  (‾)  |
 / __________ \  |_|\_\  \_____/ 


     execution: local
        script: io-bound-test.js
        output: -

     scenarios: (100.00%) 1 scenario, 500 max VUs, 6m30s max duration (incl. graceful stop):
              * default: Up to 500 looping VUs for 6m0s over 3 stages (gracefulRampDown: 30s, gracefulStop: 30s)


running (0m00.8s), 014/500 VUs, 103 complete and 0 interrupted iterations
default   [   0% ] 014/500 VUs  0m00.8s/6m00.0s

running (0m01.8s), 030/500 VUs, 522 complete and 0 interrupted iterations
default   [   0% ] 030/500 VUs  0m01.8s/6m00.0s

running (0m02.8s), 047/500 VUs, 1271 complete and 0 interrupted iterations
default   [   1% ] 047/500 VUs  0m02.8s/6m00.0s

running (0m03.8s), 064/500 VUs, 2250 complete and 0 interrupted iterations
default   [   1% ] 064/500 VUs  0m03.8s/6m00.0s

running (0m04.8s), 080/500 VUs, 3240 complete and 0 interrupted iterations
default   [   1% ] 080/500 VUs  0m04.8s/6m00.0s

running (0m05.8s), 097/500 VUs, 4231 complete and 0 interrupted iterations
default   [   2% ] 097/500 VUs  0m05.8s/6m00.0s

running (0m06.8s), 113/500 VUs, 5221 complete and 0 interrupted iterations
default   [   2% ] 113/500 VUs  0m06.8s/6m00.0s

running (0m07.8s), 130/500 VUs, 6210 complete and 0 interrupted iterations
default   [   2% ] 130/500 VUs  0m07.8s/6m00.0s

running (0m08.8s), 147/500 VUs, 7193 complete and 0 interrupted iterations
default   [   2% ] 147/500 VUs  0m08.8s/6m00.0s

running (0m09.8s), 163/500 VUs, 8188 complete and 0 interrupted iterations
default   [   3% ] 163/500 VUs  0m09.8s/6m00.0s

running (0m10.8s), 180/500 VUs, 9181 complete and 0 interrupted iterations
default   [   3% ] 180/500 VUs  0m10.8s/6m00.0s

running (0m11.8s), 197/500 VUs, 10161 complete and 0 interrupted iterations
default   [   3% ] 197/500 VUs  0m11.8s/6m00.0s

running (0m12.8s), 213/500 VUs, 11158 complete and 0 interrupted iterations
default   [   4% ] 213/500 VUs  0m12.8s/6m00.0s

running (0m13.8s), 230/500 VUs, 12140 complete and 0 interrupted iterations
default   [   4% ] 230/500 VUs  0m13.8s/6m00.0s

running (0m14.8s), 247/500 VUs, 13136 complete and 0 interrupted iterations
default   [   4% ] 247/500 VUs  0m14.8s/6m00.0s

running (0m15.8s), 263/500 VUs, 14116 complete and 0 interrupted iterations
default   [   4% ] 263/500 VUs  0m15.8s/6m00.0s

running (0m16.8s), 280/500 VUs, 15110 complete and 0 interrupted iterations
default   [   5% ] 280/500 VUs  0m16.8s/6m00.0s

running (0m17.8s), 296/500 VUs, 16092 complete and 0 interrupted iterations
default   [   5% ] 296/500 VUs  0m17.8s/6m00.0s

running (0m18.8s), 313/500 VUs, 17086 complete and 0 interrupted iterations
default   [   5% ] 313/500 VUs  0m18.8s/6m00.0s

running (0m19.8s), 330/500 VUs, 18066 complete and 0 interrupted iterations
default   [   5% ] 330/500 VUs  0m19.8s/6m00.0s

running (0m20.8s), 346/500 VUs, 19066 complete and 0 interrupted iterations
default   [   6% ] 346/500 VUs  0m20.8s/6m00.0s

running (0m21.8s), 363/500 VUs, 20043 complete and 0 interrupted iterations
default   [   6% ] 363/500 VUs  0m21.8s/6m00.0s

running (0m22.8s), 380/500 VUs, 21039 complete and 0 interrupted iterations
default   [   6% ] 380/500 VUs  0m22.8s/6m00.0s

running (0m23.8s), 396/500 VUs, 22016 complete and 0 interrupted iterations
default   [   7% ] 396/500 VUs  0m23.8s/6m00.0s

running (0m24.8s), 413/500 VUs, 23016 complete and 0 interrupted iterations
default   [   7% ] 413/500 VUs  0m24.8s/6m00.0s

running (0m25.8s), 429/500 VUs, 24001 complete and 0 interrupted iterations
default   [   7% ] 429/500 VUs  0m25.8s/6m00.0s

running (0m26.8s), 446/500 VUs, 24989 complete and 0 interrupted iterations
default   [   7% ] 446/500 VUs  0m26.8s/6m00.0s

running (0m27.8s), 463/500 VUs, 25968 complete and 0 interrupted iterations
default   [   8% ] 463/500 VUs  0m27.8s/6m00.0s

running (0m28.8s), 479/500 VUs, 26966 complete and 0 interrupted iterations
default   [   8% ] 479/500 VUs  0m28.8s/6m00.0s

running (0m29.8s), 496/500 VUs, 27952 complete and 0 interrupted iterations
default   [   8% ] 496/500 VUs  0m29.8s/6m00.0s

running (0m30.8s), 500/500 VUs, 28940 complete and 0 interrupted iterations
default   [   9% ] 500/500 VUs  0m30.8s/6m00.0s

running (0m31.8s), 500/500 VUs, 29929 complete and 0 interrupted iterations
default   [   9% ] 500/500 VUs  0m31.8s/6m00.0s

running (0m32.8s), 500/500 VUs, 30916 complete and 0 interrupted iterations
default   [   9% ] 500/500 VUs  0m32.8s/6m00.0s

running (0m33.8s), 500/500 VUs, 31914 complete and 0 interrupted iterations
default   [   9% ] 500/500 VUs  0m33.8s/6m00.0s

running (0m34.8s), 500/500 VUs, 32897 complete and 0 interrupted iterations
default   [  10% ] 500/500 VUs  0m34.8s/6m00.0s

running (0m35.8s), 500/500 VUs, 33884 complete and 0 interrupted iterations
default   [  10% ] 500/500 VUs  0m35.8s/6m00.0s

running (0m36.8s), 500/500 VUs, 34869 complete and 0 interrupted iterations
default   [  10% ] 500/500 VUs  0m36.8s/6m00.0s

running (0m37.8s), 500/500 VUs, 35866 complete and 0 interrupted iterations
default   [  10% ] 500/500 VUs  0m37.8s/6m00.0s

running (0m38.8s), 500/500 VUs, 36851 complete and 0 interrupted iterations
default   [  11% ] 500/500 VUs  0m38.8s/6m00.0s

running (0m39.8s), 500/500 VUs, 37834 complete and 0 interrupted iterations
default   [  11% ] 500/500 VUs  0m39.8s/6m00.0s

running (0m40.8s), 500/500 VUs, 38821 complete and 0 interrupted iterations
default   [  11% ] 500/500 VUs  0m40.8s/6m00.0s

running (0m41.8s), 500/500 VUs, 39819 complete and 0 interrupted iterations
default   [  12% ] 500/500 VUs  0m41.8s/6m00.0s

running (0m42.8s), 500/500 VUs, 40795 complete and 0 interrupted iterations
default   [  12% ] 500/500 VUs  0m42.8s/6m00.0s

running (0m43.8s), 500/500 VUs, 41791 complete and 0 interrupted iterations
default   [  12% ] 500/500 VUs  0m43.8s/6m00.0s

running (0m44.8s), 500/500 VUs, 42778 complete and 0 interrupted iterations
default   [  12% ] 500/500 VUs  0m44.8s/6m00.0s

running (0m45.8s), 500/500 VUs, 43768 complete and 0 interrupted iterations
default   [  13% ] 500/500 VUs  0m45.8s/6m00.0s

running (0m46.8s), 500/500 VUs, 44754 complete and 0 interrupted iterations
default   [  13% ] 500/500 VUs  0m46.8s/6m00.0s

running (0m47.8s), 500/500 VUs, 45745 complete and 0 interrupted iterations
default   [  13% ] 500/500 VUs  0m47.8s/6m00.0s

running (0m48.8s), 500/500 VUs, 46735 complete and 0 interrupted iterations
default   [  14% ] 500/500 VUs  0m48.8s/6m00.0s

running (0m49.8s), 500/500 VUs, 47721 complete and 0 interrupted iterations
default   [  14% ] 500/500 VUs  0m49.8s/6m00.0s

running (0m50.8s), 500/500 VUs, 48710 complete and 0 interrupted iterations
default   [  14% ] 500/500 VUs  0m50.8s/6m00.0s

running (0m51.8s), 500/500 VUs, 49701 complete and 0 interrupted iterations
default   [  14% ] 500/500 VUs  0m51.8s/6m00.0s

running (0m52.8s), 500/500 VUs, 50693 complete and 0 interrupted iterations
default   [  15% ] 500/500 VUs  0m52.8s/6m00.0s

running (0m53.8s), 500/500 VUs, 51671 complete and 0 interrupted iterations
default   [  15% ] 500/500 VUs  0m53.8s/6m00.0s

running (0m54.8s), 500/500 VUs, 52660 complete and 0 interrupted iterations
default   [  15% ] 500/500 VUs  0m54.8s/6m00.0s

running (0m55.8s), 500/500 VUs, 53660 complete and 0 interrupted iterations
default   [  15% ] 500/500 VUs  0m55.8s/6m00.0s

running (0m56.8s), 500/500 VUs, 54641 complete and 0 interrupted iterations
default   [  16% ] 500/500 VUs  0m56.8s/6m00.0s

running (0m57.8s), 500/500 VUs, 55624 complete and 0 interrupted iterations
default   [  16% ] 500/500 VUs  0m57.8s/6m00.0s

running (0m58.8s), 500/500 VUs, 56614 complete and 0 interrupted iterations
default   [  16% ] 500/500 VUs  0m58.8s/6m00.0s

running (0m59.8s), 500/500 VUs, 57610 complete and 0 interrupted iterations
default   [  17% ] 500/500 VUs  0m59.8s/6m00.0s

running (1m00.8s), 500/500 VUs, 58597 complete and 0 interrupted iterations
default   [  17% ] 500/500 VUs  1m00.8s/6m00.0s

running (1m01.8s), 500/500 VUs, 59589 complete and 0 interrupted iterations
default   [  17% ] 500/500 VUs  1m01.8s/6m00.0s

running (1m02.8s), 500/500 VUs, 60564 complete and 0 interrupted iterations
default   [  17% ] 500/500 VUs  1m02.8s/6m00.0s

running (1m03.8s), 500/500 VUs, 61560 complete and 0 interrupted iterations
default   [  18% ] 500/500 VUs  1m03.8s/6m00.0s

running (1m04.8s), 500/500 VUs, 62554 complete and 0 interrupted iterations
default   [  18% ] 500/500 VUs  1m04.8s/6m00.0s

running (1m05.8s), 500/500 VUs, 63540 complete and 0 interrupted iterations
default   [  18% ] 500/500 VUs  1m05.8s/6m00.0s

running (1m06.8s), 500/500 VUs, 64514 complete and 0 interrupted iterations
default   [  19% ] 500/500 VUs  1m06.8s/6m00.0s

running (1m07.8s), 500/500 VUs, 65514 complete and 0 interrupted iterations
default   [  19% ] 500/500 VUs  1m07.8s/6m00.0s

running (1m08.8s), 500/500 VUs, 66510 complete and 0 interrupted iterations
default   [  19% ] 500/500 VUs  1m08.8s/6m00.0s

running (1m09.8s), 500/500 VUs, 67487 complete and 0 interrupted iterations
default   [  19% ] 500/500 VUs  1m09.8s/6m00.0s

running (1m10.8s), 500/500 VUs, 68464 complete and 0 interrupted iterations
default   [  20% ] 500/500 VUs  1m10.8s/6m00.0s

running (1m11.8s), 500/500 VUs, 69464 complete and 0 interrupted iterations
default   [  20% ] 500/500 VUs  1m11.8s/6m00.0s

running (1m12.8s), 500/500 VUs, 70460 complete and 0 interrupted iterations
default   [  20% ] 500/500 VUs  1m12.8s/6m00.0s

running (1m13.8s), 500/500 VUs, 71446 complete and 0 interrupted iterations
default   [  20% ] 500/500 VUs  1m13.8s/6m00.0s

running (1m14.8s), 500/500 VUs, 72422 complete and 0 interrupted iterations
default   [  21% ] 500/500 VUs  1m14.8s/6m00.0s

running (1m15.8s), 500/500 VUs, 73414 complete and 0 interrupted iterations
default   [  21% ] 500/500 VUs  1m15.8s/6m00.0s

running (1m16.8s), 500/500 VUs, 74412 complete and 0 interrupted iterations
default   [  21% ] 500/500 VUs  1m16.8s/6m00.0s

running (1m17.8s), 500/500 VUs, 75373 complete and 0 interrupted iterations
default   [  22% ] 500/500 VUs  1m17.8s/6m00.0s

running (1m18.8s), 500/500 VUs, 76364 complete and 0 interrupted iterations
default   [  22% ] 500/500 VUs  1m18.8s/6m00.0s

running (1m19.8s), 500/500 VUs, 77364 complete and 0 interrupted iterations
default   [  22% ] 500/500 VUs  1m19.8s/6m00.0s

running (1m20.8s), 500/500 VUs, 78314 complete and 0 interrupted iterations
default   [  22% ] 500/500 VUs  1m20.8s/6m00.0s

running (1m21.8s), 500/500 VUs, 79314 complete and 0 interrupted iterations
default   [  23% ] 500/500 VUs  1m21.8s/6m00.0s

running (1m22.8s), 500/500 VUs, 80276 complete and 0 interrupted iterations
default   [  23% ] 500/500 VUs  1m22.8s/6m00.0s

running (1m23.8s), 500/500 VUs, 81264 complete and 0 interrupted iterations
default   [  23% ] 500/500 VUs  1m23.8s/6m00.0s

running (1m24.8s), 500/500 VUs, 82264 complete and 0 interrupted iterations
default   [  24% ] 500/500 VUs  1m24.8s/6m00.0s

running (1m25.8s), 500/500 VUs, 83219 complete and 0 interrupted iterations
default   [  24% ] 500/500 VUs  1m25.8s/6m00.0s

running (1m26.8s), 500/500 VUs, 84214 complete and 0 interrupted iterations
default   [  24% ] 500/500 VUs  1m26.8s/6m00.0s

running (1m27.8s), 500/500 VUs, 85210 complete and 0 interrupted iterations
default   [  24% ] 500/500 VUs  1m27.8s/6m00.0s

running (1m28.8s), 500/500 VUs, 86176 complete and 0 interrupted iterations
default   [  25% ] 500/500 VUs  1m28.8s/6m00.0s

running (1m29.8s), 500/500 VUs, 87164 complete and 0 interrupted iterations
default   [  25% ] 500/500 VUs  1m29.8s/6m00.0s

running (1m30.8s), 500/500 VUs, 88164 complete and 0 interrupted iterations
default   [  25% ] 500/500 VUs  1m30.8s/6m00.0s

running (1m31.8s), 500/500 VUs, 89164 complete and 0 interrupted iterations
default   [  25% ] 500/500 VUs  1m31.8s/6m00.0s

running (1m32.8s), 500/500 VUs, 90134 complete and 0 interrupted iterations
default   [  26% ] 500/500 VUs  1m32.8s/6m00.0s

running (1m33.8s), 500/500 VUs, 91114 complete and 0 interrupted iterations
default   [  26% ] 500/500 VUs  1m33.8s/6m00.0s

running (1m34.8s), 500/500 VUs, 92114 complete and 0 interrupted iterations
default   [  26% ] 500/500 VUs  1m34.8s/6m00.0s

running (1m35.8s), 500/500 VUs, 93103 complete and 0 interrupted iterations
default   [  27% ] 500/500 VUs  1m35.8s/6m00.0s

running (1m36.8s), 500/500 VUs, 94090 complete and 0 interrupted iterations
default   [  27% ] 500/500 VUs  1m36.8s/6m00.0s

running (1m37.8s), 500/500 VUs, 95064 complete and 0 interrupted iterations
default   [  27% ] 500/500 VUs  1m37.8s/6m00.0s

running (1m38.8s), 500/500 VUs, 96064 complete and 0 interrupted iterations
default   [  27% ] 500/500 VUs  1m38.8s/6m00.0s

running (1m39.8s), 500/500 VUs, 97057 complete and 0 interrupted iterations
default   [  28% ] 500/500 VUs  1m39.8s/6m00.0s

running (1m40.8s), 500/500 VUs, 98047 complete and 0 interrupted iterations
default   [  28% ] 500/500 VUs  1m40.8s/6m00.0s

running (1m41.8s), 500/500 VUs, 99016 complete and 0 interrupted iterations
default   [  28% ] 500/500 VUs  1m41.8s/6m00.0s

running (1m42.8s), 500/500 VUs, 100014 complete and 0 interrupted iterations
default   [  29% ] 500/500 VUs  1m42.8s/6m00.0s

running (1m43.8s), 500/500 VUs, 101009 complete and 0 interrupted iterations
default   [  29% ] 500/500 VUs  1m43.8s/6m00.0s

running (1m44.8s), 500/500 VUs, 101986 complete and 0 interrupted iterations
default   [  29% ] 500/500 VUs  1m44.8s/6m00.0s

running (1m45.8s), 500/500 VUs, 102974 complete and 0 interrupted iterations
default   [  29% ] 500/500 VUs  1m45.8s/6m00.0s

running (1m46.8s), 500/500 VUs, 103964 complete and 0 interrupted iterations
default   [  30% ] 500/500 VUs  1m46.8s/6m00.0s

running (1m47.8s), 500/500 VUs, 104964 complete and 0 interrupted iterations
default   [  30% ] 500/500 VUs  1m47.8s/6m00.0s

running (1m48.8s), 500/500 VUs, 105945 complete and 0 interrupted iterations
default   [  30% ] 500/500 VUs  1m48.8s/6m00.0s

running (1m49.8s), 500/500 VUs, 106928 complete and 0 interrupted iterations
default   [  30% ] 500/500 VUs  1m49.8s/6m00.0s

running (1m50.8s), 500/500 VUs, 107918 complete and 0 interrupted iterations
default   [  31% ] 500/500 VUs  1m50.8s/6m00.0s

running (1m51.8s), 500/500 VUs, 108914 complete and 0 interrupted iterations
default   [  31% ] 500/500 VUs  1m51.8s/6m00.0s

running (1m52.8s), 500/500 VUs, 109903 complete and 0 interrupted iterations
default   [  31% ] 500/500 VUs  1m52.8s/6m00.0s

running (1m53.8s), 500/500 VUs, 110875 complete and 0 interrupted iterations
default   [  32% ] 500/500 VUs  1m53.8s/6m00.0s

running (1m54.8s), 500/500 VUs, 111870 complete and 0 interrupted iterations
default   [  32% ] 500/500 VUs  1m54.8s/6m00.0s

running (1m55.8s), 500/500 VUs, 112864 complete and 0 interrupted iterations
default   [  32% ] 500/500 VUs  1m55.8s/6m00.0s

running (1m56.8s), 500/500 VUs, 113860 complete and 0 interrupted iterations
default   [  32% ] 500/500 VUs  1m56.8s/6m00.0s

running (1m57.8s), 500/500 VUs, 114837 complete and 0 interrupted iterations
default   [  33% ] 500/500 VUs  1m57.8s/6m00.0s

running (1m58.8s), 500/500 VUs, 115825 complete and 0 interrupted iterations
default   [  33% ] 500/500 VUs  1m58.8s/6m00.0s

running (1m59.8s), 500/500 VUs, 116818 complete and 0 interrupted iterations
default   [  33% ] 500/500 VUs  1m59.8s/6m00.0s

running (2m00.8s), 500/500 VUs, 117801 complete and 0 interrupted iterations
default   [  34% ] 500/500 VUs  2m00.8s/6m00.0s

running (2m01.8s), 500/500 VUs, 118794 complete and 0 interrupted iterations
default   [  34% ] 500/500 VUs  2m01.8s/6m00.0s

running (2m02.8s), 500/500 VUs, 119779 complete and 0 interrupted iterations
default   [  34% ] 500/500 VUs  2m02.8s/6m00.0s

running (2m03.8s), 500/500 VUs, 120768 complete and 0 interrupted iterations
default   [  34% ] 500/500 VUs  2m03.8s/6m00.0s

running (2m04.8s), 500/500 VUs, 121766 complete and 0 interrupted iterations
default   [  35% ] 500/500 VUs  2m04.8s/6m00.0s

running (2m05.8s), 500/500 VUs, 122743 complete and 0 interrupted iterations
default   [  35% ] 500/500 VUs  2m05.8s/6m00.0s

running (2m06.8s), 500/500 VUs, 123736 complete and 0 interrupted iterations
default   [  35% ] 500/500 VUs  2m06.8s/6m00.0s

running (2m07.8s), 500/500 VUs, 124718 complete and 0 interrupted iterations
default   [  35% ] 500/500 VUs  2m07.8s/6m00.0s

running (2m08.8s), 500/500 VUs, 125718 complete and 0 interrupted iterations
default   [  36% ] 500/500 VUs  2m08.8s/6m00.0s

running (2m09.8s), 500/500 VUs, 126697 complete and 0 interrupted iterations
default   [  36% ] 500/500 VUs  2m09.8s/6m00.0s

running (2m10.8s), 500/500 VUs, 127689 complete and 0 interrupted iterations
default   [  36% ] 500/500 VUs  2m10.8s/6m00.0s

running (2m11.8s), 500/500 VUs, 128674 complete and 0 interrupted iterations
default   [  37% ] 500/500 VUs  2m11.8s/6m00.0s

running (2m12.8s), 500/500 VUs, 129668 complete and 0 interrupted iterations
default   [  37% ] 500/500 VUs  2m12.8s/6m00.0s

running (2m13.8s), 500/500 VUs, 130652 complete and 0 interrupted iterations
default   [  37% ] 500/500 VUs  2m13.8s/6m00.0s

running (2m14.8s), 500/500 VUs, 131647 complete and 0 interrupted iterations
default   [  37% ] 500/500 VUs  2m14.8s/6m00.0s

running (2m15.8s), 500/500 VUs, 132631 complete and 0 interrupted iterations
default   [  38% ] 500/500 VUs  2m15.8s/6m00.0s

running (2m16.8s), 500/500 VUs, 133622 complete and 0 interrupted iterations
default   [  38% ] 500/500 VUs  2m16.8s/6m00.0s

running (2m17.8s), 500/500 VUs, 134601 complete and 0 interrupted iterations
default   [  38% ] 500/500 VUs  2m17.8s/6m00.0s

running (2m18.8s), 500/500 VUs, 135590 complete and 0 interrupted iterations
default   [  39% ] 500/500 VUs  2m18.8s/6m00.0s

running (2m19.8s), 500/500 VUs, 136576 complete and 0 interrupted iterations
default   [  39% ] 500/500 VUs  2m19.8s/6m00.0s

running (2m20.8s), 500/500 VUs, 137574 complete and 0 interrupted iterations
default   [  39% ] 500/500 VUs  2m20.8s/6m00.0s

running (2m21.8s), 500/500 VUs, 138560 complete and 0 interrupted iterations
default   [  39% ] 500/500 VUs  2m21.8s/6m00.0s

running (2m22.8s), 500/500 VUs, 139543 complete and 0 interrupted iterations
default   [  40% ] 500/500 VUs  2m22.8s/6m00.0s

running (2m23.8s), 500/500 VUs, 140538 complete and 0 interrupted iterations
default   [  40% ] 500/500 VUs  2m23.8s/6m00.0s

running (2m24.8s), 500/500 VUs, 141526 complete and 0 interrupted iterations
default   [  40% ] 500/500 VUs  2m24.8s/6m00.0s

running (2m25.8s), 500/500 VUs, 142512 complete and 0 interrupted iterations
default   [  40% ] 500/500 VUs  2m25.8s/6m00.0s

running (2m26.8s), 500/500 VUs, 143499 complete and 0 interrupted iterations
default   [  41% ] 500/500 VUs  2m26.8s/6m00.0s

running (2m27.8s), 500/500 VUs, 144491 complete and 0 interrupted iterations
default   [  41% ] 500/500 VUs  2m27.8s/6m00.0s

running (2m28.8s), 500/500 VUs, 145476 complete and 0 interrupted iterations
default   [  41% ] 500/500 VUs  2m28.8s/6m00.0s

running (2m29.8s), 500/500 VUs, 146469 complete and 0 interrupted iterations
default   [  42% ] 500/500 VUs  2m29.8s/6m00.0s

running (2m30.8s), 500/500 VUs, 147455 complete and 0 interrupted iterations
default   [  42% ] 500/500 VUs  2m30.8s/6m00.0s

running (2m31.8s), 500/500 VUs, 148440 complete and 0 interrupted iterations
default   [  42% ] 500/500 VUs  2m31.8s/6m00.0s

running (2m32.8s), 500/500 VUs, 149429 complete and 0 interrupted iterations
default   [  42% ] 500/500 VUs  2m32.8s/6m00.0s

running (2m33.8s), 500/500 VUs, 150426 complete and 0 interrupted iterations
default   [  43% ] 500/500 VUs  2m33.8s/6m00.0s

running (2m34.8s), 500/500 VUs, 151414 complete and 0 interrupted iterations
default   [  43% ] 500/500 VUs  2m34.8s/6m00.0s

running (2m35.8s), 500/500 VUs, 152399 complete and 0 interrupted iterations
default   [  43% ] 500/500 VUs  2m35.8s/6m00.0s

running (2m36.8s), 500/500 VUs, 153379 complete and 0 interrupted iterations
default   [  44% ] 500/500 VUs  2m36.8s/6m00.0s

running (2m37.8s), 500/500 VUs, 154379 complete and 0 interrupted iterations
default   [  44% ] 500/500 VUs  2m37.8s/6m00.0s

running (2m38.8s), 500/500 VUs, 155369 complete and 0 interrupted iterations
default   [  44% ] 500/500 VUs  2m38.8s/6m00.0s

running (2m39.8s), 500/500 VUs, 156351 complete and 0 interrupted iterations
default   [  44% ] 500/500 VUs  2m39.8s/6m00.0s

running (2m40.8s), 500/500 VUs, 157336 complete and 0 interrupted iterations
default   [  45% ] 500/500 VUs  2m40.8s/6m00.0s

running (2m41.8s), 500/500 VUs, 158329 complete and 0 interrupted iterations
default   [  45% ] 500/500 VUs  2m41.8s/6m00.0s

running (2m42.8s), 500/500 VUs, 159327 complete and 0 interrupted iterations
default   [  45% ] 500/500 VUs  2m42.8s/6m00.0s

running (2m43.8s), 500/500 VUs, 160307 complete and 0 interrupted iterations
default   [  45% ] 500/500 VUs  2m43.8s/6m00.0s

running (2m44.8s), 500/500 VUs, 161289 complete and 0 interrupted iterations
default   [  46% ] 500/500 VUs  2m44.8s/6m00.0s

running (2m45.8s), 500/500 VUs, 162282 complete and 0 interrupted iterations
default   [  46% ] 500/500 VUs  2m45.8s/6m00.0s

running (2m46.8s), 500/500 VUs, 163279 complete and 0 interrupted iterations
default   [  46% ] 500/500 VUs  2m46.8s/6m00.0s

running (2m47.8s), 500/500 VUs, 164256 complete and 0 interrupted iterations
default   [  47% ] 500/500 VUs  2m47.8s/6m00.0s

running (2m48.8s), 500/500 VUs, 165241 complete and 0 interrupted iterations
default   [  47% ] 500/500 VUs  2m48.8s/6m00.0s

running (2m49.8s), 500/500 VUs, 166238 complete and 0 interrupted iterations
default   [  47% ] 500/500 VUs  2m49.8s/6m00.0s

running (2m50.8s), 500/500 VUs, 167232 complete and 0 interrupted iterations
default   [  47% ] 500/500 VUs  2m50.8s/6m00.0s

running (2m51.8s), 500/500 VUs, 168213 complete and 0 interrupted iterations
default   [  48% ] 500/500 VUs  2m51.8s/6m00.0s

running (2m52.8s), 500/500 VUs, 169196 complete and 0 interrupted iterations
default   [  48% ] 500/500 VUs  2m52.8s/6m00.0s

running (2m53.8s), 500/500 VUs, 170191 complete and 0 interrupted iterations
default   [  48% ] 500/500 VUs  2m53.8s/6m00.0s

running (2m54.8s), 500/500 VUs, 171180 complete and 0 interrupted iterations
default   [  49% ] 500/500 VUs  2m54.8s/6m00.0s

running (2m55.8s), 500/500 VUs, 172167 complete and 0 interrupted iterations
default   [  49% ] 500/500 VUs  2m55.8s/6m00.0s

running (2m56.8s), 500/500 VUs, 173155 complete and 0 interrupted iterations
default   [  49% ] 500/500 VUs  2m56.8s/6m00.0s

running (2m57.8s), 500/500 VUs, 174141 complete and 0 interrupted iterations
default   [  49% ] 500/500 VUs  2m57.8s/6m00.0s

running (2m58.8s), 500/500 VUs, 175138 complete and 0 interrupted iterations
default   [  50% ] 500/500 VUs  2m58.8s/6m00.0s

running (2m59.8s), 500/500 VUs, 176126 complete and 0 interrupted iterations
default   [  50% ] 500/500 VUs  2m59.8s/6m00.0s

running (3m00.8s), 500/500 VUs, 177112 complete and 0 interrupted iterations
default   [  50% ] 500/500 VUs  3m00.8s/6m00.0s

running (3m01.8s), 500/500 VUs, 178091 complete and 0 interrupted iterations
default   [  50% ] 500/500 VUs  3m01.8s/6m00.0s

running (3m02.8s), 500/500 VUs, 179091 complete and 0 interrupted iterations
default   [  51% ] 500/500 VUs  3m02.8s/6m00.0s

running (3m03.8s), 500/500 VUs, 180080 complete and 0 interrupted iterations
default   [  51% ] 500/500 VUs  3m03.8s/6m00.0s

running (3m04.8s), 500/500 VUs, 181065 complete and 0 interrupted iterations
default   [  51% ] 500/500 VUs  3m04.8s/6m00.0s

running (3m05.8s), 500/500 VUs, 182041 complete and 0 interrupted iterations
default   [  52% ] 500/500 VUs  3m05.8s/6m00.0s

running (3m06.8s), 500/500 VUs, 183041 complete and 0 interrupted iterations
default   [  52% ] 500/500 VUs  3m06.8s/6m00.0s

running (3m07.8s), 500/500 VUs, 184031 complete and 0 interrupted iterations
default   [  52% ] 500/500 VUs  3m07.8s/6m00.0s

running (3m08.8s), 500/500 VUs, 184997 complete and 0 interrupted iterations
default   [  52% ] 500/500 VUs  3m08.8s/6m00.0s

running (3m09.8s), 500/500 VUs, 185991 complete and 0 interrupted iterations
default   [  53% ] 500/500 VUs  3m09.8s/6m00.0s

running (3m10.8s), 500/500 VUs, 186991 complete and 0 interrupted iterations
default   [  53% ] 500/500 VUs  3m10.8s/6m00.0s

running (3m11.8s), 500/500 VUs, 187988 complete and 0 interrupted iterations
default   [  53% ] 500/500 VUs  3m11.8s/6m00.0s

running (3m12.8s), 500/500 VUs, 188957 complete and 0 interrupted iterations
default   [  54% ] 500/500 VUs  3m12.8s/6m00.0s

running (3m13.8s), 500/500 VUs, 189941 complete and 0 interrupted iterations
default   [  54% ] 500/500 VUs  3m13.8s/6m00.0s

running (3m14.8s), 500/500 VUs, 190941 complete and 0 interrupted iterations
default   [  54% ] 500/500 VUs  3m14.8s/6m00.0s

running (3m15.8s), 500/500 VUs, 191932 complete and 0 interrupted iterations
default   [  54% ] 500/500 VUs  3m15.8s/6m00.0s

running (3m16.8s), 500/500 VUs, 192891 complete and 0 interrupted iterations
default   [  55% ] 500/500 VUs  3m16.8s/6m00.0s

running (3m17.8s), 500/500 VUs, 193891 complete and 0 interrupted iterations
default   [  55% ] 500/500 VUs  3m17.8s/6m00.0s

running (3m18.8s), 500/500 VUs, 194887 complete and 0 interrupted iterations
default   [  55% ] 500/500 VUs  3m18.8s/6m00.0s

running (3m19.8s), 500/500 VUs, 195841 complete and 0 interrupted iterations
default   [  55% ] 500/500 VUs  3m19.8s/6m00.0s

running (3m20.8s), 500/500 VUs, 196841 complete and 0 interrupted iterations
default   [  56% ] 500/500 VUs  3m20.8s/6m00.0s

running (3m21.8s), 500/500 VUs, 197841 complete and 0 interrupted iterations
default   [  56% ] 500/500 VUs  3m21.8s/6m00.0s

running (3m22.8s), 500/500 VUs, 198820 complete and 0 interrupted iterations
default   [  56% ] 500/500 VUs  3m22.8s/6m00.0s

running (3m23.8s), 500/500 VUs, 199791 complete and 0 interrupted iterations
default   [  57% ] 500/500 VUs  3m23.8s/6m00.0s

running (3m24.8s), 500/500 VUs, 200791 complete and 0 interrupted iterations
default   [  57% ] 500/500 VUs  3m24.8s/6m00.0s

running (3m25.8s), 500/500 VUs, 201771 complete and 0 interrupted iterations
default   [  57% ] 500/500 VUs  3m25.8s/6m00.0s

running (3m26.8s), 500/500 VUs, 202741 complete and 0 interrupted iterations
default   [  57% ] 500/500 VUs  3m26.8s/6m00.0s

running (3m27.8s), 500/500 VUs, 203741 complete and 0 interrupted iterations
default   [  58% ] 500/500 VUs  3m27.8s/6m00.0s

running (3m28.8s), 500/500 VUs, 204741 complete and 0 interrupted iterations
default   [  58% ] 500/500 VUs  3m28.8s/6m00.0s

running (3m29.8s), 500/500 VUs, 205699 complete and 0 interrupted iterations
default   [  58% ] 500/500 VUs  3m29.8s/6m00.0s

running (3m30.8s), 500/500 VUs, 206691 complete and 0 interrupted iterations
default   [  59% ] 500/500 VUs  3m30.8s/6m00.0s

running (3m31.8s), 500/500 VUs, 207691 complete and 0 interrupted iterations
default   [  59% ] 500/500 VUs  3m31.8s/6m00.0s

running (3m32.8s), 500/500 VUs, 208673 complete and 0 interrupted iterations
default   [  59% ] 500/500 VUs  3m32.8s/6m00.0s

running (3m33.8s), 500/500 VUs, 209652 complete and 0 interrupted iterations
default   [  59% ] 500/500 VUs  3m33.8s/6m00.0s

running (3m34.8s), 500/500 VUs, 210641 complete and 0 interrupted iterations
default   [  60% ] 500/500 VUs  3m34.8s/6m00.0s

running (3m35.8s), 500/500 VUs, 211641 complete and 0 interrupted iterations
default   [  60% ] 500/500 VUs  3m35.8s/6m00.0s

running (3m36.8s), 500/500 VUs, 212626 complete and 0 interrupted iterations
default   [  60% ] 500/500 VUs  3m36.8s/6m00.0s

running (3m37.8s), 500/500 VUs, 213607 complete and 0 interrupted iterations
default   [  60% ] 500/500 VUs  3m37.8s/6m00.0s

running (3m38.8s), 500/500 VUs, 214591 complete and 0 interrupted iterations
default   [  61% ] 500/500 VUs  3m38.8s/6m00.0s

running (3m39.8s), 500/500 VUs, 215591 complete and 0 interrupted iterations
default   [  61% ] 500/500 VUs  3m39.8s/6m00.0s

running (3m40.8s), 500/500 VUs, 216582 complete and 0 interrupted iterations
default   [  61% ] 500/500 VUs  3m40.8s/6m00.0s

running (3m41.8s), 500/500 VUs, 217559 complete and 0 interrupted iterations
default   [  62% ] 500/500 VUs  3m41.8s/6m00.0s

running (3m42.8s), 500/500 VUs, 218545 complete and 0 interrupted iterations
default   [  62% ] 500/500 VUs  3m42.8s/6m00.0s

running (3m43.8s), 500/500 VUs, 219541 complete and 0 interrupted iterations
default   [  62% ] 500/500 VUs  3m43.8s/6m00.0s

running (3m44.8s), 500/500 VUs, 220535 complete and 0 interrupted iterations
default   [  62% ] 500/500 VUs  3m44.8s/6m00.0s

running (3m45.8s), 500/500 VUs, 221512 complete and 0 interrupted iterations
default   [  63% ] 500/500 VUs  3m45.8s/6m00.0s

running (3m46.8s), 500/500 VUs, 222491 complete and 0 interrupted iterations
default   [  63% ] 500/500 VUs  3m46.8s/6m00.0s

running (3m47.8s), 500/500 VUs, 223491 complete and 0 interrupted iterations
default   [  63% ] 500/500 VUs  3m47.8s/6m00.0s

running (3m48.8s), 500/500 VUs, 224491 complete and 0 interrupted iterations
default   [  64% ] 500/500 VUs  3m48.8s/6m00.0s

running (3m49.8s), 500/500 VUs, 225470 complete and 0 interrupted iterations
default   [  64% ] 500/500 VUs  3m49.8s/6m00.0s

running (3m50.8s), 500/500 VUs, 226441 complete and 0 interrupted iterations
default   [  64% ] 500/500 VUs  3m50.8s/6m00.0s

running (3m51.8s), 500/500 VUs, 227441 complete and 0 interrupted iterations
default   [  64% ] 500/500 VUs  3m51.8s/6m00.0s

running (3m52.8s), 500/500 VUs, 228441 complete and 0 interrupted iterations
default   [  65% ] 500/500 VUs  3m52.8s/6m00.0s

running (3m53.8s), 500/500 VUs, 229430 complete and 0 interrupted iterations
default   [  65% ] 500/500 VUs  3m53.8s/6m00.0s

running (3m54.8s), 500/500 VUs, 230399 complete and 0 interrupted iterations
default   [  65% ] 500/500 VUs  3m54.8s/6m00.0s

running (3m55.8s), 500/500 VUs, 231391 complete and 0 interrupted iterations
default   [  65% ] 500/500 VUs  3m55.8s/6m00.0s

running (3m56.8s), 500/500 VUs, 232391 complete and 0 interrupted iterations
default   [  66% ] 500/500 VUs  3m56.8s/6m00.0s

running (3m57.8s), 500/500 VUs, 233376 complete and 0 interrupted iterations
default   [  66% ] 500/500 VUs  3m57.8s/6m00.0s

running (3m58.8s), 500/500 VUs, 234341 complete and 0 interrupted iterations
default   [  66% ] 500/500 VUs  3m58.8s/6m00.0s

running (3m59.8s), 500/500 VUs, 235341 complete and 0 interrupted iterations
default   [  67% ] 500/500 VUs  3m59.8s/6m00.0s

running (4m00.8s), 500/500 VUs, 236341 complete and 0 interrupted iterations
default   [  67% ] 500/500 VUs  4m00.8s/6m00.0s

running (4m01.8s), 500/500 VUs, 237296 complete and 0 interrupted iterations
default   [  67% ] 500/500 VUs  4m01.8s/6m00.0s

running (4m02.8s), 500/500 VUs, 238291 complete and 0 interrupted iterations
default   [  67% ] 500/500 VUs  4m02.8s/6m00.0s

running (4m03.8s), 500/500 VUs, 239291 complete and 0 interrupted iterations
default   [  68% ] 500/500 VUs  4m03.8s/6m00.0s

running (4m04.8s), 500/500 VUs, 240290 complete and 0 interrupted iterations
default   [  68% ] 500/500 VUs  4m04.8s/6m00.0s

running (4m05.8s), 500/500 VUs, 241248 complete and 0 interrupted iterations
default   [  68% ] 500/500 VUs  4m05.8s/6m00.0s

running (4m06.8s), 500/500 VUs, 242241 complete and 0 interrupted iterations
default   [  69% ] 500/500 VUs  4m06.8s/6m00.0s

running (4m07.8s), 500/500 VUs, 243241 complete and 0 interrupted iterations
default   [  69% ] 500/500 VUs  4m07.8s/6m00.0s

running (4m08.8s), 500/500 VUs, 244214 complete and 0 interrupted iterations
default   [  69% ] 500/500 VUs  4m08.8s/6m00.0s

running (4m09.8s), 500/500 VUs, 245191 complete and 0 interrupted iterations
default   [  69% ] 500/500 VUs  4m09.8s/6m00.0s

running (4m10.8s), 500/500 VUs, 246191 complete and 0 interrupted iterations
default   [  70% ] 500/500 VUs  4m10.8s/6m00.0s

running (4m11.8s), 500/500 VUs, 247191 complete and 0 interrupted iterations
default   [  70% ] 500/500 VUs  4m11.8s/6m00.0s

running (4m12.8s), 500/500 VUs, 248158 complete and 0 interrupted iterations
default   [  70% ] 500/500 VUs  4m12.8s/6m00.0s

running (4m13.8s), 500/500 VUs, 249141 complete and 0 interrupted iterations
default   [  70% ] 500/500 VUs  4m13.8s/6m00.0s

running (4m14.8s), 500/500 VUs, 250141 complete and 0 interrupted iterations
default   [  71% ] 500/500 VUs  4m14.8s/6m00.0s

running (4m15.8s), 500/500 VUs, 251141 complete and 0 interrupted iterations
default   [  71% ] 500/500 VUs  4m15.8s/6m00.0s

running (4m16.8s), 500/500 VUs, 252091 complete and 0 interrupted iterations
default   [  71% ] 500/500 VUs  4m16.8s/6m00.0s

running (4m17.8s), 500/500 VUs, 253091 complete and 0 interrupted iterations
default   [  72% ] 500/500 VUs  4m17.8s/6m00.0s

running (4m18.8s), 500/500 VUs, 254091 complete and 0 interrupted iterations
default   [  72% ] 500/500 VUs  4m18.8s/6m00.0s

running (4m19.8s), 500/500 VUs, 255041 complete and 0 interrupted iterations
default   [  72% ] 500/500 VUs  4m19.8s/6m00.0s

running (4m20.8s), 500/500 VUs, 256041 complete and 0 interrupted iterations
default   [  72% ] 500/500 VUs  4m20.8s/6m00.0s

running (4m21.8s), 500/500 VUs, 257041 complete and 0 interrupted iterations
default   [  73% ] 500/500 VUs  4m21.8s/6m00.0s

running (4m22.8s), 500/500 VUs, 257997 complete and 0 interrupted iterations
default   [  73% ] 500/500 VUs  4m22.8s/6m00.0s

running (4m23.8s), 500/500 VUs, 258991 complete and 0 interrupted iterations
default   [  73% ] 500/500 VUs  4m23.8s/6m00.0s

running (4m24.8s), 500/500 VUs, 259991 complete and 0 interrupted iterations
default   [  74% ] 500/500 VUs  4m24.8s/6m00.0s

running (4m25.8s), 500/500 VUs, 260973 complete and 0 interrupted iterations
default   [  74% ] 500/500 VUs  4m25.8s/6m00.0s

running (4m26.8s), 500/500 VUs, 261941 complete and 0 interrupted iterations
default   [  74% ] 500/500 VUs  4m26.8s/6m00.0s

running (4m27.8s), 500/500 VUs, 262941 complete and 0 interrupted iterations
default   [  74% ] 500/500 VUs  4m27.8s/6m00.0s

running (4m28.8s), 500/500 VUs, 263934 complete and 0 interrupted iterations
default   [  75% ] 500/500 VUs  4m28.8s/6m00.0s

running (4m29.8s), 500/500 VUs, 264911 complete and 0 interrupted iterations
default   [  75% ] 500/500 VUs  4m29.8s/6m00.0s

running (4m30.8s), 500/500 VUs, 265891 complete and 0 interrupted iterations
default   [  75% ] 500/500 VUs  4m30.8s/6m00.0s

running (4m31.8s), 500/500 VUs, 266891 complete and 0 interrupted iterations
default   [  75% ] 500/500 VUs  4m31.8s/6m00.0s

running (4m32.8s), 500/500 VUs, 267891 complete and 0 interrupted iterations
default   [  76% ] 500/500 VUs  4m32.8s/6m00.0s

running (4m33.8s), 500/500 VUs, 268854 complete and 0 interrupted iterations
default   [  76% ] 500/500 VUs  4m33.8s/6m00.0s

running (4m34.8s), 500/500 VUs, 269841 complete and 0 interrupted iterations
default   [  76% ] 500/500 VUs  4m34.8s/6m00.0s

running (4m35.8s), 500/500 VUs, 270841 complete and 0 interrupted iterations
default   [  77% ] 500/500 VUs  4m35.8s/6m00.0s

running (4m36.8s), 500/500 VUs, 271831 complete and 0 interrupted iterations
default   [  77% ] 500/500 VUs  4m36.8s/6m00.0s

running (4m37.8s), 500/500 VUs, 272791 complete and 0 interrupted iterations
default   [  77% ] 500/500 VUs  4m37.8s/6m00.0s

running (4m38.8s), 500/500 VUs, 273791 complete and 0 interrupted iterations
default   [  77% ] 500/500 VUs  4m38.8s/6m00.0s

running (4m39.8s), 500/500 VUs, 274791 complete and 0 interrupted iterations
default   [  78% ] 500/500 VUs  4m39.8s/6m00.0s

running (4m40.8s), 500/500 VUs, 275785 complete and 0 interrupted iterations
default   [  78% ] 500/500 VUs  4m40.8s/6m00.0s

running (4m41.8s), 500/500 VUs, 276745 complete and 0 interrupted iterations
default   [  78% ] 500/500 VUs  4m41.8s/6m00.0s

running (4m42.8s), 500/500 VUs, 277741 complete and 0 interrupted iterations
default   [  79% ] 500/500 VUs  4m42.8s/6m00.0s

running (4m43.8s), 500/500 VUs, 278741 complete and 0 interrupted iterations
default   [  79% ] 500/500 VUs  4m43.8s/6m00.0s

running (4m44.8s), 500/500 VUs, 279729 complete and 0 interrupted iterations
default   [  79% ] 500/500 VUs  4m44.8s/6m00.0s

running (4m45.8s), 500/500 VUs, 280701 complete and 0 interrupted iterations
default   [  79% ] 500/500 VUs  4m45.8s/6m00.0s

running (4m46.8s), 500/500 VUs, 281691 complete and 0 interrupted iterations
default   [  80% ] 500/500 VUs  4m46.8s/6m00.0s

running (4m47.8s), 500/500 VUs, 282691 complete and 0 interrupted iterations
default   [  80% ] 500/500 VUs  4m47.8s/6m00.0s

running (4m48.8s), 500/500 VUs, 283689 complete and 0 interrupted iterations
default   [  80% ] 500/500 VUs  4m48.8s/6m00.0s

running (4m49.8s), 500/500 VUs, 284660 complete and 0 interrupted iterations
default   [  80% ] 500/500 VUs  4m49.8s/6m00.0s

running (4m50.8s), 500/500 VUs, 285641 complete and 0 interrupted iterations
default   [  81% ] 500/500 VUs  4m50.8s/6m00.0s

running (4m51.8s), 500/500 VUs, 286641 complete and 0 interrupted iterations
default   [  81% ] 500/500 VUs  4m51.8s/6m00.0s

running (4m52.8s), 500/500 VUs, 287634 complete and 0 interrupted iterations
default   [  81% ] 500/500 VUs  4m52.8s/6m00.0s

running (4m53.8s), 500/500 VUs, 288621 complete and 0 interrupted iterations
default   [  82% ] 500/500 VUs  4m53.8s/6m00.0s

running (4m54.8s), 500/500 VUs, 289594 complete and 0 interrupted iterations
default   [  82% ] 500/500 VUs  4m54.8s/6m00.0s

running (4m55.8s), 500/500 VUs, 290591 complete and 0 interrupted iterations
default   [  82% ] 500/500 VUs  4m55.8s/6m00.0s

running (4m56.8s), 500/500 VUs, 291591 complete and 0 interrupted iterations
default   [  82% ] 500/500 VUs  4m56.8s/6m00.0s

running (4m57.8s), 500/500 VUs, 292566 complete and 0 interrupted iterations
default   [  83% ] 500/500 VUs  4m57.8s/6m00.0s

running (4m58.8s), 500/500 VUs, 293541 complete and 0 interrupted iterations
default   [  83% ] 500/500 VUs  4m58.8s/6m00.0s

running (4m59.8s), 500/500 VUs, 294541 complete and 0 interrupted iterations
default   [  83% ] 500/500 VUs  4m59.8s/6m00.0s

running (5m00.8s), 500/500 VUs, 295503 complete and 0 interrupted iterations
default   [  84% ] 500/500 VUs  5m00.8s/6m00.0s

running (5m01.8s), 500/500 VUs, 296491 complete and 0 interrupted iterations
default   [  84% ] 500/500 VUs  5m01.8s/6m00.0s

running (5m02.8s), 500/500 VUs, 297491 complete and 0 interrupted iterations
default   [  84% ] 500/500 VUs  5m02.8s/6m00.0s

running (5m03.8s), 500/500 VUs, 298491 complete and 0 interrupted iterations
default   [  84% ] 500/500 VUs  5m03.8s/6m00.0s

running (5m04.8s), 500/500 VUs, 299441 complete and 0 interrupted iterations
default   [  85% ] 500/500 VUs  5m04.8s/6m00.0s

running (5m05.8s), 500/500 VUs, 300441 complete and 0 interrupted iterations
default   [  85% ] 500/500 VUs  5m05.8s/6m00.0s

running (5m06.8s), 500/500 VUs, 301409 complete and 0 interrupted iterations
default   [  85% ] 500/500 VUs  5m06.8s/6m00.0s

running (5m07.8s), 500/500 VUs, 302391 complete and 0 interrupted iterations
default   [  85% ] 500/500 VUs  5m07.8s/6m00.0s

running (5m08.8s), 500/500 VUs, 303391 complete and 0 interrupted iterations
default   [  86% ] 500/500 VUs  5m08.8s/6m00.0s

running (5m09.8s), 500/500 VUs, 304375 complete and 0 interrupted iterations
default   [  86% ] 500/500 VUs  5m09.8s/6m00.0s

running (5m10.8s), 500/500 VUs, 305341 complete and 0 interrupted iterations
default   [  86% ] 500/500 VUs  5m10.8s/6m00.0s

running (5m11.8s), 500/500 VUs, 306341 complete and 0 interrupted iterations
default   [  87% ] 500/500 VUs  5m11.8s/6m00.0s

running (5m12.8s), 500/500 VUs, 307332 complete and 0 interrupted iterations
default   [  87% ] 500/500 VUs  5m12.8s/6m00.0s

running (5m13.8s), 500/500 VUs, 308305 complete and 0 interrupted iterations
default   [  87% ] 500/500 VUs  5m13.8s/6m00.0s

running (5m14.8s), 500/500 VUs, 309291 complete and 0 interrupted iterations
default   [  87% ] 500/500 VUs  5m14.8s/6m00.0s

running (5m15.8s), 500/500 VUs, 310291 complete and 0 interrupted iterations
default   [  88% ] 500/500 VUs  5m15.8s/6m00.0s

running (5m16.8s), 500/500 VUs, 311267 complete and 0 interrupted iterations
default   [  88% ] 500/500 VUs  5m16.8s/6m00.0s

running (5m17.8s), 500/500 VUs, 312241 complete and 0 interrupted iterations
default   [  88% ] 500/500 VUs  5m17.8s/6m00.0s

running (5m18.8s), 500/500 VUs, 313241 complete and 0 interrupted iterations
default   [  89% ] 500/500 VUs  5m18.8s/6m00.0s

running (5m19.8s), 500/500 VUs, 314201 complete and 0 interrupted iterations
default   [  89% ] 500/500 VUs  5m19.8s/6m00.0s

running (5m20.8s), 500/500 VUs, 315191 complete and 0 interrupted iterations
default   [  89% ] 500/500 VUs  5m20.8s/6m00.0s

running (5m21.8s), 500/500 VUs, 316191 complete and 0 interrupted iterations
default   [  89% ] 500/500 VUs  5m21.8s/6m00.0s

running (5m22.8s), 500/500 VUs, 317184 complete and 0 interrupted iterations
default   [  90% ] 500/500 VUs  5m22.8s/6m00.0s

running (5m23.8s), 500/500 VUs, 318141 complete and 0 interrupted iterations
default   [  90% ] 500/500 VUs  5m23.8s/6m00.0s

running (5m24.8s), 500/500 VUs, 319141 complete and 0 interrupted iterations
default   [  90% ] 500/500 VUs  5m24.8s/6m00.0s

running (5m25.8s), 500/500 VUs, 320141 complete and 0 interrupted iterations
default   [  90% ] 500/500 VUs  5m25.8s/6m00.0s

running (5m26.8s), 500/500 VUs, 321091 complete and 0 interrupted iterations
default   [  91% ] 500/500 VUs  5m26.8s/6m00.0s

running (5m27.8s), 500/500 VUs, 322091 complete and 0 interrupted iterations
default   [  91% ] 500/500 VUs  5m27.8s/6m00.0s

running (5m28.8s), 500/500 VUs, 323091 complete and 0 interrupted iterations
default   [  91% ] 500/500 VUs  5m28.8s/6m00.0s

running (5m29.8s), 500/500 VUs, 324083 complete and 0 interrupted iterations
default   [  92% ] 500/500 VUs  5m29.8s/6m00.0s

running (5m30.8s), 491/500 VUs, 325041 complete and 0 interrupted iterations
default   [  92% ] 491/500 VUs  5m30.8s/6m00.0s

running (5m31.8s), 474/500 VUs, 326041 complete and 0 interrupted iterations
default   [  92% ] 474/500 VUs  5m31.8s/6m00.0s

running (5m32.8s), 458/500 VUs, 327041 complete and 0 interrupted iterations
default   [  92% ] 458/500 VUs  5m32.8s/6m00.0s

running (5m33.8s), 441/500 VUs, 328021 complete and 0 interrupted iterations
default   [  93% ] 441/500 VUs  5m33.8s/6m00.0s

running (5m34.8s), 424/500 VUs, 328991 complete and 0 interrupted iterations
default   [  93% ] 424/500 VUs  5m34.8s/6m00.0s

running (5m35.8s), 407/500 VUs, 329991 complete and 0 interrupted iterations
default   [  93% ] 407/500 VUs  5m35.8s/6m00.0s

running (5m36.8s), 390/500 VUs, 330991 complete and 0 interrupted iterations
default   [  94% ] 390/500 VUs  5m36.8s/6m00.0s

running (5m37.8s), 373/500 VUs, 331962 complete and 0 interrupted iterations
default   [  94% ] 373/500 VUs  5m37.8s/6m00.0s

running (5m38.8s), 357/500 VUs, 332941 complete and 0 interrupted iterations
default   [  94% ] 357/500 VUs  5m38.8s/6m00.0s

running (5m39.8s), 340/500 VUs, 333941 complete and 0 interrupted iterations
default   [  94% ] 340/500 VUs  5m39.8s/6m00.0s

running (5m40.8s), 323/500 VUs, 334941 complete and 0 interrupted iterations
default   [  95% ] 323/500 VUs  5m40.8s/6m00.0s

running (5m41.8s), 307/500 VUs, 335916 complete and 0 interrupted iterations
default   [  95% ] 307/500 VUs  5m41.8s/6m00.0s

running (5m42.8s), 289/500 VUs, 336891 complete and 0 interrupted iterations
default   [  95% ] 289/500 VUs  5m42.8s/6m00.0s

running (5m43.8s), 274/500 VUs, 337891 complete and 0 interrupted iterations
default   [  95% ] 274/500 VUs  5m43.8s/6m00.0s

running (5m44.8s), 256/500 VUs, 338891 complete and 0 interrupted iterations
default   [  96% ] 256/500 VUs  5m44.8s/6m00.0s

running (5m45.8s), 240/500 VUs, 339844 complete and 0 interrupted iterations
default   [  96% ] 240/500 VUs  5m45.8s/6m00.0s

running (5m46.8s), 222/500 VUs, 340841 complete and 0 interrupted iterations
default   [  96% ] 222/500 VUs  5m46.8s/6m00.0s

running (5m47.8s), 205/500 VUs, 341841 complete and 0 interrupted iterations
default   [  97% ] 205/500 VUs  5m47.8s/6m00.0s

running (5m48.8s), 188/500 VUs, 342830 complete and 0 interrupted iterations
default   [  97% ] 188/500 VUs  5m48.8s/6m00.0s

running (5m49.8s), 172/500 VUs, 343799 complete and 0 interrupted iterations
default   [  97% ] 172/500 VUs  5m49.8s/6m00.0s

running (5m50.8s), 156/500 VUs, 344791 complete and 0 interrupted iterations
default   [  97% ] 156/500 VUs  5m50.8s/6m00.0s

running (5m51.8s), 138/500 VUs, 345791 complete and 0 interrupted iterations
default   [  98% ] 138/500 VUs  5m51.8s/6m00.0s

running (5m52.8s), 122/500 VUs, 346791 complete and 0 interrupted iterations
default   [  98% ] 122/500 VUs  5m52.8s/6m00.0s

running (5m53.8s), 106/500 VUs, 347756 complete and 0 interrupted iterations
default   [  98% ] 106/500 VUs  5m53.8s/6m00.0s

running (5m54.8s), 088/500 VUs, 348741 complete and 0 interrupted iterations
default   [  99% ] 088/500 VUs  5m54.8s/6m00.0s

running (5m55.8s), 072/500 VUs, 349741 complete and 0 interrupted iterations
default   [  99% ] 072/500 VUs  5m55.8s/6m00.0s

running (5m56.8s), 054/500 VUs, 350740 complete and 0 interrupted iterations
default   [  99% ] 054/500 VUs  5m56.8s/6m00.0s

running (5m57.8s), 038/500 VUs, 351612 complete and 0 interrupted iterations
default   [  99% ] 038/500 VUs  5m57.8s/6m00.0s

running (5m58.8s), 021/500 VUs, 352208 complete and 0 interrupted iterations
default   [ 100% ] 021/500 VUs  5m58.8s/6m00.0s

running (5m59.8s), 005/500 VUs, 352458 complete and 0 interrupted iterations
default   [ 100% ] 005/500 VUs  5m59.8s/6m00.0s


  █ THRESHOLDS 

    checks
    ✓ 'rate>0.95' rate=100.00%

    http_req_duration
    ✓ 'p(95)<5000' p(95)=509.73ms
    ✓ 'p(99)<10000' p(99)=514.43ms

    http_req_failed
    ✓ 'rate<0.05' rate=0.00%


  █ TOTAL RESULTS 

    checks_total.......: 1409892 3916.270414/s
    checks_succeeded...: 100.00% 1409892 out of 1409892
    checks_failed......: 0.00%   0 out of 1409892

    ✓ status is 200
    ✓ content-type is json
    ✓ workloadType is IO-BOUND
    ✓ executionTimeMs exists

    CUSTOM
    response_time_ms...............: min=50.736014 avg=468.190916 med=505.750452 max=533.627224 p(90)=508.158985 p(95)=509.739835 p(99)=514.435615
    successful_requests............: 352473 979.067604/s

    HTTP
    http_req_duration..............: min=50.73ms   avg=468.19ms   med=505.75ms   max=533.62ms   p(90)=508.15ms   p(95)=509.73ms   p(99)=514.43ms  
      { expected_response:true }...: min=50.73ms   avg=468.19ms   med=505.75ms   max=533.62ms   p(90)=508.15ms   p(95)=509.73ms   p(99)=514.43ms  
    http_req_failed................: 0.00%  0 out of 352473
    http_reqs......................: 352473 979.067604/s

    EXECUTION
    iteration_duration.............: min=50.89ms   avg=468.33ms   med=505.88ms   max=533.8ms    p(90)=508.3ms    p(95)=509.88ms   p(99)=514.59ms  
    iterations.....................: 352473 979.067604/s
    vus............................: 5      min=5           max=500
    vus_max........................: 500    min=500         max=500

    NETWORK
    data_received..................: 78 MB  216 kB/s
    data_sent......................: 28 MB  77 kB/s




running (6m00.0s), 000/500 VUs, 352473 complete and 0 interrupted iterations
default ✓ [ 100% ] 000/500 VUs  6m0s
