
         /\      Grafana   /‾‾/  
    /\  /  \     |\  __   /  /   
   /  \/    \    | |/ /  /   ‾‾\ 
  /          \   |   (  |  (‾)  |
 / __________ \  |_|\_\  \_____/ 


     execution: local
        script: io-bound-test.js
        output: -

     scenarios: (100.00%) 1 scenario, 150 max VUs, 4m30s max duration (incl. graceful stop):
              * default: Up to 150 looping VUs for 4m0s over 3 stages (gracefulRampDown: 30s, gracefulStop: 30s)


running (0m00.9s), 005/150 VUs, 49 complete and 0 interrupted iterations
default   [   0% ] 005/150 VUs  0m00.9s/4m00.0s

running (0m01.9s), 010/150 VUs, 193 complete and 0 interrupted iterations
default   [   1% ] 010/150 VUs  0m01.9s/4m00.0s

running (0m02.9s), 015/150 VUs, 433 complete and 0 interrupted iterations
default   [   1% ] 015/150 VUs  0m02.9s/4m00.0s

running (0m03.9s), 020/150 VUs, 771 complete and 0 interrupted iterations
default   [   2% ] 020/150 VUs  0m03.9s/4m00.0s

running (0m04.9s), 025/150 VUs, 1202 complete and 0 interrupted iterations
default   [   2% ] 025/150 VUs  0m04.9s/4m00.0s

running (0m05.9s), 030/150 VUs, 1730 complete and 0 interrupted iterations
default   [   2% ] 030/150 VUs  0m05.9s/4m00.0s

running (0m06.9s), 035/150 VUs, 2356 complete and 0 interrupted iterations
default   [   3% ] 035/150 VUs  0m06.9s/4m00.0s

running (0m07.9s), 040/150 VUs, 3075 complete and 0 interrupted iterations
default   [   3% ] 040/150 VUs  0m07.9s/4m00.0s

running (0m08.9s), 045/150 VUs, 3892 complete and 0 interrupted iterations
default   [   4% ] 045/150 VUs  0m08.9s/4m00.0s

running (0m09.9s), 050/150 VUs, 4807 complete and 0 interrupted iterations
default   [   4% ] 050/150 VUs  0m09.9s/4m00.0s

running (0m10.9s), 055/150 VUs, 5787 complete and 0 interrupted iterations
default   [   5% ] 055/150 VUs  0m10.9s/4m00.0s

running (0m11.9s), 060/150 VUs, 6787 complete and 0 interrupted iterations
default   [   5% ] 060/150 VUs  0m11.9s/4m00.0s

running (0m12.9s), 065/150 VUs, 7760 complete and 0 interrupted iterations
default   [   5% ] 065/150 VUs  0m12.9s/4m00.0s

running (0m13.9s), 070/150 VUs, 8737 complete and 0 interrupted iterations
default   [   6% ] 070/150 VUs  0m13.9s/4m00.0s

running (0m14.9s), 075/150 VUs, 9737 complete and 0 interrupted iterations
default   [   6% ] 075/150 VUs  0m14.9s/4m00.0s

running (0m15.9s), 080/150 VUs, 10688 complete and 0 interrupted iterations
default   [   7% ] 080/150 VUs  0m15.9s/4m00.0s

running (0m16.9s), 085/150 VUs, 11687 complete and 0 interrupted iterations
default   [   7% ] 085/150 VUs  0m16.9s/4m00.0s

running (0m17.9s), 090/150 VUs, 12670 complete and 0 interrupted iterations
default   [   7% ] 090/150 VUs  0m17.9s/4m00.0s

running (0m18.9s), 095/150 VUs, 13638 complete and 0 interrupted iterations
default   [   8% ] 095/150 VUs  0m18.9s/4m00.0s

running (0m19.9s), 099/150 VUs, 14637 complete and 0 interrupted iterations
default   [   8% ] 099/150 VUs  0m19.9s/4m00.0s

running (0m20.9s), 104/150 VUs, 15588 complete and 0 interrupted iterations
default   [   9% ] 104/150 VUs  0m20.9s/4m00.0s

running (0m21.9s), 109/150 VUs, 16587 complete and 0 interrupted iterations
default   [   9% ] 109/150 VUs  0m21.9s/4m00.0s

running (0m22.9s), 114/150 VUs, 17582 complete and 0 interrupted iterations
default   [  10% ] 114/150 VUs  0m22.9s/4m00.0s

running (0m23.9s), 119/150 VUs, 18538 complete and 0 interrupted iterations
default   [  10% ] 119/150 VUs  0m23.9s/4m00.0s

running (0m24.9s), 124/150 VUs, 19537 complete and 0 interrupted iterations
default   [  10% ] 124/150 VUs  0m24.9s/4m00.0s

running (0m25.9s), 129/150 VUs, 20498 complete and 0 interrupted iterations
default   [  11% ] 129/150 VUs  0m25.9s/4m00.0s

running (0m26.9s), 134/150 VUs, 21488 complete and 0 interrupted iterations
default   [  11% ] 134/150 VUs  0m26.9s/4m00.0s

running (0m27.9s), 139/150 VUs, 22487 complete and 0 interrupted iterations
default   [  12% ] 139/150 VUs  0m27.9s/4m00.0s

running (0m28.9s), 144/150 VUs, 23438 complete and 0 interrupted iterations
default   [  12% ] 144/150 VUs  0m28.9s/4m00.0s

running (0m29.9s), 149/150 VUs, 24438 complete and 0 interrupted iterations
default   [  12% ] 149/150 VUs  0m29.9s/4m00.0s

running (0m30.9s), 150/150 VUs, 25397 complete and 0 interrupted iterations
default   [  13% ] 150/150 VUs  0m30.9s/4m00.0s

running (0m31.9s), 150/150 VUs, 26388 complete and 0 interrupted iterations
default   [  13% ] 150/150 VUs  0m31.9s/4m00.0s

running (0m32.9s), 150/150 VUs, 27388 complete and 0 interrupted iterations
default   [  14% ] 150/150 VUs  0m32.9s/4m00.0s

running (0m33.9s), 150/150 VUs, 28338 complete and 0 interrupted iterations
default   [  14% ] 150/150 VUs  0m33.9s/4m00.0s

running (0m34.9s), 150/150 VUs, 29338 complete and 0 interrupted iterations
default   [  15% ] 150/150 VUs  0m34.9s/4m00.0s

running (0m35.9s), 150/150 VUs, 30311 complete and 0 interrupted iterations
default   [  15% ] 150/150 VUs  0m35.9s/4m00.0s

running (0m36.9s), 150/150 VUs, 31288 complete and 0 interrupted iterations
default   [  15% ] 150/150 VUs  0m36.9s/4m00.0s

running (0m37.9s), 150/150 VUs, 32288 complete and 0 interrupted iterations
default   [  16% ] 150/150 VUs  0m37.9s/4m00.0s

running (0m38.9s), 150/150 VUs, 33238 complete and 0 interrupted iterations
default   [  16% ] 150/150 VUs  0m38.9s/4m00.0s

running (0m39.9s), 150/150 VUs, 34238 complete and 0 interrupted iterations
default   [  17% ] 150/150 VUs  0m39.9s/4m00.0s

running (0m40.9s), 150/150 VUs, 35202 complete and 0 interrupted iterations
default   [  17% ] 150/150 VUs  0m40.9s/4m00.0s

running (0m41.9s), 150/150 VUs, 36188 complete and 0 interrupted iterations
default   [  17% ] 150/150 VUs  0m41.9s/4m00.0s

running (0m42.9s), 150/150 VUs, 37188 complete and 0 interrupted iterations
default   [  18% ] 150/150 VUs  0m42.9s/4m00.0s

running (0m43.9s), 150/150 VUs, 38138 complete and 0 interrupted iterations
default   [  18% ] 150/150 VUs  0m43.9s/4m00.0s

running (0m44.9s), 150/150 VUs, 39138 complete and 0 interrupted iterations
default   [  19% ] 150/150 VUs  0m44.9s/4m00.0s

running (0m45.9s), 150/150 VUs, 40094 complete and 0 interrupted iterations
default   [  19% ] 150/150 VUs  0m45.9s/4m00.0s

running (0m46.9s), 150/150 VUs, 41088 complete and 0 interrupted iterations
default   [  20% ] 150/150 VUs  0m46.9s/4m00.0s

running (0m47.9s), 150/150 VUs, 42083 complete and 0 interrupted iterations
default   [  20% ] 150/150 VUs  0m47.9s/4m00.0s

running (0m48.9s), 150/150 VUs, 43038 complete and 0 interrupted iterations
default   [  20% ] 150/150 VUs  0m48.9s/4m00.0s

running (0m49.9s), 150/150 VUs, 44038 complete and 0 interrupted iterations
default   [  21% ] 150/150 VUs  0m49.9s/4m00.0s

running (0m50.9s), 150/150 VUs, 44988 complete and 0 interrupted iterations
default   [  21% ] 150/150 VUs  0m50.9s/4m00.0s

running (0m51.9s), 150/150 VUs, 45988 complete and 0 interrupted iterations
default   [  22% ] 150/150 VUs  0m51.9s/4m00.0s

running (0m52.9s), 150/150 VUs, 46966 complete and 0 interrupted iterations
default   [  22% ] 150/150 VUs  0m52.9s/4m00.0s

running (0m53.9s), 150/150 VUs, 47938 complete and 0 interrupted iterations
default   [  22% ] 150/150 VUs  0m53.9s/4m00.0s

running (0m54.9s), 150/150 VUs, 48938 complete and 0 interrupted iterations
default   [  23% ] 150/150 VUs  0m54.9s/4m00.0s

running (0m55.9s), 150/150 VUs, 49888 complete and 0 interrupted iterations
default   [  23% ] 150/150 VUs  0m55.9s/4m00.0s

running (0m56.9s), 150/150 VUs, 50888 complete and 0 interrupted iterations
default   [  24% ] 150/150 VUs  0m56.9s/4m00.0s

running (0m57.9s), 150/150 VUs, 51852 complete and 0 interrupted iterations
default   [  24% ] 150/150 VUs  0m57.9s/4m00.0s

running (0m58.9s), 150/150 VUs, 52838 complete and 0 interrupted iterations
default   [  25% ] 150/150 VUs  0m58.9s/4m00.0s

running (0m59.9s), 150/150 VUs, 53838 complete and 0 interrupted iterations
default   [  25% ] 150/150 VUs  0m59.9s/4m00.0s

running (1m00.9s), 150/150 VUs, 54788 complete and 0 interrupted iterations
default   [  25% ] 150/150 VUs  1m00.9s/4m00.0s

running (1m01.9s), 150/150 VUs, 55788 complete and 0 interrupted iterations
default   [  26% ] 150/150 VUs  1m01.9s/4m00.0s

running (1m02.9s), 150/150 VUs, 56745 complete and 0 interrupted iterations
default   [  26% ] 150/150 VUs  1m02.9s/4m00.0s

running (1m03.9s), 150/150 VUs, 57738 complete and 0 interrupted iterations
default   [  27% ] 150/150 VUs  1m03.9s/4m00.0s

running (1m04.9s), 150/150 VUs, 58738 complete and 0 interrupted iterations
default   [  27% ] 150/150 VUs  1m04.9s/4m00.0s

running (1m05.9s), 150/150 VUs, 59688 complete and 0 interrupted iterations
default   [  27% ] 150/150 VUs  1m05.9s/4m00.0s

running (1m06.9s), 150/150 VUs, 60688 complete and 0 interrupted iterations
default   [  28% ] 150/150 VUs  1m06.9s/4m00.0s

running (1m07.9s), 150/150 VUs, 61638 complete and 0 interrupted iterations
default   [  28% ] 150/150 VUs  1m07.9s/4m00.0s

running (1m08.9s), 150/150 VUs, 62638 complete and 0 interrupted iterations
default   [  29% ] 150/150 VUs  1m08.9s/4m00.0s

running (1m09.9s), 150/150 VUs, 63623 complete and 0 interrupted iterations
default   [  29% ] 150/150 VUs  1m09.9s/4m00.0s

running (1m10.9s), 150/150 VUs, 64588 complete and 0 interrupted iterations
default   [  30% ] 150/150 VUs  1m10.9s/4m00.0s

running (1m11.9s), 150/150 VUs, 65588 complete and 0 interrupted iterations
default   [  30% ] 150/150 VUs  1m11.9s/4m00.0s

running (1m12.9s), 150/150 VUs, 66538 complete and 0 interrupted iterations
default   [  30% ] 150/150 VUs  1m12.9s/4m00.0s

running (1m13.9s), 150/150 VUs, 67538 complete and 0 interrupted iterations
default   [  31% ] 150/150 VUs  1m13.9s/4m00.0s

running (1m14.9s), 150/150 VUs, 68503 complete and 0 interrupted iterations
default   [  31% ] 150/150 VUs  1m14.9s/4m00.0s

running (1m15.9s), 150/150 VUs, 69488 complete and 0 interrupted iterations
default   [  32% ] 150/150 VUs  1m15.9s/4m00.0s

running (1m16.9s), 150/150 VUs, 70488 complete and 0 interrupted iterations
default   [  32% ] 150/150 VUs  1m16.9s/4m00.0s

running (1m17.9s), 150/150 VUs, 71438 complete and 0 interrupted iterations
default   [  32% ] 150/150 VUs  1m17.9s/4m00.0s

running (1m18.9s), 150/150 VUs, 72438 complete and 0 interrupted iterations
default   [  33% ] 150/150 VUs  1m18.9s/4m00.0s

running (1m19.9s), 150/150 VUs, 73388 complete and 0 interrupted iterations
default   [  33% ] 150/150 VUs  1m19.9s/4m00.0s

running (1m20.9s), 150/150 VUs, 74388 complete and 0 interrupted iterations
default   [  34% ] 150/150 VUs  1m20.9s/4m00.0s

running (1m21.9s), 150/150 VUs, 75369 complete and 0 interrupted iterations
default   [  34% ] 150/150 VUs  1m21.9s/4m00.0s

running (1m22.9s), 150/150 VUs, 76338 complete and 0 interrupted iterations
default   [  35% ] 150/150 VUs  1m22.9s/4m00.0s

running (1m23.9s), 150/150 VUs, 77338 complete and 0 interrupted iterations
default   [  35% ] 150/150 VUs  1m23.9s/4m00.0s

running (1m24.9s), 150/150 VUs, 78288 complete and 0 interrupted iterations
default   [  35% ] 150/150 VUs  1m24.9s/4m00.0s

running (1m25.9s), 150/150 VUs, 79288 complete and 0 interrupted iterations
default   [  36% ] 150/150 VUs  1m25.9s/4m00.0s

running (1m26.9s), 150/150 VUs, 80245 complete and 0 interrupted iterations
default   [  36% ] 150/150 VUs  1m26.9s/4m00.0s

running (1m27.9s), 150/150 VUs, 81238 complete and 0 interrupted iterations
default   [  37% ] 150/150 VUs  1m27.9s/4m00.0s

running (1m28.9s), 150/150 VUs, 82233 complete and 0 interrupted iterations
default   [  37% ] 150/150 VUs  1m28.9s/4m00.0s

running (1m29.9s), 150/150 VUs, 83188 complete and 0 interrupted iterations
default   [  37% ] 150/150 VUs  1m29.9s/4m00.0s

running (1m30.9s), 150/150 VUs, 84188 complete and 0 interrupted iterations
default   [  38% ] 150/150 VUs  1m30.9s/4m00.0s

running (1m31.9s), 150/150 VUs, 85138 complete and 0 interrupted iterations
default   [  38% ] 150/150 VUs  1m31.9s/4m00.0s

running (1m32.9s), 150/150 VUs, 86138 complete and 0 interrupted iterations
default   [  39% ] 150/150 VUs  1m32.9s/4m00.0s

running (1m33.9s), 150/150 VUs, 87111 complete and 0 interrupted iterations
default   [  39% ] 150/150 VUs  1m33.9s/4m00.0s

running (1m34.9s), 150/150 VUs, 88088 complete and 0 interrupted iterations
default   [  40% ] 150/150 VUs  1m34.9s/4m00.0s

running (1m35.9s), 150/150 VUs, 89088 complete and 0 interrupted iterations
default   [  40% ] 150/150 VUs  1m35.9s/4m00.0s

running (1m36.9s), 150/150 VUs, 90038 complete and 0 interrupted iterations
default   [  40% ] 150/150 VUs  1m36.9s/4m00.0s

running (1m37.9s), 150/150 VUs, 91038 complete and 0 interrupted iterations
default   [  41% ] 150/150 VUs  1m37.9s/4m00.0s

running (1m38.9s), 150/150 VUs, 91992 complete and 0 interrupted iterations
default   [  41% ] 150/150 VUs  1m38.9s/4m00.0s

running (1m39.9s), 150/150 VUs, 92988 complete and 0 interrupted iterations
default   [  42% ] 150/150 VUs  1m39.9s/4m00.0s

running (1m40.9s), 150/150 VUs, 93988 complete and 0 interrupted iterations
default   [  42% ] 150/150 VUs  1m40.9s/4m00.0s

running (1m41.9s), 150/150 VUs, 94938 complete and 0 interrupted iterations
default   [  42% ] 150/150 VUs  1m41.9s/4m00.0s

running (1m42.9s), 150/150 VUs, 95938 complete and 0 interrupted iterations
default   [  43% ] 150/150 VUs  1m42.9s/4m00.0s

running (1m43.9s), 150/150 VUs, 96888 complete and 0 interrupted iterations
default   [  43% ] 150/150 VUs  1m43.9s/4m00.0s

running (1m44.9s), 150/150 VUs, 97888 complete and 0 interrupted iterations
default   [  44% ] 150/150 VUs  1m44.9s/4m00.0s

running (1m45.9s), 150/150 VUs, 98866 complete and 0 interrupted iterations
default   [  44% ] 150/150 VUs  1m45.9s/4m00.0s

running (1m46.9s), 150/150 VUs, 99838 complete and 0 interrupted iterations
default   [  45% ] 150/150 VUs  1m46.9s/4m00.0s

running (1m47.9s), 150/150 VUs, 100838 complete and 0 interrupted iterations
default   [  45% ] 150/150 VUs  1m47.9s/4m00.0s

running (1m48.9s), 150/150 VUs, 101788 complete and 0 interrupted iterations
default   [  45% ] 150/150 VUs  1m48.9s/4m00.0s

running (1m49.9s), 150/150 VUs, 102788 complete and 0 interrupted iterations
default   [  46% ] 150/150 VUs  1m49.9s/4m00.0s

running (1m50.9s), 150/150 VUs, 103749 complete and 0 interrupted iterations
default   [  46% ] 150/150 VUs  1m50.9s/4m00.0s

running (1m51.9s), 150/150 VUs, 104738 complete and 0 interrupted iterations
default   [  47% ] 150/150 VUs  1m51.9s/4m00.0s

running (1m52.9s), 150/150 VUs, 105738 complete and 0 interrupted iterations
default   [  47% ] 150/150 VUs  1m52.9s/4m00.0s

running (1m53.9s), 150/150 VUs, 106688 complete and 0 interrupted iterations
default   [  47% ] 150/150 VUs  1m53.9s/4m00.0s

running (1m54.9s), 150/150 VUs, 107688 complete and 0 interrupted iterations
default   [  48% ] 150/150 VUs  1m54.9s/4m00.0s

running (1m55.9s), 150/150 VUs, 108649 complete and 0 interrupted iterations
default   [  48% ] 150/150 VUs  1m55.9s/4m00.0s

running (1m56.9s), 150/150 VUs, 109638 complete and 0 interrupted iterations
default   [  49% ] 150/150 VUs  1m56.9s/4m00.0s

running (1m57.9s), 150/150 VUs, 110638 complete and 0 interrupted iterations
default   [  49% ] 150/150 VUs  1m57.9s/4m00.0s

running (1m58.9s), 150/150 VUs, 111588 complete and 0 interrupted iterations
default   [  50% ] 150/150 VUs  1m58.9s/4m00.0s

running (1m59.9s), 150/150 VUs, 112588 complete and 0 interrupted iterations
default   [  50% ] 150/150 VUs  1m59.9s/4m00.0s

running (2m00.9s), 150/150 VUs, 113543 complete and 0 interrupted iterations
default   [  50% ] 150/150 VUs  2m00.9s/4m00.0s

running (2m01.9s), 150/150 VUs, 114538 complete and 0 interrupted iterations
default   [  51% ] 150/150 VUs  2m01.9s/4m00.0s

running (2m02.9s), 150/150 VUs, 115537 complete and 0 interrupted iterations
default   [  51% ] 150/150 VUs  2m02.9s/4m00.0s

running (2m03.9s), 150/150 VUs, 116488 complete and 0 interrupted iterations
default   [  52% ] 150/150 VUs  2m03.9s/4m00.0s

running (2m04.9s), 150/150 VUs, 117488 complete and 0 interrupted iterations
default   [  52% ] 150/150 VUs  2m04.9s/4m00.0s

running (2m05.9s), 150/150 VUs, 118438 complete and 0 interrupted iterations
default   [  52% ] 150/150 VUs  2m05.9s/4m00.0s

running (2m06.9s), 150/150 VUs, 119438 complete and 0 interrupted iterations
default   [  53% ] 150/150 VUs  2m06.9s/4m00.0s

running (2m07.9s), 150/150 VUs, 120418 complete and 0 interrupted iterations
default   [  53% ] 150/150 VUs  2m07.9s/4m00.0s

running (2m08.9s), 150/150 VUs, 121388 complete and 0 interrupted iterations
default   [  54% ] 150/150 VUs  2m08.9s/4m00.0s

running (2m09.9s), 150/150 VUs, 122388 complete and 0 interrupted iterations
default   [  54% ] 150/150 VUs  2m09.9s/4m00.0s

running (2m10.9s), 150/150 VUs, 123338 complete and 0 interrupted iterations
default   [  55% ] 150/150 VUs  2m10.9s/4m00.0s

running (2m11.9s), 150/150 VUs, 124338 complete and 0 interrupted iterations
default   [  55% ] 150/150 VUs  2m11.9s/4m00.0s

running (2m12.9s), 150/150 VUs, 125304 complete and 0 interrupted iterations
default   [  55% ] 150/150 VUs  2m12.9s/4m00.0s

running (2m13.9s), 150/150 VUs, 126288 complete and 0 interrupted iterations
default   [  56% ] 150/150 VUs  2m13.9s/4m00.0s

running (2m14.9s), 150/150 VUs, 127288 complete and 0 interrupted iterations
default   [  56% ] 150/150 VUs  2m14.9s/4m00.0s

running (2m15.9s), 150/150 VUs, 128238 complete and 0 interrupted iterations
default   [  57% ] 150/150 VUs  2m15.9s/4m00.0s

running (2m16.9s), 150/150 VUs, 129238 complete and 0 interrupted iterations
default   [  57% ] 150/150 VUs  2m16.9s/4m00.0s

running (2m17.9s), 150/150 VUs, 130196 complete and 0 interrupted iterations
default   [  57% ] 150/150 VUs  2m17.9s/4m00.0s

running (2m18.9s), 150/150 VUs, 131188 complete and 0 interrupted iterations
default   [  58% ] 150/150 VUs  2m18.9s/4m00.0s

running (2m19.9s), 150/150 VUs, 132188 complete and 0 interrupted iterations
default   [  58% ] 150/150 VUs  2m19.9s/4m00.0s

running (2m20.9s), 150/150 VUs, 133138 complete and 0 interrupted iterations
default   [  59% ] 150/150 VUs  2m20.9s/4m00.0s

running (2m21.9s), 150/150 VUs, 134138 complete and 0 interrupted iterations
default   [  59% ] 150/150 VUs  2m21.9s/4m00.0s

running (2m22.9s), 150/150 VUs, 135088 complete and 0 interrupted iterations
default   [  60% ] 150/150 VUs  2m22.9s/4m00.0s

running (2m23.9s), 150/150 VUs, 136088 complete and 0 interrupted iterations
default   [  60% ] 150/150 VUs  2m23.9s/4m00.0s

running (2m24.9s), 150/150 VUs, 137076 complete and 0 interrupted iterations
default   [  60% ] 150/150 VUs  2m24.9s/4m00.0s

running (2m25.9s), 150/150 VUs, 138038 complete and 0 interrupted iterations
default   [  61% ] 150/150 VUs  2m25.9s/4m00.0s

running (2m26.9s), 150/150 VUs, 139038 complete and 0 interrupted iterations
default   [  61% ] 150/150 VUs  2m26.9s/4m00.0s

running (2m27.9s), 150/150 VUs, 139988 complete and 0 interrupted iterations
default   [  62% ] 150/150 VUs  2m27.9s/4m00.0s

running (2m28.9s), 150/150 VUs, 140988 complete and 0 interrupted iterations
default   [  62% ] 150/150 VUs  2m28.9s/4m00.0s

running (2m29.9s), 150/150 VUs, 141955 complete and 0 interrupted iterations
default   [  62% ] 150/150 VUs  2m29.9s/4m00.0s

running (2m30.9s), 150/150 VUs, 142938 complete and 0 interrupted iterations
default   [  63% ] 150/150 VUs  2m30.9s/4m00.0s

running (2m31.9s), 150/150 VUs, 143938 complete and 0 interrupted iterations
default   [  63% ] 150/150 VUs  2m31.9s/4m00.0s

running (2m32.9s), 150/150 VUs, 144888 complete and 0 interrupted iterations
default   [  64% ] 150/150 VUs  2m32.9s/4m00.0s

running (2m33.9s), 150/150 VUs, 145888 complete and 0 interrupted iterations
default   [  64% ] 150/150 VUs  2m33.9s/4m00.0s

running (2m34.9s), 150/150 VUs, 146841 complete and 0 interrupted iterations
default   [  65% ] 150/150 VUs  2m34.9s/4m00.0s

running (2m35.9s), 150/150 VUs, 147838 complete and 0 interrupted iterations
default   [  65% ] 150/150 VUs  2m35.9s/4m00.0s

running (2m36.9s), 150/150 VUs, 148838 complete and 0 interrupted iterations
default   [  65% ] 150/150 VUs  2m36.9s/4m00.0s

running (2m37.9s), 150/150 VUs, 149788 complete and 0 interrupted iterations
default   [  66% ] 150/150 VUs  2m37.9s/4m00.0s

running (2m38.9s), 150/150 VUs, 150788 complete and 0 interrupted iterations
default   [  66% ] 150/150 VUs  2m38.9s/4m00.0s

running (2m39.9s), 150/150 VUs, 151738 complete and 0 interrupted iterations
default   [  67% ] 150/150 VUs  2m39.9s/4m00.0s

running (2m40.9s), 150/150 VUs, 152738 complete and 0 interrupted iterations
default   [  67% ] 150/150 VUs  2m40.9s/4m00.0s

running (2m41.9s), 150/150 VUs, 153732 complete and 0 interrupted iterations
default   [  67% ] 150/150 VUs  2m41.9s/4m00.0s

running (2m42.9s), 150/150 VUs, 154688 complete and 0 interrupted iterations
default   [  68% ] 150/150 VUs  2m42.9s/4m00.0s

running (2m43.9s), 150/150 VUs, 155688 complete and 0 interrupted iterations
default   [  68% ] 150/150 VUs  2m43.9s/4m00.0s

running (2m44.9s), 150/150 VUs, 156638 complete and 0 interrupted iterations
default   [  69% ] 150/150 VUs  2m44.9s/4m00.0s

running (2m45.9s), 150/150 VUs, 157638 complete and 0 interrupted iterations
default   [  69% ] 150/150 VUs  2m45.9s/4m00.0s

running (2m46.9s), 150/150 VUs, 158621 complete and 0 interrupted iterations
default   [  70% ] 150/150 VUs  2m46.9s/4m00.0s

running (2m47.9s), 150/150 VUs, 159588 complete and 0 interrupted iterations
default   [  70% ] 150/150 VUs  2m47.9s/4m00.0s

running (2m48.9s), 150/150 VUs, 160588 complete and 0 interrupted iterations
default   [  70% ] 150/150 VUs  2m48.9s/4m00.0s

running (2m49.9s), 150/150 VUs, 161538 complete and 0 interrupted iterations
default   [  71% ] 150/150 VUs  2m49.9s/4m00.0s

running (2m50.9s), 150/150 VUs, 162538 complete and 0 interrupted iterations
default   [  71% ] 150/150 VUs  2m50.9s/4m00.0s

running (2m51.9s), 150/150 VUs, 163506 complete and 0 interrupted iterations
default   [  72% ] 150/150 VUs  2m51.9s/4m00.0s

running (2m52.9s), 150/150 VUs, 164488 complete and 0 interrupted iterations
default   [  72% ] 150/150 VUs  2m52.9s/4m00.0s

running (2m53.9s), 150/150 VUs, 165488 complete and 0 interrupted iterations
default   [  72% ] 150/150 VUs  2m53.9s/4m00.0s

running (2m54.9s), 150/150 VUs, 166438 complete and 0 interrupted iterations
default   [  73% ] 150/150 VUs  2m54.9s/4m00.0s

running (2m55.9s), 150/150 VUs, 167438 complete and 0 interrupted iterations
default   [  73% ] 150/150 VUs  2m55.9s/4m00.0s

running (2m56.9s), 150/150 VUs, 168400 complete and 0 interrupted iterations
default   [  74% ] 150/150 VUs  2m56.9s/4m00.0s

running (2m57.9s), 150/150 VUs, 169388 complete and 0 interrupted iterations
default   [  74% ] 150/150 VUs  2m57.9s/4m00.0s

running (2m58.9s), 150/150 VUs, 170388 complete and 0 interrupted iterations
default   [  75% ] 150/150 VUs  2m58.9s/4m00.0s

running (2m59.9s), 150/150 VUs, 171338 complete and 0 interrupted iterations
default   [  75% ] 150/150 VUs  2m59.9s/4m00.0s

running (3m00.9s), 150/150 VUs, 172338 complete and 0 interrupted iterations
default   [  75% ] 150/150 VUs  3m00.9s/4m00.0s

running (3m01.9s), 150/150 VUs, 173288 complete and 0 interrupted iterations
default   [  76% ] 150/150 VUs  3m01.9s/4m00.0s

running (3m02.9s), 150/150 VUs, 174288 complete and 0 interrupted iterations
default   [  76% ] 150/150 VUs  3m02.9s/4m00.0s

running (3m03.9s), 150/150 VUs, 175276 complete and 0 interrupted iterations
default   [  77% ] 150/150 VUs  3m03.9s/4m00.0s

running (3m04.9s), 150/150 VUs, 176238 complete and 0 interrupted iterations
default   [  77% ] 150/150 VUs  3m04.9s/4m00.0s

running (3m05.9s), 150/150 VUs, 177238 complete and 0 interrupted iterations
default   [  77% ] 150/150 VUs  3m05.9s/4m00.0s

running (3m06.9s), 150/150 VUs, 178188 complete and 0 interrupted iterations
default   [  78% ] 150/150 VUs  3m06.9s/4m00.0s

running (3m07.9s), 150/150 VUs, 179188 complete and 0 interrupted iterations
default   [  78% ] 150/150 VUs  3m07.9s/4m00.0s

running (3m08.9s), 150/150 VUs, 180163 complete and 0 interrupted iterations
default   [  79% ] 150/150 VUs  3m08.9s/4m00.0s

running (3m09.9s), 150/150 VUs, 181138 complete and 0 interrupted iterations
default   [  79% ] 150/150 VUs  3m09.9s/4m00.0s

running (3m10.9s), 150/150 VUs, 182138 complete and 0 interrupted iterations
default   [  80% ] 150/150 VUs  3m10.9s/4m00.0s

running (3m11.9s), 150/150 VUs, 183088 complete and 0 interrupted iterations
default   [  80% ] 150/150 VUs  3m11.9s/4m00.0s

running (3m12.9s), 150/150 VUs, 184088 complete and 0 interrupted iterations
default   [  80% ] 150/150 VUs  3m12.9s/4m00.0s

running (3m13.9s), 150/150 VUs, 185088 complete and 0 interrupted iterations
default   [  81% ] 150/150 VUs  3m13.9s/4m00.0s

running (3m14.9s), 150/150 VUs, 186038 complete and 0 interrupted iterations
default   [  81% ] 150/150 VUs  3m14.9s/4m00.0s

running (3m15.9s), 150/150 VUs, 187038 complete and 0 interrupted iterations
default   [  82% ] 150/150 VUs  3m15.9s/4m00.0s

running (3m16.9s), 150/150 VUs, 187988 complete and 0 interrupted iterations
default   [  82% ] 150/150 VUs  3m16.9s/4m00.0s

running (3m17.9s), 150/150 VUs, 188988 complete and 0 interrupted iterations
default   [  82% ] 150/150 VUs  3m17.9s/4m00.0s

running (3m18.9s), 150/150 VUs, 189940 complete and 0 interrupted iterations
default   [  83% ] 150/150 VUs  3m18.9s/4m00.0s

running (3m19.9s), 150/150 VUs, 190938 complete and 0 interrupted iterations
default   [  83% ] 150/150 VUs  3m19.9s/4m00.0s

running (3m20.9s), 150/150 VUs, 191938 complete and 0 interrupted iterations
default   [  84% ] 150/150 VUs  3m20.9s/4m00.0s

running (3m21.9s), 150/150 VUs, 192888 complete and 0 interrupted iterations
default   [  84% ] 150/150 VUs  3m21.9s/4m00.0s

running (3m22.9s), 150/150 VUs, 193888 complete and 0 interrupted iterations
default   [  85% ] 150/150 VUs  3m22.9s/4m00.0s

running (3m23.9s), 150/150 VUs, 194838 complete and 0 interrupted iterations
default   [  85% ] 150/150 VUs  3m23.9s/4m00.0s

running (3m24.9s), 150/150 VUs, 195838 complete and 0 interrupted iterations
default   [  85% ] 150/150 VUs  3m24.9s/4m00.0s

running (3m25.9s), 150/150 VUs, 196829 complete and 0 interrupted iterations
default   [  86% ] 150/150 VUs  3m25.9s/4m00.0s

running (3m26.9s), 150/150 VUs, 197788 complete and 0 interrupted iterations
default   [  86% ] 150/150 VUs  3m26.9s/4m00.0s

running (3m27.9s), 150/150 VUs, 198788 complete and 0 interrupted iterations
default   [  87% ] 150/150 VUs  3m27.9s/4m00.0s

running (3m28.9s), 150/150 VUs, 199738 complete and 0 interrupted iterations
default   [  87% ] 150/150 VUs  3m28.9s/4m00.0s

running (3m29.9s), 150/150 VUs, 200738 complete and 0 interrupted iterations
default   [  87% ] 150/150 VUs  3m29.9s/4m00.0s

running (3m30.9s), 146/150 VUs, 201708 complete and 0 interrupted iterations
default   [  88% ] 146/150 VUs  3m30.9s/4m00.0s

running (3m31.9s), 141/150 VUs, 202688 complete and 0 interrupted iterations
default   [  88% ] 141/150 VUs  3m31.9s/4m00.0s

running (3m32.9s), 136/150 VUs, 203688 complete and 0 interrupted iterations
default   [  89% ] 136/150 VUs  3m32.9s/4m00.0s

running (3m33.9s), 131/150 VUs, 204638 complete and 0 interrupted iterations
default   [  89% ] 131/150 VUs  3m33.9s/4m00.0s

running (3m34.9s), 126/150 VUs, 205638 complete and 0 interrupted iterations
default   [  90% ] 126/150 VUs  3m34.9s/4m00.0s

running (3m35.9s), 122/150 VUs, 206591 complete and 0 interrupted iterations
default   [  90% ] 122/150 VUs  3m35.9s/4m00.0s

running (3m36.9s), 116/150 VUs, 207588 complete and 0 interrupted iterations
default   [  90% ] 116/150 VUs  3m36.9s/4m00.0s

running (3m37.9s), 111/150 VUs, 208584 complete and 0 interrupted iterations
default   [  91% ] 111/150 VUs  3m37.9s/4m00.0s

running (3m38.9s), 106/150 VUs, 209538 complete and 0 interrupted iterations
default   [  91% ] 106/150 VUs  3m38.9s/4m00.0s

running (3m39.9s), 101/150 VUs, 210538 complete and 0 interrupted iterations
default   [  92% ] 101/150 VUs  3m39.9s/4m00.0s

running (3m40.9s), 096/150 VUs, 211488 complete and 0 interrupted iterations
default   [  92% ] 096/150 VUs  3m40.9s/4m00.0s

running (3m41.9s), 091/150 VUs, 212488 complete and 0 interrupted iterations
default   [  92% ] 091/150 VUs  3m41.9s/4m00.0s

running (3m42.9s), 086/150 VUs, 213477 complete and 0 interrupted iterations
default   [  93% ] 086/150 VUs  3m42.9s/4m00.0s

running (3m43.9s), 081/150 VUs, 214438 complete and 0 interrupted iterations
default   [  93% ] 081/150 VUs  3m43.9s/4m00.0s

running (3m44.9s), 076/150 VUs, 215438 complete and 0 interrupted iterations
default   [  94% ] 076/150 VUs  3m44.9s/4m00.0s

running (3m45.9s), 071/150 VUs, 216388 complete and 0 interrupted iterations
default   [  94% ] 071/150 VUs  3m45.9s/4m00.0s

running (3m46.9s), 066/150 VUs, 217388 complete and 0 interrupted iterations
default   [  95% ] 066/150 VUs  3m46.9s/4m00.0s

running (3m47.9s), 061/150 VUs, 218388 complete and 0 interrupted iterations
default   [  95% ] 061/150 VUs  3m47.9s/4m00.0s

running (3m48.9s), 056/150 VUs, 219338 complete and 0 interrupted iterations
default   [  95% ] 056/150 VUs  3m48.9s/4m00.0s

running (3m49.9s), 051/150 VUs, 220338 complete and 0 interrupted iterations
default   [  96% ] 051/150 VUs  3m49.9s/4m00.0s

running (3m50.9s), 046/150 VUs, 221259 complete and 0 interrupted iterations
default   [  96% ] 046/150 VUs  3m50.9s/4m00.0s

running (3m51.9s), 041/150 VUs, 222088 complete and 0 interrupted iterations
default   [  97% ] 041/150 VUs  3m51.9s/4m00.0s

running (3m52.9s), 036/150 VUs, 222860 complete and 0 interrupted iterations
default   [  97% ] 036/150 VUs  3m52.9s/4m00.0s

running (3m53.9s), 031/150 VUs, 223498 complete and 0 interrupted iterations
default   [  97% ] 031/150 VUs  3m53.9s/4m00.0s

running (3m54.9s), 026/150 VUs, 224042 complete and 0 interrupted iterations
default   [  98% ] 026/150 VUs  3m54.9s/4m00.0s

running (3m55.9s), 021/150 VUs, 224492 complete and 0 interrupted iterations
default   [  98% ] 021/150 VUs  3m55.9s/4m00.0s

running (3m56.9s), 016/150 VUs, 224865 complete and 0 interrupted iterations
default   [  99% ] 016/150 VUs  3m56.9s/4m00.0s

running (3m57.9s), 011/150 VUs, 225124 complete and 0 interrupted iterations
default   [  99% ] 011/150 VUs  3m57.9s/4m00.0s

running (3m58.9s), 006/150 VUs, 225288 complete and 0 interrupted iterations
default   [ 100% ] 006/150 VUs  3m58.9s/4m00.0s

running (3m59.9s), 001/150 VUs, 225360 complete and 0 interrupted iterations
default   [ 100% ] 001/150 VUs  3m59.9s/4m00.0s


  █ THRESHOLDS 

    checks
    ✓ 'rate>0.95' rate=100.00%

    http_req_duration
    ✓ 'p(95)<5000' p(95)=153.86ms
    ✓ 'p(99)<10000' p(99)=158.22ms

    http_req_failed
    ✓ 'rate<0.05' rate=0.00%


  █ TOTAL RESULTS 

    checks_total.......: 901448  3755.718202/s
    checks_succeeded...: 100.00% 901448 out of 901448
    checks_failed......: 0.00%   0 out of 901448

    ✓ status is 200
    ✓ content-type is json
    ✓ workloadType is IO-BOUND
    ✓ executionTimeMs exists

    CUSTOM
    response_time_ms...............: min=50.822729 avg=139.722433 med=152.802203 max=170.754689 p(90)=153.522516 p(95)=153.869365 p(99)=158.229963
    successful_requests............: 225362 938.929551/s

    HTTP
    http_req_duration..............: min=50.82ms   avg=139.72ms   med=152.8ms    max=170.75ms   p(90)=153.52ms   p(95)=153.86ms   p(99)=158.22ms  
      { expected_response:true }...: min=50.82ms   avg=139.72ms   med=152.8ms    max=170.75ms   p(90)=153.52ms   p(95)=153.86ms   p(99)=158.22ms  
    http_req_failed................: 0.00%  0 out of 225362
    http_reqs......................: 225362 938.929551/s

    EXECUTION
    iteration_duration.............: min=50.92ms   avg=139.86ms   med=152.94ms   max=170.98ms   p(90)=153.66ms   p(95)=154ms      p(99)=158.4ms   
    iterations.....................: 225362 938.929551/s
    vus............................: 1      min=1           max=150
    vus_max........................: 150    min=150         max=150

    NETWORK
    data_received..................: 50 MB  207 kB/s
    data_sent......................: 18 MB  74 kB/s




running (4m00.0s), 000/150 VUs, 225362 complete and 0 interrupted iterations
default ✓ [ 100% ] 000/150 VUs  4m0s
