
         /\      Grafana   /‾‾/  
    /\  /  \     |\  __   /  /   
   /  \/    \    | |/ /  /   ‾‾\ 
  /          \   |   (  |  (‾)  |
 / __________ \  |_|\_\  \_____/ 


     execution: local
        script: io-bound-test.js
        output: -

     scenarios: (100.00%) 1 scenario, 600 max VUs, 6m30s max duration (incl. graceful stop):
              * default: Up to 600 looping VUs for 6m0s over 3 stages (gracefulRampDown: 30s, gracefulStop: 30s)


running (0m00.7s), 015/600 VUs, 105 complete and 0 interrupted iterations
default   [   0% ] 015/600 VUs  0m00.7s/6m00.0s

running (0m01.7s), 035/600 VUs, 591 complete and 0 interrupted iterations
default   [   0% ] 035/600 VUs  0m01.7s/6m00.0s

running (0m02.7s), 055/600 VUs, 1450 complete and 0 interrupted iterations
default   [   1% ] 055/600 VUs  0m02.7s/6m00.0s

running (0m03.7s), 075/600 VUs, 2441 complete and 0 interrupted iterations
default   [   1% ] 075/600 VUs  0m03.7s/6m00.0s

running (0m04.7s), 095/600 VUs, 3429 complete and 0 interrupted iterations
default   [   1% ] 095/600 VUs  0m04.7s/6m00.0s

running (0m05.7s), 115/600 VUs, 4422 complete and 0 interrupted iterations
default   [   2% ] 115/600 VUs  0m05.7s/6m00.0s

running (0m06.7s), 135/600 VUs, 5411 complete and 0 interrupted iterations
default   [   2% ] 135/600 VUs  0m06.7s/6m00.0s

running (0m07.7s), 155/600 VUs, 6401 complete and 0 interrupted iterations
default   [   2% ] 155/600 VUs  0m07.7s/6m00.0s

running (0m08.7s), 175/600 VUs, 7391 complete and 0 interrupted iterations
default   [   2% ] 175/600 VUs  0m08.7s/6m00.0s

running (0m09.7s), 195/600 VUs, 8380 complete and 0 interrupted iterations
default   [   3% ] 195/600 VUs  0m09.7s/6m00.0s

running (0m10.7s), 215/600 VUs, 9366 complete and 0 interrupted iterations
default   [   3% ] 215/600 VUs  0m10.7s/6m00.0s

running (0m11.7s), 235/600 VUs, 10362 complete and 0 interrupted iterations
default   [   3% ] 235/600 VUs  0m11.7s/6m00.0s

running (0m12.7s), 255/600 VUs, 11351 complete and 0 interrupted iterations
default   [   4% ] 255/600 VUs  0m12.7s/6m00.0s

running (0m13.7s), 275/600 VUs, 12335 complete and 0 interrupted iterations
default   [   4% ] 275/600 VUs  0m13.7s/6m00.0s

running (0m14.7s), 295/600 VUs, 13322 complete and 0 interrupted iterations
default   [   4% ] 295/600 VUs  0m14.7s/6m00.0s

running (0m15.7s), 315/600 VUs, 14316 complete and 0 interrupted iterations
default   [   4% ] 315/600 VUs  0m15.7s/6m00.0s

running (0m16.7s), 335/600 VUs, 15305 complete and 0 interrupted iterations
default   [   5% ] 335/600 VUs  0m16.7s/6m00.0s

running (0m17.7s), 355/600 VUs, 16288 complete and 0 interrupted iterations
default   [   5% ] 355/600 VUs  0m17.7s/6m00.0s

running (0m18.7s), 375/600 VUs, 17266 complete and 0 interrupted iterations
default   [   5% ] 375/600 VUs  0m18.7s/6m00.0s

running (0m19.7s), 394/600 VUs, 18266 complete and 0 interrupted iterations
default   [   5% ] 395/600 VUs  0m19.7s/6m00.0s

running (0m20.7s), 414/600 VUs, 19253 complete and 0 interrupted iterations
default   [   6% ] 414/600 VUs  0m20.7s/6m00.0s

running (0m21.7s), 434/600 VUs, 20236 complete and 0 interrupted iterations
default   [   6% ] 434/600 VUs  0m21.7s/6m00.0s

running (0m22.7s), 454/600 VUs, 21216 complete and 0 interrupted iterations
default   [   6% ] 454/600 VUs  0m22.7s/6m00.0s

running (0m23.7s), 474/600 VUs, 22216 complete and 0 interrupted iterations
default   [   7% ] 474/600 VUs  0m23.7s/6m00.0s

running (0m24.7s), 494/600 VUs, 23205 complete and 0 interrupted iterations
default   [   7% ] 494/600 VUs  0m24.7s/6m00.0s

running (0m25.7s), 514/600 VUs, 24176 complete and 0 interrupted iterations
default   [   7% ] 514/600 VUs  0m25.7s/6m00.0s

running (0m26.7s), 534/600 VUs, 25166 complete and 0 interrupted iterations
default   [   7% ] 534/600 VUs  0m26.7s/6m00.0s

running (0m27.7s), 554/600 VUs, 26166 complete and 0 interrupted iterations
default   [   8% ] 554/600 VUs  0m27.7s/6m00.0s

running (0m28.7s), 574/600 VUs, 27159 complete and 0 interrupted iterations
default   [   8% ] 574/600 VUs  0m28.7s/6m00.0s

running (0m29.7s), 594/600 VUs, 28132 complete and 0 interrupted iterations
default   [   8% ] 594/600 VUs  0m29.7s/6m00.0s

running (0m30.7s), 600/600 VUs, 29116 complete and 0 interrupted iterations
default   [   9% ] 600/600 VUs  0m30.7s/6m00.0s

running (0m31.7s), 600/600 VUs, 30116 complete and 0 interrupted iterations
default   [   9% ] 600/600 VUs  0m31.7s/6m00.0s

running (0m32.7s), 600/600 VUs, 31112 complete and 0 interrupted iterations
default   [   9% ] 600/600 VUs  0m32.7s/6m00.0s

running (0m33.7s), 600/600 VUs, 32084 complete and 0 interrupted iterations
default   [   9% ] 600/600 VUs  0m33.7s/6m00.0s

running (0m34.7s), 600/600 VUs, 33066 complete and 0 interrupted iterations
default   [  10% ] 600/600 VUs  0m34.7s/6m00.0s

running (0m35.7s), 600/600 VUs, 34066 complete and 0 interrupted iterations
default   [  10% ] 600/600 VUs  0m35.7s/6m00.0s

running (0m36.7s), 600/600 VUs, 35054 complete and 0 interrupted iterations
default   [  10% ] 600/600 VUs  0m36.7s/6m00.0s

running (0m37.7s), 600/600 VUs, 36026 complete and 0 interrupted iterations
default   [  10% ] 600/600 VUs  0m37.7s/6m00.0s

running (0m38.7s), 600/600 VUs, 37016 complete and 0 interrupted iterations
default   [  11% ] 600/600 VUs  0m38.7s/6m00.0s

running (0m39.7s), 600/600 VUs, 38016 complete and 0 interrupted iterations
default   [  11% ] 600/600 VUs  0m39.7s/6m00.0s

running (0m40.7s), 600/600 VUs, 38998 complete and 0 interrupted iterations
default   [  11% ] 600/600 VUs  0m40.7s/6m00.0s

running (0m41.7s), 600/600 VUs, 39984 complete and 0 interrupted iterations
default   [  12% ] 600/600 VUs  0m41.7s/6m00.0s

running (0m42.7s), 600/600 VUs, 40966 complete and 0 interrupted iterations
default   [  12% ] 600/600 VUs  0m42.7s/6m00.0s

running (0m43.7s), 600/600 VUs, 41966 complete and 0 interrupted iterations
default   [  12% ] 600/600 VUs  0m43.7s/6m00.0s

running (0m44.7s), 600/600 VUs, 42942 complete and 0 interrupted iterations
default   [  12% ] 600/600 VUs  0m44.7s/6m00.0s

running (0m45.7s), 600/600 VUs, 43918 complete and 0 interrupted iterations
default   [  13% ] 600/600 VUs  0m45.7s/6m00.0s

running (0m46.7s), 600/600 VUs, 44916 complete and 0 interrupted iterations
default   [  13% ] 600/600 VUs  0m46.7s/6m00.0s

running (0m47.7s), 600/600 VUs, 45916 complete and 0 interrupted iterations
default   [  13% ] 600/600 VUs  0m47.7s/6m00.0s

running (0m48.7s), 600/600 VUs, 46896 complete and 0 interrupted iterations
default   [  14% ] 600/600 VUs  0m48.7s/6m00.0s

running (0m49.7s), 600/600 VUs, 47869 complete and 0 interrupted iterations
default   [  14% ] 600/600 VUs  0m49.7s/6m00.0s

running (0m50.7s), 600/600 VUs, 48866 complete and 0 interrupted iterations
default   [  14% ] 600/600 VUs  0m50.7s/6m00.0s

running (0m51.7s), 600/600 VUs, 49866 complete and 0 interrupted iterations
default   [  14% ] 600/600 VUs  0m51.7s/6m00.0s

running (0m52.7s), 600/600 VUs, 50836 complete and 0 interrupted iterations
default   [  15% ] 600/600 VUs  0m52.7s/6m00.0s

running (0m53.7s), 600/600 VUs, 51816 complete and 0 interrupted iterations
default   [  15% ] 600/600 VUs  0m53.7s/6m00.0s

running (0m54.7s), 600/600 VUs, 52816 complete and 0 interrupted iterations
default   [  15% ] 600/600 VUs  0m54.7s/6m00.0s

running (0m55.7s), 600/600 VUs, 53791 complete and 0 interrupted iterations
default   [  15% ] 600/600 VUs  0m55.7s/6m00.0s

running (0m56.7s), 600/600 VUs, 54769 complete and 0 interrupted iterations
default   [  16% ] 600/600 VUs  0m56.7s/6m00.0s

running (0m57.7s), 600/600 VUs, 55766 complete and 0 interrupted iterations
default   [  16% ] 600/600 VUs  0m57.7s/6m00.0s

running (0m58.7s), 600/600 VUs, 56766 complete and 0 interrupted iterations
default   [  16% ] 600/600 VUs  0m58.7s/6m00.0s

running (0m59.7s), 600/600 VUs, 57750 complete and 0 interrupted iterations
default   [  17% ] 600/600 VUs  0m59.7s/6m00.0s

running (1m00.7s), 600/600 VUs, 58724 complete and 0 interrupted iterations
default   [  17% ] 600/600 VUs  1m00.7s/6m00.0s

running (1m01.7s), 600/600 VUs, 59716 complete and 0 interrupted iterations
default   [  17% ] 600/600 VUs  1m01.7s/6m00.0s

running (1m02.7s), 600/600 VUs, 60716 complete and 0 interrupted iterations
default   [  17% ] 600/600 VUs  1m02.7s/6m00.0s

running (1m03.7s), 600/600 VUs, 61712 complete and 0 interrupted iterations
default   [  18% ] 600/600 VUs  1m03.7s/6m00.0s

running (1m04.7s), 600/600 VUs, 62666 complete and 0 interrupted iterations
default   [  18% ] 600/600 VUs  1m04.7s/6m00.0s

running (1m05.7s), 600/600 VUs, 63666 complete and 0 interrupted iterations
default   [  18% ] 600/600 VUs  1m05.7s/6m00.0s

running (1m06.7s), 600/600 VUs, 64639 complete and 0 interrupted iterations
default   [  19% ] 600/600 VUs  1m06.7s/6m00.0s

running (1m07.7s), 600/600 VUs, 65618 complete and 0 interrupted iterations
default   [  19% ] 600/600 VUs  1m07.7s/6m00.0s

running (1m08.7s), 600/600 VUs, 66616 complete and 0 interrupted iterations
default   [  19% ] 600/600 VUs  1m08.7s/6m00.0s

running (1m09.7s), 600/600 VUs, 67616 complete and 0 interrupted iterations
default   [  19% ] 600/600 VUs  1m09.7s/6m00.0s

running (1m10.7s), 600/600 VUs, 68601 complete and 0 interrupted iterations
default   [  20% ] 600/600 VUs  1m10.7s/6m00.0s

running (1m11.7s), 600/600 VUs, 69571 complete and 0 interrupted iterations
default   [  20% ] 600/600 VUs  1m11.7s/6m00.0s

running (1m12.7s), 600/600 VUs, 70566 complete and 0 interrupted iterations
default   [  20% ] 600/600 VUs  1m12.7s/6m00.0s

running (1m13.7s), 600/600 VUs, 71566 complete and 0 interrupted iterations
default   [  20% ] 600/600 VUs  1m13.7s/6m00.0s

running (1m14.7s), 600/600 VUs, 72544 complete and 0 interrupted iterations
default   [  21% ] 600/600 VUs  1m14.7s/6m00.0s

running (1m15.7s), 600/600 VUs, 73516 complete and 0 interrupted iterations
default   [  21% ] 600/600 VUs  1m15.7s/6m00.0s

running (1m16.7s), 600/600 VUs, 74516 complete and 0 interrupted iterations
default   [  21% ] 600/600 VUs  1m16.7s/6m00.0s

running (1m17.7s), 600/600 VUs, 75466 complete and 0 interrupted iterations
default   [  22% ] 600/600 VUs  1m17.7s/6m00.0s

running (1m18.7s), 600/600 VUs, 76466 complete and 0 interrupted iterations
default   [  22% ] 600/600 VUs  1m18.7s/6m00.0s

running (1m19.7s), 600/600 VUs, 77466 complete and 0 interrupted iterations
default   [  22% ] 600/600 VUs  1m19.7s/6m00.0s

running (1m20.7s), 600/600 VUs, 78438 complete and 0 interrupted iterations
default   [  22% ] 600/600 VUs  1m20.7s/6m00.0s

running (1m21.7s), 600/600 VUs, 79416 complete and 0 interrupted iterations
default   [  23% ] 600/600 VUs  1m21.7s/6m00.0s

running (1m22.7s), 600/600 VUs, 80416 complete and 0 interrupted iterations
default   [  23% ] 600/600 VUs  1m22.7s/6m00.0s

running (1m23.7s), 600/600 VUs, 81405 complete and 0 interrupted iterations
default   [  23% ] 600/600 VUs  1m23.7s/6m00.0s

running (1m24.7s), 600/600 VUs, 82366 complete and 0 interrupted iterations
default   [  24% ] 600/600 VUs  1m24.7s/6m00.0s

running (1m25.7s), 600/600 VUs, 83366 complete and 0 interrupted iterations
default   [  24% ] 600/600 VUs  1m25.7s/6m00.0s

running (1m26.7s), 600/600 VUs, 84366 complete and 0 interrupted iterations
default   [  24% ] 600/600 VUs  1m26.7s/6m00.0s

running (1m27.7s), 600/600 VUs, 85351 complete and 0 interrupted iterations
default   [  24% ] 600/600 VUs  1m27.7s/6m00.0s

running (1m28.7s), 600/600 VUs, 86316 complete and 0 interrupted iterations
default   [  25% ] 600/600 VUs  1m28.7s/6m00.0s

running (1m29.7s), 600/600 VUs, 87316 complete and 0 interrupted iterations
default   [  25% ] 600/600 VUs  1m29.7s/6m00.0s

running (1m30.7s), 600/600 VUs, 88316 complete and 0 interrupted iterations
default   [  25% ] 600/600 VUs  1m30.7s/6m00.0s

running (1m31.7s), 600/600 VUs, 89303 complete and 0 interrupted iterations
default   [  25% ] 600/600 VUs  1m31.7s/6m00.0s

running (1m32.7s), 600/600 VUs, 90266 complete and 0 interrupted iterations
default   [  26% ] 600/600 VUs  1m32.7s/6m00.0s

running (1m33.7s), 600/600 VUs, 91266 complete and 0 interrupted iterations
default   [  26% ] 600/600 VUs  1m33.7s/6m00.0s

running (1m34.7s), 600/600 VUs, 92255 complete and 0 interrupted iterations
default   [  26% ] 600/600 VUs  1m34.7s/6m00.0s

running (1m35.7s), 600/600 VUs, 93237 complete and 0 interrupted iterations
default   [  27% ] 600/600 VUs  1m35.7s/6m00.0s

running (1m36.7s), 600/600 VUs, 94216 complete and 0 interrupted iterations
default   [  27% ] 600/600 VUs  1m36.7s/6m00.0s

running (1m37.7s), 600/600 VUs, 95216 complete and 0 interrupted iterations
default   [  27% ] 600/600 VUs  1m37.7s/6m00.0s

running (1m38.7s), 600/600 VUs, 96198 complete and 0 interrupted iterations
default   [  27% ] 600/600 VUs  1m38.7s/6m00.0s

running (1m39.7s), 600/600 VUs, 97171 complete and 0 interrupted iterations
default   [  28% ] 600/600 VUs  1m39.7s/6m00.0s

running (1m40.7s), 600/600 VUs, 98166 complete and 0 interrupted iterations
default   [  28% ] 600/600 VUs  1m40.7s/6m00.0s

running (1m41.7s), 600/600 VUs, 99166 complete and 0 interrupted iterations
default   [  28% ] 600/600 VUs  1m41.7s/6m00.0s

running (1m42.7s), 600/600 VUs, 100132 complete and 0 interrupted iterations
default   [  29% ] 600/600 VUs  1m42.7s/6m00.0s

running (1m43.7s), 600/600 VUs, 101116 complete and 0 interrupted iterations
default   [  29% ] 600/600 VUs  1m43.7s/6m00.0s

running (1m44.7s), 600/600 VUs, 102116 complete and 0 interrupted iterations
default   [  29% ] 600/600 VUs  1m44.7s/6m00.0s

running (1m45.7s), 600/600 VUs, 103116 complete and 0 interrupted iterations
default   [  29% ] 600/600 VUs  1m45.7s/6m00.0s

running (1m46.7s), 600/600 VUs, 104088 complete and 0 interrupted iterations
default   [  30% ] 600/600 VUs  1m46.7s/6m00.0s

running (1m47.7s), 600/600 VUs, 105066 complete and 0 interrupted iterations
default   [  30% ] 600/600 VUs  1m47.7s/6m00.0s

running (1m48.7s), 600/600 VUs, 106066 complete and 0 interrupted iterations
default   [  30% ] 600/600 VUs  1m48.7s/6m00.0s

running (1m49.7s), 600/600 VUs, 107066 complete and 0 interrupted iterations
default   [  30% ] 600/600 VUs  1m49.7s/6m00.0s

running (1m50.7s), 600/600 VUs, 108035 complete and 0 interrupted iterations
default   [  31% ] 600/600 VUs  1m50.7s/6m00.0s

running (1m51.7s), 600/600 VUs, 109016 complete and 0 interrupted iterations
default   [  31% ] 600/600 VUs  1m51.7s/6m00.0s

running (1m52.7s), 600/600 VUs, 110016 complete and 0 interrupted iterations
default   [  31% ] 600/600 VUs  1m52.7s/6m00.0s

running (1m53.7s), 600/600 VUs, 111008 complete and 0 interrupted iterations
default   [  32% ] 600/600 VUs  1m53.7s/6m00.0s

running (1m54.7s), 600/600 VUs, 111977 complete and 0 interrupted iterations
default   [  32% ] 600/600 VUs  1m54.7s/6m00.0s

running (1m55.7s), 600/600 VUs, 112966 complete and 0 interrupted iterations
default   [  32% ] 600/600 VUs  1m55.7s/6m00.0s

running (1m56.7s), 600/600 VUs, 113966 complete and 0 interrupted iterations
default   [  32% ] 600/600 VUs  1m56.7s/6m00.0s

running (1m57.7s), 600/600 VUs, 114964 complete and 0 interrupted iterations
default   [  33% ] 600/600 VUs  1m57.7s/6m00.0s

running (1m58.7s), 600/600 VUs, 115891 complete and 0 interrupted iterations
default   [  33% ] 600/600 VUs  1m58.7s/6m00.0s

running (1m59.7s), 600/600 VUs, 116885 complete and 0 interrupted iterations
default   [  33% ] 600/600 VUs  1m59.7s/6m00.0s

running (2m00.7s), 600/600 VUs, 117874 complete and 0 interrupted iterations
default   [  34% ] 600/600 VUs  2m00.7s/6m00.0s

running (2m01.7s), 600/600 VUs, 118869 complete and 0 interrupted iterations
default   [  34% ] 600/600 VUs  2m01.7s/6m00.0s

running (2m02.7s), 600/600 VUs, 119855 complete and 0 interrupted iterations
default   [  34% ] 600/600 VUs  2m02.7s/6m00.0s

running (2m03.7s), 600/600 VUs, 120843 complete and 0 interrupted iterations
default   [  34% ] 600/600 VUs  2m03.7s/6m00.0s

running (2m04.7s), 600/600 VUs, 121831 complete and 0 interrupted iterations
default   [  35% ] 600/600 VUs  2m04.7s/6m00.0s

running (2m05.7s), 600/600 VUs, 122812 complete and 0 interrupted iterations
default   [  35% ] 600/600 VUs  2m05.7s/6m00.0s

running (2m06.7s), 600/600 VUs, 123811 complete and 0 interrupted iterations
default   [  35% ] 600/600 VUs  2m06.7s/6m00.0s

running (2m07.7s), 600/600 VUs, 124805 complete and 0 interrupted iterations
default   [  35% ] 600/600 VUs  2m07.7s/6m00.0s

running (2m08.7s), 600/600 VUs, 125777 complete and 0 interrupted iterations
default   [  36% ] 600/600 VUs  2m08.7s/6m00.0s

running (2m09.7s), 600/600 VUs, 126762 complete and 0 interrupted iterations
default   [  36% ] 600/600 VUs  2m09.7s/6m00.0s

running (2m10.7s), 600/600 VUs, 127762 complete and 0 interrupted iterations
default   [  36% ] 600/600 VUs  2m10.7s/6m00.0s

running (2m11.7s), 600/600 VUs, 128748 complete and 0 interrupted iterations
default   [  37% ] 600/600 VUs  2m11.7s/6m00.0s

running (2m12.7s), 600/600 VUs, 129735 complete and 0 interrupted iterations
default   [  37% ] 600/600 VUs  2m12.7s/6m00.0s

running (2m13.7s), 600/600 VUs, 130718 complete and 0 interrupted iterations
default   [  37% ] 600/600 VUs  2m13.7s/6m00.0s

running (2m14.7s), 600/600 VUs, 131712 complete and 0 interrupted iterations
default   [  37% ] 600/600 VUs  2m14.7s/6m00.0s

running (2m15.7s), 600/600 VUs, 132693 complete and 0 interrupted iterations
default   [  38% ] 600/600 VUs  2m15.7s/6m00.0s

running (2m16.7s), 600/600 VUs, 133679 complete and 0 interrupted iterations
default   [  38% ] 600/600 VUs  2m16.7s/6m00.0s

running (2m17.7s), 600/600 VUs, 134662 complete and 0 interrupted iterations
default   [  38% ] 600/600 VUs  2m17.7s/6m00.0s

running (2m18.7s), 600/600 VUs, 135643 complete and 0 interrupted iterations
default   [  39% ] 600/600 VUs  2m18.7s/6m00.0s

running (2m19.7s), 600/600 VUs, 136628 complete and 0 interrupted iterations
default   [  39% ] 600/600 VUs  2m19.7s/6m00.0s

running (2m20.7s), 600/600 VUs, 137593 complete and 0 interrupted iterations
default   [  39% ] 600/600 VUs  2m20.7s/6m00.0s

running (2m21.7s), 600/600 VUs, 138593 complete and 0 interrupted iterations
default   [  39% ] 600/600 VUs  2m21.7s/6m00.0s

running (2m22.7s), 600/600 VUs, 139593 complete and 0 interrupted iterations
default   [  40% ] 600/600 VUs  2m22.7s/6m00.0s

running (2m23.7s), 600/600 VUs, 140543 complete and 0 interrupted iterations
default   [  40% ] 600/600 VUs  2m23.7s/6m00.0s

running (2m24.7s), 600/600 VUs, 141543 complete and 0 interrupted iterations
default   [  40% ] 600/600 VUs  2m24.7s/6m00.0s

running (2m25.7s), 600/600 VUs, 142510 complete and 0 interrupted iterations
default   [  40% ] 600/600 VUs  2m25.7s/6m00.0s

running (2m26.7s), 600/600 VUs, 143495 complete and 0 interrupted iterations
default   [  41% ] 600/600 VUs  2m26.7s/6m00.0s

running (2m27.7s), 600/600 VUs, 144493 complete and 0 interrupted iterations
default   [  41% ] 600/600 VUs  2m27.7s/6m00.0s

running (2m28.7s), 600/600 VUs, 145493 complete and 0 interrupted iterations
default   [  41% ] 600/600 VUs  2m28.7s/6m00.0s

running (2m29.7s), 600/600 VUs, 146471 complete and 0 interrupted iterations
default   [  42% ] 600/600 VUs  2m29.7s/6m00.0s

running (2m30.7s), 600/600 VUs, 147443 complete and 0 interrupted iterations
default   [  42% ] 600/600 VUs  2m30.7s/6m00.0s

running (2m31.7s), 600/600 VUs, 148443 complete and 0 interrupted iterations
default   [  42% ] 600/600 VUs  2m31.7s/6m00.0s

running (2m32.7s), 600/600 VUs, 149440 complete and 0 interrupted iterations
default   [  42% ] 600/600 VUs  2m32.7s/6m00.0s

running (2m33.7s), 600/600 VUs, 150429 complete and 0 interrupted iterations
default   [  43% ] 600/600 VUs  2m33.7s/6m00.0s

running (2m34.7s), 600/600 VUs, 151393 complete and 0 interrupted iterations
default   [  43% ] 600/600 VUs  2m34.7s/6m00.0s

running (2m35.7s), 600/600 VUs, 152393 complete and 0 interrupted iterations
default   [  43% ] 600/600 VUs  2m35.7s/6m00.0s

running (2m36.7s), 600/600 VUs, 153361 complete and 0 interrupted iterations
default   [  44% ] 600/600 VUs  2m36.7s/6m00.0s

running (2m37.7s), 600/600 VUs, 154351 complete and 0 interrupted iterations
default   [  44% ] 600/600 VUs  2m37.7s/6m00.0s

running (2m38.7s), 600/600 VUs, 155343 complete and 0 interrupted iterations
default   [  44% ] 600/600 VUs  2m38.7s/6m00.0s

running (2m39.7s), 600/600 VUs, 156343 complete and 0 interrupted iterations
default   [  44% ] 600/600 VUs  2m39.7s/6m00.0s

running (2m40.7s), 600/600 VUs, 157313 complete and 0 interrupted iterations
default   [  45% ] 600/600 VUs  2m40.7s/6m00.0s

running (2m41.7s), 600/600 VUs, 158300 complete and 0 interrupted iterations
default   [  45% ] 600/600 VUs  2m41.7s/6m00.0s

running (2m42.7s), 600/600 VUs, 159294 complete and 0 interrupted iterations
default   [  45% ] 600/600 VUs  2m42.7s/6m00.0s

running (2m43.7s), 600/600 VUs, 160293 complete and 0 interrupted iterations
default   [  45% ] 600/600 VUs  2m43.7s/6m00.0s

running (2m44.7s), 600/600 VUs, 161269 complete and 0 interrupted iterations
default   [  46% ] 600/600 VUs  2m44.7s/6m00.0s

running (2m45.7s), 600/600 VUs, 162250 complete and 0 interrupted iterations
default   [  46% ] 600/600 VUs  2m45.7s/6m00.0s

running (2m46.7s), 600/600 VUs, 163247 complete and 0 interrupted iterations
default   [  46% ] 600/600 VUs  2m46.7s/6m00.0s

running (2m47.7s), 600/600 VUs, 164233 complete and 0 interrupted iterations
default   [  47% ] 600/600 VUs  2m47.7s/6m00.0s

running (2m48.7s), 600/600 VUs, 165221 complete and 0 interrupted iterations
default   [  47% ] 600/600 VUs  2m48.7s/6m00.0s

running (2m49.7s), 600/600 VUs, 166200 complete and 0 interrupted iterations
default   [  47% ] 600/600 VUs  2m49.7s/6m00.0s

running (2m50.7s), 600/600 VUs, 167200 complete and 0 interrupted iterations
default   [  47% ] 600/600 VUs  2m50.7s/6m00.0s

running (2m51.7s), 600/600 VUs, 168180 complete and 0 interrupted iterations
default   [  48% ] 600/600 VUs  2m51.7s/6m00.0s

running (2m52.7s), 600/600 VUs, 169164 complete and 0 interrupted iterations
default   [  48% ] 600/600 VUs  2m52.7s/6m00.0s

running (2m53.7s), 600/600 VUs, 170150 complete and 0 interrupted iterations
default   [  48% ] 600/600 VUs  2m53.7s/6m00.0s

running (2m54.7s), 600/600 VUs, 171150 complete and 0 interrupted iterations
default   [  49% ] 600/600 VUs  2m54.7s/6m00.0s

running (2m55.7s), 600/600 VUs, 172118 complete and 0 interrupted iterations
default   [  49% ] 600/600 VUs  2m55.7s/6m00.0s

running (2m56.7s), 600/600 VUs, 173114 complete and 0 interrupted iterations
default   [  49% ] 600/600 VUs  2m56.7s/6m00.0s

running (2m57.7s), 600/600 VUs, 174100 complete and 0 interrupted iterations
default   [  49% ] 600/600 VUs  2m57.7s/6m00.0s

running (2m58.7s), 600/600 VUs, 175091 complete and 0 interrupted iterations
default   [  50% ] 600/600 VUs  2m58.7s/6m00.0s

running (2m59.7s), 600/600 VUs, 176068 complete and 0 interrupted iterations
default   [  50% ] 600/600 VUs  2m59.7s/6m00.0s

running (3m00.7s), 600/600 VUs, 177066 complete and 0 interrupted iterations
default   [  50% ] 600/600 VUs  3m00.7s/6m00.0s

running (3m01.7s), 600/600 VUs, 178050 complete and 0 interrupted iterations
default   [  50% ] 600/600 VUs  3m01.7s/6m00.0s

running (3m02.7s), 600/600 VUs, 179042 complete and 0 interrupted iterations
default   [  51% ] 600/600 VUs  3m02.7s/6m00.0s

running (3m03.7s), 600/600 VUs, 180018 complete and 0 interrupted iterations
default   [  51% ] 600/600 VUs  3m03.7s/6m00.0s

running (3m04.7s), 600/600 VUs, 181018 complete and 0 interrupted iterations
default   [  51% ] 600/600 VUs  3m04.7s/6m00.0s

running (3m05.7s), 600/600 VUs, 182003 complete and 0 interrupted iterations
default   [  52% ] 600/600 VUs  3m05.7s/6m00.0s

running (3m06.7s), 600/600 VUs, 182968 complete and 0 interrupted iterations
default   [  52% ] 600/600 VUs  3m06.7s/6m00.0s

running (3m07.7s), 600/600 VUs, 183968 complete and 0 interrupted iterations
default   [  52% ] 600/600 VUs  3m07.7s/6m00.0s

running (3m08.7s), 600/600 VUs, 184956 complete and 0 interrupted iterations
default   [  52% ] 600/600 VUs  3m08.7s/6m00.0s

running (3m09.7s), 600/600 VUs, 185956 complete and 0 interrupted iterations
default   [  53% ] 600/600 VUs  3m09.7s/6m00.0s

running (3m10.7s), 600/600 VUs, 186918 complete and 0 interrupted iterations
default   [  53% ] 600/600 VUs  3m10.7s/6m00.0s

running (3m11.7s), 600/600 VUs, 187918 complete and 0 interrupted iterations
default   [  53% ] 600/600 VUs  3m11.7s/6m00.0s

running (3m12.7s), 600/600 VUs, 188916 complete and 0 interrupted iterations
default   [  54% ] 600/600 VUs  3m12.7s/6m00.0s

running (3m13.7s), 600/600 VUs, 189897 complete and 0 interrupted iterations
default   [  54% ] 600/600 VUs  3m13.7s/6m00.0s

running (3m14.7s), 600/600 VUs, 190868 complete and 0 interrupted iterations
default   [  54% ] 600/600 VUs  3m14.7s/6m00.0s

running (3m15.8s), 600/600 VUs, 191868 complete and 0 interrupted iterations
default   [  54% ] 600/600 VUs  3m15.8s/6m00.0s

running (3m16.7s), 600/600 VUs, 192850 complete and 0 interrupted iterations
default   [  55% ] 600/600 VUs  3m16.7s/6m00.0s

running (3m17.7s), 600/600 VUs, 193818 complete and 0 interrupted iterations
default   [  55% ] 600/600 VUs  3m17.7s/6m00.0s

running (3m18.7s), 600/600 VUs, 194818 complete and 0 interrupted iterations
default   [  55% ] 600/600 VUs  3m18.7s/6m00.0s

running (3m19.7s), 600/600 VUs, 195806 complete and 0 interrupted iterations
default   [  55% ] 600/600 VUs  3m19.7s/6m00.0s

running (3m20.7s), 600/600 VUs, 196768 complete and 0 interrupted iterations
default   [  56% ] 600/600 VUs  3m20.7s/6m00.0s

running (3m21.7s), 600/600 VUs, 197768 complete and 0 interrupted iterations
default   [  56% ] 600/600 VUs  3m21.7s/6m00.0s

running (3m22.7s), 600/600 VUs, 198768 complete and 0 interrupted iterations
default   [  56% ] 600/600 VUs  3m22.7s/6m00.0s

running (3m23.7s), 600/600 VUs, 199758 complete and 0 interrupted iterations
default   [  57% ] 600/600 VUs  3m23.7s/6m00.0s

running (3m24.7s), 600/600 VUs, 200718 complete and 0 interrupted iterations
default   [  57% ] 600/600 VUs  3m24.7s/6m00.0s

running (3m25.7s), 600/600 VUs, 201718 complete and 0 interrupted iterations
default   [  57% ] 600/600 VUs  3m25.7s/6m00.0s

running (3m26.7s), 600/600 VUs, 202718 complete and 0 interrupted iterations
default   [  57% ] 600/600 VUs  3m26.7s/6m00.0s

running (3m27.7s), 600/600 VUs, 203680 complete and 0 interrupted iterations
default   [  58% ] 600/600 VUs  3m27.7s/6m00.0s

running (3m28.7s), 600/600 VUs, 204668 complete and 0 interrupted iterations
default   [  58% ] 600/600 VUs  3m28.7s/6m00.0s

running (3m29.7s), 600/600 VUs, 205668 complete and 0 interrupted iterations
default   [  58% ] 600/600 VUs  3m29.7s/6m00.0s

running (3m30.7s), 600/600 VUs, 206656 complete and 0 interrupted iterations
default   [  59% ] 600/600 VUs  3m30.7s/6m00.0s

running (3m31.7s), 600/600 VUs, 207630 complete and 0 interrupted iterations
default   [  59% ] 600/600 VUs  3m31.7s/6m00.0s

running (3m32.7s), 600/600 VUs, 208618 complete and 0 interrupted iterations
default   [  59% ] 600/600 VUs  3m32.7s/6m00.0s

running (3m33.7s), 600/600 VUs, 209618 complete and 0 interrupted iterations
default   [  59% ] 600/600 VUs  3m33.7s/6m00.0s

running (3m34.7s), 600/600 VUs, 210593 complete and 0 interrupted iterations
default   [  60% ] 600/600 VUs  3m34.7s/6m00.0s

running (3m35.7s), 600/600 VUs, 211584 complete and 0 interrupted iterations
default   [  60% ] 600/600 VUs  3m35.7s/6m00.0s

running (3m36.7s), 600/600 VUs, 212568 complete and 0 interrupted iterations
default   [  60% ] 600/600 VUs  3m36.7s/6m00.0s

running (3m37.7s), 600/600 VUs, 213568 complete and 0 interrupted iterations
default   [  60% ] 600/600 VUs  3m37.7s/6m00.0s

running (3m38.7s), 600/600 VUs, 214543 complete and 0 interrupted iterations
default   [  61% ] 600/600 VUs  3m38.7s/6m00.0s

running (3m39.7s), 600/600 VUs, 215542 complete and 0 interrupted iterations
default   [  61% ] 600/600 VUs  3m39.7s/6m00.0s

running (3m40.7s), 600/600 VUs, 216518 complete and 0 interrupted iterations
default   [  61% ] 600/600 VUs  3m40.7s/6m00.0s

running (3m41.7s), 600/600 VUs, 217518 complete and 0 interrupted iterations
default   [  62% ] 600/600 VUs  3m41.7s/6m00.0s

running (3m42.7s), 600/600 VUs, 218500 complete and 0 interrupted iterations
default   [  62% ] 600/600 VUs  3m42.7s/6m00.0s

running (3m43.7s), 600/600 VUs, 219485 complete and 0 interrupted iterations
default   [  62% ] 600/600 VUs  3m43.7s/6m00.0s

running (3m44.7s), 600/600 VUs, 220471 complete and 0 interrupted iterations
default   [  62% ] 600/600 VUs  3m44.7s/6m00.0s

running (3m45.7s), 600/600 VUs, 221468 complete and 0 interrupted iterations
default   [  63% ] 600/600 VUs  3m45.7s/6m00.0s

running (3m46.7s), 600/600 VUs, 222458 complete and 0 interrupted iterations
default   [  63% ] 600/600 VUs  3m46.7s/6m00.0s

running (3m47.7s), 600/600 VUs, 223435 complete and 0 interrupted iterations
default   [  63% ] 600/600 VUs  3m47.7s/6m00.0s

running (3m48.7s), 600/600 VUs, 224418 complete and 0 interrupted iterations
default   [  64% ] 600/600 VUs  3m48.7s/6m00.0s

running (3m49.7s), 600/600 VUs, 225418 complete and 0 interrupted iterations
default   [  64% ] 600/600 VUs  3m49.7s/6m00.0s

running (3m50.7s), 600/600 VUs, 226405 complete and 0 interrupted iterations
default   [  64% ] 600/600 VUs  3m50.7s/6m00.0s

running (3m51.7s), 600/600 VUs, 227390 complete and 0 interrupted iterations
default   [  64% ] 600/600 VUs  3m51.7s/6m00.0s

running (3m52.7s), 600/600 VUs, 228369 complete and 0 interrupted iterations
default   [  65% ] 600/600 VUs  3m52.7s/6m00.0s

running (3m53.7s), 600/600 VUs, 229368 complete and 0 interrupted iterations
default   [  65% ] 600/600 VUs  3m53.7s/6m00.0s

running (3m54.7s), 600/600 VUs, 230355 complete and 0 interrupted iterations
default   [  65% ] 600/600 VUs  3m54.7s/6m00.0s

running (3m55.7s), 600/600 VUs, 231328 complete and 0 interrupted iterations
default   [  65% ] 600/600 VUs  3m55.7s/6m00.0s

running (3m56.7s), 600/600 VUs, 232319 complete and 0 interrupted iterations
default   [  66% ] 600/600 VUs  3m56.7s/6m00.0s

running (3m57.7s), 600/600 VUs, 233318 complete and 0 interrupted iterations
default   [  66% ] 600/600 VUs  3m57.7s/6m00.0s

running (3m58.7s), 600/600 VUs, 234311 complete and 0 interrupted iterations
default   [  66% ] 600/600 VUs  3m58.7s/6m00.0s

running (3m59.7s), 600/600 VUs, 235289 complete and 0 interrupted iterations
default   [  67% ] 600/600 VUs  3m59.7s/6m00.0s

running (4m00.7s), 600/600 VUs, 236278 complete and 0 interrupted iterations
default   [  67% ] 600/600 VUs  4m00.7s/6m00.0s

running (4m01.7s), 600/600 VUs, 237269 complete and 0 interrupted iterations
default   [  67% ] 600/600 VUs  4m01.7s/6m00.0s

running (4m02.7s), 600/600 VUs, 238258 complete and 0 interrupted iterations
default   [  67% ] 600/600 VUs  4m02.7s/6m00.0s

running (4m03.7s), 600/600 VUs, 239244 complete and 0 interrupted iterations
default   [  68% ] 600/600 VUs  4m03.7s/6m00.0s

running (4m04.7s), 600/600 VUs, 240237 complete and 0 interrupted iterations
default   [  68% ] 600/600 VUs  4m04.7s/6m00.0s

running (4m05.7s), 600/600 VUs, 241224 complete and 0 interrupted iterations
default   [  68% ] 600/600 VUs  4m05.7s/6m00.0s

running (4m06.7s), 600/600 VUs, 242209 complete and 0 interrupted iterations
default   [  69% ] 600/600 VUs  4m06.7s/6m00.0s

running (4m07.7s), 600/600 VUs, 243195 complete and 0 interrupted iterations
default   [  69% ] 600/600 VUs  4m07.7s/6m00.0s

running (4m08.7s), 600/600 VUs, 244188 complete and 0 interrupted iterations
default   [  69% ] 600/600 VUs  4m08.7s/6m00.0s

running (4m09.7s), 600/600 VUs, 245167 complete and 0 interrupted iterations
default   [  69% ] 600/600 VUs  4m09.7s/6m00.0s

running (4m10.7s), 600/600 VUs, 246163 complete and 0 interrupted iterations
default   [  70% ] 600/600 VUs  4m10.7s/6m00.0s

running (4m11.7s), 600/600 VUs, 247150 complete and 0 interrupted iterations
default   [  70% ] 600/600 VUs  4m11.7s/6m00.0s

running (4m12.7s), 600/600 VUs, 248141 complete and 0 interrupted iterations
default   [  70% ] 600/600 VUs  4m12.7s/6m00.0s

running (4m13.7s), 600/600 VUs, 249127 complete and 0 interrupted iterations
default   [  70% ] 600/600 VUs  4m13.7s/6m00.0s

running (4m14.7s), 600/600 VUs, 250117 complete and 0 interrupted iterations
default   [  71% ] 600/600 VUs  4m14.7s/6m00.0s

running (4m15.7s), 600/600 VUs, 251117 complete and 0 interrupted iterations
default   [  71% ] 600/600 VUs  4m15.7s/6m00.0s

running (4m16.7s), 600/600 VUs, 252091 complete and 0 interrupted iterations
default   [  71% ] 600/600 VUs  4m16.7s/6m00.0s

running (4m17.7s), 600/600 VUs, 253067 complete and 0 interrupted iterations
default   [  72% ] 600/600 VUs  4m17.7s/6m00.0s

running (4m18.7s), 600/600 VUs, 254067 complete and 0 interrupted iterations
default   [  72% ] 600/600 VUs  4m18.7s/6m00.0s

running (4m19.7s), 600/600 VUs, 255041 complete and 0 interrupted iterations
default   [  72% ] 600/600 VUs  4m19.7s/6m00.0s

running (4m20.7s), 600/600 VUs, 256041 complete and 0 interrupted iterations
default   [  72% ] 600/600 VUs  4m20.7s/6m00.0s

running (4m21.7s), 600/600 VUs, 257026 complete and 0 interrupted iterations
default   [  73% ] 600/600 VUs  4m21.7s/6m00.0s

running (4m22.7s), 600/600 VUs, 258005 complete and 0 interrupted iterations
default   [  73% ] 600/600 VUs  4m22.7s/6m00.0s

running (4m23.7s), 600/600 VUs, 258991 complete and 0 interrupted iterations
default   [  73% ] 600/600 VUs  4m23.7s/6m00.0s

running (4m24.7s), 600/600 VUs, 259991 complete and 0 interrupted iterations
default   [  74% ] 600/600 VUs  4m24.7s/6m00.0s

running (4m25.7s), 600/600 VUs, 260983 complete and 0 interrupted iterations
default   [  74% ] 600/600 VUs  4m25.7s/6m00.0s

running (4m26.7s), 600/600 VUs, 261941 complete and 0 interrupted iterations
default   [  74% ] 600/600 VUs  4m26.7s/6m00.0s

running (4m27.7s), 600/600 VUs, 262941 complete and 0 interrupted iterations
default   [  74% ] 600/600 VUs  4m27.7s/6m00.0s

running (4m28.7s), 600/600 VUs, 263941 complete and 0 interrupted iterations
default   [  75% ] 600/600 VUs  4m28.7s/6m00.0s

running (4m29.7s), 600/600 VUs, 264936 complete and 0 interrupted iterations
default   [  75% ] 600/600 VUs  4m29.7s/6m00.0s

running (4m30.7s), 600/600 VUs, 265891 complete and 0 interrupted iterations
default   [  75% ] 600/600 VUs  4m30.7s/6m00.0s

running (4m31.7s), 600/600 VUs, 266891 complete and 0 interrupted iterations
default   [  75% ] 600/600 VUs  4m31.7s/6m00.0s

running (4m32.7s), 600/600 VUs, 267882 complete and 0 interrupted iterations
default   [  76% ] 600/600 VUs  4m32.7s/6m00.0s

running (4m33.7s), 600/600 VUs, 268849 complete and 0 interrupted iterations
default   [  76% ] 600/600 VUs  4m33.7s/6m00.0s

running (4m34.7s), 600/600 VUs, 269841 complete and 0 interrupted iterations
default   [  76% ] 600/600 VUs  4m34.7s/6m00.0s

running (4m35.7s), 600/600 VUs, 270841 complete and 0 interrupted iterations
default   [  77% ] 600/600 VUs  4m35.7s/6m00.0s

running (4m36.7s), 600/600 VUs, 271813 complete and 0 interrupted iterations
default   [  77% ] 600/600 VUs  4m36.7s/6m00.0s

running (4m37.7s), 600/600 VUs, 272791 complete and 0 interrupted iterations
default   [  77% ] 600/600 VUs  4m37.7s/6m00.0s

running (4m38.7s), 600/600 VUs, 273791 complete and 0 interrupted iterations
default   [  77% ] 600/600 VUs  4m38.7s/6m00.0s

running (4m39.7s), 600/600 VUs, 274791 complete and 0 interrupted iterations
default   [  78% ] 600/600 VUs  4m39.7s/6m00.0s

running (4m40.7s), 600/600 VUs, 275772 complete and 0 interrupted iterations
default   [  78% ] 600/600 VUs  4m40.7s/6m00.0s

running (4m41.7s), 600/600 VUs, 276741 complete and 0 interrupted iterations
default   [  78% ] 600/600 VUs  4m41.7s/6m00.0s

running (4m42.7s), 600/600 VUs, 277741 complete and 0 interrupted iterations
default   [  79% ] 600/600 VUs  4m42.7s/6m00.0s

running (4m43.7s), 600/600 VUs, 278741 complete and 0 interrupted iterations
default   [  79% ] 600/600 VUs  4m43.7s/6m00.0s

running (4m44.7s), 600/600 VUs, 279707 complete and 0 interrupted iterations
default   [  79% ] 600/600 VUs  4m44.7s/6m00.0s

running (4m45.7s), 600/600 VUs, 280691 complete and 0 interrupted iterations
default   [  79% ] 600/600 VUs  4m45.7s/6m00.0s

running (4m46.7s), 600/600 VUs, 281691 complete and 0 interrupted iterations
default   [  80% ] 600/600 VUs  4m46.7s/6m00.0s

running (4m47.7s), 600/600 VUs, 282685 complete and 0 interrupted iterations
default   [  80% ] 600/600 VUs  4m47.7s/6m00.0s

running (4m48.7s), 600/600 VUs, 283641 complete and 0 interrupted iterations
default   [  80% ] 600/600 VUs  4m48.7s/6m00.0s

running (4m49.7s), 600/600 VUs, 284641 complete and 0 interrupted iterations
default   [  80% ] 600/600 VUs  4m49.7s/6m00.0s

running (4m50.7s), 600/600 VUs, 285641 complete and 0 interrupted iterations
default   [  81% ] 600/600 VUs  4m50.7s/6m00.0s

running (4m51.7s), 600/600 VUs, 286631 complete and 0 interrupted iterations
default   [  81% ] 600/600 VUs  4m51.7s/6m00.0s

running (4m52.7s), 600/600 VUs, 287591 complete and 0 interrupted iterations
default   [  81% ] 600/600 VUs  4m52.7s/6m00.0s

running (4m53.7s), 600/600 VUs, 288591 complete and 0 interrupted iterations
default   [  82% ] 600/600 VUs  4m53.7s/6m00.0s

running (4m54.7s), 600/600 VUs, 289588 complete and 0 interrupted iterations
default   [  82% ] 600/600 VUs  4m54.7s/6m00.0s

running (4m55.7s), 600/600 VUs, 290579 complete and 0 interrupted iterations
default   [  82% ] 600/600 VUs  4m55.7s/6m00.0s

running (4m56.7s), 600/600 VUs, 291541 complete and 0 interrupted iterations
default   [  82% ] 600/600 VUs  4m56.7s/6m00.0s

running (4m57.7s), 600/600 VUs, 292541 complete and 0 interrupted iterations
default   [  83% ] 600/600 VUs  4m57.7s/6m00.0s

running (4m58.7s), 600/600 VUs, 293530 complete and 0 interrupted iterations
default   [  83% ] 600/600 VUs  4m58.7s/6m00.0s

running (4m59.7s), 600/600 VUs, 294491 complete and 0 interrupted iterations
default   [  83% ] 600/600 VUs  4m59.7s/6m00.0s

running (5m00.7s), 600/600 VUs, 295491 complete and 0 interrupted iterations
default   [  84% ] 600/600 VUs  5m00.7s/6m00.0s

running (5m01.7s), 600/600 VUs, 296491 complete and 0 interrupted iterations
default   [  84% ] 600/600 VUs  5m01.7s/6m00.0s

running (5m02.7s), 600/600 VUs, 297466 complete and 0 interrupted iterations
default   [  84% ] 600/600 VUs  5m02.7s/6m00.0s

running (5m03.7s), 600/600 VUs, 298441 complete and 0 interrupted iterations
default   [  84% ] 600/600 VUs  5m03.7s/6m00.0s

running (5m04.7s), 600/600 VUs, 299441 complete and 0 interrupted iterations
default   [  85% ] 600/600 VUs  5m04.7s/6m00.0s

running (5m05.7s), 600/600 VUs, 300441 complete and 0 interrupted iterations
default   [  85% ] 600/600 VUs  5m05.7s/6m00.0s

running (5m06.7s), 600/600 VUs, 301391 complete and 0 interrupted iterations
default   [  85% ] 600/600 VUs  5m06.7s/6m00.0s

running (5m07.7s), 600/600 VUs, 302391 complete and 0 interrupted iterations
default   [  85% ] 600/600 VUs  5m07.7s/6m00.0s

running (5m08.7s), 600/600 VUs, 303388 complete and 0 interrupted iterations
default   [  86% ] 600/600 VUs  5m08.7s/6m00.0s

running (5m09.7s), 600/600 VUs, 304388 complete and 0 interrupted iterations
default   [  86% ] 600/600 VUs  5m09.7s/6m00.0s

running (5m10.7s), 600/600 VUs, 305341 complete and 0 interrupted iterations
default   [  86% ] 600/600 VUs  5m10.7s/6m00.0s

running (5m11.7s), 600/600 VUs, 306341 complete and 0 interrupted iterations
default   [  87% ] 600/600 VUs  5m11.7s/6m00.0s

running (5m12.7s), 600/600 VUs, 307337 complete and 0 interrupted iterations
default   [  87% ] 600/600 VUs  5m12.7s/6m00.0s

running (5m13.7s), 600/600 VUs, 308291 complete and 0 interrupted iterations
default   [  87% ] 600/600 VUs  5m13.7s/6m00.0s

running (5m14.7s), 600/600 VUs, 309291 complete and 0 interrupted iterations
default   [  87% ] 600/600 VUs  5m14.7s/6m00.0s

running (5m15.7s), 600/600 VUs, 310261 complete and 0 interrupted iterations
default   [  88% ] 600/600 VUs  5m15.7s/6m00.0s

running (5m16.7s), 600/600 VUs, 311241 complete and 0 interrupted iterations
default   [  88% ] 600/600 VUs  5m16.7s/6m00.0s

running (5m17.7s), 600/600 VUs, 312241 complete and 0 interrupted iterations
default   [  88% ] 600/600 VUs  5m17.7s/6m00.0s

running (5m18.7s), 600/600 VUs, 313203 complete and 0 interrupted iterations
default   [  89% ] 600/600 VUs  5m18.7s/6m00.0s

running (5m19.7s), 600/600 VUs, 314191 complete and 0 interrupted iterations
default   [  89% ] 600/600 VUs  5m19.7s/6m00.0s

running (5m20.7s), 600/600 VUs, 315191 complete and 0 interrupted iterations
default   [  89% ] 600/600 VUs  5m20.7s/6m00.0s

running (5m21.7s), 600/600 VUs, 316169 complete and 0 interrupted iterations
default   [  89% ] 600/600 VUs  5m21.7s/6m00.0s

running (5m22.7s), 600/600 VUs, 317152 complete and 0 interrupted iterations
default   [  90% ] 600/600 VUs  5m22.7s/6m00.0s

running (5m23.7s), 600/600 VUs, 318141 complete and 0 interrupted iterations
default   [  90% ] 600/600 VUs  5m23.7s/6m00.0s

running (5m24.7s), 600/600 VUs, 319131 complete and 0 interrupted iterations
default   [  90% ] 600/600 VUs  5m24.7s/6m00.0s

running (5m25.7s), 600/600 VUs, 320117 complete and 0 interrupted iterations
default   [  90% ] 600/600 VUs  5m25.7s/6m00.0s

running (5m26.7s), 600/600 VUs, 321091 complete and 0 interrupted iterations
default   [  91% ] 600/600 VUs  5m26.7s/6m00.0s

running (5m27.7s), 600/600 VUs, 322091 complete and 0 interrupted iterations
default   [  91% ] 600/600 VUs  5m27.7s/6m00.0s

running (5m28.7s), 600/600 VUs, 323087 complete and 0 interrupted iterations
default   [  91% ] 600/600 VUs  5m28.7s/6m00.0s

running (5m29.7s), 600/600 VUs, 324068 complete and 0 interrupted iterations
default   [  92% ] 600/600 VUs  5m29.7s/6m00.0s

running (5m30.7s), 591/600 VUs, 325049 complete and 0 interrupted iterations
default   [  92% ] 591/600 VUs  5m30.7s/6m00.0s

running (5m31.7s), 573/600 VUs, 326041 complete and 0 interrupted iterations
default   [  92% ] 573/600 VUs  5m31.7s/6m00.0s

running (5m32.7s), 553/600 VUs, 327018 complete and 0 interrupted iterations
default   [  92% ] 553/600 VUs  5m32.7s/6m00.0s

running (5m33.7s), 532/600 VUs, 328018 complete and 0 interrupted iterations
default   [  93% ] 532/600 VUs  5m33.7s/6m00.0s

running (5m34.7s), 511/600 VUs, 329009 complete and 0 interrupted iterations
default   [  93% ] 511/600 VUs  5m34.7s/6m00.0s

running (5m35.7s), 492/600 VUs, 329981 complete and 0 interrupted iterations
default   [  93% ] 492/600 VUs  5m35.7s/6m00.0s

running (5m36.7s), 471/600 VUs, 330968 complete and 0 interrupted iterations
default   [  94% ] 471/600 VUs  5m36.7s/6m00.0s

running (5m37.7s), 450/600 VUs, 331968 complete and 0 interrupted iterations
default   [  94% ] 450/600 VUs  5m37.7s/6m00.0s

running (5m38.7s), 430/600 VUs, 332968 complete and 0 interrupted iterations
default   [  94% ] 430/600 VUs  5m38.7s/6m00.0s

running (5m39.7s), 411/600 VUs, 333942 complete and 0 interrupted iterations
default   [  94% ] 411/600 VUs  5m39.7s/6m00.0s

running (5m40.7s), 390/600 VUs, 334918 complete and 0 interrupted iterations
default   [  95% ] 390/600 VUs  5m40.7s/6m00.0s

running (5m41.7s), 370/600 VUs, 335918 complete and 0 interrupted iterations
default   [  95% ] 370/600 VUs  5m41.7s/6m00.0s

running (5m42.7s), 350/600 VUs, 336918 complete and 0 interrupted iterations
default   [  95% ] 350/600 VUs  5m42.7s/6m00.0s

running (5m43.7s), 329/600 VUs, 337888 complete and 0 interrupted iterations
default   [  95% ] 329/600 VUs  5m43.7s/6m00.0s

running (5m44.7s), 309/600 VUs, 338868 complete and 0 interrupted iterations
default   [  96% ] 309/600 VUs  5m44.7s/6m00.0s

running (5m45.7s), 288/600 VUs, 339868 complete and 0 interrupted iterations
default   [  96% ] 288/600 VUs  5m45.7s/6m00.0s

running (5m46.7s), 268/600 VUs, 340856 complete and 0 interrupted iterations
default   [  96% ] 268/600 VUs  5m46.7s/6m00.0s

running (5m47.7s), 249/600 VUs, 341826 complete and 0 interrupted iterations
default   [  97% ] 249/600 VUs  5m47.7s/6m00.0s

running (5m48.7s), 229/600 VUs, 342818 complete and 0 interrupted iterations
default   [  97% ] 229/600 VUs  5m48.7s/6m00.0s

running (5m49.7s), 207/600 VUs, 343818 complete and 0 interrupted iterations
default   [  97% ] 207/600 VUs  5m49.7s/6m00.0s

running (5m50.7s), 188/600 VUs, 344814 complete and 0 interrupted iterations
default   [  97% ] 188/600 VUs  5m50.7s/6m00.0s

running (5m51.7s), 168/600 VUs, 345781 complete and 0 interrupted iterations
default   [  98% ] 168/600 VUs  5m51.7s/6m00.0s

running (5m52.7s), 148/600 VUs, 346768 complete and 0 interrupted iterations
default   [  98% ] 148/600 VUs  5m52.7s/6m00.0s

running (5m53.7s), 127/600 VUs, 347768 complete and 0 interrupted iterations
default   [  98% ] 127/600 VUs  5m53.7s/6m00.0s

running (5m54.7s), 107/600 VUs, 348764 complete and 0 interrupted iterations
default   [  99% ] 107/600 VUs  5m54.7s/6m00.0s

running (5m55.7s), 086/600 VUs, 349742 complete and 0 interrupted iterations
default   [  99% ] 086/600 VUs  5m55.7s/6m00.0s

running (5m56.7s), 067/600 VUs, 350718 complete and 0 interrupted iterations
default   [  99% ] 067/600 VUs  5m56.7s/6m00.0s

running (5m57.7s), 046/600 VUs, 351712 complete and 0 interrupted iterations
default   [  99% ] 046/600 VUs  5m57.7s/6m00.0s

running (5m58.7s), 027/600 VUs, 352439 complete and 0 interrupted iterations
default   [ 100% ] 027/600 VUs  5m58.7s/6m00.0s

running (5m59.7s), 006/600 VUs, 352763 complete and 0 interrupted iterations
default   [ 100% ] 006/600 VUs  5m59.7s/6m00.0s


  █ THRESHOLDS 

    checks
    ✓ 'rate>0.95' rate=100.00%

    http_req_duration
    ✓ 'p(95)<5000' p(95)=612.12ms
    ✓ 'p(99)<10000' p(99)=619.4ms

    http_req_failed
    ✓ 'rate<0.05' rate=0.00%


  █ TOTAL RESULTS 

    checks_total.......: 1411136 3919.746543/s
    checks_succeeded...: 100.00% 1411136 out of 1411136
    checks_failed......: 0.00%   0 out of 1411136

    ✓ status is 200
    ✓ content-type is json
    ✓ workloadType is IO-BOUND
    ✓ executionTimeMs exists

    CUSTOM
    response_time_ms...............: min=50.754414 avg=561.40547 med=607.135787 max=691.87376 p(90)=610.082758 p(95)=612.122149 p(99)=619.402374
    successful_requests............: 352784 979.936636/s

    HTTP
    http_req_duration..............: min=50.75ms   avg=561.4ms   med=607.13ms   max=691.87ms  p(90)=610.08ms   p(95)=612.12ms   p(99)=619.4ms   
      { expected_response:true }...: min=50.75ms   avg=561.4ms   med=607.13ms   max=691.87ms  p(90)=610.08ms   p(95)=612.12ms   p(99)=619.4ms   
    http_req_failed................: 0.00%  0 out of 352784
    http_reqs......................: 352784 979.936636/s

    EXECUTION
    iteration_duration.............: min=50.86ms   avg=561.55ms  med=607.27ms   max=692.03ms  p(90)=610.23ms   p(95)=612.27ms   p(99)=619.56ms  
    iterations.....................: 352784 979.936636/s
    vus............................: 6      min=6           max=600
    vus_max........................: 600    min=600         max=600

    NETWORK
    data_received..................: 78 MB  216 kB/s
    data_sent......................: 28 MB  77 kB/s




running (6m00.0s), 000/600 VUs, 352784 complete and 0 interrupted iterations
default ✓ [ 100% ] 000/600 VUs  6m0s
