
         /\      Grafana   /‾‾/  
    /\  /  \     |\  __   /  /   
   /  \/    \    | |/ /  /   ‾‾\ 
  /          \   |   (  |  (‾)  |
 / __________ \  |_|\_\  \_____/ 


     execution: local
        script: cpu-bound-test.js
        output: -

     scenarios: (100.00%) 1 scenario, 10 max VUs, 4m30s max duration (incl. graceful stop):
              * default: Up to 10 looping VUs for 4m0s over 3 stages (gracefulRampDown: 30s, gracefulStop: 30s)


running (0m01.0s), 01/10 VUs, 17 complete and 0 interrupted iterations
default   [   0% ] 01/10 VUs  0m01.0s/4m00.0s

running (0m02.0s), 01/10 VUs, 34 complete and 0 interrupted iterations
default   [   1% ] 01/10 VUs  0m02.0s/4m00.0s

running (0m03.0s), 01/10 VUs, 51 complete and 0 interrupted iterations
default   [   1% ] 01/10 VUs  0m03.0s/4m00.0s

running (0m04.0s), 02/10 VUs, 79 complete and 0 interrupted iterations
default   [   2% ] 02/10 VUs  0m04.0s/4m00.0s

running (0m05.0s), 02/10 VUs, 112 complete and 0 interrupted iterations
default   [   2% ] 02/10 VUs  0m05.0s/4m00.0s

running (0m06.0s), 02/10 VUs, 146 complete and 0 interrupted iterations
default   [   2% ] 02/10 VUs  0m06.0s/4m00.0s

running (0m07.0s), 03/10 VUs, 180 complete and 0 interrupted iterations
default   [   3% ] 03/10 VUs  0m07.0s/4m00.0s

running (0m08.0s), 03/10 VUs, 214 complete and 0 interrupted iterations
default   [   3% ] 03/10 VUs  0m08.0s/4m00.0s

running (0m09.0s), 03/10 VUs, 249 complete and 0 interrupted iterations
default   [   4% ] 03/10 VUs  0m09.0s/4m00.0s

running (0m10.0s), 03/10 VUs, 283 complete and 0 interrupted iterations
default   [   4% ] 03/10 VUs  0m10.0s/4m00.0s

running (0m11.0s), 04/10 VUs, 316 complete and 0 interrupted iterations
default   [   5% ] 04/10 VUs  0m11.0s/4m00.0s

running (0m12.0s), 04/10 VUs, 350 complete and 0 interrupted iterations
default   [   5% ] 04/10 VUs  0m12.0s/4m00.0s

running (0m13.0s), 04/10 VUs, 384 complete and 0 interrupted iterations
default   [   5% ] 04/10 VUs  0m13.0s/4m00.0s

running (0m14.0s), 05/10 VUs, 418 complete and 0 interrupted iterations
default   [   6% ] 05/10 VUs  0m14.0s/4m00.0s

running (0m15.0s), 05/10 VUs, 452 complete and 0 interrupted iterations
default   [   6% ] 05/10 VUs  0m15.0s/4m00.0s

running (0m16.0s), 05/10 VUs, 484 complete and 0 interrupted iterations
default   [   7% ] 05/10 VUs  0m16.0s/4m00.0s

running (0m17.0s), 06/10 VUs, 520 complete and 0 interrupted iterations
default   [   7% ] 06/10 VUs  0m17.0s/4m00.0s

running (0m18.0s), 06/10 VUs, 552 complete and 0 interrupted iterations
default   [   7% ] 06/10 VUs  0m18.0s/4m00.0s

running (0m19.0s), 06/10 VUs, 588 complete and 0 interrupted iterations
default   [   8% ] 06/10 VUs  0m19.0s/4m00.0s

running (0m20.0s), 06/10 VUs, 621 complete and 0 interrupted iterations
default   [   8% ] 06/10 VUs  0m20.0s/4m00.0s

running (0m21.0s), 07/10 VUs, 655 complete and 0 interrupted iterations
default   [   9% ] 07/10 VUs  0m21.0s/4m00.0s

running (0m22.0s), 07/10 VUs, 688 complete and 0 interrupted iterations
default   [   9% ] 07/10 VUs  0m22.0s/4m00.0s

running (0m23.0s), 07/10 VUs, 723 complete and 0 interrupted iterations
default   [  10% ] 07/10 VUs  0m23.0s/4m00.0s

running (0m24.0s), 08/10 VUs, 756 complete and 0 interrupted iterations
default   [  10% ] 08/10 VUs  0m24.0s/4m00.0s

running (0m25.0s), 08/10 VUs, 789 complete and 0 interrupted iterations
default   [  10% ] 08/10 VUs  0m25.0s/4m00.0s

running (0m26.0s), 08/10 VUs, 824 complete and 0 interrupted iterations
default   [  11% ] 08/10 VUs  0m26.0s/4m00.0s

running (0m27.0s), 09/10 VUs, 857 complete and 0 interrupted iterations
default   [  11% ] 09/10 VUs  0m27.0s/4m00.0s

running (0m28.0s), 09/10 VUs, 892 complete and 0 interrupted iterations
default   [  12% ] 09/10 VUs  0m28.0s/4m00.0s

running (0m29.0s), 09/10 VUs, 925 complete and 0 interrupted iterations
default   [  12% ] 09/10 VUs  0m29.0s/4m00.0s

running (0m30.0s), 09/10 VUs, 960 complete and 0 interrupted iterations
default   [  12% ] 09/10 VUs  0m30.0s/4m00.0s

running (0m31.0s), 10/10 VUs, 993 complete and 0 interrupted iterations
default   [  13% ] 10/10 VUs  0m31.0s/4m00.0s

running (0m32.0s), 10/10 VUs, 1026 complete and 0 interrupted iterations
default   [  13% ] 10/10 VUs  0m32.0s/4m00.0s

running (0m33.0s), 10/10 VUs, 1060 complete and 0 interrupted iterations
default   [  14% ] 10/10 VUs  0m33.0s/4m00.0s

running (0m34.0s), 10/10 VUs, 1094 complete and 0 interrupted iterations
default   [  14% ] 10/10 VUs  0m34.0s/4m00.0s

running (0m35.0s), 10/10 VUs, 1128 complete and 0 interrupted iterations
default   [  15% ] 10/10 VUs  0m35.0s/4m00.0s

running (0m36.0s), 10/10 VUs, 1161 complete and 0 interrupted iterations
default   [  15% ] 10/10 VUs  0m36.0s/4m00.0s

running (0m37.0s), 10/10 VUs, 1196 complete and 0 interrupted iterations
default   [  15% ] 10/10 VUs  0m37.0s/4m00.0s

running (0m38.0s), 10/10 VUs, 1229 complete and 0 interrupted iterations
default   [  16% ] 10/10 VUs  0m38.0s/4m00.0s

running (0m39.0s), 10/10 VUs, 1264 complete and 0 interrupted iterations
default   [  16% ] 10/10 VUs  0m39.0s/4m00.0s

running (0m40.0s), 10/10 VUs, 1297 complete and 0 interrupted iterations
default   [  17% ] 10/10 VUs  0m40.0s/4m00.0s

running (0m41.0s), 10/10 VUs, 1331 complete and 0 interrupted iterations
default   [  17% ] 10/10 VUs  0m41.0s/4m00.0s

running (0m42.0s), 10/10 VUs, 1365 complete and 0 interrupted iterations
default   [  17% ] 10/10 VUs  0m42.0s/4m00.0s

running (0m43.0s), 10/10 VUs, 1399 complete and 0 interrupted iterations
default   [  18% ] 10/10 VUs  0m43.0s/4m00.0s

running (0m44.0s), 10/10 VUs, 1432 complete and 0 interrupted iterations
default   [  18% ] 10/10 VUs  0m44.0s/4m00.0s

running (0m45.0s), 10/10 VUs, 1466 complete and 0 interrupted iterations
default   [  19% ] 10/10 VUs  0m45.0s/4m00.0s

running (0m46.0s), 10/10 VUs, 1500 complete and 0 interrupted iterations
default   [  19% ] 10/10 VUs  0m46.0s/4m00.0s

running (0m47.0s), 10/10 VUs, 1534 complete and 0 interrupted iterations
default   [  20% ] 10/10 VUs  0m47.0s/4m00.0s

running (0m48.0s), 10/10 VUs, 1568 complete and 0 interrupted iterations
default   [  20% ] 10/10 VUs  0m48.0s/4m00.0s

running (0m49.0s), 10/10 VUs, 1602 complete and 0 interrupted iterations
default   [  20% ] 10/10 VUs  0m49.0s/4m00.0s

running (0m50.0s), 10/10 VUs, 1636 complete and 0 interrupted iterations
default   [  21% ] 10/10 VUs  0m50.0s/4m00.0s

running (0m51.0s), 10/10 VUs, 1669 complete and 0 interrupted iterations
default   [  21% ] 10/10 VUs  0m51.0s/4m00.0s

running (0m52.0s), 10/10 VUs, 1704 complete and 0 interrupted iterations
default   [  22% ] 10/10 VUs  0m52.0s/4m00.0s

running (0m53.0s), 10/10 VUs, 1737 complete and 0 interrupted iterations
default   [  22% ] 10/10 VUs  0m53.0s/4m00.0s

running (0m54.0s), 10/10 VUs, 1771 complete and 0 interrupted iterations
default   [  22% ] 10/10 VUs  0m54.0s/4m00.0s

running (0m55.0s), 10/10 VUs, 1805 complete and 0 interrupted iterations
default   [  23% ] 10/10 VUs  0m55.0s/4m00.0s

running (0m56.0s), 10/10 VUs, 1838 complete and 0 interrupted iterations
default   [  23% ] 10/10 VUs  0m56.0s/4m00.0s

running (0m57.0s), 10/10 VUs, 1873 complete and 0 interrupted iterations
default   [  24% ] 10/10 VUs  0m57.0s/4m00.0s

running (0m58.0s), 10/10 VUs, 1906 complete and 0 interrupted iterations
default   [  24% ] 10/10 VUs  0m58.0s/4m00.0s

running (0m59.0s), 10/10 VUs, 1941 complete and 0 interrupted iterations
default   [  25% ] 10/10 VUs  0m59.0s/4m00.0s

running (1m00.0s), 10/10 VUs, 1974 complete and 0 interrupted iterations
default   [  25% ] 10/10 VUs  1m00.0s/4m00.0s

running (1m01.0s), 10/10 VUs, 2009 complete and 0 interrupted iterations
default   [  25% ] 10/10 VUs  1m01.0s/4m00.0s

running (1m02.0s), 10/10 VUs, 2041 complete and 0 interrupted iterations
default   [  26% ] 10/10 VUs  1m02.0s/4m00.0s

running (1m03.0s), 10/10 VUs, 2076 complete and 0 interrupted iterations
default   [  26% ] 10/10 VUs  1m03.0s/4m00.0s

running (1m04.0s), 10/10 VUs, 2110 complete and 0 interrupted iterations
default   [  27% ] 10/10 VUs  1m04.0s/4m00.0s

running (1m05.0s), 10/10 VUs, 2144 complete and 0 interrupted iterations
default   [  27% ] 10/10 VUs  1m05.0s/4m00.0s

running (1m06.0s), 10/10 VUs, 2177 complete and 0 interrupted iterations
default   [  27% ] 10/10 VUs  1m06.0s/4m00.0s

running (1m07.0s), 10/10 VUs, 2212 complete and 0 interrupted iterations
default   [  28% ] 10/10 VUs  1m07.0s/4m00.0s

running (1m08.0s), 10/10 VUs, 2245 complete and 0 interrupted iterations
default   [  28% ] 10/10 VUs  1m08.0s/4m00.0s

running (1m09.0s), 10/10 VUs, 2280 complete and 0 interrupted iterations
default   [  29% ] 10/10 VUs  1m09.0s/4m00.0s

running (1m10.0s), 10/10 VUs, 2313 complete and 0 interrupted iterations
default   [  29% ] 10/10 VUs  1m10.0s/4m00.0s

running (1m11.0s), 10/10 VUs, 2348 complete and 0 interrupted iterations
default   [  30% ] 10/10 VUs  1m11.0s/4m00.0s

running (1m12.0s), 10/10 VUs, 2381 complete and 0 interrupted iterations
default   [  30% ] 10/10 VUs  1m12.0s/4m00.0s

running (1m13.0s), 10/10 VUs, 2414 complete and 0 interrupted iterations
default   [  30% ] 10/10 VUs  1m13.0s/4m00.0s

running (1m14.0s), 10/10 VUs, 2448 complete and 0 interrupted iterations
default   [  31% ] 10/10 VUs  1m14.0s/4m00.0s

running (1m15.0s), 10/10 VUs, 2483 complete and 0 interrupted iterations
default   [  31% ] 10/10 VUs  1m15.0s/4m00.0s

running (1m16.0s), 10/10 VUs, 2516 complete and 0 interrupted iterations
default   [  32% ] 10/10 VUs  1m16.0s/4m00.0s

running (1m17.0s), 10/10 VUs, 2551 complete and 0 interrupted iterations
default   [  32% ] 10/10 VUs  1m17.0s/4m00.0s

running (1m18.0s), 10/10 VUs, 2583 complete and 0 interrupted iterations
default   [  32% ] 10/10 VUs  1m18.0s/4m00.0s

running (1m19.0s), 10/10 VUs, 2618 complete and 0 interrupted iterations
default   [  33% ] 10/10 VUs  1m19.0s/4m00.0s

running (1m20.0s), 10/10 VUs, 2651 complete and 0 interrupted iterations
default   [  33% ] 10/10 VUs  1m20.0s/4m00.0s

running (1m21.0s), 10/10 VUs, 2685 complete and 0 interrupted iterations
default   [  34% ] 10/10 VUs  1m21.0s/4m00.0s

running (1m22.0s), 10/10 VUs, 2719 complete and 0 interrupted iterations
default   [  34% ] 10/10 VUs  1m22.0s/4m00.0s

running (1m23.0s), 10/10 VUs, 2753 complete and 0 interrupted iterations
default   [  35% ] 10/10 VUs  1m23.0s/4m00.0s

running (1m24.0s), 10/10 VUs, 2787 complete and 0 interrupted iterations
default   [  35% ] 10/10 VUs  1m24.0s/4m00.0s

running (1m25.0s), 10/10 VUs, 2820 complete and 0 interrupted iterations
default   [  35% ] 10/10 VUs  1m25.0s/4m00.0s

running (1m26.0s), 10/10 VUs, 2855 complete and 0 interrupted iterations
default   [  36% ] 10/10 VUs  1m26.0s/4m00.0s

running (1m27.0s), 10/10 VUs, 2888 complete and 0 interrupted iterations
default   [  36% ] 10/10 VUs  1m27.0s/4m00.0s

running (1m28.0s), 10/10 VUs, 2923 complete and 0 interrupted iterations
default   [  37% ] 10/10 VUs  1m28.0s/4m00.0s

running (1m29.0s), 10/10 VUs, 2956 complete and 0 interrupted iterations
default   [  37% ] 10/10 VUs  1m29.0s/4m00.0s

running (1m30.0s), 10/10 VUs, 2990 complete and 0 interrupted iterations
default   [  37% ] 10/10 VUs  1m30.0s/4m00.0s

running (1m31.0s), 10/10 VUs, 3023 complete and 0 interrupted iterations
default   [  38% ] 10/10 VUs  1m31.0s/4m00.0s

running (1m32.0s), 10/10 VUs, 3057 complete and 0 interrupted iterations
default   [  38% ] 10/10 VUs  1m32.0s/4m00.0s

running (1m33.0s), 10/10 VUs, 3091 complete and 0 interrupted iterations
default   [  39% ] 10/10 VUs  1m33.0s/4m00.0s

running (1m34.0s), 10/10 VUs, 3125 complete and 0 interrupted iterations
default   [  39% ] 10/10 VUs  1m34.0s/4m00.0s

running (1m35.0s), 10/10 VUs, 3159 complete and 0 interrupted iterations
default   [  40% ] 10/10 VUs  1m35.0s/4m00.0s

running (1m36.0s), 10/10 VUs, 3193 complete and 0 interrupted iterations
default   [  40% ] 10/10 VUs  1m36.0s/4m00.0s

running (1m37.0s), 10/10 VUs, 3227 complete and 0 interrupted iterations
default   [  40% ] 10/10 VUs  1m37.0s/4m00.0s

running (1m38.0s), 10/10 VUs, 3260 complete and 0 interrupted iterations
default   [  41% ] 10/10 VUs  1m38.0s/4m00.0s

running (1m39.0s), 10/10 VUs, 3295 complete and 0 interrupted iterations
default   [  41% ] 10/10 VUs  1m39.0s/4m00.0s

running (1m40.0s), 10/10 VUs, 3328 complete and 0 interrupted iterations
default   [  42% ] 10/10 VUs  1m40.0s/4m00.0s

running (1m41.0s), 10/10 VUs, 3362 complete and 0 interrupted iterations
default   [  42% ] 10/10 VUs  1m41.0s/4m00.0s

running (1m42.0s), 10/10 VUs, 3396 complete and 0 interrupted iterations
default   [  42% ] 10/10 VUs  1m42.0s/4m00.0s

running (1m43.0s), 10/10 VUs, 3431 complete and 0 interrupted iterations
default   [  43% ] 10/10 VUs  1m43.0s/4m00.0s

running (1m44.0s), 10/10 VUs, 3464 complete and 0 interrupted iterations
default   [  43% ] 10/10 VUs  1m44.0s/4m00.0s

running (1m45.0s), 10/10 VUs, 3497 complete and 0 interrupted iterations
default   [  44% ] 10/10 VUs  1m45.0s/4m00.0s

running (1m46.0s), 10/10 VUs, 3532 complete and 0 interrupted iterations
default   [  44% ] 10/10 VUs  1m46.0s/4m00.0s

running (1m47.0s), 10/10 VUs, 3564 complete and 0 interrupted iterations
default   [  45% ] 10/10 VUs  1m47.0s/4m00.0s

running (1m48.0s), 10/10 VUs, 3600 complete and 0 interrupted iterations
default   [  45% ] 10/10 VUs  1m48.0s/4m00.0s

running (1m49.0s), 10/10 VUs, 3632 complete and 0 interrupted iterations
default   [  45% ] 10/10 VUs  1m49.0s/4m00.0s

running (1m50.0s), 10/10 VUs, 3667 complete and 0 interrupted iterations
default   [  46% ] 10/10 VUs  1m50.0s/4m00.0s

running (1m51.0s), 10/10 VUs, 3700 complete and 0 interrupted iterations
default   [  46% ] 10/10 VUs  1m51.0s/4m00.0s

running (1m52.0s), 10/10 VUs, 3735 complete and 0 interrupted iterations
default   [  47% ] 10/10 VUs  1m52.0s/4m00.0s

running (1m53.0s), 10/10 VUs, 3768 complete and 0 interrupted iterations
default   [  47% ] 10/10 VUs  1m53.0s/4m00.0s

running (1m54.0s), 10/10 VUs, 3802 complete and 0 interrupted iterations
default   [  47% ] 10/10 VUs  1m54.0s/4m00.0s

running (1m55.0s), 10/10 VUs, 3836 complete and 0 interrupted iterations
default   [  48% ] 10/10 VUs  1m55.0s/4m00.0s

running (1m56.0s), 10/10 VUs, 3870 complete and 0 interrupted iterations
default   [  48% ] 10/10 VUs  1m56.0s/4m00.0s

running (1m57.0s), 10/10 VUs, 3904 complete and 0 interrupted iterations
default   [  49% ] 10/10 VUs  1m57.0s/4m00.0s

running (1m58.0s), 10/10 VUs, 3937 complete and 0 interrupted iterations
default   [  49% ] 10/10 VUs  1m58.0s/4m00.0s

running (1m59.0s), 10/10 VUs, 3972 complete and 0 interrupted iterations
default   [  50% ] 10/10 VUs  1m59.0s/4m00.0s

running (2m00.0s), 10/10 VUs, 4006 complete and 0 interrupted iterations
default   [  50% ] 10/10 VUs  2m00.0s/4m00.0s

running (2m01.0s), 10/10 VUs, 4040 complete and 0 interrupted iterations
default   [  50% ] 10/10 VUs  2m01.0s/4m00.0s

running (2m02.0s), 10/10 VUs, 4073 complete and 0 interrupted iterations
default   [  51% ] 10/10 VUs  2m02.0s/4m00.0s

running (2m03.0s), 10/10 VUs, 4108 complete and 0 interrupted iterations
default   [  51% ] 10/10 VUs  2m03.0s/4m00.0s

running (2m04.0s), 10/10 VUs, 4140 complete and 0 interrupted iterations
default   [  52% ] 10/10 VUs  2m04.0s/4m00.0s

running (2m05.0s), 10/10 VUs, 4176 complete and 0 interrupted iterations
default   [  52% ] 10/10 VUs  2m05.0s/4m00.0s

running (2m06.0s), 10/10 VUs, 4208 complete and 0 interrupted iterations
default   [  52% ] 10/10 VUs  2m06.0s/4m00.0s

running (2m07.0s), 10/10 VUs, 4244 complete and 0 interrupted iterations
default   [  53% ] 10/10 VUs  2m07.0s/4m00.0s

running (2m08.0s), 10/10 VUs, 4276 complete and 0 interrupted iterations
default   [  53% ] 10/10 VUs  2m08.0s/4m00.0s

running (2m09.0s), 10/10 VUs, 4310 complete and 0 interrupted iterations
default   [  54% ] 10/10 VUs  2m09.0s/4m00.0s

running (2m10.0s), 10/10 VUs, 4344 complete and 0 interrupted iterations
default   [  54% ] 10/10 VUs  2m10.0s/4m00.0s

running (2m11.0s), 10/10 VUs, 4378 complete and 0 interrupted iterations
default   [  55% ] 10/10 VUs  2m11.0s/4m00.0s

running (2m12.0s), 10/10 VUs, 4412 complete and 0 interrupted iterations
default   [  55% ] 10/10 VUs  2m12.0s/4m00.0s

running (2m13.0s), 10/10 VUs, 4445 complete and 0 interrupted iterations
default   [  55% ] 10/10 VUs  2m13.0s/4m00.0s

running (2m14.0s), 10/10 VUs, 4480 complete and 0 interrupted iterations
default   [  56% ] 10/10 VUs  2m14.0s/4m00.0s

running (2m15.0s), 10/10 VUs, 4513 complete and 0 interrupted iterations
default   [  56% ] 10/10 VUs  2m15.0s/4m00.0s

running (2m16.0s), 10/10 VUs, 4548 complete and 0 interrupted iterations
default   [  57% ] 10/10 VUs  2m16.0s/4m00.0s

running (2m17.0s), 10/10 VUs, 4580 complete and 0 interrupted iterations
default   [  57% ] 10/10 VUs  2m17.0s/4m00.0s

running (2m18.0s), 10/10 VUs, 4616 complete and 0 interrupted iterations
default   [  57% ] 10/10 VUs  2m18.0s/4m00.0s

running (2m19.0s), 10/10 VUs, 4648 complete and 0 interrupted iterations
default   [  58% ] 10/10 VUs  2m19.0s/4m00.0s

running (2m20.0s), 10/10 VUs, 4682 complete and 0 interrupted iterations
default   [  58% ] 10/10 VUs  2m20.0s/4m00.0s

running (2m21.0s), 10/10 VUs, 4716 complete and 0 interrupted iterations
default   [  59% ] 10/10 VUs  2m21.0s/4m00.0s

running (2m22.0s), 10/10 VUs, 4750 complete and 0 interrupted iterations
default   [  59% ] 10/10 VUs  2m22.0s/4m00.0s

running (2m23.0s), 10/10 VUs, 4784 complete and 0 interrupted iterations
default   [  60% ] 10/10 VUs  2m23.0s/4m00.0s

running (2m24.0s), 10/10 VUs, 4818 complete and 0 interrupted iterations
default   [  60% ] 10/10 VUs  2m24.0s/4m00.0s

running (2m25.0s), 10/10 VUs, 4851 complete and 0 interrupted iterations
default   [  60% ] 10/10 VUs  2m25.0s/4m00.0s

running (2m26.0s), 10/10 VUs, 4886 complete and 0 interrupted iterations
default   [  61% ] 10/10 VUs  2m26.0s/4m00.0s

running (2m27.0s), 10/10 VUs, 4919 complete and 0 interrupted iterations
default   [  61% ] 10/10 VUs  2m27.0s/4m00.0s

running (2m28.0s), 10/10 VUs, 4954 complete and 0 interrupted iterations
default   [  62% ] 10/10 VUs  2m28.0s/4m00.0s

running (2m29.0s), 10/10 VUs, 4986 complete and 0 interrupted iterations
default   [  62% ] 10/10 VUs  2m29.0s/4m00.0s

running (2m30.0s), 10/10 VUs, 5022 complete and 0 interrupted iterations
default   [  62% ] 10/10 VUs  2m30.0s/4m00.0s

running (2m31.0s), 10/10 VUs, 5055 complete and 0 interrupted iterations
default   [  63% ] 10/10 VUs  2m31.0s/4m00.0s

running (2m32.0s), 10/10 VUs, 5089 complete and 0 interrupted iterations
default   [  63% ] 10/10 VUs  2m32.0s/4m00.0s

running (2m33.0s), 10/10 VUs, 5123 complete and 0 interrupted iterations
default   [  64% ] 10/10 VUs  2m33.0s/4m00.0s

running (2m34.0s), 10/10 VUs, 5157 complete and 0 interrupted iterations
default   [  64% ] 10/10 VUs  2m34.0s/4m00.0s

running (2m35.0s), 10/10 VUs, 5190 complete and 0 interrupted iterations
default   [  65% ] 10/10 VUs  2m35.0s/4m00.0s

running (2m36.0s), 10/10 VUs, 5224 complete and 0 interrupted iterations
default   [  65% ] 10/10 VUs  2m36.0s/4m00.0s

running (2m37.0s), 10/10 VUs, 5258 complete and 0 interrupted iterations
default   [  65% ] 10/10 VUs  2m37.0s/4m00.0s

running (2m38.0s), 10/10 VUs, 5293 complete and 0 interrupted iterations
default   [  66% ] 10/10 VUs  2m38.0s/4m00.0s

running (2m39.0s), 10/10 VUs, 5326 complete and 0 interrupted iterations
default   [  66% ] 10/10 VUs  2m39.0s/4m00.0s

running (2m40.0s), 10/10 VUs, 5360 complete and 0 interrupted iterations
default   [  67% ] 10/10 VUs  2m40.0s/4m00.0s

running (2m41.0s), 10/10 VUs, 5393 complete and 0 interrupted iterations
default   [  67% ] 10/10 VUs  2m41.0s/4m00.0s

running (2m42.0s), 10/10 VUs, 5428 complete and 0 interrupted iterations
default   [  67% ] 10/10 VUs  2m42.0s/4m00.0s

running (2m43.0s), 10/10 VUs, 5461 complete and 0 interrupted iterations
default   [  68% ] 10/10 VUs  2m43.0s/4m00.0s

running (2m44.0s), 10/10 VUs, 5494 complete and 0 interrupted iterations
default   [  68% ] 10/10 VUs  2m44.0s/4m00.0s

running (2m45.0s), 10/10 VUs, 5529 complete and 0 interrupted iterations
default   [  69% ] 10/10 VUs  2m45.0s/4m00.0s

running (2m46.0s), 10/10 VUs, 5563 complete and 0 interrupted iterations
default   [  69% ] 10/10 VUs  2m46.0s/4m00.0s

running (2m47.0s), 10/10 VUs, 5597 complete and 0 interrupted iterations
default   [  70% ] 10/10 VUs  2m47.0s/4m00.0s

running (2m48.0s), 10/10 VUs, 5631 complete and 0 interrupted iterations
default   [  70% ] 10/10 VUs  2m48.0s/4m00.0s

running (2m49.0s), 10/10 VUs, 5665 complete and 0 interrupted iterations
default   [  70% ] 10/10 VUs  2m49.0s/4m00.0s

running (2m50.0s), 10/10 VUs, 5699 complete and 0 interrupted iterations
default   [  71% ] 10/10 VUs  2m50.0s/4m00.0s

running (2m51.0s), 10/10 VUs, 5733 complete and 0 interrupted iterations
default   [  71% ] 10/10 VUs  2m51.0s/4m00.0s

running (2m52.0s), 10/10 VUs, 5765 complete and 0 interrupted iterations
default   [  72% ] 10/10 VUs  2m52.0s/4m00.0s

running (2m53.0s), 10/10 VUs, 5801 complete and 0 interrupted iterations
default   [  72% ] 10/10 VUs  2m53.0s/4m00.0s

running (2m54.0s), 10/10 VUs, 5833 complete and 0 interrupted iterations
default   [  72% ] 10/10 VUs  2m54.0s/4m00.0s

running (2m55.0s), 10/10 VUs, 5869 complete and 0 interrupted iterations
default   [  73% ] 10/10 VUs  2m55.0s/4m00.0s

running (2m56.0s), 10/10 VUs, 5901 complete and 0 interrupted iterations
default   [  73% ] 10/10 VUs  2m56.0s/4m00.0s

running (2m57.0s), 10/10 VUs, 5937 complete and 0 interrupted iterations
default   [  74% ] 10/10 VUs  2m57.0s/4m00.0s

running (2m58.0s), 10/10 VUs, 5969 complete and 0 interrupted iterations
default   [  74% ] 10/10 VUs  2m58.0s/4m00.0s

running (2m59.0s), 10/10 VUs, 6004 complete and 0 interrupted iterations
default   [  75% ] 10/10 VUs  2m59.0s/4m00.0s

running (3m00.0s), 10/10 VUs, 6037 complete and 0 interrupted iterations
default   [  75% ] 10/10 VUs  3m00.0s/4m00.0s

running (3m01.0s), 10/10 VUs, 6071 complete and 0 interrupted iterations
default   [  75% ] 10/10 VUs  3m01.0s/4m00.0s

running (3m02.0s), 10/10 VUs, 6105 complete and 0 interrupted iterations
default   [  76% ] 10/10 VUs  3m02.0s/4m00.0s

running (3m03.0s), 10/10 VUs, 6139 complete and 0 interrupted iterations
default   [  76% ] 10/10 VUs  3m03.0s/4m00.0s

running (3m04.0s), 10/10 VUs, 6173 complete and 0 interrupted iterations
default   [  77% ] 10/10 VUs  3m04.0s/4m00.0s

running (3m05.0s), 10/10 VUs, 6207 complete and 0 interrupted iterations
default   [  77% ] 10/10 VUs  3m05.0s/4m00.0s

running (3m06.0s), 10/10 VUs, 6241 complete and 0 interrupted iterations
default   [  77% ] 10/10 VUs  3m06.0s/4m00.0s

running (3m07.0s), 10/10 VUs, 6275 complete and 0 interrupted iterations
default   [  78% ] 10/10 VUs  3m07.0s/4m00.0s

running (3m08.0s), 10/10 VUs, 6309 complete and 0 interrupted iterations
default   [  78% ] 10/10 VUs  3m08.0s/4m00.0s

running (3m09.0s), 10/10 VUs, 6342 complete and 0 interrupted iterations
default   [  79% ] 10/10 VUs  3m09.0s/4m00.0s

running (3m10.0s), 10/10 VUs, 6377 complete and 0 interrupted iterations
default   [  79% ] 10/10 VUs  3m10.0s/4m00.0s

running (3m11.0s), 10/10 VUs, 6409 complete and 0 interrupted iterations
default   [  80% ] 10/10 VUs  3m11.0s/4m00.0s

running (3m12.0s), 10/10 VUs, 6444 complete and 0 interrupted iterations
default   [  80% ] 10/10 VUs  3m12.0s/4m00.0s

running (3m13.0s), 10/10 VUs, 6477 complete and 0 interrupted iterations
default   [  80% ] 10/10 VUs  3m13.0s/4m00.0s

running (3m14.0s), 10/10 VUs, 6512 complete and 0 interrupted iterations
default   [  81% ] 10/10 VUs  3m14.0s/4m00.0s

running (3m15.0s), 10/10 VUs, 6545 complete and 0 interrupted iterations
default   [  81% ] 10/10 VUs  3m15.0s/4m00.0s

running (3m16.0s), 10/10 VUs, 6579 complete and 0 interrupted iterations
default   [  82% ] 10/10 VUs  3m16.0s/4m00.0s

running (3m17.0s), 10/10 VUs, 6613 complete and 0 interrupted iterations
default   [  82% ] 10/10 VUs  3m17.0s/4m00.0s

running (3m18.0s), 10/10 VUs, 6647 complete and 0 interrupted iterations
default   [  82% ] 10/10 VUs  3m18.0s/4m00.0s

running (3m19.0s), 10/10 VUs, 6680 complete and 0 interrupted iterations
default   [  83% ] 10/10 VUs  3m19.0s/4m00.0s

running (3m20.0s), 10/10 VUs, 6713 complete and 0 interrupted iterations
default   [  83% ] 10/10 VUs  3m20.0s/4m00.0s

running (3m21.0s), 10/10 VUs, 6748 complete and 0 interrupted iterations
default   [  84% ] 10/10 VUs  3m21.0s/4m00.0s

running (3m22.0s), 10/10 VUs, 6781 complete and 0 interrupted iterations
default   [  84% ] 10/10 VUs  3m22.0s/4m00.0s

running (3m23.0s), 10/10 VUs, 6816 complete and 0 interrupted iterations
default   [  85% ] 10/10 VUs  3m23.0s/4m00.0s

running (3m24.0s), 10/10 VUs, 6849 complete and 0 interrupted iterations
default   [  85% ] 10/10 VUs  3m24.0s/4m00.0s

running (3m25.0s), 10/10 VUs, 6884 complete and 0 interrupted iterations
default   [  85% ] 10/10 VUs  3m25.0s/4m00.0s

running (3m26.0s), 10/10 VUs, 6917 complete and 0 interrupted iterations
default   [  86% ] 10/10 VUs  3m26.0s/4m00.0s

running (3m27.0s), 10/10 VUs, 6952 complete and 0 interrupted iterations
default   [  86% ] 10/10 VUs  3m27.0s/4m00.0s

running (3m28.0s), 10/10 VUs, 6985 complete and 0 interrupted iterations
default   [  87% ] 10/10 VUs  3m28.0s/4m00.0s

running (3m29.0s), 10/10 VUs, 7019 complete and 0 interrupted iterations
default   [  87% ] 10/10 VUs  3m29.0s/4m00.0s

running (3m30.0s), 10/10 VUs, 7052 complete and 0 interrupted iterations
default   [  87% ] 10/10 VUs  3m30.0s/4m00.0s

running (3m31.0s), 10/10 VUs, 7086 complete and 0 interrupted iterations
default   [  88% ] 10/10 VUs  3m31.0s/4m00.0s

running (3m32.0s), 10/10 VUs, 7120 complete and 0 interrupted iterations
default   [  88% ] 10/10 VUs  3m32.0s/4m00.0s

running (3m33.0s), 10/10 VUs, 7154 complete and 0 interrupted iterations
default   [  89% ] 10/10 VUs  3m33.0s/4m00.0s

running (3m34.0s), 09/10 VUs, 7188 complete and 0 interrupted iterations
default   [  89% ] 09/10 VUs  3m34.0s/4m00.0s

running (3m35.0s), 09/10 VUs, 7221 complete and 0 interrupted iterations
default   [  90% ] 09/10 VUs  3m35.0s/4m00.0s

running (3m36.0s), 09/10 VUs, 7256 complete and 0 interrupted iterations
default   [  90% ] 09/10 VUs  3m36.0s/4m00.0s

running (3m37.0s), 08/10 VUs, 7289 complete and 0 interrupted iterations
default   [  90% ] 08/10 VUs  3m37.0s/4m00.0s

running (3m38.0s), 08/10 VUs, 7324 complete and 0 interrupted iterations
default   [  91% ] 08/10 VUs  3m38.0s/4m00.0s

running (3m39.0s), 08/10 VUs, 7357 complete and 0 interrupted iterations
default   [  91% ] 08/10 VUs  3m39.0s/4m00.0s

running (3m40.0s), 07/10 VUs, 7392 complete and 0 interrupted iterations
default   [  92% ] 07/10 VUs  3m40.0s/4m00.0s

running (3m41.0s), 07/10 VUs, 7425 complete and 0 interrupted iterations
default   [  92% ] 07/10 VUs  3m41.0s/4m00.0s

running (3m42.0s), 07/10 VUs, 7459 complete and 0 interrupted iterations
default   [  92% ] 07/10 VUs  3m42.0s/4m00.0s

running (3m43.0s), 06/10 VUs, 7493 complete and 0 interrupted iterations
default   [  93% ] 06/10 VUs  3m43.0s/4m00.0s

running (3m44.0s), 06/10 VUs, 7526 complete and 0 interrupted iterations
default   [  93% ] 06/10 VUs  3m44.0s/4m00.0s

running (3m45.0s), 06/10 VUs, 7560 complete and 0 interrupted iterations
default   [  94% ] 06/10 VUs  3m45.0s/4m00.0s

running (3m46.0s), 05/10 VUs, 7594 complete and 0 interrupted iterations
default   [  94% ] 05/10 VUs  3m46.0s/4m00.0s

running (3m47.0s), 05/10 VUs, 7628 complete and 0 interrupted iterations
default   [  95% ] 05/10 VUs  3m47.0s/4m00.0s

running (3m48.0s), 05/10 VUs, 7662 complete and 0 interrupted iterations
default   [  95% ] 05/10 VUs  3m48.0s/4m00.0s

running (3m49.0s), 04/10 VUs, 7695 complete and 0 interrupted iterations
default   [  95% ] 04/10 VUs  3m49.0s/4m00.0s

running (3m50.0s), 04/10 VUs, 7729 complete and 0 interrupted iterations
default   [  96% ] 04/10 VUs  3m50.0s/4m00.0s

running (3m51.0s), 04/10 VUs, 7763 complete and 0 interrupted iterations
default   [  96% ] 04/10 VUs  3m51.0s/4m00.0s

running (3m52.0s), 03/10 VUs, 7798 complete and 0 interrupted iterations
default   [  97% ] 03/10 VUs  3m52.0s/4m00.0s

running (3m53.0s), 03/10 VUs, 7832 complete and 0 interrupted iterations
default   [  97% ] 03/10 VUs  3m53.0s/4m00.0s

running (3m54.0s), 03/10 VUs, 7866 complete and 0 interrupted iterations
default   [  97% ] 03/10 VUs  3m54.0s/4m00.0s

running (3m55.0s), 02/10 VUs, 7901 complete and 0 interrupted iterations
default   [  98% ] 02/10 VUs  3m55.0s/4m00.0s

running (3m56.0s), 02/10 VUs, 7934 complete and 0 interrupted iterations
default   [  98% ] 02/10 VUs  3m56.0s/4m00.0s

running (3m57.0s), 02/10 VUs, 7967 complete and 0 interrupted iterations
default   [  99% ] 02/10 VUs  3m57.0s/4m00.0s

running (3m58.0s), 01/10 VUs, 7986 complete and 0 interrupted iterations
default   [  99% ] 01/10 VUs  3m58.0s/4m00.0s

running (3m59.0s), 01/10 VUs, 8003 complete and 0 interrupted iterations
default   [ 100% ] 01/10 VUs  3m59.0s/4m00.0s

running (4m00.0s), 01/10 VUs, 8020 complete and 0 interrupted iterations
default   [ 100% ] 01/10 VUs  4m00.0s/4m00.0s


  █ THRESHOLDS 

    checks
    ✓ 'rate>0.95' rate=100.00%

    http_req_duration
    ✓ 'p(95)<5000' p(95)=360.21ms
    ✓ 'p(99)<10000' p(99)=477.24ms

    http_req_failed
    ✓ 'rate<0.05' rate=0.00%


  █ TOTAL RESULTS 

    checks_total.......: 32084   133.682345/s
    checks_succeeded...: 100.00% 32084 out of 32084
    checks_failed......: 0.00%   0 out of 32084

    ✓ status is 200
    ✓ content-type is json
    ✓ workloadType is CPU-BOUND
    ✓ executionTimeMs exists

    CUSTOM
    response_time_ms...............: min=56.842023 avg=263.595315 med=237.042558 max=598.815999 p(90)=356.627331 p(95)=360.219287 p(99)=477.246231
    successful_requests............: 8021   33.420586/s

    HTTP
    http_req_duration..............: min=56.84ms   avg=263.59ms   med=237.04ms   max=598.81ms   p(90)=356.62ms   p(95)=360.21ms   p(99)=477.24ms  
      { expected_response:true }...: min=56.84ms   avg=263.59ms   med=237.04ms   max=598.81ms   p(90)=356.62ms   p(95)=360.21ms   p(99)=477.24ms  
    http_req_failed................: 0.00%  0 out of 8021
    http_reqs......................: 8021   33.420586/s

    EXECUTION
    iteration_duration.............: min=57.03ms   avg=263.78ms   med=237.22ms   max=598.97ms   p(90)=356.82ms   p(95)=360.42ms   p(99)=477.43ms  
    iterations.....................: 8021   33.420586/s
    vus............................: 1      min=1         max=10
    vus_max........................: 10     min=10        max=10

    NETWORK
    data_received..................: 1.8 MB 7.7 kB/s
    data_sent......................: 642 kB 2.7 kB/s




running (4m00.0s), 00/10 VUs, 8021 complete and 0 interrupted iterations
default ✓ [ 100% ] 00/10 VUs  4m0s
