
         /\      Grafana   /‾‾/  
    /\  /  \     |\  __   /  /   
   /  \/    \    | |/ /  /   ‾‾\ 
  /          \   |   (  |  (‾)  |
 / __________ \  |_|\_\  \_____/ 


     execution: local
        script: io-bound-test.js
        output: -

     scenarios: (100.00%) 1 scenario, 200 max VUs, 4m30s max duration (incl. graceful stop):
              * default: Up to 200 looping VUs for 4m0s over 3 stages (gracefulRampDown: 30s, gracefulStop: 30s)


running (0m00.9s), 006/200 VUs, 56 complete and 0 interrupted iterations
default   [   0% ] 006/200 VUs  0m00.9s/4m00.0s

running (0m01.9s), 013/200 VUs, 246 complete and 0 interrupted iterations
default   [   1% ] 013/200 VUs  0m01.9s/4m00.0s

running (0m02.9s), 020/200 VUs, 565 complete and 0 interrupted iterations
default   [   1% ] 020/200 VUs  0m02.9s/4m00.0s

running (0m03.9s), 026/200 VUs, 1014 complete and 0 interrupted iterations
default   [   2% ] 026/200 VUs  0m03.9s/4m00.0s

running (0m04.9s), 033/200 VUs, 1589 complete and 0 interrupted iterations
default   [   2% ] 033/200 VUs  0m04.9s/4m00.0s

running (0m05.9s), 040/200 VUs, 2302 complete and 0 interrupted iterations
default   [   2% ] 040/200 VUs  0m05.9s/4m00.0s

running (0m06.9s), 046/200 VUs, 3138 complete and 0 interrupted iterations
default   [   3% ] 046/200 VUs  0m06.9s/4m00.0s

running (0m07.9s), 053/200 VUs, 4097 complete and 0 interrupted iterations
default   [   3% ] 053/200 VUs  0m07.9s/4m00.0s

running (0m08.9s), 060/200 VUs, 5087 complete and 0 interrupted iterations
default   [   4% ] 060/200 VUs  0m08.9s/4m00.0s

running (0m09.9s), 066/200 VUs, 6078 complete and 0 interrupted iterations
default   [   4% ] 066/200 VUs  0m09.9s/4m00.0s

running (0m10.9s), 073/200 VUs, 7064 complete and 0 interrupted iterations
default   [   5% ] 073/200 VUs  0m10.9s/4m00.0s

running (0m11.9s), 079/200 VUs, 8051 complete and 0 interrupted iterations
default   [   5% ] 079/200 VUs  0m11.9s/4m00.0s

running (0m12.9s), 086/200 VUs, 9043 complete and 0 interrupted iterations
default   [   5% ] 086/200 VUs  0m12.9s/4m00.0s

running (0m13.9s), 093/200 VUs, 10032 complete and 0 interrupted iterations
default   [   6% ] 093/200 VUs  0m13.9s/4m00.0s

running (0m14.9s), 099/200 VUs, 11022 complete and 0 interrupted iterations
default   [   6% ] 099/200 VUs  0m14.9s/4m00.0s

running (0m15.9s), 106/200 VUs, 12002 complete and 0 interrupted iterations
default   [   7% ] 106/200 VUs  0m15.9s/4m00.0s

running (0m16.9s), 113/200 VUs, 12999 complete and 0 interrupted iterations
default   [   7% ] 113/200 VUs  0m16.9s/4m00.0s

running (0m17.9s), 119/200 VUs, 13987 complete and 0 interrupted iterations
default   [   7% ] 119/200 VUs  0m17.9s/4m00.0s

running (0m18.9s), 126/200 VUs, 14975 complete and 0 interrupted iterations
default   [   8% ] 126/200 VUs  0m18.9s/4m00.0s

running (0m19.9s), 133/200 VUs, 15952 complete and 0 interrupted iterations
default   [   8% ] 133/200 VUs  0m19.9s/4m00.0s

running (0m20.9s), 139/200 VUs, 16951 complete and 0 interrupted iterations
default   [   9% ] 139/200 VUs  0m20.9s/4m00.0s

running (0m21.9s), 146/200 VUs, 17941 complete and 0 interrupted iterations
default   [   9% ] 146/200 VUs  0m21.9s/4m00.0s

running (0m22.9s), 152/200 VUs, 18902 complete and 0 interrupted iterations
default   [  10% ] 152/200 VUs  0m22.9s/4m00.0s

running (0m23.9s), 159/200 VUs, 19902 complete and 0 interrupted iterations
default   [  10% ] 159/200 VUs  0m23.9s/4m00.0s

running (0m24.9s), 166/200 VUs, 20902 complete and 0 interrupted iterations
default   [  10% ] 166/200 VUs  0m24.9s/4m00.0s

running (0m25.9s), 172/200 VUs, 21852 complete and 0 interrupted iterations
default   [  11% ] 172/200 VUs  0m25.9s/4m00.0s

running (0m26.9s), 179/200 VUs, 22852 complete and 0 interrupted iterations
default   [  11% ] 179/200 VUs  0m26.9s/4m00.0s

running (0m27.9s), 186/200 VUs, 23852 complete and 0 interrupted iterations
default   [  12% ] 186/200 VUs  0m27.9s/4m00.0s

running (0m28.9s), 192/200 VUs, 24802 complete and 0 interrupted iterations
default   [  12% ] 192/200 VUs  0m28.9s/4m00.0s

running (0m29.9s), 199/200 VUs, 25802 complete and 0 interrupted iterations
default   [  12% ] 199/200 VUs  0m29.9s/4m00.0s

running (0m30.9s), 200/200 VUs, 26795 complete and 0 interrupted iterations
default   [  13% ] 200/200 VUs  0m30.9s/4m00.0s

running (0m31.9s), 200/200 VUs, 27759 complete and 0 interrupted iterations
default   [  13% ] 200/200 VUs  0m31.9s/4m00.0s

running (0m32.9s), 200/200 VUs, 28752 complete and 0 interrupted iterations
default   [  14% ] 200/200 VUs  0m32.9s/4m00.0s

running (0m33.9s), 200/200 VUs, 29752 complete and 0 interrupted iterations
default   [  14% ] 200/200 VUs  0m33.9s/4m00.0s

running (0m34.9s), 200/200 VUs, 30735 complete and 0 interrupted iterations
default   [  15% ] 200/200 VUs  0m34.9s/4m00.0s

running (0m35.9s), 200/200 VUs, 31704 complete and 0 interrupted iterations
default   [  15% ] 200/200 VUs  0m35.9s/4m00.0s

running (0m36.9s), 200/200 VUs, 32702 complete and 0 interrupted iterations
default   [  15% ] 200/200 VUs  0m36.9s/4m00.0s

running (0m37.9s), 200/200 VUs, 33702 complete and 0 interrupted iterations
default   [  16% ] 200/200 VUs  0m37.9s/4m00.0s

running (0m38.9s), 200/200 VUs, 34665 complete and 0 interrupted iterations
default   [  16% ] 200/200 VUs  0m38.9s/4m00.0s

running (0m39.9s), 200/200 VUs, 35652 complete and 0 interrupted iterations
default   [  17% ] 200/200 VUs  0m39.9s/4m00.0s

running (0m40.9s), 200/200 VUs, 36652 complete and 0 interrupted iterations
default   [  17% ] 200/200 VUs  0m40.9s/4m00.0s

running (0m41.9s), 200/200 VUs, 37649 complete and 0 interrupted iterations
default   [  17% ] 200/200 VUs  0m41.9s/4m00.0s

running (0m42.9s), 200/200 VUs, 38602 complete and 0 interrupted iterations
default   [  18% ] 200/200 VUs  0m42.9s/4m00.0s

running (0m43.9s), 200/200 VUs, 39602 complete and 0 interrupted iterations
default   [  18% ] 200/200 VUs  0m43.9s/4m00.0s

running (0m44.9s), 200/200 VUs, 40602 complete and 0 interrupted iterations
default   [  19% ] 200/200 VUs  0m44.9s/4m00.0s

running (0m45.9s), 200/200 VUs, 41583 complete and 0 interrupted iterations
default   [  19% ] 200/200 VUs  0m45.9s/4m00.0s

running (0m46.9s), 200/200 VUs, 42552 complete and 0 interrupted iterations
default   [  20% ] 200/200 VUs  0m46.9s/4m00.0s

running (0m47.9s), 200/200 VUs, 43552 complete and 0 interrupted iterations
default   [  20% ] 200/200 VUs  0m47.9s/4m00.0s

running (0m48.9s), 200/200 VUs, 44549 complete and 0 interrupted iterations
default   [  20% ] 200/200 VUs  0m48.9s/4m00.0s

running (0m49.9s), 200/200 VUs, 45502 complete and 0 interrupted iterations
default   [  21% ] 200/200 VUs  0m49.9s/4m00.0s

running (0m50.9s), 200/200 VUs, 46502 complete and 0 interrupted iterations
default   [  21% ] 200/200 VUs  0m50.9s/4m00.0s

running (0m51.9s), 200/200 VUs, 47490 complete and 0 interrupted iterations
default   [  22% ] 200/200 VUs  0m51.9s/4m00.0s

running (0m52.9s), 200/200 VUs, 48466 complete and 0 interrupted iterations
default   [  22% ] 200/200 VUs  0m52.9s/4m00.0s

running (0m53.9s), 200/200 VUs, 49452 complete and 0 interrupted iterations
default   [  22% ] 200/200 VUs  0m53.9s/4m00.0s

running (0m54.9s), 200/200 VUs, 50452 complete and 0 interrupted iterations
default   [  23% ] 200/200 VUs  0m54.9s/4m00.0s

running (0m55.9s), 200/200 VUs, 51431 complete and 0 interrupted iterations
default   [  23% ] 200/200 VUs  0m55.9s/4m00.0s

running (0m56.9s), 200/200 VUs, 52422 complete and 0 interrupted iterations
default   [  24% ] 200/200 VUs  0m56.9s/4m00.0s

running (0m57.9s), 200/200 VUs, 53402 complete and 0 interrupted iterations
default   [  24% ] 200/200 VUs  0m57.9s/4m00.0s

running (0m58.9s), 200/200 VUs, 54402 complete and 0 interrupted iterations
default   [  25% ] 200/200 VUs  0m58.9s/4m00.0s

running (0m59.9s), 200/200 VUs, 55400 complete and 0 interrupted iterations
default   [  25% ] 200/200 VUs  0m59.9s/4m00.0s

running (1m00.9s), 200/200 VUs, 56377 complete and 0 interrupted iterations
default   [  25% ] 200/200 VUs  1m00.9s/4m00.0s

running (1m01.9s), 200/200 VUs, 57352 complete and 0 interrupted iterations
default   [  26% ] 200/200 VUs  1m01.9s/4m00.0s

running (1m02.9s), 200/200 VUs, 58352 complete and 0 interrupted iterations
default   [  26% ] 200/200 VUs  1m02.9s/4m00.0s

running (1m03.9s), 200/200 VUs, 59352 complete and 0 interrupted iterations
default   [  27% ] 200/200 VUs  1m03.9s/4m00.0s

running (1m04.9s), 200/200 VUs, 60312 complete and 0 interrupted iterations
default   [  27% ] 200/200 VUs  1m04.9s/4m00.0s

running (1m05.9s), 200/200 VUs, 61302 complete and 0 interrupted iterations
default   [  27% ] 200/200 VUs  1m05.9s/4m00.0s

running (1m06.9s), 200/200 VUs, 62302 complete and 0 interrupted iterations
default   [  28% ] 200/200 VUs  1m06.9s/4m00.0s

running (1m07.9s), 200/200 VUs, 63283 complete and 0 interrupted iterations
default   [  28% ] 200/200 VUs  1m07.9s/4m00.0s

running (1m08.9s), 200/200 VUs, 64266 complete and 0 interrupted iterations
default   [  29% ] 200/200 VUs  1m08.9s/4m00.0s

running (1m09.9s), 200/200 VUs, 65252 complete and 0 interrupted iterations
default   [  29% ] 200/200 VUs  1m09.9s/4m00.0s

running (1m10.9s), 200/200 VUs, 66252 complete and 0 interrupted iterations
default   [  30% ] 200/200 VUs  1m10.9s/4m00.0s

running (1m11.9s), 200/200 VUs, 67242 complete and 0 interrupted iterations
default   [  30% ] 200/200 VUs  1m11.9s/4m00.0s

running (1m12.9s), 200/200 VUs, 68202 complete and 0 interrupted iterations
default   [  30% ] 200/200 VUs  1m12.9s/4m00.0s

running (1m13.9s), 200/200 VUs, 69202 complete and 0 interrupted iterations
default   [  31% ] 200/200 VUs  1m13.9s/4m00.0s

running (1m14.9s), 200/200 VUs, 70202 complete and 0 interrupted iterations
default   [  31% ] 200/200 VUs  1m14.9s/4m00.0s

running (1m15.9s), 200/200 VUs, 71180 complete and 0 interrupted iterations
default   [  32% ] 200/200 VUs  1m15.9s/4m00.0s

running (1m16.9s), 200/200 VUs, 72152 complete and 0 interrupted iterations
default   [  32% ] 200/200 VUs  1m16.9s/4m00.0s

running (1m17.9s), 200/200 VUs, 73152 complete and 0 interrupted iterations
default   [  32% ] 200/200 VUs  1m17.9s/4m00.0s

running (1m18.9s), 200/200 VUs, 74152 complete and 0 interrupted iterations
default   [  33% ] 200/200 VUs  1m18.9s/4m00.0s

running (1m19.9s), 200/200 VUs, 75102 complete and 0 interrupted iterations
default   [  33% ] 200/200 VUs  1m19.9s/4m00.0s

running (1m20.9s), 200/200 VUs, 76102 complete and 0 interrupted iterations
default   [  34% ] 200/200 VUs  1m20.9s/4m00.0s

running (1m21.9s), 200/200 VUs, 77102 complete and 0 interrupted iterations
default   [  34% ] 200/200 VUs  1m21.9s/4m00.0s

running (1m22.9s), 200/200 VUs, 78052 complete and 0 interrupted iterations
default   [  35% ] 200/200 VUs  1m22.9s/4m00.0s

running (1m23.9s), 200/200 VUs, 79052 complete and 0 interrupted iterations
default   [  35% ] 200/200 VUs  1m23.9s/4m00.0s

running (1m24.9s), 200/200 VUs, 80002 complete and 0 interrupted iterations
default   [  35% ] 200/200 VUs  1m24.9s/4m00.0s

running (1m25.9s), 200/200 VUs, 81002 complete and 0 interrupted iterations
default   [  36% ] 200/200 VUs  1m25.9s/4m00.0s

running (1m26.9s), 200/200 VUs, 81997 complete and 0 interrupted iterations
default   [  36% ] 200/200 VUs  1m26.9s/4m00.0s

running (1m27.9s), 200/200 VUs, 82952 complete and 0 interrupted iterations
default   [  37% ] 200/200 VUs  1m27.9s/4m00.0s

running (1m28.9s), 200/200 VUs, 83952 complete and 0 interrupted iterations
default   [  37% ] 200/200 VUs  1m28.9s/4m00.0s

running (1m29.9s), 200/200 VUs, 84952 complete and 0 interrupted iterations
default   [  37% ] 200/200 VUs  1m29.9s/4m00.0s

running (1m30.9s), 200/200 VUs, 85902 complete and 0 interrupted iterations
default   [  38% ] 200/200 VUs  1m30.9s/4m00.0s

running (1m31.9s), 200/200 VUs, 86902 complete and 0 interrupted iterations
default   [  38% ] 200/200 VUs  1m31.9s/4m00.0s

running (1m32.9s), 200/200 VUs, 87894 complete and 0 interrupted iterations
default   [  39% ] 200/200 VUs  1m32.9s/4m00.0s

running (1m33.9s), 200/200 VUs, 88852 complete and 0 interrupted iterations
default   [  39% ] 200/200 VUs  1m33.9s/4m00.0s

running (1m34.9s), 200/200 VUs, 89852 complete and 0 interrupted iterations
default   [  40% ] 200/200 VUs  1m34.9s/4m00.0s

running (1m35.9s), 200/200 VUs, 90852 complete and 0 interrupted iterations
default   [  40% ] 200/200 VUs  1m35.9s/4m00.0s

running (1m36.9s), 200/200 VUs, 91802 complete and 0 interrupted iterations
default   [  40% ] 200/200 VUs  1m36.9s/4m00.0s

running (1m37.9s), 200/200 VUs, 92802 complete and 0 interrupted iterations
default   [  41% ] 200/200 VUs  1m37.9s/4m00.0s

running (1m38.9s), 200/200 VUs, 93768 complete and 0 interrupted iterations
default   [  41% ] 200/200 VUs  1m38.9s/4m00.0s

running (1m39.9s), 200/200 VUs, 94752 complete and 0 interrupted iterations
default   [  42% ] 200/200 VUs  1m39.9s/4m00.0s

running (1m40.9s), 200/200 VUs, 95752 complete and 0 interrupted iterations
default   [  42% ] 200/200 VUs  1m40.9s/4m00.0s

running (1m41.9s), 200/200 VUs, 96752 complete and 0 interrupted iterations
default   [  42% ] 200/200 VUs  1m41.9s/4m00.0s

running (1m42.9s), 200/200 VUs, 97724 complete and 0 interrupted iterations
default   [  43% ] 200/200 VUs  1m42.9s/4m00.0s

running (1m43.9s), 200/200 VUs, 98702 complete and 0 interrupted iterations
default   [  43% ] 200/200 VUs  1m43.9s/4m00.0s

running (1m44.9s), 200/200 VUs, 99702 complete and 0 interrupted iterations
default   [  44% ] 200/200 VUs  1m44.9s/4m00.0s

running (1m45.9s), 200/200 VUs, 100702 complete and 0 interrupted iterations
default   [  44% ] 200/200 VUs  1m45.9s/4m00.0s

running (1m46.9s), 200/200 VUs, 101658 complete and 0 interrupted iterations
default   [  45% ] 200/200 VUs  1m46.9s/4m00.0s

running (1m47.9s), 200/200 VUs, 102652 complete and 0 interrupted iterations
default   [  45% ] 200/200 VUs  1m47.9s/4m00.0s

running (1m48.9s), 200/200 VUs, 103652 complete and 0 interrupted iterations
default   [  45% ] 200/200 VUs  1m48.9s/4m00.0s

running (1m49.9s), 200/200 VUs, 104635 complete and 0 interrupted iterations
default   [  46% ] 200/200 VUs  1m49.9s/4m00.0s

running (1m50.9s), 200/200 VUs, 105602 complete and 0 interrupted iterations
default   [  46% ] 200/200 VUs  1m50.9s/4m00.0s

running (1m51.9s), 200/200 VUs, 106602 complete and 0 interrupted iterations
default   [  47% ] 200/200 VUs  1m51.9s/4m00.0s

running (1m52.9s), 200/200 VUs, 107602 complete and 0 interrupted iterations
default   [  47% ] 200/200 VUs  1m52.9s/4m00.0s

running (1m53.9s), 200/200 VUs, 108602 complete and 0 interrupted iterations
default   [  47% ] 200/200 VUs  1m53.9s/4m00.0s

running (1m54.9s), 200/200 VUs, 109552 complete and 0 interrupted iterations
default   [  48% ] 200/200 VUs  1m54.9s/4m00.0s

running (1m55.9s), 200/200 VUs, 110552 complete and 0 interrupted iterations
default   [  48% ] 200/200 VUs  1m55.9s/4m00.0s

running (1m56.9s), 200/200 VUs, 111552 complete and 0 interrupted iterations
default   [  49% ] 200/200 VUs  1m56.9s/4m00.0s

running (1m57.9s), 200/200 VUs, 112531 complete and 0 interrupted iterations
default   [  49% ] 200/200 VUs  1m57.9s/4m00.0s

running (1m58.9s), 200/200 VUs, 113502 complete and 0 interrupted iterations
default   [  50% ] 200/200 VUs  1m58.9s/4m00.0s

running (1m59.9s), 200/200 VUs, 114502 complete and 0 interrupted iterations
default   [  50% ] 200/200 VUs  1m59.9s/4m00.0s

running (2m00.9s), 200/200 VUs, 115492 complete and 0 interrupted iterations
default   [  50% ] 200/200 VUs  2m00.9s/4m00.0s

running (2m01.9s), 200/200 VUs, 116459 complete and 0 interrupted iterations
default   [  51% ] 200/200 VUs  2m01.9s/4m00.0s

running (2m02.9s), 200/200 VUs, 117452 complete and 0 interrupted iterations
default   [  51% ] 200/200 VUs  2m02.9s/4m00.0s

running (2m03.9s), 200/200 VUs, 118452 complete and 0 interrupted iterations
default   [  52% ] 200/200 VUs  2m03.9s/4m00.0s

running (2m04.9s), 200/200 VUs, 119452 complete and 0 interrupted iterations
default   [  52% ] 200/200 VUs  2m04.9s/4m00.0s

running (2m05.9s), 200/200 VUs, 120408 complete and 0 interrupted iterations
default   [  52% ] 200/200 VUs  2m05.9s/4m00.0s

running (2m06.9s), 200/200 VUs, 121402 complete and 0 interrupted iterations
default   [  53% ] 200/200 VUs  2m06.9s/4m00.0s

running (2m07.9s), 200/200 VUs, 122402 complete and 0 interrupted iterations
default   [  53% ] 200/200 VUs  2m07.9s/4m00.0s

running (2m08.9s), 200/200 VUs, 123380 complete and 0 interrupted iterations
default   [  54% ] 200/200 VUs  2m08.9s/4m00.0s

running (2m09.9s), 200/200 VUs, 124352 complete and 0 interrupted iterations
default   [  54% ] 200/200 VUs  2m09.9s/4m00.0s

running (2m10.9s), 200/200 VUs, 125352 complete and 0 interrupted iterations
default   [  55% ] 200/200 VUs  2m10.9s/4m00.0s

running (2m11.9s), 200/200 VUs, 126352 complete and 0 interrupted iterations
default   [  55% ] 200/200 VUs  2m11.9s/4m00.0s

running (2m12.9s), 200/200 VUs, 127314 complete and 0 interrupted iterations
default   [  55% ] 200/200 VUs  2m12.9s/4m00.0s

running (2m13.9s), 200/200 VUs, 128302 complete and 0 interrupted iterations
default   [  56% ] 200/200 VUs  2m13.9s/4m00.0s

running (2m14.9s), 200/200 VUs, 129302 complete and 0 interrupted iterations
default   [  56% ] 200/200 VUs  2m14.9s/4m00.0s

running (2m15.9s), 200/200 VUs, 130302 complete and 0 interrupted iterations
default   [  57% ] 200/200 VUs  2m15.9s/4m00.0s

running (2m16.9s), 200/200 VUs, 131269 complete and 0 interrupted iterations
default   [  57% ] 200/200 VUs  2m16.9s/4m00.0s

running (2m17.9s), 200/200 VUs, 132252 complete and 0 interrupted iterations
default   [  57% ] 200/200 VUs  2m17.9s/4m00.0s

running (2m18.9s), 200/200 VUs, 133252 complete and 0 interrupted iterations
default   [  58% ] 200/200 VUs  2m18.9s/4m00.0s

running (2m19.9s), 200/200 VUs, 134252 complete and 0 interrupted iterations
default   [  58% ] 200/200 VUs  2m19.9s/4m00.0s

running (2m20.9s), 200/200 VUs, 135202 complete and 0 interrupted iterations
default   [  59% ] 200/200 VUs  2m20.9s/4m00.0s

running (2m21.9s), 200/200 VUs, 136202 complete and 0 interrupted iterations
default   [  59% ] 200/200 VUs  2m21.9s/4m00.0s

running (2m22.9s), 200/200 VUs, 137171 complete and 0 interrupted iterations
default   [  60% ] 200/200 VUs  2m22.9s/4m00.0s

running (2m23.9s), 200/200 VUs, 138152 complete and 0 interrupted iterations
default   [  60% ] 200/200 VUs  2m23.9s/4m00.0s

running (2m24.9s), 200/200 VUs, 139152 complete and 0 interrupted iterations
default   [  60% ] 200/200 VUs  2m24.9s/4m00.0s

running (2m25.9s), 200/200 VUs, 140152 complete and 0 interrupted iterations
default   [  61% ] 200/200 VUs  2m25.9s/4m00.0s

running (2m26.9s), 200/200 VUs, 141102 complete and 0 interrupted iterations
default   [  61% ] 200/200 VUs  2m26.9s/4m00.0s

running (2m27.9s), 200/200 VUs, 142102 complete and 0 interrupted iterations
default   [  62% ] 200/200 VUs  2m27.9s/4m00.0s

running (2m28.9s), 200/200 VUs, 143102 complete and 0 interrupted iterations
default   [  62% ] 200/200 VUs  2m28.9s/4m00.0s

running (2m29.9s), 200/200 VUs, 144052 complete and 0 interrupted iterations
default   [  62% ] 200/200 VUs  2m29.9s/4m00.0s

running (2m30.9s), 200/200 VUs, 145052 complete and 0 interrupted iterations
default   [  63% ] 200/200 VUs  2m30.9s/4m00.0s

running (2m31.9s), 200/200 VUs, 146052 complete and 0 interrupted iterations
default   [  63% ] 200/200 VUs  2m31.9s/4m00.0s

running (2m32.9s), 200/200 VUs, 147041 complete and 0 interrupted iterations
default   [  64% ] 200/200 VUs  2m32.9s/4m00.0s

running (2m33.9s), 200/200 VUs, 148002 complete and 0 interrupted iterations
default   [  64% ] 200/200 VUs  2m33.9s/4m00.0s

running (2m34.9s), 200/200 VUs, 149002 complete and 0 interrupted iterations
default   [  65% ] 200/200 VUs  2m34.9s/4m00.0s

running (2m35.9s), 200/200 VUs, 150002 complete and 0 interrupted iterations
default   [  65% ] 200/200 VUs  2m35.9s/4m00.0s

running (2m36.9s), 200/200 VUs, 150982 complete and 0 interrupted iterations
default   [  65% ] 200/200 VUs  2m36.9s/4m00.0s

running (2m37.9s), 200/200 VUs, 151952 complete and 0 interrupted iterations
default   [  66% ] 200/200 VUs  2m37.9s/4m00.0s

running (2m38.9s), 200/200 VUs, 152952 complete and 0 interrupted iterations
default   [  66% ] 200/200 VUs  2m38.9s/4m00.0s

running (2m39.9s), 200/200 VUs, 153932 complete and 0 interrupted iterations
default   [  67% ] 200/200 VUs  2m39.9s/4m00.0s

running (2m40.9s), 200/200 VUs, 154902 complete and 0 interrupted iterations
default   [  67% ] 200/200 VUs  2m40.9s/4m00.0s

running (2m41.9s), 200/200 VUs, 155902 complete and 0 interrupted iterations
default   [  67% ] 200/200 VUs  2m41.9s/4m00.0s

running (2m42.9s), 200/200 VUs, 156902 complete and 0 interrupted iterations
default   [  68% ] 200/200 VUs  2m42.9s/4m00.0s

running (2m43.9s), 200/200 VUs, 157877 complete and 0 interrupted iterations
default   [  68% ] 200/200 VUs  2m43.9s/4m00.0s

running (2m44.9s), 200/200 VUs, 158852 complete and 0 interrupted iterations
default   [  69% ] 200/200 VUs  2m44.9s/4m00.0s

running (2m45.9s), 200/200 VUs, 159852 complete and 0 interrupted iterations
default   [  69% ] 200/200 VUs  2m45.9s/4m00.0s

running (2m46.9s), 200/200 VUs, 160852 complete and 0 interrupted iterations
default   [  70% ] 200/200 VUs  2m46.9s/4m00.0s

running (2m47.9s), 200/200 VUs, 161852 complete and 0 interrupted iterations
default   [  70% ] 200/200 VUs  2m47.9s/4m00.0s

running (2m48.9s), 200/200 VUs, 162802 complete and 0 interrupted iterations
default   [  70% ] 200/200 VUs  2m48.9s/4m00.0s

running (2m49.9s), 200/200 VUs, 163802 complete and 0 interrupted iterations
default   [  71% ] 200/200 VUs  2m49.9s/4m00.0s

running (2m50.9s), 200/200 VUs, 164776 complete and 0 interrupted iterations
default   [  71% ] 200/200 VUs  2m50.9s/4m00.0s

running (2m51.9s), 200/200 VUs, 165752 complete and 0 interrupted iterations
default   [  72% ] 200/200 VUs  2m51.9s/4m00.0s

running (2m52.9s), 200/200 VUs, 166752 complete and 0 interrupted iterations
default   [  72% ] 200/200 VUs  2m52.9s/4m00.0s

running (2m53.9s), 200/200 VUs, 167752 complete and 0 interrupted iterations
default   [  72% ] 200/200 VUs  2m53.9s/4m00.0s

running (2m54.9s), 200/200 VUs, 168710 complete and 0 interrupted iterations
default   [  73% ] 200/200 VUs  2m54.9s/4m00.0s

running (2m55.9s), 200/200 VUs, 169702 complete and 0 interrupted iterations
default   [  73% ] 200/200 VUs  2m55.9s/4m00.0s

running (2m56.9s), 200/200 VUs, 170702 complete and 0 interrupted iterations
default   [  74% ] 200/200 VUs  2m56.9s/4m00.0s

running (2m57.9s), 200/200 VUs, 171696 complete and 0 interrupted iterations
default   [  74% ] 200/200 VUs  2m57.9s/4m00.0s

running (2m58.9s), 200/200 VUs, 172652 complete and 0 interrupted iterations
default   [  75% ] 200/200 VUs  2m58.9s/4m00.0s

running (2m59.9s), 200/200 VUs, 173652 complete and 0 interrupted iterations
default   [  75% ] 200/200 VUs  2m59.9s/4m00.0s

running (3m00.9s), 200/200 VUs, 174641 complete and 0 interrupted iterations
default   [  75% ] 200/200 VUs  3m00.9s/4m00.0s

running (3m01.9s), 200/200 VUs, 175602 complete and 0 interrupted iterations
default   [  76% ] 200/200 VUs  3m01.9s/4m00.0s

running (3m02.9s), 200/200 VUs, 176602 complete and 0 interrupted iterations
default   [  76% ] 200/200 VUs  3m02.9s/4m00.0s

running (3m03.9s), 200/200 VUs, 177602 complete and 0 interrupted iterations
default   [  77% ] 200/200 VUs  3m03.9s/4m00.0s

running (3m04.9s), 200/200 VUs, 178569 complete and 0 interrupted iterations
default   [  77% ] 200/200 VUs  3m04.9s/4m00.0s

running (3m05.9s), 200/200 VUs, 179552 complete and 0 interrupted iterations
default   [  77% ] 200/200 VUs  3m05.9s/4m00.0s

running (3m06.9s), 200/200 VUs, 180552 complete and 0 interrupted iterations
default   [  78% ] 200/200 VUs  3m06.9s/4m00.0s

running (3m07.9s), 200/200 VUs, 181552 complete and 0 interrupted iterations
default   [  78% ] 200/200 VUs  3m07.9s/4m00.0s

running (3m08.9s), 200/200 VUs, 182502 complete and 0 interrupted iterations
default   [  79% ] 200/200 VUs  3m08.9s/4m00.0s

running (3m09.9s), 200/200 VUs, 183502 complete and 0 interrupted iterations
default   [  79% ] 200/200 VUs  3m09.9s/4m00.0s

running (3m10.9s), 200/200 VUs, 184502 complete and 0 interrupted iterations
default   [  80% ] 200/200 VUs  3m10.9s/4m00.0s

running (3m11.9s), 200/200 VUs, 185497 complete and 0 interrupted iterations
default   [  80% ] 200/200 VUs  3m11.9s/4m00.0s

running (3m12.9s), 200/200 VUs, 186452 complete and 0 interrupted iterations
default   [  80% ] 200/200 VUs  3m12.9s/4m00.0s

running (3m13.9s), 200/200 VUs, 187452 complete and 0 interrupted iterations
default   [  81% ] 200/200 VUs  3m13.9s/4m00.0s

running (3m14.9s), 200/200 VUs, 188452 complete and 0 interrupted iterations
default   [  81% ] 200/200 VUs  3m14.9s/4m00.0s

running (3m15.9s), 200/200 VUs, 189405 complete and 0 interrupted iterations
default   [  82% ] 200/200 VUs  3m15.9s/4m00.0s

running (3m16.9s), 200/200 VUs, 190402 complete and 0 interrupted iterations
default   [  82% ] 200/200 VUs  3m16.9s/4m00.0s

running (3m17.9s), 200/200 VUs, 191402 complete and 0 interrupted iterations
default   [  82% ] 200/200 VUs  3m17.9s/4m00.0s

running (3m18.9s), 200/200 VUs, 192366 complete and 0 interrupted iterations
default   [  83% ] 200/200 VUs  3m18.9s/4m00.0s

running (3m19.9s), 200/200 VUs, 193352 complete and 0 interrupted iterations
default   [  83% ] 200/200 VUs  3m19.9s/4m00.0s

running (3m20.9s), 200/200 VUs, 194352 complete and 0 interrupted iterations
default   [  84% ] 200/200 VUs  3m20.9s/4m00.0s

running (3m21.9s), 200/200 VUs, 195302 complete and 0 interrupted iterations
default   [  84% ] 200/200 VUs  3m21.9s/4m00.0s

running (3m22.9s), 200/200 VUs, 196302 complete and 0 interrupted iterations
default   [  85% ] 200/200 VUs  3m22.9s/4m00.0s

running (3m23.9s), 200/200 VUs, 197302 complete and 0 interrupted iterations
default   [  85% ] 200/200 VUs  3m23.9s/4m00.0s

running (3m24.9s), 200/200 VUs, 198252 complete and 0 interrupted iterations
default   [  85% ] 200/200 VUs  3m24.9s/4m00.0s

running (3m25.9s), 200/200 VUs, 199252 complete and 0 interrupted iterations
default   [  86% ] 200/200 VUs  3m25.9s/4m00.0s

running (3m26.9s), 200/200 VUs, 200252 complete and 0 interrupted iterations
default   [  86% ] 200/200 VUs  3m26.9s/4m00.0s

running (3m27.9s), 200/200 VUs, 201205 complete and 0 interrupted iterations
default   [  87% ] 200/200 VUs  3m27.9s/4m00.0s

running (3m28.9s), 200/200 VUs, 202202 complete and 0 interrupted iterations
default   [  87% ] 200/200 VUs  3m28.9s/4m00.0s

running (3m29.9s), 200/200 VUs, 203202 complete and 0 interrupted iterations
default   [  87% ] 200/200 VUs  3m29.9s/4m00.0s

running (3m30.9s), 195/200 VUs, 204169 complete and 0 interrupted iterations
default   [  88% ] 195/200 VUs  3m30.9s/4m00.0s

running (3m31.9s), 188/200 VUs, 205152 complete and 0 interrupted iterations
default   [  88% ] 188/200 VUs  3m31.9s/4m00.0s

running (3m32.9s), 182/200 VUs, 206152 complete and 0 interrupted iterations
default   [  89% ] 182/200 VUs  3m32.9s/4m00.0s

running (3m33.9s), 175/200 VUs, 207141 complete and 0 interrupted iterations
default   [  89% ] 175/200 VUs  3m33.9s/4m00.0s

running (3m34.9s), 169/200 VUs, 208102 complete and 0 interrupted iterations
default   [  90% ] 169/200 VUs  3m34.9s/4m00.0s

running (3m35.9s), 162/200 VUs, 209102 complete and 0 interrupted iterations
default   [  90% ] 162/200 VUs  3m35.9s/4m00.0s

running (3m36.9s), 155/200 VUs, 210102 complete and 0 interrupted iterations
default   [  90% ] 155/200 VUs  3m36.9s/4m00.0s

running (3m37.9s), 148/200 VUs, 211077 complete and 0 interrupted iterations
default   [  91% ] 148/200 VUs  3m37.9s/4m00.0s

running (3m38.9s), 142/200 VUs, 212052 complete and 0 interrupted iterations
default   [  91% ] 142/200 VUs  3m38.9s/4m00.0s

running (3m39.9s), 135/200 VUs, 213052 complete and 0 interrupted iterations
default   [  92% ] 135/200 VUs  3m39.9s/4m00.0s

running (3m40.9s), 129/200 VUs, 214034 complete and 0 interrupted iterations
default   [  92% ] 129/200 VUs  3m40.9s/4m00.0s

running (3m41.9s), 122/200 VUs, 215002 complete and 0 interrupted iterations
default   [  92% ] 122/200 VUs  3m41.9s/4m00.0s

running (3m42.9s), 115/200 VUs, 216002 complete and 0 interrupted iterations
default   [  93% ] 115/200 VUs  3m42.9s/4m00.0s

running (3m43.9s), 108/200 VUs, 217002 complete and 0 interrupted iterations
default   [  93% ] 108/200 VUs  3m43.9s/4m00.0s

running (3m44.9s), 102/200 VUs, 217986 complete and 0 interrupted iterations
default   [  94% ] 102/200 VUs  3m44.9s/4m00.0s

running (3m45.9s), 095/200 VUs, 218955 complete and 0 interrupted iterations
default   [  94% ] 095/200 VUs  3m45.9s/4m00.0s

running (3m46.9s), 088/200 VUs, 219952 complete and 0 interrupted iterations
default   [  95% ] 088/200 VUs  3m46.9s/4m00.0s

running (3m47.9s), 081/200 VUs, 220952 complete and 0 interrupted iterations
default   [  95% ] 081/200 VUs  3m47.9s/4m00.0s

running (3m48.9s), 075/200 VUs, 221943 complete and 0 interrupted iterations
default   [  95% ] 075/200 VUs  3m48.9s/4m00.0s

running (3m49.9s), 068/200 VUs, 222908 complete and 0 interrupted iterations
default   [  96% ] 068/200 VUs  3m49.9s/4m00.0s

running (3m50.9s), 062/200 VUs, 223902 complete and 0 interrupted iterations
default   [  96% ] 062/200 VUs  3m50.9s/4m00.0s

running (3m51.9s), 055/200 VUs, 224902 complete and 0 interrupted iterations
default   [  97% ] 055/200 VUs  3m51.9s/4m00.0s

running (3m52.9s), 048/200 VUs, 225885 complete and 0 interrupted iterations
default   [  97% ] 048/200 VUs  3m52.9s/4m00.0s

running (3m53.9s), 041/200 VUs, 226747 complete and 0 interrupted iterations
default   [  97% ] 041/200 VUs  3m53.9s/4m00.0s

running (3m54.9s), 035/200 VUs, 227510 complete and 0 interrupted iterations
default   [  98% ] 035/200 VUs  3m54.9s/4m00.0s

running (3m55.9s), 028/200 VUs, 228108 complete and 0 interrupted iterations
default   [  98% ] 028/200 VUs  3m55.9s/4m00.0s

running (3m56.9s), 021/200 VUs, 228605 complete and 0 interrupted iterations
default   [  99% ] 021/200 VUs  3m56.9s/4m00.0s

running (3m57.9s), 015/200 VUs, 228950 complete and 0 interrupted iterations
default   [  99% ] 015/200 VUs  3m57.9s/4m00.0s

running (3m58.9s), 008/200 VUs, 229180 complete and 0 interrupted iterations
default   [ 100% ] 008/200 VUs  3m58.9s/4m00.0s

running (3m59.9s), 001/200 VUs, 229269 complete and 0 interrupted iterations
default   [ 100% ] 001/200 VUs  3m59.9s/4m00.0s


  █ THRESHOLDS 

    checks
    ✓ 'rate>0.95' rate=100.00%

    http_req_duration
    ✓ 'p(95)<5000' p(95)=204.09ms
    ✓ 'p(99)<10000' p(99)=208.72ms

    http_req_failed
    ✓ 'rate<0.05' rate=0.00%


  █ TOTAL RESULTS 

    checks_total.......: 917088  3820.700681/s
    checks_succeeded...: 100.00% 917088 out of 917088
    checks_failed......: 0.00%   0 out of 917088

    ✓ status is 200
    ✓ content-type is json
    ✓ workloadType is IO-BOUND
    ✓ executionTimeMs exists

    CUSTOM
    response_time_ms...............: min=50.728301 avg=183.153541 med=202.357396 max=228.602925 p(90)=203.620609 p(95)=204.098129 p(99)=208.726541
    successful_requests............: 229272 955.17517/s

    HTTP
    http_req_duration..............: min=50.72ms   avg=183.15ms   med=202.35ms   max=228.6ms    p(90)=203.62ms   p(95)=204.09ms   p(99)=208.72ms  
      { expected_response:true }...: min=50.72ms   avg=183.15ms   med=202.35ms   max=228.6ms    p(90)=203.62ms   p(95)=204.09ms   p(99)=208.72ms  
    http_req_failed................: 0.00%  0 out of 229272
    http_reqs......................: 229272 955.17517/s

    EXECUTION
    iteration_duration.............: min=50.86ms   avg=183.29ms   med=202.49ms   max=228.82ms   p(90)=203.76ms   p(95)=204.24ms   p(99)=208.88ms  
    iterations.....................: 229272 955.17517/s
    vus............................: 1      min=1           max=200
    vus_max........................: 200    min=200         max=200

    NETWORK
    data_received..................: 51 MB  211 kB/s
    data_sent......................: 18 MB  76 kB/s




running (4m00.0s), 000/200 VUs, 229272 complete and 0 interrupted iterations
default ✓ [ 100% ] 000/200 VUs  4m0s
