
         /\      Grafana   /‾‾/  
    /\  /  \     |\  __   /  /   
   /  \/    \    | |/ /  /   ‾‾\ 
  /          \   |   (  |  (‾)  |
 / __________ \  |_|\_\  \_____/ 


     execution: local
        script: io-bound-test.js
        output: -

     scenarios: (100.00%) 1 scenario, 250 max VUs, 4m30s max duration (incl. graceful stop):
              * default: Up to 250 looping VUs for 4m0s over 3 stages (gracefulRampDown: 30s, gracefulStop: 30s)


running (0m00.9s), 008/250 VUs, 68 complete and 0 interrupted iterations
default   [   0% ] 008/250 VUs  0m00.9s/4m00.0s

running (0m01.9s), 016/250 VUs, 296 complete and 0 interrupted iterations
default   [   1% ] 016/250 VUs  0m01.9s/4m00.0s

running (0m02.9s), 024/250 VUs, 684 complete and 0 interrupted iterations
default   [   1% ] 024/250 VUs  0m02.9s/4m00.0s

running (0m03.9s), 033/250 VUs, 1228 complete and 0 interrupted iterations
default   [   2% ] 033/250 VUs  0m03.9s/4m00.0s

running (0m04.9s), 041/250 VUs, 1941 complete and 0 interrupted iterations
default   [   2% ] 041/250 VUs  0m04.9s/4m00.0s

running (0m05.9s), 049/250 VUs, 2811 complete and 0 interrupted iterations
default   [   2% ] 049/250 VUs  0m05.9s/4m00.0s

running (0m06.9s), 058/250 VUs, 3792 complete and 0 interrupted iterations
default   [   3% ] 058/250 VUs  0m06.9s/4m00.0s

running (0m07.9s), 066/250 VUs, 4775 complete and 0 interrupted iterations
default   [   3% ] 066/250 VUs  0m07.9s/4m00.0s

running (0m08.9s), 074/250 VUs, 5756 complete and 0 interrupted iterations
default   [   4% ] 074/250 VUs  0m08.9s/4m00.0s

running (0m09.9s), 083/250 VUs, 6725 complete and 0 interrupted iterations
default   [   4% ] 083/250 VUs  0m09.9s/4m00.0s

running (0m10.9s), 091/250 VUs, 7725 complete and 0 interrupted iterations
default   [   5% ] 091/250 VUs  0m10.9s/4m00.0s

running (0m11.9s), 099/250 VUs, 8698 complete and 0 interrupted iterations
default   [   5% ] 099/250 VUs  0m11.9s/4m00.0s

running (0m12.9s), 107/250 VUs, 9675 complete and 0 interrupted iterations
default   [   5% ] 107/250 VUs  0m12.9s/4m00.0s

running (0m13.9s), 116/250 VUs, 10675 complete and 0 interrupted iterations
default   [   6% ] 116/250 VUs  0m13.9s/4m00.0s

running (0m14.9s), 124/250 VUs, 11625 complete and 0 interrupted iterations
default   [   6% ] 124/250 VUs  0m14.9s/4m00.0s

running (0m15.9s), 132/250 VUs, 12625 complete and 0 interrupted iterations
default   [   7% ] 132/250 VUs  0m15.9s/4m00.0s

running (0m16.9s), 141/250 VUs, 13587 complete and 0 interrupted iterations
default   [   7% ] 141/250 VUs  0m16.9s/4m00.0s

running (0m17.9s), 149/250 VUs, 14575 complete and 0 interrupted iterations
default   [   7% ] 149/250 VUs  0m17.9s/4m00.0s

running (0m18.9s), 157/250 VUs, 15575 complete and 0 interrupted iterations
default   [   8% ] 157/250 VUs  0m18.9s/4m00.0s

running (0m19.9s), 166/250 VUs, 16525 complete and 0 interrupted iterations
default   [   8% ] 166/250 VUs  0m19.9s/4m00.0s

running (0m20.9s), 174/250 VUs, 17525 complete and 0 interrupted iterations
default   [   9% ] 174/250 VUs  0m20.9s/4m00.0s

running (0m21.9s), 182/250 VUs, 18475 complete and 0 interrupted iterations
default   [   9% ] 182/250 VUs  0m21.9s/4m00.0s

running (0m22.9s), 190/250 VUs, 19475 complete and 0 interrupted iterations
default   [  10% ] 190/250 VUs  0m22.9s/4m00.0s

running (0m23.9s), 199/250 VUs, 20461 complete and 0 interrupted iterations
default   [  10% ] 199/250 VUs  0m23.9s/4m00.0s

running (0m24.9s), 207/250 VUs, 21425 complete and 0 interrupted iterations
default   [  10% ] 207/250 VUs  0m24.9s/4m00.0s

running (0m25.9s), 215/250 VUs, 22425 complete and 0 interrupted iterations
default   [  11% ] 215/250 VUs  0m25.9s/4m00.0s

running (0m26.9s), 224/250 VUs, 23375 complete and 0 interrupted iterations
default   [  11% ] 224/250 VUs  0m26.9s/4m00.0s

running (0m27.9s), 232/250 VUs, 24375 complete and 0 interrupted iterations
default   [  12% ] 232/250 VUs  0m27.9s/4m00.0s

running (0m28.9s), 240/250 VUs, 25366 complete and 0 interrupted iterations
default   [  12% ] 240/250 VUs  0m28.9s/4m00.0s

running (0m29.9s), 249/250 VUs, 26325 complete and 0 interrupted iterations
default   [  12% ] 249/250 VUs  0m29.9s/4m00.0s

running (0m30.9s), 250/250 VUs, 27325 complete and 0 interrupted iterations
default   [  13% ] 250/250 VUs  0m30.9s/4m00.0s

running (0m31.9s), 250/250 VUs, 28275 complete and 0 interrupted iterations
default   [  13% ] 250/250 VUs  0m31.9s/4m00.0s

running (0m32.9s), 250/250 VUs, 29275 complete and 0 interrupted iterations
default   [  14% ] 250/250 VUs  0m32.9s/4m00.0s

running (0m33.9s), 250/250 VUs, 30254 complete and 0 interrupted iterations
default   [  14% ] 250/250 VUs  0m33.9s/4m00.0s

running (0m34.9s), 250/250 VUs, 31225 complete and 0 interrupted iterations
default   [  15% ] 250/250 VUs  0m34.9s/4m00.0s

running (0m35.9s), 250/250 VUs, 32225 complete and 0 interrupted iterations
default   [  15% ] 250/250 VUs  0m35.9s/4m00.0s

running (0m36.9s), 250/250 VUs, 33188 complete and 0 interrupted iterations
default   [  15% ] 250/250 VUs  0m36.9s/4m00.0s

running (0m37.9s), 250/250 VUs, 34175 complete and 0 interrupted iterations
default   [  16% ] 250/250 VUs  0m37.9s/4m00.0s

running (0m38.9s), 250/250 VUs, 35166 complete and 0 interrupted iterations
default   [  16% ] 250/250 VUs  0m38.9s/4m00.0s

running (0m39.9s), 250/250 VUs, 36125 complete and 0 interrupted iterations
default   [  17% ] 250/250 VUs  0m39.9s/4m00.0s

running (0m40.9s), 250/250 VUs, 37125 complete and 0 interrupted iterations
default   [  17% ] 250/250 VUs  0m40.9s/4m00.0s

running (0m41.9s), 250/250 VUs, 38108 complete and 0 interrupted iterations
default   [  17% ] 250/250 VUs  0m41.9s/4m00.0s

running (0m42.9s), 250/250 VUs, 39075 complete and 0 interrupted iterations
default   [  18% ] 250/250 VUs  0m42.9s/4m00.0s

running (0m43.9s), 250/250 VUs, 40075 complete and 0 interrupted iterations
default   [  18% ] 250/250 VUs  0m43.9s/4m00.0s

running (0m44.9s), 250/250 VUs, 41052 complete and 0 interrupted iterations
default   [  19% ] 250/250 VUs  0m44.9s/4m00.0s

running (0m45.9s), 250/250 VUs, 42025 complete and 0 interrupted iterations
default   [  19% ] 250/250 VUs  0m45.9s/4m00.0s

running (0m46.9s), 250/250 VUs, 43025 complete and 0 interrupted iterations
default   [  20% ] 250/250 VUs  0m46.9s/4m00.0s

running (0m47.9s), 250/250 VUs, 43975 complete and 0 interrupted iterations
default   [  20% ] 250/250 VUs  0m47.9s/4m00.0s

running (0m48.9s), 250/250 VUs, 44975 complete and 0 interrupted iterations
default   [  20% ] 250/250 VUs  0m48.9s/4m00.0s

running (0m49.9s), 250/250 VUs, 45972 complete and 0 interrupted iterations
default   [  21% ] 250/250 VUs  0m49.9s/4m00.0s

running (0m50.9s), 250/250 VUs, 46925 complete and 0 interrupted iterations
default   [  21% ] 250/250 VUs  0m50.9s/4m00.0s

running (0m51.9s), 250/250 VUs, 47925 complete and 0 interrupted iterations
default   [  22% ] 250/250 VUs  0m51.9s/4m00.0s

running (0m52.9s), 250/250 VUs, 48915 complete and 0 interrupted iterations
default   [  22% ] 250/250 VUs  0m52.9s/4m00.0s

running (0m53.9s), 250/250 VUs, 49875 complete and 0 interrupted iterations
default   [  22% ] 250/250 VUs  0m53.9s/4m00.0s

running (0m54.9s), 250/250 VUs, 50875 complete and 0 interrupted iterations
default   [  23% ] 250/250 VUs  0m54.9s/4m00.0s

running (0m55.9s), 250/250 VUs, 51829 complete and 0 interrupted iterations
default   [  23% ] 250/250 VUs  0m55.9s/4m00.0s

running (0m56.9s), 250/250 VUs, 52825 complete and 0 interrupted iterations
default   [  24% ] 250/250 VUs  0m56.9s/4m00.0s

running (0m57.9s), 250/250 VUs, 53825 complete and 0 interrupted iterations
default   [  24% ] 250/250 VUs  0m57.9s/4m00.0s

running (0m58.9s), 250/250 VUs, 54775 complete and 0 interrupted iterations
default   [  25% ] 250/250 VUs  0m58.9s/4m00.0s

running (0m59.9s), 250/250 VUs, 55775 complete and 0 interrupted iterations
default   [  25% ] 250/250 VUs  0m59.9s/4m00.0s

running (1m00.9s), 250/250 VUs, 56739 complete and 0 interrupted iterations
default   [  25% ] 250/250 VUs  1m00.9s/4m00.0s

running (1m01.9s), 250/250 VUs, 57725 complete and 0 interrupted iterations
default   [  26% ] 250/250 VUs  1m01.9s/4m00.0s

running (1m02.9s), 250/250 VUs, 58725 complete and 0 interrupted iterations
default   [  26% ] 250/250 VUs  1m02.9s/4m00.0s

running (1m03.9s), 250/250 VUs, 59675 complete and 0 interrupted iterations
default   [  27% ] 250/250 VUs  1m03.9s/4m00.0s

running (1m04.9s), 250/250 VUs, 60675 complete and 0 interrupted iterations
default   [  27% ] 250/250 VUs  1m04.9s/4m00.0s

running (1m05.9s), 250/250 VUs, 61652 complete and 0 interrupted iterations
default   [  27% ] 250/250 VUs  1m05.9s/4m00.0s

running (1m06.9s), 250/250 VUs, 62625 complete and 0 interrupted iterations
default   [  28% ] 250/250 VUs  1m06.9s/4m00.0s

running (1m07.9s), 250/250 VUs, 63625 complete and 0 interrupted iterations
default   [  28% ] 250/250 VUs  1m07.9s/4m00.0s

running (1m08.9s), 250/250 VUs, 64575 complete and 0 interrupted iterations
default   [  29% ] 250/250 VUs  1m08.9s/4m00.0s

running (1m09.9s), 250/250 VUs, 65575 complete and 0 interrupted iterations
default   [  29% ] 250/250 VUs  1m09.9s/4m00.0s

running (1m10.9s), 250/250 VUs, 66547 complete and 0 interrupted iterations
default   [  30% ] 250/250 VUs  1m10.9s/4m00.0s

running (1m11.9s), 250/250 VUs, 67525 complete and 0 interrupted iterations
default   [  30% ] 250/250 VUs  1m11.9s/4m00.0s

running (1m12.9s), 250/250 VUs, 68525 complete and 0 interrupted iterations
default   [  30% ] 250/250 VUs  1m12.9s/4m00.0s

running (1m13.9s), 250/250 VUs, 69475 complete and 0 interrupted iterations
default   [  31% ] 250/250 VUs  1m13.9s/4m00.0s

running (1m14.9s), 250/250 VUs, 70475 complete and 0 interrupted iterations
default   [  31% ] 250/250 VUs  1m14.9s/4m00.0s

running (1m15.9s), 250/250 VUs, 71425 complete and 0 interrupted iterations
default   [  32% ] 250/250 VUs  1m15.9s/4m00.0s

running (1m16.9s), 250/250 VUs, 72425 complete and 0 interrupted iterations
default   [  32% ] 250/250 VUs  1m16.9s/4m00.0s

running (1m17.9s), 250/250 VUs, 73412 complete and 0 interrupted iterations
default   [  32% ] 250/250 VUs  1m17.9s/4m00.0s

running (1m18.9s), 250/250 VUs, 74375 complete and 0 interrupted iterations
default   [  33% ] 250/250 VUs  1m18.9s/4m00.0s

running (1m19.9s), 250/250 VUs, 75375 complete and 0 interrupted iterations
default   [  33% ] 250/250 VUs  1m19.9s/4m00.0s

running (1m20.9s), 250/250 VUs, 76325 complete and 0 interrupted iterations
default   [  34% ] 250/250 VUs  1m20.9s/4m00.0s

running (1m21.9s), 250/250 VUs, 77325 complete and 0 interrupted iterations
default   [  34% ] 250/250 VUs  1m21.9s/4m00.0s

running (1m22.9s), 250/250 VUs, 78296 complete and 0 interrupted iterations
default   [  35% ] 250/250 VUs  1m22.9s/4m00.0s

running (1m23.9s), 250/250 VUs, 79275 complete and 0 interrupted iterations
default   [  35% ] 250/250 VUs  1m23.9s/4m00.0s

running (1m24.9s), 250/250 VUs, 80275 complete and 0 interrupted iterations
default   [  35% ] 250/250 VUs  1m24.9s/4m00.0s

running (1m25.9s), 250/250 VUs, 81225 complete and 0 interrupted iterations
default   [  36% ] 250/250 VUs  1m25.9s/4m00.0s

running (1m26.9s), 250/250 VUs, 82225 complete and 0 interrupted iterations
default   [  36% ] 250/250 VUs  1m26.9s/4m00.0s

running (1m27.9s), 250/250 VUs, 83178 complete and 0 interrupted iterations
default   [  37% ] 250/250 VUs  1m27.9s/4m00.0s

running (1m28.9s), 250/250 VUs, 84175 complete and 0 interrupted iterations
default   [  37% ] 250/250 VUs  1m28.9s/4m00.0s

running (1m29.9s), 250/250 VUs, 85175 complete and 0 interrupted iterations
default   [  37% ] 250/250 VUs  1m29.9s/4m00.0s

running (1m30.9s), 250/250 VUs, 86125 complete and 0 interrupted iterations
default   [  38% ] 250/250 VUs  1m30.9s/4m00.0s

running (1m31.9s), 250/250 VUs, 87125 complete and 0 interrupted iterations
default   [  38% ] 250/250 VUs  1m31.9s/4m00.0s

running (1m32.9s), 250/250 VUs, 88075 complete and 0 interrupted iterations
default   [  39% ] 250/250 VUs  1m32.9s/4m00.0s

running (1m33.9s), 250/250 VUs, 89075 complete and 0 interrupted iterations
default   [  39% ] 250/250 VUs  1m33.9s/4m00.0s

running (1m34.9s), 250/250 VUs, 90046 complete and 0 interrupted iterations
default   [  40% ] 250/250 VUs  1m34.9s/4m00.0s

running (1m35.9s), 250/250 VUs, 91025 complete and 0 interrupted iterations
default   [  40% ] 250/250 VUs  1m35.9s/4m00.0s

running (1m36.9s), 250/250 VUs, 92006 complete and 0 interrupted iterations
default   [  40% ] 250/250 VUs  1m36.9s/4m00.0s

running (1m37.9s), 250/250 VUs, 92975 complete and 0 interrupted iterations
default   [  41% ] 250/250 VUs  1m37.9s/4m00.0s

running (1m38.9s), 250/250 VUs, 93975 complete and 0 interrupted iterations
default   [  41% ] 250/250 VUs  1m38.9s/4m00.0s

running (1m39.9s), 250/250 VUs, 94947 complete and 0 interrupted iterations
default   [  42% ] 250/250 VUs  1m39.9s/4m00.0s

running (1m40.9s), 250/250 VUs, 95925 complete and 0 interrupted iterations
default   [  42% ] 250/250 VUs  1m40.9s/4m00.0s

running (1m41.9s), 250/250 VUs, 96925 complete and 0 interrupted iterations
default   [  42% ] 250/250 VUs  1m41.9s/4m00.0s

running (1m42.9s), 250/250 VUs, 97896 complete and 0 interrupted iterations
default   [  43% ] 250/250 VUs  1m42.9s/4m00.0s

running (1m43.9s), 250/250 VUs, 98875 complete and 0 interrupted iterations
default   [  43% ] 250/250 VUs  1m43.9s/4m00.0s

running (1m44.9s), 250/250 VUs, 99875 complete and 0 interrupted iterations
default   [  44% ] 250/250 VUs  1m44.9s/4m00.0s

running (1m45.9s), 250/250 VUs, 100852 complete and 0 interrupted iterations
default   [  44% ] 250/250 VUs  1m45.9s/4m00.0s

running (1m46.9s), 250/250 VUs, 101825 complete and 0 interrupted iterations
default   [  45% ] 250/250 VUs  1m46.9s/4m00.0s

running (1m47.9s), 250/250 VUs, 102825 complete and 0 interrupted iterations
default   [  45% ] 250/250 VUs  1m47.9s/4m00.0s

running (1m48.9s), 250/250 VUs, 103797 complete and 0 interrupted iterations
default   [  45% ] 250/250 VUs  1m48.9s/4m00.0s

running (1m49.9s), 250/250 VUs, 104775 complete and 0 interrupted iterations
default   [  46% ] 250/250 VUs  1m49.9s/4m00.0s

running (1m50.9s), 250/250 VUs, 105775 complete and 0 interrupted iterations
default   [  46% ] 250/250 VUs  1m50.9s/4m00.0s

running (1m51.9s), 250/250 VUs, 106775 complete and 0 interrupted iterations
default   [  47% ] 250/250 VUs  1m51.9s/4m00.0s

running (1m52.9s), 250/250 VUs, 107726 complete and 0 interrupted iterations
default   [  47% ] 250/250 VUs  1m52.9s/4m00.0s

running (1m53.9s), 250/250 VUs, 108725 complete and 0 interrupted iterations
default   [  47% ] 250/250 VUs  1m53.9s/4m00.0s

running (1m54.9s), 250/250 VUs, 109725 complete and 0 interrupted iterations
default   [  48% ] 250/250 VUs  1m54.9s/4m00.0s

running (1m55.9s), 250/250 VUs, 110708 complete and 0 interrupted iterations
default   [  48% ] 250/250 VUs  1m55.9s/4m00.0s

running (1m56.9s), 250/250 VUs, 111675 complete and 0 interrupted iterations
default   [  49% ] 250/250 VUs  1m56.9s/4m00.0s

running (1m57.9s), 250/250 VUs, 112675 complete and 0 interrupted iterations
default   [  49% ] 250/250 VUs  1m57.9s/4m00.0s

running (1m58.9s), 250/250 VUs, 113675 complete and 0 interrupted iterations
default   [  50% ] 250/250 VUs  1m58.9s/4m00.0s

running (1m59.9s), 250/250 VUs, 114625 complete and 0 interrupted iterations
default   [  50% ] 250/250 VUs  1m59.9s/4m00.0s

running (2m00.9s), 250/250 VUs, 115625 complete and 0 interrupted iterations
default   [  50% ] 250/250 VUs  2m00.9s/4m00.0s

running (2m01.9s), 250/250 VUs, 116625 complete and 0 interrupted iterations
default   [  51% ] 250/250 VUs  2m01.9s/4m00.0s

running (2m02.9s), 250/250 VUs, 117601 complete and 0 interrupted iterations
default   [  51% ] 250/250 VUs  2m02.9s/4m00.0s

running (2m03.9s), 250/250 VUs, 118575 complete and 0 interrupted iterations
default   [  52% ] 250/250 VUs  2m03.9s/4m00.0s

running (2m04.9s), 250/250 VUs, 119575 complete and 0 interrupted iterations
default   [  52% ] 250/250 VUs  2m04.9s/4m00.0s

running (2m05.9s), 250/250 VUs, 120575 complete and 0 interrupted iterations
default   [  52% ] 250/250 VUs  2m05.9s/4m00.0s

running (2m06.9s), 250/250 VUs, 121541 complete and 0 interrupted iterations
default   [  53% ] 250/250 VUs  2m06.9s/4m00.0s

running (2m07.9s), 250/250 VUs, 122525 complete and 0 interrupted iterations
default   [  53% ] 250/250 VUs  2m07.9s/4m00.0s

running (2m08.9s), 250/250 VUs, 123525 complete and 0 interrupted iterations
default   [  54% ] 250/250 VUs  2m08.9s/4m00.0s

running (2m09.9s), 250/250 VUs, 124519 complete and 0 interrupted iterations
default   [  54% ] 250/250 VUs  2m09.9s/4m00.0s

running (2m10.9s), 250/250 VUs, 125475 complete and 0 interrupted iterations
default   [  55% ] 250/250 VUs  2m10.9s/4m00.0s

running (2m11.9s), 250/250 VUs, 126475 complete and 0 interrupted iterations
default   [  55% ] 250/250 VUs  2m11.9s/4m00.0s

running (2m12.9s), 250/250 VUs, 127475 complete and 0 interrupted iterations
default   [  55% ] 250/250 VUs  2m12.9s/4m00.0s

running (2m13.9s), 250/250 VUs, 128457 complete and 0 interrupted iterations
default   [  56% ] 250/250 VUs  2m13.9s/4m00.0s

running (2m14.9s), 250/250 VUs, 129425 complete and 0 interrupted iterations
default   [  56% ] 250/250 VUs  2m14.9s/4m00.0s

running (2m15.9s), 250/250 VUs, 130425 complete and 0 interrupted iterations
default   [  57% ] 250/250 VUs  2m15.9s/4m00.0s

running (2m16.9s), 250/250 VUs, 131425 complete and 0 interrupted iterations
default   [  57% ] 250/250 VUs  2m16.9s/4m00.0s

running (2m17.9s), 250/250 VUs, 132377 complete and 0 interrupted iterations
default   [  57% ] 250/250 VUs  2m17.9s/4m00.0s

running (2m18.9s), 250/250 VUs, 133375 complete and 0 interrupted iterations
default   [  58% ] 250/250 VUs  2m18.9s/4m00.0s

running (2m19.9s), 250/250 VUs, 134375 complete and 0 interrupted iterations
default   [  58% ] 250/250 VUs  2m19.9s/4m00.0s

running (2m20.9s), 250/250 VUs, 135342 complete and 0 interrupted iterations
default   [  59% ] 250/250 VUs  2m20.9s/4m00.0s

running (2m21.9s), 250/250 VUs, 136325 complete and 0 interrupted iterations
default   [  59% ] 250/250 VUs  2m21.9s/4m00.0s

running (2m22.9s), 250/250 VUs, 137325 complete and 0 interrupted iterations
default   [  60% ] 250/250 VUs  2m22.9s/4m00.0s

running (2m23.9s), 250/250 VUs, 138319 complete and 0 interrupted iterations
default   [  60% ] 250/250 VUs  2m23.9s/4m00.0s

running (2m24.9s), 250/250 VUs, 139300 complete and 0 interrupted iterations
default   [  60% ] 250/250 VUs  2m24.9s/4m00.0s

running (2m25.9s), 250/250 VUs, 140275 complete and 0 interrupted iterations
default   [  61% ] 250/250 VUs  2m25.9s/4m00.0s

running (2m26.9s), 250/250 VUs, 141275 complete and 0 interrupted iterations
default   [  61% ] 250/250 VUs  2m26.9s/4m00.0s

running (2m27.9s), 250/250 VUs, 142260 complete and 0 interrupted iterations
default   [  62% ] 250/250 VUs  2m27.9s/4m00.0s

running (2m28.9s), 250/250 VUs, 143225 complete and 0 interrupted iterations
default   [  62% ] 250/250 VUs  2m28.9s/4m00.0s

running (2m29.9s), 250/250 VUs, 144225 complete and 0 interrupted iterations
default   [  62% ] 250/250 VUs  2m29.9s/4m00.0s

running (2m30.9s), 250/250 VUs, 145186 complete and 0 interrupted iterations
default   [  63% ] 250/250 VUs  2m30.9s/4m00.0s

running (2m31.9s), 250/250 VUs, 146175 complete and 0 interrupted iterations
default   [  63% ] 250/250 VUs  2m31.9s/4m00.0s

running (2m32.9s), 250/250 VUs, 147175 complete and 0 interrupted iterations
default   [  64% ] 250/250 VUs  2m32.9s/4m00.0s

running (2m33.9s), 250/250 VUs, 148160 complete and 0 interrupted iterations
default   [  64% ] 250/250 VUs  2m33.9s/4m00.0s

running (2m34.9s), 250/250 VUs, 149125 complete and 0 interrupted iterations
default   [  65% ] 250/250 VUs  2m34.9s/4m00.0s

running (2m35.9s), 250/250 VUs, 150125 complete and 0 interrupted iterations
default   [  65% ] 250/250 VUs  2m35.9s/4m00.0s

running (2m36.9s), 250/250 VUs, 151120 complete and 0 interrupted iterations
default   [  65% ] 250/250 VUs  2m36.9s/4m00.0s

running (2m37.9s), 250/250 VUs, 152075 complete and 0 interrupted iterations
default   [  66% ] 250/250 VUs  2m37.9s/4m00.0s

running (2m38.9s), 250/250 VUs, 153075 complete and 0 interrupted iterations
default   [  66% ] 250/250 VUs  2m38.9s/4m00.0s

running (2m39.9s), 250/250 VUs, 154075 complete and 0 interrupted iterations
default   [  67% ] 250/250 VUs  2m39.9s/4m00.0s

running (2m40.9s), 250/250 VUs, 155039 complete and 0 interrupted iterations
default   [  67% ] 250/250 VUs  2m40.9s/4m00.0s

running (2m41.9s), 250/250 VUs, 156025 complete and 0 interrupted iterations
default   [  67% ] 250/250 VUs  2m41.9s/4m00.0s

running (2m42.9s), 250/250 VUs, 157025 complete and 0 interrupted iterations
default   [  68% ] 250/250 VUs  2m42.9s/4m00.0s

running (2m43.9s), 250/250 VUs, 158021 complete and 0 interrupted iterations
default   [  68% ] 250/250 VUs  2m43.9s/4m00.0s

running (2m44.9s), 250/250 VUs, 158994 complete and 0 interrupted iterations
default   [  69% ] 250/250 VUs  2m44.9s/4m00.0s

running (2m45.9s), 250/250 VUs, 159975 complete and 0 interrupted iterations
default   [  69% ] 250/250 VUs  2m45.9s/4m00.0s

running (2m46.9s), 250/250 VUs, 160975 complete and 0 interrupted iterations
default   [  70% ] 250/250 VUs  2m46.9s/4m00.0s

running (2m47.9s), 250/250 VUs, 161975 complete and 0 interrupted iterations
default   [  70% ] 250/250 VUs  2m47.9s/4m00.0s

running (2m48.9s), 250/250 VUs, 162931 complete and 0 interrupted iterations
default   [  70% ] 250/250 VUs  2m48.9s/4m00.0s

running (2m49.9s), 250/250 VUs, 163925 complete and 0 interrupted iterations
default   [  71% ] 250/250 VUs  2m49.9s/4m00.0s

running (2m50.9s), 250/250 VUs, 164925 complete and 0 interrupted iterations
default   [  71% ] 250/250 VUs  2m50.9s/4m00.0s

running (2m51.9s), 250/250 VUs, 165923 complete and 0 interrupted iterations
default   [  72% ] 250/250 VUs  2m51.9s/4m00.0s

running (2m52.9s), 250/250 VUs, 166875 complete and 0 interrupted iterations
default   [  72% ] 250/250 VUs  2m52.9s/4m00.0s

running (2m53.9s), 250/250 VUs, 167875 complete and 0 interrupted iterations
default   [  72% ] 250/250 VUs  2m53.9s/4m00.0s

running (2m54.9s), 250/250 VUs, 168875 complete and 0 interrupted iterations
default   [  73% ] 250/250 VUs  2m54.9s/4m00.0s

running (2m55.9s), 250/250 VUs, 169867 complete and 0 interrupted iterations
default   [  73% ] 250/250 VUs  2m55.9s/4m00.0s

running (2m56.9s), 250/250 VUs, 170825 complete and 0 interrupted iterations
default   [  74% ] 250/250 VUs  2m56.9s/4m00.0s

running (2m57.9s), 250/250 VUs, 171825 complete and 0 interrupted iterations
default   [  74% ] 250/250 VUs  2m57.9s/4m00.0s

running (2m58.9s), 250/250 VUs, 172825 complete and 0 interrupted iterations
default   [  75% ] 250/250 VUs  2m58.9s/4m00.0s

running (2m59.9s), 250/250 VUs, 173811 complete and 0 interrupted iterations
default   [  75% ] 250/250 VUs  2m59.9s/4m00.0s

running (3m00.9s), 250/250 VUs, 174775 complete and 0 interrupted iterations
default   [  75% ] 250/250 VUs  3m00.9s/4m00.0s

running (3m01.9s), 250/250 VUs, 175775 complete and 0 interrupted iterations
default   [  76% ] 250/250 VUs  3m01.9s/4m00.0s

running (3m02.9s), 250/250 VUs, 176775 complete and 0 interrupted iterations
default   [  76% ] 250/250 VUs  3m02.9s/4m00.0s

running (3m03.9s), 250/250 VUs, 177729 complete and 0 interrupted iterations
default   [  77% ] 250/250 VUs  3m03.9s/4m00.0s

running (3m04.9s), 250/250 VUs, 178725 complete and 0 interrupted iterations
default   [  77% ] 250/250 VUs  3m04.9s/4m00.0s

running (3m05.9s), 250/250 VUs, 179725 complete and 0 interrupted iterations
default   [  77% ] 250/250 VUs  3m05.9s/4m00.0s

running (3m06.9s), 250/250 VUs, 180704 complete and 0 interrupted iterations
default   [  78% ] 250/250 VUs  3m06.9s/4m00.0s

running (3m07.9s), 250/250 VUs, 181675 complete and 0 interrupted iterations
default   [  78% ] 250/250 VUs  3m07.9s/4m00.0s

running (3m08.9s), 250/250 VUs, 182675 complete and 0 interrupted iterations
default   [  79% ] 250/250 VUs  3m08.9s/4m00.0s

running (3m09.9s), 250/250 VUs, 183675 complete and 0 interrupted iterations
default   [  79% ] 250/250 VUs  3m09.9s/4m00.0s

running (3m10.9s), 250/250 VUs, 184634 complete and 0 interrupted iterations
default   [  80% ] 250/250 VUs  3m10.9s/4m00.0s

running (3m11.9s), 250/250 VUs, 185625 complete and 0 interrupted iterations
default   [  80% ] 250/250 VUs  3m11.9s/4m00.0s

running (3m12.9s), 250/250 VUs, 186625 complete and 0 interrupted iterations
default   [  80% ] 250/250 VUs  3m12.9s/4m00.0s

running (3m13.9s), 250/250 VUs, 187617 complete and 0 interrupted iterations
default   [  81% ] 250/250 VUs  3m13.9s/4m00.0s

running (3m14.9s), 250/250 VUs, 188581 complete and 0 interrupted iterations
default   [  81% ] 250/250 VUs  3m14.9s/4m00.0s

running (3m15.9s), 250/250 VUs, 189575 complete and 0 interrupted iterations
default   [  82% ] 250/250 VUs  3m15.9s/4m00.0s

running (3m16.9s), 250/250 VUs, 190575 complete and 0 interrupted iterations
default   [  82% ] 250/250 VUs  3m16.9s/4m00.0s

running (3m17.9s), 250/250 VUs, 191546 complete and 0 interrupted iterations
default   [  82% ] 250/250 VUs  3m17.9s/4m00.0s

running (3m18.9s), 250/250 VUs, 192525 complete and 0 interrupted iterations
default   [  83% ] 250/250 VUs  3m18.9s/4m00.0s

running (3m19.9s), 250/250 VUs, 193525 complete and 0 interrupted iterations
default   [  83% ] 250/250 VUs  3m19.9s/4m00.0s

running (3m20.9s), 250/250 VUs, 194516 complete and 0 interrupted iterations
default   [  84% ] 250/250 VUs  3m20.9s/4m00.0s

running (3m21.9s), 250/250 VUs, 195475 complete and 0 interrupted iterations
default   [  84% ] 250/250 VUs  3m21.9s/4m00.0s

running (3m22.9s), 250/250 VUs, 196475 complete and 0 interrupted iterations
default   [  85% ] 250/250 VUs  3m22.9s/4m00.0s

running (3m23.9s), 250/250 VUs, 197475 complete and 0 interrupted iterations
default   [  85% ] 250/250 VUs  3m23.9s/4m00.0s

running (3m24.9s), 250/250 VUs, 198450 complete and 0 interrupted iterations
default   [  85% ] 250/250 VUs  3m24.9s/4m00.0s

running (3m25.9s), 250/250 VUs, 199425 complete and 0 interrupted iterations
default   [  86% ] 250/250 VUs  3m25.9s/4m00.0s

running (3m26.9s), 250/250 VUs, 200425 complete and 0 interrupted iterations
default   [  86% ] 250/250 VUs  3m26.9s/4m00.0s

running (3m27.9s), 250/250 VUs, 201413 complete and 0 interrupted iterations
default   [  87% ] 250/250 VUs  3m27.9s/4m00.0s

running (3m28.9s), 250/250 VUs, 202375 complete and 0 interrupted iterations
default   [  87% ] 250/250 VUs  3m28.9s/4m00.0s

running (3m29.9s), 250/250 VUs, 203375 complete and 0 interrupted iterations
default   [  87% ] 250/250 VUs  3m29.9s/4m00.0s

running (3m30.9s), 244/250 VUs, 204357 complete and 0 interrupted iterations
default   [  88% ] 244/250 VUs  3m30.9s/4m00.0s

running (3m31.9s), 236/250 VUs, 205325 complete and 0 interrupted iterations
default   [  88% ] 236/250 VUs  3m31.9s/4m00.0s

running (3m32.9s), 227/250 VUs, 206325 complete and 0 interrupted iterations
default   [  89% ] 227/250 VUs  3m32.9s/4m00.0s

running (3m33.9s), 218/250 VUs, 207325 complete and 0 interrupted iterations
default   [  89% ] 218/250 VUs  3m33.9s/4m00.0s

running (3m34.9s), 210/250 VUs, 208281 complete and 0 interrupted iterations
default   [  90% ] 210/250 VUs  3m34.9s/4m00.0s

running (3m35.9s), 203/250 VUs, 209275 complete and 0 interrupted iterations
default   [  90% ] 203/250 VUs  3m35.9s/4m00.0s

running (3m36.9s), 194/250 VUs, 210275 complete and 0 interrupted iterations
default   [  90% ] 194/250 VUs  3m36.9s/4m00.0s

running (3m37.9s), 185/250 VUs, 211271 complete and 0 interrupted iterations
default   [  91% ] 185/250 VUs  3m37.9s/4m00.0s

running (3m38.9s), 177/250 VUs, 212225 complete and 0 interrupted iterations
default   [  91% ] 177/250 VUs  3m38.9s/4m00.0s

running (3m39.9s), 169/250 VUs, 213225 complete and 0 interrupted iterations
default   [  92% ] 169/250 VUs  3m39.9s/4m00.0s

running (3m40.9s), 160/250 VUs, 214225 complete and 0 interrupted iterations
default   [  92% ] 160/250 VUs  3m40.9s/4m00.0s

running (3m41.9s), 152/250 VUs, 215205 complete and 0 interrupted iterations
default   [  92% ] 152/250 VUs  3m41.9s/4m00.0s

running (3m42.9s), 144/250 VUs, 216175 complete and 0 interrupted iterations
default   [  93% ] 144/250 VUs  3m42.9s/4m00.0s

running (3m43.9s), 135/250 VUs, 217175 complete and 0 interrupted iterations
default   [  93% ] 135/250 VUs  3m43.9s/4m00.0s

running (3m44.9s), 127/250 VUs, 218163 complete and 0 interrupted iterations
default   [  94% ] 127/250 VUs  3m44.9s/4m00.0s

running (3m45.9s), 119/250 VUs, 219141 complete and 0 interrupted iterations
default   [  94% ] 119/250 VUs  3m45.9s/4m00.0s

running (3m46.9s), 110/250 VUs, 220125 complete and 0 interrupted iterations
default   [  95% ] 110/250 VUs  3m46.9s/4m00.0s

running (3m47.9s), 102/250 VUs, 221125 complete and 0 interrupted iterations
default   [  95% ] 102/250 VUs  3m47.9s/4m00.0s

running (3m48.9s), 094/250 VUs, 222116 complete and 0 interrupted iterations
default   [  95% ] 094/250 VUs  3m48.9s/4m00.0s

running (3m49.9s), 086/250 VUs, 223075 complete and 0 interrupted iterations
default   [  96% ] 086/250 VUs  3m49.9s/4m00.0s

running (3m50.9s), 077/250 VUs, 224075 complete and 0 interrupted iterations
default   [  96% ] 077/250 VUs  3m50.9s/4m00.0s

running (3m51.9s), 069/250 VUs, 225075 complete and 0 interrupted iterations
default   [  97% ] 069/250 VUs  3m51.9s/4m00.0s

running (3m52.9s), 060/250 VUs, 226068 complete and 0 interrupted iterations
default   [  97% ] 060/250 VUs  3m52.9s/4m00.0s

running (3m53.9s), 052/250 VUs, 227025 complete and 0 interrupted iterations
default   [  97% ] 052/250 VUs  3m53.9s/4m00.0s

running (3m54.9s), 043/250 VUs, 227976 complete and 0 interrupted iterations
default   [  98% ] 043/250 VUs  3m54.9s/4m00.0s

running (3m55.9s), 035/250 VUs, 228739 complete and 0 interrupted iterations
default   [  98% ] 035/250 VUs  3m55.9s/4m00.0s

running (3m56.9s), 027/250 VUs, 229348 complete and 0 interrupted iterations
default   [  99% ] 027/250 VUs  3m56.9s/4m00.0s

running (3m57.9s), 019/250 VUs, 229782 complete and 0 interrupted iterations
default   [  99% ] 019/250 VUs  3m57.9s/4m00.0s

running (3m58.9s), 010/250 VUs, 230072 complete and 0 interrupted iterations
default   [ 100% ] 010/250 VUs  3m58.9s/4m00.0s

running (3m59.9s), 002/250 VUs, 230189 complete and 0 interrupted iterations
default   [ 100% ] 002/250 VUs  3m59.9s/4m00.0s


  █ THRESHOLDS 

    checks
    ✓ 'rate>0.95' rate=100.00%

    http_req_duration
    ✓ 'p(95)<5000' p(95)=255.71ms
    ✓ 'p(99)<10000' p(99)=260.31ms

    http_req_failed
    ✓ 'rate<0.05' rate=0.00%


  █ TOTAL RESULTS 

    checks_total.......: 920776  3835.896447/s
    checks_succeeded...: 100.00% 920776 out of 920776
    checks_failed......: 0.00%   0 out of 920776

    ✓ status is 200
    ✓ content-type is json
    ✓ workloadType is IO-BOUND
    ✓ executionTimeMs exists

    CUSTOM
    response_time_ms...............: min=50.717136 avg=228.055158 med=253.260673 max=276.827337 p(90)=255.268418 p(95)=255.714312 p(99)=260.311002
    successful_requests............: 230194 958.974112/s

    HTTP
    http_req_duration..............: min=50.71ms   avg=228.05ms   med=253.26ms   max=276.82ms   p(90)=255.26ms   p(95)=255.71ms   p(99)=260.31ms  
      { expected_response:true }...: min=50.71ms   avg=228.05ms   med=253.26ms   max=276.82ms   p(90)=255.26ms   p(95)=255.71ms   p(99)=260.31ms  
    http_req_failed................: 0.00%  0 out of 230194
    http_reqs......................: 230194 958.974112/s

    EXECUTION
    iteration_duration.............: min=50.85ms   avg=228.19ms   med=253.39ms   max=277.13ms   p(90)=255.4ms    p(95)=255.85ms   p(99)=260.48ms  
    iterations.....................: 230194 958.974112/s
    vus............................: 2      min=2           max=250
    vus_max........................: 250    min=250         max=250

    NETWORK
    data_received..................: 51 MB  212 kB/s
    data_sent......................: 18 MB  76 kB/s




running (4m00.0s), 000/250 VUs, 230194 complete and 0 interrupted iterations
default ✓ [ 100% ] 000/250 VUs  4m0s
