
         /\      Grafana   /‾‾/  
    /\  /  \     |\  __   /  /   
   /  \/    \    | |/ /  /   ‾‾\ 
  /          \   |   (  |  (‾)  |
 / __________ \  |_|\_\  \_____/ 


     execution: local
        script: io-bound-test.js
        output: -

     scenarios: (100.00%) 1 scenario, 800 max VUs, 6m30s max duration (incl. graceful stop):
              * default: Up to 800 looping VUs for 6m0s over 3 stages (gracefulRampDown: 30s, gracefulStop: 30s)


running (0m00.7s), 018/800 VUs, 109 complete and 0 interrupted iterations
default   [   0% ] 018/800 VUs  0m00.7s/6m00.0s

running (0m01.7s), 045/800 VUs, 706 complete and 0 interrupted iterations
default   [   0% ] 045/800 VUs  0m01.7s/6m00.0s

running (0m02.7s), 071/800 VUs, 1678 complete and 0 interrupted iterations
default   [   1% ] 071/800 VUs  0m02.7s/6m00.0s

running (0m03.7s), 098/800 VUs, 2652 complete and 0 interrupted iterations
default   [   1% ] 098/800 VUs  0m03.7s/6m00.0s

running (0m04.7s), 125/800 VUs, 3630 complete and 0 interrupted iterations
default   [   1% ] 125/800 VUs  0m04.7s/6m00.0s

running (0m05.7s), 151/800 VUs, 4604 complete and 0 interrupted iterations
default   [   2% ] 151/800 VUs  0m05.7s/6m00.0s

running (0m06.7s), 178/800 VUs, 5593 complete and 0 interrupted iterations
default   [   2% ] 178/800 VUs  0m06.7s/6m00.0s

running (0m07.7s), 204/800 VUs, 6580 complete and 0 interrupted iterations
default   [   2% ] 204/800 VUs  0m07.7s/6m00.0s

running (0m08.7s), 231/800 VUs, 7543 complete and 0 interrupted iterations
default   [   2% ] 231/800 VUs  0m08.7s/6m00.0s

running (0m09.7s), 258/800 VUs, 8530 complete and 0 interrupted iterations
default   [   3% ] 258/800 VUs  0m09.7s/6m00.0s

running (0m10.7s), 284/800 VUs, 9504 complete and 0 interrupted iterations
default   [   3% ] 284/800 VUs  0m10.7s/6m00.0s

running (0m11.7s), 311/800 VUs, 10489 complete and 0 interrupted iterations
default   [   3% ] 311/800 VUs  0m11.7s/6m00.0s

running (0m12.7s), 338/800 VUs, 11479 complete and 0 interrupted iterations
default   [   4% ] 338/800 VUs  0m12.7s/6m00.0s

running (0m13.7s), 364/800 VUs, 12443 complete and 0 interrupted iterations
default   [   4% ] 364/800 VUs  0m13.7s/6m00.0s

running (0m14.7s), 391/800 VUs, 13430 complete and 0 interrupted iterations
default   [   4% ] 391/800 VUs  0m14.7s/6m00.0s

running (0m15.7s), 417/800 VUs, 14399 complete and 0 interrupted iterations
default   [   4% ] 417/800 VUs  0m15.7s/6m00.0s

running (0m16.7s), 444/800 VUs, 15384 complete and 0 interrupted iterations
default   [   5% ] 444/800 VUs  0m16.7s/6m00.0s

running (0m17.7s), 471/800 VUs, 16380 complete and 0 interrupted iterations
default   [   5% ] 471/800 VUs  0m17.7s/6m00.0s

running (0m18.7s), 497/800 VUs, 17343 complete and 0 interrupted iterations
default   [   5% ] 497/800 VUs  0m18.7s/6m00.0s

running (0m19.7s), 524/800 VUs, 18330 complete and 0 interrupted iterations
default   [   5% ] 524/800 VUs  0m19.7s/6m00.0s

running (0m20.7s), 551/800 VUs, 19299 complete and 0 interrupted iterations
default   [   6% ] 551/800 VUs  0m20.7s/6m00.0s

running (0m21.7s), 577/800 VUs, 20280 complete and 0 interrupted iterations
default   [   6% ] 577/800 VUs  0m21.7s/6m00.0s

running (0m22.7s), 604/800 VUs, 21280 complete and 0 interrupted iterations
default   [   6% ] 604/800 VUs  0m22.7s/6m00.0s

running (0m23.7s), 631/800 VUs, 22243 complete and 0 interrupted iterations
default   [   7% ] 631/800 VUs  0m23.7s/6m00.0s

running (0m24.7s), 657/800 VUs, 23230 complete and 0 interrupted iterations
default   [   7% ] 657/800 VUs  0m24.7s/6m00.0s

running (0m25.7s), 684/800 VUs, 24226 complete and 0 interrupted iterations
default   [   7% ] 684/800 VUs  0m25.7s/6m00.0s

running (0m26.7s), 710/800 VUs, 25180 complete and 0 interrupted iterations
default   [   7% ] 710/800 VUs  0m26.7s/6m00.0s

running (0m27.7s), 737/800 VUs, 26180 complete and 0 interrupted iterations
default   [   8% ] 737/800 VUs  0m27.7s/6m00.0s

running (0m28.7s), 764/800 VUs, 27161 complete and 0 interrupted iterations
default   [   8% ] 764/800 VUs  0m28.7s/6m00.0s

running (0m29.7s), 790/800 VUs, 28130 complete and 0 interrupted iterations
default   [   8% ] 790/800 VUs  0m29.7s/6m00.0s

running (0m30.7s), 800/800 VUs, 29109 complete and 0 interrupted iterations
default   [   9% ] 800/800 VUs  0m30.7s/6m00.0s

running (0m31.7s), 800/800 VUs, 30080 complete and 0 interrupted iterations
default   [   9% ] 800/800 VUs  0m31.7s/6m00.0s

running (0m32.7s), 800/800 VUs, 31057 complete and 0 interrupted iterations
default   [   9% ] 800/800 VUs  0m32.7s/6m00.0s

running (0m33.7s), 800/800 VUs, 32044 complete and 0 interrupted iterations
default   [   9% ] 800/800 VUs  0m33.7s/6m00.0s

running (0m34.7s), 800/800 VUs, 33030 complete and 0 interrupted iterations
default   [  10% ] 800/800 VUs  0m34.7s/6m00.0s

running (0m35.7s), 800/800 VUs, 34006 complete and 0 interrupted iterations
default   [  10% ] 800/800 VUs  0m35.7s/6m00.0s

running (0m36.7s), 800/800 VUs, 34980 complete and 0 interrupted iterations
default   [  10% ] 800/800 VUs  0m36.7s/6m00.0s

running (0m37.7s), 800/800 VUs, 35971 complete and 0 interrupted iterations
default   [  10% ] 800/800 VUs  0m37.7s/6m00.0s

running (0m38.7s), 800/800 VUs, 36930 complete and 0 interrupted iterations
default   [  11% ] 800/800 VUs  0m38.7s/6m00.0s

running (0m39.7s), 800/800 VUs, 37921 complete and 0 interrupted iterations
default   [  11% ] 800/800 VUs  0m39.7s/6m00.0s

running (0m40.7s), 800/800 VUs, 38902 complete and 0 interrupted iterations
default   [  11% ] 800/800 VUs  0m40.7s/6m00.0s

running (0m41.7s), 800/800 VUs, 39880 complete and 0 interrupted iterations
default   [  12% ] 800/800 VUs  0m41.7s/6m00.0s

running (0m42.7s), 800/800 VUs, 40852 complete and 0 interrupted iterations
default   [  12% ] 800/800 VUs  0m42.7s/6m00.0s

running (0m43.7s), 800/800 VUs, 41830 complete and 0 interrupted iterations
default   [  12% ] 800/800 VUs  0m43.7s/6m00.0s

running (0m44.7s), 800/800 VUs, 42830 complete and 0 interrupted iterations
default   [  12% ] 800/800 VUs  0m44.7s/6m00.0s

running (0m45.7s), 800/800 VUs, 43788 complete and 0 interrupted iterations
default   [  13% ] 800/800 VUs  0m45.7s/6m00.0s

running (0m46.7s), 800/800 VUs, 44780 complete and 0 interrupted iterations
default   [  13% ] 800/800 VUs  0m46.7s/6m00.0s

running (0m47.7s), 800/800 VUs, 45758 complete and 0 interrupted iterations
default   [  13% ] 800/800 VUs  0m47.7s/6m00.0s

running (0m48.7s), 800/800 VUs, 46730 complete and 0 interrupted iterations
default   [  14% ] 800/800 VUs  0m48.7s/6m00.0s

running (0m49.7s), 800/800 VUs, 47730 complete and 0 interrupted iterations
default   [  14% ] 800/800 VUs  0m49.7s/6m00.0s

running (0m50.7s), 800/800 VUs, 48680 complete and 0 interrupted iterations
default   [  14% ] 800/800 VUs  0m50.7s/6m00.0s

running (0m51.7s), 800/800 VUs, 49680 complete and 0 interrupted iterations
default   [  14% ] 800/800 VUs  0m51.7s/6m00.0s

running (0m52.7s), 800/800 VUs, 50655 complete and 0 interrupted iterations
default   [  15% ] 800/800 VUs  0m52.7s/6m00.0s

running (0m53.7s), 800/800 VUs, 51630 complete and 0 interrupted iterations
default   [  15% ] 800/800 VUs  0m53.7s/6m00.0s

running (0m54.7s), 800/800 VUs, 52617 complete and 0 interrupted iterations
default   [  15% ] 800/800 VUs  0m54.7s/6m00.0s

running (0m55.7s), 800/800 VUs, 53580 complete and 0 interrupted iterations
default   [  15% ] 800/800 VUs  0m55.7s/6m00.0s

running (0m56.7s), 800/800 VUs, 54580 complete and 0 interrupted iterations
default   [  16% ] 800/800 VUs  0m56.7s/6m00.0s

running (0m57.7s), 800/800 VUs, 55531 complete and 0 interrupted iterations
default   [  16% ] 800/800 VUs  0m57.7s/6m00.0s

running (0m58.7s), 800/800 VUs, 56530 complete and 0 interrupted iterations
default   [  16% ] 800/800 VUs  0m58.7s/6m00.0s

running (0m59.7s), 800/800 VUs, 57485 complete and 0 interrupted iterations
default   [  17% ] 800/800 VUs  0m59.7s/6m00.0s

running (1m00.7s), 800/800 VUs, 58480 complete and 0 interrupted iterations
default   [  17% ] 800/800 VUs  1m00.7s/6m00.0s

running (1m01.7s), 800/800 VUs, 59462 complete and 0 interrupted iterations
default   [  17% ] 800/800 VUs  1m01.7s/6m00.0s

running (1m02.7s), 800/800 VUs, 60431 complete and 0 interrupted iterations
default   [  17% ] 800/800 VUs  1m02.7s/6m00.0s

running (1m03.7s), 800/800 VUs, 61430 complete and 0 interrupted iterations
default   [  18% ] 800/800 VUs  1m03.7s/6m00.0s

running (1m04.7s), 800/800 VUs, 62381 complete and 0 interrupted iterations
default   [  18% ] 800/800 VUs  1m04.7s/6m00.0s

running (1m05.7s), 800/800 VUs, 63381 complete and 0 interrupted iterations
default   [  18% ] 800/800 VUs  1m05.7s/6m00.0s

running (1m06.7s), 800/800 VUs, 64366 complete and 0 interrupted iterations
default   [  19% ] 800/800 VUs  1m06.7s/6m00.0s

running (1m07.7s), 800/800 VUs, 65331 complete and 0 interrupted iterations
default   [  19% ] 800/800 VUs  1m07.7s/6m00.0s

running (1m08.7s), 800/800 VUs, 66331 complete and 0 interrupted iterations
default   [  19% ] 800/800 VUs  1m08.7s/6m00.0s

running (1m09.7s), 800/800 VUs, 67281 complete and 0 interrupted iterations
default   [  19% ] 800/800 VUs  1m09.7s/6m00.0s

running (1m10.7s), 800/800 VUs, 68281 complete and 0 interrupted iterations
default   [  20% ] 800/800 VUs  1m10.7s/6m00.0s

running (1m11.7s), 800/800 VUs, 69273 complete and 0 interrupted iterations
default   [  20% ] 800/800 VUs  1m11.7s/6m00.0s

running (1m12.7s), 800/800 VUs, 70231 complete and 0 interrupted iterations
default   [  20% ] 800/800 VUs  1m12.7s/6m00.0s

running (1m13.7s), 800/800 VUs, 71231 complete and 0 interrupted iterations
default   [  20% ] 800/800 VUs  1m13.7s/6m00.0s

running (1m14.7s), 800/800 VUs, 72181 complete and 0 interrupted iterations
default   [  21% ] 800/800 VUs  1m14.7s/6m00.0s

running (1m15.7s), 800/800 VUs, 73181 complete and 0 interrupted iterations
default   [  21% ] 800/800 VUs  1m15.7s/6m00.0s

running (1m16.7s), 800/800 VUs, 74149 complete and 0 interrupted iterations
default   [  21% ] 800/800 VUs  1m16.7s/6m00.0s

running (1m17.7s), 800/800 VUs, 75131 complete and 0 interrupted iterations
default   [  22% ] 800/800 VUs  1m17.7s/6m00.0s

running (1m18.7s), 800/800 VUs, 76113 complete and 0 interrupted iterations
default   [  22% ] 800/800 VUs  1m18.7s/6m00.0s

running (1m19.7s), 800/800 VUs, 77081 complete and 0 interrupted iterations
default   [  22% ] 800/800 VUs  1m19.7s/6m00.0s

running (1m20.7s), 800/800 VUs, 78077 complete and 0 interrupted iterations
default   [  22% ] 800/800 VUs  1m20.7s/6m00.0s

running (1m21.7s), 800/800 VUs, 79031 complete and 0 interrupted iterations
default   [  23% ] 800/800 VUs  1m21.7s/6m00.0s

running (1m22.7s), 800/800 VUs, 80028 complete and 0 interrupted iterations
default   [  23% ] 800/800 VUs  1m22.7s/6m00.0s

running (1m23.7s), 800/800 VUs, 81013 complete and 0 interrupted iterations
default   [  23% ] 800/800 VUs  1m23.7s/6m00.0s

running (1m24.7s), 800/800 VUs, 81981 complete and 0 interrupted iterations
default   [  24% ] 800/800 VUs  1m24.7s/6m00.0s

running (1m25.7s), 800/800 VUs, 82978 complete and 0 interrupted iterations
default   [  24% ] 800/800 VUs  1m25.7s/6m00.0s

running (1m26.7s), 800/800 VUs, 83931 complete and 0 interrupted iterations
default   [  24% ] 800/800 VUs  1m26.7s/6m00.0s

running (1m27.7s), 800/800 VUs, 84931 complete and 0 interrupted iterations
default   [  24% ] 800/800 VUs  1m27.7s/6m00.0s

running (1m28.7s), 800/800 VUs, 85891 complete and 0 interrupted iterations
default   [  25% ] 800/800 VUs  1m28.7s/6m00.0s

running (1m29.7s), 800/800 VUs, 86881 complete and 0 interrupted iterations
default   [  25% ] 800/800 VUs  1m29.7s/6m00.0s

running (1m30.7s), 800/800 VUs, 87881 complete and 0 interrupted iterations
default   [  25% ] 800/800 VUs  1m30.7s/6m00.0s

running (1m31.7s), 800/800 VUs, 88831 complete and 0 interrupted iterations
default   [  25% ] 800/800 VUs  1m31.7s/6m00.0s

running (1m32.7s), 800/800 VUs, 89815 complete and 0 interrupted iterations
default   [  26% ] 800/800 VUs  1m32.7s/6m00.0s

running (1m33.7s), 800/800 VUs, 90783 complete and 0 interrupted iterations
default   [  26% ] 800/800 VUs  1m33.7s/6m00.0s

running (1m34.7s), 800/800 VUs, 91781 complete and 0 interrupted iterations
default   [  26% ] 800/800 VUs  1m34.7s/6m00.0s

running (1m35.7s), 800/800 VUs, 92739 complete and 0 interrupted iterations
default   [  27% ] 800/800 VUs  1m35.7s/6m00.0s

running (1m36.7s), 800/800 VUs, 93731 complete and 0 interrupted iterations
default   [  27% ] 800/800 VUs  1m36.7s/6m00.0s

running (1m37.7s), 800/800 VUs, 94731 complete and 0 interrupted iterations
default   [  27% ] 800/800 VUs  1m37.7s/6m00.0s

running (1m38.7s), 800/800 VUs, 95683 complete and 0 interrupted iterations
default   [  27% ] 800/800 VUs  1m38.7s/6m00.0s

running (1m39.7s), 800/800 VUs, 96681 complete and 0 interrupted iterations
default   [  28% ] 800/800 VUs  1m39.7s/6m00.0s

running (1m40.7s), 800/800 VUs, 97638 complete and 0 interrupted iterations
default   [  28% ] 800/800 VUs  1m40.7s/6m00.0s

running (1m41.7s), 800/800 VUs, 98633 complete and 0 interrupted iterations
default   [  28% ] 800/800 VUs  1m41.7s/6m00.0s

running (1m42.7s), 800/800 VUs, 99631 complete and 0 interrupted iterations
default   [  29% ] 800/800 VUs  1m42.7s/6m00.0s

running (1m43.7s), 800/800 VUs, 100583 complete and 0 interrupted iterations
default   [  29% ] 800/800 VUs  1m43.7s/6m00.0s

running (1m44.7s), 800/800 VUs, 101583 complete and 0 interrupted iterations
default   [  29% ] 800/800 VUs  1m44.7s/6m00.0s

running (1m45.7s), 800/800 VUs, 102533 complete and 0 interrupted iterations
default   [  29% ] 800/800 VUs  1m45.7s/6m00.0s

running (1m46.7s), 800/800 VUs, 103533 complete and 0 interrupted iterations
default   [  30% ] 800/800 VUs  1m46.7s/6m00.0s

running (1m47.7s), 800/800 VUs, 104517 complete and 0 interrupted iterations
default   [  30% ] 800/800 VUs  1m47.7s/6m00.0s

running (1m48.7s), 800/800 VUs, 105483 complete and 0 interrupted iterations
default   [  30% ] 800/800 VUs  1m48.7s/6m00.0s

running (1m49.7s), 800/800 VUs, 106475 complete and 0 interrupted iterations
default   [  30% ] 800/800 VUs  1m49.7s/6m00.0s

running (1m50.7s), 800/800 VUs, 107433 complete and 0 interrupted iterations
default   [  31% ] 800/800 VUs  1m50.7s/6m00.0s

running (1m51.7s), 800/800 VUs, 108433 complete and 0 interrupted iterations
default   [  31% ] 800/800 VUs  1m51.7s/6m00.0s

running (1m52.7s), 800/800 VUs, 109403 complete and 0 interrupted iterations
default   [  31% ] 800/800 VUs  1m52.7s/6m00.0s

running (1m53.7s), 800/800 VUs, 110383 complete and 0 interrupted iterations
default   [  32% ] 800/800 VUs  1m53.7s/6m00.0s

running (1m54.7s), 800/800 VUs, 111336 complete and 0 interrupted iterations
default   [  32% ] 800/800 VUs  1m54.7s/6m00.0s

running (1m55.7s), 800/800 VUs, 112333 complete and 0 interrupted iterations
default   [  32% ] 800/800 VUs  1m55.7s/6m00.0s

running (1m56.7s), 800/800 VUs, 113329 complete and 0 interrupted iterations
default   [  32% ] 800/800 VUs  1m56.7s/6m00.0s

running (1m57.7s), 800/800 VUs, 114283 complete and 0 interrupted iterations
default   [  33% ] 800/800 VUs  1m57.7s/6m00.0s

running (1m58.7s), 800/800 VUs, 115283 complete and 0 interrupted iterations
default   [  33% ] 800/800 VUs  1m58.7s/6m00.0s

running (1m59.7s), 800/800 VUs, 116233 complete and 0 interrupted iterations
default   [  33% ] 800/800 VUs  1m59.7s/6m00.0s

running (2m00.7s), 800/800 VUs, 117233 complete and 0 interrupted iterations
default   [  34% ] 800/800 VUs  2m00.7s/6m00.0s

running (2m01.7s), 800/800 VUs, 118217 complete and 0 interrupted iterations
default   [  34% ] 800/800 VUs  2m01.7s/6m00.0s

running (2m02.7s), 800/800 VUs, 119183 complete and 0 interrupted iterations
default   [  34% ] 800/800 VUs  2m02.7s/6m00.0s

running (2m03.7s), 800/800 VUs, 120183 complete and 0 interrupted iterations
default   [  34% ] 800/800 VUs  2m03.7s/6m00.0s

running (2m04.7s), 800/800 VUs, 121133 complete and 0 interrupted iterations
default   [  35% ] 800/800 VUs  2m04.7s/6m00.0s

running (2m05.7s), 800/800 VUs, 122133 complete and 0 interrupted iterations
default   [  35% ] 800/800 VUs  2m05.7s/6m00.0s

running (2m06.7s), 800/800 VUs, 123095 complete and 0 interrupted iterations
default   [  35% ] 800/800 VUs  2m06.7s/6m00.0s

running (2m07.7s), 800/800 VUs, 124083 complete and 0 interrupted iterations
default   [  35% ] 800/800 VUs  2m07.7s/6m00.0s

running (2m08.7s), 800/800 VUs, 125060 complete and 0 interrupted iterations
default   [  36% ] 800/800 VUs  2m08.7s/6m00.0s

running (2m09.7s), 800/800 VUs, 126033 complete and 0 interrupted iterations
default   [  36% ] 800/800 VUs  2m09.7s/6m00.0s

running (2m10.7s), 800/800 VUs, 127033 complete and 0 interrupted iterations
default   [  36% ] 800/800 VUs  2m10.7s/6m00.0s

running (2m11.7s), 800/800 VUs, 127983 complete and 0 interrupted iterations
default   [  37% ] 800/800 VUs  2m11.7s/6m00.0s

running (2m12.7s), 800/800 VUs, 128983 complete and 0 interrupted iterations
default   [  37% ] 800/800 VUs  2m12.7s/6m00.0s

running (2m13.7s), 800/800 VUs, 129957 complete and 0 interrupted iterations
default   [  37% ] 800/800 VUs  2m13.7s/6m00.0s

running (2m14.7s), 800/800 VUs, 130933 complete and 0 interrupted iterations
default   [  37% ] 800/800 VUs  2m14.7s/6m00.0s

running (2m15.7s), 800/800 VUs, 131913 complete and 0 interrupted iterations
default   [  38% ] 800/800 VUs  2m15.7s/6m00.0s

running (2m16.7s), 800/800 VUs, 132883 complete and 0 interrupted iterations
default   [  38% ] 800/800 VUs  2m16.7s/6m00.0s

running (2m17.7s), 800/800 VUs, 133883 complete and 0 interrupted iterations
default   [  38% ] 800/800 VUs  2m17.7s/6m00.0s

running (2m18.7s), 800/800 VUs, 134833 complete and 0 interrupted iterations
default   [  39% ] 800/800 VUs  2m18.7s/6m00.0s

running (2m19.7s), 800/800 VUs, 135833 complete and 0 interrupted iterations
default   [  39% ] 800/800 VUs  2m19.7s/6m00.0s

running (2m20.7s), 800/800 VUs, 136821 complete and 0 interrupted iterations
default   [  39% ] 800/800 VUs  2m20.7s/6m00.0s

running (2m21.7s), 800/800 VUs, 137783 complete and 0 interrupted iterations
default   [  39% ] 800/800 VUs  2m21.7s/6m00.0s

running (2m22.7s), 800/800 VUs, 138783 complete and 0 interrupted iterations
default   [  40% ] 800/800 VUs  2m22.7s/6m00.0s

running (2m23.7s), 800/800 VUs, 139733 complete and 0 interrupted iterations
default   [  40% ] 800/800 VUs  2m23.7s/6m00.0s

running (2m24.7s), 800/800 VUs, 140733 complete and 0 interrupted iterations
default   [  40% ] 800/800 VUs  2m24.7s/6m00.0s

running (2m25.7s), 800/800 VUs, 141699 complete and 0 interrupted iterations
default   [  40% ] 800/800 VUs  2m25.7s/6m00.0s

running (2m26.7s), 800/800 VUs, 142683 complete and 0 interrupted iterations
default   [  41% ] 800/800 VUs  2m26.7s/6m00.0s

running (2m27.7s), 800/800 VUs, 143672 complete and 0 interrupted iterations
default   [  41% ] 800/800 VUs  2m27.7s/6m00.0s

running (2m28.7s), 800/800 VUs, 144633 complete and 0 interrupted iterations
default   [  41% ] 800/800 VUs  2m28.7s/6m00.0s

running (2m29.7s), 800/800 VUs, 145633 complete and 0 interrupted iterations
default   [  42% ] 800/800 VUs  2m29.7s/6m00.0s

running (2m30.7s), 800/800 VUs, 146583 complete and 0 interrupted iterations
default   [  42% ] 800/800 VUs  2m30.7s/6m00.0s

running (2m31.7s), 800/800 VUs, 147583 complete and 0 interrupted iterations
default   [  42% ] 800/800 VUs  2m31.7s/6m00.0s

running (2m32.7s), 800/800 VUs, 148546 complete and 0 interrupted iterations
default   [  42% ] 800/800 VUs  2m32.7s/6m00.0s

running (2m33.7s), 800/800 VUs, 149533 complete and 0 interrupted iterations
default   [  43% ] 800/800 VUs  2m33.7s/6m00.0s

running (2m34.7s), 800/800 VUs, 150533 complete and 0 interrupted iterations
default   [  43% ] 800/800 VUs  2m34.7s/6m00.0s

running (2m35.7s), 800/800 VUs, 151483 complete and 0 interrupted iterations
default   [  43% ] 800/800 VUs  2m35.7s/6m00.0s

running (2m36.7s), 800/800 VUs, 152483 complete and 0 interrupted iterations
default   [  44% ] 800/800 VUs  2m36.7s/6m00.0s

running (2m37.7s), 800/800 VUs, 153439 complete and 0 interrupted iterations
default   [  44% ] 800/800 VUs  2m37.7s/6m00.0s

running (2m38.7s), 800/800 VUs, 154433 complete and 0 interrupted iterations
default   [  44% ] 800/800 VUs  2m38.7s/6m00.0s

running (2m39.7s), 800/800 VUs, 155432 complete and 0 interrupted iterations
default   [  44% ] 800/800 VUs  2m39.7s/6m00.0s

running (2m40.7s), 800/800 VUs, 156383 complete and 0 interrupted iterations
default   [  45% ] 800/800 VUs  2m40.7s/6m00.0s

running (2m41.7s), 800/800 VUs, 157365 complete and 0 interrupted iterations
default   [  45% ] 800/800 VUs  2m41.7s/6m00.0s

running (2m42.7s), 800/800 VUs, 158333 complete and 0 interrupted iterations
default   [  45% ] 800/800 VUs  2m42.7s/6m00.0s

running (2m43.7s), 800/800 VUs, 159333 complete and 0 interrupted iterations
default   [  45% ] 800/800 VUs  2m43.7s/6m00.0s

running (2m44.7s), 800/800 VUs, 160300 complete and 0 interrupted iterations
default   [  46% ] 800/800 VUs  2m44.7s/6m00.0s

running (2m45.7s), 800/800 VUs, 161283 complete and 0 interrupted iterations
default   [  46% ] 800/800 VUs  2m45.7s/6m00.0s

running (2m46.7s), 800/800 VUs, 162283 complete and 0 interrupted iterations
default   [  46% ] 800/800 VUs  2m46.7s/6m00.0s

running (2m47.7s), 800/800 VUs, 163233 complete and 0 interrupted iterations
default   [  47% ] 800/800 VUs  2m47.7s/6m00.0s

running (2m48.7s), 800/800 VUs, 164233 complete and 0 interrupted iterations
default   [  47% ] 800/800 VUs  2m48.7s/6m00.0s

running (2m49.7s), 800/800 VUs, 165186 complete and 0 interrupted iterations
default   [  47% ] 800/800 VUs  2m49.7s/6m00.0s

running (2m50.7s), 800/800 VUs, 166183 complete and 0 interrupted iterations
default   [  47% ] 800/800 VUs  2m50.7s/6m00.0s

running (2m51.7s), 800/800 VUs, 167136 complete and 0 interrupted iterations
default   [  48% ] 800/800 VUs  2m51.7s/6m00.0s

running (2m52.7s), 800/800 VUs, 168133 complete and 0 interrupted iterations
default   [  48% ] 800/800 VUs  2m52.7s/6m00.0s

running (2m53.7s), 800/800 VUs, 169096 complete and 0 interrupted iterations
default   [  48% ] 800/800 VUs  2m53.7s/6m00.0s

running (2m54.7s), 800/800 VUs, 170086 complete and 0 interrupted iterations
default   [  49% ] 800/800 VUs  2m54.7s/6m00.0s

running (2m55.7s), 800/800 VUs, 171083 complete and 0 interrupted iterations
default   [  49% ] 800/800 VUs  2m55.7s/6m00.0s

running (2m56.7s), 800/800 VUs, 172036 complete and 0 interrupted iterations
default   [  49% ] 800/800 VUs  2m56.7s/6m00.0s

running (2m57.7s), 800/800 VUs, 173036 complete and 0 interrupted iterations
default   [  49% ] 800/800 VUs  2m57.7s/6m00.0s

running (2m58.7s), 800/800 VUs, 173999 complete and 0 interrupted iterations
default   [  50% ] 800/800 VUs  2m58.7s/6m00.0s

running (2m59.7s), 800/800 VUs, 174986 complete and 0 interrupted iterations
default   [  50% ] 800/800 VUs  2m59.7s/6m00.0s

running (3m00.7s), 800/800 VUs, 175986 complete and 0 interrupted iterations
default   [  50% ] 800/800 VUs  3m00.7s/6m00.0s

running (3m01.7s), 800/800 VUs, 176936 complete and 0 interrupted iterations
default   [  50% ] 800/800 VUs  3m01.7s/6m00.0s

running (3m02.7s), 800/800 VUs, 177936 complete and 0 interrupted iterations
default   [  51% ] 800/800 VUs  3m02.7s/6m00.0s

running (3m03.7s), 800/800 VUs, 178886 complete and 0 interrupted iterations
default   [  51% ] 800/800 VUs  3m03.7s/6m00.0s

running (3m04.7s), 800/800 VUs, 179886 complete and 0 interrupted iterations
default   [  51% ] 800/800 VUs  3m04.7s/6m00.0s

running (3m05.7s), 800/800 VUs, 180871 complete and 0 interrupted iterations
default   [  52% ] 800/800 VUs  3m05.7s/6m00.0s

running (3m06.7s), 800/800 VUs, 181836 complete and 0 interrupted iterations
default   [  52% ] 800/800 VUs  3m06.7s/6m00.0s

running (3m07.7s), 800/800 VUs, 182836 complete and 0 interrupted iterations
default   [  52% ] 800/800 VUs  3m07.7s/6m00.0s

running (3m08.7s), 800/800 VUs, 183786 complete and 0 interrupted iterations
default   [  52% ] 800/800 VUs  3m08.7s/6m00.0s

running (3m09.7s), 800/800 VUs, 184786 complete and 0 interrupted iterations
default   [  53% ] 800/800 VUs  3m09.7s/6m00.0s

running (3m10.7s), 800/800 VUs, 185753 complete and 0 interrupted iterations
default   [  53% ] 800/800 VUs  3m10.7s/6m00.0s

running (3m11.7s), 800/800 VUs, 186736 complete and 0 interrupted iterations
default   [  53% ] 800/800 VUs  3m11.7s/6m00.0s

running (3m12.7s), 800/800 VUs, 187736 complete and 0 interrupted iterations
default   [  54% ] 800/800 VUs  3m12.7s/6m00.0s

running (3m13.7s), 800/800 VUs, 188686 complete and 0 interrupted iterations
default   [  54% ] 800/800 VUs  3m13.7s/6m00.0s

running (3m14.7s), 800/800 VUs, 189686 complete and 0 interrupted iterations
default   [  54% ] 800/800 VUs  3m14.7s/6m00.0s

running (3m15.7s), 800/800 VUs, 190636 complete and 0 interrupted iterations
default   [  54% ] 800/800 VUs  3m15.7s/6m00.0s

running (3m16.7s), 800/800 VUs, 191636 complete and 0 interrupted iterations
default   [  55% ] 800/800 VUs  3m16.7s/6m00.0s

running (3m17.7s), 800/800 VUs, 192622 complete and 0 interrupted iterations
default   [  55% ] 800/800 VUs  3m17.7s/6m00.0s

running (3m18.7s), 800/800 VUs, 193586 complete and 0 interrupted iterations
default   [  55% ] 800/800 VUs  3m18.7s/6m00.0s

running (3m19.7s), 800/800 VUs, 194586 complete and 0 interrupted iterations
default   [  55% ] 800/800 VUs  3m19.7s/6m00.0s

running (3m20.7s), 800/800 VUs, 195536 complete and 0 interrupted iterations
default   [  56% ] 800/800 VUs  3m20.7s/6m00.0s

running (3m21.7s), 800/800 VUs, 196536 complete and 0 interrupted iterations
default   [  56% ] 800/800 VUs  3m21.7s/6m00.0s

running (3m22.7s), 800/800 VUs, 197499 complete and 0 interrupted iterations
default   [  56% ] 800/800 VUs  3m22.7s/6m00.0s

running (3m23.7s), 800/800 VUs, 198486 complete and 0 interrupted iterations
default   [  57% ] 800/800 VUs  3m23.7s/6m00.0s

running (3m24.7s), 800/800 VUs, 199486 complete and 0 interrupted iterations
default   [  57% ] 800/800 VUs  3m24.7s/6m00.0s

running (3m25.7s), 800/800 VUs, 200436 complete and 0 interrupted iterations
default   [  57% ] 800/800 VUs  3m25.7s/6m00.0s

running (3m26.7s), 800/800 VUs, 201436 complete and 0 interrupted iterations
default   [  57% ] 800/800 VUs  3m26.7s/6m00.0s

running (3m27.7s), 800/800 VUs, 202386 complete and 0 interrupted iterations
default   [  58% ] 800/800 VUs  3m27.7s/6m00.0s

running (3m28.7s), 800/800 VUs, 203386 complete and 0 interrupted iterations
default   [  58% ] 800/800 VUs  3m28.7s/6m00.0s

running (3m29.7s), 800/800 VUs, 204365 complete and 0 interrupted iterations
default   [  58% ] 800/800 VUs  3m29.7s/6m00.0s

running (3m30.7s), 800/800 VUs, 205336 complete and 0 interrupted iterations
default   [  59% ] 800/800 VUs  3m30.7s/6m00.0s

running (3m31.7s), 800/800 VUs, 206331 complete and 0 interrupted iterations
default   [  59% ] 800/800 VUs  3m31.7s/6m00.0s

running (3m32.7s), 800/800 VUs, 207286 complete and 0 interrupted iterations
default   [  59% ] 800/800 VUs  3m32.7s/6m00.0s

running (3m33.7s), 800/800 VUs, 208286 complete and 0 interrupted iterations
default   [  59% ] 800/800 VUs  3m33.7s/6m00.0s

running (3m34.7s), 800/800 VUs, 209250 complete and 0 interrupted iterations
default   [  60% ] 800/800 VUs  3m34.7s/6m00.0s

running (3m35.7s), 800/800 VUs, 210236 complete and 0 interrupted iterations
default   [  60% ] 800/800 VUs  3m35.7s/6m00.0s

running (3m36.7s), 800/800 VUs, 211217 complete and 0 interrupted iterations
default   [  60% ] 800/800 VUs  3m36.7s/6m00.0s

running (3m37.7s), 800/800 VUs, 212186 complete and 0 interrupted iterations
default   [  60% ] 800/800 VUs  3m37.7s/6m00.0s

running (3m38.7s), 800/800 VUs, 213180 complete and 0 interrupted iterations
default   [  61% ] 800/800 VUs  3m38.7s/6m00.0s

running (3m39.7s), 800/800 VUs, 214136 complete and 0 interrupted iterations
default   [  61% ] 800/800 VUs  3m39.7s/6m00.0s

running (3m40.7s), 800/800 VUs, 215136 complete and 0 interrupted iterations
default   [  61% ] 800/800 VUs  3m40.7s/6m00.0s

running (3m41.7s), 800/800 VUs, 216098 complete and 0 interrupted iterations
default   [  62% ] 800/800 VUs  3m41.7s/6m00.0s

running (3m42.7s), 800/800 VUs, 217086 complete and 0 interrupted iterations
default   [  62% ] 800/800 VUs  3m42.7s/6m00.0s

running (3m43.7s), 800/800 VUs, 218056 complete and 0 interrupted iterations
default   [  62% ] 800/800 VUs  3m43.7s/6m00.0s

running (3m44.7s), 800/800 VUs, 219036 complete and 0 interrupted iterations
default   [  62% ] 800/800 VUs  3m44.7s/6m00.0s

running (3m45.7s), 800/800 VUs, 220025 complete and 0 interrupted iterations
default   [  63% ] 800/800 VUs  3m45.7s/6m00.0s

running (3m46.7s), 800/800 VUs, 220986 complete and 0 interrupted iterations
default   [  63% ] 800/800 VUs  3m46.7s/6m00.0s

running (3m47.7s), 800/800 VUs, 221986 complete and 0 interrupted iterations
default   [  63% ] 800/800 VUs  3m47.7s/6m00.0s

running (3m48.7s), 800/800 VUs, 222948 complete and 0 interrupted iterations
default   [  64% ] 800/800 VUs  3m48.7s/6m00.0s

running (3m49.7s), 800/800 VUs, 223936 complete and 0 interrupted iterations
default   [  64% ] 800/800 VUs  3m49.7s/6m00.0s

running (3m50.7s), 800/800 VUs, 224903 complete and 0 interrupted iterations
default   [  64% ] 800/800 VUs  3m50.7s/6m00.0s

running (3m51.7s), 800/800 VUs, 225886 complete and 0 interrupted iterations
default   [  64% ] 800/800 VUs  3m51.7s/6m00.0s

running (3m52.7s), 800/800 VUs, 226874 complete and 0 interrupted iterations
default   [  65% ] 800/800 VUs  3m52.7s/6m00.0s

running (3m53.7s), 800/800 VUs, 227841 complete and 0 interrupted iterations
default   [  65% ] 800/800 VUs  3m53.7s/6m00.0s

running (3m54.7s), 800/800 VUs, 228834 complete and 0 interrupted iterations
default   [  65% ] 800/800 VUs  3m54.7s/6m00.0s

running (3m55.7s), 800/800 VUs, 229798 complete and 0 interrupted iterations
default   [  65% ] 800/800 VUs  3m55.7s/6m00.0s

running (3m56.7s), 800/800 VUs, 230779 complete and 0 interrupted iterations
default   [  66% ] 800/800 VUs  3m56.7s/6m00.0s

running (3m57.7s), 800/800 VUs, 231756 complete and 0 interrupted iterations
default   [  66% ] 800/800 VUs  3m57.7s/6m00.0s

running (3m58.7s), 800/800 VUs, 232736 complete and 0 interrupted iterations
default   [  66% ] 800/800 VUs  3m58.7s/6m00.0s

running (3m59.7s), 800/800 VUs, 233724 complete and 0 interrupted iterations
default   [  67% ] 800/800 VUs  3m59.7s/6m00.0s

running (4m00.7s), 800/800 VUs, 234698 complete and 0 interrupted iterations
default   [  67% ] 800/800 VUs  4m00.7s/6m00.0s

running (4m01.7s), 800/800 VUs, 235674 complete and 0 interrupted iterations
default   [  67% ] 800/800 VUs  4m01.7s/6m00.0s

running (4m02.7s), 800/800 VUs, 236648 complete and 0 interrupted iterations
default   [  67% ] 800/800 VUs  4m02.7s/6m00.0s

running (4m03.7s), 800/800 VUs, 237636 complete and 0 interrupted iterations
default   [  68% ] 800/800 VUs  4m03.7s/6m00.0s

running (4m04.7s), 800/800 VUs, 238624 complete and 0 interrupted iterations
default   [  68% ] 800/800 VUs  4m04.7s/6m00.0s

running (4m05.7s), 800/800 VUs, 239586 complete and 0 interrupted iterations
default   [  68% ] 800/800 VUs  4m05.7s/6m00.0s

running (4m06.7s), 800/800 VUs, 240574 complete and 0 interrupted iterations
default   [  69% ] 800/800 VUs  4m06.7s/6m00.0s

running (4m07.7s), 800/800 VUs, 241548 complete and 0 interrupted iterations
default   [  69% ] 800/800 VUs  4m07.7s/6m00.0s

running (4m08.7s), 800/800 VUs, 242536 complete and 0 interrupted iterations
default   [  69% ] 800/800 VUs  4m08.7s/6m00.0s

running (4m09.7s), 800/800 VUs, 243516 complete and 0 interrupted iterations
default   [  69% ] 800/800 VUs  4m09.7s/6m00.0s

running (4m10.7s), 800/800 VUs, 244498 complete and 0 interrupted iterations
default   [  70% ] 800/800 VUs  4m10.7s/6m00.0s

running (4m11.7s), 800/800 VUs, 245463 complete and 0 interrupted iterations
default   [  70% ] 800/800 VUs  4m11.7s/6m00.0s

running (4m12.7s), 800/800 VUs, 246448 complete and 0 interrupted iterations
default   [  70% ] 800/800 VUs  4m12.7s/6m00.0s

running (4m13.7s), 800/800 VUs, 247448 complete and 0 interrupted iterations
default   [  70% ] 800/800 VUs  4m13.7s/6m00.0s

running (4m14.7s), 800/800 VUs, 248398 complete and 0 interrupted iterations
default   [  71% ] 800/800 VUs  4m14.7s/6m00.0s

running (4m15.7s), 800/800 VUs, 249398 complete and 0 interrupted iterations
default   [  71% ] 800/800 VUs  4m15.7s/6m00.0s

running (4m16.7s), 800/800 VUs, 250387 complete and 0 interrupted iterations
default   [  71% ] 800/800 VUs  4m16.7s/6m00.0s

running (4m17.7s), 800/800 VUs, 251348 complete and 0 interrupted iterations
default   [  72% ] 800/800 VUs  4m17.7s/6m00.0s

running (4m18.7s), 800/800 VUs, 252346 complete and 0 interrupted iterations
default   [  72% ] 800/800 VUs  4m18.7s/6m00.0s

running (4m19.7s), 800/800 VUs, 253298 complete and 0 interrupted iterations
default   [  72% ] 800/800 VUs  4m19.7s/6m00.0s

running (4m20.7s), 800/800 VUs, 254298 complete and 0 interrupted iterations
default   [  72% ] 800/800 VUs  4m20.7s/6m00.0s

running (4m21.7s), 800/800 VUs, 255262 complete and 0 interrupted iterations
default   [  73% ] 800/800 VUs  4m21.7s/6m00.0s

running (4m22.7s), 800/800 VUs, 256248 complete and 0 interrupted iterations
default   [  73% ] 800/800 VUs  4m22.7s/6m00.0s

running (4m23.7s), 800/800 VUs, 257217 complete and 0 interrupted iterations
default   [  73% ] 800/800 VUs  4m23.7s/6m00.0s

running (4m24.7s), 800/800 VUs, 258198 complete and 0 interrupted iterations
default   [  74% ] 800/800 VUs  4m24.7s/6m00.0s

running (4m25.7s), 800/800 VUs, 259198 complete and 0 interrupted iterations
default   [  74% ] 800/800 VUs  4m25.7s/6m00.0s

running (4m26.7s), 800/800 VUs, 260148 complete and 0 interrupted iterations
default   [  74% ] 800/800 VUs  4m26.7s/6m00.0s

running (4m27.7s), 800/800 VUs, 261148 complete and 0 interrupted iterations
default   [  74% ] 800/800 VUs  4m27.7s/6m00.0s

running (4m28.7s), 800/800 VUs, 262136 complete and 0 interrupted iterations
default   [  75% ] 800/800 VUs  4m28.7s/6m00.0s

running (4m29.7s), 800/800 VUs, 263098 complete and 0 interrupted iterations
default   [  75% ] 800/800 VUs  4m29.7s/6m00.0s

running (4m30.7s), 800/800 VUs, 264098 complete and 0 interrupted iterations
default   [  75% ] 800/800 VUs  4m30.7s/6m00.0s

running (4m31.7s), 800/800 VUs, 265048 complete and 0 interrupted iterations
default   [  75% ] 800/800 VUs  4m31.7s/6m00.0s

running (4m32.7s), 800/800 VUs, 266048 complete and 0 interrupted iterations
default   [  76% ] 800/800 VUs  4m32.7s/6m00.0s

running (4m33.7s), 800/800 VUs, 267005 complete and 0 interrupted iterations
default   [  76% ] 800/800 VUs  4m33.7s/6m00.0s

running (4m34.7s), 800/800 VUs, 267998 complete and 0 interrupted iterations
default   [  76% ] 800/800 VUs  4m34.7s/6m00.0s

running (4m35.7s), 800/800 VUs, 268988 complete and 0 interrupted iterations
default   [  77% ] 800/800 VUs  4m35.7s/6m00.0s

running (4m36.7s), 800/800 VUs, 269948 complete and 0 interrupted iterations
default   [  77% ] 800/800 VUs  4m36.7s/6m00.0s

running (4m37.7s), 800/800 VUs, 270948 complete and 0 interrupted iterations
default   [  77% ] 800/800 VUs  4m37.7s/6m00.0s

running (4m38.7s), 800/800 VUs, 271898 complete and 0 interrupted iterations
default   [  77% ] 800/800 VUs  4m38.7s/6m00.0s

running (4m39.7s), 800/800 VUs, 272898 complete and 0 interrupted iterations
default   [  78% ] 800/800 VUs  4m39.7s/6m00.0s

running (4m40.7s), 800/800 VUs, 273874 complete and 0 interrupted iterations
default   [  78% ] 800/800 VUs  4m40.7s/6m00.0s

running (4m41.7s), 800/800 VUs, 274848 complete and 0 interrupted iterations
default   [  78% ] 800/800 VUs  4m41.7s/6m00.0s

running (4m42.7s), 800/800 VUs, 275848 complete and 0 interrupted iterations
default   [  79% ] 800/800 VUs  4m42.7s/6m00.0s

running (4m43.7s), 800/800 VUs, 276798 complete and 0 interrupted iterations
default   [  79% ] 800/800 VUs  4m43.7s/6m00.0s

running (4m44.7s), 800/800 VUs, 277798 complete and 0 interrupted iterations
default   [  79% ] 800/800 VUs  4m44.7s/6m00.0s

running (4m45.7s), 800/800 VUs, 278748 complete and 0 interrupted iterations
default   [  79% ] 800/800 VUs  4m45.7s/6m00.0s

running (4m46.7s), 800/800 VUs, 279748 complete and 0 interrupted iterations
default   [  80% ] 800/800 VUs  4m46.7s/6m00.0s

running (4m47.7s), 800/800 VUs, 280730 complete and 0 interrupted iterations
default   [  80% ] 800/800 VUs  4m47.7s/6m00.0s

running (4m48.7s), 800/800 VUs, 281698 complete and 0 interrupted iterations
default   [  80% ] 800/800 VUs  4m48.7s/6m00.0s

running (4m49.7s), 800/800 VUs, 282689 complete and 0 interrupted iterations
default   [  80% ] 800/800 VUs  4m49.7s/6m00.0s

running (4m50.7s), 800/800 VUs, 283648 complete and 0 interrupted iterations
default   [  81% ] 800/800 VUs  4m50.7s/6m00.0s

running (4m51.7s), 800/800 VUs, 284648 complete and 0 interrupted iterations
default   [  81% ] 800/800 VUs  4m51.7s/6m00.0s

running (4m52.7s), 800/800 VUs, 285616 complete and 0 interrupted iterations
default   [  81% ] 800/800 VUs  4m52.7s/6m00.0s

running (4m53.7s), 800/800 VUs, 286598 complete and 0 interrupted iterations
default   [  82% ] 800/800 VUs  4m53.7s/6m00.0s

running (4m54.7s), 800/800 VUs, 287579 complete and 0 interrupted iterations
default   [  82% ] 800/800 VUs  4m54.7s/6m00.0s

running (4m55.7s), 800/800 VUs, 288548 complete and 0 interrupted iterations
default   [  82% ] 800/800 VUs  4m55.7s/6m00.0s

running (4m56.7s), 800/800 VUs, 289548 complete and 0 interrupted iterations
default   [  82% ] 800/800 VUs  4m56.7s/6m00.0s

running (4m57.7s), 800/800 VUs, 290498 complete and 0 interrupted iterations
default   [  83% ] 800/800 VUs  4m57.7s/6m00.0s

running (4m58.7s), 800/800 VUs, 291498 complete and 0 interrupted iterations
default   [  83% ] 800/800 VUs  4m58.7s/6m00.0s

running (4m59.7s), 800/800 VUs, 292476 complete and 0 interrupted iterations
default   [  83% ] 800/800 VUs  4m59.7s/6m00.0s

running (5m00.7s), 800/800 VUs, 293448 complete and 0 interrupted iterations
default   [  84% ] 800/800 VUs  5m00.7s/6m00.0s

running (5m01.7s), 800/800 VUs, 294448 complete and 0 interrupted iterations
default   [  84% ] 800/800 VUs  5m01.7s/6m00.0s

running (5m02.7s), 800/800 VUs, 295398 complete and 0 interrupted iterations
default   [  84% ] 800/800 VUs  5m02.7s/6m00.0s

running (5m03.7s), 800/800 VUs, 296398 complete and 0 interrupted iterations
default   [  84% ] 800/800 VUs  5m03.7s/6m00.0s

running (5m04.7s), 800/800 VUs, 297367 complete and 0 interrupted iterations
default   [  85% ] 800/800 VUs  5m04.7s/6m00.0s

running (5m05.7s), 800/800 VUs, 298348 complete and 0 interrupted iterations
default   [  85% ] 800/800 VUs  5m05.7s/6m00.0s

running (5m06.7s), 800/800 VUs, 299324 complete and 0 interrupted iterations
default   [  85% ] 800/800 VUs  5m06.7s/6m00.0s

running (5m07.7s), 800/800 VUs, 300298 complete and 0 interrupted iterations
default   [  85% ] 800/800 VUs  5m07.7s/6m00.0s

running (5m08.7s), 800/800 VUs, 301298 complete and 0 interrupted iterations
default   [  86% ] 800/800 VUs  5m08.7s/6m00.0s

running (5m09.7s), 800/800 VUs, 302251 complete and 0 interrupted iterations
default   [  86% ] 800/800 VUs  5m09.7s/6m00.0s

running (5m10.7s), 800/800 VUs, 303248 complete and 0 interrupted iterations
default   [  86% ] 800/800 VUs  5m10.7s/6m00.0s

running (5m11.7s), 800/800 VUs, 304200 complete and 0 interrupted iterations
default   [  87% ] 800/800 VUs  5m11.7s/6m00.0s

running (5m12.7s), 800/800 VUs, 305198 complete and 0 interrupted iterations
default   [  87% ] 800/800 VUs  5m12.7s/6m00.0s

running (5m13.7s), 800/800 VUs, 306192 complete and 0 interrupted iterations
default   [  87% ] 800/800 VUs  5m13.7s/6m00.0s

running (5m14.7s), 800/800 VUs, 307150 complete and 0 interrupted iterations
default   [  87% ] 800/800 VUs  5m14.7s/6m00.0s

running (5m15.7s), 800/800 VUs, 308143 complete and 0 interrupted iterations
default   [  88% ] 800/800 VUs  5m15.7s/6m00.0s

running (5m16.7s), 800/800 VUs, 309100 complete and 0 interrupted iterations
default   [  88% ] 800/800 VUs  5m16.7s/6m00.0s

running (5m17.7s), 800/800 VUs, 310100 complete and 0 interrupted iterations
default   [  88% ] 800/800 VUs  5m17.7s/6m00.0s

running (5m18.7s), 800/800 VUs, 311072 complete and 0 interrupted iterations
default   [  89% ] 800/800 VUs  5m18.7s/6m00.0s

running (5m19.7s), 800/800 VUs, 312050 complete and 0 interrupted iterations
default   [  89% ] 800/800 VUs  5m19.7s/6m00.0s

running (5m20.7s), 800/800 VUs, 313048 complete and 0 interrupted iterations
default   [  89% ] 800/800 VUs  5m20.7s/6m00.0s

running (5m21.7s), 800/800 VUs, 314000 complete and 0 interrupted iterations
default   [  89% ] 800/800 VUs  5m21.7s/6m00.0s

running (5m22.7s), 800/800 VUs, 315000 complete and 0 interrupted iterations
default   [  90% ] 800/800 VUs  5m22.7s/6m00.0s

running (5m23.7s), 800/800 VUs, 315957 complete and 0 interrupted iterations
default   [  90% ] 800/800 VUs  5m23.7s/6m00.0s

running (5m24.7s), 800/800 VUs, 316950 complete and 0 interrupted iterations
default   [  90% ] 800/800 VUs  5m24.7s/6m00.0s

running (5m25.7s), 800/800 VUs, 317950 complete and 0 interrupted iterations
default   [  90% ] 800/800 VUs  5m25.7s/6m00.0s

running (5m26.7s), 800/800 VUs, 318900 complete and 0 interrupted iterations
default   [  91% ] 800/800 VUs  5m26.7s/6m00.0s

running (5m27.7s), 800/800 VUs, 319900 complete and 0 interrupted iterations
default   [  91% ] 800/800 VUs  5m27.7s/6m00.0s

running (5m28.7s), 800/800 VUs, 320850 complete and 0 interrupted iterations
default   [  91% ] 800/800 VUs  5m28.7s/6m00.0s

running (5m29.7s), 800/800 VUs, 321850 complete and 0 interrupted iterations
default   [  92% ] 800/800 VUs  5m29.7s/6m00.0s

running (5m30.7s), 792/800 VUs, 322833 complete and 0 interrupted iterations
default   [  92% ] 792/800 VUs  5m30.7s/6m00.0s

running (5m31.7s), 767/800 VUs, 323800 complete and 0 interrupted iterations
default   [  92% ] 767/800 VUs  5m31.7s/6m00.0s

running (5m32.7s), 740/800 VUs, 324800 complete and 0 interrupted iterations
default   [  92% ] 740/800 VUs  5m32.7s/6m00.0s

running (5m33.7s), 713/800 VUs, 325750 complete and 0 interrupted iterations
default   [  93% ] 713/800 VUs  5m33.7s/6m00.0s

running (5m34.7s), 686/800 VUs, 326750 complete and 0 interrupted iterations
default   [  93% ] 686/800 VUs  5m34.7s/6m00.0s

running (5m35.7s), 659/800 VUs, 327726 complete and 0 interrupted iterations
default   [  93% ] 659/800 VUs  5m35.7s/6m00.0s

running (5m36.7s), 631/800 VUs, 328700 complete and 0 interrupted iterations
default   [  94% ] 631/800 VUs  5m36.7s/6m00.0s

running (5m37.7s), 606/800 VUs, 329700 complete and 0 interrupted iterations
default   [  94% ] 606/800 VUs  5m37.7s/6m00.0s

running (5m38.7s), 577/800 VUs, 330650 complete and 0 interrupted iterations
default   [  94% ] 577/800 VUs  5m38.7s/6m00.0s

running (5m39.7s), 551/800 VUs, 331650 complete and 0 interrupted iterations
default   [  94% ] 551/800 VUs  5m39.7s/6m00.0s

running (5m40.7s), 524/800 VUs, 332613 complete and 0 interrupted iterations
default   [  95% ] 524/800 VUs  5m40.7s/6m00.0s

running (5m41.7s), 496/800 VUs, 333600 complete and 0 interrupted iterations
default   [  95% ] 496/800 VUs  5m41.7s/6m00.0s

running (5m42.7s), 469/800 VUs, 334596 complete and 0 interrupted iterations
default   [  95% ] 469/800 VUs  5m42.7s/6m00.0s

running (5m43.7s), 442/800 VUs, 335550 complete and 0 interrupted iterations
default   [  95% ] 442/800 VUs  5m43.7s/6m00.0s

running (5m44.7s), 416/800 VUs, 336550 complete and 0 interrupted iterations
default   [  96% ] 416/800 VUs  5m44.7s/6m00.0s

running (5m45.7s), 389/800 VUs, 337527 complete and 0 interrupted iterations
default   [  96% ] 389/800 VUs  5m45.7s/6m00.0s

running (5m46.7s), 362/800 VUs, 338500 complete and 0 interrupted iterations
default   [  96% ] 362/800 VUs  5m46.7s/6m00.0s

running (5m47.7s), 333/800 VUs, 339498 complete and 0 interrupted iterations
default   [  97% ] 333/800 VUs  5m47.7s/6m00.0s

running (5m48.7s), 308/800 VUs, 340450 complete and 0 interrupted iterations
default   [  97% ] 308/800 VUs  5m48.7s/6m00.0s

running (5m49.7s), 280/800 VUs, 341450 complete and 0 interrupted iterations
default   [  97% ] 280/800 VUs  5m49.7s/6m00.0s

running (5m50.7s), 254/800 VUs, 342423 complete and 0 interrupted iterations
default   [  97% ] 254/800 VUs  5m50.7s/6m00.0s

running (5m51.7s), 226/800 VUs, 343400 complete and 0 interrupted iterations
default   [  98% ] 226/800 VUs  5m51.7s/6m00.0s

running (5m52.7s), 198/800 VUs, 344400 complete and 0 interrupted iterations
default   [  98% ] 198/800 VUs  5m52.7s/6m00.0s

running (5m53.7s), 173/800 VUs, 345350 complete and 0 interrupted iterations
default   [  98% ] 173/800 VUs  5m53.7s/6m00.0s

running (5m54.7s), 145/800 VUs, 346350 complete and 0 interrupted iterations
default   [  99% ] 145/800 VUs  5m54.7s/6m00.0s

running (5m55.7s), 118/800 VUs, 347310 complete and 0 interrupted iterations
default   [  99% ] 118/800 VUs  5m55.7s/6m00.0s

running (5m56.7s), 090/800 VUs, 348300 complete and 0 interrupted iterations
default   [  99% ] 090/800 VUs  5m56.7s/6m00.0s

running (5m57.7s), 063/800 VUs, 349287 complete and 0 interrupted iterations
default   [  99% ] 063/800 VUs  5m57.7s/6m00.0s

running (5m58.7s), 037/800 VUs, 350195 complete and 0 interrupted iterations
default   [ 100% ] 037/800 VUs  5m58.7s/6m00.0s

running (5m59.7s), 011/800 VUs, 350664 complete and 0 interrupted iterations
default   [ 100% ] 011/800 VUs  5m59.7s/6m00.0s


  █ THRESHOLDS 

    checks
    ✓ 'rate>0.95' rate=100.00%

    http_req_duration
    ✓ 'p(95)<5000' p(95)=824.85ms
    ✓ 'p(99)<10000' p(99)=829.11ms

    http_req_failed
    ✓ 'rate<0.05' rate=0.00%


  █ TOTAL RESULTS 

    checks_total.......: 1402852 3896.571345/s
    checks_succeeded...: 100.00% 1402852 out of 1402852
    checks_failed......: 0.00%   0 out of 1402852

    ✓ status is 200
    ✓ content-type is json
    ✓ workloadType is IO-BOUND
    ✓ executionTimeMs exists

    CUSTOM
    response_time_ms...............: min=50.791607 avg=753.111721 med=816.49263 max=851.401134 p(90)=817.775954 p(95)=824.859996 p(99)=829.113718
    successful_requests............: 350713 974.142836/s

    HTTP
    http_req_duration..............: min=50.79ms   avg=753.11ms   med=816.49ms  max=851.4ms    p(90)=817.77ms   p(95)=824.85ms   p(99)=829.11ms  
      { expected_response:true }...: min=50.79ms   avg=753.11ms   med=816.49ms  max=851.4ms    p(90)=817.77ms   p(95)=824.85ms   p(99)=829.11ms  
    http_req_failed................: 0.00%  0 out of 350713
    http_reqs......................: 350713 974.142836/s

    EXECUTION
    iteration_duration.............: min=50.91ms   avg=753.26ms   med=816.64ms  max=851.59ms   p(90)=817.92ms   p(95)=825.03ms   p(99)=829.26ms  
    iterations.....................: 350713 974.142836/s
    vus............................: 11     min=11          max=800
    vus_max........................: 800    min=800         max=800

    NETWORK
    data_received..................: 78 MB  215 kB/s
    data_sent......................: 28 MB  77 kB/s




running (6m00.0s), 000/800 VUs, 350713 complete and 0 interrupted iterations
default ✓ [ 100% ] 000/800 VUs  6m0s
